[2025-02-19T19:15:01.348+0000] {local_task_job_runner.py:123} INFO - ::group::Pre task execution logs
[2025-02-19T19:15:01.353+0000] {taskinstance.py:2614} INFO - Dependencies all met for dep_context=non-requeueable deps ti=<TaskInstance: dag_yfinance.fetch_stock_data scheduled__2025-02-19T19:14:00+00:00 [queued]>
[2025-02-19T19:15:01.355+0000] {taskinstance.py:2614} INFO - Dependencies all met for dep_context=requeueable deps ti=<TaskInstance: dag_yfinance.fetch_stock_data scheduled__2025-02-19T19:14:00+00:00 [queued]>
[2025-02-19T19:15:01.356+0000] {taskinstance.py:2867} INFO - Starting attempt 1 of 6
[2025-02-19T19:15:01.360+0000] {taskinstance.py:2890} INFO - Executing <Task(PythonOperator): fetch_stock_data> on 2025-02-19 19:14:00+00:00
[2025-02-19T19:15:01.365+0000] {logging_mixin.py:190} WARNING - /home/***/.local/lib/python3.12/site-packages/***/task/task_runner/standard_task_runner.py:70 DeprecationWarning: This process (pid=14349) is multi-threaded, use of fork() may lead to deadlocks in the child.
[2025-02-19T19:15:01.365+0000] {standard_task_runner.py:72} INFO - Started process 14350 to run task
[2025-02-19T19:15:01.364+0000] {standard_task_runner.py:104} INFO - Running: ['***', 'tasks', 'run', 'dag_yfinance', 'fetch_stock_data', 'scheduled__2025-02-19T19:14:00+00:00', '--job-id', '91', '--raw', '--subdir', 'DAGS_FOLDER/DAG1.py', '--cfg-path', '/tmp/tmpaiwbcz4o']
[2025-02-19T19:15:01.365+0000] {standard_task_runner.py:105} INFO - Job 91: Subtask fetch_stock_data
[2025-02-19T19:15:01.382+0000] {task_command.py:467} INFO - Running <TaskInstance: dag_yfinance.fetch_stock_data scheduled__2025-02-19T19:14:00+00:00 [running]> on host 07747019ad3d
[2025-02-19T19:15:01.409+0000] {taskinstance.py:3134} INFO - Exporting env vars: AIRFLOW_CTX_DAG_OWNER='admin' AIRFLOW_CTX_DAG_ID='dag_yfinance' AIRFLOW_CTX_TASK_ID='fetch_stock_data' AIRFLOW_CTX_EXECUTION_DATE='2025-02-19T19:14:00+00:00' AIRFLOW_CTX_TRY_NUMBER='1' AIRFLOW_CTX_DAG_RUN_ID='scheduled__2025-02-19T19:14:00+00:00'
[2025-02-19T19:15:01.410+0000] {logging_mixin.py:190} INFO - Task instance is in running state
[2025-02-19T19:15:01.410+0000] {logging_mixin.py:190} INFO -  Previous state of the Task instance: queued
[2025-02-19T19:15:01.410+0000] {logging_mixin.py:190} INFO - Current task name:fetch_stock_data state:running start_date:2025-02-19 19:15:01.353434+00:00
[2025-02-19T19:15:01.410+0000] {logging_mixin.py:190} INFO - Dag name:dag_yfinance and current dag run status:running
[2025-02-19T19:15:01.410+0000] {taskinstance.py:732} INFO - ::endgroup::
[2025-02-19T19:15:01.584+0000] {python.py:240} INFO - Done. Returned value was: None
[2025-02-19T19:15:01.588+0000] {taskinstance.py:341} INFO - ::group::Post task execution logs
[2025-02-19T19:15:01.588+0000] {taskinstance.py:353} INFO - Marking task as SUCCESS. dag_id=dag_yfinance, task_id=fetch_stock_data, run_id=scheduled__2025-02-19T19:14:00+00:00, execution_date=20250219T191400, start_date=20250219T191501, end_date=20250219T191501
[2025-02-19T19:15:01.596+0000] {logging_mixin.py:190} INFO - Task instance in success state
[2025-02-19T19:15:01.596+0000] {logging_mixin.py:190} INFO -  Previous state of the Task instance: running
[2025-02-19T19:15:01.596+0000] {logging_mixin.py:190} INFO - Dag name:dag_yfinance queued_at:2025-02-19 19:15:00.879826+00:00
[2025-02-19T19:15:01.596+0000] {logging_mixin.py:190} INFO - Task hostname:07747019ad3d operator:PythonOperator
[2025-02-19T19:15:01.635+0000] {local_task_job_runner.py:266} INFO - Task exited with return code 0
[2025-02-19T19:15:01.654+0000] {taskinstance.py:3901} INFO - 1 downstream tasks scheduled from follow-on schedule check
[2025-02-19T19:15:01.655+0000] {local_task_job_runner.py:245} INFO - ::endgroup::
