[2025-02-19T19:14:30.154+0000] {local_task_job_runner.py:123} INFO - ::group::Pre task execution logs
[2025-02-19T19:14:30.160+0000] {taskinstance.py:2614} INFO - Dependencies all met for dep_context=non-requeueable deps ti=<TaskInstance: dag_yfinance.fetch_and_store_apple_stock_data manual__2025-02-19T19:14:26.431451+00:00 [queued]>
[2025-02-19T19:14:30.164+0000] {taskinstance.py:2614} INFO - Dependencies all met for dep_context=requeueable deps ti=<TaskInstance: dag_yfinance.fetch_and_store_apple_stock_data manual__2025-02-19T19:14:26.431451+00:00 [queued]>
[2025-02-19T19:14:30.164+0000] {taskinstance.py:2867} INFO - Starting attempt 1 of 6
[2025-02-19T19:14:30.167+0000] {taskinstance.py:2890} INFO - Executing <Task(SQLExecuteQueryOperator): fetch_and_store_apple_stock_data> on 2025-02-19 19:14:26.431451+00:00
[2025-02-19T19:14:30.172+0000] {logging_mixin.py:190} WARNING - /home/***/.local/lib/python3.12/site-packages/***/task/task_runner/standard_task_runner.py:70 DeprecationWarning: This process (pid=14026) is multi-threaded, use of fork() may lead to deadlocks in the child.
[2025-02-19T19:14:30.172+0000] {standard_task_runner.py:72} INFO - Started process 14027 to run task
[2025-02-19T19:14:30.172+0000] {standard_task_runner.py:104} INFO - Running: ['***', 'tasks', 'run', 'dag_yfinance', 'fetch_and_store_apple_stock_data', 'manual__2025-02-19T19:14:26.431451+00:00', '--job-id', '82', '--raw', '--subdir', 'DAGS_FOLDER/DAG1.py', '--cfg-path', '/tmp/tmpwtz5ptt4']
[2025-02-19T19:14:30.173+0000] {standard_task_runner.py:105} INFO - Job 82: Subtask fetch_and_store_apple_stock_data
[2025-02-19T19:14:30.188+0000] {task_command.py:467} INFO - Running <TaskInstance: dag_yfinance.fetch_and_store_apple_stock_data manual__2025-02-19T19:14:26.431451+00:00 [running]> on host 07747019ad3d
[2025-02-19T19:14:30.217+0000] {taskinstance.py:3134} INFO - Exporting env vars: AIRFLOW_CTX_DAG_OWNER='admin' AIRFLOW_CTX_DAG_ID='dag_yfinance' AIRFLOW_CTX_TASK_ID='fetch_and_store_apple_stock_data' AIRFLOW_CTX_EXECUTION_DATE='2025-02-19T19:14:26.431451+00:00' AIRFLOW_CTX_TRY_NUMBER='1' AIRFLOW_CTX_DAG_RUN_ID='manual__2025-02-19T19:14:26.431451+00:00'
[2025-02-19T19:14:30.217+0000] {logging_mixin.py:190} INFO - Task instance is in running state
[2025-02-19T19:14:30.217+0000] {logging_mixin.py:190} INFO -  Previous state of the Task instance: queued
[2025-02-19T19:14:30.217+0000] {logging_mixin.py:190} INFO - Current task name:fetch_and_store_apple_stock_data state:running start_date:2025-02-19 19:14:30.161027+00:00
[2025-02-19T19:14:30.218+0000] {logging_mixin.py:190} INFO - Dag name:dag_yfinance and current dag run status:running
[2025-02-19T19:14:30.218+0000] {taskinstance.py:732} INFO - ::endgroup::
[2025-02-19T19:14:30.218+0000] {sql.py:295} INFO - Executing: 
            insert into stock_data (dt, stock_symbol, open_price, close_price) 
            values ('2025-02-19T19:14:26.431451+00:00', 'AAPL', '244.7675018310547', '244.7675018310547')
        
[2025-02-19T19:14:30.220+0000] {base.py:84} INFO - Retrieving connection 'postgres_localhost'
[2025-02-19T19:14:30.223+0000] {base.py:84} INFO - Retrieving connection 'postgres_localhost'
[2025-02-19T19:14:30.227+0000] {sql.py:511} INFO - Running statement: 
            insert into stock_data (dt, stock_symbol, open_price, close_price) 
            values ('2025-02-19T19:14:26.431451+00:00', 'AAPL', '244.7675018310547', '244.7675018310547')
        , parameters: None
[2025-02-19T19:14:30.228+0000] {sql.py:520} INFO - Rows affected: 1
[2025-02-19T19:14:30.229+0000] {logging_mixin.py:190} WARNING - /home/***/.local/lib/python3.12/site-packages/***/providers/common/sql/hooks/sql.py:470 DeprecationWarning: Import of fetch_all_handler from the '***.providers.common.sql.hooks' module is deprecated and will
be removed in the future. Please import it from '***.providers.common.sql.hooks.handlers'.
[2025-02-19T19:14:30.230+0000] {logging_mixin.py:190} WARNING - /home/***/.local/lib/python3.12/site-packages/***/providers/common/sql/hooks/sql.py:471 DeprecationWarning: Import of return_single_query_results from the '***.providers.common.sql.hooks' module is deprecated and will
be removed in the future. Please import it from '***.providers.common.sql.hooks.handlers'.
[2025-02-19T19:14:30.231+0000] {logging_mixin.py:190} WARNING - /home/***/.local/lib/python3.12/site-packages/***/providers/common/sql/hooks/sql.py:486 DeprecationWarning: Import of return_single_query_results from the '***.providers.common.sql.hooks' module is deprecated and will
be removed in the future. Please import it from '***.providers.common.sql.hooks.handlers'.
[2025-02-19T19:14:30.231+0000] {logging_mixin.py:190} WARNING - /home/***/.local/lib/python3.12/site-packages/***/providers/common/sql/operators/sql.py:311 DeprecationWarning: Import of return_single_query_results from the '***.providers.common.sql.hooks' module is deprecated and will
be removed in the future. Please import it from '***.providers.common.sql.hooks.handlers'.
[2025-02-19T19:14:30.234+0000] {taskinstance.py:341} INFO - ::group::Post task execution logs
[2025-02-19T19:14:30.234+0000] {taskinstance.py:353} INFO - Marking task as SUCCESS. dag_id=dag_yfinance, task_id=fetch_and_store_apple_stock_data, run_id=manual__2025-02-19T19:14:26.431451+00:00, execution_date=20250219T191426, start_date=20250219T191430, end_date=20250219T191430
[2025-02-19T19:14:30.241+0000] {logging_mixin.py:190} INFO - Task instance in success state
[2025-02-19T19:14:30.241+0000] {logging_mixin.py:190} INFO -  Previous state of the Task instance: running
[2025-02-19T19:14:30.241+0000] {logging_mixin.py:190} INFO - Dag name:dag_yfinance queued_at:2025-02-19 19:14:26.445794+00:00
[2025-02-19T19:14:30.241+0000] {logging_mixin.py:190} INFO - Task hostname:07747019ad3d operator:SQLExecuteQueryOperator
[2025-02-19T19:14:30.271+0000] {local_task_job_runner.py:266} INFO - Task exited with return code 0
[2025-02-19T19:14:30.277+0000] {taskinstance.py:3901} INFO - 0 downstream tasks scheduled from follow-on schedule check
[2025-02-19T19:14:30.277+0000] {local_task_job_runner.py:245} INFO - ::endgroup::
