[2025-02-19T18:33:02.637+0000] {processor.py:186} INFO - Started process (PID=181) to work on /opt/airflow/dags/DAG1.py
[2025-02-19T18:33:02.644+0000] {processor.py:914} INFO - Processing file /opt/airflow/dags/DAG1.py for tasks to queue
[2025-02-19T18:33:02.648+0000] {logging_mixin.py:190} INFO - [2025-02-19T18:33:02.647+0000] {dagbag.py:588} INFO - Filling up the DagBag from /opt/airflow/dags/DAG1.py
[2025-02-19T18:33:02.673+0000] {logging_mixin.py:190} INFO - [2025-02-19T18:33:02.662+0000] {dagbag.py:387} ERROR - Failed to import: /opt/airflow/dags/DAG1.py
Traceback (most recent call last):
  File "/home/airflow/.local/lib/python3.12/site-packages/airflow/models/dagbag.py", line 383, in parse
    loader.exec_module(new_module)
  File "<frozen importlib._bootstrap_external>", line 999, in exec_module
  File "<frozen importlib._bootstrap>", line 488, in _call_with_frames_removed
  File "/opt/airflow/dags/DAG1.py", line 7, in <module>
    import yfinance as yf
ModuleNotFoundError: No module named 'yfinance'
[2025-02-19T18:33:02.674+0000] {processor.py:927} WARNING - No viable dags retrieved from /opt/airflow/dags/DAG1.py
[2025-02-19T18:33:02.707+0000] {processor.py:208} INFO - Processing /opt/airflow/dags/DAG1.py took 0.077 seconds
[2025-02-19T18:39:55.952+0000] {processor.py:186} INFO - Started process (PID=174) to work on /opt/airflow/dags/DAG1.py
[2025-02-19T18:39:55.953+0000] {processor.py:914} INFO - Processing file /opt/airflow/dags/DAG1.py for tasks to queue
[2025-02-19T18:39:55.956+0000] {logging_mixin.py:190} INFO - [2025-02-19T18:39:55.956+0000] {dagbag.py:588} INFO - Filling up the DagBag from /opt/airflow/dags/DAG1.py
[2025-02-19T18:39:56.139+0000] {processor.py:925} INFO - DAG(s) 'dag_yfinance' retrieved from /opt/airflow/dags/DAG1.py
[2025-02-19T18:39:56.194+0000] {logging_mixin.py:190} INFO - [2025-02-19T18:39:56.193+0000] {override.py:1912} INFO - Created Permission View: can delete on DAG:dag_yfinance
[2025-02-19T18:39:56.200+0000] {logging_mixin.py:190} INFO - [2025-02-19T18:39:56.200+0000] {override.py:1912} INFO - Created Permission View: can edit on DAG:dag_yfinance
[2025-02-19T18:39:56.202+0000] {logging_mixin.py:190} INFO - [2025-02-19T18:39:56.202+0000] {override.py:1912} INFO - Created Permission View: can read on DAG:dag_yfinance
[2025-02-19T18:39:56.204+0000] {logging_mixin.py:190} INFO - [2025-02-19T18:39:56.204+0000] {override.py:1912} INFO - Created Permission View: can delete on DAG Run:dag_yfinance
[2025-02-19T18:39:56.206+0000] {logging_mixin.py:190} INFO - [2025-02-19T18:39:56.206+0000] {override.py:1912} INFO - Created Permission View: can create on DAG Run:dag_yfinance
[2025-02-19T18:39:56.208+0000] {logging_mixin.py:190} INFO - [2025-02-19T18:39:56.208+0000] {override.py:1912} INFO - Created Permission View: menu access on DAG Run:dag_yfinance
[2025-02-19T18:39:56.211+0000] {logging_mixin.py:190} INFO - [2025-02-19T18:39:56.211+0000] {override.py:1912} INFO - Created Permission View: can read on DAG Run:dag_yfinance
[2025-02-19T18:39:56.211+0000] {logging_mixin.py:190} INFO - [2025-02-19T18:39:56.211+0000] {dag.py:3239} INFO - Sync 1 DAGs
[2025-02-19T18:39:56.216+0000] {logging_mixin.py:190} INFO - [2025-02-19T18:39:56.216+0000] {dag.py:3262} INFO - Creating ORM DAG for dag_yfinance
[2025-02-19T18:39:56.220+0000] {logging_mixin.py:190} INFO - [2025-02-19T18:39:56.220+0000] {dag.py:4180} INFO - Setting next_dagrun for dag_yfinance to 2025-02-19 18:38:00+00:00, run_after=2025-02-19 18:39:00+00:00
[2025-02-19T18:39:56.227+0000] {processor.py:208} INFO - Processing /opt/airflow/dags/DAG1.py took 0.278 seconds
[2025-02-19T18:40:26.926+0000] {processor.py:186} INFO - Started process (PID=469) to work on /opt/airflow/dags/DAG1.py
[2025-02-19T18:40:26.928+0000] {processor.py:914} INFO - Processing file /opt/airflow/dags/DAG1.py for tasks to queue
[2025-02-19T18:40:26.931+0000] {logging_mixin.py:190} INFO - [2025-02-19T18:40:26.930+0000] {dagbag.py:588} INFO - Filling up the DagBag from /opt/airflow/dags/DAG1.py
[2025-02-19T18:40:27.032+0000] {processor.py:925} INFO - DAG(s) 'dag_yfinance' retrieved from /opt/airflow/dags/DAG1.py
[2025-02-19T18:40:27.095+0000] {logging_mixin.py:190} INFO - [2025-02-19T18:40:27.095+0000] {dag.py:3239} INFO - Sync 1 DAGs
[2025-02-19T18:40:27.105+0000] {logging_mixin.py:190} INFO - [2025-02-19T18:40:27.105+0000] {dag.py:4180} INFO - Setting next_dagrun for dag_yfinance to 2025-02-19 18:39:00+00:00, run_after=2025-02-19 18:40:00+00:00
[2025-02-19T18:40:27.114+0000] {processor.py:208} INFO - Processing /opt/airflow/dags/DAG1.py took 0.203 seconds
[2025-02-19T18:40:57.966+0000] {processor.py:186} INFO - Started process (PID=771) to work on /opt/airflow/dags/DAG1.py
[2025-02-19T18:40:57.967+0000] {processor.py:914} INFO - Processing file /opt/airflow/dags/DAG1.py for tasks to queue
[2025-02-19T18:40:57.970+0000] {logging_mixin.py:190} INFO - [2025-02-19T18:40:57.970+0000] {dagbag.py:588} INFO - Filling up the DagBag from /opt/airflow/dags/DAG1.py
[2025-02-19T18:40:58.065+0000] {processor.py:925} INFO - DAG(s) 'dag_yfinance' retrieved from /opt/airflow/dags/DAG1.py
[2025-02-19T18:40:58.076+0000] {logging_mixin.py:190} INFO - [2025-02-19T18:40:58.076+0000] {dag.py:3239} INFO - Sync 1 DAGs
[2025-02-19T18:40:58.089+0000] {logging_mixin.py:190} INFO - [2025-02-19T18:40:58.089+0000] {dag.py:4180} INFO - Setting next_dagrun for dag_yfinance to 2025-02-19 18:39:00+00:00, run_after=2025-02-19 18:40:00+00:00
[2025-02-19T18:40:58.098+0000] {processor.py:208} INFO - Processing /opt/airflow/dags/DAG1.py took 0.140 seconds
[2025-02-19T18:41:28.564+0000] {processor.py:186} INFO - Started process (PID=1067) to work on /opt/airflow/dags/DAG1.py
[2025-02-19T18:41:28.568+0000] {processor.py:914} INFO - Processing file /opt/airflow/dags/DAG1.py for tasks to queue
[2025-02-19T18:41:28.580+0000] {logging_mixin.py:190} INFO - [2025-02-19T18:41:28.580+0000] {dagbag.py:588} INFO - Filling up the DagBag from /opt/airflow/dags/DAG1.py
[2025-02-19T18:41:28.690+0000] {processor.py:925} INFO - DAG(s) 'dag_yfinance' retrieved from /opt/airflow/dags/DAG1.py
[2025-02-19T18:41:28.703+0000] {logging_mixin.py:190} INFO - [2025-02-19T18:41:28.703+0000] {dag.py:3239} INFO - Sync 1 DAGs
[2025-02-19T18:41:28.717+0000] {logging_mixin.py:190} INFO - [2025-02-19T18:41:28.716+0000] {dag.py:4180} INFO - Setting next_dagrun for dag_yfinance to 2025-02-19 18:40:00+00:00, run_after=2025-02-19 18:41:00+00:00
[2025-02-19T18:41:28.727+0000] {processor.py:208} INFO - Processing /opt/airflow/dags/DAG1.py took 0.173 seconds
[2025-02-19T18:41:59.193+0000] {processor.py:186} INFO - Started process (PID=1363) to work on /opt/airflow/dags/DAG1.py
[2025-02-19T18:41:59.194+0000] {processor.py:914} INFO - Processing file /opt/airflow/dags/DAG1.py for tasks to queue
[2025-02-19T18:41:59.196+0000] {logging_mixin.py:190} INFO - [2025-02-19T18:41:59.196+0000] {dagbag.py:588} INFO - Filling up the DagBag from /opt/airflow/dags/DAG1.py
[2025-02-19T18:41:59.279+0000] {processor.py:925} INFO - DAG(s) 'dag_yfinance' retrieved from /opt/airflow/dags/DAG1.py
[2025-02-19T18:41:59.288+0000] {logging_mixin.py:190} INFO - [2025-02-19T18:41:59.288+0000] {dag.py:3239} INFO - Sync 1 DAGs
[2025-02-19T18:41:59.299+0000] {logging_mixin.py:190} INFO - [2025-02-19T18:41:59.299+0000] {dag.py:4180} INFO - Setting next_dagrun for dag_yfinance to 2025-02-19 18:40:00+00:00, run_after=2025-02-19 18:41:00+00:00
[2025-02-19T18:41:59.307+0000] {processor.py:208} INFO - Processing /opt/airflow/dags/DAG1.py took 0.119 seconds
[2025-02-19T18:42:29.586+0000] {processor.py:186} INFO - Started process (PID=1659) to work on /opt/airflow/dags/DAG1.py
[2025-02-19T18:42:29.587+0000] {processor.py:914} INFO - Processing file /opt/airflow/dags/DAG1.py for tasks to queue
[2025-02-19T18:42:29.590+0000] {logging_mixin.py:190} INFO - [2025-02-19T18:42:29.589+0000] {dagbag.py:588} INFO - Filling up the DagBag from /opt/airflow/dags/DAG1.py
[2025-02-19T18:42:29.671+0000] {processor.py:925} INFO - DAG(s) 'dag_yfinance' retrieved from /opt/airflow/dags/DAG1.py
[2025-02-19T18:42:29.683+0000] {logging_mixin.py:190} INFO - [2025-02-19T18:42:29.683+0000] {dag.py:3239} INFO - Sync 1 DAGs
[2025-02-19T18:42:29.694+0000] {logging_mixin.py:190} INFO - [2025-02-19T18:42:29.694+0000] {dag.py:4180} INFO - Setting next_dagrun for dag_yfinance to 2025-02-19 18:41:00+00:00, run_after=2025-02-19 18:42:00+00:00
[2025-02-19T18:42:29.701+0000] {processor.py:208} INFO - Processing /opt/airflow/dags/DAG1.py took 0.123 seconds
[2025-02-19T18:42:59.997+0000] {processor.py:186} INFO - Started process (PID=1955) to work on /opt/airflow/dags/DAG1.py
[2025-02-19T18:42:59.998+0000] {processor.py:914} INFO - Processing file /opt/airflow/dags/DAG1.py for tasks to queue
[2025-02-19T18:43:00.000+0000] {logging_mixin.py:190} INFO - [2025-02-19T18:43:00.000+0000] {dagbag.py:588} INFO - Filling up the DagBag from /opt/airflow/dags/DAG1.py
[2025-02-19T18:43:00.086+0000] {processor.py:925} INFO - DAG(s) 'dag_yfinance' retrieved from /opt/airflow/dags/DAG1.py
[2025-02-19T18:43:00.096+0000] {logging_mixin.py:190} INFO - [2025-02-19T18:43:00.095+0000] {dag.py:3239} INFO - Sync 1 DAGs
[2025-02-19T18:43:00.109+0000] {logging_mixin.py:190} INFO - [2025-02-19T18:43:00.109+0000] {dag.py:4180} INFO - Setting next_dagrun for dag_yfinance to 2025-02-19 18:42:00+00:00, run_after=2025-02-19 18:43:00+00:00
[2025-02-19T18:43:00.117+0000] {processor.py:208} INFO - Processing /opt/airflow/dags/DAG1.py took 0.126 seconds
[2025-02-19T18:43:30.451+0000] {processor.py:186} INFO - Started process (PID=2251) to work on /opt/airflow/dags/DAG1.py
[2025-02-19T18:43:30.452+0000] {processor.py:914} INFO - Processing file /opt/airflow/dags/DAG1.py for tasks to queue
[2025-02-19T18:43:30.456+0000] {logging_mixin.py:190} INFO - [2025-02-19T18:43:30.456+0000] {dagbag.py:588} INFO - Filling up the DagBag from /opt/airflow/dags/DAG1.py
[2025-02-19T18:43:30.536+0000] {processor.py:925} INFO - DAG(s) 'dag_yfinance' retrieved from /opt/airflow/dags/DAG1.py
[2025-02-19T18:43:30.547+0000] {logging_mixin.py:190} INFO - [2025-02-19T18:43:30.547+0000] {dag.py:3239} INFO - Sync 1 DAGs
[2025-02-19T18:43:30.558+0000] {logging_mixin.py:190} INFO - [2025-02-19T18:43:30.558+0000] {dag.py:4180} INFO - Setting next_dagrun for dag_yfinance to 2025-02-19 18:42:00+00:00, run_after=2025-02-19 18:43:00+00:00
[2025-02-19T18:43:30.566+0000] {processor.py:208} INFO - Processing /opt/airflow/dags/DAG1.py took 0.122 seconds
[2025-02-19T18:44:00.924+0000] {processor.py:186} INFO - Started process (PID=2547) to work on /opt/airflow/dags/DAG1.py
[2025-02-19T18:44:00.926+0000] {processor.py:914} INFO - Processing file /opt/airflow/dags/DAG1.py for tasks to queue
[2025-02-19T18:44:00.928+0000] {logging_mixin.py:190} INFO - [2025-02-19T18:44:00.928+0000] {dagbag.py:588} INFO - Filling up the DagBag from /opt/airflow/dags/DAG1.py
[2025-02-19T18:44:01.007+0000] {processor.py:925} INFO - DAG(s) 'dag_yfinance' retrieved from /opt/airflow/dags/DAG1.py
[2025-02-19T18:44:01.017+0000] {logging_mixin.py:190} INFO - [2025-02-19T18:44:01.017+0000] {dag.py:3239} INFO - Sync 1 DAGs
[2025-02-19T18:44:01.026+0000] {logging_mixin.py:190} INFO - [2025-02-19T18:44:01.026+0000] {dag.py:4180} INFO - Setting next_dagrun for dag_yfinance to 2025-02-19 18:43:00+00:00, run_after=2025-02-19 18:44:00+00:00
[2025-02-19T18:44:01.037+0000] {processor.py:208} INFO - Processing /opt/airflow/dags/DAG1.py took 0.121 seconds
[2025-02-19T18:44:31.377+0000] {processor.py:186} INFO - Started process (PID=2843) to work on /opt/airflow/dags/DAG1.py
[2025-02-19T18:44:31.379+0000] {processor.py:914} INFO - Processing file /opt/airflow/dags/DAG1.py for tasks to queue
[2025-02-19T18:44:31.381+0000] {logging_mixin.py:190} INFO - [2025-02-19T18:44:31.381+0000] {dagbag.py:588} INFO - Filling up the DagBag from /opt/airflow/dags/DAG1.py
[2025-02-19T18:44:31.459+0000] {processor.py:925} INFO - DAG(s) 'dag_yfinance' retrieved from /opt/airflow/dags/DAG1.py
[2025-02-19T18:44:31.469+0000] {logging_mixin.py:190} INFO - [2025-02-19T18:44:31.469+0000] {dag.py:3239} INFO - Sync 1 DAGs
[2025-02-19T18:44:31.481+0000] {logging_mixin.py:190} INFO - [2025-02-19T18:44:31.481+0000] {dag.py:4180} INFO - Setting next_dagrun for dag_yfinance to 2025-02-19 18:43:00+00:00, run_after=2025-02-19 18:44:00+00:00
[2025-02-19T18:44:31.489+0000] {processor.py:208} INFO - Processing /opt/airflow/dags/DAG1.py took 0.117 seconds
[2025-02-19T18:45:01.857+0000] {processor.py:186} INFO - Started process (PID=3139) to work on /opt/airflow/dags/DAG1.py
[2025-02-19T18:45:01.858+0000] {processor.py:914} INFO - Processing file /opt/airflow/dags/DAG1.py for tasks to queue
[2025-02-19T18:45:01.860+0000] {logging_mixin.py:190} INFO - [2025-02-19T18:45:01.860+0000] {dagbag.py:588} INFO - Filling up the DagBag from /opt/airflow/dags/DAG1.py
[2025-02-19T18:45:01.942+0000] {processor.py:925} INFO - DAG(s) 'dag_yfinance' retrieved from /opt/airflow/dags/DAG1.py
[2025-02-19T18:45:01.984+0000] {logging_mixin.py:190} INFO - [2025-02-19T18:45:01.984+0000] {dag.py:3239} INFO - Sync 1 DAGs
[2025-02-19T18:45:01.993+0000] {logging_mixin.py:190} INFO - [2025-02-19T18:45:01.993+0000] {dag.py:4180} INFO - Setting next_dagrun for dag_yfinance to 2025-02-19 18:44:00+00:00, run_after=2025-02-19 18:45:00+00:00
[2025-02-19T18:45:02.003+0000] {processor.py:208} INFO - Processing /opt/airflow/dags/DAG1.py took 0.151 seconds
[2025-02-19T18:45:32.320+0000] {processor.py:186} INFO - Started process (PID=3435) to work on /opt/airflow/dags/DAG1.py
[2025-02-19T18:45:32.322+0000] {processor.py:914} INFO - Processing file /opt/airflow/dags/DAG1.py for tasks to queue
[2025-02-19T18:45:32.325+0000] {logging_mixin.py:190} INFO - [2025-02-19T18:45:32.325+0000] {dagbag.py:588} INFO - Filling up the DagBag from /opt/airflow/dags/DAG1.py
[2025-02-19T18:45:32.412+0000] {processor.py:925} INFO - DAG(s) 'dag_yfinance' retrieved from /opt/airflow/dags/DAG1.py
[2025-02-19T18:45:32.424+0000] {logging_mixin.py:190} INFO - [2025-02-19T18:45:32.424+0000] {dag.py:3239} INFO - Sync 1 DAGs
[2025-02-19T18:45:32.436+0000] {logging_mixin.py:190} INFO - [2025-02-19T18:45:32.436+0000] {dag.py:4180} INFO - Setting next_dagrun for dag_yfinance to 2025-02-19 18:44:00+00:00, run_after=2025-02-19 18:45:00+00:00
[2025-02-19T18:45:32.444+0000] {processor.py:208} INFO - Processing /opt/airflow/dags/DAG1.py took 0.130 seconds
[2025-02-19T18:46:02.762+0000] {processor.py:186} INFO - Started process (PID=3731) to work on /opt/airflow/dags/DAG1.py
[2025-02-19T18:46:02.763+0000] {processor.py:914} INFO - Processing file /opt/airflow/dags/DAG1.py for tasks to queue
[2025-02-19T18:46:02.766+0000] {logging_mixin.py:190} INFO - [2025-02-19T18:46:02.766+0000] {dagbag.py:588} INFO - Filling up the DagBag from /opt/airflow/dags/DAG1.py
[2025-02-19T18:46:02.847+0000] {processor.py:925} INFO - DAG(s) 'dag_yfinance' retrieved from /opt/airflow/dags/DAG1.py
[2025-02-19T18:46:02.857+0000] {logging_mixin.py:190} INFO - [2025-02-19T18:46:02.856+0000] {dag.py:3239} INFO - Sync 1 DAGs
[2025-02-19T18:46:02.867+0000] {logging_mixin.py:190} INFO - [2025-02-19T18:46:02.867+0000] {dag.py:4180} INFO - Setting next_dagrun for dag_yfinance to 2025-02-19 18:45:00+00:00, run_after=2025-02-19 18:46:00+00:00
[2025-02-19T18:46:02.876+0000] {processor.py:208} INFO - Processing /opt/airflow/dags/DAG1.py took 0.121 seconds
[2025-02-19T18:46:33.326+0000] {processor.py:186} INFO - Started process (PID=4027) to work on /opt/airflow/dags/DAG1.py
[2025-02-19T18:46:33.328+0000] {processor.py:914} INFO - Processing file /opt/airflow/dags/DAG1.py for tasks to queue
[2025-02-19T18:46:33.330+0000] {logging_mixin.py:190} INFO - [2025-02-19T18:46:33.330+0000] {dagbag.py:588} INFO - Filling up the DagBag from /opt/airflow/dags/DAG1.py
[2025-02-19T18:46:33.434+0000] {processor.py:925} INFO - DAG(s) 'dag_yfinance' retrieved from /opt/airflow/dags/DAG1.py
[2025-02-19T18:46:33.445+0000] {logging_mixin.py:190} INFO - [2025-02-19T18:46:33.445+0000] {dag.py:3239} INFO - Sync 1 DAGs
[2025-02-19T18:46:33.458+0000] {logging_mixin.py:190} INFO - [2025-02-19T18:46:33.458+0000] {dag.py:4180} INFO - Setting next_dagrun for dag_yfinance to 2025-02-19 18:45:00+00:00, run_after=2025-02-19 18:46:00+00:00
[2025-02-19T18:46:33.467+0000] {processor.py:208} INFO - Processing /opt/airflow/dags/DAG1.py took 0.147 seconds
[2025-02-19T18:47:03.861+0000] {processor.py:186} INFO - Started process (PID=4323) to work on /opt/airflow/dags/DAG1.py
[2025-02-19T18:47:03.864+0000] {processor.py:914} INFO - Processing file /opt/airflow/dags/DAG1.py for tasks to queue
[2025-02-19T18:47:03.865+0000] {logging_mixin.py:190} INFO - [2025-02-19T18:47:03.865+0000] {dagbag.py:588} INFO - Filling up the DagBag from /opt/airflow/dags/DAG1.py
[2025-02-19T18:47:03.946+0000] {processor.py:925} INFO - DAG(s) 'dag_yfinance' retrieved from /opt/airflow/dags/DAG1.py
[2025-02-19T18:47:03.956+0000] {logging_mixin.py:190} INFO - [2025-02-19T18:47:03.956+0000] {dag.py:3239} INFO - Sync 1 DAGs
[2025-02-19T18:47:03.966+0000] {logging_mixin.py:190} INFO - [2025-02-19T18:47:03.966+0000] {dag.py:4180} INFO - Setting next_dagrun for dag_yfinance to 2025-02-19 18:46:00+00:00, run_after=2025-02-19 18:47:00+00:00
[2025-02-19T18:47:03.976+0000] {processor.py:208} INFO - Processing /opt/airflow/dags/DAG1.py took 0.121 seconds
[2025-02-19T18:47:34.210+0000] {processor.py:186} INFO - Started process (PID=4619) to work on /opt/airflow/dags/DAG1.py
[2025-02-19T18:47:34.211+0000] {processor.py:914} INFO - Processing file /opt/airflow/dags/DAG1.py for tasks to queue
[2025-02-19T18:47:34.213+0000] {logging_mixin.py:190} INFO - [2025-02-19T18:47:34.213+0000] {dagbag.py:588} INFO - Filling up the DagBag from /opt/airflow/dags/DAG1.py
[2025-02-19T18:47:34.290+0000] {processor.py:925} INFO - DAG(s) 'dag_yfinance' retrieved from /opt/airflow/dags/DAG1.py
[2025-02-19T18:47:34.299+0000] {logging_mixin.py:190} INFO - [2025-02-19T18:47:34.299+0000] {dag.py:3239} INFO - Sync 1 DAGs
[2025-02-19T18:47:34.309+0000] {logging_mixin.py:190} INFO - [2025-02-19T18:47:34.309+0000] {dag.py:4180} INFO - Setting next_dagrun for dag_yfinance to 2025-02-19 18:46:00+00:00, run_after=2025-02-19 18:47:00+00:00
[2025-02-19T18:47:34.319+0000] {processor.py:208} INFO - Processing /opt/airflow/dags/DAG1.py took 0.115 seconds
[2025-02-19T18:48:04.497+0000] {processor.py:186} INFO - Started process (PID=4915) to work on /opt/airflow/dags/DAG1.py
[2025-02-19T18:48:04.498+0000] {processor.py:914} INFO - Processing file /opt/airflow/dags/DAG1.py for tasks to queue
[2025-02-19T18:48:04.499+0000] {logging_mixin.py:190} INFO - [2025-02-19T18:48:04.499+0000] {dagbag.py:588} INFO - Filling up the DagBag from /opt/airflow/dags/DAG1.py
[2025-02-19T18:48:04.580+0000] {processor.py:925} INFO - DAG(s) 'dag_yfinance' retrieved from /opt/airflow/dags/DAG1.py
[2025-02-19T18:48:04.589+0000] {logging_mixin.py:190} INFO - [2025-02-19T18:48:04.589+0000] {dag.py:3239} INFO - Sync 1 DAGs
[2025-02-19T18:48:04.602+0000] {logging_mixin.py:190} INFO - [2025-02-19T18:48:04.602+0000] {dag.py:4180} INFO - Setting next_dagrun for dag_yfinance to 2025-02-19 18:47:00+00:00, run_after=2025-02-19 18:48:00+00:00
[2025-02-19T18:48:04.611+0000] {processor.py:208} INFO - Processing /opt/airflow/dags/DAG1.py took 0.120 seconds
[2025-02-19T18:48:35.005+0000] {processor.py:186} INFO - Started process (PID=5211) to work on /opt/airflow/dags/DAG1.py
[2025-02-19T18:48:35.006+0000] {processor.py:914} INFO - Processing file /opt/airflow/dags/DAG1.py for tasks to queue
[2025-02-19T18:48:35.008+0000] {logging_mixin.py:190} INFO - [2025-02-19T18:48:35.008+0000] {dagbag.py:588} INFO - Filling up the DagBag from /opt/airflow/dags/DAG1.py
[2025-02-19T18:48:35.085+0000] {processor.py:925} INFO - DAG(s) 'dag_yfinance' retrieved from /opt/airflow/dags/DAG1.py
[2025-02-19T18:48:35.097+0000] {logging_mixin.py:190} INFO - [2025-02-19T18:48:35.097+0000] {dag.py:3239} INFO - Sync 1 DAGs
[2025-02-19T18:48:35.107+0000] {logging_mixin.py:190} INFO - [2025-02-19T18:48:35.107+0000] {dag.py:4180} INFO - Setting next_dagrun for dag_yfinance to 2025-02-19 18:47:00+00:00, run_after=2025-02-19 18:48:00+00:00
[2025-02-19T18:48:35.120+0000] {processor.py:208} INFO - Processing /opt/airflow/dags/DAG1.py took 0.120 seconds
[2025-02-19T18:49:05.508+0000] {processor.py:186} INFO - Started process (PID=5507) to work on /opt/airflow/dags/DAG1.py
[2025-02-19T18:49:05.511+0000] {processor.py:914} INFO - Processing file /opt/airflow/dags/DAG1.py for tasks to queue
[2025-02-19T18:49:05.512+0000] {logging_mixin.py:190} INFO - [2025-02-19T18:49:05.512+0000] {dagbag.py:588} INFO - Filling up the DagBag from /opt/airflow/dags/DAG1.py
[2025-02-19T18:49:05.597+0000] {processor.py:925} INFO - DAG(s) 'dag_yfinance' retrieved from /opt/airflow/dags/DAG1.py
[2025-02-19T18:49:05.608+0000] {logging_mixin.py:190} INFO - [2025-02-19T18:49:05.608+0000] {dag.py:3239} INFO - Sync 1 DAGs
[2025-02-19T18:49:05.619+0000] {logging_mixin.py:190} INFO - [2025-02-19T18:49:05.619+0000] {dag.py:4180} INFO - Setting next_dagrun for dag_yfinance to 2025-02-19 18:48:00+00:00, run_after=2025-02-19 18:49:00+00:00
[2025-02-19T18:49:05.629+0000] {processor.py:208} INFO - Processing /opt/airflow/dags/DAG1.py took 0.126 seconds
[2025-02-19T18:49:35.978+0000] {processor.py:186} INFO - Started process (PID=5803) to work on /opt/airflow/dags/DAG1.py
[2025-02-19T18:49:35.979+0000] {processor.py:914} INFO - Processing file /opt/airflow/dags/DAG1.py for tasks to queue
[2025-02-19T18:49:35.982+0000] {logging_mixin.py:190} INFO - [2025-02-19T18:49:35.981+0000] {dagbag.py:588} INFO - Filling up the DagBag from /opt/airflow/dags/DAG1.py
[2025-02-19T18:49:36.081+0000] {processor.py:925} INFO - DAG(s) 'dag_yfinance' retrieved from /opt/airflow/dags/DAG1.py
[2025-02-19T18:49:36.092+0000] {logging_mixin.py:190} INFO - [2025-02-19T18:49:36.092+0000] {dag.py:3239} INFO - Sync 1 DAGs
[2025-02-19T18:49:36.104+0000] {logging_mixin.py:190} INFO - [2025-02-19T18:49:36.104+0000] {dag.py:4180} INFO - Setting next_dagrun for dag_yfinance to 2025-02-19 18:48:00+00:00, run_after=2025-02-19 18:49:00+00:00
[2025-02-19T18:49:36.117+0000] {processor.py:208} INFO - Processing /opt/airflow/dags/DAG1.py took 0.144 seconds
[2025-02-19T18:50:06.657+0000] {processor.py:186} INFO - Started process (PID=6099) to work on /opt/airflow/dags/DAG1.py
[2025-02-19T18:50:06.659+0000] {processor.py:914} INFO - Processing file /opt/airflow/dags/DAG1.py for tasks to queue
[2025-02-19T18:50:06.662+0000] {logging_mixin.py:190} INFO - [2025-02-19T18:50:06.662+0000] {dagbag.py:588} INFO - Filling up the DagBag from /opt/airflow/dags/DAG1.py
[2025-02-19T18:50:06.771+0000] {processor.py:925} INFO - DAG(s) 'dag_yfinance' retrieved from /opt/airflow/dags/DAG1.py
[2025-02-19T18:50:06.834+0000] {logging_mixin.py:190} INFO - [2025-02-19T18:50:06.834+0000] {dag.py:3239} INFO - Sync 1 DAGs
[2025-02-19T18:50:06.847+0000] {logging_mixin.py:190} INFO - [2025-02-19T18:50:06.847+0000] {dag.py:4180} INFO - Setting next_dagrun for dag_yfinance to 2025-02-19 18:49:00+00:00, run_after=2025-02-19 18:50:00+00:00
[2025-02-19T18:50:06.858+0000] {processor.py:208} INFO - Processing /opt/airflow/dags/DAG1.py took 0.209 seconds
[2025-02-19T18:50:37.827+0000] {processor.py:186} INFO - Started process (PID=6400) to work on /opt/airflow/dags/DAG1.py
[2025-02-19T18:50:37.828+0000] {processor.py:914} INFO - Processing file /opt/airflow/dags/DAG1.py for tasks to queue
[2025-02-19T18:50:37.831+0000] {logging_mixin.py:190} INFO - [2025-02-19T18:50:37.831+0000] {dagbag.py:588} INFO - Filling up the DagBag from /opt/airflow/dags/DAG1.py
[2025-02-19T18:50:37.930+0000] {processor.py:925} INFO - DAG(s) 'dag_yfinance' retrieved from /opt/airflow/dags/DAG1.py
[2025-02-19T18:50:37.987+0000] {logging_mixin.py:190} INFO - [2025-02-19T18:50:37.986+0000] {dag.py:3239} INFO - Sync 1 DAGs
[2025-02-19T18:50:37.996+0000] {logging_mixin.py:190} INFO - [2025-02-19T18:50:37.996+0000] {dag.py:4180} INFO - Setting next_dagrun for dag_yfinance to 2025-02-19 18:49:00+00:00, run_after=2025-02-19 18:50:00+00:00
[2025-02-19T18:50:38.008+0000] {processor.py:208} INFO - Processing /opt/airflow/dags/DAG1.py took 0.188 seconds
[2025-02-19T18:51:10.582+0000] {processor.py:186} INFO - Started process (PID=173) to work on /opt/airflow/dags/DAG1.py
[2025-02-19T18:51:10.583+0000] {processor.py:914} INFO - Processing file /opt/airflow/dags/DAG1.py for tasks to queue
[2025-02-19T18:51:10.585+0000] {logging_mixin.py:190} INFO - [2025-02-19T18:51:10.585+0000] {dagbag.py:588} INFO - Filling up the DagBag from /opt/airflow/dags/DAG1.py
[2025-02-19T18:51:10.713+0000] {processor.py:925} INFO - DAG(s) 'dag_yfinance' retrieved from /opt/airflow/dags/DAG1.py
[2025-02-19T18:51:10.791+0000] {logging_mixin.py:190} INFO - [2025-02-19T18:51:10.791+0000] {dag.py:3239} INFO - Sync 1 DAGs
[2025-02-19T18:51:10.808+0000] {logging_mixin.py:190} INFO - [2025-02-19T18:51:10.807+0000] {dag.py:4180} INFO - Setting next_dagrun for dag_yfinance to 2025-02-19 18:50:00+00:00, run_after=2025-02-19 18:51:00+00:00
[2025-02-19T18:51:10.906+0000] {processor.py:208} INFO - Processing /opt/airflow/dags/DAG1.py took 0.331 seconds
[2025-02-19T18:51:41.341+0000] {processor.py:186} INFO - Started process (PID=469) to work on /opt/airflow/dags/DAG1.py
[2025-02-19T18:51:41.343+0000] {processor.py:914} INFO - Processing file /opt/airflow/dags/DAG1.py for tasks to queue
[2025-02-19T18:51:41.346+0000] {logging_mixin.py:190} INFO - [2025-02-19T18:51:41.346+0000] {dagbag.py:588} INFO - Filling up the DagBag from /opt/airflow/dags/DAG1.py
[2025-02-19T18:51:41.464+0000] {processor.py:925} INFO - DAG(s) 'dag_yfinance' retrieved from /opt/airflow/dags/DAG1.py
[2025-02-19T18:51:41.520+0000] {logging_mixin.py:190} INFO - [2025-02-19T18:51:41.520+0000] {dag.py:3239} INFO - Sync 1 DAGs
[2025-02-19T18:51:41.531+0000] {logging_mixin.py:190} INFO - [2025-02-19T18:51:41.531+0000] {dag.py:4180} INFO - Setting next_dagrun for dag_yfinance to 2025-02-19 18:50:00+00:00, run_after=2025-02-19 18:51:00+00:00
[2025-02-19T18:51:41.543+0000] {processor.py:208} INFO - Processing /opt/airflow/dags/DAG1.py took 0.212 seconds
[2025-02-19T18:52:12.293+0000] {processor.py:186} INFO - Started process (PID=765) to work on /opt/airflow/dags/DAG1.py
[2025-02-19T18:52:12.296+0000] {processor.py:914} INFO - Processing file /opt/airflow/dags/DAG1.py for tasks to queue
[2025-02-19T18:52:12.299+0000] {logging_mixin.py:190} INFO - [2025-02-19T18:52:12.298+0000] {dagbag.py:588} INFO - Filling up the DagBag from /opt/airflow/dags/DAG1.py
[2025-02-19T18:52:12.420+0000] {processor.py:925} INFO - DAG(s) 'dag_yfinance' retrieved from /opt/airflow/dags/DAG1.py
[2025-02-19T18:52:12.436+0000] {logging_mixin.py:190} INFO - [2025-02-19T18:52:12.436+0000] {dag.py:3239} INFO - Sync 1 DAGs
[2025-02-19T18:52:12.454+0000] {logging_mixin.py:190} INFO - [2025-02-19T18:52:12.454+0000] {dag.py:4180} INFO - Setting next_dagrun for dag_yfinance to 2025-02-19 18:51:00+00:00, run_after=2025-02-19 18:52:00+00:00
[2025-02-19T18:52:12.463+0000] {processor.py:208} INFO - Processing /opt/airflow/dags/DAG1.py took 0.179 seconds
[2025-02-19T18:52:43.198+0000] {processor.py:186} INFO - Started process (PID=1061) to work on /opt/airflow/dags/DAG1.py
[2025-02-19T18:52:43.199+0000] {processor.py:914} INFO - Processing file /opt/airflow/dags/DAG1.py for tasks to queue
[2025-02-19T18:52:43.203+0000] {logging_mixin.py:190} INFO - [2025-02-19T18:52:43.202+0000] {dagbag.py:588} INFO - Filling up the DagBag from /opt/airflow/dags/DAG1.py
[2025-02-19T18:52:43.295+0000] {processor.py:925} INFO - DAG(s) 'dag_yfinance' retrieved from /opt/airflow/dags/DAG1.py
[2025-02-19T18:52:43.361+0000] {logging_mixin.py:190} INFO - [2025-02-19T18:52:43.361+0000] {dag.py:3239} INFO - Sync 1 DAGs
[2025-02-19T18:52:43.373+0000] {logging_mixin.py:190} INFO - [2025-02-19T18:52:43.373+0000] {dag.py:4180} INFO - Setting next_dagrun for dag_yfinance to 2025-02-19 18:51:00+00:00, run_after=2025-02-19 18:52:00+00:00
[2025-02-19T18:52:43.382+0000] {processor.py:208} INFO - Processing /opt/airflow/dags/DAG1.py took 0.198 seconds
[2025-02-19T18:53:13.863+0000] {processor.py:186} INFO - Started process (PID=1357) to work on /opt/airflow/dags/DAG1.py
[2025-02-19T18:53:13.865+0000] {processor.py:914} INFO - Processing file /opt/airflow/dags/DAG1.py for tasks to queue
[2025-02-19T18:53:13.867+0000] {logging_mixin.py:190} INFO - [2025-02-19T18:53:13.867+0000] {dagbag.py:588} INFO - Filling up the DagBag from /opt/airflow/dags/DAG1.py
[2025-02-19T18:53:13.956+0000] {processor.py:925} INFO - DAG(s) 'dag_yfinance' retrieved from /opt/airflow/dags/DAG1.py
[2025-02-19T18:53:13.966+0000] {logging_mixin.py:190} INFO - [2025-02-19T18:53:13.966+0000] {dag.py:3239} INFO - Sync 1 DAGs
[2025-02-19T18:53:13.978+0000] {logging_mixin.py:190} INFO - [2025-02-19T18:53:13.977+0000] {dag.py:4180} INFO - Setting next_dagrun for dag_yfinance to 2025-02-19 18:52:00+00:00, run_after=2025-02-19 18:53:00+00:00
[2025-02-19T18:53:13.987+0000] {processor.py:208} INFO - Processing /opt/airflow/dags/DAG1.py took 0.131 seconds
[2025-02-19T18:53:44.483+0000] {processor.py:186} INFO - Started process (PID=1653) to work on /opt/airflow/dags/DAG1.py
[2025-02-19T18:53:44.485+0000] {processor.py:914} INFO - Processing file /opt/airflow/dags/DAG1.py for tasks to queue
[2025-02-19T18:53:44.488+0000] {logging_mixin.py:190} INFO - [2025-02-19T18:53:44.488+0000] {dagbag.py:588} INFO - Filling up the DagBag from /opt/airflow/dags/DAG1.py
[2025-02-19T18:53:44.572+0000] {processor.py:925} INFO - DAG(s) 'dag_yfinance' retrieved from /opt/airflow/dags/DAG1.py
[2025-02-19T18:53:44.619+0000] {logging_mixin.py:190} INFO - [2025-02-19T18:53:44.619+0000] {dag.py:3239} INFO - Sync 1 DAGs
[2025-02-19T18:53:44.629+0000] {logging_mixin.py:190} INFO - [2025-02-19T18:53:44.629+0000] {dag.py:4180} INFO - Setting next_dagrun for dag_yfinance to 2025-02-19 18:52:00+00:00, run_after=2025-02-19 18:53:00+00:00
[2025-02-19T18:53:44.638+0000] {processor.py:208} INFO - Processing /opt/airflow/dags/DAG1.py took 0.163 seconds
[2025-02-19T18:54:15.121+0000] {processor.py:186} INFO - Started process (PID=1949) to work on /opt/airflow/dags/DAG1.py
[2025-02-19T18:54:15.123+0000] {processor.py:914} INFO - Processing file /opt/airflow/dags/DAG1.py for tasks to queue
[2025-02-19T18:54:15.127+0000] {logging_mixin.py:190} INFO - [2025-02-19T18:54:15.126+0000] {dagbag.py:588} INFO - Filling up the DagBag from /opt/airflow/dags/DAG1.py
[2025-02-19T18:54:15.248+0000] {processor.py:925} INFO - DAG(s) 'dag_yfinance' retrieved from /opt/airflow/dags/DAG1.py
[2025-02-19T18:54:15.259+0000] {logging_mixin.py:190} INFO - [2025-02-19T18:54:15.259+0000] {dag.py:3239} INFO - Sync 1 DAGs
[2025-02-19T18:54:15.272+0000] {logging_mixin.py:190} INFO - [2025-02-19T18:54:15.272+0000] {dag.py:4180} INFO - Setting next_dagrun for dag_yfinance to 2025-02-19 18:53:00+00:00, run_after=2025-02-19 18:54:00+00:00
[2025-02-19T18:54:15.283+0000] {processor.py:208} INFO - Processing /opt/airflow/dags/DAG1.py took 0.169 seconds
[2025-02-19T18:54:45.812+0000] {processor.py:186} INFO - Started process (PID=2251) to work on /opt/airflow/dags/DAG1.py
[2025-02-19T18:54:45.814+0000] {processor.py:914} INFO - Processing file /opt/airflow/dags/DAG1.py for tasks to queue
[2025-02-19T18:54:45.817+0000] {logging_mixin.py:190} INFO - [2025-02-19T18:54:45.816+0000] {dagbag.py:588} INFO - Filling up the DagBag from /opt/airflow/dags/DAG1.py
[2025-02-19T18:54:45.926+0000] {processor.py:925} INFO - DAG(s) 'dag_yfinance' retrieved from /opt/airflow/dags/DAG1.py
[2025-02-19T18:54:45.938+0000] {logging_mixin.py:190} INFO - [2025-02-19T18:54:45.938+0000] {dag.py:3239} INFO - Sync 1 DAGs
[2025-02-19T18:54:45.953+0000] {logging_mixin.py:190} INFO - [2025-02-19T18:54:45.953+0000] {dag.py:4180} INFO - Setting next_dagrun for dag_yfinance to 2025-02-19 18:53:00+00:00, run_after=2025-02-19 18:54:00+00:00
[2025-02-19T18:54:45.961+0000] {processor.py:208} INFO - Processing /opt/airflow/dags/DAG1.py took 0.155 seconds
[2025-02-19T18:55:16.291+0000] {processor.py:186} INFO - Started process (PID=2547) to work on /opt/airflow/dags/DAG1.py
[2025-02-19T18:55:16.292+0000] {processor.py:914} INFO - Processing file /opt/airflow/dags/DAG1.py for tasks to queue
[2025-02-19T18:55:16.295+0000] {logging_mixin.py:190} INFO - [2025-02-19T18:55:16.295+0000] {dagbag.py:588} INFO - Filling up the DagBag from /opt/airflow/dags/DAG1.py
[2025-02-19T18:55:16.377+0000] {processor.py:925} INFO - DAG(s) 'dag_yfinance' retrieved from /opt/airflow/dags/DAG1.py
[2025-02-19T18:55:16.389+0000] {logging_mixin.py:190} INFO - [2025-02-19T18:55:16.389+0000] {dag.py:3239} INFO - Sync 1 DAGs
[2025-02-19T18:55:16.400+0000] {logging_mixin.py:190} INFO - [2025-02-19T18:55:16.400+0000] {dag.py:4180} INFO - Setting next_dagrun for dag_yfinance to 2025-02-19 18:54:00+00:00, run_after=2025-02-19 18:55:00+00:00
[2025-02-19T18:55:16.415+0000] {processor.py:208} INFO - Processing /opt/airflow/dags/DAG1.py took 0.129 seconds
[2025-02-19T18:55:46.999+0000] {processor.py:186} INFO - Started process (PID=2855) to work on /opt/airflow/dags/DAG1.py
[2025-02-19T18:55:47.001+0000] {processor.py:914} INFO - Processing file /opt/airflow/dags/DAG1.py for tasks to queue
[2025-02-19T18:55:47.003+0000] {logging_mixin.py:190} INFO - [2025-02-19T18:55:47.003+0000] {dagbag.py:588} INFO - Filling up the DagBag from /opt/airflow/dags/DAG1.py
[2025-02-19T18:55:47.090+0000] {processor.py:925} INFO - DAG(s) 'dag_yfinance' retrieved from /opt/airflow/dags/DAG1.py
[2025-02-19T18:55:47.103+0000] {logging_mixin.py:190} INFO - [2025-02-19T18:55:47.103+0000] {dag.py:3239} INFO - Sync 1 DAGs
[2025-02-19T18:55:47.115+0000] {logging_mixin.py:190} INFO - [2025-02-19T18:55:47.115+0000] {dag.py:4180} INFO - Setting next_dagrun for dag_yfinance to 2025-02-19 18:55:00+00:00, run_after=2025-02-19 18:56:00+00:00
[2025-02-19T18:55:47.124+0000] {processor.py:208} INFO - Processing /opt/airflow/dags/DAG1.py took 0.135 seconds
[2025-02-19T18:56:17.960+0000] {processor.py:186} INFO - Started process (PID=3160) to work on /opt/airflow/dags/DAG1.py
[2025-02-19T18:56:17.962+0000] {processor.py:914} INFO - Processing file /opt/airflow/dags/DAG1.py for tasks to queue
[2025-02-19T18:56:17.966+0000] {logging_mixin.py:190} INFO - [2025-02-19T18:56:17.965+0000] {dagbag.py:588} INFO - Filling up the DagBag from /opt/airflow/dags/DAG1.py
[2025-02-19T18:56:18.056+0000] {processor.py:925} INFO - DAG(s) 'dag_yfinance' retrieved from /opt/airflow/dags/DAG1.py
[2025-02-19T18:56:18.114+0000] {logging_mixin.py:190} INFO - [2025-02-19T18:56:18.114+0000] {dag.py:3239} INFO - Sync 1 DAGs
[2025-02-19T18:56:18.124+0000] {logging_mixin.py:190} INFO - [2025-02-19T18:56:18.124+0000] {dag.py:4180} INFO - Setting next_dagrun for dag_yfinance to 2025-02-19 18:56:00+00:00, run_after=2025-02-19 18:57:00+00:00
[2025-02-19T18:56:18.135+0000] {processor.py:208} INFO - Processing /opt/airflow/dags/DAG1.py took 0.183 seconds
[2025-02-19T18:56:48.836+0000] {processor.py:186} INFO - Started process (PID=3456) to work on /opt/airflow/dags/DAG1.py
[2025-02-19T18:56:48.837+0000] {processor.py:914} INFO - Processing file /opt/airflow/dags/DAG1.py for tasks to queue
[2025-02-19T18:56:48.840+0000] {logging_mixin.py:190} INFO - [2025-02-19T18:56:48.840+0000] {dagbag.py:588} INFO - Filling up the DagBag from /opt/airflow/dags/DAG1.py
[2025-02-19T18:56:48.928+0000] {processor.py:925} INFO - DAG(s) 'dag_yfinance' retrieved from /opt/airflow/dags/DAG1.py
[2025-02-19T18:56:48.942+0000] {logging_mixin.py:190} INFO - [2025-02-19T18:56:48.942+0000] {dag.py:3239} INFO - Sync 1 DAGs
[2025-02-19T18:56:48.955+0000] {logging_mixin.py:190} INFO - [2025-02-19T18:56:48.955+0000] {dag.py:4180} INFO - Setting next_dagrun for dag_yfinance to 2025-02-19 18:56:00+00:00, run_after=2025-02-19 18:57:00+00:00
[2025-02-19T18:56:48.970+0000] {processor.py:208} INFO - Processing /opt/airflow/dags/DAG1.py took 0.140 seconds
[2025-02-19T18:57:19.341+0000] {processor.py:186} INFO - Started process (PID=3761) to work on /opt/airflow/dags/DAG1.py
[2025-02-19T18:57:19.343+0000] {processor.py:914} INFO - Processing file /opt/airflow/dags/DAG1.py for tasks to queue
[2025-02-19T18:57:19.346+0000] {logging_mixin.py:190} INFO - [2025-02-19T18:57:19.346+0000] {dagbag.py:588} INFO - Filling up the DagBag from /opt/airflow/dags/DAG1.py
[2025-02-19T18:57:19.445+0000] {processor.py:925} INFO - DAG(s) 'dag_yfinance' retrieved from /opt/airflow/dags/DAG1.py
[2025-02-19T18:57:19.465+0000] {logging_mixin.py:190} INFO - [2025-02-19T18:57:19.464+0000] {dag.py:3239} INFO - Sync 1 DAGs
[2025-02-19T18:57:19.479+0000] {logging_mixin.py:190} INFO - [2025-02-19T18:57:19.479+0000] {dag.py:4180} INFO - Setting next_dagrun for dag_yfinance to 2025-02-19 18:57:00+00:00, run_after=2025-02-19 18:58:00+00:00
[2025-02-19T18:57:19.492+0000] {processor.py:208} INFO - Processing /opt/airflow/dags/DAG1.py took 0.157 seconds
[2025-02-19T18:57:49.874+0000] {processor.py:186} INFO - Started process (PID=4057) to work on /opt/airflow/dags/DAG1.py
[2025-02-19T18:57:49.876+0000] {processor.py:914} INFO - Processing file /opt/airflow/dags/DAG1.py for tasks to queue
[2025-02-19T18:57:49.879+0000] {logging_mixin.py:190} INFO - [2025-02-19T18:57:49.879+0000] {dagbag.py:588} INFO - Filling up the DagBag from /opt/airflow/dags/DAG1.py
[2025-02-19T18:57:49.965+0000] {processor.py:925} INFO - DAG(s) 'dag_yfinance' retrieved from /opt/airflow/dags/DAG1.py
[2025-02-19T18:57:49.976+0000] {logging_mixin.py:190} INFO - [2025-02-19T18:57:49.976+0000] {dag.py:3239} INFO - Sync 1 DAGs
[2025-02-19T18:57:49.990+0000] {logging_mixin.py:190} INFO - [2025-02-19T18:57:49.990+0000] {dag.py:4180} INFO - Setting next_dagrun for dag_yfinance to 2025-02-19 18:57:00+00:00, run_after=2025-02-19 18:58:00+00:00
[2025-02-19T18:57:50.001+0000] {processor.py:208} INFO - Processing /opt/airflow/dags/DAG1.py took 0.134 seconds
[2025-02-19T18:58:20.489+0000] {processor.py:186} INFO - Started process (PID=4362) to work on /opt/airflow/dags/DAG1.py
[2025-02-19T18:58:20.492+0000] {processor.py:914} INFO - Processing file /opt/airflow/dags/DAG1.py for tasks to queue
[2025-02-19T18:58:20.496+0000] {logging_mixin.py:190} INFO - [2025-02-19T18:58:20.496+0000] {dagbag.py:588} INFO - Filling up the DagBag from /opt/airflow/dags/DAG1.py
[2025-02-19T18:58:20.587+0000] {processor.py:925} INFO - DAG(s) 'dag_yfinance' retrieved from /opt/airflow/dags/DAG1.py
[2025-02-19T18:58:20.599+0000] {logging_mixin.py:190} INFO - [2025-02-19T18:58:20.599+0000] {dag.py:3239} INFO - Sync 1 DAGs
[2025-02-19T18:58:20.610+0000] {logging_mixin.py:190} INFO - [2025-02-19T18:58:20.610+0000] {dag.py:4180} INFO - Setting next_dagrun for dag_yfinance to 2025-02-19 18:58:00+00:00, run_after=2025-02-19 18:59:00+00:00
[2025-02-19T18:58:20.622+0000] {processor.py:208} INFO - Processing /opt/airflow/dags/DAG1.py took 0.140 seconds
[2025-02-19T18:58:51.112+0000] {processor.py:186} INFO - Started process (PID=4658) to work on /opt/airflow/dags/DAG1.py
[2025-02-19T18:58:51.115+0000] {processor.py:914} INFO - Processing file /opt/airflow/dags/DAG1.py for tasks to queue
[2025-02-19T18:58:51.117+0000] {logging_mixin.py:190} INFO - [2025-02-19T18:58:51.117+0000] {dagbag.py:588} INFO - Filling up the DagBag from /opt/airflow/dags/DAG1.py
[2025-02-19T18:58:51.199+0000] {processor.py:925} INFO - DAG(s) 'dag_yfinance' retrieved from /opt/airflow/dags/DAG1.py
[2025-02-19T18:58:51.208+0000] {logging_mixin.py:190} INFO - [2025-02-19T18:58:51.208+0000] {dag.py:3239} INFO - Sync 1 DAGs
[2025-02-19T18:58:51.220+0000] {logging_mixin.py:190} INFO - [2025-02-19T18:58:51.220+0000] {dag.py:4180} INFO - Setting next_dagrun for dag_yfinance to 2025-02-19 18:58:00+00:00, run_after=2025-02-19 18:59:00+00:00
[2025-02-19T18:58:51.228+0000] {processor.py:208} INFO - Processing /opt/airflow/dags/DAG1.py took 0.122 seconds
[2025-02-19T18:59:21.620+0000] {processor.py:186} INFO - Started process (PID=4963) to work on /opt/airflow/dags/DAG1.py
[2025-02-19T18:59:21.623+0000] {processor.py:914} INFO - Processing file /opt/airflow/dags/DAG1.py for tasks to queue
[2025-02-19T18:59:21.626+0000] {logging_mixin.py:190} INFO - [2025-02-19T18:59:21.625+0000] {dagbag.py:588} INFO - Filling up the DagBag from /opt/airflow/dags/DAG1.py
[2025-02-19T18:59:21.739+0000] {processor.py:925} INFO - DAG(s) 'dag_yfinance' retrieved from /opt/airflow/dags/DAG1.py
[2025-02-19T18:59:21.752+0000] {logging_mixin.py:190} INFO - [2025-02-19T18:59:21.752+0000] {dag.py:3239} INFO - Sync 1 DAGs
[2025-02-19T18:59:21.764+0000] {logging_mixin.py:190} INFO - [2025-02-19T18:59:21.764+0000] {dag.py:4180} INFO - Setting next_dagrun for dag_yfinance to 2025-02-19 18:59:00+00:00, run_after=2025-02-19 19:00:00+00:00
[2025-02-19T18:59:21.775+0000] {processor.py:208} INFO - Processing /opt/airflow/dags/DAG1.py took 0.162 seconds
[2025-02-19T18:59:52.628+0000] {processor.py:186} INFO - Started process (PID=5259) to work on /opt/airflow/dags/DAG1.py
[2025-02-19T18:59:52.646+0000] {processor.py:914} INFO - Processing file /opt/airflow/dags/DAG1.py for tasks to queue
[2025-02-19T18:59:52.650+0000] {logging_mixin.py:190} INFO - [2025-02-19T18:59:52.650+0000] {dagbag.py:588} INFO - Filling up the DagBag from /opt/airflow/dags/DAG1.py
[2025-02-19T18:59:52.747+0000] {processor.py:925} INFO - DAG(s) 'dag_yfinance' retrieved from /opt/airflow/dags/DAG1.py
[2025-02-19T18:59:52.761+0000] {logging_mixin.py:190} INFO - [2025-02-19T18:59:52.761+0000] {dag.py:3239} INFO - Sync 1 DAGs
[2025-02-19T18:59:52.772+0000] {logging_mixin.py:190} INFO - [2025-02-19T18:59:52.772+0000] {dag.py:4180} INFO - Setting next_dagrun for dag_yfinance to 2025-02-19 18:59:00+00:00, run_after=2025-02-19 19:00:00+00:00
[2025-02-19T18:59:52.784+0000] {processor.py:208} INFO - Processing /opt/airflow/dags/DAG1.py took 0.165 seconds
[2025-02-19T18:59:57.237+0000] {processor.py:186} INFO - Started process (PID=5549) to work on /opt/airflow/dags/DAG1.py
[2025-02-19T18:59:57.238+0000] {processor.py:914} INFO - Processing file /opt/airflow/dags/DAG1.py for tasks to queue
[2025-02-19T18:59:57.239+0000] {logging_mixin.py:190} INFO - [2025-02-19T18:59:57.239+0000] {dagbag.py:588} INFO - Filling up the DagBag from /opt/airflow/dags/DAG1.py
[2025-02-19T18:59:57.667+0000] {logging_mixin.py:190} INFO - [2025-02-19T18:59:57.664+0000] {dagbag.py:387} ERROR - Failed to import: /opt/airflow/dags/DAG1.py
Traceback (most recent call last):
  File "/home/airflow/.local/lib/python3.12/site-packages/pandas/core/indexes/base.py", line 3791, in get_loc
    return self._engine.get_loc(casted_key)
           ^^^^^^^^^^^^^^^^^^^^^^^^^^^^^^^^
  File "index.pyx", line 152, in pandas._libs.index.IndexEngine.get_loc
  File "index.pyx", line 181, in pandas._libs.index.IndexEngine.get_loc
  File "pandas/_libs/hashtable_class_helper.pxi", line 7080, in pandas._libs.hashtable.PyObjectHashTable.get_item
  File "pandas/_libs/hashtable_class_helper.pxi", line 7088, in pandas._libs.hashtable.PyObjectHashTable.get_item
KeyError: 'close'

The above exception was the direct cause of the following exception:

Traceback (most recent call last):
  File "/home/airflow/.local/lib/python3.12/site-packages/airflow/models/dagbag.py", line 383, in parse
    loader.exec_module(new_module)
  File "<frozen importlib._bootstrap_external>", line 999, in exec_module
  File "<frozen importlib._bootstrap>", line 488, in _call_with_frames_removed
  File "/opt/airflow/dags/DAG1.py", line 13, in <module>
    current_close = latest_data['close']
                    ~~~~~~~~~~~^^^^^^^^^
  File "/home/airflow/.local/lib/python3.12/site-packages/pandas/core/series.py", line 1040, in __getitem__
    return self._get_value(key)
           ^^^^^^^^^^^^^^^^^^^^
  File "/home/airflow/.local/lib/python3.12/site-packages/pandas/core/series.py", line 1156, in _get_value
    loc = self.index.get_loc(label)
          ^^^^^^^^^^^^^^^^^^^^^^^^^
  File "/home/airflow/.local/lib/python3.12/site-packages/pandas/core/indexes/base.py", line 3798, in get_loc
    raise KeyError(key) from err
KeyError: 'close'
[2025-02-19T18:59:57.667+0000] {processor.py:927} WARNING - No viable dags retrieved from /opt/airflow/dags/DAG1.py
[2025-02-19T18:59:57.679+0000] {processor.py:208} INFO - Processing /opt/airflow/dags/DAG1.py took 0.445 seconds
[2025-02-19T19:00:12.392+0000] {processor.py:186} INFO - Started process (PID=5554) to work on /opt/airflow/dags/DAG1.py
[2025-02-19T19:00:12.393+0000] {processor.py:914} INFO - Processing file /opt/airflow/dags/DAG1.py for tasks to queue
[2025-02-19T19:00:12.394+0000] {logging_mixin.py:190} INFO - [2025-02-19T19:00:12.394+0000] {dagbag.py:588} INFO - Filling up the DagBag from /opt/airflow/dags/DAG1.py
[2025-02-19T19:00:12.657+0000] {logging_mixin.py:190} INFO - [2025-02-19T19:00:12.654+0000] {dagbag.py:387} ERROR - Failed to import: /opt/airflow/dags/DAG1.py
Traceback (most recent call last):
  File "/home/airflow/.local/lib/python3.12/site-packages/pandas/core/indexes/base.py", line 3791, in get_loc
    return self._engine.get_loc(casted_key)
           ^^^^^^^^^^^^^^^^^^^^^^^^^^^^^^^^
  File "index.pyx", line 152, in pandas._libs.index.IndexEngine.get_loc
  File "index.pyx", line 181, in pandas._libs.index.IndexEngine.get_loc
  File "pandas/_libs/hashtable_class_helper.pxi", line 7080, in pandas._libs.hashtable.PyObjectHashTable.get_item
  File "pandas/_libs/hashtable_class_helper.pxi", line 7088, in pandas._libs.hashtable.PyObjectHashTable.get_item
KeyError: 'close'

The above exception was the direct cause of the following exception:

Traceback (most recent call last):
  File "/home/airflow/.local/lib/python3.12/site-packages/airflow/models/dagbag.py", line 383, in parse
    loader.exec_module(new_module)
  File "<frozen importlib._bootstrap_external>", line 999, in exec_module
  File "<frozen importlib._bootstrap>", line 488, in _call_with_frames_removed
  File "/opt/airflow/dags/DAG1.py", line 13, in <module>
    current_close = latest_data['close']
                    ~~~~~~~~~~~^^^^^^^^^
  File "/home/airflow/.local/lib/python3.12/site-packages/pandas/core/series.py", line 1040, in __getitem__
    return self._get_value(key)
           ^^^^^^^^^^^^^^^^^^^^
  File "/home/airflow/.local/lib/python3.12/site-packages/pandas/core/series.py", line 1156, in _get_value
    loc = self.index.get_loc(label)
          ^^^^^^^^^^^^^^^^^^^^^^^^^
  File "/home/airflow/.local/lib/python3.12/site-packages/pandas/core/indexes/base.py", line 3798, in get_loc
    raise KeyError(key) from err
KeyError: 'close'
[2025-02-19T19:00:12.658+0000] {processor.py:927} WARNING - No viable dags retrieved from /opt/airflow/dags/DAG1.py
[2025-02-19T19:00:12.671+0000] {processor.py:208} INFO - Processing /opt/airflow/dags/DAG1.py took 0.285 seconds
[2025-02-19T19:00:43.326+0000] {processor.py:186} INFO - Started process (PID=5852) to work on /opt/airflow/dags/DAG1.py
[2025-02-19T19:00:43.327+0000] {processor.py:914} INFO - Processing file /opt/airflow/dags/DAG1.py for tasks to queue
[2025-02-19T19:00:43.329+0000] {logging_mixin.py:190} INFO - [2025-02-19T19:00:43.329+0000] {dagbag.py:588} INFO - Filling up the DagBag from /opt/airflow/dags/DAG1.py
[2025-02-19T19:00:43.572+0000] {logging_mixin.py:190} INFO - [2025-02-19T19:00:43.570+0000] {dagbag.py:387} ERROR - Failed to import: /opt/airflow/dags/DAG1.py
Traceback (most recent call last):
  File "/home/airflow/.local/lib/python3.12/site-packages/pandas/core/indexes/base.py", line 3791, in get_loc
    return self._engine.get_loc(casted_key)
           ^^^^^^^^^^^^^^^^^^^^^^^^^^^^^^^^
  File "index.pyx", line 152, in pandas._libs.index.IndexEngine.get_loc
  File "index.pyx", line 181, in pandas._libs.index.IndexEngine.get_loc
  File "pandas/_libs/hashtable_class_helper.pxi", line 7080, in pandas._libs.hashtable.PyObjectHashTable.get_item
  File "pandas/_libs/hashtable_class_helper.pxi", line 7088, in pandas._libs.hashtable.PyObjectHashTable.get_item
KeyError: 'close'

The above exception was the direct cause of the following exception:

Traceback (most recent call last):
  File "/home/airflow/.local/lib/python3.12/site-packages/airflow/models/dagbag.py", line 383, in parse
    loader.exec_module(new_module)
  File "<frozen importlib._bootstrap_external>", line 999, in exec_module
  File "<frozen importlib._bootstrap>", line 488, in _call_with_frames_removed
  File "/opt/airflow/dags/DAG1.py", line 13, in <module>
    current_close = latest_data['close']
                    ~~~~~~~~~~~^^^^^^^^^
  File "/home/airflow/.local/lib/python3.12/site-packages/pandas/core/series.py", line 1040, in __getitem__
    return self._get_value(key)
           ^^^^^^^^^^^^^^^^^^^^
  File "/home/airflow/.local/lib/python3.12/site-packages/pandas/core/series.py", line 1156, in _get_value
    loc = self.index.get_loc(label)
          ^^^^^^^^^^^^^^^^^^^^^^^^^
  File "/home/airflow/.local/lib/python3.12/site-packages/pandas/core/indexes/base.py", line 3798, in get_loc
    raise KeyError(key) from err
KeyError: 'close'
[2025-02-19T19:00:43.573+0000] {processor.py:927} WARNING - No viable dags retrieved from /opt/airflow/dags/DAG1.py
[2025-02-19T19:00:43.583+0000] {processor.py:208} INFO - Processing /opt/airflow/dags/DAG1.py took 0.262 seconds
[2025-02-19T19:01:14.044+0000] {processor.py:186} INFO - Started process (PID=6149) to work on /opt/airflow/dags/DAG1.py
[2025-02-19T19:01:14.046+0000] {processor.py:914} INFO - Processing file /opt/airflow/dags/DAG1.py for tasks to queue
[2025-02-19T19:01:14.050+0000] {logging_mixin.py:190} INFO - [2025-02-19T19:01:14.049+0000] {dagbag.py:588} INFO - Filling up the DagBag from /opt/airflow/dags/DAG1.py
[2025-02-19T19:01:14.342+0000] {processor.py:925} INFO - DAG(s) 'dag_yfinance' retrieved from /opt/airflow/dags/DAG1.py
[2025-02-19T19:01:14.402+0000] {logging_mixin.py:190} INFO - [2025-02-19T19:01:14.402+0000] {dag.py:3239} INFO - Sync 1 DAGs
[2025-02-19T19:01:14.415+0000] {logging_mixin.py:190} INFO - [2025-02-19T19:01:14.415+0000] {dag.py:4180} INFO - Setting next_dagrun for dag_yfinance to 2025-02-19 19:00:00+00:00, run_after=2025-02-19 19:01:00+00:00
[2025-02-19T19:01:14.428+0000] {processor.py:208} INFO - Processing /opt/airflow/dags/DAG1.py took 0.399 seconds
[2025-02-19T19:01:44.579+0000] {processor.py:186} INFO - Started process (PID=6454) to work on /opt/airflow/dags/DAG1.py
[2025-02-19T19:01:44.580+0000] {processor.py:914} INFO - Processing file /opt/airflow/dags/DAG1.py for tasks to queue
[2025-02-19T19:01:44.581+0000] {logging_mixin.py:190} INFO - [2025-02-19T19:01:44.580+0000] {dagbag.py:588} INFO - Filling up the DagBag from /opt/airflow/dags/DAG1.py
[2025-02-19T19:01:44.860+0000] {processor.py:925} INFO - DAG(s) 'dag_yfinance' retrieved from /opt/airflow/dags/DAG1.py
[2025-02-19T19:01:44.929+0000] {logging_mixin.py:190} INFO - [2025-02-19T19:01:44.929+0000] {dag.py:3239} INFO - Sync 1 DAGs
[2025-02-19T19:01:44.944+0000] {logging_mixin.py:190} INFO - [2025-02-19T19:01:44.944+0000] {dag.py:4180} INFO - Setting next_dagrun for dag_yfinance to 2025-02-19 19:00:00+00:00, run_after=2025-02-19 19:01:00+00:00
[2025-02-19T19:01:44.953+0000] {processor.py:208} INFO - Processing /opt/airflow/dags/DAG1.py took 0.380 seconds
[2025-02-19T19:02:15.103+0000] {processor.py:186} INFO - Started process (PID=6776) to work on /opt/airflow/dags/DAG1.py
[2025-02-19T19:02:15.104+0000] {processor.py:914} INFO - Processing file /opt/airflow/dags/DAG1.py for tasks to queue
[2025-02-19T19:02:15.105+0000] {logging_mixin.py:190} INFO - [2025-02-19T19:02:15.105+0000] {dagbag.py:588} INFO - Filling up the DagBag from /opt/airflow/dags/DAG1.py
[2025-02-19T19:02:15.329+0000] {processor.py:925} INFO - DAG(s) 'dag_yfinance' retrieved from /opt/airflow/dags/DAG1.py
[2025-02-19T19:02:15.340+0000] {logging_mixin.py:190} INFO - [2025-02-19T19:02:15.340+0000] {dag.py:3239} INFO - Sync 1 DAGs
[2025-02-19T19:02:15.351+0000] {logging_mixin.py:190} INFO - [2025-02-19T19:02:15.351+0000] {dag.py:4180} INFO - Setting next_dagrun for dag_yfinance to 2025-02-19 19:02:00+00:00, run_after=2025-02-19 19:03:00+00:00
[2025-02-19T19:02:15.358+0000] {processor.py:208} INFO - Processing /opt/airflow/dags/DAG1.py took 0.260 seconds
[2025-02-19T19:02:45.860+0000] {processor.py:186} INFO - Started process (PID=7072) to work on /opt/airflow/dags/DAG1.py
[2025-02-19T19:02:45.861+0000] {processor.py:914} INFO - Processing file /opt/airflow/dags/DAG1.py for tasks to queue
[2025-02-19T19:02:45.862+0000] {logging_mixin.py:190} INFO - [2025-02-19T19:02:45.862+0000] {dagbag.py:588} INFO - Filling up the DagBag from /opt/airflow/dags/DAG1.py
[2025-02-19T19:02:46.092+0000] {processor.py:925} INFO - DAG(s) 'dag_yfinance' retrieved from /opt/airflow/dags/DAG1.py
[2025-02-19T19:02:46.134+0000] {logging_mixin.py:190} INFO - [2025-02-19T19:02:46.134+0000] {dag.py:3239} INFO - Sync 1 DAGs
[2025-02-19T19:02:46.141+0000] {logging_mixin.py:190} INFO - [2025-02-19T19:02:46.141+0000] {dag.py:4180} INFO - Setting next_dagrun for dag_yfinance to 2025-02-19 19:02:00+00:00, run_after=2025-02-19 19:03:00+00:00
[2025-02-19T19:02:46.148+0000] {processor.py:208} INFO - Processing /opt/airflow/dags/DAG1.py took 0.294 seconds
[2025-02-19T19:03:16.609+0000] {processor.py:186} INFO - Started process (PID=7383) to work on /opt/airflow/dags/DAG1.py
[2025-02-19T19:03:16.611+0000] {processor.py:914} INFO - Processing file /opt/airflow/dags/DAG1.py for tasks to queue
[2025-02-19T19:03:16.612+0000] {logging_mixin.py:190} INFO - [2025-02-19T19:03:16.611+0000] {dagbag.py:588} INFO - Filling up the DagBag from /opt/airflow/dags/DAG1.py
[2025-02-19T19:03:16.861+0000] {processor.py:925} INFO - DAG(s) 'dag_yfinance' retrieved from /opt/airflow/dags/DAG1.py
[2025-02-19T19:03:16.875+0000] {logging_mixin.py:190} INFO - [2025-02-19T19:03:16.874+0000] {dag.py:3239} INFO - Sync 1 DAGs
[2025-02-19T19:03:16.888+0000] {logging_mixin.py:190} INFO - [2025-02-19T19:03:16.888+0000] {dag.py:4180} INFO - Setting next_dagrun for dag_yfinance to 2025-02-19 19:03:00+00:00, run_after=2025-02-19 19:04:00+00:00
[2025-02-19T19:03:16.896+0000] {processor.py:208} INFO - Processing /opt/airflow/dags/DAG1.py took 0.294 seconds
[2025-02-19T19:03:47.407+0000] {processor.py:186} INFO - Started process (PID=7679) to work on /opt/airflow/dags/DAG1.py
[2025-02-19T19:03:47.408+0000] {processor.py:914} INFO - Processing file /opt/airflow/dags/DAG1.py for tasks to queue
[2025-02-19T19:03:47.409+0000] {logging_mixin.py:190} INFO - [2025-02-19T19:03:47.409+0000] {dagbag.py:588} INFO - Filling up the DagBag from /opt/airflow/dags/DAG1.py
[2025-02-19T19:03:47.657+0000] {processor.py:925} INFO - DAG(s) 'dag_yfinance' retrieved from /opt/airflow/dags/DAG1.py
[2025-02-19T19:03:47.713+0000] {logging_mixin.py:190} INFO - [2025-02-19T19:03:47.713+0000] {dag.py:3239} INFO - Sync 1 DAGs
[2025-02-19T19:03:47.722+0000] {logging_mixin.py:190} INFO - [2025-02-19T19:03:47.721+0000] {dag.py:4180} INFO - Setting next_dagrun for dag_yfinance to 2025-02-19 19:03:00+00:00, run_after=2025-02-19 19:04:00+00:00
[2025-02-19T19:03:47.728+0000] {processor.py:208} INFO - Processing /opt/airflow/dags/DAG1.py took 0.325 seconds
[2025-02-19T19:03:54.502+0000] {processor.py:186} INFO - Started process (PID=7684) to work on /opt/airflow/dags/DAG1.py
[2025-02-19T19:03:54.504+0000] {processor.py:914} INFO - Processing file /opt/airflow/dags/DAG1.py for tasks to queue
[2025-02-19T19:03:54.505+0000] {logging_mixin.py:190} INFO - [2025-02-19T19:03:54.504+0000] {dagbag.py:588} INFO - Filling up the DagBag from /opt/airflow/dags/DAG1.py
[2025-02-19T19:03:54.790+0000] {processor.py:925} INFO - DAG(s) 'dag_yfinance' retrieved from /opt/airflow/dags/DAG1.py
[2025-02-19T19:03:54.799+0000] {logging_mixin.py:190} INFO - [2025-02-19T19:03:54.799+0000] {dag.py:3239} INFO - Sync 1 DAGs
[2025-02-19T19:03:54.817+0000] {logging_mixin.py:190} INFO - [2025-02-19T19:03:54.816+0000] {dag.py:4180} INFO - Setting next_dagrun for dag_yfinance to 2025-02-19 19:03:00+00:00, run_after=2025-02-19 19:04:00+00:00
[2025-02-19T19:03:54.825+0000] {processor.py:208} INFO - Processing /opt/airflow/dags/DAG1.py took 0.331 seconds
[2025-02-19T19:04:25.738+0000] {processor.py:186} INFO - Started process (PID=7988) to work on /opt/airflow/dags/DAG1.py
[2025-02-19T19:04:25.739+0000] {processor.py:914} INFO - Processing file /opt/airflow/dags/DAG1.py for tasks to queue
[2025-02-19T19:04:25.740+0000] {logging_mixin.py:190} INFO - [2025-02-19T19:04:25.740+0000] {dagbag.py:588} INFO - Filling up the DagBag from /opt/airflow/dags/DAG1.py
[2025-02-19T19:04:26.059+0000] {processor.py:925} INFO - DAG(s) 'dag_yfinance' retrieved from /opt/airflow/dags/DAG1.py
[2025-02-19T19:04:26.152+0000] {logging_mixin.py:190} INFO - [2025-02-19T19:04:26.152+0000] {dag.py:3239} INFO - Sync 1 DAGs
[2025-02-19T19:04:26.164+0000] {logging_mixin.py:190} INFO - [2025-02-19T19:04:26.164+0000] {dag.py:4180} INFO - Setting next_dagrun for dag_yfinance to 2025-02-19 19:03:00+00:00, run_after=2025-02-19 19:04:00+00:00
[2025-02-19T19:04:26.173+0000] {processor.py:208} INFO - Processing /opt/airflow/dags/DAG1.py took 0.441 seconds
[2025-02-19T19:04:56.877+0000] {processor.py:186} INFO - Started process (PID=8302) to work on /opt/airflow/dags/DAG1.py
[2025-02-19T19:04:56.878+0000] {processor.py:914} INFO - Processing file /opt/airflow/dags/DAG1.py for tasks to queue
[2025-02-19T19:04:56.879+0000] {logging_mixin.py:190} INFO - [2025-02-19T19:04:56.879+0000] {dagbag.py:588} INFO - Filling up the DagBag from /opt/airflow/dags/DAG1.py
[2025-02-19T19:04:57.181+0000] {processor.py:925} INFO - DAG(s) 'dag_yfinance' retrieved from /opt/airflow/dags/DAG1.py
[2025-02-19T19:04:57.256+0000] {logging_mixin.py:190} INFO - [2025-02-19T19:04:57.255+0000] {dag.py:3239} INFO - Sync 1 DAGs
[2025-02-19T19:04:57.269+0000] {logging_mixin.py:190} INFO - [2025-02-19T19:04:57.269+0000] {dag.py:4180} INFO - Setting next_dagrun for dag_yfinance to 2025-02-19 19:04:00+00:00, run_after=2025-02-19 19:05:00+00:00
[2025-02-19T19:04:57.277+0000] {processor.py:208} INFO - Processing /opt/airflow/dags/DAG1.py took 0.408 seconds
[2025-02-19T19:05:28.082+0000] {processor.py:186} INFO - Started process (PID=8598) to work on /opt/airflow/dags/DAG1.py
[2025-02-19T19:05:28.083+0000] {processor.py:914} INFO - Processing file /opt/airflow/dags/DAG1.py for tasks to queue
[2025-02-19T19:05:28.084+0000] {logging_mixin.py:190} INFO - [2025-02-19T19:05:28.083+0000] {dagbag.py:588} INFO - Filling up the DagBag from /opt/airflow/dags/DAG1.py
[2025-02-19T19:05:28.337+0000] {processor.py:925} INFO - DAG(s) 'dag_yfinance' retrieved from /opt/airflow/dags/DAG1.py
[2025-02-19T19:05:28.384+0000] {logging_mixin.py:190} INFO - [2025-02-19T19:05:28.384+0000] {dag.py:3239} INFO - Sync 1 DAGs
[2025-02-19T19:05:28.393+0000] {logging_mixin.py:190} INFO - [2025-02-19T19:05:28.393+0000] {dag.py:4180} INFO - Setting next_dagrun for dag_yfinance to 2025-02-19 19:04:00+00:00, run_after=2025-02-19 19:05:00+00:00
[2025-02-19T19:05:28.499+0000] {processor.py:208} INFO - Processing /opt/airflow/dags/DAG1.py took 0.425 seconds
[2025-02-19T19:05:58.810+0000] {processor.py:186} INFO - Started process (PID=8894) to work on /opt/airflow/dags/DAG1.py
[2025-02-19T19:05:58.811+0000] {processor.py:914} INFO - Processing file /opt/airflow/dags/DAG1.py for tasks to queue
[2025-02-19T19:05:58.812+0000] {logging_mixin.py:190} INFO - [2025-02-19T19:05:58.812+0000] {dagbag.py:588} INFO - Filling up the DagBag from /opt/airflow/dags/DAG1.py
[2025-02-19T19:05:59.033+0000] {processor.py:925} INFO - DAG(s) 'dag_yfinance' retrieved from /opt/airflow/dags/DAG1.py
[2025-02-19T19:05:59.077+0000] {logging_mixin.py:190} INFO - [2025-02-19T19:05:59.076+0000] {dag.py:3239} INFO - Sync 1 DAGs
[2025-02-19T19:05:59.088+0000] {logging_mixin.py:190} INFO - [2025-02-19T19:05:59.088+0000] {dag.py:4180} INFO - Setting next_dagrun for dag_yfinance to 2025-02-19 19:04:00+00:00, run_after=2025-02-19 19:05:00+00:00
[2025-02-19T19:05:59.095+0000] {processor.py:208} INFO - Processing /opt/airflow/dags/DAG1.py took 0.291 seconds
[2025-02-19T19:06:29.420+0000] {processor.py:186} INFO - Started process (PID=9190) to work on /opt/airflow/dags/DAG1.py
[2025-02-19T19:06:29.421+0000] {processor.py:914} INFO - Processing file /opt/airflow/dags/DAG1.py for tasks to queue
[2025-02-19T19:06:29.423+0000] {logging_mixin.py:190} INFO - [2025-02-19T19:06:29.422+0000] {dagbag.py:588} INFO - Filling up the DagBag from /opt/airflow/dags/DAG1.py
[2025-02-19T19:06:29.701+0000] {processor.py:925} INFO - DAG(s) 'dag_yfinance' retrieved from /opt/airflow/dags/DAG1.py
[2025-02-19T19:06:29.751+0000] {logging_mixin.py:190} INFO - [2025-02-19T19:06:29.751+0000] {dag.py:3239} INFO - Sync 1 DAGs
[2025-02-19T19:06:29.762+0000] {logging_mixin.py:190} INFO - [2025-02-19T19:06:29.762+0000] {dag.py:4180} INFO - Setting next_dagrun for dag_yfinance to 2025-02-19 19:05:00+00:00, run_after=2025-02-19 19:06:00+00:00
[2025-02-19T19:06:29.769+0000] {processor.py:208} INFO - Processing /opt/airflow/dags/DAG1.py took 0.357 seconds
[2025-02-19T19:07:00.365+0000] {processor.py:186} INFO - Started process (PID=9486) to work on /opt/airflow/dags/DAG1.py
[2025-02-19T19:07:00.366+0000] {processor.py:914} INFO - Processing file /opt/airflow/dags/DAG1.py for tasks to queue
[2025-02-19T19:07:00.367+0000] {logging_mixin.py:190} INFO - [2025-02-19T19:07:00.367+0000] {dagbag.py:588} INFO - Filling up the DagBag from /opt/airflow/dags/DAG1.py
[2025-02-19T19:07:00.666+0000] {processor.py:925} INFO - DAG(s) 'dag_yfinance' retrieved from /opt/airflow/dags/DAG1.py
[2025-02-19T19:07:00.716+0000] {logging_mixin.py:190} INFO - [2025-02-19T19:07:00.716+0000] {dag.py:3239} INFO - Sync 1 DAGs
[2025-02-19T19:07:00.725+0000] {logging_mixin.py:190} INFO - [2025-02-19T19:07:00.725+0000] {dag.py:4180} INFO - Setting next_dagrun for dag_yfinance to 2025-02-19 19:06:00+00:00, run_after=2025-02-19 19:07:00+00:00
[2025-02-19T19:07:00.732+0000] {processor.py:208} INFO - Processing /opt/airflow/dags/DAG1.py took 0.376 seconds
[2025-02-19T19:07:31.114+0000] {processor.py:186} INFO - Started process (PID=9782) to work on /opt/airflow/dags/DAG1.py
[2025-02-19T19:07:31.114+0000] {processor.py:914} INFO - Processing file /opt/airflow/dags/DAG1.py for tasks to queue
[2025-02-19T19:07:31.115+0000] {logging_mixin.py:190} INFO - [2025-02-19T19:07:31.115+0000] {dagbag.py:588} INFO - Filling up the DagBag from /opt/airflow/dags/DAG1.py
[2025-02-19T19:07:31.393+0000] {processor.py:925} INFO - DAG(s) 'dag_yfinance' retrieved from /opt/airflow/dags/DAG1.py
[2025-02-19T19:07:31.441+0000] {logging_mixin.py:190} INFO - [2025-02-19T19:07:31.441+0000] {dag.py:3239} INFO - Sync 1 DAGs
[2025-02-19T19:07:31.451+0000] {logging_mixin.py:190} INFO - [2025-02-19T19:07:31.451+0000] {dag.py:4180} INFO - Setting next_dagrun for dag_yfinance to 2025-02-19 19:06:00+00:00, run_after=2025-02-19 19:07:00+00:00
[2025-02-19T19:07:31.459+0000] {processor.py:208} INFO - Processing /opt/airflow/dags/DAG1.py took 0.352 seconds
[2025-02-19T19:08:01.876+0000] {processor.py:186} INFO - Started process (PID=10078) to work on /opt/airflow/dags/DAG1.py
[2025-02-19T19:08:01.879+0000] {processor.py:914} INFO - Processing file /opt/airflow/dags/DAG1.py for tasks to queue
[2025-02-19T19:08:01.889+0000] {logging_mixin.py:190} INFO - [2025-02-19T19:08:01.886+0000] {dagbag.py:588} INFO - Filling up the DagBag from /opt/airflow/dags/DAG1.py
[2025-02-19T19:08:02.191+0000] {processor.py:925} INFO - DAG(s) 'dag_yfinance' retrieved from /opt/airflow/dags/DAG1.py
[2025-02-19T19:08:02.235+0000] {logging_mixin.py:190} INFO - [2025-02-19T19:08:02.235+0000] {dag.py:3239} INFO - Sync 1 DAGs
[2025-02-19T19:08:02.244+0000] {logging_mixin.py:190} INFO - [2025-02-19T19:08:02.244+0000] {dag.py:4180} INFO - Setting next_dagrun for dag_yfinance to 2025-02-19 19:07:00+00:00, run_after=2025-02-19 19:08:00+00:00
[2025-02-19T19:08:02.251+0000] {processor.py:208} INFO - Processing /opt/airflow/dags/DAG1.py took 0.389 seconds
[2025-02-19T19:08:19.558+0000] {processor.py:186} INFO - Started process (PID=10374) to work on /opt/airflow/dags/DAG1.py
[2025-02-19T19:08:19.559+0000] {processor.py:914} INFO - Processing file /opt/airflow/dags/DAG1.py for tasks to queue
[2025-02-19T19:08:19.560+0000] {logging_mixin.py:190} INFO - [2025-02-19T19:08:19.559+0000] {dagbag.py:588} INFO - Filling up the DagBag from /opt/airflow/dags/DAG1.py
[2025-02-19T19:08:19.641+0000] {processor.py:925} INFO - DAG(s) 'dag_yfinance' retrieved from /opt/airflow/dags/DAG1.py
[2025-02-19T19:08:19.648+0000] {logging_mixin.py:190} INFO - [2025-02-19T19:08:19.647+0000] {dag.py:3239} INFO - Sync 1 DAGs
[2025-02-19T19:08:19.658+0000] {logging_mixin.py:190} INFO - [2025-02-19T19:08:19.658+0000] {dag.py:4180} INFO - Setting next_dagrun for dag_yfinance to 2025-02-19 19:07:00+00:00, run_after=2025-02-19 19:08:00+00:00
[2025-02-19T19:08:19.666+0000] {processor.py:208} INFO - Processing /opt/airflow/dags/DAG1.py took 0.114 seconds
[2025-02-19T19:08:50.224+0000] {processor.py:186} INFO - Started process (PID=10672) to work on /opt/airflow/dags/DAG1.py
[2025-02-19T19:08:50.225+0000] {processor.py:914} INFO - Processing file /opt/airflow/dags/DAG1.py for tasks to queue
[2025-02-19T19:08:50.226+0000] {logging_mixin.py:190} INFO - [2025-02-19T19:08:50.226+0000] {dagbag.py:588} INFO - Filling up the DagBag from /opt/airflow/dags/DAG1.py
[2025-02-19T19:08:50.302+0000] {processor.py:925} INFO - DAG(s) 'dag_yfinance' retrieved from /opt/airflow/dags/DAG1.py
[2025-02-19T19:08:50.433+0000] {logging_mixin.py:190} INFO - [2025-02-19T19:08:50.433+0000] {dag.py:3239} INFO - Sync 1 DAGs
[2025-02-19T19:08:50.441+0000] {logging_mixin.py:190} INFO - [2025-02-19T19:08:50.441+0000] {dag.py:4180} INFO - Setting next_dagrun for dag_yfinance to 2025-02-19 19:08:00+00:00, run_after=2025-02-19 19:09:00+00:00
[2025-02-19T19:08:50.447+0000] {processor.py:208} INFO - Processing /opt/airflow/dags/DAG1.py took 0.229 seconds
[2025-02-19T19:09:20.753+0000] {processor.py:186} INFO - Started process (PID=10980) to work on /opt/airflow/dags/DAG1.py
[2025-02-19T19:09:20.755+0000] {processor.py:914} INFO - Processing file /opt/airflow/dags/DAG1.py for tasks to queue
[2025-02-19T19:09:20.756+0000] {logging_mixin.py:190} INFO - [2025-02-19T19:09:20.756+0000] {dagbag.py:588} INFO - Filling up the DagBag from /opt/airflow/dags/DAG1.py
[2025-02-19T19:09:20.847+0000] {processor.py:925} INFO - DAG(s) 'dag_yfinance' retrieved from /opt/airflow/dags/DAG1.py
[2025-02-19T19:09:20.860+0000] {logging_mixin.py:190} INFO - [2025-02-19T19:09:20.860+0000] {dag.py:3239} INFO - Sync 1 DAGs
[2025-02-19T19:09:20.872+0000] {logging_mixin.py:190} INFO - [2025-02-19T19:09:20.872+0000] {dag.py:4180} INFO - Setting next_dagrun for dag_yfinance to 2025-02-19 19:09:00+00:00, run_after=2025-02-19 19:10:00+00:00
[2025-02-19T19:09:20.882+0000] {processor.py:208} INFO - Processing /opt/airflow/dags/DAG1.py took 0.135 seconds
[2025-02-19T19:09:51.526+0000] {processor.py:186} INFO - Started process (PID=11276) to work on /opt/airflow/dags/DAG1.py
[2025-02-19T19:09:51.527+0000] {processor.py:914} INFO - Processing file /opt/airflow/dags/DAG1.py for tasks to queue
[2025-02-19T19:09:51.528+0000] {logging_mixin.py:190} INFO - [2025-02-19T19:09:51.528+0000] {dagbag.py:588} INFO - Filling up the DagBag from /opt/airflow/dags/DAG1.py
[2025-02-19T19:09:51.613+0000] {processor.py:925} INFO - DAG(s) 'dag_yfinance' retrieved from /opt/airflow/dags/DAG1.py
[2025-02-19T19:09:51.624+0000] {logging_mixin.py:190} INFO - [2025-02-19T19:09:51.624+0000] {dag.py:3239} INFO - Sync 1 DAGs
[2025-02-19T19:09:51.635+0000] {logging_mixin.py:190} INFO - [2025-02-19T19:09:51.635+0000] {dag.py:4180} INFO - Setting next_dagrun for dag_yfinance to 2025-02-19 19:09:00+00:00, run_after=2025-02-19 19:10:00+00:00
[2025-02-19T19:09:51.642+0000] {processor.py:208} INFO - Processing /opt/airflow/dags/DAG1.py took 0.121 seconds
[2025-02-19T19:10:00.662+0000] {processor.py:186} INFO - Started process (PID=11281) to work on /opt/airflow/dags/DAG1.py
[2025-02-19T19:10:00.664+0000] {processor.py:914} INFO - Processing file /opt/airflow/dags/DAG1.py for tasks to queue
[2025-02-19T19:10:00.665+0000] {logging_mixin.py:190} INFO - [2025-02-19T19:10:00.665+0000] {dagbag.py:588} INFO - Filling up the DagBag from /opt/airflow/dags/DAG1.py
[2025-02-19T19:10:00.757+0000] {processor.py:925} INFO - DAG(s) 'dag_yfinance' retrieved from /opt/airflow/dags/DAG1.py
[2025-02-19T19:10:00.768+0000] {logging_mixin.py:190} INFO - [2025-02-19T19:10:00.768+0000] {dag.py:3239} INFO - Sync 1 DAGs
[2025-02-19T19:10:00.780+0000] {logging_mixin.py:190} INFO - [2025-02-19T19:10:00.780+0000] {dag.py:4180} INFO - Setting next_dagrun for dag_yfinance to 2025-02-19 19:09:00+00:00, run_after=2025-02-19 19:10:00+00:00
[2025-02-19T19:10:00.788+0000] {processor.py:208} INFO - Processing /opt/airflow/dags/DAG1.py took 0.135 seconds
[2025-02-19T19:10:31.492+0000] {processor.py:186} INFO - Started process (PID=11601) to work on /opt/airflow/dags/DAG1.py
[2025-02-19T19:10:31.493+0000] {processor.py:914} INFO - Processing file /opt/airflow/dags/DAG1.py for tasks to queue
[2025-02-19T19:10:31.494+0000] {logging_mixin.py:190} INFO - [2025-02-19T19:10:31.494+0000] {dagbag.py:588} INFO - Filling up the DagBag from /opt/airflow/dags/DAG1.py
[2025-02-19T19:10:31.576+0000] {processor.py:925} INFO - DAG(s) 'dag_yfinance' retrieved from /opt/airflow/dags/DAG1.py
[2025-02-19T19:10:31.586+0000] {logging_mixin.py:190} INFO - [2025-02-19T19:10:31.586+0000] {dag.py:3239} INFO - Sync 1 DAGs
[2025-02-19T19:10:31.596+0000] {logging_mixin.py:190} INFO - [2025-02-19T19:10:31.596+0000] {dag.py:4180} INFO - Setting next_dagrun for dag_yfinance to 2025-02-19 19:10:00+00:00, run_after=2025-02-19 19:11:00+00:00
[2025-02-19T19:10:31.603+0000] {processor.py:208} INFO - Processing /opt/airflow/dags/DAG1.py took 0.118 seconds
[2025-02-19T19:11:02.324+0000] {processor.py:186} INFO - Started process (PID=11904) to work on /opt/airflow/dags/DAG1.py
[2025-02-19T19:11:02.326+0000] {processor.py:914} INFO - Processing file /opt/airflow/dags/DAG1.py for tasks to queue
[2025-02-19T19:11:02.327+0000] {logging_mixin.py:190} INFO - [2025-02-19T19:11:02.327+0000] {dagbag.py:588} INFO - Filling up the DagBag from /opt/airflow/dags/DAG1.py
[2025-02-19T19:11:02.403+0000] {processor.py:925} INFO - DAG(s) 'dag_yfinance' retrieved from /opt/airflow/dags/DAG1.py
[2025-02-19T19:11:02.414+0000] {logging_mixin.py:190} INFO - [2025-02-19T19:11:02.414+0000] {dag.py:3239} INFO - Sync 1 DAGs
[2025-02-19T19:11:02.426+0000] {logging_mixin.py:190} INFO - [2025-02-19T19:11:02.426+0000] {dag.py:4180} INFO - Setting next_dagrun for dag_yfinance to 2025-02-19 19:11:00+00:00, run_after=2025-02-19 19:12:00+00:00
[2025-02-19T19:11:02.435+0000] {processor.py:208} INFO - Processing /opt/airflow/dags/DAG1.py took 0.115 seconds
[2025-02-19T19:11:33.423+0000] {processor.py:186} INFO - Started process (PID=12205) to work on /opt/airflow/dags/DAG1.py
[2025-02-19T19:11:33.425+0000] {processor.py:914} INFO - Processing file /opt/airflow/dags/DAG1.py for tasks to queue
[2025-02-19T19:11:33.426+0000] {logging_mixin.py:190} INFO - [2025-02-19T19:11:33.426+0000] {dagbag.py:588} INFO - Filling up the DagBag from /opt/airflow/dags/DAG1.py
[2025-02-19T19:11:33.551+0000] {processor.py:925} INFO - DAG(s) 'dag_yfinance' retrieved from /opt/airflow/dags/DAG1.py
[2025-02-19T19:11:33.568+0000] {logging_mixin.py:190} INFO - [2025-02-19T19:11:33.568+0000] {dag.py:3239} INFO - Sync 1 DAGs
[2025-02-19T19:11:33.583+0000] {logging_mixin.py:190} INFO - [2025-02-19T19:11:33.583+0000] {dag.py:4180} INFO - Setting next_dagrun for dag_yfinance to 2025-02-19 19:11:00+00:00, run_after=2025-02-19 19:12:00+00:00
[2025-02-19T19:11:33.596+0000] {processor.py:208} INFO - Processing /opt/airflow/dags/DAG1.py took 0.187 seconds
[2025-02-19T19:12:04.303+0000] {processor.py:186} INFO - Started process (PID=12513) to work on /opt/airflow/dags/DAG1.py
[2025-02-19T19:12:04.303+0000] {processor.py:914} INFO - Processing file /opt/airflow/dags/DAG1.py for tasks to queue
[2025-02-19T19:12:04.304+0000] {logging_mixin.py:190} INFO - [2025-02-19T19:12:04.304+0000] {dagbag.py:588} INFO - Filling up the DagBag from /opt/airflow/dags/DAG1.py
[2025-02-19T19:12:04.376+0000] {processor.py:925} INFO - DAG(s) 'dag_yfinance' retrieved from /opt/airflow/dags/DAG1.py
[2025-02-19T19:12:04.385+0000] {logging_mixin.py:190} INFO - [2025-02-19T19:12:04.385+0000] {dag.py:3239} INFO - Sync 1 DAGs
[2025-02-19T19:12:04.394+0000] {logging_mixin.py:190} INFO - [2025-02-19T19:12:04.394+0000] {dag.py:4180} INFO - Setting next_dagrun for dag_yfinance to 2025-02-19 19:12:00+00:00, run_after=2025-02-19 19:13:00+00:00
[2025-02-19T19:12:04.400+0000] {processor.py:208} INFO - Processing /opt/airflow/dags/DAG1.py took 0.103 seconds
[2025-02-19T19:12:35.263+0000] {processor.py:186} INFO - Started process (PID=12809) to work on /opt/airflow/dags/DAG1.py
[2025-02-19T19:12:35.265+0000] {processor.py:914} INFO - Processing file /opt/airflow/dags/DAG1.py for tasks to queue
[2025-02-19T19:12:35.266+0000] {logging_mixin.py:190} INFO - [2025-02-19T19:12:35.265+0000] {dagbag.py:588} INFO - Filling up the DagBag from /opt/airflow/dags/DAG1.py
[2025-02-19T19:12:35.354+0000] {processor.py:925} INFO - DAG(s) 'dag_yfinance' retrieved from /opt/airflow/dags/DAG1.py
[2025-02-19T19:12:35.478+0000] {logging_mixin.py:190} INFO - [2025-02-19T19:12:35.477+0000] {dag.py:3239} INFO - Sync 1 DAGs
[2025-02-19T19:12:35.486+0000] {logging_mixin.py:190} INFO - [2025-02-19T19:12:35.486+0000] {dag.py:4180} INFO - Setting next_dagrun for dag_yfinance to 2025-02-19 19:12:00+00:00, run_after=2025-02-19 19:13:00+00:00
[2025-02-19T19:12:35.493+0000] {processor.py:208} INFO - Processing /opt/airflow/dags/DAG1.py took 0.236 seconds
[2025-02-19T19:13:06.267+0000] {processor.py:186} INFO - Started process (PID=13117) to work on /opt/airflow/dags/DAG1.py
[2025-02-19T19:13:06.268+0000] {processor.py:914} INFO - Processing file /opt/airflow/dags/DAG1.py for tasks to queue
[2025-02-19T19:13:06.269+0000] {logging_mixin.py:190} INFO - [2025-02-19T19:13:06.269+0000] {dagbag.py:588} INFO - Filling up the DagBag from /opt/airflow/dags/DAG1.py
[2025-02-19T19:13:06.347+0000] {processor.py:925} INFO - DAG(s) 'dag_yfinance' retrieved from /opt/airflow/dags/DAG1.py
[2025-02-19T19:13:06.357+0000] {logging_mixin.py:190} INFO - [2025-02-19T19:13:06.357+0000] {dag.py:3239} INFO - Sync 1 DAGs
[2025-02-19T19:13:06.366+0000] {logging_mixin.py:190} INFO - [2025-02-19T19:13:06.366+0000] {dag.py:4180} INFO - Setting next_dagrun for dag_yfinance to 2025-02-19 19:13:00+00:00, run_after=2025-02-19 19:14:00+00:00
[2025-02-19T19:13:06.373+0000] {processor.py:208} INFO - Processing /opt/airflow/dags/DAG1.py took 0.113 seconds
[2025-02-19T19:13:36.810+0000] {processor.py:186} INFO - Started process (PID=13413) to work on /opt/airflow/dags/DAG1.py
[2025-02-19T19:13:36.811+0000] {processor.py:914} INFO - Processing file /opt/airflow/dags/DAG1.py for tasks to queue
[2025-02-19T19:13:36.812+0000] {logging_mixin.py:190} INFO - [2025-02-19T19:13:36.812+0000] {dagbag.py:588} INFO - Filling up the DagBag from /opt/airflow/dags/DAG1.py
[2025-02-19T19:13:36.903+0000] {processor.py:925} INFO - DAG(s) 'dag_yfinance' retrieved from /opt/airflow/dags/DAG1.py
[2025-02-19T19:13:36.917+0000] {logging_mixin.py:190} INFO - [2025-02-19T19:13:36.917+0000] {dag.py:3239} INFO - Sync 1 DAGs
[2025-02-19T19:13:37.031+0000] {logging_mixin.py:190} INFO - [2025-02-19T19:13:37.030+0000] {dag.py:4180} INFO - Setting next_dagrun for dag_yfinance to 2025-02-19 19:13:00+00:00, run_after=2025-02-19 19:14:00+00:00
[2025-02-19T19:13:37.037+0000] {processor.py:208} INFO - Processing /opt/airflow/dags/DAG1.py took 0.233 seconds
[2025-02-19T19:14:01.234+0000] {processor.py:186} INFO - Started process (PID=13710) to work on /opt/airflow/dags/DAG1.py
[2025-02-19T19:14:01.235+0000] {processor.py:914} INFO - Processing file /opt/airflow/dags/DAG1.py for tasks to queue
[2025-02-19T19:14:01.236+0000] {logging_mixin.py:190} INFO - [2025-02-19T19:14:01.236+0000] {dagbag.py:588} INFO - Filling up the DagBag from /opt/airflow/dags/DAG1.py
[2025-02-19T19:14:01.318+0000] {processor.py:925} INFO - DAG(s) 'dag_yfinance' retrieved from /opt/airflow/dags/DAG1.py
[2025-02-19T19:14:01.481+0000] {logging_mixin.py:190} INFO - [2025-02-19T19:14:01.481+0000] {dag.py:3239} INFO - Sync 1 DAGs
[2025-02-19T19:14:01.490+0000] {logging_mixin.py:190} INFO - [2025-02-19T19:14:01.490+0000] {dag.py:4180} INFO - Setting next_dagrun for dag_yfinance to 2025-02-19 19:14:00+00:00, run_after=2025-02-19 19:15:00+00:00
[2025-02-19T19:14:01.502+0000] {processor.py:208} INFO - Processing /opt/airflow/dags/DAG1.py took 0.271 seconds
[2025-02-19T19:14:31.904+0000] {processor.py:186} INFO - Started process (PID=14029) to work on /opt/airflow/dags/DAG1.py
[2025-02-19T19:14:31.905+0000] {processor.py:914} INFO - Processing file /opt/airflow/dags/DAG1.py for tasks to queue
[2025-02-19T19:14:31.906+0000] {logging_mixin.py:190} INFO - [2025-02-19T19:14:31.906+0000] {dagbag.py:588} INFO - Filling up the DagBag from /opt/airflow/dags/DAG1.py
[2025-02-19T19:14:31.978+0000] {processor.py:925} INFO - DAG(s) 'dag_yfinance' retrieved from /opt/airflow/dags/DAG1.py
[2025-02-19T19:14:31.987+0000] {logging_mixin.py:190} INFO - [2025-02-19T19:14:31.987+0000] {dag.py:3239} INFO - Sync 1 DAGs
[2025-02-19T19:14:32.071+0000] {logging_mixin.py:190} INFO - [2025-02-19T19:14:32.071+0000] {dag.py:4180} INFO - Setting next_dagrun for dag_yfinance to 2025-02-19 19:13:00+00:00, run_after=2025-02-19 19:14:00+00:00
[2025-02-19T19:14:32.077+0000] {processor.py:208} INFO - Processing /opt/airflow/dags/DAG1.py took 0.179 seconds
[2025-02-19T19:15:02.583+0000] {processor.py:186} INFO - Started process (PID=14355) to work on /opt/airflow/dags/DAG1.py
[2025-02-19T19:15:02.584+0000] {processor.py:914} INFO - Processing file /opt/airflow/dags/DAG1.py for tasks to queue
[2025-02-19T19:15:02.584+0000] {logging_mixin.py:190} INFO - [2025-02-19T19:15:02.584+0000] {dagbag.py:588} INFO - Filling up the DagBag from /opt/airflow/dags/DAG1.py
[2025-02-19T19:15:02.645+0000] {processor.py:925} INFO - DAG(s) 'dag_yfinance' retrieved from /opt/airflow/dags/DAG1.py
[2025-02-19T19:15:02.653+0000] {logging_mixin.py:190} INFO - [2025-02-19T19:15:02.653+0000] {dag.py:3239} INFO - Sync 1 DAGs
[2025-02-19T19:15:02.663+0000] {logging_mixin.py:190} INFO - [2025-02-19T19:15:02.663+0000] {dag.py:4180} INFO - Setting next_dagrun for dag_yfinance to 2025-02-19 19:15:00+00:00, run_after=2025-02-19 19:16:00+00:00
[2025-02-19T19:15:02.764+0000] {processor.py:208} INFO - Processing /opt/airflow/dags/DAG1.py took 0.184 seconds
[2025-02-19T19:15:33.662+0000] {processor.py:186} INFO - Started process (PID=14657) to work on /opt/airflow/dags/DAG1.py
[2025-02-19T19:15:33.664+0000] {processor.py:914} INFO - Processing file /opt/airflow/dags/DAG1.py for tasks to queue
[2025-02-19T19:15:33.665+0000] {logging_mixin.py:190} INFO - [2025-02-19T19:15:33.664+0000] {dagbag.py:588} INFO - Filling up the DagBag from /opt/airflow/dags/DAG1.py
[2025-02-19T19:15:33.748+0000] {processor.py:925} INFO - DAG(s) 'dag_yfinance' retrieved from /opt/airflow/dags/DAG1.py
[2025-02-19T19:15:33.758+0000] {logging_mixin.py:190} INFO - [2025-02-19T19:15:33.757+0000] {dag.py:3239} INFO - Sync 1 DAGs
[2025-02-19T19:15:33.768+0000] {logging_mixin.py:190} INFO - [2025-02-19T19:15:33.768+0000] {dag.py:4180} INFO - Setting next_dagrun for dag_yfinance to 2025-02-19 19:15:00+00:00, run_after=2025-02-19 19:16:00+00:00
[2025-02-19T19:15:33.962+0000] {processor.py:208} INFO - Processing /opt/airflow/dags/DAG1.py took 0.307 seconds
[2025-02-19T19:16:04.603+0000] {processor.py:186} INFO - Started process (PID=14963) to work on /opt/airflow/dags/DAG1.py
[2025-02-19T19:16:04.605+0000] {processor.py:914} INFO - Processing file /opt/airflow/dags/DAG1.py for tasks to queue
[2025-02-19T19:16:04.606+0000] {logging_mixin.py:190} INFO - [2025-02-19T19:16:04.605+0000] {dagbag.py:588} INFO - Filling up the DagBag from /opt/airflow/dags/DAG1.py
[2025-02-19T19:16:04.674+0000] {processor.py:925} INFO - DAG(s) 'dag_yfinance' retrieved from /opt/airflow/dags/DAG1.py
[2025-02-19T19:16:04.683+0000] {logging_mixin.py:190} INFO - [2025-02-19T19:16:04.683+0000] {dag.py:3239} INFO - Sync 1 DAGs
[2025-02-19T19:16:04.693+0000] {logging_mixin.py:190} INFO - [2025-02-19T19:16:04.693+0000] {dag.py:4180} INFO - Setting next_dagrun for dag_yfinance to 2025-02-19 19:16:00+00:00, run_after=2025-02-19 19:17:00+00:00
[2025-02-19T19:16:04.701+0000] {processor.py:208} INFO - Processing /opt/airflow/dags/DAG1.py took 0.105 seconds
[2025-02-19T19:16:35.230+0000] {processor.py:186} INFO - Started process (PID=15261) to work on /opt/airflow/dags/DAG1.py
[2025-02-19T19:16:35.231+0000] {processor.py:914} INFO - Processing file /opt/airflow/dags/DAG1.py for tasks to queue
[2025-02-19T19:16:35.232+0000] {logging_mixin.py:190} INFO - [2025-02-19T19:16:35.232+0000] {dagbag.py:588} INFO - Filling up the DagBag from /opt/airflow/dags/DAG1.py
[2025-02-19T19:16:35.490+0000] {processor.py:925} INFO - DAG(s) 'dag_yfinance' retrieved from /opt/airflow/dags/DAG1.py
[2025-02-19T19:16:35.499+0000] {logging_mixin.py:190} INFO - [2025-02-19T19:16:35.499+0000] {dag.py:3239} INFO - Sync 1 DAGs
[2025-02-19T19:16:35.507+0000] {logging_mixin.py:190} INFO - [2025-02-19T19:16:35.507+0000] {dag.py:4180} INFO - Setting next_dagrun for dag_yfinance to 2025-02-19 19:16:00+00:00, run_after=2025-02-19 19:17:00+00:00
[2025-02-19T19:16:35.514+0000] {processor.py:208} INFO - Processing /opt/airflow/dags/DAG1.py took 0.307 seconds
[2025-02-19T19:17:06.055+0000] {processor.py:186} INFO - Started process (PID=15569) to work on /opt/airflow/dags/DAG1.py
[2025-02-19T19:17:06.056+0000] {processor.py:914} INFO - Processing file /opt/airflow/dags/DAG1.py for tasks to queue
[2025-02-19T19:17:06.057+0000] {logging_mixin.py:190} INFO - [2025-02-19T19:17:06.056+0000] {dagbag.py:588} INFO - Filling up the DagBag from /opt/airflow/dags/DAG1.py
[2025-02-19T19:17:06.208+0000] {processor.py:925} INFO - DAG(s) 'dag_yfinance' retrieved from /opt/airflow/dags/DAG1.py
[2025-02-19T19:17:06.216+0000] {logging_mixin.py:190} INFO - [2025-02-19T19:17:06.216+0000] {dag.py:3239} INFO - Sync 1 DAGs
[2025-02-19T19:17:06.223+0000] {logging_mixin.py:190} INFO - [2025-02-19T19:17:06.223+0000] {dag.py:4180} INFO - Setting next_dagrun for dag_yfinance to 2025-02-19 19:17:00+00:00, run_after=2025-02-19 19:18:00+00:00
[2025-02-19T19:17:06.230+0000] {processor.py:208} INFO - Processing /opt/airflow/dags/DAG1.py took 0.180 seconds
[2025-02-19T19:17:36.619+0000] {processor.py:186} INFO - Started process (PID=15865) to work on /opt/airflow/dags/DAG1.py
[2025-02-19T19:17:36.620+0000] {processor.py:914} INFO - Processing file /opt/airflow/dags/DAG1.py for tasks to queue
[2025-02-19T19:17:36.621+0000] {logging_mixin.py:190} INFO - [2025-02-19T19:17:36.621+0000] {dagbag.py:588} INFO - Filling up the DagBag from /opt/airflow/dags/DAG1.py
[2025-02-19T19:17:36.811+0000] {processor.py:925} INFO - DAG(s) 'dag_yfinance' retrieved from /opt/airflow/dags/DAG1.py
[2025-02-19T19:17:36.819+0000] {logging_mixin.py:190} INFO - [2025-02-19T19:17:36.818+0000] {dag.py:3239} INFO - Sync 1 DAGs
[2025-02-19T19:17:36.826+0000] {logging_mixin.py:190} INFO - [2025-02-19T19:17:36.826+0000] {dag.py:4180} INFO - Setting next_dagrun for dag_yfinance to 2025-02-19 19:17:00+00:00, run_after=2025-02-19 19:18:00+00:00
[2025-02-19T19:17:36.832+0000] {processor.py:208} INFO - Processing /opt/airflow/dags/DAG1.py took 0.219 seconds
[2025-02-19T19:18:07.103+0000] {processor.py:186} INFO - Started process (PID=16173) to work on /opt/airflow/dags/DAG1.py
[2025-02-19T19:18:07.104+0000] {processor.py:914} INFO - Processing file /opt/airflow/dags/DAG1.py for tasks to queue
[2025-02-19T19:18:07.105+0000] {logging_mixin.py:190} INFO - [2025-02-19T19:18:07.105+0000] {dagbag.py:588} INFO - Filling up the DagBag from /opt/airflow/dags/DAG1.py
[2025-02-19T19:18:07.279+0000] {processor.py:925} INFO - DAG(s) 'dag_yfinance' retrieved from /opt/airflow/dags/DAG1.py
[2025-02-19T19:18:07.287+0000] {logging_mixin.py:190} INFO - [2025-02-19T19:18:07.287+0000] {dag.py:3239} INFO - Sync 1 DAGs
[2025-02-19T19:18:07.295+0000] {logging_mixin.py:190} INFO - [2025-02-19T19:18:07.295+0000] {dag.py:4180} INFO - Setting next_dagrun for dag_yfinance to 2025-02-19 19:18:00+00:00, run_after=2025-02-19 19:19:00+00:00
[2025-02-19T19:18:07.301+0000] {processor.py:208} INFO - Processing /opt/airflow/dags/DAG1.py took 0.205 seconds
[2025-02-19T19:18:37.913+0000] {processor.py:186} INFO - Started process (PID=16469) to work on /opt/airflow/dags/DAG1.py
[2025-02-19T19:18:37.915+0000] {processor.py:914} INFO - Processing file /opt/airflow/dags/DAG1.py for tasks to queue
[2025-02-19T19:18:37.916+0000] {logging_mixin.py:190} INFO - [2025-02-19T19:18:37.916+0000] {dagbag.py:588} INFO - Filling up the DagBag from /opt/airflow/dags/DAG1.py
[2025-02-19T19:18:38.009+0000] {processor.py:925} INFO - DAG(s) 'dag_yfinance' retrieved from /opt/airflow/dags/DAG1.py
[2025-02-19T19:18:38.142+0000] {logging_mixin.py:190} INFO - [2025-02-19T19:18:38.142+0000] {dag.py:3239} INFO - Sync 1 DAGs
[2025-02-19T19:18:38.151+0000] {logging_mixin.py:190} INFO - [2025-02-19T19:18:38.151+0000] {dag.py:4180} INFO - Setting next_dagrun for dag_yfinance to 2025-02-19 19:18:00+00:00, run_after=2025-02-19 19:19:00+00:00
[2025-02-19T19:18:38.157+0000] {processor.py:208} INFO - Processing /opt/airflow/dags/DAG1.py took 0.252 seconds
[2025-02-19T19:19:08.763+0000] {processor.py:186} INFO - Started process (PID=16777) to work on /opt/airflow/dags/DAG1.py
[2025-02-19T19:19:08.763+0000] {processor.py:914} INFO - Processing file /opt/airflow/dags/DAG1.py for tasks to queue
[2025-02-19T19:19:08.764+0000] {logging_mixin.py:190} INFO - [2025-02-19T19:19:08.764+0000] {dagbag.py:588} INFO - Filling up the DagBag from /opt/airflow/dags/DAG1.py
[2025-02-19T19:19:08.837+0000] {processor.py:925} INFO - DAG(s) 'dag_yfinance' retrieved from /opt/airflow/dags/DAG1.py
[2025-02-19T19:19:08.847+0000] {logging_mixin.py:190} INFO - [2025-02-19T19:19:08.847+0000] {dag.py:3239} INFO - Sync 1 DAGs
[2025-02-19T19:19:08.934+0000] {logging_mixin.py:190} INFO - [2025-02-19T19:19:08.934+0000] {dag.py:4180} INFO - Setting next_dagrun for dag_yfinance to 2025-02-19 19:19:00+00:00, run_after=2025-02-19 19:20:00+00:00
[2025-02-19T19:19:08.940+0000] {processor.py:208} INFO - Processing /opt/airflow/dags/DAG1.py took 0.183 seconds
