[2026-04-12T11:12:32.249+0000] {processor.py:186} INFO - Started process (PID=321) to work on /home/airflow/.local/lib/python3.12/site-packages/airflow/example_dags/example_task_group_decorator.py
[2026-04-12T11:12:32.250+0000] {processor.py:914} INFO - Processing file /home/airflow/.local/lib/python3.12/site-packages/airflow/example_dags/example_task_group_decorator.py for tasks to queue
[2026-04-12T11:12:32.253+0000] {logging_mixin.py:190} INFO - [2026-04-12T11:12:32.253+0000] {dagbag.py:588} INFO - Filling up the DagBag from /home/airflow/.local/lib/python3.12/site-packages/airflow/example_dags/example_task_group_decorator.py
[2026-04-12T11:12:32.287+0000] {processor.py:925} INFO - DAG(s) 'example_task_group_decorator' retrieved from /home/airflow/.local/lib/python3.12/site-packages/airflow/example_dags/example_task_group_decorator.py
[2026-04-12T11:12:32.442+0000] {logging_mixin.py:190} INFO - [2026-04-12T11:12:32.441+0000] {override.py:1912} INFO - Created Permission View: can edit on DAG:example_task_group_decorator
[2026-04-12T11:12:32.451+0000] {logging_mixin.py:190} INFO - [2026-04-12T11:12:32.451+0000] {override.py:1912} INFO - Created Permission View: can delete on DAG:example_task_group_decorator
[2026-04-12T11:12:32.455+0000] {logging_mixin.py:190} INFO - [2026-04-12T11:12:32.455+0000] {override.py:1912} INFO - Created Permission View: can read on DAG:example_task_group_decorator
[2026-04-12T11:12:32.459+0000] {logging_mixin.py:190} INFO - [2026-04-12T11:12:32.459+0000] {override.py:1912} INFO - Created Permission View: can delete on DAG Run:example_task_group_decorator
[2026-04-12T11:12:32.468+0000] {logging_mixin.py:190} INFO - [2026-04-12T11:12:32.467+0000] {override.py:1912} INFO - Created Permission View: can create on DAG Run:example_task_group_decorator
[2026-04-12T11:12:32.479+0000] {logging_mixin.py:190} INFO - [2026-04-12T11:12:32.478+0000] {override.py:1912} INFO - Created Permission View: can read on DAG Run:example_task_group_decorator
[2026-04-12T11:12:32.487+0000] {logging_mixin.py:190} INFO - [2026-04-12T11:12:32.487+0000] {override.py:1912} INFO - Created Permission View: menu access on DAG Run:example_task_group_decorator
[2026-04-12T11:12:32.487+0000] {logging_mixin.py:190} INFO - [2026-04-12T11:12:32.487+0000] {dag.py:3239} INFO - Sync 1 DAGs
[2026-04-12T11:12:32.500+0000] {logging_mixin.py:190} INFO - [2026-04-12T11:12:32.500+0000] {dag.py:3262} INFO - Creating ORM DAG for example_task_group_decorator
[2026-04-12T11:12:32.500+0000] {logging_mixin.py:190} INFO - [2026-04-12T11:12:32.500+0000] {dag.py:4180} INFO - Setting next_dagrun for example_task_group_decorator to None, run_after=None
[2026-04-12T11:12:32.511+0000] {processor.py:208} INFO - Processing /home/airflow/.local/lib/python3.12/site-packages/airflow/example_dags/example_task_group_decorator.py took 0.269 seconds
[2026-04-12T11:13:02.713+0000] {processor.py:186} INFO - Started process (PID=618) to work on /home/airflow/.local/lib/python3.12/site-packages/airflow/example_dags/example_task_group_decorator.py
[2026-04-12T11:13:02.717+0000] {processor.py:914} INFO - Processing file /home/airflow/.local/lib/python3.12/site-packages/airflow/example_dags/example_task_group_decorator.py for tasks to queue
[2026-04-12T11:13:02.721+0000] {logging_mixin.py:190} INFO - [2026-04-12T11:13:02.721+0000] {dagbag.py:588} INFO - Filling up the DagBag from /home/airflow/.local/lib/python3.12/site-packages/airflow/example_dags/example_task_group_decorator.py
[2026-04-12T11:13:02.739+0000] {processor.py:925} INFO - DAG(s) 'example_task_group_decorator' retrieved from /home/airflow/.local/lib/python3.12/site-packages/airflow/example_dags/example_task_group_decorator.py
[2026-04-12T11:13:02.759+0000] {logging_mixin.py:190} INFO - [2026-04-12T11:13:02.759+0000] {dag.py:3239} INFO - Sync 1 DAGs
[2026-04-12T11:13:02.773+0000] {logging_mixin.py:190} INFO - [2026-04-12T11:13:02.773+0000] {dag.py:4180} INFO - Setting next_dagrun for example_task_group_decorator to None, run_after=None
[2026-04-12T11:13:02.788+0000] {processor.py:208} INFO - Processing /home/airflow/.local/lib/python3.12/site-packages/airflow/example_dags/example_task_group_decorator.py took 0.080 seconds
[2026-04-12T11:13:33.158+0000] {processor.py:186} INFO - Started process (PID=915) to work on /home/airflow/.local/lib/python3.12/site-packages/airflow/example_dags/example_task_group_decorator.py
[2026-04-12T11:13:33.159+0000] {processor.py:914} INFO - Processing file /home/airflow/.local/lib/python3.12/site-packages/airflow/example_dags/example_task_group_decorator.py for tasks to queue
[2026-04-12T11:13:33.162+0000] {logging_mixin.py:190} INFO - [2026-04-12T11:13:33.161+0000] {dagbag.py:588} INFO - Filling up the DagBag from /home/airflow/.local/lib/python3.12/site-packages/airflow/example_dags/example_task_group_decorator.py
[2026-04-12T11:13:33.173+0000] {processor.py:925} INFO - DAG(s) 'example_task_group_decorator' retrieved from /home/airflow/.local/lib/python3.12/site-packages/airflow/example_dags/example_task_group_decorator.py
[2026-04-12T11:13:33.193+0000] {logging_mixin.py:190} INFO - [2026-04-12T11:13:33.192+0000] {dag.py:3239} INFO - Sync 1 DAGs
[2026-04-12T11:13:33.205+0000] {logging_mixin.py:190} INFO - [2026-04-12T11:13:33.205+0000] {dag.py:4180} INFO - Setting next_dagrun for example_task_group_decorator to None, run_after=None
[2026-04-12T11:13:33.223+0000] {processor.py:208} INFO - Processing /home/airflow/.local/lib/python3.12/site-packages/airflow/example_dags/example_task_group_decorator.py took 0.069 seconds
[2026-04-12T11:14:04.036+0000] {processor.py:186} INFO - Started process (PID=1209) to work on /home/airflow/.local/lib/python3.12/site-packages/airflow/example_dags/example_task_group_decorator.py
[2026-04-12T11:14:04.041+0000] {processor.py:914} INFO - Processing file /home/airflow/.local/lib/python3.12/site-packages/airflow/example_dags/example_task_group_decorator.py for tasks to queue
[2026-04-12T11:14:04.046+0000] {logging_mixin.py:190} INFO - [2026-04-12T11:14:04.046+0000] {dagbag.py:588} INFO - Filling up the DagBag from /home/airflow/.local/lib/python3.12/site-packages/airflow/example_dags/example_task_group_decorator.py
[2026-04-12T11:14:04.070+0000] {processor.py:925} INFO - DAG(s) 'example_task_group_decorator' retrieved from /home/airflow/.local/lib/python3.12/site-packages/airflow/example_dags/example_task_group_decorator.py
[2026-04-12T11:14:04.131+0000] {logging_mixin.py:190} INFO - [2026-04-12T11:14:04.130+0000] {dag.py:3239} INFO - Sync 1 DAGs
[2026-04-12T11:14:04.155+0000] {logging_mixin.py:190} INFO - [2026-04-12T11:14:04.154+0000] {dag.py:4180} INFO - Setting next_dagrun for example_task_group_decorator to None, run_after=None
[2026-04-12T11:14:04.185+0000] {processor.py:208} INFO - Processing /home/airflow/.local/lib/python3.12/site-packages/airflow/example_dags/example_task_group_decorator.py took 0.158 seconds
[2026-04-12T11:14:34.945+0000] {processor.py:186} INFO - Started process (PID=1507) to work on /home/airflow/.local/lib/python3.12/site-packages/airflow/example_dags/example_task_group_decorator.py
[2026-04-12T11:14:34.946+0000] {processor.py:914} INFO - Processing file /home/airflow/.local/lib/python3.12/site-packages/airflow/example_dags/example_task_group_decorator.py for tasks to queue
[2026-04-12T11:14:34.949+0000] {logging_mixin.py:190} INFO - [2026-04-12T11:14:34.948+0000] {dagbag.py:588} INFO - Filling up the DagBag from /home/airflow/.local/lib/python3.12/site-packages/airflow/example_dags/example_task_group_decorator.py
[2026-04-12T11:14:34.967+0000] {processor.py:925} INFO - DAG(s) 'example_task_group_decorator' retrieved from /home/airflow/.local/lib/python3.12/site-packages/airflow/example_dags/example_task_group_decorator.py
[2026-04-12T11:14:34.997+0000] {logging_mixin.py:190} INFO - [2026-04-12T11:14:34.997+0000] {dag.py:3239} INFO - Sync 1 DAGs
[2026-04-12T11:14:35.011+0000] {logging_mixin.py:190} INFO - [2026-04-12T11:14:35.011+0000] {dag.py:4180} INFO - Setting next_dagrun for example_task_group_decorator to None, run_after=None
[2026-04-12T11:14:35.037+0000] {processor.py:208} INFO - Processing /home/airflow/.local/lib/python3.12/site-packages/airflow/example_dags/example_task_group_decorator.py took 0.100 seconds
[2026-04-12T11:15:05.101+0000] {processor.py:186} INFO - Started process (PID=1804) to work on /home/airflow/.local/lib/python3.12/site-packages/airflow/example_dags/example_task_group_decorator.py
[2026-04-12T11:15:05.102+0000] {processor.py:914} INFO - Processing file /home/airflow/.local/lib/python3.12/site-packages/airflow/example_dags/example_task_group_decorator.py for tasks to queue
[2026-04-12T11:15:05.103+0000] {logging_mixin.py:190} INFO - [2026-04-12T11:15:05.103+0000] {dagbag.py:588} INFO - Filling up the DagBag from /home/airflow/.local/lib/python3.12/site-packages/airflow/example_dags/example_task_group_decorator.py
[2026-04-12T11:15:05.121+0000] {processor.py:925} INFO - DAG(s) 'example_task_group_decorator' retrieved from /home/airflow/.local/lib/python3.12/site-packages/airflow/example_dags/example_task_group_decorator.py
[2026-04-12T11:15:05.145+0000] {logging_mixin.py:190} INFO - [2026-04-12T11:15:05.145+0000] {dag.py:3239} INFO - Sync 1 DAGs
[2026-04-12T11:15:05.158+0000] {logging_mixin.py:190} INFO - [2026-04-12T11:15:05.157+0000] {dag.py:4180} INFO - Setting next_dagrun for example_task_group_decorator to None, run_after=None
[2026-04-12T11:15:05.179+0000] {processor.py:208} INFO - Processing /home/airflow/.local/lib/python3.12/site-packages/airflow/example_dags/example_task_group_decorator.py took 0.083 seconds
[2026-04-12T11:15:35.656+0000] {processor.py:186} INFO - Started process (PID=2100) to work on /home/airflow/.local/lib/python3.12/site-packages/airflow/example_dags/example_task_group_decorator.py
[2026-04-12T11:15:35.658+0000] {processor.py:914} INFO - Processing file /home/airflow/.local/lib/python3.12/site-packages/airflow/example_dags/example_task_group_decorator.py for tasks to queue
[2026-04-12T11:15:35.659+0000] {logging_mixin.py:190} INFO - [2026-04-12T11:15:35.659+0000] {dagbag.py:588} INFO - Filling up the DagBag from /home/airflow/.local/lib/python3.12/site-packages/airflow/example_dags/example_task_group_decorator.py
[2026-04-12T11:15:35.673+0000] {processor.py:925} INFO - DAG(s) 'example_task_group_decorator' retrieved from /home/airflow/.local/lib/python3.12/site-packages/airflow/example_dags/example_task_group_decorator.py
[2026-04-12T11:15:35.693+0000] {logging_mixin.py:190} INFO - [2026-04-12T11:15:35.693+0000] {dag.py:3239} INFO - Sync 1 DAGs
[2026-04-12T11:15:35.716+0000] {logging_mixin.py:190} INFO - [2026-04-12T11:15:35.716+0000] {dag.py:4180} INFO - Setting next_dagrun for example_task_group_decorator to None, run_after=None
[2026-04-12T11:15:35.735+0000] {processor.py:208} INFO - Processing /home/airflow/.local/lib/python3.12/site-packages/airflow/example_dags/example_task_group_decorator.py took 0.085 seconds
[2026-04-12T11:16:05.802+0000] {processor.py:186} INFO - Started process (PID=2394) to work on /home/airflow/.local/lib/python3.12/site-packages/airflow/example_dags/example_task_group_decorator.py
[2026-04-12T11:16:05.805+0000] {processor.py:914} INFO - Processing file /home/airflow/.local/lib/python3.12/site-packages/airflow/example_dags/example_task_group_decorator.py for tasks to queue
[2026-04-12T11:16:05.806+0000] {logging_mixin.py:190} INFO - [2026-04-12T11:16:05.806+0000] {dagbag.py:588} INFO - Filling up the DagBag from /home/airflow/.local/lib/python3.12/site-packages/airflow/example_dags/example_task_group_decorator.py
[2026-04-12T11:16:05.817+0000] {processor.py:925} INFO - DAG(s) 'example_task_group_decorator' retrieved from /home/airflow/.local/lib/python3.12/site-packages/airflow/example_dags/example_task_group_decorator.py
[2026-04-12T11:16:05.846+0000] {logging_mixin.py:190} INFO - [2026-04-12T11:16:05.846+0000] {dag.py:3239} INFO - Sync 1 DAGs
[2026-04-12T11:16:05.856+0000] {logging_mixin.py:190} INFO - [2026-04-12T11:16:05.856+0000] {dag.py:4180} INFO - Setting next_dagrun for example_task_group_decorator to None, run_after=None
[2026-04-12T11:16:05.867+0000] {processor.py:208} INFO - Processing /home/airflow/.local/lib/python3.12/site-packages/airflow/example_dags/example_task_group_decorator.py took 0.072 seconds
[2026-04-12T11:16:35.983+0000] {processor.py:186} INFO - Started process (PID=2692) to work on /home/airflow/.local/lib/python3.12/site-packages/airflow/example_dags/example_task_group_decorator.py
[2026-04-12T11:16:35.984+0000] {processor.py:914} INFO - Processing file /home/airflow/.local/lib/python3.12/site-packages/airflow/example_dags/example_task_group_decorator.py for tasks to queue
[2026-04-12T11:16:35.985+0000] {logging_mixin.py:190} INFO - [2026-04-12T11:16:35.985+0000] {dagbag.py:588} INFO - Filling up the DagBag from /home/airflow/.local/lib/python3.12/site-packages/airflow/example_dags/example_task_group_decorator.py
[2026-04-12T11:16:35.995+0000] {processor.py:925} INFO - DAG(s) 'example_task_group_decorator' retrieved from /home/airflow/.local/lib/python3.12/site-packages/airflow/example_dags/example_task_group_decorator.py
[2026-04-12T11:16:36.010+0000] {logging_mixin.py:190} INFO - [2026-04-12T11:16:36.010+0000] {dag.py:3239} INFO - Sync 1 DAGs
[2026-04-12T11:16:36.019+0000] {logging_mixin.py:190} INFO - [2026-04-12T11:16:36.018+0000] {dag.py:4180} INFO - Setting next_dagrun for example_task_group_decorator to None, run_after=None
[2026-04-12T11:16:36.030+0000] {processor.py:208} INFO - Processing /home/airflow/.local/lib/python3.12/site-packages/airflow/example_dags/example_task_group_decorator.py took 0.050 seconds
[2026-04-12T11:17:07.000+0000] {processor.py:186} INFO - Started process (PID=2998) to work on /home/airflow/.local/lib/python3.12/site-packages/airflow/example_dags/example_task_group_decorator.py
[2026-04-12T11:17:07.002+0000] {processor.py:914} INFO - Processing file /home/airflow/.local/lib/python3.12/site-packages/airflow/example_dags/example_task_group_decorator.py for tasks to queue
[2026-04-12T11:17:07.003+0000] {logging_mixin.py:190} INFO - [2026-04-12T11:17:07.003+0000] {dagbag.py:588} INFO - Filling up the DagBag from /home/airflow/.local/lib/python3.12/site-packages/airflow/example_dags/example_task_group_decorator.py
[2026-04-12T11:17:07.014+0000] {processor.py:925} INFO - DAG(s) 'example_task_group_decorator' retrieved from /home/airflow/.local/lib/python3.12/site-packages/airflow/example_dags/example_task_group_decorator.py
[2026-04-12T11:17:07.030+0000] {logging_mixin.py:190} INFO - [2026-04-12T11:17:07.030+0000] {dag.py:3239} INFO - Sync 1 DAGs
[2026-04-12T11:17:07.038+0000] {logging_mixin.py:190} INFO - [2026-04-12T11:17:07.038+0000] {dag.py:4180} INFO - Setting next_dagrun for example_task_group_decorator to None, run_after=None
[2026-04-12T11:17:07.048+0000] {processor.py:208} INFO - Processing /home/airflow/.local/lib/python3.12/site-packages/airflow/example_dags/example_task_group_decorator.py took 0.052 seconds
[2026-04-12T11:17:37.887+0000] {processor.py:186} INFO - Started process (PID=3294) to work on /home/airflow/.local/lib/python3.12/site-packages/airflow/example_dags/example_task_group_decorator.py
[2026-04-12T11:17:37.888+0000] {processor.py:914} INFO - Processing file /home/airflow/.local/lib/python3.12/site-packages/airflow/example_dags/example_task_group_decorator.py for tasks to queue
[2026-04-12T11:17:37.889+0000] {logging_mixin.py:190} INFO - [2026-04-12T11:17:37.889+0000] {dagbag.py:588} INFO - Filling up the DagBag from /home/airflow/.local/lib/python3.12/site-packages/airflow/example_dags/example_task_group_decorator.py
[2026-04-12T11:17:37.901+0000] {processor.py:925} INFO - DAG(s) 'example_task_group_decorator' retrieved from /home/airflow/.local/lib/python3.12/site-packages/airflow/example_dags/example_task_group_decorator.py
[2026-04-12T11:17:37.917+0000] {logging_mixin.py:190} INFO - [2026-04-12T11:17:37.916+0000] {dag.py:3239} INFO - Sync 1 DAGs
[2026-04-12T11:17:37.926+0000] {logging_mixin.py:190} INFO - [2026-04-12T11:17:37.926+0000] {dag.py:4180} INFO - Setting next_dagrun for example_task_group_decorator to None, run_after=None
[2026-04-12T11:17:37.937+0000] {processor.py:208} INFO - Processing /home/airflow/.local/lib/python3.12/site-packages/airflow/example_dags/example_task_group_decorator.py took 0.054 seconds
[2026-04-12T11:18:08.544+0000] {processor.py:186} INFO - Started process (PID=3598) to work on /home/airflow/.local/lib/python3.12/site-packages/airflow/example_dags/example_task_group_decorator.py
[2026-04-12T11:18:08.545+0000] {processor.py:914} INFO - Processing file /home/airflow/.local/lib/python3.12/site-packages/airflow/example_dags/example_task_group_decorator.py for tasks to queue
[2026-04-12T11:18:08.547+0000] {logging_mixin.py:190} INFO - [2026-04-12T11:18:08.547+0000] {dagbag.py:588} INFO - Filling up the DagBag from /home/airflow/.local/lib/python3.12/site-packages/airflow/example_dags/example_task_group_decorator.py
[2026-04-12T11:18:08.563+0000] {processor.py:925} INFO - DAG(s) 'example_task_group_decorator' retrieved from /home/airflow/.local/lib/python3.12/site-packages/airflow/example_dags/example_task_group_decorator.py
[2026-04-12T11:18:08.584+0000] {logging_mixin.py:190} INFO - [2026-04-12T11:18:08.584+0000] {dag.py:3239} INFO - Sync 1 DAGs
[2026-04-12T11:18:08.593+0000] {logging_mixin.py:190} INFO - [2026-04-12T11:18:08.593+0000] {dag.py:4180} INFO - Setting next_dagrun for example_task_group_decorator to None, run_after=None
[2026-04-12T11:18:08.603+0000] {processor.py:208} INFO - Processing /home/airflow/.local/lib/python3.12/site-packages/airflow/example_dags/example_task_group_decorator.py took 0.063 seconds
[2026-04-12T11:18:39.036+0000] {processor.py:186} INFO - Started process (PID=3897) to work on /home/airflow/.local/lib/python3.12/site-packages/airflow/example_dags/example_task_group_decorator.py
[2026-04-12T11:18:39.038+0000] {processor.py:914} INFO - Processing file /home/airflow/.local/lib/python3.12/site-packages/airflow/example_dags/example_task_group_decorator.py for tasks to queue
[2026-04-12T11:18:39.040+0000] {logging_mixin.py:190} INFO - [2026-04-12T11:18:39.040+0000] {dagbag.py:588} INFO - Filling up the DagBag from /home/airflow/.local/lib/python3.12/site-packages/airflow/example_dags/example_task_group_decorator.py
[2026-04-12T11:18:39.055+0000] {processor.py:925} INFO - DAG(s) 'example_task_group_decorator' retrieved from /home/airflow/.local/lib/python3.12/site-packages/airflow/example_dags/example_task_group_decorator.py
[2026-04-12T11:18:39.079+0000] {logging_mixin.py:190} INFO - [2026-04-12T11:18:39.079+0000] {dag.py:3239} INFO - Sync 1 DAGs
[2026-04-12T11:18:39.092+0000] {logging_mixin.py:190} INFO - [2026-04-12T11:18:39.092+0000] {dag.py:4180} INFO - Setting next_dagrun for example_task_group_decorator to None, run_after=None
[2026-04-12T11:18:39.105+0000] {processor.py:208} INFO - Processing /home/airflow/.local/lib/python3.12/site-packages/airflow/example_dags/example_task_group_decorator.py took 0.076 seconds
[2026-04-12T11:19:09.403+0000] {processor.py:186} INFO - Started process (PID=4210) to work on /home/airflow/.local/lib/python3.12/site-packages/airflow/example_dags/example_task_group_decorator.py
[2026-04-12T11:19:09.404+0000] {processor.py:914} INFO - Processing file /home/airflow/.local/lib/python3.12/site-packages/airflow/example_dags/example_task_group_decorator.py for tasks to queue
[2026-04-12T11:19:09.405+0000] {logging_mixin.py:190} INFO - [2026-04-12T11:19:09.405+0000] {dagbag.py:588} INFO - Filling up the DagBag from /home/airflow/.local/lib/python3.12/site-packages/airflow/example_dags/example_task_group_decorator.py
[2026-04-12T11:19:09.414+0000] {processor.py:925} INFO - DAG(s) 'example_task_group_decorator' retrieved from /home/airflow/.local/lib/python3.12/site-packages/airflow/example_dags/example_task_group_decorator.py
[2026-04-12T11:19:09.429+0000] {logging_mixin.py:190} INFO - [2026-04-12T11:19:09.429+0000] {dag.py:3239} INFO - Sync 1 DAGs
[2026-04-12T11:19:09.438+0000] {logging_mixin.py:190} INFO - [2026-04-12T11:19:09.438+0000] {dag.py:4180} INFO - Setting next_dagrun for example_task_group_decorator to None, run_after=None
[2026-04-12T11:19:09.449+0000] {processor.py:208} INFO - Processing /home/airflow/.local/lib/python3.12/site-packages/airflow/example_dags/example_task_group_decorator.py took 0.049 seconds
[2026-04-12T11:19:40.259+0000] {processor.py:186} INFO - Started process (PID=4506) to work on /home/airflow/.local/lib/python3.12/site-packages/airflow/example_dags/example_task_group_decorator.py
[2026-04-12T11:19:40.260+0000] {processor.py:914} INFO - Processing file /home/airflow/.local/lib/python3.12/site-packages/airflow/example_dags/example_task_group_decorator.py for tasks to queue
[2026-04-12T11:19:40.261+0000] {logging_mixin.py:190} INFO - [2026-04-12T11:19:40.261+0000] {dagbag.py:588} INFO - Filling up the DagBag from /home/airflow/.local/lib/python3.12/site-packages/airflow/example_dags/example_task_group_decorator.py
[2026-04-12T11:19:40.270+0000] {processor.py:925} INFO - DAG(s) 'example_task_group_decorator' retrieved from /home/airflow/.local/lib/python3.12/site-packages/airflow/example_dags/example_task_group_decorator.py
[2026-04-12T11:19:40.285+0000] {logging_mixin.py:190} INFO - [2026-04-12T11:19:40.285+0000] {dag.py:3239} INFO - Sync 1 DAGs
[2026-04-12T11:19:40.293+0000] {logging_mixin.py:190} INFO - [2026-04-12T11:19:40.293+0000] {dag.py:4180} INFO - Setting next_dagrun for example_task_group_decorator to None, run_after=None
[2026-04-12T11:19:40.303+0000] {processor.py:208} INFO - Processing /home/airflow/.local/lib/python3.12/site-packages/airflow/example_dags/example_task_group_decorator.py took 0.048 seconds
[2026-04-12T11:20:11.169+0000] {processor.py:186} INFO - Started process (PID=4802) to work on /home/airflow/.local/lib/python3.12/site-packages/airflow/example_dags/example_task_group_decorator.py
[2026-04-12T11:20:11.170+0000] {processor.py:914} INFO - Processing file /home/airflow/.local/lib/python3.12/site-packages/airflow/example_dags/example_task_group_decorator.py for tasks to queue
[2026-04-12T11:20:11.171+0000] {logging_mixin.py:190} INFO - [2026-04-12T11:20:11.171+0000] {dagbag.py:588} INFO - Filling up the DagBag from /home/airflow/.local/lib/python3.12/site-packages/airflow/example_dags/example_task_group_decorator.py
[2026-04-12T11:20:11.181+0000] {processor.py:925} INFO - DAG(s) 'example_task_group_decorator' retrieved from /home/airflow/.local/lib/python3.12/site-packages/airflow/example_dags/example_task_group_decorator.py
[2026-04-12T11:20:11.196+0000] {logging_mixin.py:190} INFO - [2026-04-12T11:20:11.196+0000] {dag.py:3239} INFO - Sync 1 DAGs
[2026-04-12T11:20:11.204+0000] {logging_mixin.py:190} INFO - [2026-04-12T11:20:11.204+0000] {dag.py:4180} INFO - Setting next_dagrun for example_task_group_decorator to None, run_after=None
[2026-04-12T11:20:11.214+0000] {processor.py:208} INFO - Processing /home/airflow/.local/lib/python3.12/site-packages/airflow/example_dags/example_task_group_decorator.py took 0.049 seconds
[2026-04-12T11:20:44.255+0000] {processor.py:186} INFO - Started process (PID=5096) to work on /home/airflow/.local/lib/python3.12/site-packages/airflow/example_dags/example_task_group_decorator.py
[2026-04-12T11:20:44.258+0000] {processor.py:914} INFO - Processing file /home/airflow/.local/lib/python3.12/site-packages/airflow/example_dags/example_task_group_decorator.py for tasks to queue
[2026-04-12T11:20:44.260+0000] {logging_mixin.py:190} INFO - [2026-04-12T11:20:44.260+0000] {dagbag.py:588} INFO - Filling up the DagBag from /home/airflow/.local/lib/python3.12/site-packages/airflow/example_dags/example_task_group_decorator.py
[2026-04-12T11:20:44.279+0000] {processor.py:925} INFO - DAG(s) 'example_task_group_decorator' retrieved from /home/airflow/.local/lib/python3.12/site-packages/airflow/example_dags/example_task_group_decorator.py
[2026-04-12T11:20:44.312+0000] {logging_mixin.py:190} INFO - [2026-04-12T11:20:44.312+0000] {dag.py:3239} INFO - Sync 1 DAGs
[2026-04-12T11:20:44.332+0000] {logging_mixin.py:190} INFO - [2026-04-12T11:20:44.332+0000] {dag.py:4180} INFO - Setting next_dagrun for example_task_group_decorator to None, run_after=None
[2026-04-12T11:20:44.359+0000] {processor.py:208} INFO - Processing /home/airflow/.local/lib/python3.12/site-packages/airflow/example_dags/example_task_group_decorator.py took 0.113 seconds
[2026-04-12T11:21:14.948+0000] {processor.py:186} INFO - Started process (PID=5394) to work on /home/airflow/.local/lib/python3.12/site-packages/airflow/example_dags/example_task_group_decorator.py
[2026-04-12T11:21:14.949+0000] {processor.py:914} INFO - Processing file /home/airflow/.local/lib/python3.12/site-packages/airflow/example_dags/example_task_group_decorator.py for tasks to queue
[2026-04-12T11:21:14.951+0000] {logging_mixin.py:190} INFO - [2026-04-12T11:21:14.950+0000] {dagbag.py:588} INFO - Filling up the DagBag from /home/airflow/.local/lib/python3.12/site-packages/airflow/example_dags/example_task_group_decorator.py
[2026-04-12T11:21:14.973+0000] {processor.py:925} INFO - DAG(s) 'example_task_group_decorator' retrieved from /home/airflow/.local/lib/python3.12/site-packages/airflow/example_dags/example_task_group_decorator.py
[2026-04-12T11:21:15.001+0000] {logging_mixin.py:190} INFO - [2026-04-12T11:21:15.001+0000] {dag.py:3239} INFO - Sync 1 DAGs
[2026-04-12T11:21:15.010+0000] {logging_mixin.py:190} INFO - [2026-04-12T11:21:15.010+0000] {dag.py:4180} INFO - Setting next_dagrun for example_task_group_decorator to None, run_after=None
[2026-04-12T11:21:15.023+0000] {processor.py:208} INFO - Processing /home/airflow/.local/lib/python3.12/site-packages/airflow/example_dags/example_task_group_decorator.py took 0.080 seconds
[2026-04-12T11:21:45.434+0000] {processor.py:186} INFO - Started process (PID=5688) to work on /home/airflow/.local/lib/python3.12/site-packages/airflow/example_dags/example_task_group_decorator.py
[2026-04-12T11:21:45.436+0000] {processor.py:914} INFO - Processing file /home/airflow/.local/lib/python3.12/site-packages/airflow/example_dags/example_task_group_decorator.py for tasks to queue
[2026-04-12T11:21:45.438+0000] {logging_mixin.py:190} INFO - [2026-04-12T11:21:45.438+0000] {dagbag.py:588} INFO - Filling up the DagBag from /home/airflow/.local/lib/python3.12/site-packages/airflow/example_dags/example_task_group_decorator.py
[2026-04-12T11:21:45.452+0000] {processor.py:925} INFO - DAG(s) 'example_task_group_decorator' retrieved from /home/airflow/.local/lib/python3.12/site-packages/airflow/example_dags/example_task_group_decorator.py
[2026-04-12T11:21:45.474+0000] {logging_mixin.py:190} INFO - [2026-04-12T11:21:45.474+0000] {dag.py:3239} INFO - Sync 1 DAGs
[2026-04-12T11:21:45.487+0000] {logging_mixin.py:190} INFO - [2026-04-12T11:21:45.487+0000] {dag.py:4180} INFO - Setting next_dagrun for example_task_group_decorator to None, run_after=None
[2026-04-12T11:21:45.501+0000] {processor.py:208} INFO - Processing /home/airflow/.local/lib/python3.12/site-packages/airflow/example_dags/example_task_group_decorator.py took 0.072 seconds
[2026-04-12T11:22:15.548+0000] {processor.py:186} INFO - Started process (PID=5984) to work on /home/airflow/.local/lib/python3.12/site-packages/airflow/example_dags/example_task_group_decorator.py
[2026-04-12T11:22:15.549+0000] {processor.py:914} INFO - Processing file /home/airflow/.local/lib/python3.12/site-packages/airflow/example_dags/example_task_group_decorator.py for tasks to queue
[2026-04-12T11:22:15.551+0000] {logging_mixin.py:190} INFO - [2026-04-12T11:22:15.550+0000] {dagbag.py:588} INFO - Filling up the DagBag from /home/airflow/.local/lib/python3.12/site-packages/airflow/example_dags/example_task_group_decorator.py
[2026-04-12T11:22:15.565+0000] {processor.py:925} INFO - DAG(s) 'example_task_group_decorator' retrieved from /home/airflow/.local/lib/python3.12/site-packages/airflow/example_dags/example_task_group_decorator.py
[2026-04-12T11:22:15.581+0000] {logging_mixin.py:190} INFO - [2026-04-12T11:22:15.581+0000] {dag.py:3239} INFO - Sync 1 DAGs
[2026-04-12T11:22:15.604+0000] {logging_mixin.py:190} INFO - [2026-04-12T11:22:15.604+0000] {dag.py:4180} INFO - Setting next_dagrun for example_task_group_decorator to None, run_after=None
[2026-04-12T11:22:15.617+0000] {processor.py:208} INFO - Processing /home/airflow/.local/lib/python3.12/site-packages/airflow/example_dags/example_task_group_decorator.py took 0.087 seconds
[2026-04-12T11:22:45.830+0000] {processor.py:186} INFO - Started process (PID=6279) to work on /home/airflow/.local/lib/python3.12/site-packages/airflow/example_dags/example_task_group_decorator.py
[2026-04-12T11:22:45.831+0000] {processor.py:914} INFO - Processing file /home/airflow/.local/lib/python3.12/site-packages/airflow/example_dags/example_task_group_decorator.py for tasks to queue
[2026-04-12T11:22:45.832+0000] {logging_mixin.py:190} INFO - [2026-04-12T11:22:45.832+0000] {dagbag.py:588} INFO - Filling up the DagBag from /home/airflow/.local/lib/python3.12/site-packages/airflow/example_dags/example_task_group_decorator.py
[2026-04-12T11:22:45.843+0000] {processor.py:925} INFO - DAG(s) 'example_task_group_decorator' retrieved from /home/airflow/.local/lib/python3.12/site-packages/airflow/example_dags/example_task_group_decorator.py
[2026-04-12T11:22:45.861+0000] {logging_mixin.py:190} INFO - [2026-04-12T11:22:45.861+0000] {dag.py:3239} INFO - Sync 1 DAGs
[2026-04-12T11:22:45.870+0000] {logging_mixin.py:190} INFO - [2026-04-12T11:22:45.870+0000] {dag.py:4180} INFO - Setting next_dagrun for example_task_group_decorator to None, run_after=None
[2026-04-12T11:22:45.886+0000] {processor.py:208} INFO - Processing /home/airflow/.local/lib/python3.12/site-packages/airflow/example_dags/example_task_group_decorator.py took 0.061 seconds
[2026-04-12T11:23:15.971+0000] {processor.py:186} INFO - Started process (PID=6577) to work on /home/airflow/.local/lib/python3.12/site-packages/airflow/example_dags/example_task_group_decorator.py
[2026-04-12T11:23:15.972+0000] {processor.py:914} INFO - Processing file /home/airflow/.local/lib/python3.12/site-packages/airflow/example_dags/example_task_group_decorator.py for tasks to queue
[2026-04-12T11:23:15.974+0000] {logging_mixin.py:190} INFO - [2026-04-12T11:23:15.974+0000] {dagbag.py:588} INFO - Filling up the DagBag from /home/airflow/.local/lib/python3.12/site-packages/airflow/example_dags/example_task_group_decorator.py
[2026-04-12T11:23:15.987+0000] {processor.py:925} INFO - DAG(s) 'example_task_group_decorator' retrieved from /home/airflow/.local/lib/python3.12/site-packages/airflow/example_dags/example_task_group_decorator.py
[2026-04-12T11:23:16.006+0000] {logging_mixin.py:190} INFO - [2026-04-12T11:23:16.005+0000] {dag.py:3239} INFO - Sync 1 DAGs
[2026-04-12T11:23:16.017+0000] {logging_mixin.py:190} INFO - [2026-04-12T11:23:16.017+0000] {dag.py:4180} INFO - Setting next_dagrun for example_task_group_decorator to None, run_after=None
[2026-04-12T11:23:16.036+0000] {processor.py:208} INFO - Processing /home/airflow/.local/lib/python3.12/site-packages/airflow/example_dags/example_task_group_decorator.py took 0.070 seconds
[2026-04-12T11:23:46.530+0000] {processor.py:186} INFO - Started process (PID=6873) to work on /home/airflow/.local/lib/python3.12/site-packages/airflow/example_dags/example_task_group_decorator.py
[2026-04-12T11:23:46.531+0000] {processor.py:914} INFO - Processing file /home/airflow/.local/lib/python3.12/site-packages/airflow/example_dags/example_task_group_decorator.py for tasks to queue
[2026-04-12T11:23:46.532+0000] {logging_mixin.py:190} INFO - [2026-04-12T11:23:46.532+0000] {dagbag.py:588} INFO - Filling up the DagBag from /home/airflow/.local/lib/python3.12/site-packages/airflow/example_dags/example_task_group_decorator.py
[2026-04-12T11:23:46.542+0000] {processor.py:925} INFO - DAG(s) 'example_task_group_decorator' retrieved from /home/airflow/.local/lib/python3.12/site-packages/airflow/example_dags/example_task_group_decorator.py
[2026-04-12T11:23:46.562+0000] {logging_mixin.py:190} INFO - [2026-04-12T11:23:46.562+0000] {dag.py:3239} INFO - Sync 1 DAGs
[2026-04-12T11:23:46.572+0000] {logging_mixin.py:190} INFO - [2026-04-12T11:23:46.572+0000] {dag.py:4180} INFO - Setting next_dagrun for example_task_group_decorator to None, run_after=None
[2026-04-12T11:23:46.588+0000] {processor.py:208} INFO - Processing /home/airflow/.local/lib/python3.12/site-packages/airflow/example_dags/example_task_group_decorator.py took 0.062 seconds
[2026-04-12T11:24:16.834+0000] {processor.py:186} INFO - Started process (PID=7167) to work on /home/airflow/.local/lib/python3.12/site-packages/airflow/example_dags/example_task_group_decorator.py
[2026-04-12T11:24:16.837+0000] {processor.py:914} INFO - Processing file /home/airflow/.local/lib/python3.12/site-packages/airflow/example_dags/example_task_group_decorator.py for tasks to queue
[2026-04-12T11:24:16.838+0000] {logging_mixin.py:190} INFO - [2026-04-12T11:24:16.838+0000] {dagbag.py:588} INFO - Filling up the DagBag from /home/airflow/.local/lib/python3.12/site-packages/airflow/example_dags/example_task_group_decorator.py
[2026-04-12T11:24:16.850+0000] {processor.py:925} INFO - DAG(s) 'example_task_group_decorator' retrieved from /home/airflow/.local/lib/python3.12/site-packages/airflow/example_dags/example_task_group_decorator.py
[2026-04-12T11:24:16.874+0000] {logging_mixin.py:190} INFO - [2026-04-12T11:24:16.874+0000] {dag.py:3239} INFO - Sync 1 DAGs
[2026-04-12T11:24:16.885+0000] {logging_mixin.py:190} INFO - [2026-04-12T11:24:16.885+0000] {dag.py:4180} INFO - Setting next_dagrun for example_task_group_decorator to None, run_after=None
[2026-04-12T11:24:16.897+0000] {processor.py:208} INFO - Processing /home/airflow/.local/lib/python3.12/site-packages/airflow/example_dags/example_task_group_decorator.py took 0.066 seconds
[2026-04-12T11:24:47.909+0000] {processor.py:186} INFO - Started process (PID=7463) to work on /home/airflow/.local/lib/python3.12/site-packages/airflow/example_dags/example_task_group_decorator.py
[2026-04-12T11:24:47.910+0000] {processor.py:914} INFO - Processing file /home/airflow/.local/lib/python3.12/site-packages/airflow/example_dags/example_task_group_decorator.py for tasks to queue
[2026-04-12T11:24:47.912+0000] {logging_mixin.py:190} INFO - [2026-04-12T11:24:47.912+0000] {dagbag.py:588} INFO - Filling up the DagBag from /home/airflow/.local/lib/python3.12/site-packages/airflow/example_dags/example_task_group_decorator.py
[2026-04-12T11:24:47.926+0000] {processor.py:925} INFO - DAG(s) 'example_task_group_decorator' retrieved from /home/airflow/.local/lib/python3.12/site-packages/airflow/example_dags/example_task_group_decorator.py
[2026-04-12T11:24:47.946+0000] {logging_mixin.py:190} INFO - [2026-04-12T11:24:47.946+0000] {dag.py:3239} INFO - Sync 1 DAGs
[2026-04-12T11:24:47.959+0000] {logging_mixin.py:190} INFO - [2026-04-12T11:24:47.959+0000] {dag.py:4180} INFO - Setting next_dagrun for example_task_group_decorator to None, run_after=None
[2026-04-12T11:24:47.973+0000] {processor.py:208} INFO - Processing /home/airflow/.local/lib/python3.12/site-packages/airflow/example_dags/example_task_group_decorator.py took 0.068 seconds
[2026-04-12T11:25:18.134+0000] {processor.py:186} INFO - Started process (PID=7759) to work on /home/airflow/.local/lib/python3.12/site-packages/airflow/example_dags/example_task_group_decorator.py
[2026-04-12T11:25:18.135+0000] {processor.py:914} INFO - Processing file /home/airflow/.local/lib/python3.12/site-packages/airflow/example_dags/example_task_group_decorator.py for tasks to queue
[2026-04-12T11:25:18.138+0000] {logging_mixin.py:190} INFO - [2026-04-12T11:25:18.137+0000] {dagbag.py:588} INFO - Filling up the DagBag from /home/airflow/.local/lib/python3.12/site-packages/airflow/example_dags/example_task_group_decorator.py
[2026-04-12T11:25:18.148+0000] {processor.py:925} INFO - DAG(s) 'example_task_group_decorator' retrieved from /home/airflow/.local/lib/python3.12/site-packages/airflow/example_dags/example_task_group_decorator.py
[2026-04-12T11:25:18.169+0000] {logging_mixin.py:190} INFO - [2026-04-12T11:25:18.169+0000] {dag.py:3239} INFO - Sync 1 DAGs
[2026-04-12T11:25:18.178+0000] {logging_mixin.py:190} INFO - [2026-04-12T11:25:18.178+0000] {dag.py:4180} INFO - Setting next_dagrun for example_task_group_decorator to None, run_after=None
[2026-04-12T11:25:18.189+0000] {processor.py:208} INFO - Processing /home/airflow/.local/lib/python3.12/site-packages/airflow/example_dags/example_task_group_decorator.py took 0.060 seconds
[2026-04-12T11:25:48.335+0000] {processor.py:186} INFO - Started process (PID=8057) to work on /home/airflow/.local/lib/python3.12/site-packages/airflow/example_dags/example_task_group_decorator.py
[2026-04-12T11:25:48.335+0000] {processor.py:914} INFO - Processing file /home/airflow/.local/lib/python3.12/site-packages/airflow/example_dags/example_task_group_decorator.py for tasks to queue
[2026-04-12T11:25:48.337+0000] {logging_mixin.py:190} INFO - [2026-04-12T11:25:48.337+0000] {dagbag.py:588} INFO - Filling up the DagBag from /home/airflow/.local/lib/python3.12/site-packages/airflow/example_dags/example_task_group_decorator.py
[2026-04-12T11:25:48.350+0000] {processor.py:925} INFO - DAG(s) 'example_task_group_decorator' retrieved from /home/airflow/.local/lib/python3.12/site-packages/airflow/example_dags/example_task_group_decorator.py
[2026-04-12T11:25:48.366+0000] {logging_mixin.py:190} INFO - [2026-04-12T11:25:48.366+0000] {dag.py:3239} INFO - Sync 1 DAGs
[2026-04-12T11:25:48.376+0000] {logging_mixin.py:190} INFO - [2026-04-12T11:25:48.376+0000] {dag.py:4180} INFO - Setting next_dagrun for example_task_group_decorator to None, run_after=None
[2026-04-12T11:25:48.390+0000] {processor.py:208} INFO - Processing /home/airflow/.local/lib/python3.12/site-packages/airflow/example_dags/example_task_group_decorator.py took 0.060 seconds
[2026-04-12T11:27:09.873+0000] {processor.py:186} INFO - Started process (PID=8227) to work on /home/airflow/.local/lib/python3.12/site-packages/airflow/example_dags/example_task_group_decorator.py
[2026-04-12T11:27:09.874+0000] {processor.py:914} INFO - Processing file /home/airflow/.local/lib/python3.12/site-packages/airflow/example_dags/example_task_group_decorator.py for tasks to queue
[2026-04-12T11:27:09.875+0000] {logging_mixin.py:190} INFO - [2026-04-12T11:27:09.875+0000] {dagbag.py:588} INFO - Filling up the DagBag from /home/airflow/.local/lib/python3.12/site-packages/airflow/example_dags/example_task_group_decorator.py
[2026-04-12T11:27:09.885+0000] {processor.py:925} INFO - DAG(s) 'example_task_group_decorator' retrieved from /home/airflow/.local/lib/python3.12/site-packages/airflow/example_dags/example_task_group_decorator.py
[2026-04-12T11:27:09.900+0000] {logging_mixin.py:190} INFO - [2026-04-12T11:27:09.900+0000] {dag.py:3239} INFO - Sync 1 DAGs
[2026-04-12T11:27:09.908+0000] {logging_mixin.py:190} INFO - [2026-04-12T11:27:09.908+0000] {dag.py:4180} INFO - Setting next_dagrun for example_task_group_decorator to None, run_after=None
[2026-04-12T11:27:09.919+0000] {processor.py:208} INFO - Processing /home/airflow/.local/lib/python3.12/site-packages/airflow/example_dags/example_task_group_decorator.py took 0.050 seconds
[2026-04-12T11:29:46.015+0000] {processor.py:186} INFO - Started process (PID=8523) to work on /home/airflow/.local/lib/python3.12/site-packages/airflow/example_dags/example_task_group_decorator.py
[2026-04-12T11:29:46.016+0000] {processor.py:914} INFO - Processing file /home/airflow/.local/lib/python3.12/site-packages/airflow/example_dags/example_task_group_decorator.py for tasks to queue
[2026-04-12T11:29:46.018+0000] {logging_mixin.py:190} INFO - [2026-04-12T11:29:46.017+0000] {dagbag.py:588} INFO - Filling up the DagBag from /home/airflow/.local/lib/python3.12/site-packages/airflow/example_dags/example_task_group_decorator.py
[2026-04-12T11:29:46.033+0000] {processor.py:925} INFO - DAG(s) 'example_task_group_decorator' retrieved from /home/airflow/.local/lib/python3.12/site-packages/airflow/example_dags/example_task_group_decorator.py
[2026-04-12T11:29:46.059+0000] {logging_mixin.py:190} INFO - [2026-04-12T11:29:46.059+0000] {dag.py:3239} INFO - Sync 1 DAGs
[2026-04-12T11:29:46.071+0000] {logging_mixin.py:190} INFO - [2026-04-12T11:29:46.071+0000] {dag.py:4180} INFO - Setting next_dagrun for example_task_group_decorator to None, run_after=None
[2026-04-12T11:29:46.089+0000] {processor.py:208} INFO - Processing /home/airflow/.local/lib/python3.12/site-packages/airflow/example_dags/example_task_group_decorator.py took 0.079 seconds
[2026-04-12T11:30:16.194+0000] {processor.py:186} INFO - Started process (PID=8817) to work on /home/airflow/.local/lib/python3.12/site-packages/airflow/example_dags/example_task_group_decorator.py
[2026-04-12T11:30:16.198+0000] {processor.py:914} INFO - Processing file /home/airflow/.local/lib/python3.12/site-packages/airflow/example_dags/example_task_group_decorator.py for tasks to queue
[2026-04-12T11:30:16.199+0000] {logging_mixin.py:190} INFO - [2026-04-12T11:30:16.199+0000] {dagbag.py:588} INFO - Filling up the DagBag from /home/airflow/.local/lib/python3.12/site-packages/airflow/example_dags/example_task_group_decorator.py
[2026-04-12T11:30:16.209+0000] {processor.py:925} INFO - DAG(s) 'example_task_group_decorator' retrieved from /home/airflow/.local/lib/python3.12/site-packages/airflow/example_dags/example_task_group_decorator.py
[2026-04-12T11:30:16.229+0000] {logging_mixin.py:190} INFO - [2026-04-12T11:30:16.229+0000] {dag.py:3239} INFO - Sync 1 DAGs
[2026-04-12T11:30:16.241+0000] {logging_mixin.py:190} INFO - [2026-04-12T11:30:16.241+0000] {dag.py:4180} INFO - Setting next_dagrun for example_task_group_decorator to None, run_after=None
[2026-04-12T11:30:16.252+0000] {processor.py:208} INFO - Processing /home/airflow/.local/lib/python3.12/site-packages/airflow/example_dags/example_task_group_decorator.py took 0.061 seconds
[2026-04-12T11:30:46.721+0000] {processor.py:186} INFO - Started process (PID=9115) to work on /home/airflow/.local/lib/python3.12/site-packages/airflow/example_dags/example_task_group_decorator.py
[2026-04-12T11:30:46.722+0000] {processor.py:914} INFO - Processing file /home/airflow/.local/lib/python3.12/site-packages/airflow/example_dags/example_task_group_decorator.py for tasks to queue
[2026-04-12T11:30:46.723+0000] {logging_mixin.py:190} INFO - [2026-04-12T11:30:46.723+0000] {dagbag.py:588} INFO - Filling up the DagBag from /home/airflow/.local/lib/python3.12/site-packages/airflow/example_dags/example_task_group_decorator.py
[2026-04-12T11:30:46.733+0000] {processor.py:925} INFO - DAG(s) 'example_task_group_decorator' retrieved from /home/airflow/.local/lib/python3.12/site-packages/airflow/example_dags/example_task_group_decorator.py
[2026-04-12T11:30:46.748+0000] {logging_mixin.py:190} INFO - [2026-04-12T11:30:46.748+0000] {dag.py:3239} INFO - Sync 1 DAGs
[2026-04-12T11:30:46.756+0000] {logging_mixin.py:190} INFO - [2026-04-12T11:30:46.756+0000] {dag.py:4180} INFO - Setting next_dagrun for example_task_group_decorator to None, run_after=None
[2026-04-12T11:30:46.767+0000] {processor.py:208} INFO - Processing /home/airflow/.local/lib/python3.12/site-packages/airflow/example_dags/example_task_group_decorator.py took 0.050 seconds
[2026-04-12T11:31:16.867+0000] {processor.py:186} INFO - Started process (PID=9410) to work on /home/airflow/.local/lib/python3.12/site-packages/airflow/example_dags/example_task_group_decorator.py
[2026-04-12T11:31:16.867+0000] {processor.py:914} INFO - Processing file /home/airflow/.local/lib/python3.12/site-packages/airflow/example_dags/example_task_group_decorator.py for tasks to queue
[2026-04-12T11:31:16.869+0000] {logging_mixin.py:190} INFO - [2026-04-12T11:31:16.869+0000] {dagbag.py:588} INFO - Filling up the DagBag from /home/airflow/.local/lib/python3.12/site-packages/airflow/example_dags/example_task_group_decorator.py
[2026-04-12T11:31:16.878+0000] {processor.py:925} INFO - DAG(s) 'example_task_group_decorator' retrieved from /home/airflow/.local/lib/python3.12/site-packages/airflow/example_dags/example_task_group_decorator.py
[2026-04-12T11:31:16.893+0000] {logging_mixin.py:190} INFO - [2026-04-12T11:31:16.893+0000] {dag.py:3239} INFO - Sync 1 DAGs
[2026-04-12T11:31:16.901+0000] {logging_mixin.py:190} INFO - [2026-04-12T11:31:16.901+0000] {dag.py:4180} INFO - Setting next_dagrun for example_task_group_decorator to None, run_after=None
[2026-04-12T11:31:16.911+0000] {processor.py:208} INFO - Processing /home/airflow/.local/lib/python3.12/site-packages/airflow/example_dags/example_task_group_decorator.py took 0.048 seconds
[2026-04-12T11:31:47.256+0000] {processor.py:186} INFO - Started process (PID=9704) to work on /home/airflow/.local/lib/python3.12/site-packages/airflow/example_dags/example_task_group_decorator.py
[2026-04-12T11:31:47.259+0000] {processor.py:914} INFO - Processing file /home/airflow/.local/lib/python3.12/site-packages/airflow/example_dags/example_task_group_decorator.py for tasks to queue
[2026-04-12T11:31:47.260+0000] {logging_mixin.py:190} INFO - [2026-04-12T11:31:47.260+0000] {dagbag.py:588} INFO - Filling up the DagBag from /home/airflow/.local/lib/python3.12/site-packages/airflow/example_dags/example_task_group_decorator.py
[2026-04-12T11:31:47.270+0000] {processor.py:925} INFO - DAG(s) 'example_task_group_decorator' retrieved from /home/airflow/.local/lib/python3.12/site-packages/airflow/example_dags/example_task_group_decorator.py
[2026-04-12T11:31:47.293+0000] {logging_mixin.py:190} INFO - [2026-04-12T11:31:47.293+0000] {dag.py:3239} INFO - Sync 1 DAGs
[2026-04-12T11:31:47.302+0000] {logging_mixin.py:190} INFO - [2026-04-12T11:31:47.302+0000] {dag.py:4180} INFO - Setting next_dagrun for example_task_group_decorator to None, run_after=None
[2026-04-12T11:31:47.320+0000] {processor.py:208} INFO - Processing /home/airflow/.local/lib/python3.12/site-packages/airflow/example_dags/example_task_group_decorator.py took 0.068 seconds
[2026-04-12T11:32:18.508+0000] {processor.py:186} INFO - Started process (PID=10000) to work on /home/airflow/.local/lib/python3.12/site-packages/airflow/example_dags/example_task_group_decorator.py
[2026-04-12T11:32:18.509+0000] {processor.py:914} INFO - Processing file /home/airflow/.local/lib/python3.12/site-packages/airflow/example_dags/example_task_group_decorator.py for tasks to queue
[2026-04-12T11:32:18.512+0000] {logging_mixin.py:190} INFO - [2026-04-12T11:32:18.512+0000] {dagbag.py:588} INFO - Filling up the DagBag from /home/airflow/.local/lib/python3.12/site-packages/airflow/example_dags/example_task_group_decorator.py
[2026-04-12T11:32:18.527+0000] {processor.py:925} INFO - DAG(s) 'example_task_group_decorator' retrieved from /home/airflow/.local/lib/python3.12/site-packages/airflow/example_dags/example_task_group_decorator.py
[2026-04-12T11:32:18.549+0000] {logging_mixin.py:190} INFO - [2026-04-12T11:32:18.549+0000] {dag.py:3239} INFO - Sync 1 DAGs
[2026-04-12T11:32:18.562+0000] {logging_mixin.py:190} INFO - [2026-04-12T11:32:18.561+0000] {dag.py:4180} INFO - Setting next_dagrun for example_task_group_decorator to None, run_after=None
[2026-04-12T11:32:18.577+0000] {processor.py:208} INFO - Processing /home/airflow/.local/lib/python3.12/site-packages/airflow/example_dags/example_task_group_decorator.py took 0.073 seconds
[2026-04-12T11:32:49.483+0000] {processor.py:186} INFO - Started process (PID=10298) to work on /home/airflow/.local/lib/python3.12/site-packages/airflow/example_dags/example_task_group_decorator.py
[2026-04-12T11:32:49.484+0000] {processor.py:914} INFO - Processing file /home/airflow/.local/lib/python3.12/site-packages/airflow/example_dags/example_task_group_decorator.py for tasks to queue
[2026-04-12T11:32:49.486+0000] {logging_mixin.py:190} INFO - [2026-04-12T11:32:49.485+0000] {dagbag.py:588} INFO - Filling up the DagBag from /home/airflow/.local/lib/python3.12/site-packages/airflow/example_dags/example_task_group_decorator.py
[2026-04-12T11:32:49.496+0000] {processor.py:925} INFO - DAG(s) 'example_task_group_decorator' retrieved from /home/airflow/.local/lib/python3.12/site-packages/airflow/example_dags/example_task_group_decorator.py
[2026-04-12T11:32:49.513+0000] {logging_mixin.py:190} INFO - [2026-04-12T11:32:49.513+0000] {dag.py:3239} INFO - Sync 1 DAGs
[2026-04-12T11:32:49.524+0000] {logging_mixin.py:190} INFO - [2026-04-12T11:32:49.524+0000] {dag.py:4180} INFO - Setting next_dagrun for example_task_group_decorator to None, run_after=None
[2026-04-12T11:32:49.544+0000] {processor.py:208} INFO - Processing /home/airflow/.local/lib/python3.12/site-packages/airflow/example_dags/example_task_group_decorator.py took 0.064 seconds
[2026-04-12T11:33:20.430+0000] {processor.py:186} INFO - Started process (PID=10592) to work on /home/airflow/.local/lib/python3.12/site-packages/airflow/example_dags/example_task_group_decorator.py
[2026-04-12T11:33:20.434+0000] {processor.py:914} INFO - Processing file /home/airflow/.local/lib/python3.12/site-packages/airflow/example_dags/example_task_group_decorator.py for tasks to queue
[2026-04-12T11:33:20.435+0000] {logging_mixin.py:190} INFO - [2026-04-12T11:33:20.435+0000] {dagbag.py:588} INFO - Filling up the DagBag from /home/airflow/.local/lib/python3.12/site-packages/airflow/example_dags/example_task_group_decorator.py
[2026-04-12T11:33:20.449+0000] {processor.py:925} INFO - DAG(s) 'example_task_group_decorator' retrieved from /home/airflow/.local/lib/python3.12/site-packages/airflow/example_dags/example_task_group_decorator.py
[2026-04-12T11:33:20.468+0000] {logging_mixin.py:190} INFO - [2026-04-12T11:33:20.468+0000] {dag.py:3239} INFO - Sync 1 DAGs
[2026-04-12T11:33:20.483+0000] {logging_mixin.py:190} INFO - [2026-04-12T11:33:20.483+0000] {dag.py:4180} INFO - Setting next_dagrun for example_task_group_decorator to None, run_after=None
[2026-04-12T11:33:20.498+0000] {processor.py:208} INFO - Processing /home/airflow/.local/lib/python3.12/site-packages/airflow/example_dags/example_task_group_decorator.py took 0.074 seconds
[2026-04-12T11:33:51.509+0000] {processor.py:186} INFO - Started process (PID=10887) to work on /home/airflow/.local/lib/python3.12/site-packages/airflow/example_dags/example_task_group_decorator.py
[2026-04-12T11:33:51.511+0000] {processor.py:914} INFO - Processing file /home/airflow/.local/lib/python3.12/site-packages/airflow/example_dags/example_task_group_decorator.py for tasks to queue
[2026-04-12T11:33:51.513+0000] {logging_mixin.py:190} INFO - [2026-04-12T11:33:51.512+0000] {dagbag.py:588} INFO - Filling up the DagBag from /home/airflow/.local/lib/python3.12/site-packages/airflow/example_dags/example_task_group_decorator.py
[2026-04-12T11:33:51.524+0000] {processor.py:925} INFO - DAG(s) 'example_task_group_decorator' retrieved from /home/airflow/.local/lib/python3.12/site-packages/airflow/example_dags/example_task_group_decorator.py
[2026-04-12T11:33:51.546+0000] {logging_mixin.py:190} INFO - [2026-04-12T11:33:51.546+0000] {dag.py:3239} INFO - Sync 1 DAGs
[2026-04-12T11:33:51.558+0000] {logging_mixin.py:190} INFO - [2026-04-12T11:33:51.558+0000] {dag.py:4180} INFO - Setting next_dagrun for example_task_group_decorator to None, run_after=None
[2026-04-12T11:33:51.576+0000] {processor.py:208} INFO - Processing /home/airflow/.local/lib/python3.12/site-packages/airflow/example_dags/example_task_group_decorator.py took 0.072 seconds
[2026-04-12T11:34:22.351+0000] {processor.py:186} INFO - Started process (PID=11183) to work on /home/airflow/.local/lib/python3.12/site-packages/airflow/example_dags/example_task_group_decorator.py
[2026-04-12T11:34:22.352+0000] {processor.py:914} INFO - Processing file /home/airflow/.local/lib/python3.12/site-packages/airflow/example_dags/example_task_group_decorator.py for tasks to queue
[2026-04-12T11:34:22.354+0000] {logging_mixin.py:190} INFO - [2026-04-12T11:34:22.354+0000] {dagbag.py:588} INFO - Filling up the DagBag from /home/airflow/.local/lib/python3.12/site-packages/airflow/example_dags/example_task_group_decorator.py
[2026-04-12T11:34:22.369+0000] {processor.py:925} INFO - DAG(s) 'example_task_group_decorator' retrieved from /home/airflow/.local/lib/python3.12/site-packages/airflow/example_dags/example_task_group_decorator.py
[2026-04-12T11:34:22.398+0000] {logging_mixin.py:190} INFO - [2026-04-12T11:34:22.397+0000] {dag.py:3239} INFO - Sync 1 DAGs
[2026-04-12T11:34:22.411+0000] {logging_mixin.py:190} INFO - [2026-04-12T11:34:22.411+0000] {dag.py:4180} INFO - Setting next_dagrun for example_task_group_decorator to None, run_after=None
[2026-04-12T11:34:22.424+0000] {processor.py:208} INFO - Processing /home/airflow/.local/lib/python3.12/site-packages/airflow/example_dags/example_task_group_decorator.py took 0.077 seconds
[2026-04-12T11:34:53.236+0000] {processor.py:186} INFO - Started process (PID=11479) to work on /home/airflow/.local/lib/python3.12/site-packages/airflow/example_dags/example_task_group_decorator.py
[2026-04-12T11:34:53.237+0000] {processor.py:914} INFO - Processing file /home/airflow/.local/lib/python3.12/site-packages/airflow/example_dags/example_task_group_decorator.py for tasks to queue
[2026-04-12T11:34:53.240+0000] {logging_mixin.py:190} INFO - [2026-04-12T11:34:53.239+0000] {dagbag.py:588} INFO - Filling up the DagBag from /home/airflow/.local/lib/python3.12/site-packages/airflow/example_dags/example_task_group_decorator.py
[2026-04-12T11:34:53.251+0000] {processor.py:925} INFO - DAG(s) 'example_task_group_decorator' retrieved from /home/airflow/.local/lib/python3.12/site-packages/airflow/example_dags/example_task_group_decorator.py
[2026-04-12T11:34:53.267+0000] {logging_mixin.py:190} INFO - [2026-04-12T11:34:53.267+0000] {dag.py:3239} INFO - Sync 1 DAGs
[2026-04-12T11:34:53.276+0000] {logging_mixin.py:190} INFO - [2026-04-12T11:34:53.276+0000] {dag.py:4180} INFO - Setting next_dagrun for example_task_group_decorator to None, run_after=None
[2026-04-12T11:34:53.291+0000] {processor.py:208} INFO - Processing /home/airflow/.local/lib/python3.12/site-packages/airflow/example_dags/example_task_group_decorator.py took 0.058 seconds
