[2026-04-12T11:12:30.308+0000] {processor.py:186} INFO - Started process (PID=245) to work on /home/airflow/.local/lib/python3.12/site-packages/airflow/example_dags/example_subdag_operator.py
[2026-04-12T11:12:30.308+0000] {processor.py:914} INFO - Processing file /home/airflow/.local/lib/python3.12/site-packages/airflow/example_dags/example_subdag_operator.py for tasks to queue
[2026-04-12T11:12:30.311+0000] {logging_mixin.py:190} INFO - [2026-04-12T11:12:30.311+0000] {dagbag.py:588} INFO - Filling up the DagBag from /home/airflow/.local/lib/python3.12/site-packages/airflow/example_dags/example_subdag_operator.py
[2026-04-12T11:12:30.338+0000] {processor.py:925} INFO - DAG(s) 'example_subdag_operator.section-1', 'example_subdag_operator.section-2', 'example_subdag_operator' retrieved from /home/airflow/.local/lib/python3.12/site-packages/airflow/example_dags/example_subdag_operator.py
[2026-04-12T11:12:30.435+0000] {logging_mixin.py:190} INFO - [2026-04-12T11:12:30.434+0000] {override.py:1912} INFO - Created Permission View: can edit on DAG:example_subdag_operator
[2026-04-12T11:12:30.448+0000] {logging_mixin.py:190} INFO - [2026-04-12T11:12:30.447+0000] {override.py:1912} INFO - Created Permission View: can delete on DAG:example_subdag_operator
[2026-04-12T11:12:30.452+0000] {logging_mixin.py:190} INFO - [2026-04-12T11:12:30.452+0000] {override.py:1912} INFO - Created Permission View: can read on DAG:example_subdag_operator
[2026-04-12T11:12:30.467+0000] {logging_mixin.py:190} INFO - [2026-04-12T11:12:30.467+0000] {override.py:1912} INFO - Created Permission View: can delete on DAG Run:example_subdag_operator
[2026-04-12T11:12:30.473+0000] {logging_mixin.py:190} INFO - [2026-04-12T11:12:30.473+0000] {override.py:1912} INFO - Created Permission View: can create on DAG Run:example_subdag_operator
[2026-04-12T11:12:30.479+0000] {logging_mixin.py:190} INFO - [2026-04-12T11:12:30.479+0000] {override.py:1912} INFO - Created Permission View: can read on DAG Run:example_subdag_operator
[2026-04-12T11:12:30.491+0000] {logging_mixin.py:190} INFO - [2026-04-12T11:12:30.490+0000] {override.py:1912} INFO - Created Permission View: menu access on DAG Run:example_subdag_operator
[2026-04-12T11:12:30.491+0000] {logging_mixin.py:190} INFO - [2026-04-12T11:12:30.491+0000] {dag.py:3239} INFO - Sync 3 DAGs
[2026-04-12T11:12:30.501+0000] {logging_mixin.py:190} INFO - [2026-04-12T11:12:30.500+0000] {dag.py:3262} INFO - Creating ORM DAG for example_subdag_operator.section-1
[2026-04-12T11:12:30.501+0000] {logging_mixin.py:190} INFO - [2026-04-12T11:12:30.501+0000] {dag.py:3262} INFO - Creating ORM DAG for example_subdag_operator
[2026-04-12T11:12:30.502+0000] {logging_mixin.py:190} INFO - [2026-04-12T11:12:30.501+0000] {dag.py:3262} INFO - Creating ORM DAG for example_subdag_operator.section-2
[2026-04-12T11:12:30.508+0000] {logging_mixin.py:190} INFO - [2026-04-12T11:12:30.508+0000] {dag.py:4180} INFO - Setting next_dagrun for example_subdag_operator to 2022-01-01 00:00:00+00:00, run_after=2022-01-01 00:00:00+00:00
[2026-04-12T11:12:30.508+0000] {logging_mixin.py:190} INFO - [2026-04-12T11:12:30.508+0000] {dag.py:4180} INFO - Setting next_dagrun for example_subdag_operator.section-1 to None, run_after=None
[2026-04-12T11:12:30.509+0000] {logging_mixin.py:190} INFO - [2026-04-12T11:12:30.509+0000] {dag.py:4180} INFO - Setting next_dagrun for example_subdag_operator.section-2 to None, run_after=None
[2026-04-12T11:12:30.517+0000] {logging_mixin.py:190} INFO - [2026-04-12T11:12:30.517+0000] {dag.py:3239} INFO - Sync 2 DAGs
[2026-04-12T11:12:30.522+0000] {logging_mixin.py:190} INFO - [2026-04-12T11:12:30.522+0000] {dag.py:4180} INFO - Setting next_dagrun for example_subdag_operator.section-1 to None, run_after=None
[2026-04-12T11:12:30.524+0000] {logging_mixin.py:190} INFO - [2026-04-12T11:12:30.524+0000] {dag.py:4180} INFO - Setting next_dagrun for example_subdag_operator.section-2 to None, run_after=None
[2026-04-12T11:12:30.534+0000] {processor.py:208} INFO - Processing /home/airflow/.local/lib/python3.12/site-packages/airflow/example_dags/example_subdag_operator.py took 0.230 seconds
[2026-04-12T11:13:00.986+0000] {processor.py:186} INFO - Started process (PID=546) to work on /home/airflow/.local/lib/python3.12/site-packages/airflow/example_dags/example_subdag_operator.py
[2026-04-12T11:13:00.991+0000] {processor.py:914} INFO - Processing file /home/airflow/.local/lib/python3.12/site-packages/airflow/example_dags/example_subdag_operator.py for tasks to queue
[2026-04-12T11:13:00.992+0000] {logging_mixin.py:190} INFO - [2026-04-12T11:13:00.992+0000] {dagbag.py:588} INFO - Filling up the DagBag from /home/airflow/.local/lib/python3.12/site-packages/airflow/example_dags/example_subdag_operator.py
[2026-04-12T11:13:01.021+0000] {processor.py:925} INFO - DAG(s) 'example_subdag_operator.section-1', 'example_subdag_operator.section-2', 'example_subdag_operator' retrieved from /home/airflow/.local/lib/python3.12/site-packages/airflow/example_dags/example_subdag_operator.py
[2026-04-12T11:13:01.037+0000] {logging_mixin.py:190} INFO - [2026-04-12T11:13:01.037+0000] {dag.py:3239} INFO - Sync 3 DAGs
[2026-04-12T11:13:01.063+0000] {logging_mixin.py:190} INFO - [2026-04-12T11:13:01.062+0000] {dag.py:4180} INFO - Setting next_dagrun for example_subdag_operator to 2022-01-01 00:00:00+00:00, run_after=2022-01-01 00:00:00+00:00
[2026-04-12T11:13:01.065+0000] {logging_mixin.py:190} INFO - [2026-04-12T11:13:01.065+0000] {dag.py:4180} INFO - Setting next_dagrun for example_subdag_operator.section-1 to None, run_after=None
[2026-04-12T11:13:01.066+0000] {logging_mixin.py:190} INFO - [2026-04-12T11:13:01.066+0000] {dag.py:4180} INFO - Setting next_dagrun for example_subdag_operator.section-2 to None, run_after=None
[2026-04-12T11:13:01.071+0000] {logging_mixin.py:190} INFO - [2026-04-12T11:13:01.071+0000] {dag.py:3239} INFO - Sync 2 DAGs
[2026-04-12T11:13:01.074+0000] {logging_mixin.py:190} INFO - [2026-04-12T11:13:01.074+0000] {dag.py:4180} INFO - Setting next_dagrun for example_subdag_operator.section-1 to None, run_after=None
[2026-04-12T11:13:01.074+0000] {logging_mixin.py:190} INFO - [2026-04-12T11:13:01.074+0000] {dag.py:4180} INFO - Setting next_dagrun for example_subdag_operator.section-2 to None, run_after=None
[2026-04-12T11:13:01.081+0000] {processor.py:208} INFO - Processing /home/airflow/.local/lib/python3.12/site-packages/airflow/example_dags/example_subdag_operator.py took 0.099 seconds
[2026-04-12T11:13:31.332+0000] {processor.py:186} INFO - Started process (PID=843) to work on /home/airflow/.local/lib/python3.12/site-packages/airflow/example_dags/example_subdag_operator.py
[2026-04-12T11:13:31.335+0000] {processor.py:914} INFO - Processing file /home/airflow/.local/lib/python3.12/site-packages/airflow/example_dags/example_subdag_operator.py for tasks to queue
[2026-04-12T11:13:31.338+0000] {logging_mixin.py:190} INFO - [2026-04-12T11:13:31.337+0000] {dagbag.py:588} INFO - Filling up the DagBag from /home/airflow/.local/lib/python3.12/site-packages/airflow/example_dags/example_subdag_operator.py
[2026-04-12T11:13:31.364+0000] {processor.py:925} INFO - DAG(s) 'example_subdag_operator.section-1', 'example_subdag_operator.section-2', 'example_subdag_operator' retrieved from /home/airflow/.local/lib/python3.12/site-packages/airflow/example_dags/example_subdag_operator.py
[2026-04-12T11:13:31.380+0000] {logging_mixin.py:190} INFO - [2026-04-12T11:13:31.380+0000] {dag.py:3239} INFO - Sync 3 DAGs
[2026-04-12T11:13:31.402+0000] {logging_mixin.py:190} INFO - [2026-04-12T11:13:31.402+0000] {dag.py:4180} INFO - Setting next_dagrun for example_subdag_operator to 2022-01-01 00:00:00+00:00, run_after=2022-01-01 00:00:00+00:00
[2026-04-12T11:13:31.405+0000] {logging_mixin.py:190} INFO - [2026-04-12T11:13:31.405+0000] {dag.py:4180} INFO - Setting next_dagrun for example_subdag_operator.section-1 to None, run_after=None
[2026-04-12T11:13:31.406+0000] {logging_mixin.py:190} INFO - [2026-04-12T11:13:31.406+0000] {dag.py:4180} INFO - Setting next_dagrun for example_subdag_operator.section-2 to None, run_after=None
[2026-04-12T11:13:31.412+0000] {logging_mixin.py:190} INFO - [2026-04-12T11:13:31.412+0000] {dag.py:3239} INFO - Sync 2 DAGs
[2026-04-12T11:13:31.417+0000] {logging_mixin.py:190} INFO - [2026-04-12T11:13:31.417+0000] {dag.py:4180} INFO - Setting next_dagrun for example_subdag_operator.section-1 to None, run_after=None
[2026-04-12T11:13:31.417+0000] {logging_mixin.py:190} INFO - [2026-04-12T11:13:31.417+0000] {dag.py:4180} INFO - Setting next_dagrun for example_subdag_operator.section-2 to None, run_after=None
[2026-04-12T11:13:31.427+0000] {processor.py:208} INFO - Processing /home/airflow/.local/lib/python3.12/site-packages/airflow/example_dags/example_subdag_operator.py took 0.099 seconds
[2026-04-12T11:14:02.035+0000] {processor.py:186} INFO - Started process (PID=1139) to work on /home/airflow/.local/lib/python3.12/site-packages/airflow/example_dags/example_subdag_operator.py
[2026-04-12T11:14:02.036+0000] {processor.py:914} INFO - Processing file /home/airflow/.local/lib/python3.12/site-packages/airflow/example_dags/example_subdag_operator.py for tasks to queue
[2026-04-12T11:14:02.038+0000] {logging_mixin.py:190} INFO - [2026-04-12T11:14:02.038+0000] {dagbag.py:588} INFO - Filling up the DagBag from /home/airflow/.local/lib/python3.12/site-packages/airflow/example_dags/example_subdag_operator.py
[2026-04-12T11:14:02.062+0000] {processor.py:925} INFO - DAG(s) 'example_subdag_operator.section-1', 'example_subdag_operator.section-2', 'example_subdag_operator' retrieved from /home/airflow/.local/lib/python3.12/site-packages/airflow/example_dags/example_subdag_operator.py
[2026-04-12T11:14:02.072+0000] {logging_mixin.py:190} INFO - [2026-04-12T11:14:02.071+0000] {dag.py:3239} INFO - Sync 3 DAGs
[2026-04-12T11:14:02.086+0000] {logging_mixin.py:190} INFO - [2026-04-12T11:14:02.085+0000] {dag.py:4180} INFO - Setting next_dagrun for example_subdag_operator to 2022-01-01 00:00:00+00:00, run_after=2022-01-01 00:00:00+00:00
[2026-04-12T11:14:02.091+0000] {logging_mixin.py:190} INFO - [2026-04-12T11:14:02.091+0000] {dag.py:4180} INFO - Setting next_dagrun for example_subdag_operator.section-1 to None, run_after=None
[2026-04-12T11:14:02.092+0000] {logging_mixin.py:190} INFO - [2026-04-12T11:14:02.092+0000] {dag.py:4180} INFO - Setting next_dagrun for example_subdag_operator.section-2 to None, run_after=None
[2026-04-12T11:14:02.097+0000] {logging_mixin.py:190} INFO - [2026-04-12T11:14:02.097+0000] {dag.py:3239} INFO - Sync 2 DAGs
[2026-04-12T11:14:02.102+0000] {logging_mixin.py:190} INFO - [2026-04-12T11:14:02.102+0000] {dag.py:4180} INFO - Setting next_dagrun for example_subdag_operator.section-1 to None, run_after=None
[2026-04-12T11:14:02.104+0000] {logging_mixin.py:190} INFO - [2026-04-12T11:14:02.104+0000] {dag.py:4180} INFO - Setting next_dagrun for example_subdag_operator.section-2 to None, run_after=None
[2026-04-12T11:14:02.120+0000] {processor.py:208} INFO - Processing /home/airflow/.local/lib/python3.12/site-packages/airflow/example_dags/example_subdag_operator.py took 0.088 seconds
[2026-04-12T11:14:32.713+0000] {processor.py:186} INFO - Started process (PID=1435) to work on /home/airflow/.local/lib/python3.12/site-packages/airflow/example_dags/example_subdag_operator.py
[2026-04-12T11:14:32.716+0000] {processor.py:914} INFO - Processing file /home/airflow/.local/lib/python3.12/site-packages/airflow/example_dags/example_subdag_operator.py for tasks to queue
[2026-04-12T11:14:32.719+0000] {logging_mixin.py:190} INFO - [2026-04-12T11:14:32.718+0000] {dagbag.py:588} INFO - Filling up the DagBag from /home/airflow/.local/lib/python3.12/site-packages/airflow/example_dags/example_subdag_operator.py
[2026-04-12T11:14:32.756+0000] {processor.py:925} INFO - DAG(s) 'example_subdag_operator.section-1', 'example_subdag_operator.section-2', 'example_subdag_operator' retrieved from /home/airflow/.local/lib/python3.12/site-packages/airflow/example_dags/example_subdag_operator.py
[2026-04-12T11:14:32.786+0000] {logging_mixin.py:190} INFO - [2026-04-12T11:14:32.785+0000] {dag.py:3239} INFO - Sync 3 DAGs
[2026-04-12T11:14:32.847+0000] {logging_mixin.py:190} INFO - [2026-04-12T11:14:32.846+0000] {dag.py:4180} INFO - Setting next_dagrun for example_subdag_operator to 2022-01-01 00:00:00+00:00, run_after=2022-01-01 00:00:00+00:00
[2026-04-12T11:14:32.856+0000] {logging_mixin.py:190} INFO - [2026-04-12T11:14:32.856+0000] {dag.py:4180} INFO - Setting next_dagrun for example_subdag_operator.section-1 to None, run_after=None
[2026-04-12T11:14:32.859+0000] {logging_mixin.py:190} INFO - [2026-04-12T11:14:32.859+0000] {dag.py:4180} INFO - Setting next_dagrun for example_subdag_operator.section-2 to None, run_after=None
[2026-04-12T11:14:32.875+0000] {logging_mixin.py:190} INFO - [2026-04-12T11:14:32.874+0000] {dag.py:3239} INFO - Sync 2 DAGs
[2026-04-12T11:14:32.884+0000] {logging_mixin.py:190} INFO - [2026-04-12T11:14:32.883+0000] {dag.py:4180} INFO - Setting next_dagrun for example_subdag_operator.section-1 to None, run_after=None
[2026-04-12T11:14:32.884+0000] {logging_mixin.py:190} INFO - [2026-04-12T11:14:32.884+0000] {dag.py:4180} INFO - Setting next_dagrun for example_subdag_operator.section-2 to None, run_after=None
[2026-04-12T11:14:32.905+0000] {processor.py:208} INFO - Processing /home/airflow/.local/lib/python3.12/site-packages/airflow/example_dags/example_subdag_operator.py took 0.214 seconds
[2026-04-12T11:15:03.189+0000] {processor.py:186} INFO - Started process (PID=1732) to work on /home/airflow/.local/lib/python3.12/site-packages/airflow/example_dags/example_subdag_operator.py
[2026-04-12T11:15:03.190+0000] {processor.py:914} INFO - Processing file /home/airflow/.local/lib/python3.12/site-packages/airflow/example_dags/example_subdag_operator.py for tasks to queue
[2026-04-12T11:15:03.192+0000] {logging_mixin.py:190} INFO - [2026-04-12T11:15:03.191+0000] {dagbag.py:588} INFO - Filling up the DagBag from /home/airflow/.local/lib/python3.12/site-packages/airflow/example_dags/example_subdag_operator.py
[2026-04-12T11:15:03.217+0000] {processor.py:925} INFO - DAG(s) 'example_subdag_operator.section-1', 'example_subdag_operator.section-2', 'example_subdag_operator' retrieved from /home/airflow/.local/lib/python3.12/site-packages/airflow/example_dags/example_subdag_operator.py
[2026-04-12T11:15:03.232+0000] {logging_mixin.py:190} INFO - [2026-04-12T11:15:03.232+0000] {dag.py:3239} INFO - Sync 3 DAGs
[2026-04-12T11:15:03.251+0000] {logging_mixin.py:190} INFO - [2026-04-12T11:15:03.251+0000] {dag.py:4180} INFO - Setting next_dagrun for example_subdag_operator to 2022-01-01 00:00:00+00:00, run_after=2022-01-01 00:00:00+00:00
[2026-04-12T11:15:03.254+0000] {logging_mixin.py:190} INFO - [2026-04-12T11:15:03.254+0000] {dag.py:4180} INFO - Setting next_dagrun for example_subdag_operator.section-1 to None, run_after=None
[2026-04-12T11:15:03.255+0000] {logging_mixin.py:190} INFO - [2026-04-12T11:15:03.255+0000] {dag.py:4180} INFO - Setting next_dagrun for example_subdag_operator.section-2 to None, run_after=None
[2026-04-12T11:15:03.262+0000] {logging_mixin.py:190} INFO - [2026-04-12T11:15:03.261+0000] {dag.py:3239} INFO - Sync 2 DAGs
[2026-04-12T11:15:03.265+0000] {logging_mixin.py:190} INFO - [2026-04-12T11:15:03.265+0000] {dag.py:4180} INFO - Setting next_dagrun for example_subdag_operator.section-1 to None, run_after=None
[2026-04-12T11:15:03.265+0000] {logging_mixin.py:190} INFO - [2026-04-12T11:15:03.265+0000] {dag.py:4180} INFO - Setting next_dagrun for example_subdag_operator.section-2 to None, run_after=None
[2026-04-12T11:15:03.271+0000] {processor.py:208} INFO - Processing /home/airflow/.local/lib/python3.12/site-packages/airflow/example_dags/example_subdag_operator.py took 0.086 seconds
[2026-04-12T11:15:33.486+0000] {processor.py:186} INFO - Started process (PID=2028) to work on /home/airflow/.local/lib/python3.12/site-packages/airflow/example_dags/example_subdag_operator.py
[2026-04-12T11:15:33.488+0000] {processor.py:914} INFO - Processing file /home/airflow/.local/lib/python3.12/site-packages/airflow/example_dags/example_subdag_operator.py for tasks to queue
[2026-04-12T11:15:33.490+0000] {logging_mixin.py:190} INFO - [2026-04-12T11:15:33.490+0000] {dagbag.py:588} INFO - Filling up the DagBag from /home/airflow/.local/lib/python3.12/site-packages/airflow/example_dags/example_subdag_operator.py
[2026-04-12T11:15:33.535+0000] {processor.py:925} INFO - DAG(s) 'example_subdag_operator.section-1', 'example_subdag_operator.section-2', 'example_subdag_operator' retrieved from /home/airflow/.local/lib/python3.12/site-packages/airflow/example_dags/example_subdag_operator.py
[2026-04-12T11:15:33.549+0000] {logging_mixin.py:190} INFO - [2026-04-12T11:15:33.549+0000] {dag.py:3239} INFO - Sync 3 DAGs
[2026-04-12T11:15:33.577+0000] {logging_mixin.py:190} INFO - [2026-04-12T11:15:33.577+0000] {dag.py:4180} INFO - Setting next_dagrun for example_subdag_operator to 2022-01-01 00:00:00+00:00, run_after=2022-01-01 00:00:00+00:00
[2026-04-12T11:15:33.581+0000] {logging_mixin.py:190} INFO - [2026-04-12T11:15:33.580+0000] {dag.py:4180} INFO - Setting next_dagrun for example_subdag_operator.section-1 to None, run_after=None
[2026-04-12T11:15:33.583+0000] {logging_mixin.py:190} INFO - [2026-04-12T11:15:33.583+0000] {dag.py:4180} INFO - Setting next_dagrun for example_subdag_operator.section-2 to None, run_after=None
[2026-04-12T11:15:33.592+0000] {logging_mixin.py:190} INFO - [2026-04-12T11:15:33.592+0000] {dag.py:3239} INFO - Sync 2 DAGs
[2026-04-12T11:15:33.599+0000] {logging_mixin.py:190} INFO - [2026-04-12T11:15:33.599+0000] {dag.py:4180} INFO - Setting next_dagrun for example_subdag_operator.section-1 to None, run_after=None
[2026-04-12T11:15:33.599+0000] {logging_mixin.py:190} INFO - [2026-04-12T11:15:33.599+0000] {dag.py:4180} INFO - Setting next_dagrun for example_subdag_operator.section-2 to None, run_after=None
[2026-04-12T11:15:33.610+0000] {processor.py:208} INFO - Processing /home/airflow/.local/lib/python3.12/site-packages/airflow/example_dags/example_subdag_operator.py took 0.129 seconds
[2026-04-12T11:16:03.828+0000] {processor.py:186} INFO - Started process (PID=2324) to work on /home/airflow/.local/lib/python3.12/site-packages/airflow/example_dags/example_subdag_operator.py
[2026-04-12T11:16:03.835+0000] {processor.py:914} INFO - Processing file /home/airflow/.local/lib/python3.12/site-packages/airflow/example_dags/example_subdag_operator.py for tasks to queue
[2026-04-12T11:16:03.839+0000] {logging_mixin.py:190} INFO - [2026-04-12T11:16:03.839+0000] {dagbag.py:588} INFO - Filling up the DagBag from /home/airflow/.local/lib/python3.12/site-packages/airflow/example_dags/example_subdag_operator.py
[2026-04-12T11:16:03.875+0000] {processor.py:925} INFO - DAG(s) 'example_subdag_operator.section-1', 'example_subdag_operator.section-2', 'example_subdag_operator' retrieved from /home/airflow/.local/lib/python3.12/site-packages/airflow/example_dags/example_subdag_operator.py
[2026-04-12T11:16:03.890+0000] {logging_mixin.py:190} INFO - [2026-04-12T11:16:03.889+0000] {dag.py:3239} INFO - Sync 3 DAGs
[2026-04-12T11:16:03.929+0000] {logging_mixin.py:190} INFO - [2026-04-12T11:16:03.928+0000] {dag.py:4180} INFO - Setting next_dagrun for example_subdag_operator to 2022-01-01 00:00:00+00:00, run_after=2022-01-01 00:00:00+00:00
[2026-04-12T11:16:03.931+0000] {logging_mixin.py:190} INFO - [2026-04-12T11:16:03.931+0000] {dag.py:4180} INFO - Setting next_dagrun for example_subdag_operator.section-1 to None, run_after=None
[2026-04-12T11:16:03.933+0000] {logging_mixin.py:190} INFO - [2026-04-12T11:16:03.932+0000] {dag.py:4180} INFO - Setting next_dagrun for example_subdag_operator.section-2 to None, run_after=None
[2026-04-12T11:16:03.942+0000] {logging_mixin.py:190} INFO - [2026-04-12T11:16:03.941+0000] {dag.py:3239} INFO - Sync 2 DAGs
[2026-04-12T11:16:03.947+0000] {logging_mixin.py:190} INFO - [2026-04-12T11:16:03.946+0000] {dag.py:4180} INFO - Setting next_dagrun for example_subdag_operator.section-1 to None, run_after=None
[2026-04-12T11:16:03.948+0000] {logging_mixin.py:190} INFO - [2026-04-12T11:16:03.947+0000] {dag.py:4180} INFO - Setting next_dagrun for example_subdag_operator.section-2 to None, run_after=None
[2026-04-12T11:16:03.961+0000] {processor.py:208} INFO - Processing /home/airflow/.local/lib/python3.12/site-packages/airflow/example_dags/example_subdag_operator.py took 0.139 seconds
[2026-04-12T11:16:34.147+0000] {processor.py:186} INFO - Started process (PID=2620) to work on /home/airflow/.local/lib/python3.12/site-packages/airflow/example_dags/example_subdag_operator.py
[2026-04-12T11:16:34.148+0000] {processor.py:914} INFO - Processing file /home/airflow/.local/lib/python3.12/site-packages/airflow/example_dags/example_subdag_operator.py for tasks to queue
[2026-04-12T11:16:34.150+0000] {logging_mixin.py:190} INFO - [2026-04-12T11:16:34.149+0000] {dagbag.py:588} INFO - Filling up the DagBag from /home/airflow/.local/lib/python3.12/site-packages/airflow/example_dags/example_subdag_operator.py
[2026-04-12T11:16:34.172+0000] {processor.py:925} INFO - DAG(s) 'example_subdag_operator.section-1', 'example_subdag_operator.section-2', 'example_subdag_operator' retrieved from /home/airflow/.local/lib/python3.12/site-packages/airflow/example_dags/example_subdag_operator.py
[2026-04-12T11:16:34.182+0000] {logging_mixin.py:190} INFO - [2026-04-12T11:16:34.182+0000] {dag.py:3239} INFO - Sync 3 DAGs
[2026-04-12T11:16:34.197+0000] {logging_mixin.py:190} INFO - [2026-04-12T11:16:34.197+0000] {dag.py:4180} INFO - Setting next_dagrun for example_subdag_operator to 2022-01-01 00:00:00+00:00, run_after=2022-01-01 00:00:00+00:00
[2026-04-12T11:16:34.202+0000] {logging_mixin.py:190} INFO - [2026-04-12T11:16:34.202+0000] {dag.py:4180} INFO - Setting next_dagrun for example_subdag_operator.section-1 to None, run_after=None
[2026-04-12T11:16:34.203+0000] {logging_mixin.py:190} INFO - [2026-04-12T11:16:34.203+0000] {dag.py:4180} INFO - Setting next_dagrun for example_subdag_operator.section-2 to None, run_after=None
[2026-04-12T11:16:34.210+0000] {logging_mixin.py:190} INFO - [2026-04-12T11:16:34.210+0000] {dag.py:3239} INFO - Sync 2 DAGs
[2026-04-12T11:16:34.215+0000] {logging_mixin.py:190} INFO - [2026-04-12T11:16:34.214+0000] {dag.py:4180} INFO - Setting next_dagrun for example_subdag_operator.section-1 to None, run_after=None
[2026-04-12T11:16:34.218+0000] {logging_mixin.py:190} INFO - [2026-04-12T11:16:34.218+0000] {dag.py:4180} INFO - Setting next_dagrun for example_subdag_operator.section-2 to None, run_after=None
[2026-04-12T11:16:34.227+0000] {processor.py:208} INFO - Processing /home/airflow/.local/lib/python3.12/site-packages/airflow/example_dags/example_subdag_operator.py took 0.085 seconds
[2026-04-12T11:17:04.390+0000] {processor.py:186} INFO - Started process (PID=2928) to work on /home/airflow/.local/lib/python3.12/site-packages/airflow/example_dags/example_subdag_operator.py
[2026-04-12T11:17:04.391+0000] {processor.py:914} INFO - Processing file /home/airflow/.local/lib/python3.12/site-packages/airflow/example_dags/example_subdag_operator.py for tasks to queue
[2026-04-12T11:17:04.392+0000] {logging_mixin.py:190} INFO - [2026-04-12T11:17:04.392+0000] {dagbag.py:588} INFO - Filling up the DagBag from /home/airflow/.local/lib/python3.12/site-packages/airflow/example_dags/example_subdag_operator.py
[2026-04-12T11:17:04.410+0000] {processor.py:925} INFO - DAG(s) 'example_subdag_operator.section-1', 'example_subdag_operator.section-2', 'example_subdag_operator' retrieved from /home/airflow/.local/lib/python3.12/site-packages/airflow/example_dags/example_subdag_operator.py
[2026-04-12T11:17:04.419+0000] {logging_mixin.py:190} INFO - [2026-04-12T11:17:04.419+0000] {dag.py:3239} INFO - Sync 3 DAGs
[2026-04-12T11:17:04.436+0000] {logging_mixin.py:190} INFO - [2026-04-12T11:17:04.435+0000] {dag.py:4180} INFO - Setting next_dagrun for example_subdag_operator to 2022-01-01 00:00:00+00:00, run_after=2022-01-01 00:00:00+00:00
[2026-04-12T11:17:04.438+0000] {logging_mixin.py:190} INFO - [2026-04-12T11:17:04.438+0000] {dag.py:4180} INFO - Setting next_dagrun for example_subdag_operator.section-1 to None, run_after=None
[2026-04-12T11:17:04.439+0000] {logging_mixin.py:190} INFO - [2026-04-12T11:17:04.439+0000] {dag.py:4180} INFO - Setting next_dagrun for example_subdag_operator.section-2 to None, run_after=None
[2026-04-12T11:17:04.444+0000] {logging_mixin.py:190} INFO - [2026-04-12T11:17:04.444+0000] {dag.py:3239} INFO - Sync 2 DAGs
[2026-04-12T11:17:04.447+0000] {logging_mixin.py:190} INFO - [2026-04-12T11:17:04.447+0000] {dag.py:4180} INFO - Setting next_dagrun for example_subdag_operator.section-1 to None, run_after=None
[2026-04-12T11:17:04.447+0000] {logging_mixin.py:190} INFO - [2026-04-12T11:17:04.447+0000] {dag.py:4180} INFO - Setting next_dagrun for example_subdag_operator.section-2 to None, run_after=None
[2026-04-12T11:17:04.453+0000] {processor.py:208} INFO - Processing /home/airflow/.local/lib/python3.12/site-packages/airflow/example_dags/example_subdag_operator.py took 0.068 seconds
[2026-04-12T11:17:35.230+0000] {processor.py:186} INFO - Started process (PID=3224) to work on /home/airflow/.local/lib/python3.12/site-packages/airflow/example_dags/example_subdag_operator.py
[2026-04-12T11:17:35.234+0000] {processor.py:914} INFO - Processing file /home/airflow/.local/lib/python3.12/site-packages/airflow/example_dags/example_subdag_operator.py for tasks to queue
[2026-04-12T11:17:35.236+0000] {logging_mixin.py:190} INFO - [2026-04-12T11:17:35.236+0000] {dagbag.py:588} INFO - Filling up the DagBag from /home/airflow/.local/lib/python3.12/site-packages/airflow/example_dags/example_subdag_operator.py
[2026-04-12T11:17:35.259+0000] {processor.py:925} INFO - DAG(s) 'example_subdag_operator.section-1', 'example_subdag_operator.section-2', 'example_subdag_operator' retrieved from /home/airflow/.local/lib/python3.12/site-packages/airflow/example_dags/example_subdag_operator.py
[2026-04-12T11:17:35.269+0000] {logging_mixin.py:190} INFO - [2026-04-12T11:17:35.269+0000] {dag.py:3239} INFO - Sync 3 DAGs
[2026-04-12T11:17:35.285+0000] {logging_mixin.py:190} INFO - [2026-04-12T11:17:35.285+0000] {dag.py:4180} INFO - Setting next_dagrun for example_subdag_operator to 2022-01-01 00:00:00+00:00, run_after=2022-01-01 00:00:00+00:00
[2026-04-12T11:17:35.290+0000] {logging_mixin.py:190} INFO - [2026-04-12T11:17:35.289+0000] {dag.py:4180} INFO - Setting next_dagrun for example_subdag_operator.section-1 to None, run_after=None
[2026-04-12T11:17:35.290+0000] {logging_mixin.py:190} INFO - [2026-04-12T11:17:35.290+0000] {dag.py:4180} INFO - Setting next_dagrun for example_subdag_operator.section-2 to None, run_after=None
[2026-04-12T11:17:35.295+0000] {logging_mixin.py:190} INFO - [2026-04-12T11:17:35.295+0000] {dag.py:3239} INFO - Sync 2 DAGs
[2026-04-12T11:17:35.298+0000] {logging_mixin.py:190} INFO - [2026-04-12T11:17:35.298+0000] {dag.py:4180} INFO - Setting next_dagrun for example_subdag_operator.section-1 to None, run_after=None
[2026-04-12T11:17:35.298+0000] {logging_mixin.py:190} INFO - [2026-04-12T11:17:35.298+0000] {dag.py:4180} INFO - Setting next_dagrun for example_subdag_operator.section-2 to None, run_after=None
[2026-04-12T11:17:35.305+0000] {processor.py:208} INFO - Processing /home/airflow/.local/lib/python3.12/site-packages/airflow/example_dags/example_subdag_operator.py took 0.079 seconds
[2026-04-12T11:18:07.074+0000] {processor.py:186} INFO - Started process (PID=3523) to work on /home/airflow/.local/lib/python3.12/site-packages/airflow/example_dags/example_subdag_operator.py
[2026-04-12T11:18:07.078+0000] {processor.py:914} INFO - Processing file /home/airflow/.local/lib/python3.12/site-packages/airflow/example_dags/example_subdag_operator.py for tasks to queue
[2026-04-12T11:18:07.092+0000] {logging_mixin.py:190} INFO - [2026-04-12T11:18:07.091+0000] {dagbag.py:588} INFO - Filling up the DagBag from /home/airflow/.local/lib/python3.12/site-packages/airflow/example_dags/example_subdag_operator.py
[2026-04-12T11:18:07.218+0000] {processor.py:925} INFO - DAG(s) 'example_subdag_operator.section-1', 'example_subdag_operator.section-2', 'example_subdag_operator' retrieved from /home/airflow/.local/lib/python3.12/site-packages/airflow/example_dags/example_subdag_operator.py
[2026-04-12T11:18:07.266+0000] {logging_mixin.py:190} INFO - [2026-04-12T11:18:07.265+0000] {dag.py:3239} INFO - Sync 3 DAGs
[2026-04-12T11:18:07.308+0000] {logging_mixin.py:190} INFO - [2026-04-12T11:18:07.308+0000] {dag.py:4180} INFO - Setting next_dagrun for example_subdag_operator to 2022-01-01 00:00:00+00:00, run_after=2022-01-01 00:00:00+00:00
[2026-04-12T11:18:07.314+0000] {logging_mixin.py:190} INFO - [2026-04-12T11:18:07.314+0000] {dag.py:4180} INFO - Setting next_dagrun for example_subdag_operator.section-1 to None, run_after=None
[2026-04-12T11:18:07.316+0000] {logging_mixin.py:190} INFO - [2026-04-12T11:18:07.316+0000] {dag.py:4180} INFO - Setting next_dagrun for example_subdag_operator.section-2 to None, run_after=None
[2026-04-12T11:18:07.327+0000] {logging_mixin.py:190} INFO - [2026-04-12T11:18:07.326+0000] {dag.py:3239} INFO - Sync 2 DAGs
[2026-04-12T11:18:07.343+0000] {logging_mixin.py:190} INFO - [2026-04-12T11:18:07.342+0000] {dag.py:4180} INFO - Setting next_dagrun for example_subdag_operator.section-1 to None, run_after=None
[2026-04-12T11:18:07.344+0000] {logging_mixin.py:190} INFO - [2026-04-12T11:18:07.344+0000] {dag.py:4180} INFO - Setting next_dagrun for example_subdag_operator.section-2 to None, run_after=None
[2026-04-12T11:18:07.362+0000] {processor.py:208} INFO - Processing /home/airflow/.local/lib/python3.12/site-packages/airflow/example_dags/example_subdag_operator.py took 0.311 seconds
[2026-04-12T11:18:38.284+0000] {processor.py:186} INFO - Started process (PID=3827) to work on /home/airflow/.local/lib/python3.12/site-packages/airflow/example_dags/example_subdag_operator.py
[2026-04-12T11:18:38.286+0000] {processor.py:914} INFO - Processing file /home/airflow/.local/lib/python3.12/site-packages/airflow/example_dags/example_subdag_operator.py for tasks to queue
[2026-04-12T11:18:38.287+0000] {logging_mixin.py:190} INFO - [2026-04-12T11:18:38.287+0000] {dagbag.py:588} INFO - Filling up the DagBag from /home/airflow/.local/lib/python3.12/site-packages/airflow/example_dags/example_subdag_operator.py
[2026-04-12T11:18:38.306+0000] {processor.py:925} INFO - DAG(s) 'example_subdag_operator.section-1', 'example_subdag_operator.section-2', 'example_subdag_operator' retrieved from /home/airflow/.local/lib/python3.12/site-packages/airflow/example_dags/example_subdag_operator.py
[2026-04-12T11:18:38.317+0000] {logging_mixin.py:190} INFO - [2026-04-12T11:18:38.317+0000] {dag.py:3239} INFO - Sync 3 DAGs
[2026-04-12T11:18:38.333+0000] {logging_mixin.py:190} INFO - [2026-04-12T11:18:38.333+0000] {dag.py:4180} INFO - Setting next_dagrun for example_subdag_operator to 2022-01-01 00:00:00+00:00, run_after=2022-01-01 00:00:00+00:00
[2026-04-12T11:18:38.336+0000] {logging_mixin.py:190} INFO - [2026-04-12T11:18:38.336+0000] {dag.py:4180} INFO - Setting next_dagrun for example_subdag_operator.section-1 to None, run_after=None
[2026-04-12T11:18:38.337+0000] {logging_mixin.py:190} INFO - [2026-04-12T11:18:38.337+0000] {dag.py:4180} INFO - Setting next_dagrun for example_subdag_operator.section-2 to None, run_after=None
[2026-04-12T11:18:38.343+0000] {logging_mixin.py:190} INFO - [2026-04-12T11:18:38.342+0000] {dag.py:3239} INFO - Sync 2 DAGs
[2026-04-12T11:18:38.355+0000] {logging_mixin.py:190} INFO - [2026-04-12T11:18:38.355+0000] {dag.py:4180} INFO - Setting next_dagrun for example_subdag_operator.section-1 to None, run_after=None
[2026-04-12T11:18:38.356+0000] {logging_mixin.py:190} INFO - [2026-04-12T11:18:38.356+0000] {dag.py:4180} INFO - Setting next_dagrun for example_subdag_operator.section-2 to None, run_after=None
[2026-04-12T11:18:38.371+0000] {processor.py:208} INFO - Processing /home/airflow/.local/lib/python3.12/site-packages/airflow/example_dags/example_subdag_operator.py took 0.092 seconds
[2026-04-12T11:19:08.730+0000] {processor.py:186} INFO - Started process (PID=4138) to work on /home/airflow/.local/lib/python3.12/site-packages/airflow/example_dags/example_subdag_operator.py
[2026-04-12T11:19:08.731+0000] {processor.py:914} INFO - Processing file /home/airflow/.local/lib/python3.12/site-packages/airflow/example_dags/example_subdag_operator.py for tasks to queue
[2026-04-12T11:19:08.733+0000] {logging_mixin.py:190} INFO - [2026-04-12T11:19:08.733+0000] {dagbag.py:588} INFO - Filling up the DagBag from /home/airflow/.local/lib/python3.12/site-packages/airflow/example_dags/example_subdag_operator.py
[2026-04-12T11:19:08.754+0000] {processor.py:925} INFO - DAG(s) 'example_subdag_operator.section-1', 'example_subdag_operator.section-2', 'example_subdag_operator' retrieved from /home/airflow/.local/lib/python3.12/site-packages/airflow/example_dags/example_subdag_operator.py
[2026-04-12T11:19:08.765+0000] {logging_mixin.py:190} INFO - [2026-04-12T11:19:08.765+0000] {dag.py:3239} INFO - Sync 3 DAGs
[2026-04-12T11:19:08.784+0000] {logging_mixin.py:190} INFO - [2026-04-12T11:19:08.784+0000] {dag.py:4180} INFO - Setting next_dagrun for example_subdag_operator to 2022-01-01 00:00:00+00:00, run_after=2022-01-01 00:00:00+00:00
[2026-04-12T11:19:08.788+0000] {logging_mixin.py:190} INFO - [2026-04-12T11:19:08.788+0000] {dag.py:4180} INFO - Setting next_dagrun for example_subdag_operator.section-1 to None, run_after=None
[2026-04-12T11:19:08.789+0000] {logging_mixin.py:190} INFO - [2026-04-12T11:19:08.789+0000] {dag.py:4180} INFO - Setting next_dagrun for example_subdag_operator.section-2 to None, run_after=None
[2026-04-12T11:19:08.793+0000] {logging_mixin.py:190} INFO - [2026-04-12T11:19:08.793+0000] {dag.py:3239} INFO - Sync 2 DAGs
[2026-04-12T11:19:08.800+0000] {logging_mixin.py:190} INFO - [2026-04-12T11:19:08.800+0000] {dag.py:4180} INFO - Setting next_dagrun for example_subdag_operator.section-1 to None, run_after=None
[2026-04-12T11:19:08.802+0000] {logging_mixin.py:190} INFO - [2026-04-12T11:19:08.802+0000] {dag.py:4180} INFO - Setting next_dagrun for example_subdag_operator.section-2 to None, run_after=None
[2026-04-12T11:19:08.815+0000] {processor.py:208} INFO - Processing /home/airflow/.local/lib/python3.12/site-packages/airflow/example_dags/example_subdag_operator.py took 0.091 seconds
[2026-04-12T11:19:39.587+0000] {processor.py:186} INFO - Started process (PID=4434) to work on /home/airflow/.local/lib/python3.12/site-packages/airflow/example_dags/example_subdag_operator.py
[2026-04-12T11:19:39.588+0000] {processor.py:914} INFO - Processing file /home/airflow/.local/lib/python3.12/site-packages/airflow/example_dags/example_subdag_operator.py for tasks to queue
[2026-04-12T11:19:39.590+0000] {logging_mixin.py:190} INFO - [2026-04-12T11:19:39.589+0000] {dagbag.py:588} INFO - Filling up the DagBag from /home/airflow/.local/lib/python3.12/site-packages/airflow/example_dags/example_subdag_operator.py
[2026-04-12T11:19:39.608+0000] {processor.py:925} INFO - DAG(s) 'example_subdag_operator.section-1', 'example_subdag_operator.section-2', 'example_subdag_operator' retrieved from /home/airflow/.local/lib/python3.12/site-packages/airflow/example_dags/example_subdag_operator.py
[2026-04-12T11:19:39.618+0000] {logging_mixin.py:190} INFO - [2026-04-12T11:19:39.618+0000] {dag.py:3239} INFO - Sync 3 DAGs
[2026-04-12T11:19:39.635+0000] {logging_mixin.py:190} INFO - [2026-04-12T11:19:39.634+0000] {dag.py:4180} INFO - Setting next_dagrun for example_subdag_operator to 2022-01-01 00:00:00+00:00, run_after=2022-01-01 00:00:00+00:00
[2026-04-12T11:19:39.638+0000] {logging_mixin.py:190} INFO - [2026-04-12T11:19:39.638+0000] {dag.py:4180} INFO - Setting next_dagrun for example_subdag_operator.section-1 to None, run_after=None
[2026-04-12T11:19:39.643+0000] {logging_mixin.py:190} INFO - [2026-04-12T11:19:39.642+0000] {dag.py:4180} INFO - Setting next_dagrun for example_subdag_operator.section-2 to None, run_after=None
[2026-04-12T11:19:39.649+0000] {logging_mixin.py:190} INFO - [2026-04-12T11:19:39.649+0000] {dag.py:3239} INFO - Sync 2 DAGs
[2026-04-12T11:19:39.654+0000] {logging_mixin.py:190} INFO - [2026-04-12T11:19:39.654+0000] {dag.py:4180} INFO - Setting next_dagrun for example_subdag_operator.section-1 to None, run_after=None
[2026-04-12T11:19:39.655+0000] {logging_mixin.py:190} INFO - [2026-04-12T11:19:39.655+0000] {dag.py:4180} INFO - Setting next_dagrun for example_subdag_operator.section-2 to None, run_after=None
[2026-04-12T11:19:39.668+0000] {processor.py:208} INFO - Processing /home/airflow/.local/lib/python3.12/site-packages/airflow/example_dags/example_subdag_operator.py took 0.086 seconds
[2026-04-12T11:20:10.494+0000] {processor.py:186} INFO - Started process (PID=4730) to work on /home/airflow/.local/lib/python3.12/site-packages/airflow/example_dags/example_subdag_operator.py
[2026-04-12T11:20:10.495+0000] {processor.py:914} INFO - Processing file /home/airflow/.local/lib/python3.12/site-packages/airflow/example_dags/example_subdag_operator.py for tasks to queue
[2026-04-12T11:20:10.497+0000] {logging_mixin.py:190} INFO - [2026-04-12T11:20:10.496+0000] {dagbag.py:588} INFO - Filling up the DagBag from /home/airflow/.local/lib/python3.12/site-packages/airflow/example_dags/example_subdag_operator.py
[2026-04-12T11:20:10.515+0000] {processor.py:925} INFO - DAG(s) 'example_subdag_operator.section-1', 'example_subdag_operator.section-2', 'example_subdag_operator' retrieved from /home/airflow/.local/lib/python3.12/site-packages/airflow/example_dags/example_subdag_operator.py
[2026-04-12T11:20:10.525+0000] {logging_mixin.py:190} INFO - [2026-04-12T11:20:10.525+0000] {dag.py:3239} INFO - Sync 3 DAGs
[2026-04-12T11:20:10.542+0000] {logging_mixin.py:190} INFO - [2026-04-12T11:20:10.542+0000] {dag.py:4180} INFO - Setting next_dagrun for example_subdag_operator to 2022-01-01 00:00:00+00:00, run_after=2022-01-01 00:00:00+00:00
[2026-04-12T11:20:10.544+0000] {logging_mixin.py:190} INFO - [2026-04-12T11:20:10.544+0000] {dag.py:4180} INFO - Setting next_dagrun for example_subdag_operator.section-1 to None, run_after=None
[2026-04-12T11:20:10.545+0000] {logging_mixin.py:190} INFO - [2026-04-12T11:20:10.545+0000] {dag.py:4180} INFO - Setting next_dagrun for example_subdag_operator.section-2 to None, run_after=None
[2026-04-12T11:20:10.551+0000] {logging_mixin.py:190} INFO - [2026-04-12T11:20:10.551+0000] {dag.py:3239} INFO - Sync 2 DAGs
[2026-04-12T11:20:10.555+0000] {logging_mixin.py:190} INFO - [2026-04-12T11:20:10.555+0000] {dag.py:4180} INFO - Setting next_dagrun for example_subdag_operator.section-1 to None, run_after=None
[2026-04-12T11:20:10.555+0000] {logging_mixin.py:190} INFO - [2026-04-12T11:20:10.555+0000] {dag.py:4180} INFO - Setting next_dagrun for example_subdag_operator.section-2 to None, run_after=None
[2026-04-12T11:20:10.566+0000] {processor.py:208} INFO - Processing /home/airflow/.local/lib/python3.12/site-packages/airflow/example_dags/example_subdag_operator.py took 0.078 seconds
[2026-04-12T11:20:42.119+0000] {processor.py:186} INFO - Started process (PID=5026) to work on /home/airflow/.local/lib/python3.12/site-packages/airflow/example_dags/example_subdag_operator.py
[2026-04-12T11:20:42.124+0000] {processor.py:914} INFO - Processing file /home/airflow/.local/lib/python3.12/site-packages/airflow/example_dags/example_subdag_operator.py for tasks to queue
[2026-04-12T11:20:42.140+0000] {logging_mixin.py:190} INFO - [2026-04-12T11:20:42.139+0000] {dagbag.py:588} INFO - Filling up the DagBag from /home/airflow/.local/lib/python3.12/site-packages/airflow/example_dags/example_subdag_operator.py
[2026-04-12T11:20:42.252+0000] {processor.py:925} INFO - DAG(s) 'example_subdag_operator.section-1', 'example_subdag_operator.section-2', 'example_subdag_operator' retrieved from /home/airflow/.local/lib/python3.12/site-packages/airflow/example_dags/example_subdag_operator.py
[2026-04-12T11:20:42.281+0000] {logging_mixin.py:190} INFO - [2026-04-12T11:20:42.281+0000] {dag.py:3239} INFO - Sync 3 DAGs
[2026-04-12T11:20:42.749+0000] {logging_mixin.py:190} INFO - [2026-04-12T11:20:42.748+0000] {dag.py:4180} INFO - Setting next_dagrun for example_subdag_operator to 2022-01-01 00:00:00+00:00, run_after=2022-01-01 00:00:00+00:00
[2026-04-12T11:20:42.762+0000] {logging_mixin.py:190} INFO - [2026-04-12T11:20:42.762+0000] {dag.py:4180} INFO - Setting next_dagrun for example_subdag_operator.section-1 to None, run_after=None
[2026-04-12T11:20:42.767+0000] {logging_mixin.py:190} INFO - [2026-04-12T11:20:42.767+0000] {dag.py:4180} INFO - Setting next_dagrun for example_subdag_operator.section-2 to None, run_after=None
[2026-04-12T11:20:42.840+0000] {logging_mixin.py:190} INFO - [2026-04-12T11:20:42.839+0000] {dag.py:3239} INFO - Sync 2 DAGs
[2026-04-12T11:20:42.870+0000] {logging_mixin.py:190} INFO - [2026-04-12T11:20:42.870+0000] {dag.py:4180} INFO - Setting next_dagrun for example_subdag_operator.section-1 to None, run_after=None
[2026-04-12T11:20:42.877+0000] {logging_mixin.py:190} INFO - [2026-04-12T11:20:42.876+0000] {dag.py:4180} INFO - Setting next_dagrun for example_subdag_operator.section-2 to None, run_after=None
[2026-04-12T11:20:42.970+0000] {processor.py:208} INFO - Processing /home/airflow/.local/lib/python3.12/site-packages/airflow/example_dags/example_subdag_operator.py took 0.874 seconds
[2026-04-12T11:21:13.080+0000] {processor.py:186} INFO - Started process (PID=5322) to work on /home/airflow/.local/lib/python3.12/site-packages/airflow/example_dags/example_subdag_operator.py
[2026-04-12T11:21:13.081+0000] {processor.py:914} INFO - Processing file /home/airflow/.local/lib/python3.12/site-packages/airflow/example_dags/example_subdag_operator.py for tasks to queue
[2026-04-12T11:21:13.082+0000] {logging_mixin.py:190} INFO - [2026-04-12T11:21:13.082+0000] {dagbag.py:588} INFO - Filling up the DagBag from /home/airflow/.local/lib/python3.12/site-packages/airflow/example_dags/example_subdag_operator.py
[2026-04-12T11:21:13.107+0000] {processor.py:925} INFO - DAG(s) 'example_subdag_operator.section-1', 'example_subdag_operator.section-2', 'example_subdag_operator' retrieved from /home/airflow/.local/lib/python3.12/site-packages/airflow/example_dags/example_subdag_operator.py
[2026-04-12T11:21:13.119+0000] {logging_mixin.py:190} INFO - [2026-04-12T11:21:13.119+0000] {dag.py:3239} INFO - Sync 3 DAGs
[2026-04-12T11:21:13.145+0000] {logging_mixin.py:190} INFO - [2026-04-12T11:21:13.145+0000] {dag.py:4180} INFO - Setting next_dagrun for example_subdag_operator to 2022-01-01 00:00:00+00:00, run_after=2022-01-01 00:00:00+00:00
[2026-04-12T11:21:13.151+0000] {logging_mixin.py:190} INFO - [2026-04-12T11:21:13.150+0000] {dag.py:4180} INFO - Setting next_dagrun for example_subdag_operator.section-1 to None, run_after=None
[2026-04-12T11:21:13.152+0000] {logging_mixin.py:190} INFO - [2026-04-12T11:21:13.152+0000] {dag.py:4180} INFO - Setting next_dagrun for example_subdag_operator.section-2 to None, run_after=None
[2026-04-12T11:21:13.160+0000] {logging_mixin.py:190} INFO - [2026-04-12T11:21:13.160+0000] {dag.py:3239} INFO - Sync 2 DAGs
[2026-04-12T11:21:13.163+0000] {logging_mixin.py:190} INFO - [2026-04-12T11:21:13.163+0000] {dag.py:4180} INFO - Setting next_dagrun for example_subdag_operator.section-1 to None, run_after=None
[2026-04-12T11:21:13.163+0000] {logging_mixin.py:190} INFO - [2026-04-12T11:21:13.163+0000] {dag.py:4180} INFO - Setting next_dagrun for example_subdag_operator.section-2 to None, run_after=None
[2026-04-12T11:21:13.174+0000] {processor.py:208} INFO - Processing /home/airflow/.local/lib/python3.12/site-packages/airflow/example_dags/example_subdag_operator.py took 0.099 seconds
[2026-04-12T11:21:43.748+0000] {processor.py:186} INFO - Started process (PID=5618) to work on /home/airflow/.local/lib/python3.12/site-packages/airflow/example_dags/example_subdag_operator.py
[2026-04-12T11:21:43.750+0000] {processor.py:914} INFO - Processing file /home/airflow/.local/lib/python3.12/site-packages/airflow/example_dags/example_subdag_operator.py for tasks to queue
[2026-04-12T11:21:43.752+0000] {logging_mixin.py:190} INFO - [2026-04-12T11:21:43.751+0000] {dagbag.py:588} INFO - Filling up the DagBag from /home/airflow/.local/lib/python3.12/site-packages/airflow/example_dags/example_subdag_operator.py
[2026-04-12T11:21:43.772+0000] {processor.py:925} INFO - DAG(s) 'example_subdag_operator.section-1', 'example_subdag_operator.section-2', 'example_subdag_operator' retrieved from /home/airflow/.local/lib/python3.12/site-packages/airflow/example_dags/example_subdag_operator.py
[2026-04-12T11:21:43.783+0000] {logging_mixin.py:190} INFO - [2026-04-12T11:21:43.783+0000] {dag.py:3239} INFO - Sync 3 DAGs
[2026-04-12T11:21:43.801+0000] {logging_mixin.py:190} INFO - [2026-04-12T11:21:43.801+0000] {dag.py:4180} INFO - Setting next_dagrun for example_subdag_operator to 2022-01-01 00:00:00+00:00, run_after=2022-01-01 00:00:00+00:00
[2026-04-12T11:21:43.803+0000] {logging_mixin.py:190} INFO - [2026-04-12T11:21:43.803+0000] {dag.py:4180} INFO - Setting next_dagrun for example_subdag_operator.section-1 to None, run_after=None
[2026-04-12T11:21:43.804+0000] {logging_mixin.py:190} INFO - [2026-04-12T11:21:43.804+0000] {dag.py:4180} INFO - Setting next_dagrun for example_subdag_operator.section-2 to None, run_after=None
[2026-04-12T11:21:43.812+0000] {logging_mixin.py:190} INFO - [2026-04-12T11:21:43.812+0000] {dag.py:3239} INFO - Sync 2 DAGs
[2026-04-12T11:21:43.816+0000] {logging_mixin.py:190} INFO - [2026-04-12T11:21:43.816+0000] {dag.py:4180} INFO - Setting next_dagrun for example_subdag_operator.section-1 to None, run_after=None
[2026-04-12T11:21:43.816+0000] {logging_mixin.py:190} INFO - [2026-04-12T11:21:43.816+0000] {dag.py:4180} INFO - Setting next_dagrun for example_subdag_operator.section-2 to None, run_after=None
[2026-04-12T11:21:43.827+0000] {processor.py:208} INFO - Processing /home/airflow/.local/lib/python3.12/site-packages/airflow/example_dags/example_subdag_operator.py took 0.084 seconds
[2026-04-12T11:22:13.866+0000] {processor.py:186} INFO - Started process (PID=5909) to work on /home/airflow/.local/lib/python3.12/site-packages/airflow/example_dags/example_subdag_operator.py
[2026-04-12T11:22:13.868+0000] {processor.py:914} INFO - Processing file /home/airflow/.local/lib/python3.12/site-packages/airflow/example_dags/example_subdag_operator.py for tasks to queue
[2026-04-12T11:22:13.871+0000] {logging_mixin.py:190} INFO - [2026-04-12T11:22:13.870+0000] {dagbag.py:588} INFO - Filling up the DagBag from /home/airflow/.local/lib/python3.12/site-packages/airflow/example_dags/example_subdag_operator.py
[2026-04-12T11:22:13.890+0000] {processor.py:925} INFO - DAG(s) 'example_subdag_operator.section-1', 'example_subdag_operator.section-2', 'example_subdag_operator' retrieved from /home/airflow/.local/lib/python3.12/site-packages/airflow/example_dags/example_subdag_operator.py
[2026-04-12T11:22:13.900+0000] {logging_mixin.py:190} INFO - [2026-04-12T11:22:13.900+0000] {dag.py:3239} INFO - Sync 3 DAGs
[2026-04-12T11:22:13.915+0000] {logging_mixin.py:190} INFO - [2026-04-12T11:22:13.915+0000] {dag.py:4180} INFO - Setting next_dagrun for example_subdag_operator to 2022-01-01 00:00:00+00:00, run_after=2022-01-01 00:00:00+00:00
[2026-04-12T11:22:13.919+0000] {logging_mixin.py:190} INFO - [2026-04-12T11:22:13.918+0000] {dag.py:4180} INFO - Setting next_dagrun for example_subdag_operator.section-1 to None, run_after=None
[2026-04-12T11:22:13.920+0000] {logging_mixin.py:190} INFO - [2026-04-12T11:22:13.920+0000] {dag.py:4180} INFO - Setting next_dagrun for example_subdag_operator.section-2 to None, run_after=None
[2026-04-12T11:22:13.927+0000] {logging_mixin.py:190} INFO - [2026-04-12T11:22:13.926+0000] {dag.py:3239} INFO - Sync 2 DAGs
[2026-04-12T11:22:13.930+0000] {logging_mixin.py:190} INFO - [2026-04-12T11:22:13.930+0000] {dag.py:4180} INFO - Setting next_dagrun for example_subdag_operator.section-1 to None, run_after=None
[2026-04-12T11:22:13.931+0000] {logging_mixin.py:190} INFO - [2026-04-12T11:22:13.931+0000] {dag.py:4180} INFO - Setting next_dagrun for example_subdag_operator.section-2 to None, run_after=None
[2026-04-12T11:22:13.939+0000] {processor.py:208} INFO - Processing /home/airflow/.local/lib/python3.12/site-packages/airflow/example_dags/example_subdag_operator.py took 0.080 seconds
[2026-04-12T11:22:44.090+0000] {processor.py:186} INFO - Started process (PID=6204) to work on /home/airflow/.local/lib/python3.12/site-packages/airflow/example_dags/example_subdag_operator.py
[2026-04-12T11:22:44.094+0000] {processor.py:914} INFO - Processing file /home/airflow/.local/lib/python3.12/site-packages/airflow/example_dags/example_subdag_operator.py for tasks to queue
[2026-04-12T11:22:44.097+0000] {logging_mixin.py:190} INFO - [2026-04-12T11:22:44.097+0000] {dagbag.py:588} INFO - Filling up the DagBag from /home/airflow/.local/lib/python3.12/site-packages/airflow/example_dags/example_subdag_operator.py
[2026-04-12T11:22:44.125+0000] {processor.py:925} INFO - DAG(s) 'example_subdag_operator.section-1', 'example_subdag_operator.section-2', 'example_subdag_operator' retrieved from /home/airflow/.local/lib/python3.12/site-packages/airflow/example_dags/example_subdag_operator.py
[2026-04-12T11:22:44.140+0000] {logging_mixin.py:190} INFO - [2026-04-12T11:22:44.140+0000] {dag.py:3239} INFO - Sync 3 DAGs
[2026-04-12T11:22:44.158+0000] {logging_mixin.py:190} INFO - [2026-04-12T11:22:44.157+0000] {dag.py:4180} INFO - Setting next_dagrun for example_subdag_operator to 2022-01-01 00:00:00+00:00, run_after=2022-01-01 00:00:00+00:00
[2026-04-12T11:22:44.161+0000] {logging_mixin.py:190} INFO - [2026-04-12T11:22:44.161+0000] {dag.py:4180} INFO - Setting next_dagrun for example_subdag_operator.section-1 to None, run_after=None
[2026-04-12T11:22:44.164+0000] {logging_mixin.py:190} INFO - [2026-04-12T11:22:44.164+0000] {dag.py:4180} INFO - Setting next_dagrun for example_subdag_operator.section-2 to None, run_after=None
[2026-04-12T11:22:44.169+0000] {logging_mixin.py:190} INFO - [2026-04-12T11:22:44.169+0000] {dag.py:3239} INFO - Sync 2 DAGs
[2026-04-12T11:22:44.172+0000] {logging_mixin.py:190} INFO - [2026-04-12T11:22:44.172+0000] {dag.py:4180} INFO - Setting next_dagrun for example_subdag_operator.section-1 to None, run_after=None
[2026-04-12T11:22:44.173+0000] {logging_mixin.py:190} INFO - [2026-04-12T11:22:44.173+0000] {dag.py:4180} INFO - Setting next_dagrun for example_subdag_operator.section-2 to None, run_after=None
[2026-04-12T11:22:44.181+0000] {processor.py:208} INFO - Processing /home/airflow/.local/lib/python3.12/site-packages/airflow/example_dags/example_subdag_operator.py took 0.095 seconds
[2026-04-12T11:23:15.215+0000] {processor.py:186} INFO - Started process (PID=6505) to work on /home/airflow/.local/lib/python3.12/site-packages/airflow/example_dags/example_subdag_operator.py
[2026-04-12T11:23:15.216+0000] {processor.py:914} INFO - Processing file /home/airflow/.local/lib/python3.12/site-packages/airflow/example_dags/example_subdag_operator.py for tasks to queue
[2026-04-12T11:23:15.217+0000] {logging_mixin.py:190} INFO - [2026-04-12T11:23:15.217+0000] {dagbag.py:588} INFO - Filling up the DagBag from /home/airflow/.local/lib/python3.12/site-packages/airflow/example_dags/example_subdag_operator.py
[2026-04-12T11:23:15.237+0000] {processor.py:925} INFO - DAG(s) 'example_subdag_operator.section-1', 'example_subdag_operator.section-2', 'example_subdag_operator' retrieved from /home/airflow/.local/lib/python3.12/site-packages/airflow/example_dags/example_subdag_operator.py
[2026-04-12T11:23:15.248+0000] {logging_mixin.py:190} INFO - [2026-04-12T11:23:15.248+0000] {dag.py:3239} INFO - Sync 3 DAGs
[2026-04-12T11:23:15.267+0000] {logging_mixin.py:190} INFO - [2026-04-12T11:23:15.266+0000] {dag.py:4180} INFO - Setting next_dagrun for example_subdag_operator to 2022-01-01 00:00:00+00:00, run_after=2022-01-01 00:00:00+00:00
[2026-04-12T11:23:15.269+0000] {logging_mixin.py:190} INFO - [2026-04-12T11:23:15.269+0000] {dag.py:4180} INFO - Setting next_dagrun for example_subdag_operator.section-1 to None, run_after=None
[2026-04-12T11:23:15.270+0000] {logging_mixin.py:190} INFO - [2026-04-12T11:23:15.270+0000] {dag.py:4180} INFO - Setting next_dagrun for example_subdag_operator.section-2 to None, run_after=None
[2026-04-12T11:23:15.277+0000] {logging_mixin.py:190} INFO - [2026-04-12T11:23:15.277+0000] {dag.py:3239} INFO - Sync 2 DAGs
[2026-04-12T11:23:15.283+0000] {logging_mixin.py:190} INFO - [2026-04-12T11:23:15.283+0000] {dag.py:4180} INFO - Setting next_dagrun for example_subdag_operator.section-1 to None, run_after=None
[2026-04-12T11:23:15.284+0000] {logging_mixin.py:190} INFO - [2026-04-12T11:23:15.283+0000] {dag.py:4180} INFO - Setting next_dagrun for example_subdag_operator.section-2 to None, run_after=None
[2026-04-12T11:23:15.294+0000] {processor.py:208} INFO - Processing /home/airflow/.local/lib/python3.12/site-packages/airflow/example_dags/example_subdag_operator.py took 0.084 seconds
[2026-04-12T11:23:45.901+0000] {processor.py:186} INFO - Started process (PID=6801) to work on /home/airflow/.local/lib/python3.12/site-packages/airflow/example_dags/example_subdag_operator.py
[2026-04-12T11:23:45.902+0000] {processor.py:914} INFO - Processing file /home/airflow/.local/lib/python3.12/site-packages/airflow/example_dags/example_subdag_operator.py for tasks to queue
[2026-04-12T11:23:45.905+0000] {logging_mixin.py:190} INFO - [2026-04-12T11:23:45.904+0000] {dagbag.py:588} INFO - Filling up the DagBag from /home/airflow/.local/lib/python3.12/site-packages/airflow/example_dags/example_subdag_operator.py
[2026-04-12T11:23:45.926+0000] {processor.py:925} INFO - DAG(s) 'example_subdag_operator.section-1', 'example_subdag_operator.section-2', 'example_subdag_operator' retrieved from /home/airflow/.local/lib/python3.12/site-packages/airflow/example_dags/example_subdag_operator.py
[2026-04-12T11:23:45.936+0000] {logging_mixin.py:190} INFO - [2026-04-12T11:23:45.936+0000] {dag.py:3239} INFO - Sync 3 DAGs
[2026-04-12T11:23:45.950+0000] {logging_mixin.py:190} INFO - [2026-04-12T11:23:45.950+0000] {dag.py:4180} INFO - Setting next_dagrun for example_subdag_operator to 2022-01-01 00:00:00+00:00, run_after=2022-01-01 00:00:00+00:00
[2026-04-12T11:23:45.954+0000] {logging_mixin.py:190} INFO - [2026-04-12T11:23:45.954+0000] {dag.py:4180} INFO - Setting next_dagrun for example_subdag_operator.section-1 to None, run_after=None
[2026-04-12T11:23:45.955+0000] {logging_mixin.py:190} INFO - [2026-04-12T11:23:45.955+0000] {dag.py:4180} INFO - Setting next_dagrun for example_subdag_operator.section-2 to None, run_after=None
[2026-04-12T11:23:45.961+0000] {logging_mixin.py:190} INFO - [2026-04-12T11:23:45.960+0000] {dag.py:3239} INFO - Sync 2 DAGs
[2026-04-12T11:23:45.966+0000] {logging_mixin.py:190} INFO - [2026-04-12T11:23:45.966+0000] {dag.py:4180} INFO - Setting next_dagrun for example_subdag_operator.section-1 to None, run_after=None
[2026-04-12T11:23:45.966+0000] {logging_mixin.py:190} INFO - [2026-04-12T11:23:45.966+0000] {dag.py:4180} INFO - Setting next_dagrun for example_subdag_operator.section-2 to None, run_after=None
[2026-04-12T11:23:45.978+0000] {processor.py:208} INFO - Processing /home/airflow/.local/lib/python3.12/site-packages/airflow/example_dags/example_subdag_operator.py took 0.081 seconds
[2026-04-12T11:24:16.211+0000] {processor.py:186} INFO - Started process (PID=7097) to work on /home/airflow/.local/lib/python3.12/site-packages/airflow/example_dags/example_subdag_operator.py
[2026-04-12T11:24:16.212+0000] {processor.py:914} INFO - Processing file /home/airflow/.local/lib/python3.12/site-packages/airflow/example_dags/example_subdag_operator.py for tasks to queue
[2026-04-12T11:24:16.214+0000] {logging_mixin.py:190} INFO - [2026-04-12T11:24:16.214+0000] {dagbag.py:588} INFO - Filling up the DagBag from /home/airflow/.local/lib/python3.12/site-packages/airflow/example_dags/example_subdag_operator.py
[2026-04-12T11:24:16.231+0000] {processor.py:925} INFO - DAG(s) 'example_subdag_operator.section-1', 'example_subdag_operator.section-2', 'example_subdag_operator' retrieved from /home/airflow/.local/lib/python3.12/site-packages/airflow/example_dags/example_subdag_operator.py
[2026-04-12T11:24:16.241+0000] {logging_mixin.py:190} INFO - [2026-04-12T11:24:16.241+0000] {dag.py:3239} INFO - Sync 3 DAGs
[2026-04-12T11:24:16.256+0000] {logging_mixin.py:190} INFO - [2026-04-12T11:24:16.256+0000] {dag.py:4180} INFO - Setting next_dagrun for example_subdag_operator to 2022-01-01 00:00:00+00:00, run_after=2022-01-01 00:00:00+00:00
[2026-04-12T11:24:16.258+0000] {logging_mixin.py:190} INFO - [2026-04-12T11:24:16.258+0000] {dag.py:4180} INFO - Setting next_dagrun for example_subdag_operator.section-1 to None, run_after=None
[2026-04-12T11:24:16.261+0000] {logging_mixin.py:190} INFO - [2026-04-12T11:24:16.261+0000] {dag.py:4180} INFO - Setting next_dagrun for example_subdag_operator.section-2 to None, run_after=None
[2026-04-12T11:24:16.267+0000] {logging_mixin.py:190} INFO - [2026-04-12T11:24:16.267+0000] {dag.py:3239} INFO - Sync 2 DAGs
[2026-04-12T11:24:16.272+0000] {logging_mixin.py:190} INFO - [2026-04-12T11:24:16.272+0000] {dag.py:4180} INFO - Setting next_dagrun for example_subdag_operator.section-1 to None, run_after=None
[2026-04-12T11:24:16.274+0000] {logging_mixin.py:190} INFO - [2026-04-12T11:24:16.274+0000] {dag.py:4180} INFO - Setting next_dagrun for example_subdag_operator.section-2 to None, run_after=None
[2026-04-12T11:24:16.285+0000] {processor.py:208} INFO - Processing /home/airflow/.local/lib/python3.12/site-packages/airflow/example_dags/example_subdag_operator.py took 0.078 seconds
[2026-04-12T11:24:47.301+0000] {processor.py:186} INFO - Started process (PID=7393) to work on /home/airflow/.local/lib/python3.12/site-packages/airflow/example_dags/example_subdag_operator.py
[2026-04-12T11:24:47.302+0000] {processor.py:914} INFO - Processing file /home/airflow/.local/lib/python3.12/site-packages/airflow/example_dags/example_subdag_operator.py for tasks to queue
[2026-04-12T11:24:47.304+0000] {logging_mixin.py:190} INFO - [2026-04-12T11:24:47.304+0000] {dagbag.py:588} INFO - Filling up the DagBag from /home/airflow/.local/lib/python3.12/site-packages/airflow/example_dags/example_subdag_operator.py
[2026-04-12T11:24:47.325+0000] {processor.py:925} INFO - DAG(s) 'example_subdag_operator.section-1', 'example_subdag_operator.section-2', 'example_subdag_operator' retrieved from /home/airflow/.local/lib/python3.12/site-packages/airflow/example_dags/example_subdag_operator.py
[2026-04-12T11:24:47.335+0000] {logging_mixin.py:190} INFO - [2026-04-12T11:24:47.335+0000] {dag.py:3239} INFO - Sync 3 DAGs
[2026-04-12T11:24:47.350+0000] {logging_mixin.py:190} INFO - [2026-04-12T11:24:47.350+0000] {dag.py:4180} INFO - Setting next_dagrun for example_subdag_operator to 2022-01-01 00:00:00+00:00, run_after=2022-01-01 00:00:00+00:00
[2026-04-12T11:24:47.354+0000] {logging_mixin.py:190} INFO - [2026-04-12T11:24:47.354+0000] {dag.py:4180} INFO - Setting next_dagrun for example_subdag_operator.section-1 to None, run_after=None
[2026-04-12T11:24:47.355+0000] {logging_mixin.py:190} INFO - [2026-04-12T11:24:47.355+0000] {dag.py:4180} INFO - Setting next_dagrun for example_subdag_operator.section-2 to None, run_after=None
[2026-04-12T11:24:47.360+0000] {logging_mixin.py:190} INFO - [2026-04-12T11:24:47.359+0000] {dag.py:3239} INFO - Sync 2 DAGs
[2026-04-12T11:24:47.367+0000] {logging_mixin.py:190} INFO - [2026-04-12T11:24:47.367+0000] {dag.py:4180} INFO - Setting next_dagrun for example_subdag_operator.section-1 to None, run_after=None
[2026-04-12T11:24:47.368+0000] {logging_mixin.py:190} INFO - [2026-04-12T11:24:47.368+0000] {dag.py:4180} INFO - Setting next_dagrun for example_subdag_operator.section-2 to None, run_after=None
[2026-04-12T11:24:47.378+0000] {processor.py:208} INFO - Processing /home/airflow/.local/lib/python3.12/site-packages/airflow/example_dags/example_subdag_operator.py took 0.081 seconds
[2026-04-12T11:25:17.471+0000] {processor.py:186} INFO - Started process (PID=7689) to work on /home/airflow/.local/lib/python3.12/site-packages/airflow/example_dags/example_subdag_operator.py
[2026-04-12T11:25:17.472+0000] {processor.py:914} INFO - Processing file /home/airflow/.local/lib/python3.12/site-packages/airflow/example_dags/example_subdag_operator.py for tasks to queue
[2026-04-12T11:25:17.473+0000] {logging_mixin.py:190} INFO - [2026-04-12T11:25:17.473+0000] {dagbag.py:588} INFO - Filling up the DagBag from /home/airflow/.local/lib/python3.12/site-packages/airflow/example_dags/example_subdag_operator.py
[2026-04-12T11:25:17.495+0000] {processor.py:925} INFO - DAG(s) 'example_subdag_operator.section-1', 'example_subdag_operator.section-2', 'example_subdag_operator' retrieved from /home/airflow/.local/lib/python3.12/site-packages/airflow/example_dags/example_subdag_operator.py
[2026-04-12T11:25:17.505+0000] {logging_mixin.py:190} INFO - [2026-04-12T11:25:17.505+0000] {dag.py:3239} INFO - Sync 3 DAGs
[2026-04-12T11:25:17.522+0000] {logging_mixin.py:190} INFO - [2026-04-12T11:25:17.522+0000] {dag.py:4180} INFO - Setting next_dagrun for example_subdag_operator to 2022-01-01 00:00:00+00:00, run_after=2022-01-01 00:00:00+00:00
[2026-04-12T11:25:17.524+0000] {logging_mixin.py:190} INFO - [2026-04-12T11:25:17.524+0000] {dag.py:4180} INFO - Setting next_dagrun for example_subdag_operator.section-1 to None, run_after=None
[2026-04-12T11:25:17.525+0000] {logging_mixin.py:190} INFO - [2026-04-12T11:25:17.525+0000] {dag.py:4180} INFO - Setting next_dagrun for example_subdag_operator.section-2 to None, run_after=None
[2026-04-12T11:25:17.530+0000] {logging_mixin.py:190} INFO - [2026-04-12T11:25:17.530+0000] {dag.py:3239} INFO - Sync 2 DAGs
[2026-04-12T11:25:17.533+0000] {logging_mixin.py:190} INFO - [2026-04-12T11:25:17.533+0000] {dag.py:4180} INFO - Setting next_dagrun for example_subdag_operator.section-1 to None, run_after=None
[2026-04-12T11:25:17.533+0000] {logging_mixin.py:190} INFO - [2026-04-12T11:25:17.533+0000] {dag.py:4180} INFO - Setting next_dagrun for example_subdag_operator.section-2 to None, run_after=None
[2026-04-12T11:25:17.539+0000] {processor.py:208} INFO - Processing /home/airflow/.local/lib/python3.12/site-packages/airflow/example_dags/example_subdag_operator.py took 0.074 seconds
[2026-04-12T11:25:47.582+0000] {processor.py:186} INFO - Started process (PID=7980) to work on /home/airflow/.local/lib/python3.12/site-packages/airflow/example_dags/example_subdag_operator.py
[2026-04-12T11:25:47.585+0000] {processor.py:914} INFO - Processing file /home/airflow/.local/lib/python3.12/site-packages/airflow/example_dags/example_subdag_operator.py for tasks to queue
[2026-04-12T11:25:47.587+0000] {logging_mixin.py:190} INFO - [2026-04-12T11:25:47.587+0000] {dagbag.py:588} INFO - Filling up the DagBag from /home/airflow/.local/lib/python3.12/site-packages/airflow/example_dags/example_subdag_operator.py
[2026-04-12T11:25:47.607+0000] {processor.py:925} INFO - DAG(s) 'example_subdag_operator.section-1', 'example_subdag_operator.section-2', 'example_subdag_operator' retrieved from /home/airflow/.local/lib/python3.12/site-packages/airflow/example_dags/example_subdag_operator.py
[2026-04-12T11:25:47.621+0000] {logging_mixin.py:190} INFO - [2026-04-12T11:25:47.621+0000] {dag.py:3239} INFO - Sync 3 DAGs
[2026-04-12T11:25:47.636+0000] {logging_mixin.py:190} INFO - [2026-04-12T11:25:47.636+0000] {dag.py:4180} INFO - Setting next_dagrun for example_subdag_operator to 2022-01-01 00:00:00+00:00, run_after=2022-01-01 00:00:00+00:00
[2026-04-12T11:25:47.639+0000] {logging_mixin.py:190} INFO - [2026-04-12T11:25:47.639+0000] {dag.py:4180} INFO - Setting next_dagrun for example_subdag_operator.section-1 to None, run_after=None
[2026-04-12T11:25:47.641+0000] {logging_mixin.py:190} INFO - [2026-04-12T11:25:47.641+0000] {dag.py:4180} INFO - Setting next_dagrun for example_subdag_operator.section-2 to None, run_after=None
[2026-04-12T11:25:47.645+0000] {logging_mixin.py:190} INFO - [2026-04-12T11:25:47.645+0000] {dag.py:3239} INFO - Sync 2 DAGs
[2026-04-12T11:25:47.650+0000] {logging_mixin.py:190} INFO - [2026-04-12T11:25:47.650+0000] {dag.py:4180} INFO - Setting next_dagrun for example_subdag_operator.section-1 to None, run_after=None
[2026-04-12T11:25:47.651+0000] {logging_mixin.py:190} INFO - [2026-04-12T11:25:47.651+0000] {dag.py:4180} INFO - Setting next_dagrun for example_subdag_operator.section-2 to None, run_after=None
[2026-04-12T11:25:47.660+0000] {processor.py:208} INFO - Processing /home/airflow/.local/lib/python3.12/site-packages/airflow/example_dags/example_subdag_operator.py took 0.082 seconds
[2026-04-12T11:27:09.256+0000] {processor.py:186} INFO - Started process (PID=8155) to work on /home/airflow/.local/lib/python3.12/site-packages/airflow/example_dags/example_subdag_operator.py
[2026-04-12T11:27:09.261+0000] {processor.py:914} INFO - Processing file /home/airflow/.local/lib/python3.12/site-packages/airflow/example_dags/example_subdag_operator.py for tasks to queue
[2026-04-12T11:27:09.263+0000] {logging_mixin.py:190} INFO - [2026-04-12T11:27:09.262+0000] {dagbag.py:588} INFO - Filling up the DagBag from /home/airflow/.local/lib/python3.12/site-packages/airflow/example_dags/example_subdag_operator.py
[2026-04-12T11:27:09.285+0000] {processor.py:925} INFO - DAG(s) 'example_subdag_operator.section-1', 'example_subdag_operator.section-2', 'example_subdag_operator' retrieved from /home/airflow/.local/lib/python3.12/site-packages/airflow/example_dags/example_subdag_operator.py
[2026-04-12T11:27:09.296+0000] {logging_mixin.py:190} INFO - [2026-04-12T11:27:09.296+0000] {dag.py:3239} INFO - Sync 3 DAGs
[2026-04-12T11:27:09.311+0000] {logging_mixin.py:190} INFO - [2026-04-12T11:27:09.311+0000] {dag.py:4180} INFO - Setting next_dagrun for example_subdag_operator to 2022-01-01 00:00:00+00:00, run_after=2022-01-01 00:00:00+00:00
[2026-04-12T11:27:09.314+0000] {logging_mixin.py:190} INFO - [2026-04-12T11:27:09.314+0000] {dag.py:4180} INFO - Setting next_dagrun for example_subdag_operator.section-1 to None, run_after=None
[2026-04-12T11:27:09.315+0000] {logging_mixin.py:190} INFO - [2026-04-12T11:27:09.315+0000] {dag.py:4180} INFO - Setting next_dagrun for example_subdag_operator.section-2 to None, run_after=None
[2026-04-12T11:27:09.319+0000] {logging_mixin.py:190} INFO - [2026-04-12T11:27:09.319+0000] {dag.py:3239} INFO - Sync 2 DAGs
[2026-04-12T11:27:09.322+0000] {logging_mixin.py:190} INFO - [2026-04-12T11:27:09.322+0000] {dag.py:4180} INFO - Setting next_dagrun for example_subdag_operator.section-1 to None, run_after=None
[2026-04-12T11:27:09.323+0000] {logging_mixin.py:190} INFO - [2026-04-12T11:27:09.323+0000] {dag.py:4180} INFO - Setting next_dagrun for example_subdag_operator.section-2 to None, run_after=None
[2026-04-12T11:27:09.334+0000] {processor.py:208} INFO - Processing /home/airflow/.local/lib/python3.12/site-packages/airflow/example_dags/example_subdag_operator.py took 0.082 seconds
[2026-04-12T11:29:45.248+0000] {processor.py:186} INFO - Started process (PID=8451) to work on /home/airflow/.local/lib/python3.12/site-packages/airflow/example_dags/example_subdag_operator.py
[2026-04-12T11:29:45.249+0000] {processor.py:914} INFO - Processing file /home/airflow/.local/lib/python3.12/site-packages/airflow/example_dags/example_subdag_operator.py for tasks to queue
[2026-04-12T11:29:45.253+0000] {logging_mixin.py:190} INFO - [2026-04-12T11:29:45.253+0000] {dagbag.py:588} INFO - Filling up the DagBag from /home/airflow/.local/lib/python3.12/site-packages/airflow/example_dags/example_subdag_operator.py
[2026-04-12T11:29:45.274+0000] {processor.py:925} INFO - DAG(s) 'example_subdag_operator.section-1', 'example_subdag_operator.section-2', 'example_subdag_operator' retrieved from /home/airflow/.local/lib/python3.12/site-packages/airflow/example_dags/example_subdag_operator.py
[2026-04-12T11:29:45.283+0000] {logging_mixin.py:190} INFO - [2026-04-12T11:29:45.283+0000] {dag.py:3239} INFO - Sync 3 DAGs
[2026-04-12T11:29:45.301+0000] {logging_mixin.py:190} INFO - [2026-04-12T11:29:45.301+0000] {dag.py:4180} INFO - Setting next_dagrun for example_subdag_operator to 2022-01-01 00:00:00+00:00, run_after=2022-01-01 00:00:00+00:00
[2026-04-12T11:29:45.304+0000] {logging_mixin.py:190} INFO - [2026-04-12T11:29:45.304+0000] {dag.py:4180} INFO - Setting next_dagrun for example_subdag_operator.section-1 to None, run_after=None
[2026-04-12T11:29:45.305+0000] {logging_mixin.py:190} INFO - [2026-04-12T11:29:45.305+0000] {dag.py:4180} INFO - Setting next_dagrun for example_subdag_operator.section-2 to None, run_after=None
[2026-04-12T11:29:45.312+0000] {logging_mixin.py:190} INFO - [2026-04-12T11:29:45.312+0000] {dag.py:3239} INFO - Sync 2 DAGs
[2026-04-12T11:29:45.318+0000] {logging_mixin.py:190} INFO - [2026-04-12T11:29:45.318+0000] {dag.py:4180} INFO - Setting next_dagrun for example_subdag_operator.section-1 to None, run_after=None
[2026-04-12T11:29:45.318+0000] {logging_mixin.py:190} INFO - [2026-04-12T11:29:45.318+0000] {dag.py:4180} INFO - Setting next_dagrun for example_subdag_operator.section-2 to None, run_after=None
[2026-04-12T11:29:45.324+0000] {processor.py:208} INFO - Processing /home/airflow/.local/lib/python3.12/site-packages/airflow/example_dags/example_subdag_operator.py took 0.081 seconds
[2026-04-12T11:30:15.522+0000] {processor.py:186} INFO - Started process (PID=8747) to work on /home/airflow/.local/lib/python3.12/site-packages/airflow/example_dags/example_subdag_operator.py
[2026-04-12T11:30:15.523+0000] {processor.py:914} INFO - Processing file /home/airflow/.local/lib/python3.12/site-packages/airflow/example_dags/example_subdag_operator.py for tasks to queue
[2026-04-12T11:30:15.528+0000] {logging_mixin.py:190} INFO - [2026-04-12T11:30:15.528+0000] {dagbag.py:588} INFO - Filling up the DagBag from /home/airflow/.local/lib/python3.12/site-packages/airflow/example_dags/example_subdag_operator.py
[2026-04-12T11:30:15.550+0000] {processor.py:925} INFO - DAG(s) 'example_subdag_operator.section-1', 'example_subdag_operator.section-2', 'example_subdag_operator' retrieved from /home/airflow/.local/lib/python3.12/site-packages/airflow/example_dags/example_subdag_operator.py
[2026-04-12T11:30:15.563+0000] {logging_mixin.py:190} INFO - [2026-04-12T11:30:15.563+0000] {dag.py:3239} INFO - Sync 3 DAGs
[2026-04-12T11:30:15.620+0000] {logging_mixin.py:190} INFO - [2026-04-12T11:30:15.620+0000] {dag.py:4180} INFO - Setting next_dagrun for example_subdag_operator to 2022-01-01 00:00:00+00:00, run_after=2022-01-01 00:00:00+00:00
[2026-04-12T11:30:15.623+0000] {logging_mixin.py:190} INFO - [2026-04-12T11:30:15.623+0000] {dag.py:4180} INFO - Setting next_dagrun for example_subdag_operator.section-1 to None, run_after=None
[2026-04-12T11:30:15.625+0000] {logging_mixin.py:190} INFO - [2026-04-12T11:30:15.625+0000] {dag.py:4180} INFO - Setting next_dagrun for example_subdag_operator.section-2 to None, run_after=None
[2026-04-12T11:30:15.634+0000] {logging_mixin.py:190} INFO - [2026-04-12T11:30:15.634+0000] {dag.py:3239} INFO - Sync 2 DAGs
[2026-04-12T11:30:15.639+0000] {logging_mixin.py:190} INFO - [2026-04-12T11:30:15.639+0000] {dag.py:4180} INFO - Setting next_dagrun for example_subdag_operator.section-1 to None, run_after=None
[2026-04-12T11:30:15.639+0000] {logging_mixin.py:190} INFO - [2026-04-12T11:30:15.639+0000] {dag.py:4180} INFO - Setting next_dagrun for example_subdag_operator.section-2 to None, run_after=None
[2026-04-12T11:30:15.650+0000] {processor.py:208} INFO - Processing /home/airflow/.local/lib/python3.12/site-packages/airflow/example_dags/example_subdag_operator.py took 0.132 seconds
[2026-04-12T11:30:46.061+0000] {processor.py:186} INFO - Started process (PID=9045) to work on /home/airflow/.local/lib/python3.12/site-packages/airflow/example_dags/example_subdag_operator.py
[2026-04-12T11:30:46.062+0000] {processor.py:914} INFO - Processing file /home/airflow/.local/lib/python3.12/site-packages/airflow/example_dags/example_subdag_operator.py for tasks to queue
[2026-04-12T11:30:46.063+0000] {logging_mixin.py:190} INFO - [2026-04-12T11:30:46.063+0000] {dagbag.py:588} INFO - Filling up the DagBag from /home/airflow/.local/lib/python3.12/site-packages/airflow/example_dags/example_subdag_operator.py
[2026-04-12T11:30:46.089+0000] {processor.py:925} INFO - DAG(s) 'example_subdag_operator.section-1', 'example_subdag_operator.section-2', 'example_subdag_operator' retrieved from /home/airflow/.local/lib/python3.12/site-packages/airflow/example_dags/example_subdag_operator.py
[2026-04-12T11:30:46.108+0000] {logging_mixin.py:190} INFO - [2026-04-12T11:30:46.108+0000] {dag.py:3239} INFO - Sync 3 DAGs
[2026-04-12T11:30:46.143+0000] {logging_mixin.py:190} INFO - [2026-04-12T11:30:46.142+0000] {dag.py:4180} INFO - Setting next_dagrun for example_subdag_operator to 2022-01-01 00:00:00+00:00, run_after=2022-01-01 00:00:00+00:00
[2026-04-12T11:30:46.147+0000] {logging_mixin.py:190} INFO - [2026-04-12T11:30:46.147+0000] {dag.py:4180} INFO - Setting next_dagrun for example_subdag_operator.section-1 to None, run_after=None
[2026-04-12T11:30:46.149+0000] {logging_mixin.py:190} INFO - [2026-04-12T11:30:46.149+0000] {dag.py:4180} INFO - Setting next_dagrun for example_subdag_operator.section-2 to None, run_after=None
[2026-04-12T11:30:46.156+0000] {logging_mixin.py:190} INFO - [2026-04-12T11:30:46.156+0000] {dag.py:3239} INFO - Sync 2 DAGs
[2026-04-12T11:30:46.161+0000] {logging_mixin.py:190} INFO - [2026-04-12T11:30:46.161+0000] {dag.py:4180} INFO - Setting next_dagrun for example_subdag_operator.section-1 to None, run_after=None
[2026-04-12T11:30:46.161+0000] {logging_mixin.py:190} INFO - [2026-04-12T11:30:46.161+0000] {dag.py:4180} INFO - Setting next_dagrun for example_subdag_operator.section-2 to None, run_after=None
[2026-04-12T11:30:46.168+0000] {processor.py:208} INFO - Processing /home/airflow/.local/lib/python3.12/site-packages/airflow/example_dags/example_subdag_operator.py took 0.111 seconds
[2026-04-12T11:31:16.243+0000] {processor.py:186} INFO - Started process (PID=9338) to work on /home/airflow/.local/lib/python3.12/site-packages/airflow/example_dags/example_subdag_operator.py
[2026-04-12T11:31:16.244+0000] {processor.py:914} INFO - Processing file /home/airflow/.local/lib/python3.12/site-packages/airflow/example_dags/example_subdag_operator.py for tasks to queue
[2026-04-12T11:31:16.246+0000] {logging_mixin.py:190} INFO - [2026-04-12T11:31:16.245+0000] {dagbag.py:588} INFO - Filling up the DagBag from /home/airflow/.local/lib/python3.12/site-packages/airflow/example_dags/example_subdag_operator.py
[2026-04-12T11:31:16.269+0000] {processor.py:925} INFO - DAG(s) 'example_subdag_operator.section-1', 'example_subdag_operator.section-2', 'example_subdag_operator' retrieved from /home/airflow/.local/lib/python3.12/site-packages/airflow/example_dags/example_subdag_operator.py
[2026-04-12T11:31:16.282+0000] {logging_mixin.py:190} INFO - [2026-04-12T11:31:16.282+0000] {dag.py:3239} INFO - Sync 3 DAGs
[2026-04-12T11:31:16.301+0000] {logging_mixin.py:190} INFO - [2026-04-12T11:31:16.301+0000] {dag.py:4180} INFO - Setting next_dagrun for example_subdag_operator to 2022-01-01 00:00:00+00:00, run_after=2022-01-01 00:00:00+00:00
[2026-04-12T11:31:16.303+0000] {logging_mixin.py:190} INFO - [2026-04-12T11:31:16.303+0000] {dag.py:4180} INFO - Setting next_dagrun for example_subdag_operator.section-1 to None, run_after=None
[2026-04-12T11:31:16.304+0000] {logging_mixin.py:190} INFO - [2026-04-12T11:31:16.304+0000] {dag.py:4180} INFO - Setting next_dagrun for example_subdag_operator.section-2 to None, run_after=None
[2026-04-12T11:31:16.309+0000] {logging_mixin.py:190} INFO - [2026-04-12T11:31:16.309+0000] {dag.py:3239} INFO - Sync 2 DAGs
[2026-04-12T11:31:16.313+0000] {logging_mixin.py:190} INFO - [2026-04-12T11:31:16.313+0000] {dag.py:4180} INFO - Setting next_dagrun for example_subdag_operator.section-1 to None, run_after=None
[2026-04-12T11:31:16.313+0000] {logging_mixin.py:190} INFO - [2026-04-12T11:31:16.313+0000] {dag.py:4180} INFO - Setting next_dagrun for example_subdag_operator.section-2 to None, run_after=None
[2026-04-12T11:31:16.319+0000] {processor.py:208} INFO - Processing /home/airflow/.local/lib/python3.12/site-packages/airflow/example_dags/example_subdag_operator.py took 0.080 seconds
[2026-04-12T11:31:46.657+0000] {processor.py:186} INFO - Started process (PID=9634) to work on /home/airflow/.local/lib/python3.12/site-packages/airflow/example_dags/example_subdag_operator.py
[2026-04-12T11:31:46.661+0000] {processor.py:914} INFO - Processing file /home/airflow/.local/lib/python3.12/site-packages/airflow/example_dags/example_subdag_operator.py for tasks to queue
[2026-04-12T11:31:46.666+0000] {logging_mixin.py:190} INFO - [2026-04-12T11:31:46.666+0000] {dagbag.py:588} INFO - Filling up the DagBag from /home/airflow/.local/lib/python3.12/site-packages/airflow/example_dags/example_subdag_operator.py
[2026-04-12T11:31:46.690+0000] {processor.py:925} INFO - DAG(s) 'example_subdag_operator.section-1', 'example_subdag_operator.section-2', 'example_subdag_operator' retrieved from /home/airflow/.local/lib/python3.12/site-packages/airflow/example_dags/example_subdag_operator.py
[2026-04-12T11:31:46.701+0000] {logging_mixin.py:190} INFO - [2026-04-12T11:31:46.701+0000] {dag.py:3239} INFO - Sync 3 DAGs
[2026-04-12T11:31:46.723+0000] {logging_mixin.py:190} INFO - [2026-04-12T11:31:46.723+0000] {dag.py:4180} INFO - Setting next_dagrun for example_subdag_operator to 2022-01-01 00:00:00+00:00, run_after=2022-01-01 00:00:00+00:00
[2026-04-12T11:31:46.728+0000] {logging_mixin.py:190} INFO - [2026-04-12T11:31:46.727+0000] {dag.py:4180} INFO - Setting next_dagrun for example_subdag_operator.section-1 to None, run_after=None
[2026-04-12T11:31:46.729+0000] {logging_mixin.py:190} INFO - [2026-04-12T11:31:46.728+0000] {dag.py:4180} INFO - Setting next_dagrun for example_subdag_operator.section-2 to None, run_after=None
[2026-04-12T11:31:46.733+0000] {logging_mixin.py:190} INFO - [2026-04-12T11:31:46.733+0000] {dag.py:3239} INFO - Sync 2 DAGs
[2026-04-12T11:31:46.737+0000] {logging_mixin.py:190} INFO - [2026-04-12T11:31:46.737+0000] {dag.py:4180} INFO - Setting next_dagrun for example_subdag_operator.section-1 to None, run_after=None
[2026-04-12T11:31:46.737+0000] {logging_mixin.py:190} INFO - [2026-04-12T11:31:46.737+0000] {dag.py:4180} INFO - Setting next_dagrun for example_subdag_operator.section-2 to None, run_after=None
[2026-04-12T11:31:46.743+0000] {processor.py:208} INFO - Processing /home/airflow/.local/lib/python3.12/site-packages/airflow/example_dags/example_subdag_operator.py took 0.096 seconds
[2026-04-12T11:32:17.874+0000] {processor.py:186} INFO - Started process (PID=9930) to work on /home/airflow/.local/lib/python3.12/site-packages/airflow/example_dags/example_subdag_operator.py
[2026-04-12T11:32:17.876+0000] {processor.py:914} INFO - Processing file /home/airflow/.local/lib/python3.12/site-packages/airflow/example_dags/example_subdag_operator.py for tasks to queue
[2026-04-12T11:32:17.879+0000] {logging_mixin.py:190} INFO - [2026-04-12T11:32:17.879+0000] {dagbag.py:588} INFO - Filling up the DagBag from /home/airflow/.local/lib/python3.12/site-packages/airflow/example_dags/example_subdag_operator.py
[2026-04-12T11:32:17.905+0000] {processor.py:925} INFO - DAG(s) 'example_subdag_operator.section-1', 'example_subdag_operator.section-2', 'example_subdag_operator' retrieved from /home/airflow/.local/lib/python3.12/site-packages/airflow/example_dags/example_subdag_operator.py
[2026-04-12T11:32:17.921+0000] {logging_mixin.py:190} INFO - [2026-04-12T11:32:17.921+0000] {dag.py:3239} INFO - Sync 3 DAGs
[2026-04-12T11:32:17.942+0000] {logging_mixin.py:190} INFO - [2026-04-12T11:32:17.942+0000] {dag.py:4180} INFO - Setting next_dagrun for example_subdag_operator to 2022-01-01 00:00:00+00:00, run_after=2022-01-01 00:00:00+00:00
[2026-04-12T11:32:17.945+0000] {logging_mixin.py:190} INFO - [2026-04-12T11:32:17.945+0000] {dag.py:4180} INFO - Setting next_dagrun for example_subdag_operator.section-1 to None, run_after=None
[2026-04-12T11:32:17.946+0000] {logging_mixin.py:190} INFO - [2026-04-12T11:32:17.945+0000] {dag.py:4180} INFO - Setting next_dagrun for example_subdag_operator.section-2 to None, run_after=None
[2026-04-12T11:32:17.951+0000] {logging_mixin.py:190} INFO - [2026-04-12T11:32:17.950+0000] {dag.py:3239} INFO - Sync 2 DAGs
[2026-04-12T11:32:17.956+0000] {logging_mixin.py:190} INFO - [2026-04-12T11:32:17.956+0000] {dag.py:4180} INFO - Setting next_dagrun for example_subdag_operator.section-1 to None, run_after=None
[2026-04-12T11:32:17.956+0000] {logging_mixin.py:190} INFO - [2026-04-12T11:32:17.956+0000] {dag.py:4180} INFO - Setting next_dagrun for example_subdag_operator.section-2 to None, run_after=None
[2026-04-12T11:32:17.963+0000] {processor.py:208} INFO - Processing /home/airflow/.local/lib/python3.12/site-packages/airflow/example_dags/example_subdag_operator.py took 0.097 seconds
[2026-04-12T11:32:48.836+0000] {processor.py:186} INFO - Started process (PID=10226) to work on /home/airflow/.local/lib/python3.12/site-packages/airflow/example_dags/example_subdag_operator.py
[2026-04-12T11:32:48.838+0000] {processor.py:914} INFO - Processing file /home/airflow/.local/lib/python3.12/site-packages/airflow/example_dags/example_subdag_operator.py for tasks to queue
[2026-04-12T11:32:48.839+0000] {logging_mixin.py:190} INFO - [2026-04-12T11:32:48.839+0000] {dagbag.py:588} INFO - Filling up the DagBag from /home/airflow/.local/lib/python3.12/site-packages/airflow/example_dags/example_subdag_operator.py
[2026-04-12T11:32:48.862+0000] {processor.py:925} INFO - DAG(s) 'example_subdag_operator.section-1', 'example_subdag_operator.section-2', 'example_subdag_operator' retrieved from /home/airflow/.local/lib/python3.12/site-packages/airflow/example_dags/example_subdag_operator.py
[2026-04-12T11:32:48.873+0000] {logging_mixin.py:190} INFO - [2026-04-12T11:32:48.873+0000] {dag.py:3239} INFO - Sync 3 DAGs
[2026-04-12T11:32:48.890+0000] {logging_mixin.py:190} INFO - [2026-04-12T11:32:48.890+0000] {dag.py:4180} INFO - Setting next_dagrun for example_subdag_operator to 2022-01-01 00:00:00+00:00, run_after=2022-01-01 00:00:00+00:00
[2026-04-12T11:32:48.893+0000] {logging_mixin.py:190} INFO - [2026-04-12T11:32:48.893+0000] {dag.py:4180} INFO - Setting next_dagrun for example_subdag_operator.section-1 to None, run_after=None
[2026-04-12T11:32:48.895+0000] {logging_mixin.py:190} INFO - [2026-04-12T11:32:48.894+0000] {dag.py:4180} INFO - Setting next_dagrun for example_subdag_operator.section-2 to None, run_after=None
[2026-04-12T11:32:48.901+0000] {logging_mixin.py:190} INFO - [2026-04-12T11:32:48.901+0000] {dag.py:3239} INFO - Sync 2 DAGs
[2026-04-12T11:32:48.907+0000] {logging_mixin.py:190} INFO - [2026-04-12T11:32:48.907+0000] {dag.py:4180} INFO - Setting next_dagrun for example_subdag_operator.section-1 to None, run_after=None
[2026-04-12T11:32:48.907+0000] {logging_mixin.py:190} INFO - [2026-04-12T11:32:48.907+0000] {dag.py:4180} INFO - Setting next_dagrun for example_subdag_operator.section-2 to None, run_after=None
[2026-04-12T11:32:48.913+0000] {processor.py:208} INFO - Processing /home/airflow/.local/lib/python3.12/site-packages/airflow/example_dags/example_subdag_operator.py took 0.081 seconds
[2026-04-12T11:33:19.846+0000] {processor.py:186} INFO - Started process (PID=10524) to work on /home/airflow/.local/lib/python3.12/site-packages/airflow/example_dags/example_subdag_operator.py
[2026-04-12T11:33:19.851+0000] {processor.py:914} INFO - Processing file /home/airflow/.local/lib/python3.12/site-packages/airflow/example_dags/example_subdag_operator.py for tasks to queue
[2026-04-12T11:33:19.852+0000] {logging_mixin.py:190} INFO - [2026-04-12T11:33:19.852+0000] {dagbag.py:588} INFO - Filling up the DagBag from /home/airflow/.local/lib/python3.12/site-packages/airflow/example_dags/example_subdag_operator.py
[2026-04-12T11:33:19.877+0000] {processor.py:925} INFO - DAG(s) 'example_subdag_operator.section-1', 'example_subdag_operator.section-2', 'example_subdag_operator' retrieved from /home/airflow/.local/lib/python3.12/site-packages/airflow/example_dags/example_subdag_operator.py
[2026-04-12T11:33:19.890+0000] {logging_mixin.py:190} INFO - [2026-04-12T11:33:19.890+0000] {dag.py:3239} INFO - Sync 3 DAGs
[2026-04-12T11:33:19.912+0000] {logging_mixin.py:190} INFO - [2026-04-12T11:33:19.912+0000] {dag.py:4180} INFO - Setting next_dagrun for example_subdag_operator to 2022-01-01 00:00:00+00:00, run_after=2022-01-01 00:00:00+00:00
[2026-04-12T11:33:19.917+0000] {logging_mixin.py:190} INFO - [2026-04-12T11:33:19.917+0000] {dag.py:4180} INFO - Setting next_dagrun for example_subdag_operator.section-1 to None, run_after=None
[2026-04-12T11:33:19.919+0000] {logging_mixin.py:190} INFO - [2026-04-12T11:33:19.919+0000] {dag.py:4180} INFO - Setting next_dagrun for example_subdag_operator.section-2 to None, run_after=None
[2026-04-12T11:33:19.923+0000] {logging_mixin.py:190} INFO - [2026-04-12T11:33:19.923+0000] {dag.py:3239} INFO - Sync 2 DAGs
[2026-04-12T11:33:19.926+0000] {logging_mixin.py:190} INFO - [2026-04-12T11:33:19.926+0000] {dag.py:4180} INFO - Setting next_dagrun for example_subdag_operator.section-1 to None, run_after=None
[2026-04-12T11:33:19.927+0000] {logging_mixin.py:190} INFO - [2026-04-12T11:33:19.927+0000] {dag.py:4180} INFO - Setting next_dagrun for example_subdag_operator.section-2 to None, run_after=None
[2026-04-12T11:33:19.933+0000] {processor.py:208} INFO - Processing /home/airflow/.local/lib/python3.12/site-packages/airflow/example_dags/example_subdag_operator.py took 0.091 seconds
[2026-04-12T11:33:50.738+0000] {processor.py:186} INFO - Started process (PID=10819) to work on /home/airflow/.local/lib/python3.12/site-packages/airflow/example_dags/example_subdag_operator.py
[2026-04-12T11:33:50.742+0000] {processor.py:914} INFO - Processing file /home/airflow/.local/lib/python3.12/site-packages/airflow/example_dags/example_subdag_operator.py for tasks to queue
[2026-04-12T11:33:50.744+0000] {logging_mixin.py:190} INFO - [2026-04-12T11:33:50.744+0000] {dagbag.py:588} INFO - Filling up the DagBag from /home/airflow/.local/lib/python3.12/site-packages/airflow/example_dags/example_subdag_operator.py
[2026-04-12T11:33:50.771+0000] {processor.py:925} INFO - DAG(s) 'example_subdag_operator.section-1', 'example_subdag_operator.section-2', 'example_subdag_operator' retrieved from /home/airflow/.local/lib/python3.12/site-packages/airflow/example_dags/example_subdag_operator.py
[2026-04-12T11:33:50.788+0000] {logging_mixin.py:190} INFO - [2026-04-12T11:33:50.788+0000] {dag.py:3239} INFO - Sync 3 DAGs
[2026-04-12T11:33:50.813+0000] {logging_mixin.py:190} INFO - [2026-04-12T11:33:50.813+0000] {dag.py:4180} INFO - Setting next_dagrun for example_subdag_operator to 2022-01-01 00:00:00+00:00, run_after=2022-01-01 00:00:00+00:00
[2026-04-12T11:33:50.817+0000] {logging_mixin.py:190} INFO - [2026-04-12T11:33:50.817+0000] {dag.py:4180} INFO - Setting next_dagrun for example_subdag_operator.section-1 to None, run_after=None
[2026-04-12T11:33:50.819+0000] {logging_mixin.py:190} INFO - [2026-04-12T11:33:50.819+0000] {dag.py:4180} INFO - Setting next_dagrun for example_subdag_operator.section-2 to None, run_after=None
[2026-04-12T11:33:50.826+0000] {logging_mixin.py:190} INFO - [2026-04-12T11:33:50.826+0000] {dag.py:3239} INFO - Sync 2 DAGs
[2026-04-12T11:33:50.831+0000] {logging_mixin.py:190} INFO - [2026-04-12T11:33:50.831+0000] {dag.py:4180} INFO - Setting next_dagrun for example_subdag_operator.section-1 to None, run_after=None
[2026-04-12T11:33:50.832+0000] {logging_mixin.py:190} INFO - [2026-04-12T11:33:50.832+0000] {dag.py:4180} INFO - Setting next_dagrun for example_subdag_operator.section-2 to None, run_after=None
[2026-04-12T11:33:50.843+0000] {processor.py:208} INFO - Processing /home/airflow/.local/lib/python3.12/site-packages/airflow/example_dags/example_subdag_operator.py took 0.110 seconds
[2026-04-12T11:34:21.687+0000] {processor.py:186} INFO - Started process (PID=11113) to work on /home/airflow/.local/lib/python3.12/site-packages/airflow/example_dags/example_subdag_operator.py
[2026-04-12T11:34:21.690+0000] {processor.py:914} INFO - Processing file /home/airflow/.local/lib/python3.12/site-packages/airflow/example_dags/example_subdag_operator.py for tasks to queue
[2026-04-12T11:34:21.691+0000] {logging_mixin.py:190} INFO - [2026-04-12T11:34:21.691+0000] {dagbag.py:588} INFO - Filling up the DagBag from /home/airflow/.local/lib/python3.12/site-packages/airflow/example_dags/example_subdag_operator.py
[2026-04-12T11:34:21.718+0000] {processor.py:925} INFO - DAG(s) 'example_subdag_operator.section-1', 'example_subdag_operator.section-2', 'example_subdag_operator' retrieved from /home/airflow/.local/lib/python3.12/site-packages/airflow/example_dags/example_subdag_operator.py
[2026-04-12T11:34:21.733+0000] {logging_mixin.py:190} INFO - [2026-04-12T11:34:21.733+0000] {dag.py:3239} INFO - Sync 3 DAGs
[2026-04-12T11:34:21.751+0000] {logging_mixin.py:190} INFO - [2026-04-12T11:34:21.751+0000] {dag.py:4180} INFO - Setting next_dagrun for example_subdag_operator to 2022-01-01 00:00:00+00:00, run_after=2022-01-01 00:00:00+00:00
[2026-04-12T11:34:21.755+0000] {logging_mixin.py:190} INFO - [2026-04-12T11:34:21.755+0000] {dag.py:4180} INFO - Setting next_dagrun for example_subdag_operator.section-1 to None, run_after=None
[2026-04-12T11:34:21.756+0000] {logging_mixin.py:190} INFO - [2026-04-12T11:34:21.756+0000] {dag.py:4180} INFO - Setting next_dagrun for example_subdag_operator.section-2 to None, run_after=None
[2026-04-12T11:34:21.760+0000] {logging_mixin.py:190} INFO - [2026-04-12T11:34:21.760+0000] {dag.py:3239} INFO - Sync 2 DAGs
[2026-04-12T11:34:21.764+0000] {logging_mixin.py:190} INFO - [2026-04-12T11:34:21.764+0000] {dag.py:4180} INFO - Setting next_dagrun for example_subdag_operator.section-1 to None, run_after=None
[2026-04-12T11:34:21.765+0000] {logging_mixin.py:190} INFO - [2026-04-12T11:34:21.764+0000] {dag.py:4180} INFO - Setting next_dagrun for example_subdag_operator.section-2 to None, run_after=None
[2026-04-12T11:34:21.772+0000] {processor.py:208} INFO - Processing /home/airflow/.local/lib/python3.12/site-packages/airflow/example_dags/example_subdag_operator.py took 0.090 seconds
[2026-04-12T11:34:52.588+0000] {processor.py:186} INFO - Started process (PID=11409) to work on /home/airflow/.local/lib/python3.12/site-packages/airflow/example_dags/example_subdag_operator.py
[2026-04-12T11:34:52.589+0000] {processor.py:914} INFO - Processing file /home/airflow/.local/lib/python3.12/site-packages/airflow/example_dags/example_subdag_operator.py for tasks to queue
[2026-04-12T11:34:52.590+0000] {logging_mixin.py:190} INFO - [2026-04-12T11:34:52.590+0000] {dagbag.py:588} INFO - Filling up the DagBag from /home/airflow/.local/lib/python3.12/site-packages/airflow/example_dags/example_subdag_operator.py
[2026-04-12T11:34:52.612+0000] {processor.py:925} INFO - DAG(s) 'example_subdag_operator.section-1', 'example_subdag_operator.section-2', 'example_subdag_operator' retrieved from /home/airflow/.local/lib/python3.12/site-packages/airflow/example_dags/example_subdag_operator.py
[2026-04-12T11:34:52.626+0000] {logging_mixin.py:190} INFO - [2026-04-12T11:34:52.624+0000] {dag.py:3239} INFO - Sync 3 DAGs
[2026-04-12T11:34:52.641+0000] {logging_mixin.py:190} INFO - [2026-04-12T11:34:52.641+0000] {dag.py:4180} INFO - Setting next_dagrun for example_subdag_operator to 2022-01-01 00:00:00+00:00, run_after=2022-01-01 00:00:00+00:00
[2026-04-12T11:34:52.644+0000] {logging_mixin.py:190} INFO - [2026-04-12T11:34:52.644+0000] {dag.py:4180} INFO - Setting next_dagrun for example_subdag_operator.section-1 to None, run_after=None
[2026-04-12T11:34:52.645+0000] {logging_mixin.py:190} INFO - [2026-04-12T11:34:52.645+0000] {dag.py:4180} INFO - Setting next_dagrun for example_subdag_operator.section-2 to None, run_after=None
[2026-04-12T11:34:52.649+0000] {logging_mixin.py:190} INFO - [2026-04-12T11:34:52.649+0000] {dag.py:3239} INFO - Sync 2 DAGs
[2026-04-12T11:34:52.654+0000] {logging_mixin.py:190} INFO - [2026-04-12T11:34:52.654+0000] {dag.py:4180} INFO - Setting next_dagrun for example_subdag_operator.section-1 to None, run_after=None
[2026-04-12T11:34:52.654+0000] {logging_mixin.py:190} INFO - [2026-04-12T11:34:52.654+0000] {dag.py:4180} INFO - Setting next_dagrun for example_subdag_operator.section-2 to None, run_after=None
[2026-04-12T11:34:52.662+0000] {processor.py:208} INFO - Processing /home/airflow/.local/lib/python3.12/site-packages/airflow/example_dags/example_subdag_operator.py took 0.078 seconds
