[2026-04-12T11:12:32.401+0000] {processor.py:186} INFO - Started process (PID=326) to work on /home/airflow/.local/lib/python3.12/site-packages/airflow/example_dags/example_bash_operator.py
[2026-04-12T11:12:32.402+0000] {processor.py:914} INFO - Processing file /home/airflow/.local/lib/python3.12/site-packages/airflow/example_dags/example_bash_operator.py for tasks to queue
[2026-04-12T11:12:32.405+0000] {logging_mixin.py:190} INFO - [2026-04-12T11:12:32.404+0000] {dagbag.py:588} INFO - Filling up the DagBag from /home/airflow/.local/lib/python3.12/site-packages/airflow/example_dags/example_bash_operator.py
[2026-04-12T11:12:32.420+0000] {processor.py:925} INFO - DAG(s) 'example_bash_operator' retrieved from /home/airflow/.local/lib/python3.12/site-packages/airflow/example_dags/example_bash_operator.py
[2026-04-12T11:12:32.534+0000] {logging_mixin.py:190} INFO - [2026-04-12T11:12:32.534+0000] {override.py:1912} INFO - Created Permission View: can edit on DAG:example_bash_operator
[2026-04-12T11:12:32.541+0000] {logging_mixin.py:190} INFO - [2026-04-12T11:12:32.541+0000] {override.py:1912} INFO - Created Permission View: can delete on DAG:example_bash_operator
[2026-04-12T11:12:32.552+0000] {logging_mixin.py:190} INFO - [2026-04-12T11:12:32.552+0000] {override.py:1912} INFO - Created Permission View: can read on DAG:example_bash_operator
[2026-04-12T11:12:32.562+0000] {logging_mixin.py:190} INFO - [2026-04-12T11:12:32.562+0000] {override.py:1912} INFO - Created Permission View: can delete on DAG Run:example_bash_operator
[2026-04-12T11:12:32.567+0000] {logging_mixin.py:190} INFO - [2026-04-12T11:12:32.566+0000] {override.py:1912} INFO - Created Permission View: can create on DAG Run:example_bash_operator
[2026-04-12T11:12:32.571+0000] {logging_mixin.py:190} INFO - [2026-04-12T11:12:32.571+0000] {override.py:1912} INFO - Created Permission View: can read on DAG Run:example_bash_operator
[2026-04-12T11:12:32.577+0000] {logging_mixin.py:190} INFO - [2026-04-12T11:12:32.577+0000] {override.py:1912} INFO - Created Permission View: menu access on DAG Run:example_bash_operator
[2026-04-12T11:12:32.581+0000] {logging_mixin.py:190} INFO - [2026-04-12T11:12:32.580+0000] {dag.py:3239} INFO - Sync 1 DAGs
[2026-04-12T11:12:32.597+0000] {logging_mixin.py:190} INFO - [2026-04-12T11:12:32.596+0000] {dag.py:3262} INFO - Creating ORM DAG for example_bash_operator
[2026-04-12T11:12:32.604+0000] {logging_mixin.py:190} INFO - [2026-04-12T11:12:32.604+0000] {dag.py:4180} INFO - Setting next_dagrun for example_bash_operator to 2026-04-11 00:00:00+00:00, run_after=2026-04-12 00:00:00+00:00
[2026-04-12T11:12:32.615+0000] {processor.py:208} INFO - Processing /home/airflow/.local/lib/python3.12/site-packages/airflow/example_dags/example_bash_operator.py took 0.221 seconds
[2026-04-12T11:13:02.812+0000] {processor.py:186} INFO - Started process (PID=623) to work on /home/airflow/.local/lib/python3.12/site-packages/airflow/example_dags/example_bash_operator.py
[2026-04-12T11:13:02.814+0000] {processor.py:914} INFO - Processing file /home/airflow/.local/lib/python3.12/site-packages/airflow/example_dags/example_bash_operator.py for tasks to queue
[2026-04-12T11:13:02.818+0000] {logging_mixin.py:190} INFO - [2026-04-12T11:13:02.817+0000] {dagbag.py:588} INFO - Filling up the DagBag from /home/airflow/.local/lib/python3.12/site-packages/airflow/example_dags/example_bash_operator.py
[2026-04-12T11:13:02.830+0000] {processor.py:925} INFO - DAG(s) 'example_bash_operator' retrieved from /home/airflow/.local/lib/python3.12/site-packages/airflow/example_dags/example_bash_operator.py
[2026-04-12T11:13:02.857+0000] {logging_mixin.py:190} INFO - [2026-04-12T11:13:02.856+0000] {dag.py:3239} INFO - Sync 1 DAGs
[2026-04-12T11:13:02.877+0000] {logging_mixin.py:190} INFO - [2026-04-12T11:13:02.877+0000] {dag.py:4180} INFO - Setting next_dagrun for example_bash_operator to 2026-04-11 00:00:00+00:00, run_after=2026-04-12 00:00:00+00:00
[2026-04-12T11:13:02.895+0000] {processor.py:208} INFO - Processing /home/airflow/.local/lib/python3.12/site-packages/airflow/example_dags/example_bash_operator.py took 0.088 seconds
[2026-04-12T11:13:33.159+0000] {processor.py:186} INFO - Started process (PID=918) to work on /home/airflow/.local/lib/python3.12/site-packages/airflow/example_dags/example_bash_operator.py
[2026-04-12T11:13:33.160+0000] {processor.py:914} INFO - Processing file /home/airflow/.local/lib/python3.12/site-packages/airflow/example_dags/example_bash_operator.py for tasks to queue
[2026-04-12T11:13:33.162+0000] {logging_mixin.py:190} INFO - [2026-04-12T11:13:33.162+0000] {dagbag.py:588} INFO - Filling up the DagBag from /home/airflow/.local/lib/python3.12/site-packages/airflow/example_dags/example_bash_operator.py
[2026-04-12T11:13:33.174+0000] {processor.py:925} INFO - DAG(s) 'example_bash_operator' retrieved from /home/airflow/.local/lib/python3.12/site-packages/airflow/example_dags/example_bash_operator.py
[2026-04-12T11:13:33.196+0000] {logging_mixin.py:190} INFO - [2026-04-12T11:13:33.195+0000] {dag.py:3239} INFO - Sync 1 DAGs
[2026-04-12T11:13:33.217+0000] {logging_mixin.py:190} INFO - [2026-04-12T11:13:33.217+0000] {dag.py:4180} INFO - Setting next_dagrun for example_bash_operator to 2026-04-11 00:00:00+00:00, run_after=2026-04-12 00:00:00+00:00
[2026-04-12T11:13:33.232+0000] {processor.py:208} INFO - Processing /home/airflow/.local/lib/python3.12/site-packages/airflow/example_dags/example_bash_operator.py took 0.077 seconds
[2026-04-12T11:14:04.093+0000] {processor.py:186} INFO - Started process (PID=1214) to work on /home/airflow/.local/lib/python3.12/site-packages/airflow/example_dags/example_bash_operator.py
[2026-04-12T11:14:04.103+0000] {processor.py:914} INFO - Processing file /home/airflow/.local/lib/python3.12/site-packages/airflow/example_dags/example_bash_operator.py for tasks to queue
[2026-04-12T11:14:04.109+0000] {logging_mixin.py:190} INFO - [2026-04-12T11:14:04.108+0000] {dagbag.py:588} INFO - Filling up the DagBag from /home/airflow/.local/lib/python3.12/site-packages/airflow/example_dags/example_bash_operator.py
[2026-04-12T11:14:04.138+0000] {processor.py:925} INFO - DAG(s) 'example_bash_operator' retrieved from /home/airflow/.local/lib/python3.12/site-packages/airflow/example_dags/example_bash_operator.py
[2026-04-12T11:14:04.184+0000] {logging_mixin.py:190} INFO - [2026-04-12T11:14:04.184+0000] {dag.py:3239} INFO - Sync 1 DAGs
[2026-04-12T11:14:04.230+0000] {logging_mixin.py:190} INFO - [2026-04-12T11:14:04.230+0000] {dag.py:4180} INFO - Setting next_dagrun for example_bash_operator to 2026-04-11 00:00:00+00:00, run_after=2026-04-12 00:00:00+00:00
[2026-04-12T11:14:04.252+0000] {processor.py:208} INFO - Processing /home/airflow/.local/lib/python3.12/site-packages/airflow/example_dags/example_bash_operator.py took 0.169 seconds
[2026-04-12T11:14:34.949+0000] {processor.py:186} INFO - Started process (PID=1510) to work on /home/airflow/.local/lib/python3.12/site-packages/airflow/example_dags/example_bash_operator.py
[2026-04-12T11:14:34.956+0000] {processor.py:914} INFO - Processing file /home/airflow/.local/lib/python3.12/site-packages/airflow/example_dags/example_bash_operator.py for tasks to queue
[2026-04-12T11:14:34.958+0000] {logging_mixin.py:190} INFO - [2026-04-12T11:14:34.958+0000] {dagbag.py:588} INFO - Filling up the DagBag from /home/airflow/.local/lib/python3.12/site-packages/airflow/example_dags/example_bash_operator.py
[2026-04-12T11:14:34.970+0000] {processor.py:925} INFO - DAG(s) 'example_bash_operator' retrieved from /home/airflow/.local/lib/python3.12/site-packages/airflow/example_dags/example_bash_operator.py
[2026-04-12T11:14:34.998+0000] {logging_mixin.py:190} INFO - [2026-04-12T11:14:34.998+0000] {dag.py:3239} INFO - Sync 1 DAGs
[2026-04-12T11:14:35.027+0000] {logging_mixin.py:190} INFO - [2026-04-12T11:14:35.027+0000] {dag.py:4180} INFO - Setting next_dagrun for example_bash_operator to 2026-04-11 00:00:00+00:00, run_after=2026-04-12 00:00:00+00:00
[2026-04-12T11:14:35.052+0000] {processor.py:208} INFO - Processing /home/airflow/.local/lib/python3.12/site-packages/airflow/example_dags/example_bash_operator.py took 0.109 seconds
[2026-04-12T11:15:05.104+0000] {processor.py:186} INFO - Started process (PID=1807) to work on /home/airflow/.local/lib/python3.12/site-packages/airflow/example_dags/example_bash_operator.py
[2026-04-12T11:15:05.111+0000] {processor.py:914} INFO - Processing file /home/airflow/.local/lib/python3.12/site-packages/airflow/example_dags/example_bash_operator.py for tasks to queue
[2026-04-12T11:15:05.113+0000] {logging_mixin.py:190} INFO - [2026-04-12T11:15:05.112+0000] {dagbag.py:588} INFO - Filling up the DagBag from /home/airflow/.local/lib/python3.12/site-packages/airflow/example_dags/example_bash_operator.py
[2026-04-12T11:15:05.126+0000] {processor.py:925} INFO - DAG(s) 'example_bash_operator' retrieved from /home/airflow/.local/lib/python3.12/site-packages/airflow/example_dags/example_bash_operator.py
[2026-04-12T11:15:05.149+0000] {logging_mixin.py:190} INFO - [2026-04-12T11:15:05.149+0000] {dag.py:3239} INFO - Sync 1 DAGs
[2026-04-12T11:15:05.170+0000] {logging_mixin.py:190} INFO - [2026-04-12T11:15:05.170+0000] {dag.py:4180} INFO - Setting next_dagrun for example_bash_operator to 2026-04-11 00:00:00+00:00, run_after=2026-04-12 00:00:00+00:00
[2026-04-12T11:15:05.186+0000] {processor.py:208} INFO - Processing /home/airflow/.local/lib/python3.12/site-packages/airflow/example_dags/example_bash_operator.py took 0.085 seconds
[2026-04-12T11:15:35.778+0000] {processor.py:186} INFO - Started process (PID=2105) to work on /home/airflow/.local/lib/python3.12/site-packages/airflow/example_dags/example_bash_operator.py
[2026-04-12T11:15:35.780+0000] {processor.py:914} INFO - Processing file /home/airflow/.local/lib/python3.12/site-packages/airflow/example_dags/example_bash_operator.py for tasks to queue
[2026-04-12T11:15:35.784+0000] {logging_mixin.py:190} INFO - [2026-04-12T11:15:35.784+0000] {dagbag.py:588} INFO - Filling up the DagBag from /home/airflow/.local/lib/python3.12/site-packages/airflow/example_dags/example_bash_operator.py
[2026-04-12T11:15:35.801+0000] {processor.py:925} INFO - DAG(s) 'example_bash_operator' retrieved from /home/airflow/.local/lib/python3.12/site-packages/airflow/example_dags/example_bash_operator.py
[2026-04-12T11:15:35.960+0000] {logging_mixin.py:190} INFO - [2026-04-12T11:15:35.959+0000] {dag.py:3239} INFO - Sync 1 DAGs
[2026-04-12T11:15:36.007+0000] {logging_mixin.py:190} INFO - [2026-04-12T11:15:36.007+0000] {dag.py:4180} INFO - Setting next_dagrun for example_bash_operator to 2026-04-11 00:00:00+00:00, run_after=2026-04-12 00:00:00+00:00
[2026-04-12T11:15:36.032+0000] {processor.py:208} INFO - Processing /home/airflow/.local/lib/python3.12/site-packages/airflow/example_dags/example_bash_operator.py took 0.268 seconds
[2026-04-12T11:16:06.886+0000] {processor.py:186} INFO - Started process (PID=2401) to work on /home/airflow/.local/lib/python3.12/site-packages/airflow/example_dags/example_bash_operator.py
[2026-04-12T11:16:06.890+0000] {processor.py:914} INFO - Processing file /home/airflow/.local/lib/python3.12/site-packages/airflow/example_dags/example_bash_operator.py for tasks to queue
[2026-04-12T11:16:06.903+0000] {logging_mixin.py:190} INFO - [2026-04-12T11:16:06.902+0000] {dagbag.py:588} INFO - Filling up the DagBag from /home/airflow/.local/lib/python3.12/site-packages/airflow/example_dags/example_bash_operator.py
[2026-04-12T11:16:06.931+0000] {processor.py:925} INFO - DAG(s) 'example_bash_operator' retrieved from /home/airflow/.local/lib/python3.12/site-packages/airflow/example_dags/example_bash_operator.py
[2026-04-12T11:16:06.968+0000] {logging_mixin.py:190} INFO - [2026-04-12T11:16:06.968+0000] {dag.py:3239} INFO - Sync 1 DAGs
[2026-04-12T11:16:07.002+0000] {logging_mixin.py:190} INFO - [2026-04-12T11:16:07.002+0000] {dag.py:4180} INFO - Setting next_dagrun for example_bash_operator to 2026-04-11 00:00:00+00:00, run_after=2026-04-12 00:00:00+00:00
[2026-04-12T11:16:07.028+0000] {processor.py:208} INFO - Processing /home/airflow/.local/lib/python3.12/site-packages/airflow/example_dags/example_bash_operator.py took 0.153 seconds
[2026-04-12T11:16:37.060+0000] {processor.py:186} INFO - Started process (PID=2697) to work on /home/airflow/.local/lib/python3.12/site-packages/airflow/example_dags/example_bash_operator.py
[2026-04-12T11:16:37.062+0000] {processor.py:914} INFO - Processing file /home/airflow/.local/lib/python3.12/site-packages/airflow/example_dags/example_bash_operator.py for tasks to queue
[2026-04-12T11:16:37.064+0000] {logging_mixin.py:190} INFO - [2026-04-12T11:16:37.064+0000] {dagbag.py:588} INFO - Filling up the DagBag from /home/airflow/.local/lib/python3.12/site-packages/airflow/example_dags/example_bash_operator.py
[2026-04-12T11:16:37.073+0000] {processor.py:925} INFO - DAG(s) 'example_bash_operator' retrieved from /home/airflow/.local/lib/python3.12/site-packages/airflow/example_dags/example_bash_operator.py
[2026-04-12T11:16:37.096+0000] {logging_mixin.py:190} INFO - [2026-04-12T11:16:37.096+0000] {dag.py:3239} INFO - Sync 1 DAGs
[2026-04-12T11:16:37.113+0000] {logging_mixin.py:190} INFO - [2026-04-12T11:16:37.113+0000] {dag.py:4180} INFO - Setting next_dagrun for example_bash_operator to 2026-04-11 00:00:00+00:00, run_after=2026-04-12 00:00:00+00:00
[2026-04-12T11:16:37.126+0000] {processor.py:208} INFO - Processing /home/airflow/.local/lib/python3.12/site-packages/airflow/example_dags/example_bash_operator.py took 0.072 seconds
[2026-04-12T11:17:08.037+0000] {processor.py:186} INFO - Started process (PID=3005) to work on /home/airflow/.local/lib/python3.12/site-packages/airflow/example_dags/example_bash_operator.py
[2026-04-12T11:17:08.038+0000] {processor.py:914} INFO - Processing file /home/airflow/.local/lib/python3.12/site-packages/airflow/example_dags/example_bash_operator.py for tasks to queue
[2026-04-12T11:17:08.040+0000] {logging_mixin.py:190} INFO - [2026-04-12T11:17:08.040+0000] {dagbag.py:588} INFO - Filling up the DagBag from /home/airflow/.local/lib/python3.12/site-packages/airflow/example_dags/example_bash_operator.py
[2026-04-12T11:17:08.050+0000] {processor.py:925} INFO - DAG(s) 'example_bash_operator' retrieved from /home/airflow/.local/lib/python3.12/site-packages/airflow/example_dags/example_bash_operator.py
[2026-04-12T11:17:08.071+0000] {logging_mixin.py:190} INFO - [2026-04-12T11:17:08.071+0000] {dag.py:3239} INFO - Sync 1 DAGs
[2026-04-12T11:17:08.088+0000] {logging_mixin.py:190} INFO - [2026-04-12T11:17:08.088+0000] {dag.py:4180} INFO - Setting next_dagrun for example_bash_operator to 2026-04-11 00:00:00+00:00, run_after=2026-04-12 00:00:00+00:00
[2026-04-12T11:17:08.105+0000] {processor.py:208} INFO - Processing /home/airflow/.local/lib/python3.12/site-packages/airflow/example_dags/example_bash_operator.py took 0.074 seconds
[2026-04-12T11:17:38.940+0000] {processor.py:186} INFO - Started process (PID=3301) to work on /home/airflow/.local/lib/python3.12/site-packages/airflow/example_dags/example_bash_operator.py
[2026-04-12T11:17:38.942+0000] {processor.py:914} INFO - Processing file /home/airflow/.local/lib/python3.12/site-packages/airflow/example_dags/example_bash_operator.py for tasks to queue
[2026-04-12T11:17:38.944+0000] {logging_mixin.py:190} INFO - [2026-04-12T11:17:38.943+0000] {dagbag.py:588} INFO - Filling up the DagBag from /home/airflow/.local/lib/python3.12/site-packages/airflow/example_dags/example_bash_operator.py
[2026-04-12T11:17:38.955+0000] {processor.py:925} INFO - DAG(s) 'example_bash_operator' retrieved from /home/airflow/.local/lib/python3.12/site-packages/airflow/example_dags/example_bash_operator.py
[2026-04-12T11:17:38.979+0000] {logging_mixin.py:190} INFO - [2026-04-12T11:17:38.979+0000] {dag.py:3239} INFO - Sync 1 DAGs
[2026-04-12T11:17:38.998+0000] {logging_mixin.py:190} INFO - [2026-04-12T11:17:38.997+0000] {dag.py:4180} INFO - Setting next_dagrun for example_bash_operator to 2026-04-11 00:00:00+00:00, run_after=2026-04-12 00:00:00+00:00
[2026-04-12T11:17:39.015+0000] {processor.py:208} INFO - Processing /home/airflow/.local/lib/python3.12/site-packages/airflow/example_dags/example_bash_operator.py took 0.081 seconds
[2026-04-12T11:18:09.617+0000] {processor.py:186} INFO - Started process (PID=3605) to work on /home/airflow/.local/lib/python3.12/site-packages/airflow/example_dags/example_bash_operator.py
[2026-04-12T11:18:09.620+0000] {processor.py:914} INFO - Processing file /home/airflow/.local/lib/python3.12/site-packages/airflow/example_dags/example_bash_operator.py for tasks to queue
[2026-04-12T11:18:09.622+0000] {logging_mixin.py:190} INFO - [2026-04-12T11:18:09.621+0000] {dagbag.py:588} INFO - Filling up the DagBag from /home/airflow/.local/lib/python3.12/site-packages/airflow/example_dags/example_bash_operator.py
[2026-04-12T11:18:09.634+0000] {processor.py:925} INFO - DAG(s) 'example_bash_operator' retrieved from /home/airflow/.local/lib/python3.12/site-packages/airflow/example_dags/example_bash_operator.py
[2026-04-12T11:18:09.664+0000] {logging_mixin.py:190} INFO - [2026-04-12T11:18:09.664+0000] {dag.py:3239} INFO - Sync 1 DAGs
[2026-04-12T11:18:09.683+0000] {logging_mixin.py:190} INFO - [2026-04-12T11:18:09.682+0000] {dag.py:4180} INFO - Setting next_dagrun for example_bash_operator to 2026-04-11 00:00:00+00:00, run_after=2026-04-12 00:00:00+00:00
[2026-04-12T11:18:09.700+0000] {processor.py:208} INFO - Processing /home/airflow/.local/lib/python3.12/site-packages/airflow/example_dags/example_bash_operator.py took 0.092 seconds
[2026-04-12T11:18:40.115+0000] {processor.py:186} INFO - Started process (PID=3904) to work on /home/airflow/.local/lib/python3.12/site-packages/airflow/example_dags/example_bash_operator.py
[2026-04-12T11:18:40.119+0000] {processor.py:914} INFO - Processing file /home/airflow/.local/lib/python3.12/site-packages/airflow/example_dags/example_bash_operator.py for tasks to queue
[2026-04-12T11:18:40.122+0000] {logging_mixin.py:190} INFO - [2026-04-12T11:18:40.122+0000] {dagbag.py:588} INFO - Filling up the DagBag from /home/airflow/.local/lib/python3.12/site-packages/airflow/example_dags/example_bash_operator.py
[2026-04-12T11:18:40.133+0000] {processor.py:925} INFO - DAG(s) 'example_bash_operator' retrieved from /home/airflow/.local/lib/python3.12/site-packages/airflow/example_dags/example_bash_operator.py
[2026-04-12T11:18:40.158+0000] {logging_mixin.py:190} INFO - [2026-04-12T11:18:40.158+0000] {dag.py:3239} INFO - Sync 1 DAGs
[2026-04-12T11:18:40.178+0000] {logging_mixin.py:190} INFO - [2026-04-12T11:18:40.178+0000] {dag.py:4180} INFO - Setting next_dagrun for example_bash_operator to 2026-04-11 00:00:00+00:00, run_after=2026-04-12 00:00:00+00:00
[2026-04-12T11:18:40.195+0000] {processor.py:208} INFO - Processing /home/airflow/.local/lib/python3.12/site-packages/airflow/example_dags/example_bash_operator.py took 0.085 seconds
[2026-04-12T11:19:10.437+0000] {processor.py:186} INFO - Started process (PID=4215) to work on /home/airflow/.local/lib/python3.12/site-packages/airflow/example_dags/example_bash_operator.py
[2026-04-12T11:19:10.438+0000] {processor.py:914} INFO - Processing file /home/airflow/.local/lib/python3.12/site-packages/airflow/example_dags/example_bash_operator.py for tasks to queue
[2026-04-12T11:19:10.441+0000] {logging_mixin.py:190} INFO - [2026-04-12T11:19:10.440+0000] {dagbag.py:588} INFO - Filling up the DagBag from /home/airflow/.local/lib/python3.12/site-packages/airflow/example_dags/example_bash_operator.py
[2026-04-12T11:19:10.453+0000] {processor.py:925} INFO - DAG(s) 'example_bash_operator' retrieved from /home/airflow/.local/lib/python3.12/site-packages/airflow/example_dags/example_bash_operator.py
[2026-04-12T11:19:10.479+0000] {logging_mixin.py:190} INFO - [2026-04-12T11:19:10.479+0000] {dag.py:3239} INFO - Sync 1 DAGs
[2026-04-12T11:19:10.503+0000] {logging_mixin.py:190} INFO - [2026-04-12T11:19:10.503+0000] {dag.py:4180} INFO - Setting next_dagrun for example_bash_operator to 2026-04-11 00:00:00+00:00, run_after=2026-04-12 00:00:00+00:00
[2026-04-12T11:19:10.520+0000] {processor.py:208} INFO - Processing /home/airflow/.local/lib/python3.12/site-packages/airflow/example_dags/example_bash_operator.py took 0.090 seconds
[2026-04-12T11:19:41.284+0000] {processor.py:186} INFO - Started process (PID=4511) to work on /home/airflow/.local/lib/python3.12/site-packages/airflow/example_dags/example_bash_operator.py
[2026-04-12T11:19:41.287+0000] {processor.py:914} INFO - Processing file /home/airflow/.local/lib/python3.12/site-packages/airflow/example_dags/example_bash_operator.py for tasks to queue
[2026-04-12T11:19:41.289+0000] {logging_mixin.py:190} INFO - [2026-04-12T11:19:41.288+0000] {dagbag.py:588} INFO - Filling up the DagBag from /home/airflow/.local/lib/python3.12/site-packages/airflow/example_dags/example_bash_operator.py
[2026-04-12T11:19:41.301+0000] {processor.py:925} INFO - DAG(s) 'example_bash_operator' retrieved from /home/airflow/.local/lib/python3.12/site-packages/airflow/example_dags/example_bash_operator.py
[2026-04-12T11:19:41.325+0000] {logging_mixin.py:190} INFO - [2026-04-12T11:19:41.325+0000] {dag.py:3239} INFO - Sync 1 DAGs
[2026-04-12T11:19:41.340+0000] {logging_mixin.py:190} INFO - [2026-04-12T11:19:41.340+0000] {dag.py:4180} INFO - Setting next_dagrun for example_bash_operator to 2026-04-11 00:00:00+00:00, run_after=2026-04-12 00:00:00+00:00
[2026-04-12T11:19:41.353+0000] {processor.py:208} INFO - Processing /home/airflow/.local/lib/python3.12/site-packages/airflow/example_dags/example_bash_operator.py took 0.076 seconds
[2026-04-12T11:20:12.198+0000] {processor.py:186} INFO - Started process (PID=4807) to work on /home/airflow/.local/lib/python3.12/site-packages/airflow/example_dags/example_bash_operator.py
[2026-04-12T11:20:12.199+0000] {processor.py:914} INFO - Processing file /home/airflow/.local/lib/python3.12/site-packages/airflow/example_dags/example_bash_operator.py for tasks to queue
[2026-04-12T11:20:12.201+0000] {logging_mixin.py:190} INFO - [2026-04-12T11:20:12.201+0000] {dagbag.py:588} INFO - Filling up the DagBag from /home/airflow/.local/lib/python3.12/site-packages/airflow/example_dags/example_bash_operator.py
[2026-04-12T11:20:12.215+0000] {processor.py:925} INFO - DAG(s) 'example_bash_operator' retrieved from /home/airflow/.local/lib/python3.12/site-packages/airflow/example_dags/example_bash_operator.py
[2026-04-12T11:20:12.239+0000] {logging_mixin.py:190} INFO - [2026-04-12T11:20:12.238+0000] {dag.py:3239} INFO - Sync 1 DAGs
[2026-04-12T11:20:12.257+0000] {logging_mixin.py:190} INFO - [2026-04-12T11:20:12.257+0000] {dag.py:4180} INFO - Setting next_dagrun for example_bash_operator to 2026-04-11 00:00:00+00:00, run_after=2026-04-12 00:00:00+00:00
[2026-04-12T11:20:12.271+0000] {processor.py:208} INFO - Processing /home/airflow/.local/lib/python3.12/site-packages/airflow/example_dags/example_bash_operator.py took 0.081 seconds
[2026-04-12T11:20:44.329+0000] {processor.py:186} INFO - Started process (PID=5101) to work on /home/airflow/.local/lib/python3.12/site-packages/airflow/example_dags/example_bash_operator.py
[2026-04-12T11:20:44.332+0000] {processor.py:914} INFO - Processing file /home/airflow/.local/lib/python3.12/site-packages/airflow/example_dags/example_bash_operator.py for tasks to queue
[2026-04-12T11:20:44.337+0000] {logging_mixin.py:190} INFO - [2026-04-12T11:20:44.336+0000] {dagbag.py:588} INFO - Filling up the DagBag from /home/airflow/.local/lib/python3.12/site-packages/airflow/example_dags/example_bash_operator.py
[2026-04-12T11:20:44.357+0000] {processor.py:925} INFO - DAG(s) 'example_bash_operator' retrieved from /home/airflow/.local/lib/python3.12/site-packages/airflow/example_dags/example_bash_operator.py
[2026-04-12T11:20:44.394+0000] {logging_mixin.py:190} INFO - [2026-04-12T11:20:44.394+0000] {dag.py:3239} INFO - Sync 1 DAGs
[2026-04-12T11:20:44.421+0000] {logging_mixin.py:190} INFO - [2026-04-12T11:20:44.421+0000] {dag.py:4180} INFO - Setting next_dagrun for example_bash_operator to 2026-04-11 00:00:00+00:00, run_after=2026-04-12 00:00:00+00:00
[2026-04-12T11:20:44.440+0000] {processor.py:208} INFO - Processing /home/airflow/.local/lib/python3.12/site-packages/airflow/example_dags/example_bash_operator.py took 0.118 seconds
[2026-04-12T11:21:14.964+0000] {processor.py:186} INFO - Started process (PID=5397) to work on /home/airflow/.local/lib/python3.12/site-packages/airflow/example_dags/example_bash_operator.py
[2026-04-12T11:21:14.966+0000] {processor.py:914} INFO - Processing file /home/airflow/.local/lib/python3.12/site-packages/airflow/example_dags/example_bash_operator.py for tasks to queue
[2026-04-12T11:21:14.969+0000] {logging_mixin.py:190} INFO - [2026-04-12T11:21:14.969+0000] {dagbag.py:588} INFO - Filling up the DagBag from /home/airflow/.local/lib/python3.12/site-packages/airflow/example_dags/example_bash_operator.py
[2026-04-12T11:21:14.987+0000] {processor.py:925} INFO - DAG(s) 'example_bash_operator' retrieved from /home/airflow/.local/lib/python3.12/site-packages/airflow/example_dags/example_bash_operator.py
[2026-04-12T11:21:15.011+0000] {logging_mixin.py:190} INFO - [2026-04-12T11:21:15.011+0000] {dag.py:3239} INFO - Sync 1 DAGs
[2026-04-12T11:21:15.027+0000] {logging_mixin.py:190} INFO - [2026-04-12T11:21:15.027+0000] {dag.py:4180} INFO - Setting next_dagrun for example_bash_operator to 2026-04-11 00:00:00+00:00, run_after=2026-04-12 00:00:00+00:00
[2026-04-12T11:21:15.039+0000] {processor.py:208} INFO - Processing /home/airflow/.local/lib/python3.12/site-packages/airflow/example_dags/example_bash_operator.py took 0.083 seconds
[2026-04-12T11:21:45.474+0000] {processor.py:186} INFO - Started process (PID=5693) to work on /home/airflow/.local/lib/python3.12/site-packages/airflow/example_dags/example_bash_operator.py
[2026-04-12T11:21:45.478+0000] {processor.py:914} INFO - Processing file /home/airflow/.local/lib/python3.12/site-packages/airflow/example_dags/example_bash_operator.py for tasks to queue
[2026-04-12T11:21:45.480+0000] {logging_mixin.py:190} INFO - [2026-04-12T11:21:45.480+0000] {dagbag.py:588} INFO - Filling up the DagBag from /home/airflow/.local/lib/python3.12/site-packages/airflow/example_dags/example_bash_operator.py
[2026-04-12T11:21:45.492+0000] {processor.py:925} INFO - DAG(s) 'example_bash_operator' retrieved from /home/airflow/.local/lib/python3.12/site-packages/airflow/example_dags/example_bash_operator.py
[2026-04-12T11:21:45.521+0000] {logging_mixin.py:190} INFO - [2026-04-12T11:21:45.521+0000] {dag.py:3239} INFO - Sync 1 DAGs
[2026-04-12T11:21:45.542+0000] {logging_mixin.py:190} INFO - [2026-04-12T11:21:45.541+0000] {dag.py:4180} INFO - Setting next_dagrun for example_bash_operator to 2026-04-11 00:00:00+00:00, run_after=2026-04-12 00:00:00+00:00
[2026-04-12T11:21:45.574+0000] {processor.py:208} INFO - Processing /home/airflow/.local/lib/python3.12/site-packages/airflow/example_dags/example_bash_operator.py took 0.106 seconds
[2026-04-12T11:22:15.636+0000] {processor.py:186} INFO - Started process (PID=5991) to work on /home/airflow/.local/lib/python3.12/site-packages/airflow/example_dags/example_bash_operator.py
[2026-04-12T11:22:15.637+0000] {processor.py:914} INFO - Processing file /home/airflow/.local/lib/python3.12/site-packages/airflow/example_dags/example_bash_operator.py for tasks to queue
[2026-04-12T11:22:15.638+0000] {logging_mixin.py:190} INFO - [2026-04-12T11:22:15.638+0000] {dagbag.py:588} INFO - Filling up the DagBag from /home/airflow/.local/lib/python3.12/site-packages/airflow/example_dags/example_bash_operator.py
[2026-04-12T11:22:15.648+0000] {processor.py:925} INFO - DAG(s) 'example_bash_operator' retrieved from /home/airflow/.local/lib/python3.12/site-packages/airflow/example_dags/example_bash_operator.py
[2026-04-12T11:22:15.665+0000] {logging_mixin.py:190} INFO - [2026-04-12T11:22:15.665+0000] {dag.py:3239} INFO - Sync 1 DAGs
[2026-04-12T11:22:15.680+0000] {logging_mixin.py:190} INFO - [2026-04-12T11:22:15.679+0000] {dag.py:4180} INFO - Setting next_dagrun for example_bash_operator to 2026-04-11 00:00:00+00:00, run_after=2026-04-12 00:00:00+00:00
[2026-04-12T11:22:15.691+0000] {processor.py:208} INFO - Processing /home/airflow/.local/lib/python3.12/site-packages/airflow/example_dags/example_bash_operator.py took 0.060 seconds
[2026-04-12T11:22:45.861+0000] {processor.py:186} INFO - Started process (PID=6284) to work on /home/airflow/.local/lib/python3.12/site-packages/airflow/example_dags/example_bash_operator.py
[2026-04-12T11:22:45.867+0000] {processor.py:914} INFO - Processing file /home/airflow/.local/lib/python3.12/site-packages/airflow/example_dags/example_bash_operator.py for tasks to queue
[2026-04-12T11:22:45.869+0000] {logging_mixin.py:190} INFO - [2026-04-12T11:22:45.869+0000] {dagbag.py:588} INFO - Filling up the DagBag from /home/airflow/.local/lib/python3.12/site-packages/airflow/example_dags/example_bash_operator.py
[2026-04-12T11:22:45.877+0000] {processor.py:925} INFO - DAG(s) 'example_bash_operator' retrieved from /home/airflow/.local/lib/python3.12/site-packages/airflow/example_dags/example_bash_operator.py
[2026-04-12T11:22:45.899+0000] {logging_mixin.py:190} INFO - [2026-04-12T11:22:45.899+0000] {dag.py:3239} INFO - Sync 1 DAGs
[2026-04-12T11:22:45.915+0000] {logging_mixin.py:190} INFO - [2026-04-12T11:22:45.915+0000] {dag.py:4180} INFO - Setting next_dagrun for example_bash_operator to 2026-04-11 00:00:00+00:00, run_after=2026-04-12 00:00:00+00:00
[2026-04-12T11:22:45.930+0000] {processor.py:208} INFO - Processing /home/airflow/.local/lib/python3.12/site-packages/airflow/example_dags/example_bash_operator.py took 0.073 seconds
[2026-04-12T11:23:15.980+0000] {processor.py:186} INFO - Started process (PID=6580) to work on /home/airflow/.local/lib/python3.12/site-packages/airflow/example_dags/example_bash_operator.py
[2026-04-12T11:23:15.981+0000] {processor.py:914} INFO - Processing file /home/airflow/.local/lib/python3.12/site-packages/airflow/example_dags/example_bash_operator.py for tasks to queue
[2026-04-12T11:23:15.986+0000] {logging_mixin.py:190} INFO - [2026-04-12T11:23:15.986+0000] {dagbag.py:588} INFO - Filling up the DagBag from /home/airflow/.local/lib/python3.12/site-packages/airflow/example_dags/example_bash_operator.py
[2026-04-12T11:23:15.997+0000] {processor.py:925} INFO - DAG(s) 'example_bash_operator' retrieved from /home/airflow/.local/lib/python3.12/site-packages/airflow/example_dags/example_bash_operator.py
[2026-04-12T11:23:16.023+0000] {logging_mixin.py:190} INFO - [2026-04-12T11:23:16.023+0000] {dag.py:3239} INFO - Sync 1 DAGs
[2026-04-12T11:23:16.042+0000] {logging_mixin.py:190} INFO - [2026-04-12T11:23:16.042+0000] {dag.py:4180} INFO - Setting next_dagrun for example_bash_operator to 2026-04-11 00:00:00+00:00, run_after=2026-04-12 00:00:00+00:00
[2026-04-12T11:23:16.055+0000] {processor.py:208} INFO - Processing /home/airflow/.local/lib/python3.12/site-packages/airflow/example_dags/example_bash_operator.py took 0.080 seconds
[2026-04-12T11:23:46.535+0000] {processor.py:186} INFO - Started process (PID=6876) to work on /home/airflow/.local/lib/python3.12/site-packages/airflow/example_dags/example_bash_operator.py
[2026-04-12T11:23:46.542+0000] {processor.py:914} INFO - Processing file /home/airflow/.local/lib/python3.12/site-packages/airflow/example_dags/example_bash_operator.py for tasks to queue
[2026-04-12T11:23:46.543+0000] {logging_mixin.py:190} INFO - [2026-04-12T11:23:46.543+0000] {dagbag.py:588} INFO - Filling up the DagBag from /home/airflow/.local/lib/python3.12/site-packages/airflow/example_dags/example_bash_operator.py
[2026-04-12T11:23:46.553+0000] {processor.py:925} INFO - DAG(s) 'example_bash_operator' retrieved from /home/airflow/.local/lib/python3.12/site-packages/airflow/example_dags/example_bash_operator.py
[2026-04-12T11:23:46.577+0000] {logging_mixin.py:190} INFO - [2026-04-12T11:23:46.577+0000] {dag.py:3239} INFO - Sync 1 DAGs
[2026-04-12T11:23:46.594+0000] {logging_mixin.py:190} INFO - [2026-04-12T11:23:46.594+0000] {dag.py:4180} INFO - Setting next_dagrun for example_bash_operator to 2026-04-11 00:00:00+00:00, run_after=2026-04-12 00:00:00+00:00
[2026-04-12T11:23:46.605+0000] {processor.py:208} INFO - Processing /home/airflow/.local/lib/python3.12/site-packages/airflow/example_dags/example_bash_operator.py took 0.074 seconds
[2026-04-12T11:24:16.902+0000] {processor.py:186} INFO - Started process (PID=7172) to work on /home/airflow/.local/lib/python3.12/site-packages/airflow/example_dags/example_bash_operator.py
[2026-04-12T11:24:16.903+0000] {processor.py:914} INFO - Processing file /home/airflow/.local/lib/python3.12/site-packages/airflow/example_dags/example_bash_operator.py for tasks to queue
[2026-04-12T11:24:16.904+0000] {logging_mixin.py:190} INFO - [2026-04-12T11:24:16.904+0000] {dagbag.py:588} INFO - Filling up the DagBag from /home/airflow/.local/lib/python3.12/site-packages/airflow/example_dags/example_bash_operator.py
[2026-04-12T11:24:16.913+0000] {processor.py:925} INFO - DAG(s) 'example_bash_operator' retrieved from /home/airflow/.local/lib/python3.12/site-packages/airflow/example_dags/example_bash_operator.py
[2026-04-12T11:24:16.929+0000] {logging_mixin.py:190} INFO - [2026-04-12T11:24:16.929+0000] {dag.py:3239} INFO - Sync 1 DAGs
[2026-04-12T11:24:16.944+0000] {logging_mixin.py:190} INFO - [2026-04-12T11:24:16.943+0000] {dag.py:4180} INFO - Setting next_dagrun for example_bash_operator to 2026-04-11 00:00:00+00:00, run_after=2026-04-12 00:00:00+00:00
[2026-04-12T11:24:16.955+0000] {processor.py:208} INFO - Processing /home/airflow/.local/lib/python3.12/site-packages/airflow/example_dags/example_bash_operator.py took 0.057 seconds
[2026-04-12T11:24:47.984+0000] {processor.py:186} INFO - Started process (PID=7468) to work on /home/airflow/.local/lib/python3.12/site-packages/airflow/example_dags/example_bash_operator.py
[2026-04-12T11:24:47.986+0000] {processor.py:914} INFO - Processing file /home/airflow/.local/lib/python3.12/site-packages/airflow/example_dags/example_bash_operator.py for tasks to queue
[2026-04-12T11:24:47.987+0000] {logging_mixin.py:190} INFO - [2026-04-12T11:24:47.987+0000] {dagbag.py:588} INFO - Filling up the DagBag from /home/airflow/.local/lib/python3.12/site-packages/airflow/example_dags/example_bash_operator.py
[2026-04-12T11:24:47.995+0000] {processor.py:925} INFO - DAG(s) 'example_bash_operator' retrieved from /home/airflow/.local/lib/python3.12/site-packages/airflow/example_dags/example_bash_operator.py
[2026-04-12T11:24:48.021+0000] {logging_mixin.py:190} INFO - [2026-04-12T11:24:48.021+0000] {dag.py:3239} INFO - Sync 1 DAGs
[2026-04-12T11:24:48.035+0000] {logging_mixin.py:190} INFO - [2026-04-12T11:24:48.035+0000] {dag.py:4180} INFO - Setting next_dagrun for example_bash_operator to 2026-04-11 00:00:00+00:00, run_after=2026-04-12 00:00:00+00:00
[2026-04-12T11:24:48.049+0000] {processor.py:208} INFO - Processing /home/airflow/.local/lib/python3.12/site-packages/airflow/example_dags/example_bash_operator.py took 0.070 seconds
[2026-04-12T11:25:18.189+0000] {processor.py:186} INFO - Started process (PID=7764) to work on /home/airflow/.local/lib/python3.12/site-packages/airflow/example_dags/example_bash_operator.py
[2026-04-12T11:25:18.190+0000] {processor.py:914} INFO - Processing file /home/airflow/.local/lib/python3.12/site-packages/airflow/example_dags/example_bash_operator.py for tasks to queue
[2026-04-12T11:25:18.195+0000] {logging_mixin.py:190} INFO - [2026-04-12T11:25:18.194+0000] {dagbag.py:588} INFO - Filling up the DagBag from /home/airflow/.local/lib/python3.12/site-packages/airflow/example_dags/example_bash_operator.py
[2026-04-12T11:25:18.204+0000] {processor.py:925} INFO - DAG(s) 'example_bash_operator' retrieved from /home/airflow/.local/lib/python3.12/site-packages/airflow/example_dags/example_bash_operator.py
[2026-04-12T11:25:18.221+0000] {logging_mixin.py:190} INFO - [2026-04-12T11:25:18.220+0000] {dag.py:3239} INFO - Sync 1 DAGs
[2026-04-12T11:25:18.235+0000] {logging_mixin.py:190} INFO - [2026-04-12T11:25:18.235+0000] {dag.py:4180} INFO - Setting next_dagrun for example_bash_operator to 2026-04-11 00:00:00+00:00, run_after=2026-04-12 00:00:00+00:00
[2026-04-12T11:25:18.251+0000] {processor.py:208} INFO - Processing /home/airflow/.local/lib/python3.12/site-packages/airflow/example_dags/example_bash_operator.py took 0.066 seconds
[2026-04-12T11:25:48.337+0000] {processor.py:186} INFO - Started process (PID=8060) to work on /home/airflow/.local/lib/python3.12/site-packages/airflow/example_dags/example_bash_operator.py
[2026-04-12T11:25:48.342+0000] {processor.py:914} INFO - Processing file /home/airflow/.local/lib/python3.12/site-packages/airflow/example_dags/example_bash_operator.py for tasks to queue
[2026-04-12T11:25:48.348+0000] {logging_mixin.py:190} INFO - [2026-04-12T11:25:48.347+0000] {dagbag.py:588} INFO - Filling up the DagBag from /home/airflow/.local/lib/python3.12/site-packages/airflow/example_dags/example_bash_operator.py
[2026-04-12T11:25:48.358+0000] {processor.py:925} INFO - DAG(s) 'example_bash_operator' retrieved from /home/airflow/.local/lib/python3.12/site-packages/airflow/example_dags/example_bash_operator.py
[2026-04-12T11:25:48.382+0000] {logging_mixin.py:190} INFO - [2026-04-12T11:25:48.382+0000] {dag.py:3239} INFO - Sync 1 DAGs
[2026-04-12T11:25:48.402+0000] {logging_mixin.py:190} INFO - [2026-04-12T11:25:48.402+0000] {dag.py:4180} INFO - Setting next_dagrun for example_bash_operator to 2026-04-11 00:00:00+00:00, run_after=2026-04-12 00:00:00+00:00
[2026-04-12T11:25:48.412+0000] {processor.py:208} INFO - Processing /home/airflow/.local/lib/python3.12/site-packages/airflow/example_dags/example_bash_operator.py took 0.079 seconds
[2026-04-12T11:27:09.937+0000] {processor.py:186} INFO - Started process (PID=8232) to work on /home/airflow/.local/lib/python3.12/site-packages/airflow/example_dags/example_bash_operator.py
[2026-04-12T11:27:09.938+0000] {processor.py:914} INFO - Processing file /home/airflow/.local/lib/python3.12/site-packages/airflow/example_dags/example_bash_operator.py for tasks to queue
[2026-04-12T11:27:09.939+0000] {logging_mixin.py:190} INFO - [2026-04-12T11:27:09.939+0000] {dagbag.py:588} INFO - Filling up the DagBag from /home/airflow/.local/lib/python3.12/site-packages/airflow/example_dags/example_bash_operator.py
[2026-04-12T11:27:09.948+0000] {processor.py:925} INFO - DAG(s) 'example_bash_operator' retrieved from /home/airflow/.local/lib/python3.12/site-packages/airflow/example_dags/example_bash_operator.py
[2026-04-12T11:27:09.972+0000] {logging_mixin.py:190} INFO - [2026-04-12T11:27:09.972+0000] {dag.py:3239} INFO - Sync 1 DAGs
[2026-04-12T11:27:09.989+0000] {logging_mixin.py:190} INFO - [2026-04-12T11:27:09.988+0000] {dag.py:4180} INFO - Setting next_dagrun for example_bash_operator to 2026-04-11 00:00:00+00:00, run_after=2026-04-12 00:00:00+00:00
[2026-04-12T11:27:10.000+0000] {processor.py:208} INFO - Processing /home/airflow/.local/lib/python3.12/site-packages/airflow/example_dags/example_bash_operator.py took 0.067 seconds
[2026-04-12T11:29:46.018+0000] {processor.py:186} INFO - Started process (PID=8526) to work on /home/airflow/.local/lib/python3.12/site-packages/airflow/example_dags/example_bash_operator.py
[2026-04-12T11:29:46.022+0000] {processor.py:914} INFO - Processing file /home/airflow/.local/lib/python3.12/site-packages/airflow/example_dags/example_bash_operator.py for tasks to queue
[2026-04-12T11:29:46.026+0000] {logging_mixin.py:190} INFO - [2026-04-12T11:29:46.026+0000] {dagbag.py:588} INFO - Filling up the DagBag from /home/airflow/.local/lib/python3.12/site-packages/airflow/example_dags/example_bash_operator.py
[2026-04-12T11:29:46.034+0000] {processor.py:925} INFO - DAG(s) 'example_bash_operator' retrieved from /home/airflow/.local/lib/python3.12/site-packages/airflow/example_dags/example_bash_operator.py
[2026-04-12T11:29:46.056+0000] {logging_mixin.py:190} INFO - [2026-04-12T11:29:46.056+0000] {dag.py:3239} INFO - Sync 1 DAGs
[2026-04-12T11:29:46.074+0000] {logging_mixin.py:190} INFO - [2026-04-12T11:29:46.074+0000] {dag.py:4180} INFO - Setting next_dagrun for example_bash_operator to 2026-04-11 00:00:00+00:00, run_after=2026-04-12 00:00:00+00:00
[2026-04-12T11:29:46.091+0000] {processor.py:208} INFO - Processing /home/airflow/.local/lib/python3.12/site-packages/airflow/example_dags/example_bash_operator.py took 0.078 seconds
[2026-04-12T11:30:16.256+0000] {processor.py:186} INFO - Started process (PID=8822) to work on /home/airflow/.local/lib/python3.12/site-packages/airflow/example_dags/example_bash_operator.py
[2026-04-12T11:30:16.257+0000] {processor.py:914} INFO - Processing file /home/airflow/.local/lib/python3.12/site-packages/airflow/example_dags/example_bash_operator.py for tasks to queue
[2026-04-12T11:30:16.259+0000] {logging_mixin.py:190} INFO - [2026-04-12T11:30:16.259+0000] {dagbag.py:588} INFO - Filling up the DagBag from /home/airflow/.local/lib/python3.12/site-packages/airflow/example_dags/example_bash_operator.py
[2026-04-12T11:30:16.268+0000] {processor.py:925} INFO - DAG(s) 'example_bash_operator' retrieved from /home/airflow/.local/lib/python3.12/site-packages/airflow/example_dags/example_bash_operator.py
[2026-04-12T11:30:16.289+0000] {logging_mixin.py:190} INFO - [2026-04-12T11:30:16.289+0000] {dag.py:3239} INFO - Sync 1 DAGs
[2026-04-12T11:30:16.344+0000] {logging_mixin.py:190} INFO - [2026-04-12T11:30:16.343+0000] {dag.py:4180} INFO - Setting next_dagrun for example_bash_operator to 2026-04-11 00:00:00+00:00, run_after=2026-04-12 00:00:00+00:00
[2026-04-12T11:30:16.375+0000] {processor.py:208} INFO - Processing /home/airflow/.local/lib/python3.12/site-packages/airflow/example_dags/example_bash_operator.py took 0.123 seconds
[2026-04-12T11:30:46.788+0000] {processor.py:186} INFO - Started process (PID=9120) to work on /home/airflow/.local/lib/python3.12/site-packages/airflow/example_dags/example_bash_operator.py
[2026-04-12T11:30:46.798+0000] {processor.py:914} INFO - Processing file /home/airflow/.local/lib/python3.12/site-packages/airflow/example_dags/example_bash_operator.py for tasks to queue
[2026-04-12T11:30:46.801+0000] {logging_mixin.py:190} INFO - [2026-04-12T11:30:46.801+0000] {dagbag.py:588} INFO - Filling up the DagBag from /home/airflow/.local/lib/python3.12/site-packages/airflow/example_dags/example_bash_operator.py
[2026-04-12T11:30:46.811+0000] {processor.py:925} INFO - DAG(s) 'example_bash_operator' retrieved from /home/airflow/.local/lib/python3.12/site-packages/airflow/example_dags/example_bash_operator.py
[2026-04-12T11:30:46.833+0000] {logging_mixin.py:190} INFO - [2026-04-12T11:30:46.833+0000] {dag.py:3239} INFO - Sync 1 DAGs
[2026-04-12T11:30:46.853+0000] {logging_mixin.py:190} INFO - [2026-04-12T11:30:46.853+0000] {dag.py:4180} INFO - Setting next_dagrun for example_bash_operator to 2026-04-11 00:00:00+00:00, run_after=2026-04-12 00:00:00+00:00
[2026-04-12T11:30:46.870+0000] {processor.py:208} INFO - Processing /home/airflow/.local/lib/python3.12/site-packages/airflow/example_dags/example_bash_operator.py took 0.090 seconds
[2026-04-12T11:31:16.929+0000] {processor.py:186} INFO - Started process (PID=9415) to work on /home/airflow/.local/lib/python3.12/site-packages/airflow/example_dags/example_bash_operator.py
[2026-04-12T11:31:16.930+0000] {processor.py:914} INFO - Processing file /home/airflow/.local/lib/python3.12/site-packages/airflow/example_dags/example_bash_operator.py for tasks to queue
[2026-04-12T11:31:16.931+0000] {logging_mixin.py:190} INFO - [2026-04-12T11:31:16.931+0000] {dagbag.py:588} INFO - Filling up the DagBag from /home/airflow/.local/lib/python3.12/site-packages/airflow/example_dags/example_bash_operator.py
[2026-04-12T11:31:16.939+0000] {processor.py:925} INFO - DAG(s) 'example_bash_operator' retrieved from /home/airflow/.local/lib/python3.12/site-packages/airflow/example_dags/example_bash_operator.py
[2026-04-12T11:31:16.967+0000] {logging_mixin.py:190} INFO - [2026-04-12T11:31:16.966+0000] {dag.py:3239} INFO - Sync 1 DAGs
[2026-04-12T11:31:16.982+0000] {logging_mixin.py:190} INFO - [2026-04-12T11:31:16.982+0000] {dag.py:4180} INFO - Setting next_dagrun for example_bash_operator to 2026-04-11 00:00:00+00:00, run_after=2026-04-12 00:00:00+00:00
[2026-04-12T11:31:16.997+0000] {processor.py:208} INFO - Processing /home/airflow/.local/lib/python3.12/site-packages/airflow/example_dags/example_bash_operator.py took 0.072 seconds
[2026-04-12T11:31:47.308+0000] {processor.py:186} INFO - Started process (PID=9709) to work on /home/airflow/.local/lib/python3.12/site-packages/airflow/example_dags/example_bash_operator.py
[2026-04-12T11:31:47.308+0000] {processor.py:914} INFO - Processing file /home/airflow/.local/lib/python3.12/site-packages/airflow/example_dags/example_bash_operator.py for tasks to queue
[2026-04-12T11:31:47.310+0000] {logging_mixin.py:190} INFO - [2026-04-12T11:31:47.310+0000] {dagbag.py:588} INFO - Filling up the DagBag from /home/airflow/.local/lib/python3.12/site-packages/airflow/example_dags/example_bash_operator.py
[2026-04-12T11:31:47.324+0000] {processor.py:925} INFO - DAG(s) 'example_bash_operator' retrieved from /home/airflow/.local/lib/python3.12/site-packages/airflow/example_dags/example_bash_operator.py
[2026-04-12T11:31:47.346+0000] {logging_mixin.py:190} INFO - [2026-04-12T11:31:47.345+0000] {dag.py:3239} INFO - Sync 1 DAGs
[2026-04-12T11:31:47.366+0000] {logging_mixin.py:190} INFO - [2026-04-12T11:31:47.366+0000] {dag.py:4180} INFO - Setting next_dagrun for example_bash_operator to 2026-04-11 00:00:00+00:00, run_after=2026-04-12 00:00:00+00:00
[2026-04-12T11:31:47.383+0000] {processor.py:208} INFO - Processing /home/airflow/.local/lib/python3.12/site-packages/airflow/example_dags/example_bash_operator.py took 0.080 seconds
[2026-04-12T11:32:18.587+0000] {processor.py:186} INFO - Started process (PID=10007) to work on /home/airflow/.local/lib/python3.12/site-packages/airflow/example_dags/example_bash_operator.py
[2026-04-12T11:32:18.588+0000] {processor.py:914} INFO - Processing file /home/airflow/.local/lib/python3.12/site-packages/airflow/example_dags/example_bash_operator.py for tasks to queue
[2026-04-12T11:32:18.589+0000] {logging_mixin.py:190} INFO - [2026-04-12T11:32:18.589+0000] {dagbag.py:588} INFO - Filling up the DagBag from /home/airflow/.local/lib/python3.12/site-packages/airflow/example_dags/example_bash_operator.py
[2026-04-12T11:32:18.598+0000] {processor.py:925} INFO - DAG(s) 'example_bash_operator' retrieved from /home/airflow/.local/lib/python3.12/site-packages/airflow/example_dags/example_bash_operator.py
[2026-04-12T11:32:18.627+0000] {logging_mixin.py:190} INFO - [2026-04-12T11:32:18.627+0000] {dag.py:3239} INFO - Sync 1 DAGs
[2026-04-12T11:32:18.645+0000] {logging_mixin.py:190} INFO - [2026-04-12T11:32:18.645+0000] {dag.py:4180} INFO - Setting next_dagrun for example_bash_operator to 2026-04-11 00:00:00+00:00, run_after=2026-04-12 00:00:00+00:00
[2026-04-12T11:32:18.664+0000] {processor.py:208} INFO - Processing /home/airflow/.local/lib/python3.12/site-packages/airflow/example_dags/example_bash_operator.py took 0.081 seconds
[2026-04-12T11:32:49.495+0000] {processor.py:186} INFO - Started process (PID=10301) to work on /home/airflow/.local/lib/python3.12/site-packages/airflow/example_dags/example_bash_operator.py
[2026-04-12T11:32:49.496+0000] {processor.py:914} INFO - Processing file /home/airflow/.local/lib/python3.12/site-packages/airflow/example_dags/example_bash_operator.py for tasks to queue
[2026-04-12T11:32:49.498+0000] {logging_mixin.py:190} INFO - [2026-04-12T11:32:49.498+0000] {dagbag.py:588} INFO - Filling up the DagBag from /home/airflow/.local/lib/python3.12/site-packages/airflow/example_dags/example_bash_operator.py
[2026-04-12T11:32:49.508+0000] {processor.py:925} INFO - DAG(s) 'example_bash_operator' retrieved from /home/airflow/.local/lib/python3.12/site-packages/airflow/example_dags/example_bash_operator.py
[2026-04-12T11:32:49.529+0000] {logging_mixin.py:190} INFO - [2026-04-12T11:32:49.529+0000] {dag.py:3239} INFO - Sync 1 DAGs
[2026-04-12T11:32:49.545+0000] {logging_mixin.py:190} INFO - [2026-04-12T11:32:49.545+0000] {dag.py:4180} INFO - Setting next_dagrun for example_bash_operator to 2026-04-11 00:00:00+00:00, run_after=2026-04-12 00:00:00+00:00
[2026-04-12T11:32:49.558+0000] {processor.py:208} INFO - Processing /home/airflow/.local/lib/python3.12/site-packages/airflow/example_dags/example_bash_operator.py took 0.067 seconds
[2026-04-12T11:33:20.478+0000] {processor.py:186} INFO - Started process (PID=10597) to work on /home/airflow/.local/lib/python3.12/site-packages/airflow/example_dags/example_bash_operator.py
[2026-04-12T11:33:20.480+0000] {processor.py:914} INFO - Processing file /home/airflow/.local/lib/python3.12/site-packages/airflow/example_dags/example_bash_operator.py for tasks to queue
[2026-04-12T11:33:20.481+0000] {logging_mixin.py:190} INFO - [2026-04-12T11:33:20.481+0000] {dagbag.py:588} INFO - Filling up the DagBag from /home/airflow/.local/lib/python3.12/site-packages/airflow/example_dags/example_bash_operator.py
[2026-04-12T11:33:20.493+0000] {processor.py:925} INFO - DAG(s) 'example_bash_operator' retrieved from /home/airflow/.local/lib/python3.12/site-packages/airflow/example_dags/example_bash_operator.py
[2026-04-12T11:33:20.510+0000] {logging_mixin.py:190} INFO - [2026-04-12T11:33:20.510+0000] {dag.py:3239} INFO - Sync 1 DAGs
[2026-04-12T11:33:20.529+0000] {logging_mixin.py:190} INFO - [2026-04-12T11:33:20.529+0000] {dag.py:4180} INFO - Setting next_dagrun for example_bash_operator to 2026-04-11 00:00:00+00:00, run_after=2026-04-12 00:00:00+00:00
[2026-04-12T11:33:20.553+0000] {processor.py:208} INFO - Processing /home/airflow/.local/lib/python3.12/site-packages/airflow/example_dags/example_bash_operator.py took 0.084 seconds
[2026-04-12T11:33:51.546+0000] {processor.py:186} INFO - Started process (PID=10892) to work on /home/airflow/.local/lib/python3.12/site-packages/airflow/example_dags/example_bash_operator.py
[2026-04-12T11:33:51.551+0000] {processor.py:914} INFO - Processing file /home/airflow/.local/lib/python3.12/site-packages/airflow/example_dags/example_bash_operator.py for tasks to queue
[2026-04-12T11:33:51.553+0000] {logging_mixin.py:190} INFO - [2026-04-12T11:33:51.553+0000] {dagbag.py:588} INFO - Filling up the DagBag from /home/airflow/.local/lib/python3.12/site-packages/airflow/example_dags/example_bash_operator.py
[2026-04-12T11:33:51.564+0000] {processor.py:925} INFO - DAG(s) 'example_bash_operator' retrieved from /home/airflow/.local/lib/python3.12/site-packages/airflow/example_dags/example_bash_operator.py
[2026-04-12T11:33:51.587+0000] {logging_mixin.py:190} INFO - [2026-04-12T11:33:51.587+0000] {dag.py:3239} INFO - Sync 1 DAGs
[2026-04-12T11:33:51.604+0000] {logging_mixin.py:190} INFO - [2026-04-12T11:33:51.604+0000] {dag.py:4180} INFO - Setting next_dagrun for example_bash_operator to 2026-04-11 00:00:00+00:00, run_after=2026-04-12 00:00:00+00:00
[2026-04-12T11:33:51.623+0000] {processor.py:208} INFO - Processing /home/airflow/.local/lib/python3.12/site-packages/airflow/example_dags/example_bash_operator.py took 0.081 seconds
[2026-04-12T11:34:22.424+0000] {processor.py:186} INFO - Started process (PID=11188) to work on /home/airflow/.local/lib/python3.12/site-packages/airflow/example_dags/example_bash_operator.py
[2026-04-12T11:34:22.424+0000] {processor.py:914} INFO - Processing file /home/airflow/.local/lib/python3.12/site-packages/airflow/example_dags/example_bash_operator.py for tasks to queue
[2026-04-12T11:34:22.430+0000] {logging_mixin.py:190} INFO - [2026-04-12T11:34:22.427+0000] {dagbag.py:588} INFO - Filling up the DagBag from /home/airflow/.local/lib/python3.12/site-packages/airflow/example_dags/example_bash_operator.py
[2026-04-12T11:34:22.441+0000] {processor.py:925} INFO - DAG(s) 'example_bash_operator' retrieved from /home/airflow/.local/lib/python3.12/site-packages/airflow/example_dags/example_bash_operator.py
[2026-04-12T11:34:22.461+0000] {logging_mixin.py:190} INFO - [2026-04-12T11:34:22.461+0000] {dag.py:3239} INFO - Sync 1 DAGs
[2026-04-12T11:34:22.481+0000] {logging_mixin.py:190} INFO - [2026-04-12T11:34:22.481+0000] {dag.py:4180} INFO - Setting next_dagrun for example_bash_operator to 2026-04-11 00:00:00+00:00, run_after=2026-04-12 00:00:00+00:00
[2026-04-12T11:34:22.500+0000] {processor.py:208} INFO - Processing /home/airflow/.local/lib/python3.12/site-packages/airflow/example_dags/example_bash_operator.py took 0.081 seconds
[2026-04-12T11:34:53.270+0000] {processor.py:186} INFO - Started process (PID=11484) to work on /home/airflow/.local/lib/python3.12/site-packages/airflow/example_dags/example_bash_operator.py
[2026-04-12T11:34:53.271+0000] {processor.py:914} INFO - Processing file /home/airflow/.local/lib/python3.12/site-packages/airflow/example_dags/example_bash_operator.py for tasks to queue
[2026-04-12T11:34:53.273+0000] {logging_mixin.py:190} INFO - [2026-04-12T11:34:53.273+0000] {dagbag.py:588} INFO - Filling up the DagBag from /home/airflow/.local/lib/python3.12/site-packages/airflow/example_dags/example_bash_operator.py
[2026-04-12T11:34:53.282+0000] {processor.py:925} INFO - DAG(s) 'example_bash_operator' retrieved from /home/airflow/.local/lib/python3.12/site-packages/airflow/example_dags/example_bash_operator.py
[2026-04-12T11:34:53.305+0000] {logging_mixin.py:190} INFO - [2026-04-12T11:34:53.305+0000] {dag.py:3239} INFO - Sync 1 DAGs
[2026-04-12T11:34:53.320+0000] {logging_mixin.py:190} INFO - [2026-04-12T11:34:53.320+0000] {dag.py:4180} INFO - Setting next_dagrun for example_bash_operator to 2026-04-11 00:00:00+00:00, run_after=2026-04-12 00:00:00+00:00
[2026-04-12T11:34:53.332+0000] {processor.py:208} INFO - Processing /home/airflow/.local/lib/python3.12/site-packages/airflow/example_dags/example_bash_operator.py took 0.066 seconds
