[2026-04-12T11:12:43.665+0000] {processor.py:186} INFO - Started process (PID=426) to work on /home/airflow/.local/lib/python3.12/site-packages/airflow/example_dags/example_inlet_event_extra.py
[2026-04-12T11:12:43.668+0000] {processor.py:914} INFO - Processing file /home/airflow/.local/lib/python3.12/site-packages/airflow/example_dags/example_inlet_event_extra.py for tasks to queue
[2026-04-12T11:12:43.673+0000] {logging_mixin.py:190} INFO - [2026-04-12T11:12:43.672+0000] {dagbag.py:588} INFO - Filling up the DagBag from /home/airflow/.local/lib/python3.12/site-packages/airflow/example_dags/example_inlet_event_extra.py
[2026-04-12T11:12:45.211+0000] {processor.py:925} INFO - DAG(s) 'read_dataset_event', 'read_dataset_event_from_classic' retrieved from /home/airflow/.local/lib/python3.12/site-packages/airflow/example_dags/example_inlet_event_extra.py
[2026-04-12T11:12:45.536+0000] {logging_mixin.py:190} INFO - [2026-04-12T11:12:45.536+0000] {override.py:1912} INFO - Created Permission View: can edit on DAG:read_dataset_event
[2026-04-12T11:12:45.543+0000] {logging_mixin.py:190} INFO - [2026-04-12T11:12:45.543+0000] {override.py:1912} INFO - Created Permission View: can delete on DAG:read_dataset_event
[2026-04-12T11:12:45.547+0000] {logging_mixin.py:190} INFO - [2026-04-12T11:12:45.547+0000] {override.py:1912} INFO - Created Permission View: can read on DAG:read_dataset_event
[2026-04-12T11:12:45.553+0000] {logging_mixin.py:190} INFO - [2026-04-12T11:12:45.553+0000] {override.py:1912} INFO - Created Permission View: can delete on DAG Run:read_dataset_event
[2026-04-12T11:12:45.560+0000] {logging_mixin.py:190} INFO - [2026-04-12T11:12:45.560+0000] {override.py:1912} INFO - Created Permission View: can create on DAG Run:read_dataset_event
[2026-04-12T11:12:45.566+0000] {logging_mixin.py:190} INFO - [2026-04-12T11:12:45.566+0000] {override.py:1912} INFO - Created Permission View: can read on DAG Run:read_dataset_event
[2026-04-12T11:12:45.571+0000] {logging_mixin.py:190} INFO - [2026-04-12T11:12:45.570+0000] {override.py:1912} INFO - Created Permission View: menu access on DAG Run:read_dataset_event
[2026-04-12T11:12:45.583+0000] {logging_mixin.py:190} INFO - [2026-04-12T11:12:45.583+0000] {override.py:1912} INFO - Created Permission View: can edit on DAG:read_dataset_event_from_classic
[2026-04-12T11:12:45.588+0000] {logging_mixin.py:190} INFO - [2026-04-12T11:12:45.588+0000] {override.py:1912} INFO - Created Permission View: can delete on DAG:read_dataset_event_from_classic
[2026-04-12T11:12:45.593+0000] {logging_mixin.py:190} INFO - [2026-04-12T11:12:45.593+0000] {override.py:1912} INFO - Created Permission View: can read on DAG:read_dataset_event_from_classic
[2026-04-12T11:12:45.597+0000] {logging_mixin.py:190} INFO - [2026-04-12T11:12:45.597+0000] {override.py:1912} INFO - Created Permission View: can delete on DAG Run:read_dataset_event_from_classic
[2026-04-12T11:12:45.602+0000] {logging_mixin.py:190} INFO - [2026-04-12T11:12:45.602+0000] {override.py:1912} INFO - Created Permission View: can create on DAG Run:read_dataset_event_from_classic
[2026-04-12T11:12:45.608+0000] {logging_mixin.py:190} INFO - [2026-04-12T11:12:45.608+0000] {override.py:1912} INFO - Created Permission View: can read on DAG Run:read_dataset_event_from_classic
[2026-04-12T11:12:45.618+0000] {logging_mixin.py:190} INFO - [2026-04-12T11:12:45.617+0000] {override.py:1912} INFO - Created Permission View: menu access on DAG Run:read_dataset_event_from_classic
[2026-04-12T11:12:45.619+0000] {logging_mixin.py:190} INFO - [2026-04-12T11:12:45.618+0000] {dag.py:3239} INFO - Sync 2 DAGs
[2026-04-12T11:12:45.633+0000] {logging_mixin.py:190} INFO - [2026-04-12T11:12:45.632+0000] {dag.py:3262} INFO - Creating ORM DAG for read_dataset_event
[2026-04-12T11:12:45.633+0000] {logging_mixin.py:190} INFO - [2026-04-12T11:12:45.633+0000] {dag.py:3262} INFO - Creating ORM DAG for read_dataset_event_from_classic
[2026-04-12T11:12:45.642+0000] {logging_mixin.py:190} INFO - [2026-04-12T11:12:45.642+0000] {dag.py:4180} INFO - Setting next_dagrun for read_dataset_event to 2026-04-11 00:00:00+00:00, run_after=2026-04-12 00:00:00+00:00
[2026-04-12T11:12:45.643+0000] {logging_mixin.py:190} INFO - [2026-04-12T11:12:45.643+0000] {dag.py:4180} INFO - Setting next_dagrun for read_dataset_event_from_classic to 2026-04-11 00:00:00+00:00, run_after=2026-04-12 00:00:00+00:00
[2026-04-12T11:12:45.658+0000] {processor.py:208} INFO - Processing /home/airflow/.local/lib/python3.12/site-packages/airflow/example_dags/example_inlet_event_extra.py took 2.008 seconds
[2026-04-12T11:13:16.040+0000] {processor.py:186} INFO - Started process (PID=723) to work on /home/airflow/.local/lib/python3.12/site-packages/airflow/example_dags/example_inlet_event_extra.py
[2026-04-12T11:13:16.042+0000] {processor.py:914} INFO - Processing file /home/airflow/.local/lib/python3.12/site-packages/airflow/example_dags/example_inlet_event_extra.py for tasks to queue
[2026-04-12T11:13:16.046+0000] {logging_mixin.py:190} INFO - [2026-04-12T11:13:16.045+0000] {dagbag.py:588} INFO - Filling up the DagBag from /home/airflow/.local/lib/python3.12/site-packages/airflow/example_dags/example_inlet_event_extra.py
[2026-04-12T11:13:16.424+0000] {processor.py:925} INFO - DAG(s) 'read_dataset_event_from_classic', 'read_dataset_event' retrieved from /home/airflow/.local/lib/python3.12/site-packages/airflow/example_dags/example_inlet_event_extra.py
[2026-04-12T11:13:16.459+0000] {logging_mixin.py:190} INFO - [2026-04-12T11:13:16.458+0000] {dag.py:3239} INFO - Sync 2 DAGs
[2026-04-12T11:13:16.843+0000] {logging_mixin.py:190} INFO - [2026-04-12T11:13:16.843+0000] {dag.py:4180} INFO - Setting next_dagrun for read_dataset_event to 2026-04-11 00:00:00+00:00, run_after=2026-04-12 00:00:00+00:00
[2026-04-12T11:13:16.848+0000] {logging_mixin.py:190} INFO - [2026-04-12T11:13:16.847+0000] {dag.py:4180} INFO - Setting next_dagrun for read_dataset_event_from_classic to 2026-04-11 00:00:00+00:00, run_after=2026-04-12 00:00:00+00:00
[2026-04-12T11:13:16.985+0000] {processor.py:208} INFO - Processing /home/airflow/.local/lib/python3.12/site-packages/airflow/example_dags/example_inlet_event_extra.py took 0.954 seconds
[2026-04-12T11:13:47.585+0000] {processor.py:186} INFO - Started process (PID=1020) to work on /home/airflow/.local/lib/python3.12/site-packages/airflow/example_dags/example_inlet_event_extra.py
[2026-04-12T11:13:47.589+0000] {processor.py:914} INFO - Processing file /home/airflow/.local/lib/python3.12/site-packages/airflow/example_dags/example_inlet_event_extra.py for tasks to queue
[2026-04-12T11:13:47.592+0000] {logging_mixin.py:190} INFO - [2026-04-12T11:13:47.592+0000] {dagbag.py:588} INFO - Filling up the DagBag from /home/airflow/.local/lib/python3.12/site-packages/airflow/example_dags/example_inlet_event_extra.py
[2026-04-12T11:13:48.086+0000] {processor.py:925} INFO - DAG(s) 'read_dataset_event', 'read_dataset_event_from_classic' retrieved from /home/airflow/.local/lib/python3.12/site-packages/airflow/example_dags/example_inlet_event_extra.py
[2026-04-12T11:13:48.134+0000] {logging_mixin.py:190} INFO - [2026-04-12T11:13:48.133+0000] {dag.py:3239} INFO - Sync 2 DAGs
[2026-04-12T11:13:48.667+0000] {logging_mixin.py:190} INFO - [2026-04-12T11:13:48.667+0000] {dag.py:4180} INFO - Setting next_dagrun for read_dataset_event to 2026-04-11 00:00:00+00:00, run_after=2026-04-12 00:00:00+00:00
[2026-04-12T11:13:48.688+0000] {logging_mixin.py:190} INFO - [2026-04-12T11:13:48.688+0000] {dag.py:4180} INFO - Setting next_dagrun for read_dataset_event_from_classic to 2026-04-11 00:00:00+00:00, run_after=2026-04-12 00:00:00+00:00
[2026-04-12T11:13:48.725+0000] {processor.py:208} INFO - Processing /home/airflow/.local/lib/python3.12/site-packages/airflow/example_dags/example_inlet_event_extra.py took 1.154 seconds
[2026-04-12T11:14:18.832+0000] {processor.py:186} INFO - Started process (PID=1316) to work on /home/airflow/.local/lib/python3.12/site-packages/airflow/example_dags/example_inlet_event_extra.py
[2026-04-12T11:14:18.834+0000] {processor.py:914} INFO - Processing file /home/airflow/.local/lib/python3.12/site-packages/airflow/example_dags/example_inlet_event_extra.py for tasks to queue
[2026-04-12T11:14:18.838+0000] {logging_mixin.py:190} INFO - [2026-04-12T11:14:18.837+0000] {dagbag.py:588} INFO - Filling up the DagBag from /home/airflow/.local/lib/python3.12/site-packages/airflow/example_dags/example_inlet_event_extra.py
[2026-04-12T11:14:19.230+0000] {processor.py:925} INFO - DAG(s) 'read_dataset_event_from_classic', 'read_dataset_event' retrieved from /home/airflow/.local/lib/python3.12/site-packages/airflow/example_dags/example_inlet_event_extra.py
[2026-04-12T11:14:19.243+0000] {logging_mixin.py:190} INFO - [2026-04-12T11:14:19.243+0000] {dag.py:3239} INFO - Sync 2 DAGs
[2026-04-12T11:14:19.263+0000] {logging_mixin.py:190} INFO - [2026-04-12T11:14:19.263+0000] {dag.py:4180} INFO - Setting next_dagrun for read_dataset_event to 2026-04-11 00:00:00+00:00, run_after=2026-04-12 00:00:00+00:00
[2026-04-12T11:14:19.270+0000] {logging_mixin.py:190} INFO - [2026-04-12T11:14:19.270+0000] {dag.py:4180} INFO - Setting next_dagrun for read_dataset_event_from_classic to 2026-04-11 00:00:00+00:00, run_after=2026-04-12 00:00:00+00:00
[2026-04-12T11:14:19.285+0000] {processor.py:208} INFO - Processing /home/airflow/.local/lib/python3.12/site-packages/airflow/example_dags/example_inlet_event_extra.py took 0.457 seconds
[2026-04-12T11:14:50.056+0000] {processor.py:186} INFO - Started process (PID=1612) to work on /home/airflow/.local/lib/python3.12/site-packages/airflow/example_dags/example_inlet_event_extra.py
[2026-04-12T11:14:50.058+0000] {processor.py:914} INFO - Processing file /home/airflow/.local/lib/python3.12/site-packages/airflow/example_dags/example_inlet_event_extra.py for tasks to queue
[2026-04-12T11:14:50.062+0000] {logging_mixin.py:190} INFO - [2026-04-12T11:14:50.062+0000] {dagbag.py:588} INFO - Filling up the DagBag from /home/airflow/.local/lib/python3.12/site-packages/airflow/example_dags/example_inlet_event_extra.py
[2026-04-12T11:14:50.658+0000] {processor.py:925} INFO - DAG(s) 'read_dataset_event_from_classic', 'read_dataset_event' retrieved from /home/airflow/.local/lib/python3.12/site-packages/airflow/example_dags/example_inlet_event_extra.py
[2026-04-12T11:14:50.679+0000] {logging_mixin.py:190} INFO - [2026-04-12T11:14:50.679+0000] {dag.py:3239} INFO - Sync 2 DAGs
[2026-04-12T11:14:50.698+0000] {logging_mixin.py:190} INFO - [2026-04-12T11:14:50.697+0000] {dag.py:4180} INFO - Setting next_dagrun for read_dataset_event to 2026-04-11 00:00:00+00:00, run_after=2026-04-12 00:00:00+00:00
[2026-04-12T11:14:50.703+0000] {logging_mixin.py:190} INFO - [2026-04-12T11:14:50.703+0000] {dag.py:4180} INFO - Setting next_dagrun for read_dataset_event_from_classic to 2026-04-11 00:00:00+00:00, run_after=2026-04-12 00:00:00+00:00
[2026-04-12T11:14:50.718+0000] {processor.py:208} INFO - Processing /home/airflow/.local/lib/python3.12/site-packages/airflow/example_dags/example_inlet_event_extra.py took 0.678 seconds
[2026-04-12T11:15:20.816+0000] {processor.py:186} INFO - Started process (PID=1909) to work on /home/airflow/.local/lib/python3.12/site-packages/airflow/example_dags/example_inlet_event_extra.py
[2026-04-12T11:15:20.820+0000] {processor.py:914} INFO - Processing file /home/airflow/.local/lib/python3.12/site-packages/airflow/example_dags/example_inlet_event_extra.py for tasks to queue
[2026-04-12T11:15:20.825+0000] {logging_mixin.py:190} INFO - [2026-04-12T11:15:20.825+0000] {dagbag.py:588} INFO - Filling up the DagBag from /home/airflow/.local/lib/python3.12/site-packages/airflow/example_dags/example_inlet_event_extra.py
[2026-04-12T11:15:21.280+0000] {processor.py:925} INFO - DAG(s) 'read_dataset_event_from_classic', 'read_dataset_event' retrieved from /home/airflow/.local/lib/python3.12/site-packages/airflow/example_dags/example_inlet_event_extra.py
[2026-04-12T11:15:21.299+0000] {logging_mixin.py:190} INFO - [2026-04-12T11:15:21.298+0000] {dag.py:3239} INFO - Sync 2 DAGs
[2026-04-12T11:15:21.316+0000] {logging_mixin.py:190} INFO - [2026-04-12T11:15:21.316+0000] {dag.py:4180} INFO - Setting next_dagrun for read_dataset_event to 2026-04-11 00:00:00+00:00, run_after=2026-04-12 00:00:00+00:00
[2026-04-12T11:15:21.321+0000] {logging_mixin.py:190} INFO - [2026-04-12T11:15:21.321+0000] {dag.py:4180} INFO - Setting next_dagrun for read_dataset_event_from_classic to 2026-04-11 00:00:00+00:00, run_after=2026-04-12 00:00:00+00:00
[2026-04-12T11:15:21.336+0000] {processor.py:208} INFO - Processing /home/airflow/.local/lib/python3.12/site-packages/airflow/example_dags/example_inlet_event_extra.py took 0.531 seconds
[2026-04-12T11:15:51.750+0000] {processor.py:186} INFO - Started process (PID=2205) to work on /home/airflow/.local/lib/python3.12/site-packages/airflow/example_dags/example_inlet_event_extra.py
[2026-04-12T11:15:51.752+0000] {processor.py:914} INFO - Processing file /home/airflow/.local/lib/python3.12/site-packages/airflow/example_dags/example_inlet_event_extra.py for tasks to queue
[2026-04-12T11:15:51.756+0000] {logging_mixin.py:190} INFO - [2026-04-12T11:15:51.755+0000] {dagbag.py:588} INFO - Filling up the DagBag from /home/airflow/.local/lib/python3.12/site-packages/airflow/example_dags/example_inlet_event_extra.py
[2026-04-12T11:15:52.236+0000] {processor.py:925} INFO - DAG(s) 'read_dataset_event_from_classic', 'read_dataset_event' retrieved from /home/airflow/.local/lib/python3.12/site-packages/airflow/example_dags/example_inlet_event_extra.py
[2026-04-12T11:15:52.254+0000] {logging_mixin.py:190} INFO - [2026-04-12T11:15:52.254+0000] {dag.py:3239} INFO - Sync 2 DAGs
[2026-04-12T11:15:52.270+0000] {logging_mixin.py:190} INFO - [2026-04-12T11:15:52.270+0000] {dag.py:4180} INFO - Setting next_dagrun for read_dataset_event to 2026-04-11 00:00:00+00:00, run_after=2026-04-12 00:00:00+00:00
[2026-04-12T11:15:52.274+0000] {logging_mixin.py:190} INFO - [2026-04-12T11:15:52.274+0000] {dag.py:4180} INFO - Setting next_dagrun for read_dataset_event_from_classic to 2026-04-11 00:00:00+00:00, run_after=2026-04-12 00:00:00+00:00
[2026-04-12T11:15:52.287+0000] {processor.py:208} INFO - Processing /home/airflow/.local/lib/python3.12/site-packages/airflow/example_dags/example_inlet_event_extra.py took 0.549 seconds
[2026-04-12T11:16:22.432+0000] {processor.py:186} INFO - Started process (PID=2501) to work on /home/airflow/.local/lib/python3.12/site-packages/airflow/example_dags/example_inlet_event_extra.py
[2026-04-12T11:16:22.437+0000] {processor.py:914} INFO - Processing file /home/airflow/.local/lib/python3.12/site-packages/airflow/example_dags/example_inlet_event_extra.py for tasks to queue
[2026-04-12T11:16:22.448+0000] {logging_mixin.py:190} INFO - [2026-04-12T11:16:22.447+0000] {dagbag.py:588} INFO - Filling up the DagBag from /home/airflow/.local/lib/python3.12/site-packages/airflow/example_dags/example_inlet_event_extra.py
[2026-04-12T11:16:22.965+0000] {processor.py:925} INFO - DAG(s) 'read_dataset_event_from_classic', 'read_dataset_event' retrieved from /home/airflow/.local/lib/python3.12/site-packages/airflow/example_dags/example_inlet_event_extra.py
[2026-04-12T11:16:22.995+0000] {logging_mixin.py:190} INFO - [2026-04-12T11:16:22.995+0000] {dag.py:3239} INFO - Sync 2 DAGs
[2026-04-12T11:16:23.015+0000] {logging_mixin.py:190} INFO - [2026-04-12T11:16:23.014+0000] {dag.py:4180} INFO - Setting next_dagrun for read_dataset_event to 2026-04-11 00:00:00+00:00, run_after=2026-04-12 00:00:00+00:00
[2026-04-12T11:16:23.022+0000] {logging_mixin.py:190} INFO - [2026-04-12T11:16:23.022+0000] {dag.py:4180} INFO - Setting next_dagrun for read_dataset_event_from_classic to 2026-04-11 00:00:00+00:00, run_after=2026-04-12 00:00:00+00:00
[2026-04-12T11:16:23.037+0000] {processor.py:208} INFO - Processing /home/airflow/.local/lib/python3.12/site-packages/airflow/example_dags/example_inlet_event_extra.py took 0.622 seconds
[2026-04-12T11:16:53.483+0000] {processor.py:186} INFO - Started process (PID=2797) to work on /home/airflow/.local/lib/python3.12/site-packages/airflow/example_dags/example_inlet_event_extra.py
[2026-04-12T11:16:53.484+0000] {processor.py:914} INFO - Processing file /home/airflow/.local/lib/python3.12/site-packages/airflow/example_dags/example_inlet_event_extra.py for tasks to queue
[2026-04-12T11:16:53.486+0000] {logging_mixin.py:190} INFO - [2026-04-12T11:16:53.486+0000] {dagbag.py:588} INFO - Filling up the DagBag from /home/airflow/.local/lib/python3.12/site-packages/airflow/example_dags/example_inlet_event_extra.py
[2026-04-12T11:16:54.184+0000] {processor.py:925} INFO - DAG(s) 'read_dataset_event_from_classic', 'read_dataset_event' retrieved from /home/airflow/.local/lib/python3.12/site-packages/airflow/example_dags/example_inlet_event_extra.py
[2026-04-12T11:16:54.200+0000] {logging_mixin.py:190} INFO - [2026-04-12T11:16:54.200+0000] {dag.py:3239} INFO - Sync 2 DAGs
[2026-04-12T11:16:54.220+0000] {logging_mixin.py:190} INFO - [2026-04-12T11:16:54.219+0000] {dag.py:4180} INFO - Setting next_dagrun for read_dataset_event to 2026-04-11 00:00:00+00:00, run_after=2026-04-12 00:00:00+00:00
[2026-04-12T11:16:54.224+0000] {logging_mixin.py:190} INFO - [2026-04-12T11:16:54.224+0000] {dag.py:4180} INFO - Setting next_dagrun for read_dataset_event_from_classic to 2026-04-11 00:00:00+00:00, run_after=2026-04-12 00:00:00+00:00
[2026-04-12T11:16:54.238+0000] {processor.py:208} INFO - Processing /home/airflow/.local/lib/python3.12/site-packages/airflow/example_dags/example_inlet_event_extra.py took 0.761 seconds
[2026-04-12T11:17:24.556+0000] {processor.py:186} INFO - Started process (PID=3105) to work on /home/airflow/.local/lib/python3.12/site-packages/airflow/example_dags/example_inlet_event_extra.py
[2026-04-12T11:17:24.557+0000] {processor.py:914} INFO - Processing file /home/airflow/.local/lib/python3.12/site-packages/airflow/example_dags/example_inlet_event_extra.py for tasks to queue
[2026-04-12T11:17:24.559+0000] {logging_mixin.py:190} INFO - [2026-04-12T11:17:24.559+0000] {dagbag.py:588} INFO - Filling up the DagBag from /home/airflow/.local/lib/python3.12/site-packages/airflow/example_dags/example_inlet_event_extra.py
[2026-04-12T11:17:25.024+0000] {processor.py:925} INFO - DAG(s) 'read_dataset_event_from_classic', 'read_dataset_event' retrieved from /home/airflow/.local/lib/python3.12/site-packages/airflow/example_dags/example_inlet_event_extra.py
[2026-04-12T11:17:25.046+0000] {logging_mixin.py:190} INFO - [2026-04-12T11:17:25.045+0000] {dag.py:3239} INFO - Sync 2 DAGs
[2026-04-12T11:17:25.064+0000] {logging_mixin.py:190} INFO - [2026-04-12T11:17:25.063+0000] {dag.py:4180} INFO - Setting next_dagrun for read_dataset_event to 2026-04-11 00:00:00+00:00, run_after=2026-04-12 00:00:00+00:00
[2026-04-12T11:17:25.068+0000] {logging_mixin.py:190} INFO - [2026-04-12T11:17:25.068+0000] {dag.py:4180} INFO - Setting next_dagrun for read_dataset_event_from_classic to 2026-04-11 00:00:00+00:00, run_after=2026-04-12 00:00:00+00:00
[2026-04-12T11:17:25.086+0000] {processor.py:208} INFO - Processing /home/airflow/.local/lib/python3.12/site-packages/airflow/example_dags/example_inlet_event_extra.py took 0.535 seconds
[2026-04-12T11:17:55.552+0000] {processor.py:186} INFO - Started process (PID=3401) to work on /home/airflow/.local/lib/python3.12/site-packages/airflow/example_dags/example_inlet_event_extra.py
[2026-04-12T11:17:55.553+0000] {processor.py:914} INFO - Processing file /home/airflow/.local/lib/python3.12/site-packages/airflow/example_dags/example_inlet_event_extra.py for tasks to queue
[2026-04-12T11:17:55.555+0000] {logging_mixin.py:190} INFO - [2026-04-12T11:17:55.555+0000] {dagbag.py:588} INFO - Filling up the DagBag from /home/airflow/.local/lib/python3.12/site-packages/airflow/example_dags/example_inlet_event_extra.py
[2026-04-12T11:17:55.978+0000] {processor.py:925} INFO - DAG(s) 'read_dataset_event', 'read_dataset_event_from_classic' retrieved from /home/airflow/.local/lib/python3.12/site-packages/airflow/example_dags/example_inlet_event_extra.py
[2026-04-12T11:17:55.994+0000] {logging_mixin.py:190} INFO - [2026-04-12T11:17:55.994+0000] {dag.py:3239} INFO - Sync 2 DAGs
[2026-04-12T11:17:56.010+0000] {logging_mixin.py:190} INFO - [2026-04-12T11:17:56.010+0000] {dag.py:4180} INFO - Setting next_dagrun for read_dataset_event to 2026-04-11 00:00:00+00:00, run_after=2026-04-12 00:00:00+00:00
[2026-04-12T11:17:56.015+0000] {logging_mixin.py:190} INFO - [2026-04-12T11:17:56.015+0000] {dag.py:4180} INFO - Setting next_dagrun for read_dataset_event_from_classic to 2026-04-11 00:00:00+00:00, run_after=2026-04-12 00:00:00+00:00
[2026-04-12T11:17:56.030+0000] {processor.py:208} INFO - Processing /home/airflow/.local/lib/python3.12/site-packages/airflow/example_dags/example_inlet_event_extra.py took 0.484 seconds
[2026-04-12T11:18:26.540+0000] {processor.py:186} INFO - Started process (PID=3708) to work on /home/airflow/.local/lib/python3.12/site-packages/airflow/example_dags/example_inlet_event_extra.py
[2026-04-12T11:18:26.542+0000] {processor.py:914} INFO - Processing file /home/airflow/.local/lib/python3.12/site-packages/airflow/example_dags/example_inlet_event_extra.py for tasks to queue
[2026-04-12T11:18:26.544+0000] {logging_mixin.py:190} INFO - [2026-04-12T11:18:26.544+0000] {dagbag.py:588} INFO - Filling up the DagBag from /home/airflow/.local/lib/python3.12/site-packages/airflow/example_dags/example_inlet_event_extra.py
[2026-04-12T11:18:26.944+0000] {processor.py:925} INFO - DAG(s) 'read_dataset_event_from_classic', 'read_dataset_event' retrieved from /home/airflow/.local/lib/python3.12/site-packages/airflow/example_dags/example_inlet_event_extra.py
[2026-04-12T11:18:26.961+0000] {logging_mixin.py:190} INFO - [2026-04-12T11:18:26.961+0000] {dag.py:3239} INFO - Sync 2 DAGs
[2026-04-12T11:18:26.982+0000] {logging_mixin.py:190} INFO - [2026-04-12T11:18:26.982+0000] {dag.py:4180} INFO - Setting next_dagrun for read_dataset_event to 2026-04-11 00:00:00+00:00, run_after=2026-04-12 00:00:00+00:00
[2026-04-12T11:18:26.986+0000] {logging_mixin.py:190} INFO - [2026-04-12T11:18:26.986+0000] {dag.py:4180} INFO - Setting next_dagrun for read_dataset_event_from_classic to 2026-04-11 00:00:00+00:00, run_after=2026-04-12 00:00:00+00:00
[2026-04-12T11:18:26.999+0000] {processor.py:208} INFO - Processing /home/airflow/.local/lib/python3.12/site-packages/airflow/example_dags/example_inlet_event_extra.py took 0.465 seconds
[2026-04-12T11:18:57.277+0000] {processor.py:186} INFO - Started process (PID=4010) to work on /home/airflow/.local/lib/python3.12/site-packages/airflow/example_dags/example_inlet_event_extra.py
[2026-04-12T11:18:57.278+0000] {processor.py:914} INFO - Processing file /home/airflow/.local/lib/python3.12/site-packages/airflow/example_dags/example_inlet_event_extra.py for tasks to queue
[2026-04-12T11:18:57.280+0000] {logging_mixin.py:190} INFO - [2026-04-12T11:18:57.280+0000] {dagbag.py:588} INFO - Filling up the DagBag from /home/airflow/.local/lib/python3.12/site-packages/airflow/example_dags/example_inlet_event_extra.py
[2026-04-12T11:18:57.634+0000] {processor.py:925} INFO - DAG(s) 'read_dataset_event', 'read_dataset_event_from_classic' retrieved from /home/airflow/.local/lib/python3.12/site-packages/airflow/example_dags/example_inlet_event_extra.py
[2026-04-12T11:18:57.649+0000] {logging_mixin.py:190} INFO - [2026-04-12T11:18:57.649+0000] {dag.py:3239} INFO - Sync 2 DAGs
[2026-04-12T11:18:57.664+0000] {logging_mixin.py:190} INFO - [2026-04-12T11:18:57.664+0000] {dag.py:4180} INFO - Setting next_dagrun for read_dataset_event to 2026-04-11 00:00:00+00:00, run_after=2026-04-12 00:00:00+00:00
[2026-04-12T11:18:57.669+0000] {logging_mixin.py:190} INFO - [2026-04-12T11:18:57.669+0000] {dag.py:4180} INFO - Setting next_dagrun for read_dataset_event_from_classic to 2026-04-11 00:00:00+00:00, run_after=2026-04-12 00:00:00+00:00
[2026-04-12T11:18:57.683+0000] {processor.py:208} INFO - Processing /home/airflow/.local/lib/python3.12/site-packages/airflow/example_dags/example_inlet_event_extra.py took 0.412 seconds
[2026-04-12T11:19:28.109+0000] {processor.py:186} INFO - Started process (PID=4315) to work on /home/airflow/.local/lib/python3.12/site-packages/airflow/example_dags/example_inlet_event_extra.py
[2026-04-12T11:19:28.112+0000] {processor.py:914} INFO - Processing file /home/airflow/.local/lib/python3.12/site-packages/airflow/example_dags/example_inlet_event_extra.py for tasks to queue
[2026-04-12T11:19:28.115+0000] {logging_mixin.py:190} INFO - [2026-04-12T11:19:28.114+0000] {dagbag.py:588} INFO - Filling up the DagBag from /home/airflow/.local/lib/python3.12/site-packages/airflow/example_dags/example_inlet_event_extra.py
[2026-04-12T11:19:28.553+0000] {processor.py:925} INFO - DAG(s) 'read_dataset_event', 'read_dataset_event_from_classic' retrieved from /home/airflow/.local/lib/python3.12/site-packages/airflow/example_dags/example_inlet_event_extra.py
[2026-04-12T11:19:28.580+0000] {logging_mixin.py:190} INFO - [2026-04-12T11:19:28.580+0000] {dag.py:3239} INFO - Sync 2 DAGs
[2026-04-12T11:19:28.596+0000] {logging_mixin.py:190} INFO - [2026-04-12T11:19:28.596+0000] {dag.py:4180} INFO - Setting next_dagrun for read_dataset_event to 2026-04-11 00:00:00+00:00, run_after=2026-04-12 00:00:00+00:00
[2026-04-12T11:19:28.600+0000] {logging_mixin.py:190} INFO - [2026-04-12T11:19:28.600+0000] {dag.py:4180} INFO - Setting next_dagrun for read_dataset_event_from_classic to 2026-04-11 00:00:00+00:00, run_after=2026-04-12 00:00:00+00:00
[2026-04-12T11:19:28.618+0000] {processor.py:208} INFO - Processing /home/airflow/.local/lib/python3.12/site-packages/airflow/example_dags/example_inlet_event_extra.py took 0.515 seconds
[2026-04-12T11:19:59.036+0000] {processor.py:186} INFO - Started process (PID=4611) to work on /home/airflow/.local/lib/python3.12/site-packages/airflow/example_dags/example_inlet_event_extra.py
[2026-04-12T11:19:59.038+0000] {processor.py:914} INFO - Processing file /home/airflow/.local/lib/python3.12/site-packages/airflow/example_dags/example_inlet_event_extra.py for tasks to queue
[2026-04-12T11:19:59.040+0000] {logging_mixin.py:190} INFO - [2026-04-12T11:19:59.040+0000] {dagbag.py:588} INFO - Filling up the DagBag from /home/airflow/.local/lib/python3.12/site-packages/airflow/example_dags/example_inlet_event_extra.py
[2026-04-12T11:19:59.436+0000] {processor.py:925} INFO - DAG(s) 'read_dataset_event_from_classic', 'read_dataset_event' retrieved from /home/airflow/.local/lib/python3.12/site-packages/airflow/example_dags/example_inlet_event_extra.py
[2026-04-12T11:19:59.454+0000] {logging_mixin.py:190} INFO - [2026-04-12T11:19:59.454+0000] {dag.py:3239} INFO - Sync 2 DAGs
[2026-04-12T11:19:59.471+0000] {logging_mixin.py:190} INFO - [2026-04-12T11:19:59.471+0000] {dag.py:4180} INFO - Setting next_dagrun for read_dataset_event to 2026-04-11 00:00:00+00:00, run_after=2026-04-12 00:00:00+00:00
[2026-04-12T11:19:59.474+0000] {logging_mixin.py:190} INFO - [2026-04-12T11:19:59.474+0000] {dag.py:4180} INFO - Setting next_dagrun for read_dataset_event_from_classic to 2026-04-11 00:00:00+00:00, run_after=2026-04-12 00:00:00+00:00
[2026-04-12T11:19:59.490+0000] {processor.py:208} INFO - Processing /home/airflow/.local/lib/python3.12/site-packages/airflow/example_dags/example_inlet_event_extra.py took 0.460 seconds
[2026-04-12T11:20:29.797+0000] {processor.py:186} INFO - Started process (PID=4907) to work on /home/airflow/.local/lib/python3.12/site-packages/airflow/example_dags/example_inlet_event_extra.py
[2026-04-12T11:20:29.798+0000] {processor.py:914} INFO - Processing file /home/airflow/.local/lib/python3.12/site-packages/airflow/example_dags/example_inlet_event_extra.py for tasks to queue
[2026-04-12T11:20:29.800+0000] {logging_mixin.py:190} INFO - [2026-04-12T11:20:29.799+0000] {dagbag.py:588} INFO - Filling up the DagBag from /home/airflow/.local/lib/python3.12/site-packages/airflow/example_dags/example_inlet_event_extra.py
[2026-04-12T11:20:30.157+0000] {processor.py:925} INFO - DAG(s) 'read_dataset_event', 'read_dataset_event_from_classic' retrieved from /home/airflow/.local/lib/python3.12/site-packages/airflow/example_dags/example_inlet_event_extra.py
[2026-04-12T11:20:30.173+0000] {logging_mixin.py:190} INFO - [2026-04-12T11:20:30.173+0000] {dag.py:3239} INFO - Sync 2 DAGs
[2026-04-12T11:20:30.189+0000] {logging_mixin.py:190} INFO - [2026-04-12T11:20:30.189+0000] {dag.py:4180} INFO - Setting next_dagrun for read_dataset_event to 2026-04-11 00:00:00+00:00, run_after=2026-04-12 00:00:00+00:00
[2026-04-12T11:20:30.192+0000] {logging_mixin.py:190} INFO - [2026-04-12T11:20:30.192+0000] {dag.py:4180} INFO - Setting next_dagrun for read_dataset_event_from_classic to 2026-04-11 00:00:00+00:00, run_after=2026-04-12 00:00:00+00:00
[2026-04-12T11:20:30.210+0000] {processor.py:208} INFO - Processing /home/airflow/.local/lib/python3.12/site-packages/airflow/example_dags/example_inlet_event_extra.py took 0.418 seconds
[2026-04-12T11:21:00.333+0000] {processor.py:186} INFO - Started process (PID=5201) to work on /home/airflow/.local/lib/python3.12/site-packages/airflow/example_dags/example_inlet_event_extra.py
[2026-04-12T11:21:00.339+0000] {processor.py:914} INFO - Processing file /home/airflow/.local/lib/python3.12/site-packages/airflow/example_dags/example_inlet_event_extra.py for tasks to queue
[2026-04-12T11:21:00.341+0000] {logging_mixin.py:190} INFO - [2026-04-12T11:21:00.341+0000] {dagbag.py:588} INFO - Filling up the DagBag from /home/airflow/.local/lib/python3.12/site-packages/airflow/example_dags/example_inlet_event_extra.py
[2026-04-12T11:21:00.763+0000] {processor.py:925} INFO - DAG(s) 'read_dataset_event_from_classic', 'read_dataset_event' retrieved from /home/airflow/.local/lib/python3.12/site-packages/airflow/example_dags/example_inlet_event_extra.py
[2026-04-12T11:21:00.781+0000] {logging_mixin.py:190} INFO - [2026-04-12T11:21:00.781+0000] {dag.py:3239} INFO - Sync 2 DAGs
[2026-04-12T11:21:00.798+0000] {logging_mixin.py:190} INFO - [2026-04-12T11:21:00.798+0000] {dag.py:4180} INFO - Setting next_dagrun for read_dataset_event to 2026-04-11 00:00:00+00:00, run_after=2026-04-12 00:00:00+00:00
[2026-04-12T11:21:00.801+0000] {logging_mixin.py:190} INFO - [2026-04-12T11:21:00.801+0000] {dag.py:4180} INFO - Setting next_dagrun for read_dataset_event_from_classic to 2026-04-11 00:00:00+00:00, run_after=2026-04-12 00:00:00+00:00
[2026-04-12T11:21:00.818+0000] {processor.py:208} INFO - Processing /home/airflow/.local/lib/python3.12/site-packages/airflow/example_dags/example_inlet_event_extra.py took 0.489 seconds
[2026-04-12T11:21:31.079+0000] {processor.py:186} INFO - Started process (PID=5497) to work on /home/airflow/.local/lib/python3.12/site-packages/airflow/example_dags/example_inlet_event_extra.py
[2026-04-12T11:21:31.080+0000] {processor.py:914} INFO - Processing file /home/airflow/.local/lib/python3.12/site-packages/airflow/example_dags/example_inlet_event_extra.py for tasks to queue
[2026-04-12T11:21:31.086+0000] {logging_mixin.py:190} INFO - [2026-04-12T11:21:31.086+0000] {dagbag.py:588} INFO - Filling up the DagBag from /home/airflow/.local/lib/python3.12/site-packages/airflow/example_dags/example_inlet_event_extra.py
[2026-04-12T11:21:31.475+0000] {processor.py:925} INFO - DAG(s) 'read_dataset_event', 'read_dataset_event_from_classic' retrieved from /home/airflow/.local/lib/python3.12/site-packages/airflow/example_dags/example_inlet_event_extra.py
[2026-04-12T11:21:31.495+0000] {logging_mixin.py:190} INFO - [2026-04-12T11:21:31.495+0000] {dag.py:3239} INFO - Sync 2 DAGs
[2026-04-12T11:21:31.516+0000] {logging_mixin.py:190} INFO - [2026-04-12T11:21:31.516+0000] {dag.py:4180} INFO - Setting next_dagrun for read_dataset_event to 2026-04-11 00:00:00+00:00, run_after=2026-04-12 00:00:00+00:00
[2026-04-12T11:21:31.520+0000] {logging_mixin.py:190} INFO - [2026-04-12T11:21:31.520+0000] {dag.py:4180} INFO - Setting next_dagrun for read_dataset_event_from_classic to 2026-04-11 00:00:00+00:00, run_after=2026-04-12 00:00:00+00:00
[2026-04-12T11:21:31.537+0000] {processor.py:208} INFO - Processing /home/airflow/.local/lib/python3.12/site-packages/airflow/example_dags/example_inlet_event_extra.py took 0.461 seconds
[2026-04-12T11:22:02.308+0000] {processor.py:186} INFO - Started process (PID=5799) to work on /home/airflow/.local/lib/python3.12/site-packages/airflow/example_dags/example_inlet_event_extra.py
[2026-04-12T11:22:02.309+0000] {processor.py:914} INFO - Processing file /home/airflow/.local/lib/python3.12/site-packages/airflow/example_dags/example_inlet_event_extra.py for tasks to queue
[2026-04-12T11:22:02.311+0000] {logging_mixin.py:190} INFO - [2026-04-12T11:22:02.310+0000] {dagbag.py:588} INFO - Filling up the DagBag from /home/airflow/.local/lib/python3.12/site-packages/airflow/example_dags/example_inlet_event_extra.py
[2026-04-12T11:22:02.654+0000] {processor.py:925} INFO - DAG(s) 'read_dataset_event', 'read_dataset_event_from_classic' retrieved from /home/airflow/.local/lib/python3.12/site-packages/airflow/example_dags/example_inlet_event_extra.py
[2026-04-12T11:22:02.669+0000] {logging_mixin.py:190} INFO - [2026-04-12T11:22:02.669+0000] {dag.py:3239} INFO - Sync 2 DAGs
[2026-04-12T11:22:02.686+0000] {logging_mixin.py:190} INFO - [2026-04-12T11:22:02.686+0000] {dag.py:4180} INFO - Setting next_dagrun for read_dataset_event to 2026-04-11 00:00:00+00:00, run_after=2026-04-12 00:00:00+00:00
[2026-04-12T11:22:02.690+0000] {logging_mixin.py:190} INFO - [2026-04-12T11:22:02.690+0000] {dag.py:4180} INFO - Setting next_dagrun for read_dataset_event_from_classic to 2026-04-11 00:00:00+00:00, run_after=2026-04-12 00:00:00+00:00
[2026-04-12T11:22:02.701+0000] {processor.py:208} INFO - Processing /home/airflow/.local/lib/python3.12/site-packages/airflow/example_dags/example_inlet_event_extra.py took 0.397 seconds
[2026-04-12T11:22:33.509+0000] {processor.py:186} INFO - Started process (PID=6094) to work on /home/airflow/.local/lib/python3.12/site-packages/airflow/example_dags/example_inlet_event_extra.py
[2026-04-12T11:22:33.513+0000] {processor.py:914} INFO - Processing file /home/airflow/.local/lib/python3.12/site-packages/airflow/example_dags/example_inlet_event_extra.py for tasks to queue
[2026-04-12T11:22:33.517+0000] {logging_mixin.py:190} INFO - [2026-04-12T11:22:33.516+0000] {dagbag.py:588} INFO - Filling up the DagBag from /home/airflow/.local/lib/python3.12/site-packages/airflow/example_dags/example_inlet_event_extra.py
[2026-04-12T11:22:33.901+0000] {processor.py:925} INFO - DAG(s) 'read_dataset_event_from_classic', 'read_dataset_event' retrieved from /home/airflow/.local/lib/python3.12/site-packages/airflow/example_dags/example_inlet_event_extra.py
[2026-04-12T11:22:33.919+0000] {logging_mixin.py:190} INFO - [2026-04-12T11:22:33.919+0000] {dag.py:3239} INFO - Sync 2 DAGs
[2026-04-12T11:22:33.934+0000] {logging_mixin.py:190} INFO - [2026-04-12T11:22:33.934+0000] {dag.py:4180} INFO - Setting next_dagrun for read_dataset_event to 2026-04-11 00:00:00+00:00, run_after=2026-04-12 00:00:00+00:00
[2026-04-12T11:22:33.939+0000] {logging_mixin.py:190} INFO - [2026-04-12T11:22:33.939+0000] {dag.py:4180} INFO - Setting next_dagrun for read_dataset_event_from_classic to 2026-04-11 00:00:00+00:00, run_after=2026-04-12 00:00:00+00:00
[2026-04-12T11:22:33.951+0000] {processor.py:208} INFO - Processing /home/airflow/.local/lib/python3.12/site-packages/airflow/example_dags/example_inlet_event_extra.py took 0.446 seconds
[2026-04-12T11:23:04.805+0000] {processor.py:186} INFO - Started process (PID=6385) to work on /home/airflow/.local/lib/python3.12/site-packages/airflow/example_dags/example_inlet_event_extra.py
[2026-04-12T11:23:04.806+0000] {processor.py:914} INFO - Processing file /home/airflow/.local/lib/python3.12/site-packages/airflow/example_dags/example_inlet_event_extra.py for tasks to queue
[2026-04-12T11:23:04.808+0000] {logging_mixin.py:190} INFO - [2026-04-12T11:23:04.808+0000] {dagbag.py:588} INFO - Filling up the DagBag from /home/airflow/.local/lib/python3.12/site-packages/airflow/example_dags/example_inlet_event_extra.py
[2026-04-12T11:23:05.330+0000] {processor.py:925} INFO - DAG(s) 'read_dataset_event', 'read_dataset_event_from_classic' retrieved from /home/airflow/.local/lib/python3.12/site-packages/airflow/example_dags/example_inlet_event_extra.py
[2026-04-12T11:23:05.347+0000] {logging_mixin.py:190} INFO - [2026-04-12T11:23:05.347+0000] {dag.py:3239} INFO - Sync 2 DAGs
[2026-04-12T11:23:05.366+0000] {logging_mixin.py:190} INFO - [2026-04-12T11:23:05.366+0000] {dag.py:4180} INFO - Setting next_dagrun for read_dataset_event to 2026-04-11 00:00:00+00:00, run_after=2026-04-12 00:00:00+00:00
[2026-04-12T11:23:05.370+0000] {logging_mixin.py:190} INFO - [2026-04-12T11:23:05.370+0000] {dag.py:4180} INFO - Setting next_dagrun for read_dataset_event_from_classic to 2026-04-11 00:00:00+00:00, run_after=2026-04-12 00:00:00+00:00
[2026-04-12T11:23:05.392+0000] {processor.py:208} INFO - Processing /home/airflow/.local/lib/python3.12/site-packages/airflow/example_dags/example_inlet_event_extra.py took 0.593 seconds
[2026-04-12T11:23:36.200+0000] {processor.py:186} INFO - Started process (PID=6686) to work on /home/airflow/.local/lib/python3.12/site-packages/airflow/example_dags/example_inlet_event_extra.py
[2026-04-12T11:23:36.201+0000] {processor.py:914} INFO - Processing file /home/airflow/.local/lib/python3.12/site-packages/airflow/example_dags/example_inlet_event_extra.py for tasks to queue
[2026-04-12T11:23:36.204+0000] {logging_mixin.py:190} INFO - [2026-04-12T11:23:36.204+0000] {dagbag.py:588} INFO - Filling up the DagBag from /home/airflow/.local/lib/python3.12/site-packages/airflow/example_dags/example_inlet_event_extra.py
[2026-04-12T11:23:36.672+0000] {processor.py:925} INFO - DAG(s) 'read_dataset_event', 'read_dataset_event_from_classic' retrieved from /home/airflow/.local/lib/python3.12/site-packages/airflow/example_dags/example_inlet_event_extra.py
[2026-04-12T11:23:36.688+0000] {logging_mixin.py:190} INFO - [2026-04-12T11:23:36.688+0000] {dag.py:3239} INFO - Sync 2 DAGs
[2026-04-12T11:23:36.711+0000] {logging_mixin.py:190} INFO - [2026-04-12T11:23:36.711+0000] {dag.py:4180} INFO - Setting next_dagrun for read_dataset_event to 2026-04-11 00:00:00+00:00, run_after=2026-04-12 00:00:00+00:00
[2026-04-12T11:23:36.716+0000] {logging_mixin.py:190} INFO - [2026-04-12T11:23:36.716+0000] {dag.py:4180} INFO - Setting next_dagrun for read_dataset_event_from_classic to 2026-04-11 00:00:00+00:00, run_after=2026-04-12 00:00:00+00:00
[2026-04-12T11:23:36.733+0000] {processor.py:208} INFO - Processing /home/airflow/.local/lib/python3.12/site-packages/airflow/example_dags/example_inlet_event_extra.py took 0.539 seconds
[2026-04-12T11:24:07.352+0000] {processor.py:186} INFO - Started process (PID=6982) to work on /home/airflow/.local/lib/python3.12/site-packages/airflow/example_dags/example_inlet_event_extra.py
[2026-04-12T11:24:07.353+0000] {processor.py:914} INFO - Processing file /home/airflow/.local/lib/python3.12/site-packages/airflow/example_dags/example_inlet_event_extra.py for tasks to queue
[2026-04-12T11:24:07.355+0000] {logging_mixin.py:190} INFO - [2026-04-12T11:24:07.355+0000] {dagbag.py:588} INFO - Filling up the DagBag from /home/airflow/.local/lib/python3.12/site-packages/airflow/example_dags/example_inlet_event_extra.py
[2026-04-12T11:24:07.699+0000] {processor.py:925} INFO - DAG(s) 'read_dataset_event_from_classic', 'read_dataset_event' retrieved from /home/airflow/.local/lib/python3.12/site-packages/airflow/example_dags/example_inlet_event_extra.py
[2026-04-12T11:24:07.714+0000] {logging_mixin.py:190} INFO - [2026-04-12T11:24:07.713+0000] {dag.py:3239} INFO - Sync 2 DAGs
[2026-04-12T11:24:07.729+0000] {logging_mixin.py:190} INFO - [2026-04-12T11:24:07.729+0000] {dag.py:4180} INFO - Setting next_dagrun for read_dataset_event to 2026-04-11 00:00:00+00:00, run_after=2026-04-12 00:00:00+00:00
[2026-04-12T11:24:07.732+0000] {logging_mixin.py:190} INFO - [2026-04-12T11:24:07.732+0000] {dag.py:4180} INFO - Setting next_dagrun for read_dataset_event_from_classic to 2026-04-11 00:00:00+00:00, run_after=2026-04-12 00:00:00+00:00
[2026-04-12T11:24:07.745+0000] {processor.py:208} INFO - Processing /home/airflow/.local/lib/python3.12/site-packages/airflow/example_dags/example_inlet_event_extra.py took 0.397 seconds
[2026-04-12T11:24:38.876+0000] {processor.py:186} INFO - Started process (PID=7278) to work on /home/airflow/.local/lib/python3.12/site-packages/airflow/example_dags/example_inlet_event_extra.py
[2026-04-12T11:24:38.884+0000] {processor.py:914} INFO - Processing file /home/airflow/.local/lib/python3.12/site-packages/airflow/example_dags/example_inlet_event_extra.py for tasks to queue
[2026-04-12T11:24:38.886+0000] {logging_mixin.py:190} INFO - [2026-04-12T11:24:38.886+0000] {dagbag.py:588} INFO - Filling up the DagBag from /home/airflow/.local/lib/python3.12/site-packages/airflow/example_dags/example_inlet_event_extra.py
[2026-04-12T11:24:39.243+0000] {processor.py:925} INFO - DAG(s) 'read_dataset_event', 'read_dataset_event_from_classic' retrieved from /home/airflow/.local/lib/python3.12/site-packages/airflow/example_dags/example_inlet_event_extra.py
[2026-04-12T11:24:39.260+0000] {logging_mixin.py:190} INFO - [2026-04-12T11:24:39.260+0000] {dag.py:3239} INFO - Sync 2 DAGs
[2026-04-12T11:24:39.274+0000] {logging_mixin.py:190} INFO - [2026-04-12T11:24:39.274+0000] {dag.py:4180} INFO - Setting next_dagrun for read_dataset_event to 2026-04-11 00:00:00+00:00, run_after=2026-04-12 00:00:00+00:00
[2026-04-12T11:24:39.277+0000] {logging_mixin.py:190} INFO - [2026-04-12T11:24:39.277+0000] {dag.py:4180} INFO - Setting next_dagrun for read_dataset_event_from_classic to 2026-04-11 00:00:00+00:00, run_after=2026-04-12 00:00:00+00:00
[2026-04-12T11:24:39.289+0000] {processor.py:208} INFO - Processing /home/airflow/.local/lib/python3.12/site-packages/airflow/example_dags/example_inlet_event_extra.py took 0.418 seconds
[2026-04-12T11:25:09.756+0000] {processor.py:186} INFO - Started process (PID=7574) to work on /home/airflow/.local/lib/python3.12/site-packages/airflow/example_dags/example_inlet_event_extra.py
[2026-04-12T11:25:09.757+0000] {processor.py:914} INFO - Processing file /home/airflow/.local/lib/python3.12/site-packages/airflow/example_dags/example_inlet_event_extra.py for tasks to queue
[2026-04-12T11:25:09.759+0000] {logging_mixin.py:190} INFO - [2026-04-12T11:25:09.758+0000] {dagbag.py:588} INFO - Filling up the DagBag from /home/airflow/.local/lib/python3.12/site-packages/airflow/example_dags/example_inlet_event_extra.py
[2026-04-12T11:25:10.102+0000] {processor.py:925} INFO - DAG(s) 'read_dataset_event', 'read_dataset_event_from_classic' retrieved from /home/airflow/.local/lib/python3.12/site-packages/airflow/example_dags/example_inlet_event_extra.py
[2026-04-12T11:25:10.115+0000] {logging_mixin.py:190} INFO - [2026-04-12T11:25:10.115+0000] {dag.py:3239} INFO - Sync 2 DAGs
[2026-04-12T11:25:10.131+0000] {logging_mixin.py:190} INFO - [2026-04-12T11:25:10.131+0000] {dag.py:4180} INFO - Setting next_dagrun for read_dataset_event to 2026-04-11 00:00:00+00:00, run_after=2026-04-12 00:00:00+00:00
[2026-04-12T11:25:10.135+0000] {logging_mixin.py:190} INFO - [2026-04-12T11:25:10.135+0000] {dag.py:4180} INFO - Setting next_dagrun for read_dataset_event_from_classic to 2026-04-11 00:00:00+00:00, run_after=2026-04-12 00:00:00+00:00
[2026-04-12T11:25:10.148+0000] {processor.py:208} INFO - Processing /home/airflow/.local/lib/python3.12/site-packages/airflow/example_dags/example_inlet_event_extra.py took 0.396 seconds
[2026-04-12T11:25:40.860+0000] {processor.py:186} INFO - Started process (PID=7870) to work on /home/airflow/.local/lib/python3.12/site-packages/airflow/example_dags/example_inlet_event_extra.py
[2026-04-12T11:25:40.864+0000] {processor.py:914} INFO - Processing file /home/airflow/.local/lib/python3.12/site-packages/airflow/example_dags/example_inlet_event_extra.py for tasks to queue
[2026-04-12T11:25:40.865+0000] {logging_mixin.py:190} INFO - [2026-04-12T11:25:40.865+0000] {dagbag.py:588} INFO - Filling up the DagBag from /home/airflow/.local/lib/python3.12/site-packages/airflow/example_dags/example_inlet_event_extra.py
[2026-04-12T11:25:41.238+0000] {processor.py:925} INFO - DAG(s) 'read_dataset_event_from_classic', 'read_dataset_event' retrieved from /home/airflow/.local/lib/python3.12/site-packages/airflow/example_dags/example_inlet_event_extra.py
[2026-04-12T11:25:41.253+0000] {logging_mixin.py:190} INFO - [2026-04-12T11:25:41.253+0000] {dag.py:3239} INFO - Sync 2 DAGs
[2026-04-12T11:25:41.268+0000] {logging_mixin.py:190} INFO - [2026-04-12T11:25:41.268+0000] {dag.py:4180} INFO - Setting next_dagrun for read_dataset_event to 2026-04-11 00:00:00+00:00, run_after=2026-04-12 00:00:00+00:00
[2026-04-12T11:25:41.271+0000] {logging_mixin.py:190} INFO - [2026-04-12T11:25:41.271+0000] {dag.py:4180} INFO - Setting next_dagrun for read_dataset_event_from_classic to 2026-04-11 00:00:00+00:00, run_after=2026-04-12 00:00:00+00:00
[2026-04-12T11:25:41.284+0000] {processor.py:208} INFO - Processing /home/airflow/.local/lib/python3.12/site-packages/airflow/example_dags/example_inlet_event_extra.py took 0.428 seconds
[2026-04-12T11:27:11.464+0000] {processor.py:186} INFO - Started process (PID=8330) to work on /home/airflow/.local/lib/python3.12/site-packages/airflow/example_dags/example_inlet_event_extra.py
[2026-04-12T11:27:11.472+0000] {processor.py:914} INFO - Processing file /home/airflow/.local/lib/python3.12/site-packages/airflow/example_dags/example_inlet_event_extra.py for tasks to queue
[2026-04-12T11:27:11.473+0000] {logging_mixin.py:190} INFO - [2026-04-12T11:27:11.473+0000] {dagbag.py:588} INFO - Filling up the DagBag from /home/airflow/.local/lib/python3.12/site-packages/airflow/example_dags/example_inlet_event_extra.py
[2026-04-12T11:27:11.837+0000] {processor.py:925} INFO - DAG(s) 'read_dataset_event', 'read_dataset_event_from_classic' retrieved from /home/airflow/.local/lib/python3.12/site-packages/airflow/example_dags/example_inlet_event_extra.py
[2026-04-12T11:27:11.855+0000] {logging_mixin.py:190} INFO - [2026-04-12T11:27:11.854+0000] {dag.py:3239} INFO - Sync 2 DAGs
[2026-04-12T11:27:11.869+0000] {logging_mixin.py:190} INFO - [2026-04-12T11:27:11.868+0000] {dag.py:4180} INFO - Setting next_dagrun for read_dataset_event to 2026-04-11 00:00:00+00:00, run_after=2026-04-12 00:00:00+00:00
[2026-04-12T11:27:11.872+0000] {logging_mixin.py:190} INFO - [2026-04-12T11:27:11.872+0000] {dag.py:4180} INFO - Setting next_dagrun for read_dataset_event_from_classic to 2026-04-11 00:00:00+00:00, run_after=2026-04-12 00:00:00+00:00
[2026-04-12T11:27:11.881+0000] {processor.py:208} INFO - Processing /home/airflow/.local/lib/python3.12/site-packages/airflow/example_dags/example_inlet_event_extra.py took 0.420 seconds
[2026-04-12T11:29:47.646+0000] {processor.py:186} INFO - Started process (PID=8626) to work on /home/airflow/.local/lib/python3.12/site-packages/airflow/example_dags/example_inlet_event_extra.py
[2026-04-12T11:29:47.647+0000] {processor.py:914} INFO - Processing file /home/airflow/.local/lib/python3.12/site-packages/airflow/example_dags/example_inlet_event_extra.py for tasks to queue
[2026-04-12T11:29:47.649+0000] {logging_mixin.py:190} INFO - [2026-04-12T11:29:47.649+0000] {dagbag.py:588} INFO - Filling up the DagBag from /home/airflow/.local/lib/python3.12/site-packages/airflow/example_dags/example_inlet_event_extra.py
[2026-04-12T11:29:48.065+0000] {processor.py:925} INFO - DAG(s) 'read_dataset_event_from_classic', 'read_dataset_event' retrieved from /home/airflow/.local/lib/python3.12/site-packages/airflow/example_dags/example_inlet_event_extra.py
[2026-04-12T11:29:48.080+0000] {logging_mixin.py:190} INFO - [2026-04-12T11:29:48.080+0000] {dag.py:3239} INFO - Sync 2 DAGs
[2026-04-12T11:29:48.100+0000] {logging_mixin.py:190} INFO - [2026-04-12T11:29:48.100+0000] {dag.py:4180} INFO - Setting next_dagrun for read_dataset_event to 2026-04-11 00:00:00+00:00, run_after=2026-04-12 00:00:00+00:00
[2026-04-12T11:29:48.106+0000] {logging_mixin.py:190} INFO - [2026-04-12T11:29:48.106+0000] {dag.py:4180} INFO - Setting next_dagrun for read_dataset_event_from_classic to 2026-04-11 00:00:00+00:00, run_after=2026-04-12 00:00:00+00:00
[2026-04-12T11:29:48.121+0000] {processor.py:208} INFO - Processing /home/airflow/.local/lib/python3.12/site-packages/airflow/example_dags/example_inlet_event_extra.py took 0.479 seconds
[2026-04-12T11:30:19.035+0000] {processor.py:186} INFO - Started process (PID=8922) to work on /home/airflow/.local/lib/python3.12/site-packages/airflow/example_dags/example_inlet_event_extra.py
[2026-04-12T11:30:19.040+0000] {processor.py:914} INFO - Processing file /home/airflow/.local/lib/python3.12/site-packages/airflow/example_dags/example_inlet_event_extra.py for tasks to queue
[2026-04-12T11:30:19.041+0000] {logging_mixin.py:190} INFO - [2026-04-12T11:30:19.041+0000] {dagbag.py:588} INFO - Filling up the DagBag from /home/airflow/.local/lib/python3.12/site-packages/airflow/example_dags/example_inlet_event_extra.py
[2026-04-12T11:30:19.399+0000] {processor.py:925} INFO - DAG(s) 'read_dataset_event', 'read_dataset_event_from_classic' retrieved from /home/airflow/.local/lib/python3.12/site-packages/airflow/example_dags/example_inlet_event_extra.py
[2026-04-12T11:30:19.414+0000] {logging_mixin.py:190} INFO - [2026-04-12T11:30:19.414+0000] {dag.py:3239} INFO - Sync 2 DAGs
[2026-04-12T11:30:19.434+0000] {logging_mixin.py:190} INFO - [2026-04-12T11:30:19.434+0000] {dag.py:4180} INFO - Setting next_dagrun for read_dataset_event to 2026-04-11 00:00:00+00:00, run_after=2026-04-12 00:00:00+00:00
[2026-04-12T11:30:19.438+0000] {logging_mixin.py:190} INFO - [2026-04-12T11:30:19.438+0000] {dag.py:4180} INFO - Setting next_dagrun for read_dataset_event_from_classic to 2026-04-11 00:00:00+00:00, run_after=2026-04-12 00:00:00+00:00
[2026-04-12T11:30:19.450+0000] {processor.py:208} INFO - Processing /home/airflow/.local/lib/python3.12/site-packages/airflow/example_dags/example_inlet_event_extra.py took 0.419 seconds
[2026-04-12T11:30:50.506+0000] {processor.py:186} INFO - Started process (PID=9218) to work on /home/airflow/.local/lib/python3.12/site-packages/airflow/example_dags/example_inlet_event_extra.py
[2026-04-12T11:30:50.509+0000] {processor.py:914} INFO - Processing file /home/airflow/.local/lib/python3.12/site-packages/airflow/example_dags/example_inlet_event_extra.py for tasks to queue
[2026-04-12T11:30:50.511+0000] {logging_mixin.py:190} INFO - [2026-04-12T11:30:50.511+0000] {dagbag.py:588} INFO - Filling up the DagBag from /home/airflow/.local/lib/python3.12/site-packages/airflow/example_dags/example_inlet_event_extra.py
[2026-04-12T11:30:50.877+0000] {processor.py:925} INFO - DAG(s) 'read_dataset_event', 'read_dataset_event_from_classic' retrieved from /home/airflow/.local/lib/python3.12/site-packages/airflow/example_dags/example_inlet_event_extra.py
[2026-04-12T11:30:50.893+0000] {logging_mixin.py:190} INFO - [2026-04-12T11:30:50.893+0000] {dag.py:3239} INFO - Sync 2 DAGs
[2026-04-12T11:30:50.918+0000] {logging_mixin.py:190} INFO - [2026-04-12T11:30:50.918+0000] {dag.py:4180} INFO - Setting next_dagrun for read_dataset_event to 2026-04-11 00:00:00+00:00, run_after=2026-04-12 00:00:00+00:00
[2026-04-12T11:30:50.922+0000] {logging_mixin.py:190} INFO - [2026-04-12T11:30:50.922+0000] {dag.py:4180} INFO - Setting next_dagrun for read_dataset_event_from_classic to 2026-04-11 00:00:00+00:00, run_after=2026-04-12 00:00:00+00:00
[2026-04-12T11:30:50.936+0000] {processor.py:208} INFO - Processing /home/airflow/.local/lib/python3.12/site-packages/airflow/example_dags/example_inlet_event_extra.py took 0.434 seconds
[2026-04-12T11:31:21.507+0000] {processor.py:186} INFO - Started process (PID=9513) to work on /home/airflow/.local/lib/python3.12/site-packages/airflow/example_dags/example_inlet_event_extra.py
[2026-04-12T11:31:21.508+0000] {processor.py:914} INFO - Processing file /home/airflow/.local/lib/python3.12/site-packages/airflow/example_dags/example_inlet_event_extra.py for tasks to queue
[2026-04-12T11:31:21.509+0000] {logging_mixin.py:190} INFO - [2026-04-12T11:31:21.509+0000] {dagbag.py:588} INFO - Filling up the DagBag from /home/airflow/.local/lib/python3.12/site-packages/airflow/example_dags/example_inlet_event_extra.py
[2026-04-12T11:31:21.984+0000] {processor.py:925} INFO - DAG(s) 'read_dataset_event_from_classic', 'read_dataset_event' retrieved from /home/airflow/.local/lib/python3.12/site-packages/airflow/example_dags/example_inlet_event_extra.py
[2026-04-12T11:31:22.003+0000] {logging_mixin.py:190} INFO - [2026-04-12T11:31:22.003+0000] {dag.py:3239} INFO - Sync 2 DAGs
[2026-04-12T11:31:22.022+0000] {logging_mixin.py:190} INFO - [2026-04-12T11:31:22.022+0000] {dag.py:4180} INFO - Setting next_dagrun for read_dataset_event to 2026-04-11 00:00:00+00:00, run_after=2026-04-12 00:00:00+00:00
[2026-04-12T11:31:22.026+0000] {logging_mixin.py:190} INFO - [2026-04-12T11:31:22.025+0000] {dag.py:4180} INFO - Setting next_dagrun for read_dataset_event_from_classic to 2026-04-11 00:00:00+00:00, run_after=2026-04-12 00:00:00+00:00
[2026-04-12T11:31:22.036+0000] {processor.py:208} INFO - Processing /home/airflow/.local/lib/python3.12/site-packages/airflow/example_dags/example_inlet_event_extra.py took 0.533 seconds
[2026-04-12T11:31:52.943+0000] {processor.py:186} INFO - Started process (PID=9809) to work on /home/airflow/.local/lib/python3.12/site-packages/airflow/example_dags/example_inlet_event_extra.py
[2026-04-12T11:31:52.944+0000] {processor.py:914} INFO - Processing file /home/airflow/.local/lib/python3.12/site-packages/airflow/example_dags/example_inlet_event_extra.py for tasks to queue
[2026-04-12T11:31:52.945+0000] {logging_mixin.py:190} INFO - [2026-04-12T11:31:52.945+0000] {dagbag.py:588} INFO - Filling up the DagBag from /home/airflow/.local/lib/python3.12/site-packages/airflow/example_dags/example_inlet_event_extra.py
[2026-04-12T11:31:53.303+0000] {processor.py:925} INFO - DAG(s) 'read_dataset_event_from_classic', 'read_dataset_event' retrieved from /home/airflow/.local/lib/python3.12/site-packages/airflow/example_dags/example_inlet_event_extra.py
[2026-04-12T11:31:53.315+0000] {logging_mixin.py:190} INFO - [2026-04-12T11:31:53.315+0000] {dag.py:3239} INFO - Sync 2 DAGs
[2026-04-12T11:31:53.330+0000] {logging_mixin.py:190} INFO - [2026-04-12T11:31:53.330+0000] {dag.py:4180} INFO - Setting next_dagrun for read_dataset_event to 2026-04-11 00:00:00+00:00, run_after=2026-04-12 00:00:00+00:00
[2026-04-12T11:31:53.337+0000] {logging_mixin.py:190} INFO - [2026-04-12T11:31:53.336+0000] {dag.py:4180} INFO - Setting next_dagrun for read_dataset_event_from_classic to 2026-04-11 00:00:00+00:00, run_after=2026-04-12 00:00:00+00:00
[2026-04-12T11:31:53.349+0000] {processor.py:208} INFO - Processing /home/airflow/.local/lib/python3.12/site-packages/airflow/example_dags/example_inlet_event_extra.py took 0.410 seconds
[2026-04-12T11:32:24.797+0000] {processor.py:186} INFO - Started process (PID=10105) to work on /home/airflow/.local/lib/python3.12/site-packages/airflow/example_dags/example_inlet_event_extra.py
[2026-04-12T11:32:24.800+0000] {processor.py:914} INFO - Processing file /home/airflow/.local/lib/python3.12/site-packages/airflow/example_dags/example_inlet_event_extra.py for tasks to queue
[2026-04-12T11:32:24.802+0000] {logging_mixin.py:190} INFO - [2026-04-12T11:32:24.802+0000] {dagbag.py:588} INFO - Filling up the DagBag from /home/airflow/.local/lib/python3.12/site-packages/airflow/example_dags/example_inlet_event_extra.py
[2026-04-12T11:32:25.399+0000] {processor.py:925} INFO - DAG(s) 'read_dataset_event', 'read_dataset_event_from_classic' retrieved from /home/airflow/.local/lib/python3.12/site-packages/airflow/example_dags/example_inlet_event_extra.py
[2026-04-12T11:32:25.441+0000] {logging_mixin.py:190} INFO - [2026-04-12T11:32:25.440+0000] {dag.py:3239} INFO - Sync 2 DAGs
[2026-04-12T11:32:25.468+0000] {logging_mixin.py:190} INFO - [2026-04-12T11:32:25.468+0000] {dag.py:4180} INFO - Setting next_dagrun for read_dataset_event to 2026-04-11 00:00:00+00:00, run_after=2026-04-12 00:00:00+00:00
[2026-04-12T11:32:25.474+0000] {logging_mixin.py:190} INFO - [2026-04-12T11:32:25.474+0000] {dag.py:4180} INFO - Setting next_dagrun for read_dataset_event_from_classic to 2026-04-11 00:00:00+00:00, run_after=2026-04-12 00:00:00+00:00
[2026-04-12T11:32:25.491+0000] {processor.py:208} INFO - Processing /home/airflow/.local/lib/python3.12/site-packages/airflow/example_dags/example_inlet_event_extra.py took 0.701 seconds
[2026-04-12T11:32:56.065+0000] {processor.py:186} INFO - Started process (PID=10409) to work on /home/airflow/.local/lib/python3.12/site-packages/airflow/example_dags/example_inlet_event_extra.py
[2026-04-12T11:32:56.067+0000] {processor.py:914} INFO - Processing file /home/airflow/.local/lib/python3.12/site-packages/airflow/example_dags/example_inlet_event_extra.py for tasks to queue
[2026-04-12T11:32:56.069+0000] {logging_mixin.py:190} INFO - [2026-04-12T11:32:56.068+0000] {dagbag.py:588} INFO - Filling up the DagBag from /home/airflow/.local/lib/python3.12/site-packages/airflow/example_dags/example_inlet_event_extra.py
[2026-04-12T11:32:56.483+0000] {processor.py:925} INFO - DAG(s) 'read_dataset_event_from_classic', 'read_dataset_event' retrieved from /home/airflow/.local/lib/python3.12/site-packages/airflow/example_dags/example_inlet_event_extra.py
[2026-04-12T11:32:56.501+0000] {logging_mixin.py:190} INFO - [2026-04-12T11:32:56.501+0000] {dag.py:3239} INFO - Sync 2 DAGs
[2026-04-12T11:32:56.519+0000] {logging_mixin.py:190} INFO - [2026-04-12T11:32:56.519+0000] {dag.py:4180} INFO - Setting next_dagrun for read_dataset_event to 2026-04-11 00:00:00+00:00, run_after=2026-04-12 00:00:00+00:00
[2026-04-12T11:32:56.524+0000] {logging_mixin.py:190} INFO - [2026-04-12T11:32:56.524+0000] {dag.py:4180} INFO - Setting next_dagrun for read_dataset_event_from_classic to 2026-04-11 00:00:00+00:00, run_after=2026-04-12 00:00:00+00:00
[2026-04-12T11:32:56.539+0000] {processor.py:208} INFO - Processing /home/airflow/.local/lib/python3.12/site-packages/airflow/example_dags/example_inlet_event_extra.py took 0.480 seconds
[2026-04-12T11:33:26.941+0000] {processor.py:186} INFO - Started process (PID=10704) to work on /home/airflow/.local/lib/python3.12/site-packages/airflow/example_dags/example_inlet_event_extra.py
[2026-04-12T11:33:26.942+0000] {processor.py:914} INFO - Processing file /home/airflow/.local/lib/python3.12/site-packages/airflow/example_dags/example_inlet_event_extra.py for tasks to queue
[2026-04-12T11:33:26.944+0000] {logging_mixin.py:190} INFO - [2026-04-12T11:33:26.944+0000] {dagbag.py:588} INFO - Filling up the DagBag from /home/airflow/.local/lib/python3.12/site-packages/airflow/example_dags/example_inlet_event_extra.py
[2026-04-12T11:33:27.311+0000] {processor.py:925} INFO - DAG(s) 'read_dataset_event', 'read_dataset_event_from_classic' retrieved from /home/airflow/.local/lib/python3.12/site-packages/airflow/example_dags/example_inlet_event_extra.py
[2026-04-12T11:33:27.329+0000] {logging_mixin.py:190} INFO - [2026-04-12T11:33:27.328+0000] {dag.py:3239} INFO - Sync 2 DAGs
[2026-04-12T11:33:27.347+0000] {logging_mixin.py:190} INFO - [2026-04-12T11:33:27.347+0000] {dag.py:4180} INFO - Setting next_dagrun for read_dataset_event to 2026-04-11 00:00:00+00:00, run_after=2026-04-12 00:00:00+00:00
[2026-04-12T11:33:27.351+0000] {logging_mixin.py:190} INFO - [2026-04-12T11:33:27.350+0000] {dag.py:4180} INFO - Setting next_dagrun for read_dataset_event_from_classic to 2026-04-11 00:00:00+00:00, run_after=2026-04-12 00:00:00+00:00
[2026-04-12T11:33:27.366+0000] {processor.py:208} INFO - Processing /home/airflow/.local/lib/python3.12/site-packages/airflow/example_dags/example_inlet_event_extra.py took 0.430 seconds
[2026-04-12T11:33:57.876+0000] {processor.py:186} INFO - Started process (PID=11000) to work on /home/airflow/.local/lib/python3.12/site-packages/airflow/example_dags/example_inlet_event_extra.py
[2026-04-12T11:33:57.878+0000] {processor.py:914} INFO - Processing file /home/airflow/.local/lib/python3.12/site-packages/airflow/example_dags/example_inlet_event_extra.py for tasks to queue
[2026-04-12T11:33:57.880+0000] {logging_mixin.py:190} INFO - [2026-04-12T11:33:57.880+0000] {dagbag.py:588} INFO - Filling up the DagBag from /home/airflow/.local/lib/python3.12/site-packages/airflow/example_dags/example_inlet_event_extra.py
[2026-04-12T11:33:58.250+0000] {processor.py:925} INFO - DAG(s) 'read_dataset_event_from_classic', 'read_dataset_event' retrieved from /home/airflow/.local/lib/python3.12/site-packages/airflow/example_dags/example_inlet_event_extra.py
[2026-04-12T11:33:58.263+0000] {logging_mixin.py:190} INFO - [2026-04-12T11:33:58.263+0000] {dag.py:3239} INFO - Sync 2 DAGs
[2026-04-12T11:33:58.282+0000] {logging_mixin.py:190} INFO - [2026-04-12T11:33:58.282+0000] {dag.py:4180} INFO - Setting next_dagrun for read_dataset_event to 2026-04-11 00:00:00+00:00, run_after=2026-04-12 00:00:00+00:00
[2026-04-12T11:33:58.286+0000] {logging_mixin.py:190} INFO - [2026-04-12T11:33:58.286+0000] {dag.py:4180} INFO - Setting next_dagrun for read_dataset_event_from_classic to 2026-04-11 00:00:00+00:00, run_after=2026-04-12 00:00:00+00:00
[2026-04-12T11:33:58.299+0000] {processor.py:208} INFO - Processing /home/airflow/.local/lib/python3.12/site-packages/airflow/example_dags/example_inlet_event_extra.py took 0.430 seconds
[2026-04-12T11:34:28.944+0000] {processor.py:186} INFO - Started process (PID=11296) to work on /home/airflow/.local/lib/python3.12/site-packages/airflow/example_dags/example_inlet_event_extra.py
[2026-04-12T11:34:28.945+0000] {processor.py:914} INFO - Processing file /home/airflow/.local/lib/python3.12/site-packages/airflow/example_dags/example_inlet_event_extra.py for tasks to queue
[2026-04-12T11:34:28.947+0000] {logging_mixin.py:190} INFO - [2026-04-12T11:34:28.947+0000] {dagbag.py:588} INFO - Filling up the DagBag from /home/airflow/.local/lib/python3.12/site-packages/airflow/example_dags/example_inlet_event_extra.py
[2026-04-12T11:34:29.297+0000] {processor.py:925} INFO - DAG(s) 'read_dataset_event_from_classic', 'read_dataset_event' retrieved from /home/airflow/.local/lib/python3.12/site-packages/airflow/example_dags/example_inlet_event_extra.py
[2026-04-12T11:34:29.311+0000] {logging_mixin.py:190} INFO - [2026-04-12T11:34:29.311+0000] {dag.py:3239} INFO - Sync 2 DAGs
[2026-04-12T11:34:29.325+0000] {logging_mixin.py:190} INFO - [2026-04-12T11:34:29.325+0000] {dag.py:4180} INFO - Setting next_dagrun for read_dataset_event to 2026-04-11 00:00:00+00:00, run_after=2026-04-12 00:00:00+00:00
[2026-04-12T11:34:29.329+0000] {logging_mixin.py:190} INFO - [2026-04-12T11:34:29.329+0000] {dag.py:4180} INFO - Setting next_dagrun for read_dataset_event_from_classic to 2026-04-11 00:00:00+00:00, run_after=2026-04-12 00:00:00+00:00
[2026-04-12T11:34:29.344+0000] {processor.py:208} INFO - Processing /home/airflow/.local/lib/python3.12/site-packages/airflow/example_dags/example_inlet_event_extra.py took 0.405 seconds
[2026-04-12T11:34:59.580+0000] {processor.py:186} INFO - Started process (PID=11591) to work on /home/airflow/.local/lib/python3.12/site-packages/airflow/example_dags/example_inlet_event_extra.py
[2026-04-12T11:34:59.582+0000] {processor.py:914} INFO - Processing file /home/airflow/.local/lib/python3.12/site-packages/airflow/example_dags/example_inlet_event_extra.py for tasks to queue
[2026-04-12T11:34:59.584+0000] {logging_mixin.py:190} INFO - [2026-04-12T11:34:59.583+0000] {dagbag.py:588} INFO - Filling up the DagBag from /home/airflow/.local/lib/python3.12/site-packages/airflow/example_dags/example_inlet_event_extra.py
[2026-04-12T11:34:59.938+0000] {processor.py:925} INFO - DAG(s) 'read_dataset_event_from_classic', 'read_dataset_event' retrieved from /home/airflow/.local/lib/python3.12/site-packages/airflow/example_dags/example_inlet_event_extra.py
[2026-04-12T11:34:59.960+0000] {logging_mixin.py:190} INFO - [2026-04-12T11:34:59.960+0000] {dag.py:3239} INFO - Sync 2 DAGs
[2026-04-12T11:34:59.978+0000] {logging_mixin.py:190} INFO - [2026-04-12T11:34:59.978+0000] {dag.py:4180} INFO - Setting next_dagrun for read_dataset_event to 2026-04-11 00:00:00+00:00, run_after=2026-04-12 00:00:00+00:00
[2026-04-12T11:34:59.982+0000] {logging_mixin.py:190} INFO - [2026-04-12T11:34:59.982+0000] {dag.py:4180} INFO - Setting next_dagrun for read_dataset_event_from_classic to 2026-04-11 00:00:00+00:00, run_after=2026-04-12 00:00:00+00:00
[2026-04-12T11:34:59.995+0000] {processor.py:208} INFO - Processing /home/airflow/.local/lib/python3.12/site-packages/airflow/example_dags/example_inlet_event_extra.py took 0.421 seconds
