[2026-04-12T11:12:32.750+0000] {processor.py:186} INFO - Started process (PID=341) to work on /home/airflow/.local/lib/python3.12/site-packages/airflow/example_dags/example_task_group.py
[2026-04-12T11:12:32.751+0000] {processor.py:914} INFO - Processing file /home/airflow/.local/lib/python3.12/site-packages/airflow/example_dags/example_task_group.py for tasks to queue
[2026-04-12T11:12:32.753+0000] {logging_mixin.py:190} INFO - [2026-04-12T11:12:32.753+0000] {dagbag.py:588} INFO - Filling up the DagBag from /home/airflow/.local/lib/python3.12/site-packages/airflow/example_dags/example_task_group.py
[2026-04-12T11:12:32.760+0000] {processor.py:925} INFO - DAG(s) 'example_task_group' retrieved from /home/airflow/.local/lib/python3.12/site-packages/airflow/example_dags/example_task_group.py
[2026-04-12T11:12:32.881+0000] {logging_mixin.py:190} INFO - [2026-04-12T11:12:32.880+0000] {override.py:1912} INFO - Created Permission View: can edit on DAG:example_task_group
[2026-04-12T11:12:32.889+0000] {logging_mixin.py:190} INFO - [2026-04-12T11:12:32.889+0000] {override.py:1912} INFO - Created Permission View: can delete on DAG:example_task_group
[2026-04-12T11:12:32.895+0000] {logging_mixin.py:190} INFO - [2026-04-12T11:12:32.894+0000] {override.py:1912} INFO - Created Permission View: can read on DAG:example_task_group
[2026-04-12T11:12:32.900+0000] {logging_mixin.py:190} INFO - [2026-04-12T11:12:32.900+0000] {override.py:1912} INFO - Created Permission View: can delete on DAG Run:example_task_group
[2026-04-12T11:12:32.906+0000] {logging_mixin.py:190} INFO - [2026-04-12T11:12:32.906+0000] {override.py:1912} INFO - Created Permission View: can create on DAG Run:example_task_group
[2026-04-12T11:12:32.915+0000] {logging_mixin.py:190} INFO - [2026-04-12T11:12:32.914+0000] {override.py:1912} INFO - Created Permission View: can read on DAG Run:example_task_group
[2026-04-12T11:12:32.920+0000] {logging_mixin.py:190} INFO - [2026-04-12T11:12:32.919+0000] {override.py:1912} INFO - Created Permission View: menu access on DAG Run:example_task_group
[2026-04-12T11:12:32.921+0000] {logging_mixin.py:190} INFO - [2026-04-12T11:12:32.921+0000] {dag.py:3239} INFO - Sync 1 DAGs
[2026-04-12T11:12:32.933+0000] {logging_mixin.py:190} INFO - [2026-04-12T11:12:32.932+0000] {dag.py:3262} INFO - Creating ORM DAG for example_task_group
[2026-04-12T11:12:32.933+0000] {logging_mixin.py:190} INFO - [2026-04-12T11:12:32.933+0000] {dag.py:4180} INFO - Setting next_dagrun for example_task_group to None, run_after=None
[2026-04-12T11:12:32.953+0000] {processor.py:208} INFO - Processing /home/airflow/.local/lib/python3.12/site-packages/airflow/example_dags/example_task_group.py took 0.207 seconds
[2026-04-12T11:13:03.936+0000] {processor.py:186} INFO - Started process (PID=636) to work on /home/airflow/.local/lib/python3.12/site-packages/airflow/example_dags/example_task_group.py
[2026-04-12T11:13:03.939+0000] {processor.py:914} INFO - Processing file /home/airflow/.local/lib/python3.12/site-packages/airflow/example_dags/example_task_group.py for tasks to queue
[2026-04-12T11:13:03.942+0000] {logging_mixin.py:190} INFO - [2026-04-12T11:13:03.942+0000] {dagbag.py:588} INFO - Filling up the DagBag from /home/airflow/.local/lib/python3.12/site-packages/airflow/example_dags/example_task_group.py
[2026-04-12T11:13:03.957+0000] {processor.py:925} INFO - DAG(s) 'example_task_group' retrieved from /home/airflow/.local/lib/python3.12/site-packages/airflow/example_dags/example_task_group.py
[2026-04-12T11:13:03.991+0000] {logging_mixin.py:190} INFO - [2026-04-12T11:13:03.990+0000] {dag.py:3239} INFO - Sync 1 DAGs
[2026-04-12T11:13:04.012+0000] {logging_mixin.py:190} INFO - [2026-04-12T11:13:04.012+0000] {dag.py:4180} INFO - Setting next_dagrun for example_task_group to None, run_after=None
[2026-04-12T11:13:04.040+0000] {processor.py:208} INFO - Processing /home/airflow/.local/lib/python3.12/site-packages/airflow/example_dags/example_task_group.py took 0.110 seconds
[2026-04-12T11:13:34.304+0000] {processor.py:186} INFO - Started process (PID=933) to work on /home/airflow/.local/lib/python3.12/site-packages/airflow/example_dags/example_task_group.py
[2026-04-12T11:13:34.308+0000] {processor.py:914} INFO - Processing file /home/airflow/.local/lib/python3.12/site-packages/airflow/example_dags/example_task_group.py for tasks to queue
[2026-04-12T11:13:34.315+0000] {logging_mixin.py:190} INFO - [2026-04-12T11:13:34.314+0000] {dagbag.py:588} INFO - Filling up the DagBag from /home/airflow/.local/lib/python3.12/site-packages/airflow/example_dags/example_task_group.py
[2026-04-12T11:13:34.333+0000] {processor.py:925} INFO - DAG(s) 'example_task_group' retrieved from /home/airflow/.local/lib/python3.12/site-packages/airflow/example_dags/example_task_group.py
[2026-04-12T11:13:34.357+0000] {logging_mixin.py:190} INFO - [2026-04-12T11:13:34.356+0000] {dag.py:3239} INFO - Sync 1 DAGs
[2026-04-12T11:13:34.373+0000] {logging_mixin.py:190} INFO - [2026-04-12T11:13:34.372+0000] {dag.py:4180} INFO - Setting next_dagrun for example_task_group to None, run_after=None
[2026-04-12T11:13:34.394+0000] {processor.py:208} INFO - Processing /home/airflow/.local/lib/python3.12/site-packages/airflow/example_dags/example_task_group.py took 0.098 seconds
[2026-04-12T11:14:05.307+0000] {processor.py:186} INFO - Started process (PID=1229) to work on /home/airflow/.local/lib/python3.12/site-packages/airflow/example_dags/example_task_group.py
[2026-04-12T11:14:05.310+0000] {processor.py:914} INFO - Processing file /home/airflow/.local/lib/python3.12/site-packages/airflow/example_dags/example_task_group.py for tasks to queue
[2026-04-12T11:14:05.313+0000] {logging_mixin.py:190} INFO - [2026-04-12T11:14:05.313+0000] {dagbag.py:588} INFO - Filling up the DagBag from /home/airflow/.local/lib/python3.12/site-packages/airflow/example_dags/example_task_group.py
[2026-04-12T11:14:05.320+0000] {processor.py:925} INFO - DAG(s) 'example_task_group' retrieved from /home/airflow/.local/lib/python3.12/site-packages/airflow/example_dags/example_task_group.py
[2026-04-12T11:14:05.351+0000] {logging_mixin.py:190} INFO - [2026-04-12T11:14:05.350+0000] {dag.py:3239} INFO - Sync 1 DAGs
[2026-04-12T11:14:05.373+0000] {logging_mixin.py:190} INFO - [2026-04-12T11:14:05.373+0000] {dag.py:4180} INFO - Setting next_dagrun for example_task_group to None, run_after=None
[2026-04-12T11:14:05.405+0000] {processor.py:208} INFO - Processing /home/airflow/.local/lib/python3.12/site-packages/airflow/example_dags/example_task_group.py took 0.104 seconds
[2026-04-12T11:14:36.098+0000] {processor.py:186} INFO - Started process (PID=1525) to work on /home/airflow/.local/lib/python3.12/site-packages/airflow/example_dags/example_task_group.py
[2026-04-12T11:14:36.099+0000] {processor.py:914} INFO - Processing file /home/airflow/.local/lib/python3.12/site-packages/airflow/example_dags/example_task_group.py for tasks to queue
[2026-04-12T11:14:36.103+0000] {logging_mixin.py:190} INFO - [2026-04-12T11:14:36.102+0000] {dagbag.py:588} INFO - Filling up the DagBag from /home/airflow/.local/lib/python3.12/site-packages/airflow/example_dags/example_task_group.py
[2026-04-12T11:14:36.115+0000] {processor.py:925} INFO - DAG(s) 'example_task_group' retrieved from /home/airflow/.local/lib/python3.12/site-packages/airflow/example_dags/example_task_group.py
[2026-04-12T11:14:36.157+0000] {logging_mixin.py:190} INFO - [2026-04-12T11:14:36.157+0000] {dag.py:3239} INFO - Sync 1 DAGs
[2026-04-12T11:14:36.192+0000] {logging_mixin.py:190} INFO - [2026-04-12T11:14:36.192+0000] {dag.py:4180} INFO - Setting next_dagrun for example_task_group to None, run_after=None
[2026-04-12T11:14:36.469+0000] {processor.py:208} INFO - Processing /home/airflow/.local/lib/python3.12/site-packages/airflow/example_dags/example_task_group.py took 0.376 seconds
[2026-04-12T11:15:07.235+0000] {processor.py:186} INFO - Started process (PID=1822) to work on /home/airflow/.local/lib/python3.12/site-packages/airflow/example_dags/example_task_group.py
[2026-04-12T11:15:07.236+0000] {processor.py:914} INFO - Processing file /home/airflow/.local/lib/python3.12/site-packages/airflow/example_dags/example_task_group.py for tasks to queue
[2026-04-12T11:15:07.242+0000] {logging_mixin.py:190} INFO - [2026-04-12T11:15:07.241+0000] {dagbag.py:588} INFO - Filling up the DagBag from /home/airflow/.local/lib/python3.12/site-packages/airflow/example_dags/example_task_group.py
[2026-04-12T11:15:07.248+0000] {processor.py:925} INFO - DAG(s) 'example_task_group' retrieved from /home/airflow/.local/lib/python3.12/site-packages/airflow/example_dags/example_task_group.py
[2026-04-12T11:15:07.273+0000] {logging_mixin.py:190} INFO - [2026-04-12T11:15:07.273+0000] {dag.py:3239} INFO - Sync 1 DAGs
[2026-04-12T11:15:07.283+0000] {logging_mixin.py:190} INFO - [2026-04-12T11:15:07.283+0000] {dag.py:4180} INFO - Setting next_dagrun for example_task_group to None, run_after=None
[2026-04-12T11:15:07.305+0000] {processor.py:208} INFO - Processing /home/airflow/.local/lib/python3.12/site-packages/airflow/example_dags/example_task_group.py took 0.076 seconds
[2026-04-12T11:15:37.821+0000] {processor.py:186} INFO - Started process (PID=2118) to work on /home/airflow/.local/lib/python3.12/site-packages/airflow/example_dags/example_task_group.py
[2026-04-12T11:15:37.824+0000] {processor.py:914} INFO - Processing file /home/airflow/.local/lib/python3.12/site-packages/airflow/example_dags/example_task_group.py for tasks to queue
[2026-04-12T11:15:37.827+0000] {logging_mixin.py:190} INFO - [2026-04-12T11:15:37.827+0000] {dagbag.py:588} INFO - Filling up the DagBag from /home/airflow/.local/lib/python3.12/site-packages/airflow/example_dags/example_task_group.py
[2026-04-12T11:15:37.840+0000] {processor.py:925} INFO - DAG(s) 'example_task_group' retrieved from /home/airflow/.local/lib/python3.12/site-packages/airflow/example_dags/example_task_group.py
[2026-04-12T11:15:37.863+0000] {logging_mixin.py:190} INFO - [2026-04-12T11:15:37.863+0000] {dag.py:3239} INFO - Sync 1 DAGs
[2026-04-12T11:15:37.882+0000] {logging_mixin.py:190} INFO - [2026-04-12T11:15:37.882+0000] {dag.py:4180} INFO - Setting next_dagrun for example_task_group to None, run_after=None
[2026-04-12T11:15:37.901+0000] {processor.py:208} INFO - Processing /home/airflow/.local/lib/python3.12/site-packages/airflow/example_dags/example_task_group.py took 0.087 seconds
[2026-04-12T11:16:07.948+0000] {processor.py:186} INFO - Started process (PID=2411) to work on /home/airflow/.local/lib/python3.12/site-packages/airflow/example_dags/example_task_group.py
[2026-04-12T11:16:07.950+0000] {processor.py:914} INFO - Processing file /home/airflow/.local/lib/python3.12/site-packages/airflow/example_dags/example_task_group.py for tasks to queue
[2026-04-12T11:16:07.952+0000] {logging_mixin.py:190} INFO - [2026-04-12T11:16:07.951+0000] {dagbag.py:588} INFO - Filling up the DagBag from /home/airflow/.local/lib/python3.12/site-packages/airflow/example_dags/example_task_group.py
[2026-04-12T11:16:07.977+0000] {processor.py:925} INFO - DAG(s) 'example_task_group' retrieved from /home/airflow/.local/lib/python3.12/site-packages/airflow/example_dags/example_task_group.py
[2026-04-12T11:16:08.005+0000] {logging_mixin.py:190} INFO - [2026-04-12T11:16:08.005+0000] {dag.py:3239} INFO - Sync 1 DAGs
[2026-04-12T11:16:08.021+0000] {logging_mixin.py:190} INFO - [2026-04-12T11:16:08.021+0000] {dag.py:4180} INFO - Setting next_dagrun for example_task_group to None, run_after=None
[2026-04-12T11:16:08.068+0000] {processor.py:208} INFO - Processing /home/airflow/.local/lib/python3.12/site-packages/airflow/example_dags/example_task_group.py took 0.129 seconds
[2026-04-12T11:16:38.165+0000] {processor.py:186} INFO - Started process (PID=2707) to work on /home/airflow/.local/lib/python3.12/site-packages/airflow/example_dags/example_task_group.py
[2026-04-12T11:16:38.166+0000] {processor.py:914} INFO - Processing file /home/airflow/.local/lib/python3.12/site-packages/airflow/example_dags/example_task_group.py for tasks to queue
[2026-04-12T11:16:38.169+0000] {logging_mixin.py:190} INFO - [2026-04-12T11:16:38.168+0000] {dagbag.py:588} INFO - Filling up the DagBag from /home/airflow/.local/lib/python3.12/site-packages/airflow/example_dags/example_task_group.py
[2026-04-12T11:16:38.181+0000] {processor.py:925} INFO - DAG(s) 'example_task_group' retrieved from /home/airflow/.local/lib/python3.12/site-packages/airflow/example_dags/example_task_group.py
[2026-04-12T11:16:38.202+0000] {logging_mixin.py:190} INFO - [2026-04-12T11:16:38.202+0000] {dag.py:3239} INFO - Sync 1 DAGs
[2026-04-12T11:16:38.213+0000] {logging_mixin.py:190} INFO - [2026-04-12T11:16:38.213+0000] {dag.py:4180} INFO - Setting next_dagrun for example_task_group to None, run_after=None
[2026-04-12T11:16:38.227+0000] {processor.py:208} INFO - Processing /home/airflow/.local/lib/python3.12/site-packages/airflow/example_dags/example_task_group.py took 0.071 seconds
[2026-04-12T11:17:09.150+0000] {processor.py:186} INFO - Started process (PID=3015) to work on /home/airflow/.local/lib/python3.12/site-packages/airflow/example_dags/example_task_group.py
[2026-04-12T11:17:09.152+0000] {processor.py:914} INFO - Processing file /home/airflow/.local/lib/python3.12/site-packages/airflow/example_dags/example_task_group.py for tasks to queue
[2026-04-12T11:17:09.155+0000] {logging_mixin.py:190} INFO - [2026-04-12T11:17:09.154+0000] {dagbag.py:588} INFO - Filling up the DagBag from /home/airflow/.local/lib/python3.12/site-packages/airflow/example_dags/example_task_group.py
[2026-04-12T11:17:09.166+0000] {processor.py:925} INFO - DAG(s) 'example_task_group' retrieved from /home/airflow/.local/lib/python3.12/site-packages/airflow/example_dags/example_task_group.py
[2026-04-12T11:17:09.186+0000] {logging_mixin.py:190} INFO - [2026-04-12T11:17:09.186+0000] {dag.py:3239} INFO - Sync 1 DAGs
[2026-04-12T11:17:09.198+0000] {logging_mixin.py:190} INFO - [2026-04-12T11:17:09.198+0000] {dag.py:4180} INFO - Setting next_dagrun for example_task_group to None, run_after=None
[2026-04-12T11:17:09.213+0000] {processor.py:208} INFO - Processing /home/airflow/.local/lib/python3.12/site-packages/airflow/example_dags/example_task_group.py took 0.070 seconds
[2026-04-12T11:17:40.041+0000] {processor.py:186} INFO - Started process (PID=3311) to work on /home/airflow/.local/lib/python3.12/site-packages/airflow/example_dags/example_task_group.py
[2026-04-12T11:17:40.042+0000] {processor.py:914} INFO - Processing file /home/airflow/.local/lib/python3.12/site-packages/airflow/example_dags/example_task_group.py for tasks to queue
[2026-04-12T11:17:40.045+0000] {logging_mixin.py:190} INFO - [2026-04-12T11:17:40.044+0000] {dagbag.py:588} INFO - Filling up the DagBag from /home/airflow/.local/lib/python3.12/site-packages/airflow/example_dags/example_task_group.py
[2026-04-12T11:17:40.054+0000] {processor.py:925} INFO - DAG(s) 'example_task_group' retrieved from /home/airflow/.local/lib/python3.12/site-packages/airflow/example_dags/example_task_group.py
[2026-04-12T11:17:40.068+0000] {logging_mixin.py:190} INFO - [2026-04-12T11:17:40.068+0000] {dag.py:3239} INFO - Sync 1 DAGs
[2026-04-12T11:17:40.079+0000] {logging_mixin.py:190} INFO - [2026-04-12T11:17:40.078+0000] {dag.py:4180} INFO - Setting next_dagrun for example_task_group to None, run_after=None
[2026-04-12T11:17:40.090+0000] {processor.py:208} INFO - Processing /home/airflow/.local/lib/python3.12/site-packages/airflow/example_dags/example_task_group.py took 0.054 seconds
[2026-04-12T11:18:10.739+0000] {processor.py:186} INFO - Started process (PID=3615) to work on /home/airflow/.local/lib/python3.12/site-packages/airflow/example_dags/example_task_group.py
[2026-04-12T11:18:10.741+0000] {processor.py:914} INFO - Processing file /home/airflow/.local/lib/python3.12/site-packages/airflow/example_dags/example_task_group.py for tasks to queue
[2026-04-12T11:18:10.743+0000] {logging_mixin.py:190} INFO - [2026-04-12T11:18:10.743+0000] {dagbag.py:588} INFO - Filling up the DagBag from /home/airflow/.local/lib/python3.12/site-packages/airflow/example_dags/example_task_group.py
[2026-04-12T11:18:10.752+0000] {processor.py:925} INFO - DAG(s) 'example_task_group' retrieved from /home/airflow/.local/lib/python3.12/site-packages/airflow/example_dags/example_task_group.py
[2026-04-12T11:18:10.770+0000] {logging_mixin.py:190} INFO - [2026-04-12T11:18:10.769+0000] {dag.py:3239} INFO - Sync 1 DAGs
[2026-04-12T11:18:10.779+0000] {logging_mixin.py:190} INFO - [2026-04-12T11:18:10.779+0000] {dag.py:4180} INFO - Setting next_dagrun for example_task_group to None, run_after=None
[2026-04-12T11:18:10.791+0000] {processor.py:208} INFO - Processing /home/airflow/.local/lib/python3.12/site-packages/airflow/example_dags/example_task_group.py took 0.058 seconds
[2026-04-12T11:18:41.227+0000] {processor.py:186} INFO - Started process (PID=3914) to work on /home/airflow/.local/lib/python3.12/site-packages/airflow/example_dags/example_task_group.py
[2026-04-12T11:18:41.231+0000] {processor.py:914} INFO - Processing file /home/airflow/.local/lib/python3.12/site-packages/airflow/example_dags/example_task_group.py for tasks to queue
[2026-04-12T11:18:41.233+0000] {logging_mixin.py:190} INFO - [2026-04-12T11:18:41.233+0000] {dagbag.py:588} INFO - Filling up the DagBag from /home/airflow/.local/lib/python3.12/site-packages/airflow/example_dags/example_task_group.py
[2026-04-12T11:18:41.241+0000] {processor.py:925} INFO - DAG(s) 'example_task_group' retrieved from /home/airflow/.local/lib/python3.12/site-packages/airflow/example_dags/example_task_group.py
[2026-04-12T11:18:41.257+0000] {logging_mixin.py:190} INFO - [2026-04-12T11:18:41.257+0000] {dag.py:3239} INFO - Sync 1 DAGs
[2026-04-12T11:18:41.268+0000] {logging_mixin.py:190} INFO - [2026-04-12T11:18:41.267+0000] {dag.py:4180} INFO - Setting next_dagrun for example_task_group to None, run_after=None
[2026-04-12T11:18:41.279+0000] {processor.py:208} INFO - Processing /home/airflow/.local/lib/python3.12/site-packages/airflow/example_dags/example_task_group.py took 0.058 seconds
[2026-04-12T11:19:11.555+0000] {processor.py:186} INFO - Started process (PID=4225) to work on /home/airflow/.local/lib/python3.12/site-packages/airflow/example_dags/example_task_group.py
[2026-04-12T11:19:11.557+0000] {processor.py:914} INFO - Processing file /home/airflow/.local/lib/python3.12/site-packages/airflow/example_dags/example_task_group.py for tasks to queue
[2026-04-12T11:19:11.559+0000] {logging_mixin.py:190} INFO - [2026-04-12T11:19:11.559+0000] {dagbag.py:588} INFO - Filling up the DagBag from /home/airflow/.local/lib/python3.12/site-packages/airflow/example_dags/example_task_group.py
[2026-04-12T11:19:11.567+0000] {processor.py:925} INFO - DAG(s) 'example_task_group' retrieved from /home/airflow/.local/lib/python3.12/site-packages/airflow/example_dags/example_task_group.py
[2026-04-12T11:19:11.584+0000] {logging_mixin.py:190} INFO - [2026-04-12T11:19:11.584+0000] {dag.py:3239} INFO - Sync 1 DAGs
[2026-04-12T11:19:11.594+0000] {logging_mixin.py:190} INFO - [2026-04-12T11:19:11.594+0000] {dag.py:4180} INFO - Setting next_dagrun for example_task_group to None, run_after=None
[2026-04-12T11:19:11.606+0000] {processor.py:208} INFO - Processing /home/airflow/.local/lib/python3.12/site-packages/airflow/example_dags/example_task_group.py took 0.056 seconds
[2026-04-12T11:19:42.385+0000] {processor.py:186} INFO - Started process (PID=4521) to work on /home/airflow/.local/lib/python3.12/site-packages/airflow/example_dags/example_task_group.py
[2026-04-12T11:19:42.386+0000] {processor.py:914} INFO - Processing file /home/airflow/.local/lib/python3.12/site-packages/airflow/example_dags/example_task_group.py for tasks to queue
[2026-04-12T11:19:42.388+0000] {logging_mixin.py:190} INFO - [2026-04-12T11:19:42.387+0000] {dagbag.py:588} INFO - Filling up the DagBag from /home/airflow/.local/lib/python3.12/site-packages/airflow/example_dags/example_task_group.py
[2026-04-12T11:19:42.395+0000] {processor.py:925} INFO - DAG(s) 'example_task_group' retrieved from /home/airflow/.local/lib/python3.12/site-packages/airflow/example_dags/example_task_group.py
[2026-04-12T11:19:42.411+0000] {logging_mixin.py:190} INFO - [2026-04-12T11:19:42.411+0000] {dag.py:3239} INFO - Sync 1 DAGs
[2026-04-12T11:19:42.421+0000] {logging_mixin.py:190} INFO - [2026-04-12T11:19:42.421+0000] {dag.py:4180} INFO - Setting next_dagrun for example_task_group to None, run_after=None
[2026-04-12T11:19:42.433+0000] {processor.py:208} INFO - Processing /home/airflow/.local/lib/python3.12/site-packages/airflow/example_dags/example_task_group.py took 0.052 seconds
[2026-04-12T11:20:13.301+0000] {processor.py:186} INFO - Started process (PID=4817) to work on /home/airflow/.local/lib/python3.12/site-packages/airflow/example_dags/example_task_group.py
[2026-04-12T11:20:13.302+0000] {processor.py:914} INFO - Processing file /home/airflow/.local/lib/python3.12/site-packages/airflow/example_dags/example_task_group.py for tasks to queue
[2026-04-12T11:20:13.303+0000] {logging_mixin.py:190} INFO - [2026-04-12T11:20:13.303+0000] {dagbag.py:588} INFO - Filling up the DagBag from /home/airflow/.local/lib/python3.12/site-packages/airflow/example_dags/example_task_group.py
[2026-04-12T11:20:13.309+0000] {processor.py:925} INFO - DAG(s) 'example_task_group' retrieved from /home/airflow/.local/lib/python3.12/site-packages/airflow/example_dags/example_task_group.py
[2026-04-12T11:20:13.321+0000] {logging_mixin.py:190} INFO - [2026-04-12T11:20:13.321+0000] {dag.py:3239} INFO - Sync 1 DAGs
[2026-04-12T11:20:13.330+0000] {logging_mixin.py:190} INFO - [2026-04-12T11:20:13.329+0000] {dag.py:4180} INFO - Setting next_dagrun for example_task_group to None, run_after=None
[2026-04-12T11:20:13.340+0000] {processor.py:208} INFO - Processing /home/airflow/.local/lib/python3.12/site-packages/airflow/example_dags/example_task_group.py took 0.043 seconds
[2026-04-12T11:20:44.470+0000] {processor.py:186} INFO - Started process (PID=5111) to work on /home/airflow/.local/lib/python3.12/site-packages/airflow/example_dags/example_task_group.py
[2026-04-12T11:20:44.472+0000] {processor.py:914} INFO - Processing file /home/airflow/.local/lib/python3.12/site-packages/airflow/example_dags/example_task_group.py for tasks to queue
[2026-04-12T11:20:44.475+0000] {logging_mixin.py:190} INFO - [2026-04-12T11:20:44.475+0000] {dagbag.py:588} INFO - Filling up the DagBag from /home/airflow/.local/lib/python3.12/site-packages/airflow/example_dags/example_task_group.py
[2026-04-12T11:20:44.488+0000] {processor.py:925} INFO - DAG(s) 'example_task_group' retrieved from /home/airflow/.local/lib/python3.12/site-packages/airflow/example_dags/example_task_group.py
[2026-04-12T11:20:44.514+0000] {logging_mixin.py:190} INFO - [2026-04-12T11:20:44.514+0000] {dag.py:3239} INFO - Sync 1 DAGs
[2026-04-12T11:20:44.528+0000] {logging_mixin.py:190} INFO - [2026-04-12T11:20:44.528+0000] {dag.py:4180} INFO - Setting next_dagrun for example_task_group to None, run_after=None
[2026-04-12T11:20:44.553+0000] {processor.py:208} INFO - Processing /home/airflow/.local/lib/python3.12/site-packages/airflow/example_dags/example_task_group.py took 0.090 seconds
[2026-04-12T11:21:15.504+0000] {processor.py:186} INFO - Started process (PID=5412) to work on /home/airflow/.local/lib/python3.12/site-packages/airflow/example_dags/example_task_group.py
[2026-04-12T11:21:15.507+0000] {processor.py:914} INFO - Processing file /home/airflow/.local/lib/python3.12/site-packages/airflow/example_dags/example_task_group.py for tasks to queue
[2026-04-12T11:21:15.510+0000] {logging_mixin.py:190} INFO - [2026-04-12T11:21:15.509+0000] {dagbag.py:588} INFO - Filling up the DagBag from /home/airflow/.local/lib/python3.12/site-packages/airflow/example_dags/example_task_group.py
[2026-04-12T11:21:15.517+0000] {processor.py:925} INFO - DAG(s) 'example_task_group' retrieved from /home/airflow/.local/lib/python3.12/site-packages/airflow/example_dags/example_task_group.py
[2026-04-12T11:21:15.553+0000] {logging_mixin.py:190} INFO - [2026-04-12T11:21:15.553+0000] {dag.py:3239} INFO - Sync 1 DAGs
[2026-04-12T11:21:15.569+0000] {logging_mixin.py:190} INFO - [2026-04-12T11:21:15.569+0000] {dag.py:4180} INFO - Setting next_dagrun for example_task_group to None, run_after=None
[2026-04-12T11:21:15.584+0000] {processor.py:208} INFO - Processing /home/airflow/.local/lib/python3.12/site-packages/airflow/example_dags/example_task_group.py took 0.087 seconds
[2026-04-12T11:21:45.647+0000] {processor.py:186} INFO - Started process (PID=5708) to work on /home/airflow/.local/lib/python3.12/site-packages/airflow/example_dags/example_task_group.py
[2026-04-12T11:21:45.652+0000] {processor.py:914} INFO - Processing file /home/airflow/.local/lib/python3.12/site-packages/airflow/example_dags/example_task_group.py for tasks to queue
[2026-04-12T11:21:45.653+0000] {logging_mixin.py:190} INFO - [2026-04-12T11:21:45.653+0000] {dagbag.py:588} INFO - Filling up the DagBag from /home/airflow/.local/lib/python3.12/site-packages/airflow/example_dags/example_task_group.py
[2026-04-12T11:21:45.660+0000] {processor.py:925} INFO - DAG(s) 'example_task_group' retrieved from /home/airflow/.local/lib/python3.12/site-packages/airflow/example_dags/example_task_group.py
[2026-04-12T11:21:45.679+0000] {logging_mixin.py:190} INFO - [2026-04-12T11:21:45.678+0000] {dag.py:3239} INFO - Sync 1 DAGs
[2026-04-12T11:21:45.690+0000] {logging_mixin.py:190} INFO - [2026-04-12T11:21:45.690+0000] {dag.py:4180} INFO - Setting next_dagrun for example_task_group to None, run_after=None
[2026-04-12T11:21:45.701+0000] {processor.py:208} INFO - Processing /home/airflow/.local/lib/python3.12/site-packages/airflow/example_dags/example_task_group.py took 0.058 seconds
[2026-04-12T11:22:15.786+0000] {processor.py:186} INFO - Started process (PID=6004) to work on /home/airflow/.local/lib/python3.12/site-packages/airflow/example_dags/example_task_group.py
[2026-04-12T11:22:15.787+0000] {processor.py:914} INFO - Processing file /home/airflow/.local/lib/python3.12/site-packages/airflow/example_dags/example_task_group.py for tasks to queue
[2026-04-12T11:22:15.789+0000] {logging_mixin.py:190} INFO - [2026-04-12T11:22:15.789+0000] {dagbag.py:588} INFO - Filling up the DagBag from /home/airflow/.local/lib/python3.12/site-packages/airflow/example_dags/example_task_group.py
[2026-04-12T11:22:15.795+0000] {processor.py:925} INFO - DAG(s) 'example_task_group' retrieved from /home/airflow/.local/lib/python3.12/site-packages/airflow/example_dags/example_task_group.py
[2026-04-12T11:22:15.811+0000] {logging_mixin.py:190} INFO - [2026-04-12T11:22:15.811+0000] {dag.py:3239} INFO - Sync 1 DAGs
[2026-04-12T11:22:15.820+0000] {logging_mixin.py:190} INFO - [2026-04-12T11:22:15.820+0000] {dag.py:4180} INFO - Setting next_dagrun for example_task_group to None, run_after=None
[2026-04-12T11:22:15.831+0000] {processor.py:208} INFO - Processing /home/airflow/.local/lib/python3.12/site-packages/airflow/example_dags/example_task_group.py took 0.049 seconds
[2026-04-12T11:22:45.985+0000] {processor.py:186} INFO - Started process (PID=6299) to work on /home/airflow/.local/lib/python3.12/site-packages/airflow/example_dags/example_task_group.py
[2026-04-12T11:22:45.987+0000] {processor.py:914} INFO - Processing file /home/airflow/.local/lib/python3.12/site-packages/airflow/example_dags/example_task_group.py for tasks to queue
[2026-04-12T11:22:45.990+0000] {logging_mixin.py:190} INFO - [2026-04-12T11:22:45.990+0000] {dagbag.py:588} INFO - Filling up the DagBag from /home/airflow/.local/lib/python3.12/site-packages/airflow/example_dags/example_task_group.py
[2026-04-12T11:22:45.996+0000] {processor.py:925} INFO - DAG(s) 'example_task_group' retrieved from /home/airflow/.local/lib/python3.12/site-packages/airflow/example_dags/example_task_group.py
[2026-04-12T11:22:46.009+0000] {logging_mixin.py:190} INFO - [2026-04-12T11:22:46.008+0000] {dag.py:3239} INFO - Sync 1 DAGs
[2026-04-12T11:22:46.017+0000] {logging_mixin.py:190} INFO - [2026-04-12T11:22:46.017+0000] {dag.py:4180} INFO - Setting next_dagrun for example_task_group to None, run_after=None
[2026-04-12T11:22:46.030+0000] {processor.py:208} INFO - Processing /home/airflow/.local/lib/python3.12/site-packages/airflow/example_dags/example_task_group.py took 0.049 seconds
[2026-04-12T11:23:16.135+0000] {processor.py:186} INFO - Started process (PID=6595) to work on /home/airflow/.local/lib/python3.12/site-packages/airflow/example_dags/example_task_group.py
[2026-04-12T11:23:16.136+0000] {processor.py:914} INFO - Processing file /home/airflow/.local/lib/python3.12/site-packages/airflow/example_dags/example_task_group.py for tasks to queue
[2026-04-12T11:23:16.138+0000] {logging_mixin.py:190} INFO - [2026-04-12T11:23:16.138+0000] {dagbag.py:588} INFO - Filling up the DagBag from /home/airflow/.local/lib/python3.12/site-packages/airflow/example_dags/example_task_group.py
[2026-04-12T11:23:16.144+0000] {processor.py:925} INFO - DAG(s) 'example_task_group' retrieved from /home/airflow/.local/lib/python3.12/site-packages/airflow/example_dags/example_task_group.py
[2026-04-12T11:23:16.162+0000] {logging_mixin.py:190} INFO - [2026-04-12T11:23:16.162+0000] {dag.py:3239} INFO - Sync 1 DAGs
[2026-04-12T11:23:16.171+0000] {logging_mixin.py:190} INFO - [2026-04-12T11:23:16.171+0000] {dag.py:4180} INFO - Setting next_dagrun for example_task_group to None, run_after=None
[2026-04-12T11:23:16.187+0000] {processor.py:208} INFO - Processing /home/airflow/.local/lib/python3.12/site-packages/airflow/example_dags/example_task_group.py took 0.057 seconds
[2026-04-12T11:23:46.683+0000] {processor.py:186} INFO - Started process (PID=6891) to work on /home/airflow/.local/lib/python3.12/site-packages/airflow/example_dags/example_task_group.py
[2026-04-12T11:23:46.684+0000] {processor.py:914} INFO - Processing file /home/airflow/.local/lib/python3.12/site-packages/airflow/example_dags/example_task_group.py for tasks to queue
[2026-04-12T11:23:46.685+0000] {logging_mixin.py:190} INFO - [2026-04-12T11:23:46.685+0000] {dagbag.py:588} INFO - Filling up the DagBag from /home/airflow/.local/lib/python3.12/site-packages/airflow/example_dags/example_task_group.py
[2026-04-12T11:23:46.691+0000] {processor.py:925} INFO - DAG(s) 'example_task_group' retrieved from /home/airflow/.local/lib/python3.12/site-packages/airflow/example_dags/example_task_group.py
[2026-04-12T11:23:46.707+0000] {logging_mixin.py:190} INFO - [2026-04-12T11:23:46.706+0000] {dag.py:3239} INFO - Sync 1 DAGs
[2026-04-12T11:23:46.715+0000] {logging_mixin.py:190} INFO - [2026-04-12T11:23:46.715+0000] {dag.py:4180} INFO - Setting next_dagrun for example_task_group to None, run_after=None
[2026-04-12T11:23:46.731+0000] {processor.py:208} INFO - Processing /home/airflow/.local/lib/python3.12/site-packages/airflow/example_dags/example_task_group.py took 0.052 seconds
[2026-04-12T11:24:16.986+0000] {processor.py:186} INFO - Started process (PID=7187) to work on /home/airflow/.local/lib/python3.12/site-packages/airflow/example_dags/example_task_group.py
[2026-04-12T11:24:16.987+0000] {processor.py:914} INFO - Processing file /home/airflow/.local/lib/python3.12/site-packages/airflow/example_dags/example_task_group.py for tasks to queue
[2026-04-12T11:24:16.988+0000] {logging_mixin.py:190} INFO - [2026-04-12T11:24:16.988+0000] {dagbag.py:588} INFO - Filling up the DagBag from /home/airflow/.local/lib/python3.12/site-packages/airflow/example_dags/example_task_group.py
[2026-04-12T11:24:16.994+0000] {processor.py:925} INFO - DAG(s) 'example_task_group' retrieved from /home/airflow/.local/lib/python3.12/site-packages/airflow/example_dags/example_task_group.py
[2026-04-12T11:24:17.012+0000] {logging_mixin.py:190} INFO - [2026-04-12T11:24:17.012+0000] {dag.py:3239} INFO - Sync 1 DAGs
[2026-04-12T11:24:17.021+0000] {logging_mixin.py:190} INFO - [2026-04-12T11:24:17.021+0000] {dag.py:4180} INFO - Setting next_dagrun for example_task_group to None, run_after=None
[2026-04-12T11:24:17.036+0000] {processor.py:208} INFO - Processing /home/airflow/.local/lib/python3.12/site-packages/airflow/example_dags/example_task_group.py took 0.053 seconds
[2026-04-12T11:24:48.138+0000] {processor.py:186} INFO - Started process (PID=7485) to work on /home/airflow/.local/lib/python3.12/site-packages/airflow/example_dags/example_task_group.py
[2026-04-12T11:24:48.139+0000] {processor.py:914} INFO - Processing file /home/airflow/.local/lib/python3.12/site-packages/airflow/example_dags/example_task_group.py for tasks to queue
[2026-04-12T11:24:48.141+0000] {logging_mixin.py:190} INFO - [2026-04-12T11:24:48.140+0000] {dagbag.py:588} INFO - Filling up the DagBag from /home/airflow/.local/lib/python3.12/site-packages/airflow/example_dags/example_task_group.py
[2026-04-12T11:24:48.146+0000] {processor.py:925} INFO - DAG(s) 'example_task_group' retrieved from /home/airflow/.local/lib/python3.12/site-packages/airflow/example_dags/example_task_group.py
[2026-04-12T11:24:48.167+0000] {logging_mixin.py:190} INFO - [2026-04-12T11:24:48.167+0000] {dag.py:3239} INFO - Sync 1 DAGs
[2026-04-12T11:24:48.179+0000] {logging_mixin.py:190} INFO - [2026-04-12T11:24:48.179+0000] {dag.py:4180} INFO - Setting next_dagrun for example_task_group to None, run_after=None
[2026-04-12T11:24:48.198+0000] {processor.py:208} INFO - Processing /home/airflow/.local/lib/python3.12/site-packages/airflow/example_dags/example_task_group.py took 0.064 seconds
[2026-04-12T11:25:18.283+0000] {processor.py:186} INFO - Started process (PID=7779) to work on /home/airflow/.local/lib/python3.12/site-packages/airflow/example_dags/example_task_group.py
[2026-04-12T11:25:18.284+0000] {processor.py:914} INFO - Processing file /home/airflow/.local/lib/python3.12/site-packages/airflow/example_dags/example_task_group.py for tasks to queue
[2026-04-12T11:25:18.286+0000] {logging_mixin.py:190} INFO - [2026-04-12T11:25:18.286+0000] {dagbag.py:588} INFO - Filling up the DagBag from /home/airflow/.local/lib/python3.12/site-packages/airflow/example_dags/example_task_group.py
[2026-04-12T11:25:18.292+0000] {processor.py:925} INFO - DAG(s) 'example_task_group' retrieved from /home/airflow/.local/lib/python3.12/site-packages/airflow/example_dags/example_task_group.py
[2026-04-12T11:25:18.310+0000] {logging_mixin.py:190} INFO - [2026-04-12T11:25:18.310+0000] {dag.py:3239} INFO - Sync 1 DAGs
[2026-04-12T11:25:18.322+0000] {logging_mixin.py:190} INFO - [2026-04-12T11:25:18.322+0000] {dag.py:4180} INFO - Setting next_dagrun for example_task_group to None, run_after=None
[2026-04-12T11:25:18.340+0000] {processor.py:208} INFO - Processing /home/airflow/.local/lib/python3.12/site-packages/airflow/example_dags/example_task_group.py took 0.060 seconds
[2026-04-12T11:25:48.492+0000] {processor.py:186} INFO - Started process (PID=8075) to work on /home/airflow/.local/lib/python3.12/site-packages/airflow/example_dags/example_task_group.py
[2026-04-12T11:25:48.493+0000] {processor.py:914} INFO - Processing file /home/airflow/.local/lib/python3.12/site-packages/airflow/example_dags/example_task_group.py for tasks to queue
[2026-04-12T11:25:48.495+0000] {logging_mixin.py:190} INFO - [2026-04-12T11:25:48.495+0000] {dagbag.py:588} INFO - Filling up the DagBag from /home/airflow/.local/lib/python3.12/site-packages/airflow/example_dags/example_task_group.py
[2026-04-12T11:25:48.503+0000] {processor.py:925} INFO - DAG(s) 'example_task_group' retrieved from /home/airflow/.local/lib/python3.12/site-packages/airflow/example_dags/example_task_group.py
[2026-04-12T11:25:48.522+0000] {logging_mixin.py:190} INFO - [2026-04-12T11:25:48.521+0000] {dag.py:3239} INFO - Sync 1 DAGs
[2026-04-12T11:25:48.531+0000] {logging_mixin.py:190} INFO - [2026-04-12T11:25:48.531+0000] {dag.py:4180} INFO - Setting next_dagrun for example_task_group to None, run_after=None
[2026-04-12T11:25:48.546+0000] {processor.py:208} INFO - Processing /home/airflow/.local/lib/python3.12/site-packages/airflow/example_dags/example_task_group.py took 0.058 seconds
[2026-04-12T11:27:10.089+0000] {processor.py:186} INFO - Started process (PID=8247) to work on /home/airflow/.local/lib/python3.12/site-packages/airflow/example_dags/example_task_group.py
[2026-04-12T11:27:10.090+0000] {processor.py:914} INFO - Processing file /home/airflow/.local/lib/python3.12/site-packages/airflow/example_dags/example_task_group.py for tasks to queue
[2026-04-12T11:27:10.091+0000] {logging_mixin.py:190} INFO - [2026-04-12T11:27:10.091+0000] {dagbag.py:588} INFO - Filling up the DagBag from /home/airflow/.local/lib/python3.12/site-packages/airflow/example_dags/example_task_group.py
[2026-04-12T11:27:10.097+0000] {processor.py:925} INFO - DAG(s) 'example_task_group' retrieved from /home/airflow/.local/lib/python3.12/site-packages/airflow/example_dags/example_task_group.py
[2026-04-12T11:27:10.116+0000] {logging_mixin.py:190} INFO - [2026-04-12T11:27:10.116+0000] {dag.py:3239} INFO - Sync 1 DAGs
[2026-04-12T11:27:10.128+0000] {logging_mixin.py:190} INFO - [2026-04-12T11:27:10.128+0000] {dag.py:4180} INFO - Setting next_dagrun for example_task_group to None, run_after=None
[2026-04-12T11:27:10.152+0000] {processor.py:208} INFO - Processing /home/airflow/.local/lib/python3.12/site-packages/airflow/example_dags/example_task_group.py took 0.067 seconds
[2026-04-12T11:29:46.179+0000] {processor.py:186} INFO - Started process (PID=8541) to work on /home/airflow/.local/lib/python3.12/site-packages/airflow/example_dags/example_task_group.py
[2026-04-12T11:29:46.183+0000] {processor.py:914} INFO - Processing file /home/airflow/.local/lib/python3.12/site-packages/airflow/example_dags/example_task_group.py for tasks to queue
[2026-04-12T11:29:46.190+0000] {logging_mixin.py:190} INFO - [2026-04-12T11:29:46.189+0000] {dagbag.py:588} INFO - Filling up the DagBag from /home/airflow/.local/lib/python3.12/site-packages/airflow/example_dags/example_task_group.py
[2026-04-12T11:29:46.201+0000] {processor.py:925} INFO - DAG(s) 'example_task_group' retrieved from /home/airflow/.local/lib/python3.12/site-packages/airflow/example_dags/example_task_group.py
[2026-04-12T11:29:46.221+0000] {logging_mixin.py:190} INFO - [2026-04-12T11:29:46.221+0000] {dag.py:3239} INFO - Sync 1 DAGs
[2026-04-12T11:29:46.235+0000] {logging_mixin.py:190} INFO - [2026-04-12T11:29:46.235+0000] {dag.py:4180} INFO - Setting next_dagrun for example_task_group to None, run_after=None
[2026-04-12T11:29:46.254+0000] {processor.py:208} INFO - Processing /home/airflow/.local/lib/python3.12/site-packages/airflow/example_dags/example_task_group.py took 0.079 seconds
[2026-04-12T11:30:16.423+0000] {processor.py:186} INFO - Started process (PID=8837) to work on /home/airflow/.local/lib/python3.12/site-packages/airflow/example_dags/example_task_group.py
[2026-04-12T11:30:16.425+0000] {processor.py:914} INFO - Processing file /home/airflow/.local/lib/python3.12/site-packages/airflow/example_dags/example_task_group.py for tasks to queue
[2026-04-12T11:30:16.428+0000] {logging_mixin.py:190} INFO - [2026-04-12T11:30:16.427+0000] {dagbag.py:588} INFO - Filling up the DagBag from /home/airflow/.local/lib/python3.12/site-packages/airflow/example_dags/example_task_group.py
[2026-04-12T11:30:16.435+0000] {processor.py:925} INFO - DAG(s) 'example_task_group' retrieved from /home/airflow/.local/lib/python3.12/site-packages/airflow/example_dags/example_task_group.py
[2026-04-12T11:30:16.460+0000] {logging_mixin.py:190} INFO - [2026-04-12T11:30:16.460+0000] {dag.py:3239} INFO - Sync 1 DAGs
[2026-04-12T11:30:16.472+0000] {logging_mixin.py:190} INFO - [2026-04-12T11:30:16.472+0000] {dag.py:4180} INFO - Setting next_dagrun for example_task_group to None, run_after=None
[2026-04-12T11:30:16.492+0000] {processor.py:208} INFO - Processing /home/airflow/.local/lib/python3.12/site-packages/airflow/example_dags/example_task_group.py took 0.074 seconds
[2026-04-12T11:30:46.891+0000] {processor.py:186} INFO - Started process (PID=9133) to work on /home/airflow/.local/lib/python3.12/site-packages/airflow/example_dags/example_task_group.py
[2026-04-12T11:30:46.893+0000] {processor.py:914} INFO - Processing file /home/airflow/.local/lib/python3.12/site-packages/airflow/example_dags/example_task_group.py for tasks to queue
[2026-04-12T11:30:46.894+0000] {logging_mixin.py:190} INFO - [2026-04-12T11:30:46.894+0000] {dagbag.py:588} INFO - Filling up the DagBag from /home/airflow/.local/lib/python3.12/site-packages/airflow/example_dags/example_task_group.py
[2026-04-12T11:30:46.900+0000] {processor.py:925} INFO - DAG(s) 'example_task_group' retrieved from /home/airflow/.local/lib/python3.12/site-packages/airflow/example_dags/example_task_group.py
[2026-04-12T11:30:46.916+0000] {logging_mixin.py:190} INFO - [2026-04-12T11:30:46.916+0000] {dag.py:3239} INFO - Sync 1 DAGs
[2026-04-12T11:30:46.926+0000] {logging_mixin.py:190} INFO - [2026-04-12T11:30:46.926+0000] {dag.py:4180} INFO - Setting next_dagrun for example_task_group to None, run_after=None
[2026-04-12T11:30:46.946+0000] {processor.py:208} INFO - Processing /home/airflow/.local/lib/python3.12/site-packages/airflow/example_dags/example_task_group.py took 0.059 seconds
[2026-04-12T11:31:17.089+0000] {processor.py:186} INFO - Started process (PID=9430) to work on /home/airflow/.local/lib/python3.12/site-packages/airflow/example_dags/example_task_group.py
[2026-04-12T11:31:17.090+0000] {processor.py:914} INFO - Processing file /home/airflow/.local/lib/python3.12/site-packages/airflow/example_dags/example_task_group.py for tasks to queue
[2026-04-12T11:31:17.091+0000] {logging_mixin.py:190} INFO - [2026-04-12T11:31:17.091+0000] {dagbag.py:588} INFO - Filling up the DagBag from /home/airflow/.local/lib/python3.12/site-packages/airflow/example_dags/example_task_group.py
[2026-04-12T11:31:17.097+0000] {processor.py:925} INFO - DAG(s) 'example_task_group' retrieved from /home/airflow/.local/lib/python3.12/site-packages/airflow/example_dags/example_task_group.py
[2026-04-12T11:31:17.110+0000] {logging_mixin.py:190} INFO - [2026-04-12T11:31:17.110+0000] {dag.py:3239} INFO - Sync 1 DAGs
[2026-04-12T11:31:17.118+0000] {logging_mixin.py:190} INFO - [2026-04-12T11:31:17.118+0000] {dag.py:4180} INFO - Setting next_dagrun for example_task_group to None, run_after=None
[2026-04-12T11:31:17.128+0000] {processor.py:208} INFO - Processing /home/airflow/.local/lib/python3.12/site-packages/airflow/example_dags/example_task_group.py took 0.043 seconds
[2026-04-12T11:31:47.425+0000] {processor.py:186} INFO - Started process (PID=9724) to work on /home/airflow/.local/lib/python3.12/site-packages/airflow/example_dags/example_task_group.py
[2026-04-12T11:31:47.428+0000] {processor.py:914} INFO - Processing file /home/airflow/.local/lib/python3.12/site-packages/airflow/example_dags/example_task_group.py for tasks to queue
[2026-04-12T11:31:47.430+0000] {logging_mixin.py:190} INFO - [2026-04-12T11:31:47.430+0000] {dagbag.py:588} INFO - Filling up the DagBag from /home/airflow/.local/lib/python3.12/site-packages/airflow/example_dags/example_task_group.py
[2026-04-12T11:31:47.435+0000] {processor.py:925} INFO - DAG(s) 'example_task_group' retrieved from /home/airflow/.local/lib/python3.12/site-packages/airflow/example_dags/example_task_group.py
[2026-04-12T11:31:47.452+0000] {logging_mixin.py:190} INFO - [2026-04-12T11:31:47.452+0000] {dag.py:3239} INFO - Sync 1 DAGs
[2026-04-12T11:31:47.464+0000] {logging_mixin.py:190} INFO - [2026-04-12T11:31:47.464+0000] {dag.py:4180} INFO - Setting next_dagrun for example_task_group to None, run_after=None
[2026-04-12T11:31:47.477+0000] {processor.py:208} INFO - Processing /home/airflow/.local/lib/python3.12/site-packages/airflow/example_dags/example_task_group.py took 0.055 seconds
[2026-04-12T11:32:18.755+0000] {processor.py:186} INFO - Started process (PID=10022) to work on /home/airflow/.local/lib/python3.12/site-packages/airflow/example_dags/example_task_group.py
[2026-04-12T11:32:18.756+0000] {processor.py:914} INFO - Processing file /home/airflow/.local/lib/python3.12/site-packages/airflow/example_dags/example_task_group.py for tasks to queue
[2026-04-12T11:32:18.758+0000] {logging_mixin.py:190} INFO - [2026-04-12T11:32:18.758+0000] {dagbag.py:588} INFO - Filling up the DagBag from /home/airflow/.local/lib/python3.12/site-packages/airflow/example_dags/example_task_group.py
[2026-04-12T11:32:18.764+0000] {processor.py:925} INFO - DAG(s) 'example_task_group' retrieved from /home/airflow/.local/lib/python3.12/site-packages/airflow/example_dags/example_task_group.py
[2026-04-12T11:32:18.786+0000] {logging_mixin.py:190} INFO - [2026-04-12T11:32:18.785+0000] {dag.py:3239} INFO - Sync 1 DAGs
[2026-04-12T11:32:18.797+0000] {logging_mixin.py:190} INFO - [2026-04-12T11:32:18.797+0000] {dag.py:4180} INFO - Setting next_dagrun for example_task_group to None, run_after=None
[2026-04-12T11:32:18.821+0000] {processor.py:208} INFO - Processing /home/airflow/.local/lib/python3.12/site-packages/airflow/example_dags/example_task_group.py took 0.070 seconds
[2026-04-12T11:32:49.659+0000] {processor.py:186} INFO - Started process (PID=10318) to work on /home/airflow/.local/lib/python3.12/site-packages/airflow/example_dags/example_task_group.py
[2026-04-12T11:32:49.660+0000] {processor.py:914} INFO - Processing file /home/airflow/.local/lib/python3.12/site-packages/airflow/example_dags/example_task_group.py for tasks to queue
[2026-04-12T11:32:49.661+0000] {logging_mixin.py:190} INFO - [2026-04-12T11:32:49.661+0000] {dagbag.py:588} INFO - Filling up the DagBag from /home/airflow/.local/lib/python3.12/site-packages/airflow/example_dags/example_task_group.py
[2026-04-12T11:32:49.668+0000] {processor.py:925} INFO - DAG(s) 'example_task_group' retrieved from /home/airflow/.local/lib/python3.12/site-packages/airflow/example_dags/example_task_group.py
[2026-04-12T11:32:49.686+0000] {logging_mixin.py:190} INFO - [2026-04-12T11:32:49.686+0000] {dag.py:3239} INFO - Sync 1 DAGs
[2026-04-12T11:32:49.695+0000] {logging_mixin.py:190} INFO - [2026-04-12T11:32:49.695+0000] {dag.py:4180} INFO - Setting next_dagrun for example_task_group to None, run_after=None
[2026-04-12T11:32:49.708+0000] {processor.py:208} INFO - Processing /home/airflow/.local/lib/python3.12/site-packages/airflow/example_dags/example_task_group.py took 0.053 seconds
[2026-04-12T11:33:20.593+0000] {processor.py:186} INFO - Started process (PID=10612) to work on /home/airflow/.local/lib/python3.12/site-packages/airflow/example_dags/example_task_group.py
[2026-04-12T11:33:20.594+0000] {processor.py:914} INFO - Processing file /home/airflow/.local/lib/python3.12/site-packages/airflow/example_dags/example_task_group.py for tasks to queue
[2026-04-12T11:33:20.597+0000] {logging_mixin.py:190} INFO - [2026-04-12T11:33:20.597+0000] {dagbag.py:588} INFO - Filling up the DagBag from /home/airflow/.local/lib/python3.12/site-packages/airflow/example_dags/example_task_group.py
[2026-04-12T11:33:20.603+0000] {processor.py:925} INFO - DAG(s) 'example_task_group' retrieved from /home/airflow/.local/lib/python3.12/site-packages/airflow/example_dags/example_task_group.py
[2026-04-12T11:33:20.624+0000] {logging_mixin.py:190} INFO - [2026-04-12T11:33:20.624+0000] {dag.py:3239} INFO - Sync 1 DAGs
[2026-04-12T11:33:20.637+0000] {logging_mixin.py:190} INFO - [2026-04-12T11:33:20.637+0000] {dag.py:4180} INFO - Setting next_dagrun for example_task_group to None, run_after=None
[2026-04-12T11:33:20.655+0000] {processor.py:208} INFO - Processing /home/airflow/.local/lib/python3.12/site-packages/airflow/example_dags/example_task_group.py took 0.066 seconds
[2026-04-12T11:33:51.690+0000] {processor.py:186} INFO - Started process (PID=10907) to work on /home/airflow/.local/lib/python3.12/site-packages/airflow/example_dags/example_task_group.py
[2026-04-12T11:33:51.697+0000] {processor.py:914} INFO - Processing file /home/airflow/.local/lib/python3.12/site-packages/airflow/example_dags/example_task_group.py for tasks to queue
[2026-04-12T11:33:51.698+0000] {logging_mixin.py:190} INFO - [2026-04-12T11:33:51.698+0000] {dagbag.py:588} INFO - Filling up the DagBag from /home/airflow/.local/lib/python3.12/site-packages/airflow/example_dags/example_task_group.py
[2026-04-12T11:33:51.705+0000] {processor.py:925} INFO - DAG(s) 'example_task_group' retrieved from /home/airflow/.local/lib/python3.12/site-packages/airflow/example_dags/example_task_group.py
[2026-04-12T11:33:51.720+0000] {logging_mixin.py:190} INFO - [2026-04-12T11:33:51.720+0000] {dag.py:3239} INFO - Sync 1 DAGs
[2026-04-12T11:33:51.735+0000] {logging_mixin.py:190} INFO - [2026-04-12T11:33:51.734+0000] {dag.py:4180} INFO - Setting next_dagrun for example_task_group to None, run_after=None
[2026-04-12T11:33:51.747+0000] {processor.py:208} INFO - Processing /home/airflow/.local/lib/python3.12/site-packages/airflow/example_dags/example_task_group.py took 0.062 seconds
[2026-04-12T11:34:22.547+0000] {processor.py:186} INFO - Started process (PID=11203) to work on /home/airflow/.local/lib/python3.12/site-packages/airflow/example_dags/example_task_group.py
[2026-04-12T11:34:22.551+0000] {processor.py:914} INFO - Processing file /home/airflow/.local/lib/python3.12/site-packages/airflow/example_dags/example_task_group.py for tasks to queue
[2026-04-12T11:34:22.552+0000] {logging_mixin.py:190} INFO - [2026-04-12T11:34:22.552+0000] {dagbag.py:588} INFO - Filling up the DagBag from /home/airflow/.local/lib/python3.12/site-packages/airflow/example_dags/example_task_group.py
[2026-04-12T11:34:22.558+0000] {processor.py:925} INFO - DAG(s) 'example_task_group' retrieved from /home/airflow/.local/lib/python3.12/site-packages/airflow/example_dags/example_task_group.py
[2026-04-12T11:34:22.574+0000] {logging_mixin.py:190} INFO - [2026-04-12T11:34:22.573+0000] {dag.py:3239} INFO - Sync 1 DAGs
[2026-04-12T11:34:22.585+0000] {logging_mixin.py:190} INFO - [2026-04-12T11:34:22.585+0000] {dag.py:4180} INFO - Setting next_dagrun for example_task_group to None, run_after=None
[2026-04-12T11:34:22.604+0000] {processor.py:208} INFO - Processing /home/airflow/.local/lib/python3.12/site-packages/airflow/example_dags/example_task_group.py took 0.061 seconds
[2026-04-12T11:34:53.406+0000] {processor.py:186} INFO - Started process (PID=11499) to work on /home/airflow/.local/lib/python3.12/site-packages/airflow/example_dags/example_task_group.py
[2026-04-12T11:34:53.407+0000] {processor.py:914} INFO - Processing file /home/airflow/.local/lib/python3.12/site-packages/airflow/example_dags/example_task_group.py for tasks to queue
[2026-04-12T11:34:53.409+0000] {logging_mixin.py:190} INFO - [2026-04-12T11:34:53.409+0000] {dagbag.py:588} INFO - Filling up the DagBag from /home/airflow/.local/lib/python3.12/site-packages/airflow/example_dags/example_task_group.py
[2026-04-12T11:34:53.414+0000] {processor.py:925} INFO - DAG(s) 'example_task_group' retrieved from /home/airflow/.local/lib/python3.12/site-packages/airflow/example_dags/example_task_group.py
[2026-04-12T11:34:53.427+0000] {logging_mixin.py:190} INFO - [2026-04-12T11:34:53.427+0000] {dag.py:3239} INFO - Sync 1 DAGs
[2026-04-12T11:34:53.438+0000] {logging_mixin.py:190} INFO - [2026-04-12T11:34:53.438+0000] {dag.py:4180} INFO - Setting next_dagrun for example_task_group to None, run_after=None
[2026-04-12T11:34:53.455+0000] {processor.py:208} INFO - Processing /home/airflow/.local/lib/python3.12/site-packages/airflow/example_dags/example_task_group.py took 0.053 seconds
