[2026-04-12T11:12:28.381+0000] {processor.py:186} INFO - Started process (PID=195) to work on /home/airflow/.local/lib/python3.12/site-packages/airflow/example_dags/example_python_operator.py
[2026-04-12T11:12:28.382+0000] {processor.py:914} INFO - Processing file /home/airflow/.local/lib/python3.12/site-packages/airflow/example_dags/example_python_operator.py for tasks to queue
[2026-04-12T11:12:28.386+0000] {logging_mixin.py:190} INFO - [2026-04-12T11:12:28.386+0000] {dagbag.py:588} INFO - Filling up the DagBag from /home/airflow/.local/lib/python3.12/site-packages/airflow/example_dags/example_python_operator.py
[2026-04-12T11:12:28.424+0000] {processor.py:925} INFO - DAG(s) 'example_python_operator' retrieved from /home/airflow/.local/lib/python3.12/site-packages/airflow/example_dags/example_python_operator.py
[2026-04-12T11:12:28.695+0000] {logging_mixin.py:190} INFO - [2026-04-12T11:12:28.694+0000] {override.py:1912} INFO - Created Permission View: can edit on DAG:example_python_operator
[2026-04-12T11:12:28.704+0000] {logging_mixin.py:190} INFO - [2026-04-12T11:12:28.704+0000] {override.py:1912} INFO - Created Permission View: can delete on DAG:example_python_operator
[2026-04-12T11:12:28.709+0000] {logging_mixin.py:190} INFO - [2026-04-12T11:12:28.709+0000] {override.py:1912} INFO - Created Permission View: can read on DAG:example_python_operator
[2026-04-12T11:12:28.713+0000] {logging_mixin.py:190} INFO - [2026-04-12T11:12:28.713+0000] {override.py:1912} INFO - Created Permission View: can delete on DAG Run:example_python_operator
[2026-04-12T11:12:28.718+0000] {logging_mixin.py:190} INFO - [2026-04-12T11:12:28.718+0000] {override.py:1912} INFO - Created Permission View: can create on DAG Run:example_python_operator
[2026-04-12T11:12:28.723+0000] {logging_mixin.py:190} INFO - [2026-04-12T11:12:28.723+0000] {override.py:1912} INFO - Created Permission View: can read on DAG Run:example_python_operator
[2026-04-12T11:12:28.728+0000] {logging_mixin.py:190} INFO - [2026-04-12T11:12:28.728+0000] {override.py:1912} INFO - Created Permission View: menu access on DAG Run:example_python_operator
[2026-04-12T11:12:28.729+0000] {logging_mixin.py:190} INFO - [2026-04-12T11:12:28.728+0000] {dag.py:3239} INFO - Sync 1 DAGs
[2026-04-12T11:12:28.741+0000] {logging_mixin.py:190} INFO - [2026-04-12T11:12:28.741+0000] {dag.py:3262} INFO - Creating ORM DAG for example_python_operator
[2026-04-12T11:12:28.742+0000] {logging_mixin.py:190} INFO - [2026-04-12T11:12:28.742+0000] {dag.py:4180} INFO - Setting next_dagrun for example_python_operator to None, run_after=None
[2026-04-12T11:12:28.755+0000] {processor.py:208} INFO - Processing /home/airflow/.local/lib/python3.12/site-packages/airflow/example_dags/example_python_operator.py took 0.381 seconds
[2026-04-12T11:12:59.105+0000] {processor.py:186} INFO - Started process (PID=491) to work on /home/airflow/.local/lib/python3.12/site-packages/airflow/example_dags/example_python_operator.py
[2026-04-12T11:12:59.107+0000] {processor.py:914} INFO - Processing file /home/airflow/.local/lib/python3.12/site-packages/airflow/example_dags/example_python_operator.py for tasks to queue
[2026-04-12T11:12:59.111+0000] {logging_mixin.py:190} INFO - [2026-04-12T11:12:59.110+0000] {dagbag.py:588} INFO - Filling up the DagBag from /home/airflow/.local/lib/python3.12/site-packages/airflow/example_dags/example_python_operator.py
[2026-04-12T11:12:59.136+0000] {processor.py:925} INFO - DAG(s) 'example_python_operator' retrieved from /home/airflow/.local/lib/python3.12/site-packages/airflow/example_dags/example_python_operator.py
[2026-04-12T11:12:59.163+0000] {logging_mixin.py:190} INFO - [2026-04-12T11:12:59.163+0000] {dag.py:3239} INFO - Sync 1 DAGs
[2026-04-12T11:12:59.189+0000] {logging_mixin.py:190} INFO - [2026-04-12T11:12:59.189+0000] {dag.py:4180} INFO - Setting next_dagrun for example_python_operator to None, run_after=None
[2026-04-12T11:12:59.211+0000] {processor.py:208} INFO - Processing /home/airflow/.local/lib/python3.12/site-packages/airflow/example_dags/example_python_operator.py took 0.116 seconds
[2026-04-12T11:13:29.370+0000] {processor.py:186} INFO - Started process (PID=783) to work on /home/airflow/.local/lib/python3.12/site-packages/airflow/example_dags/example_python_operator.py
[2026-04-12T11:13:29.371+0000] {processor.py:914} INFO - Processing file /home/airflow/.local/lib/python3.12/site-packages/airflow/example_dags/example_python_operator.py for tasks to queue
[2026-04-12T11:13:29.374+0000] {logging_mixin.py:190} INFO - [2026-04-12T11:13:29.373+0000] {dagbag.py:588} INFO - Filling up the DagBag from /home/airflow/.local/lib/python3.12/site-packages/airflow/example_dags/example_python_operator.py
[2026-04-12T11:13:29.392+0000] {processor.py:925} INFO - DAG(s) 'example_python_operator' retrieved from /home/airflow/.local/lib/python3.12/site-packages/airflow/example_dags/example_python_operator.py
[2026-04-12T11:13:29.425+0000] {logging_mixin.py:190} INFO - [2026-04-12T11:13:29.424+0000] {dag.py:3239} INFO - Sync 1 DAGs
[2026-04-12T11:13:29.440+0000] {logging_mixin.py:190} INFO - [2026-04-12T11:13:29.440+0000] {dag.py:4180} INFO - Setting next_dagrun for example_python_operator to None, run_after=None
[2026-04-12T11:13:29.457+0000] {processor.py:208} INFO - Processing /home/airflow/.local/lib/python3.12/site-packages/airflow/example_dags/example_python_operator.py took 0.096 seconds
[2026-04-12T11:14:00.335+0000] {processor.py:186} INFO - Started process (PID=1082) to work on /home/airflow/.local/lib/python3.12/site-packages/airflow/example_dags/example_python_operator.py
[2026-04-12T11:14:00.337+0000] {processor.py:914} INFO - Processing file /home/airflow/.local/lib/python3.12/site-packages/airflow/example_dags/example_python_operator.py for tasks to queue
[2026-04-12T11:14:00.340+0000] {logging_mixin.py:190} INFO - [2026-04-12T11:14:00.340+0000] {dagbag.py:588} INFO - Filling up the DagBag from /home/airflow/.local/lib/python3.12/site-packages/airflow/example_dags/example_python_operator.py
[2026-04-12T11:14:00.373+0000] {processor.py:925} INFO - DAG(s) 'example_python_operator' retrieved from /home/airflow/.local/lib/python3.12/site-packages/airflow/example_dags/example_python_operator.py
[2026-04-12T11:14:00.401+0000] {logging_mixin.py:190} INFO - [2026-04-12T11:14:00.400+0000] {dag.py:3239} INFO - Sync 1 DAGs
[2026-04-12T11:14:00.415+0000] {logging_mixin.py:190} INFO - [2026-04-12T11:14:00.415+0000] {dag.py:4180} INFO - Setting next_dagrun for example_python_operator to None, run_after=None
[2026-04-12T11:14:00.438+0000] {processor.py:208} INFO - Processing /home/airflow/.local/lib/python3.12/site-packages/airflow/example_dags/example_python_operator.py took 0.111 seconds
[2026-04-12T11:14:30.795+0000] {processor.py:186} INFO - Started process (PID=1379) to work on /home/airflow/.local/lib/python3.12/site-packages/airflow/example_dags/example_python_operator.py
[2026-04-12T11:14:30.796+0000] {processor.py:914} INFO - Processing file /home/airflow/.local/lib/python3.12/site-packages/airflow/example_dags/example_python_operator.py for tasks to queue
[2026-04-12T11:14:30.799+0000] {logging_mixin.py:190} INFO - [2026-04-12T11:14:30.798+0000] {dagbag.py:588} INFO - Filling up the DagBag from /home/airflow/.local/lib/python3.12/site-packages/airflow/example_dags/example_python_operator.py
[2026-04-12T11:14:30.818+0000] {processor.py:925} INFO - DAG(s) 'example_python_operator' retrieved from /home/airflow/.local/lib/python3.12/site-packages/airflow/example_dags/example_python_operator.py
[2026-04-12T11:14:30.852+0000] {logging_mixin.py:190} INFO - [2026-04-12T11:14:30.852+0000] {dag.py:3239} INFO - Sync 1 DAGs
[2026-04-12T11:14:30.877+0000] {logging_mixin.py:190} INFO - [2026-04-12T11:14:30.876+0000] {dag.py:4180} INFO - Setting next_dagrun for example_python_operator to None, run_after=None
[2026-04-12T11:14:30.910+0000] {processor.py:208} INFO - Processing /home/airflow/.local/lib/python3.12/site-packages/airflow/example_dags/example_python_operator.py took 0.123 seconds
[2026-04-12T11:15:01.385+0000] {processor.py:186} INFO - Started process (PID=1682) to work on /home/airflow/.local/lib/python3.12/site-packages/airflow/example_dags/example_python_operator.py
[2026-04-12T11:15:01.393+0000] {processor.py:914} INFO - Processing file /home/airflow/.local/lib/python3.12/site-packages/airflow/example_dags/example_python_operator.py for tasks to queue
[2026-04-12T11:15:01.396+0000] {logging_mixin.py:190} INFO - [2026-04-12T11:15:01.396+0000] {dagbag.py:588} INFO - Filling up the DagBag from /home/airflow/.local/lib/python3.12/site-packages/airflow/example_dags/example_python_operator.py
[2026-04-12T11:15:01.424+0000] {processor.py:925} INFO - DAG(s) 'example_python_operator' retrieved from /home/airflow/.local/lib/python3.12/site-packages/airflow/example_dags/example_python_operator.py
[2026-04-12T11:15:01.476+0000] {logging_mixin.py:190} INFO - [2026-04-12T11:15:01.476+0000] {dag.py:3239} INFO - Sync 1 DAGs
[2026-04-12T11:15:01.494+0000] {logging_mixin.py:190} INFO - [2026-04-12T11:15:01.493+0000] {dag.py:4180} INFO - Setting next_dagrun for example_python_operator to None, run_after=None
[2026-04-12T11:15:01.516+0000] {processor.py:208} INFO - Processing /home/airflow/.local/lib/python3.12/site-packages/airflow/example_dags/example_python_operator.py took 0.141 seconds
[2026-04-12T11:15:31.854+0000] {processor.py:186} INFO - Started process (PID=1978) to work on /home/airflow/.local/lib/python3.12/site-packages/airflow/example_dags/example_python_operator.py
[2026-04-12T11:15:31.857+0000] {processor.py:914} INFO - Processing file /home/airflow/.local/lib/python3.12/site-packages/airflow/example_dags/example_python_operator.py for tasks to queue
[2026-04-12T11:15:31.861+0000] {logging_mixin.py:190} INFO - [2026-04-12T11:15:31.861+0000] {dagbag.py:588} INFO - Filling up the DagBag from /home/airflow/.local/lib/python3.12/site-packages/airflow/example_dags/example_python_operator.py
[2026-04-12T11:15:31.875+0000] {processor.py:925} INFO - DAG(s) 'example_python_operator' retrieved from /home/airflow/.local/lib/python3.12/site-packages/airflow/example_dags/example_python_operator.py
[2026-04-12T11:15:31.901+0000] {logging_mixin.py:190} INFO - [2026-04-12T11:15:31.901+0000] {dag.py:3239} INFO - Sync 1 DAGs
[2026-04-12T11:15:31.913+0000] {logging_mixin.py:190} INFO - [2026-04-12T11:15:31.913+0000] {dag.py:4180} INFO - Setting next_dagrun for example_python_operator to None, run_after=None
[2026-04-12T11:15:31.934+0000] {processor.py:208} INFO - Processing /home/airflow/.local/lib/python3.12/site-packages/airflow/example_dags/example_python_operator.py took 0.088 seconds
[2026-04-12T11:16:02.797+0000] {processor.py:186} INFO - Started process (PID=2274) to work on /home/airflow/.local/lib/python3.12/site-packages/airflow/example_dags/example_python_operator.py
[2026-04-12T11:16:02.799+0000] {processor.py:914} INFO - Processing file /home/airflow/.local/lib/python3.12/site-packages/airflow/example_dags/example_python_operator.py for tasks to queue
[2026-04-12T11:16:02.821+0000] {logging_mixin.py:190} INFO - [2026-04-12T11:16:02.814+0000] {dagbag.py:588} INFO - Filling up the DagBag from /home/airflow/.local/lib/python3.12/site-packages/airflow/example_dags/example_python_operator.py
[2026-04-12T11:16:02.865+0000] {processor.py:925} INFO - DAG(s) 'example_python_operator' retrieved from /home/airflow/.local/lib/python3.12/site-packages/airflow/example_dags/example_python_operator.py
[2026-04-12T11:16:02.943+0000] {logging_mixin.py:190} INFO - [2026-04-12T11:16:02.942+0000] {dag.py:3239} INFO - Sync 1 DAGs
[2026-04-12T11:16:02.967+0000] {logging_mixin.py:190} INFO - [2026-04-12T11:16:02.967+0000] {dag.py:4180} INFO - Setting next_dagrun for example_python_operator to None, run_after=None
[2026-04-12T11:16:02.989+0000] {processor.py:208} INFO - Processing /home/airflow/.local/lib/python3.12/site-packages/airflow/example_dags/example_python_operator.py took 0.201 seconds
[2026-04-12T11:16:33.575+0000] {processor.py:186} INFO - Started process (PID=2570) to work on /home/airflow/.local/lib/python3.12/site-packages/airflow/example_dags/example_python_operator.py
[2026-04-12T11:16:33.583+0000] {processor.py:914} INFO - Processing file /home/airflow/.local/lib/python3.12/site-packages/airflow/example_dags/example_python_operator.py for tasks to queue
[2026-04-12T11:16:33.585+0000] {logging_mixin.py:190} INFO - [2026-04-12T11:16:33.585+0000] {dagbag.py:588} INFO - Filling up the DagBag from /home/airflow/.local/lib/python3.12/site-packages/airflow/example_dags/example_python_operator.py
[2026-04-12T11:16:33.599+0000] {processor.py:925} INFO - DAG(s) 'example_python_operator' retrieved from /home/airflow/.local/lib/python3.12/site-packages/airflow/example_dags/example_python_operator.py
[2026-04-12T11:16:33.620+0000] {logging_mixin.py:190} INFO - [2026-04-12T11:16:33.620+0000] {dag.py:3239} INFO - Sync 1 DAGs
[2026-04-12T11:16:33.637+0000] {logging_mixin.py:190} INFO - [2026-04-12T11:16:33.637+0000] {dag.py:4180} INFO - Setting next_dagrun for example_python_operator to None, run_after=None
[2026-04-12T11:16:33.654+0000] {processor.py:208} INFO - Processing /home/airflow/.local/lib/python3.12/site-packages/airflow/example_dags/example_python_operator.py took 0.091 seconds
[2026-04-12T11:17:03.893+0000] {processor.py:186} INFO - Started process (PID=2878) to work on /home/airflow/.local/lib/python3.12/site-packages/airflow/example_dags/example_python_operator.py
[2026-04-12T11:17:03.894+0000] {processor.py:914} INFO - Processing file /home/airflow/.local/lib/python3.12/site-packages/airflow/example_dags/example_python_operator.py for tasks to queue
[2026-04-12T11:17:03.898+0000] {logging_mixin.py:190} INFO - [2026-04-12T11:17:03.897+0000] {dagbag.py:588} INFO - Filling up the DagBag from /home/airflow/.local/lib/python3.12/site-packages/airflow/example_dags/example_python_operator.py
[2026-04-12T11:17:03.915+0000] {processor.py:925} INFO - DAG(s) 'example_python_operator' retrieved from /home/airflow/.local/lib/python3.12/site-packages/airflow/example_dags/example_python_operator.py
[2026-04-12T11:17:03.935+0000] {logging_mixin.py:190} INFO - [2026-04-12T11:17:03.935+0000] {dag.py:3239} INFO - Sync 1 DAGs
[2026-04-12T11:17:03.952+0000] {logging_mixin.py:190} INFO - [2026-04-12T11:17:03.952+0000] {dag.py:4180} INFO - Setting next_dagrun for example_python_operator to None, run_after=None
[2026-04-12T11:17:03.964+0000] {processor.py:208} INFO - Processing /home/airflow/.local/lib/python3.12/site-packages/airflow/example_dags/example_python_operator.py took 0.076 seconds
[2026-04-12T11:17:34.607+0000] {processor.py:186} INFO - Started process (PID=3174) to work on /home/airflow/.local/lib/python3.12/site-packages/airflow/example_dags/example_python_operator.py
[2026-04-12T11:17:34.609+0000] {processor.py:914} INFO - Processing file /home/airflow/.local/lib/python3.12/site-packages/airflow/example_dags/example_python_operator.py for tasks to queue
[2026-04-12T11:17:34.610+0000] {logging_mixin.py:190} INFO - [2026-04-12T11:17:34.610+0000] {dagbag.py:588} INFO - Filling up the DagBag from /home/airflow/.local/lib/python3.12/site-packages/airflow/example_dags/example_python_operator.py
[2026-04-12T11:17:34.622+0000] {processor.py:925} INFO - DAG(s) 'example_python_operator' retrieved from /home/airflow/.local/lib/python3.12/site-packages/airflow/example_dags/example_python_operator.py
[2026-04-12T11:17:34.641+0000] {logging_mixin.py:190} INFO - [2026-04-12T11:17:34.640+0000] {dag.py:3239} INFO - Sync 1 DAGs
[2026-04-12T11:17:34.651+0000] {logging_mixin.py:190} INFO - [2026-04-12T11:17:34.651+0000] {dag.py:4180} INFO - Setting next_dagrun for example_python_operator to None, run_after=None
[2026-04-12T11:17:34.668+0000] {processor.py:208} INFO - Processing /home/airflow/.local/lib/python3.12/site-packages/airflow/example_dags/example_python_operator.py took 0.067 seconds
[2026-04-12T11:18:05.506+0000] {processor.py:186} INFO - Started process (PID=3473) to work on /home/airflow/.local/lib/python3.12/site-packages/airflow/example_dags/example_python_operator.py
[2026-04-12T11:18:05.508+0000] {processor.py:914} INFO - Processing file /home/airflow/.local/lib/python3.12/site-packages/airflow/example_dags/example_python_operator.py for tasks to queue
[2026-04-12T11:18:05.510+0000] {logging_mixin.py:190} INFO - [2026-04-12T11:18:05.510+0000] {dagbag.py:588} INFO - Filling up the DagBag from /home/airflow/.local/lib/python3.12/site-packages/airflow/example_dags/example_python_operator.py
[2026-04-12T11:18:05.538+0000] {processor.py:925} INFO - DAG(s) 'example_python_operator' retrieved from /home/airflow/.local/lib/python3.12/site-packages/airflow/example_dags/example_python_operator.py
[2026-04-12T11:18:05.564+0000] {logging_mixin.py:190} INFO - [2026-04-12T11:18:05.564+0000] {dag.py:3239} INFO - Sync 1 DAGs
[2026-04-12T11:18:05.577+0000] {logging_mixin.py:190} INFO - [2026-04-12T11:18:05.577+0000] {dag.py:4180} INFO - Setting next_dagrun for example_python_operator to None, run_after=None
[2026-04-12T11:18:05.590+0000] {processor.py:208} INFO - Processing /home/airflow/.local/lib/python3.12/site-packages/airflow/example_dags/example_python_operator.py took 0.088 seconds
[2026-04-12T11:18:36.622+0000] {processor.py:186} INFO - Started process (PID=3774) to work on /home/airflow/.local/lib/python3.12/site-packages/airflow/example_dags/example_python_operator.py
[2026-04-12T11:18:36.624+0000] {processor.py:914} INFO - Processing file /home/airflow/.local/lib/python3.12/site-packages/airflow/example_dags/example_python_operator.py for tasks to queue
[2026-04-12T11:18:36.630+0000] {logging_mixin.py:190} INFO - [2026-04-12T11:18:36.629+0000] {dagbag.py:588} INFO - Filling up the DagBag from /home/airflow/.local/lib/python3.12/site-packages/airflow/example_dags/example_python_operator.py
[2026-04-12T11:18:36.661+0000] {processor.py:925} INFO - DAG(s) 'example_python_operator' retrieved from /home/airflow/.local/lib/python3.12/site-packages/airflow/example_dags/example_python_operator.py
[2026-04-12T11:18:36.709+0000] {logging_mixin.py:190} INFO - [2026-04-12T11:18:36.709+0000] {dag.py:3239} INFO - Sync 1 DAGs
[2026-04-12T11:18:36.726+0000] {logging_mixin.py:190} INFO - [2026-04-12T11:18:36.726+0000] {dag.py:4180} INFO - Setting next_dagrun for example_python_operator to None, run_after=None
[2026-04-12T11:18:36.744+0000] {processor.py:208} INFO - Processing /home/airflow/.local/lib/python3.12/site-packages/airflow/example_dags/example_python_operator.py took 0.140 seconds
[2026-04-12T11:19:07.171+0000] {processor.py:186} INFO - Started process (PID=4085) to work on /home/airflow/.local/lib/python3.12/site-packages/airflow/example_dags/example_python_operator.py
[2026-04-12T11:19:07.173+0000] {processor.py:914} INFO - Processing file /home/airflow/.local/lib/python3.12/site-packages/airflow/example_dags/example_python_operator.py for tasks to queue
[2026-04-12T11:19:07.177+0000] {logging_mixin.py:190} INFO - [2026-04-12T11:19:07.176+0000] {dagbag.py:588} INFO - Filling up the DagBag from /home/airflow/.local/lib/python3.12/site-packages/airflow/example_dags/example_python_operator.py
[2026-04-12T11:19:07.189+0000] {processor.py:925} INFO - DAG(s) 'example_python_operator' retrieved from /home/airflow/.local/lib/python3.12/site-packages/airflow/example_dags/example_python_operator.py
[2026-04-12T11:19:07.215+0000] {logging_mixin.py:190} INFO - [2026-04-12T11:19:07.214+0000] {dag.py:3239} INFO - Sync 1 DAGs
[2026-04-12T11:19:07.229+0000] {logging_mixin.py:190} INFO - [2026-04-12T11:19:07.228+0000] {dag.py:4180} INFO - Setting next_dagrun for example_python_operator to None, run_after=None
[2026-04-12T11:19:07.243+0000] {processor.py:208} INFO - Processing /home/airflow/.local/lib/python3.12/site-packages/airflow/example_dags/example_python_operator.py took 0.080 seconds
[2026-04-12T11:19:38.068+0000] {processor.py:186} INFO - Started process (PID=4381) to work on /home/airflow/.local/lib/python3.12/site-packages/airflow/example_dags/example_python_operator.py
[2026-04-12T11:19:38.069+0000] {processor.py:914} INFO - Processing file /home/airflow/.local/lib/python3.12/site-packages/airflow/example_dags/example_python_operator.py for tasks to queue
[2026-04-12T11:19:38.071+0000] {logging_mixin.py:190} INFO - [2026-04-12T11:19:38.071+0000] {dagbag.py:588} INFO - Filling up the DagBag from /home/airflow/.local/lib/python3.12/site-packages/airflow/example_dags/example_python_operator.py
[2026-04-12T11:19:38.083+0000] {processor.py:925} INFO - DAG(s) 'example_python_operator' retrieved from /home/airflow/.local/lib/python3.12/site-packages/airflow/example_dags/example_python_operator.py
[2026-04-12T11:19:38.107+0000] {logging_mixin.py:190} INFO - [2026-04-12T11:19:38.106+0000] {dag.py:3239} INFO - Sync 1 DAGs
[2026-04-12T11:19:38.116+0000] {logging_mixin.py:190} INFO - [2026-04-12T11:19:38.116+0000] {dag.py:4180} INFO - Setting next_dagrun for example_python_operator to None, run_after=None
[2026-04-12T11:19:38.128+0000] {processor.py:208} INFO - Processing /home/airflow/.local/lib/python3.12/site-packages/airflow/example_dags/example_python_operator.py took 0.066 seconds
[2026-04-12T11:20:08.958+0000] {processor.py:186} INFO - Started process (PID=4677) to work on /home/airflow/.local/lib/python3.12/site-packages/airflow/example_dags/example_python_operator.py
[2026-04-12T11:20:08.959+0000] {processor.py:914} INFO - Processing file /home/airflow/.local/lib/python3.12/site-packages/airflow/example_dags/example_python_operator.py for tasks to queue
[2026-04-12T11:20:08.962+0000] {logging_mixin.py:190} INFO - [2026-04-12T11:20:08.962+0000] {dagbag.py:588} INFO - Filling up the DagBag from /home/airflow/.local/lib/python3.12/site-packages/airflow/example_dags/example_python_operator.py
[2026-04-12T11:20:08.978+0000] {processor.py:925} INFO - DAG(s) 'example_python_operator' retrieved from /home/airflow/.local/lib/python3.12/site-packages/airflow/example_dags/example_python_operator.py
[2026-04-12T11:20:09.007+0000] {logging_mixin.py:190} INFO - [2026-04-12T11:20:09.007+0000] {dag.py:3239} INFO - Sync 1 DAGs
[2026-04-12T11:20:09.024+0000] {logging_mixin.py:190} INFO - [2026-04-12T11:20:09.024+0000] {dag.py:4180} INFO - Setting next_dagrun for example_python_operator to None, run_after=None
[2026-04-12T11:20:09.045+0000] {processor.py:208} INFO - Processing /home/airflow/.local/lib/python3.12/site-packages/airflow/example_dags/example_python_operator.py took 0.094 seconds
[2026-04-12T11:20:39.657+0000] {processor.py:186} INFO - Started process (PID=4973) to work on /home/airflow/.local/lib/python3.12/site-packages/airflow/example_dags/example_python_operator.py
[2026-04-12T11:20:39.659+0000] {processor.py:914} INFO - Processing file /home/airflow/.local/lib/python3.12/site-packages/airflow/example_dags/example_python_operator.py for tasks to queue
[2026-04-12T11:20:39.662+0000] {logging_mixin.py:190} INFO - [2026-04-12T11:20:39.661+0000] {dagbag.py:588} INFO - Filling up the DagBag from /home/airflow/.local/lib/python3.12/site-packages/airflow/example_dags/example_python_operator.py
[2026-04-12T11:20:39.677+0000] {processor.py:925} INFO - DAG(s) 'example_python_operator' retrieved from /home/airflow/.local/lib/python3.12/site-packages/airflow/example_dags/example_python_operator.py
[2026-04-12T11:20:39.720+0000] {logging_mixin.py:190} INFO - [2026-04-12T11:20:39.720+0000] {dag.py:3239} INFO - Sync 1 DAGs
[2026-04-12T11:20:39.755+0000] {logging_mixin.py:190} INFO - [2026-04-12T11:20:39.754+0000] {dag.py:4180} INFO - Setting next_dagrun for example_python_operator to None, run_after=None
[2026-04-12T11:20:39.777+0000] {processor.py:208} INFO - Processing /home/airflow/.local/lib/python3.12/site-packages/airflow/example_dags/example_python_operator.py took 0.133 seconds
[2026-04-12T11:21:10.511+0000] {processor.py:186} INFO - Started process (PID=5269) to work on /home/airflow/.local/lib/python3.12/site-packages/airflow/example_dags/example_python_operator.py
[2026-04-12T11:21:10.513+0000] {processor.py:914} INFO - Processing file /home/airflow/.local/lib/python3.12/site-packages/airflow/example_dags/example_python_operator.py for tasks to queue
[2026-04-12T11:21:10.515+0000] {logging_mixin.py:190} INFO - [2026-04-12T11:21:10.514+0000] {dagbag.py:588} INFO - Filling up the DagBag from /home/airflow/.local/lib/python3.12/site-packages/airflow/example_dags/example_python_operator.py
[2026-04-12T11:21:10.526+0000] {processor.py:925} INFO - DAG(s) 'example_python_operator' retrieved from /home/airflow/.local/lib/python3.12/site-packages/airflow/example_dags/example_python_operator.py
[2026-04-12T11:21:10.546+0000] {logging_mixin.py:190} INFO - [2026-04-12T11:21:10.546+0000] {dag.py:3239} INFO - Sync 1 DAGs
[2026-04-12T11:21:10.558+0000] {logging_mixin.py:190} INFO - [2026-04-12T11:21:10.558+0000] {dag.py:4180} INFO - Setting next_dagrun for example_python_operator to None, run_after=None
[2026-04-12T11:21:10.572+0000] {processor.py:208} INFO - Processing /home/airflow/.local/lib/python3.12/site-packages/airflow/example_dags/example_python_operator.py took 0.068 seconds
[2026-04-12T11:21:41.208+0000] {processor.py:186} INFO - Started process (PID=5565) to work on /home/airflow/.local/lib/python3.12/site-packages/airflow/example_dags/example_python_operator.py
[2026-04-12T11:21:41.210+0000] {processor.py:914} INFO - Processing file /home/airflow/.local/lib/python3.12/site-packages/airflow/example_dags/example_python_operator.py for tasks to queue
[2026-04-12T11:21:41.212+0000] {logging_mixin.py:190} INFO - [2026-04-12T11:21:41.212+0000] {dagbag.py:588} INFO - Filling up the DagBag from /home/airflow/.local/lib/python3.12/site-packages/airflow/example_dags/example_python_operator.py
[2026-04-12T11:21:41.225+0000] {processor.py:925} INFO - DAG(s) 'example_python_operator' retrieved from /home/airflow/.local/lib/python3.12/site-packages/airflow/example_dags/example_python_operator.py
[2026-04-12T11:21:41.245+0000] {logging_mixin.py:190} INFO - [2026-04-12T11:21:41.245+0000] {dag.py:3239} INFO - Sync 1 DAGs
[2026-04-12T11:21:41.256+0000] {logging_mixin.py:190} INFO - [2026-04-12T11:21:41.256+0000] {dag.py:4180} INFO - Setting next_dagrun for example_python_operator to None, run_after=None
[2026-04-12T11:21:41.273+0000] {processor.py:208} INFO - Processing /home/airflow/.local/lib/python3.12/site-packages/airflow/example_dags/example_python_operator.py took 0.072 seconds
[2026-04-12T11:22:11.353+0000] {processor.py:186} INFO - Started process (PID=5861) to work on /home/airflow/.local/lib/python3.12/site-packages/airflow/example_dags/example_python_operator.py
[2026-04-12T11:22:11.354+0000] {processor.py:914} INFO - Processing file /home/airflow/.local/lib/python3.12/site-packages/airflow/example_dags/example_python_operator.py for tasks to queue
[2026-04-12T11:22:11.357+0000] {logging_mixin.py:190} INFO - [2026-04-12T11:22:11.356+0000] {dagbag.py:588} INFO - Filling up the DagBag from /home/airflow/.local/lib/python3.12/site-packages/airflow/example_dags/example_python_operator.py
[2026-04-12T11:22:11.370+0000] {processor.py:925} INFO - DAG(s) 'example_python_operator' retrieved from /home/airflow/.local/lib/python3.12/site-packages/airflow/example_dags/example_python_operator.py
[2026-04-12T11:22:11.389+0000] {logging_mixin.py:190} INFO - [2026-04-12T11:22:11.389+0000] {dag.py:3239} INFO - Sync 1 DAGs
[2026-04-12T11:22:11.401+0000] {logging_mixin.py:190} INFO - [2026-04-12T11:22:11.401+0000] {dag.py:4180} INFO - Setting next_dagrun for example_python_operator to None, run_after=None
[2026-04-12T11:22:11.414+0000] {processor.py:208} INFO - Processing /home/airflow/.local/lib/python3.12/site-packages/airflow/example_dags/example_python_operator.py took 0.067 seconds
[2026-04-12T11:22:41.612+0000] {processor.py:186} INFO - Started process (PID=6156) to work on /home/airflow/.local/lib/python3.12/site-packages/airflow/example_dags/example_python_operator.py
[2026-04-12T11:22:41.614+0000] {processor.py:914} INFO - Processing file /home/airflow/.local/lib/python3.12/site-packages/airflow/example_dags/example_python_operator.py for tasks to queue
[2026-04-12T11:22:41.617+0000] {logging_mixin.py:190} INFO - [2026-04-12T11:22:41.616+0000] {dagbag.py:588} INFO - Filling up the DagBag from /home/airflow/.local/lib/python3.12/site-packages/airflow/example_dags/example_python_operator.py
[2026-04-12T11:22:41.632+0000] {processor.py:925} INFO - DAG(s) 'example_python_operator' retrieved from /home/airflow/.local/lib/python3.12/site-packages/airflow/example_dags/example_python_operator.py
[2026-04-12T11:22:41.657+0000] {logging_mixin.py:190} INFO - [2026-04-12T11:22:41.656+0000] {dag.py:3239} INFO - Sync 1 DAGs
[2026-04-12T11:22:41.670+0000] {logging_mixin.py:190} INFO - [2026-04-12T11:22:41.670+0000] {dag.py:4180} INFO - Setting next_dagrun for example_python_operator to None, run_after=None
[2026-04-12T11:22:41.691+0000] {processor.py:208} INFO - Processing /home/airflow/.local/lib/python3.12/site-packages/airflow/example_dags/example_python_operator.py took 0.088 seconds
[2026-04-12T11:23:12.611+0000] {processor.py:186} INFO - Started process (PID=6452) to work on /home/airflow/.local/lib/python3.12/site-packages/airflow/example_dags/example_python_operator.py
[2026-04-12T11:23:12.612+0000] {processor.py:914} INFO - Processing file /home/airflow/.local/lib/python3.12/site-packages/airflow/example_dags/example_python_operator.py for tasks to queue
[2026-04-12T11:23:12.616+0000] {logging_mixin.py:190} INFO - [2026-04-12T11:23:12.616+0000] {dagbag.py:588} INFO - Filling up the DagBag from /home/airflow/.local/lib/python3.12/site-packages/airflow/example_dags/example_python_operator.py
[2026-04-12T11:23:12.638+0000] {processor.py:925} INFO - DAG(s) 'example_python_operator' retrieved from /home/airflow/.local/lib/python3.12/site-packages/airflow/example_dags/example_python_operator.py
[2026-04-12T11:23:12.668+0000] {logging_mixin.py:190} INFO - [2026-04-12T11:23:12.668+0000] {dag.py:3239} INFO - Sync 1 DAGs
[2026-04-12T11:23:12.681+0000] {logging_mixin.py:190} INFO - [2026-04-12T11:23:12.681+0000] {dag.py:4180} INFO - Setting next_dagrun for example_python_operator to None, run_after=None
[2026-04-12T11:23:12.694+0000] {processor.py:208} INFO - Processing /home/airflow/.local/lib/python3.12/site-packages/airflow/example_dags/example_python_operator.py took 0.090 seconds
[2026-04-12T11:23:43.388+0000] {processor.py:186} INFO - Started process (PID=6748) to work on /home/airflow/.local/lib/python3.12/site-packages/airflow/example_dags/example_python_operator.py
[2026-04-12T11:23:43.389+0000] {processor.py:914} INFO - Processing file /home/airflow/.local/lib/python3.12/site-packages/airflow/example_dags/example_python_operator.py for tasks to queue
[2026-04-12T11:23:43.391+0000] {logging_mixin.py:190} INFO - [2026-04-12T11:23:43.391+0000] {dagbag.py:588} INFO - Filling up the DagBag from /home/airflow/.local/lib/python3.12/site-packages/airflow/example_dags/example_python_operator.py
[2026-04-12T11:23:43.400+0000] {processor.py:925} INFO - DAG(s) 'example_python_operator' retrieved from /home/airflow/.local/lib/python3.12/site-packages/airflow/example_dags/example_python_operator.py
[2026-04-12T11:23:43.419+0000] {logging_mixin.py:190} INFO - [2026-04-12T11:23:43.419+0000] {dag.py:3239} INFO - Sync 1 DAGs
[2026-04-12T11:23:43.429+0000] {logging_mixin.py:190} INFO - [2026-04-12T11:23:43.429+0000] {dag.py:4180} INFO - Setting next_dagrun for example_python_operator to None, run_after=None
[2026-04-12T11:23:43.440+0000] {processor.py:208} INFO - Processing /home/airflow/.local/lib/python3.12/site-packages/airflow/example_dags/example_python_operator.py took 0.057 seconds
[2026-04-12T11:24:13.590+0000] {processor.py:186} INFO - Started process (PID=7044) to work on /home/airflow/.local/lib/python3.12/site-packages/airflow/example_dags/example_python_operator.py
[2026-04-12T11:24:13.591+0000] {processor.py:914} INFO - Processing file /home/airflow/.local/lib/python3.12/site-packages/airflow/example_dags/example_python_operator.py for tasks to queue
[2026-04-12T11:24:13.594+0000] {logging_mixin.py:190} INFO - [2026-04-12T11:24:13.594+0000] {dagbag.py:588} INFO - Filling up the DagBag from /home/airflow/.local/lib/python3.12/site-packages/airflow/example_dags/example_python_operator.py
[2026-04-12T11:24:13.607+0000] {processor.py:925} INFO - DAG(s) 'example_python_operator' retrieved from /home/airflow/.local/lib/python3.12/site-packages/airflow/example_dags/example_python_operator.py
[2026-04-12T11:24:13.629+0000] {logging_mixin.py:190} INFO - [2026-04-12T11:24:13.629+0000] {dag.py:3239} INFO - Sync 1 DAGs
[2026-04-12T11:24:13.645+0000] {logging_mixin.py:190} INFO - [2026-04-12T11:24:13.645+0000] {dag.py:4180} INFO - Setting next_dagrun for example_python_operator to None, run_after=None
[2026-04-12T11:24:13.662+0000] {processor.py:208} INFO - Processing /home/airflow/.local/lib/python3.12/site-packages/airflow/example_dags/example_python_operator.py took 0.083 seconds
[2026-04-12T11:24:43.789+0000] {processor.py:186} INFO - Started process (PID=7345) to work on /home/airflow/.local/lib/python3.12/site-packages/airflow/example_dags/example_python_operator.py
[2026-04-12T11:24:43.791+0000] {processor.py:914} INFO - Processing file /home/airflow/.local/lib/python3.12/site-packages/airflow/example_dags/example_python_operator.py for tasks to queue
[2026-04-12T11:24:43.792+0000] {logging_mixin.py:190} INFO - [2026-04-12T11:24:43.792+0000] {dagbag.py:588} INFO - Filling up the DagBag from /home/airflow/.local/lib/python3.12/site-packages/airflow/example_dags/example_python_operator.py
[2026-04-12T11:24:43.799+0000] {processor.py:925} INFO - DAG(s) 'example_python_operator' retrieved from /home/airflow/.local/lib/python3.12/site-packages/airflow/example_dags/example_python_operator.py
[2026-04-12T11:24:43.813+0000] {logging_mixin.py:190} INFO - [2026-04-12T11:24:43.813+0000] {dag.py:3239} INFO - Sync 1 DAGs
[2026-04-12T11:24:43.822+0000] {logging_mixin.py:190} INFO - [2026-04-12T11:24:43.822+0000] {dag.py:4180} INFO - Setting next_dagrun for example_python_operator to None, run_after=None
[2026-04-12T11:24:43.833+0000] {processor.py:208} INFO - Processing /home/airflow/.local/lib/python3.12/site-packages/airflow/example_dags/example_python_operator.py took 0.048 seconds
[2026-04-12T11:25:13.941+0000] {processor.py:186} INFO - Started process (PID=7636) to work on /home/airflow/.local/lib/python3.12/site-packages/airflow/example_dags/example_python_operator.py
[2026-04-12T11:25:13.943+0000] {processor.py:914} INFO - Processing file /home/airflow/.local/lib/python3.12/site-packages/airflow/example_dags/example_python_operator.py for tasks to queue
[2026-04-12T11:25:13.944+0000] {logging_mixin.py:190} INFO - [2026-04-12T11:25:13.944+0000] {dagbag.py:588} INFO - Filling up the DagBag from /home/airflow/.local/lib/python3.12/site-packages/airflow/example_dags/example_python_operator.py
[2026-04-12T11:25:13.955+0000] {processor.py:925} INFO - DAG(s) 'example_python_operator' retrieved from /home/airflow/.local/lib/python3.12/site-packages/airflow/example_dags/example_python_operator.py
[2026-04-12T11:25:13.978+0000] {logging_mixin.py:190} INFO - [2026-04-12T11:25:13.978+0000] {dag.py:3239} INFO - Sync 1 DAGs
[2026-04-12T11:25:13.988+0000] {logging_mixin.py:190} INFO - [2026-04-12T11:25:13.988+0000] {dag.py:4180} INFO - Setting next_dagrun for example_python_operator to None, run_after=None
[2026-04-12T11:25:14.002+0000] {processor.py:208} INFO - Processing /home/airflow/.local/lib/python3.12/site-packages/airflow/example_dags/example_python_operator.py took 0.067 seconds
[2026-04-12T11:25:44.142+0000] {processor.py:186} INFO - Started process (PID=7932) to work on /home/airflow/.local/lib/python3.12/site-packages/airflow/example_dags/example_python_operator.py
[2026-04-12T11:25:44.144+0000] {processor.py:914} INFO - Processing file /home/airflow/.local/lib/python3.12/site-packages/airflow/example_dags/example_python_operator.py for tasks to queue
[2026-04-12T11:25:44.146+0000] {logging_mixin.py:190} INFO - [2026-04-12T11:25:44.146+0000] {dagbag.py:588} INFO - Filling up the DagBag from /home/airflow/.local/lib/python3.12/site-packages/airflow/example_dags/example_python_operator.py
[2026-04-12T11:25:44.158+0000] {processor.py:925} INFO - DAG(s) 'example_python_operator' retrieved from /home/airflow/.local/lib/python3.12/site-packages/airflow/example_dags/example_python_operator.py
[2026-04-12T11:25:44.179+0000] {logging_mixin.py:190} INFO - [2026-04-12T11:25:44.179+0000] {dag.py:3239} INFO - Sync 1 DAGs
[2026-04-12T11:25:44.191+0000] {logging_mixin.py:190} INFO - [2026-04-12T11:25:44.191+0000] {dag.py:4180} INFO - Setting next_dagrun for example_python_operator to None, run_after=None
[2026-04-12T11:25:44.208+0000] {processor.py:208} INFO - Processing /home/airflow/.local/lib/python3.12/site-packages/airflow/example_dags/example_python_operator.py took 0.072 seconds
[2026-04-12T11:27:08.678+0000] {processor.py:186} INFO - Started process (PID=8105) to work on /home/airflow/.local/lib/python3.12/site-packages/airflow/example_dags/example_python_operator.py
[2026-04-12T11:27:08.680+0000] {processor.py:914} INFO - Processing file /home/airflow/.local/lib/python3.12/site-packages/airflow/example_dags/example_python_operator.py for tasks to queue
[2026-04-12T11:27:08.682+0000] {logging_mixin.py:190} INFO - [2026-04-12T11:27:08.681+0000] {dagbag.py:588} INFO - Filling up the DagBag from /home/airflow/.local/lib/python3.12/site-packages/airflow/example_dags/example_python_operator.py
[2026-04-12T11:27:08.698+0000] {processor.py:925} INFO - DAG(s) 'example_python_operator' retrieved from /home/airflow/.local/lib/python3.12/site-packages/airflow/example_dags/example_python_operator.py
[2026-04-12T11:27:08.720+0000] {logging_mixin.py:190} INFO - [2026-04-12T11:27:08.719+0000] {dag.py:3239} INFO - Sync 1 DAGs
[2026-04-12T11:27:08.732+0000] {logging_mixin.py:190} INFO - [2026-04-12T11:27:08.732+0000] {dag.py:4180} INFO - Setting next_dagrun for example_python_operator to None, run_after=None
[2026-04-12T11:27:08.747+0000] {processor.py:208} INFO - Processing /home/airflow/.local/lib/python3.12/site-packages/airflow/example_dags/example_python_operator.py took 0.076 seconds
[2026-04-12T11:29:44.503+0000] {processor.py:186} INFO - Started process (PID=8401) to work on /home/airflow/.local/lib/python3.12/site-packages/airflow/example_dags/example_python_operator.py
[2026-04-12T11:29:44.512+0000] {processor.py:914} INFO - Processing file /home/airflow/.local/lib/python3.12/site-packages/airflow/example_dags/example_python_operator.py for tasks to queue
[2026-04-12T11:29:44.519+0000] {logging_mixin.py:190} INFO - [2026-04-12T11:29:44.519+0000] {dagbag.py:588} INFO - Filling up the DagBag from /home/airflow/.local/lib/python3.12/site-packages/airflow/example_dags/example_python_operator.py
[2026-04-12T11:29:44.563+0000] {processor.py:925} INFO - DAG(s) 'example_python_operator' retrieved from /home/airflow/.local/lib/python3.12/site-packages/airflow/example_dags/example_python_operator.py
[2026-04-12T11:29:44.604+0000] {logging_mixin.py:190} INFO - [2026-04-12T11:29:44.603+0000] {dag.py:3239} INFO - Sync 1 DAGs
[2026-04-12T11:29:44.633+0000] {logging_mixin.py:190} INFO - [2026-04-12T11:29:44.633+0000] {dag.py:4180} INFO - Setting next_dagrun for example_python_operator to None, run_after=None
[2026-04-12T11:29:44.654+0000] {processor.py:208} INFO - Processing /home/airflow/.local/lib/python3.12/site-packages/airflow/example_dags/example_python_operator.py took 0.169 seconds
[2026-04-12T11:30:14.769+0000] {processor.py:186} INFO - Started process (PID=8694) to work on /home/airflow/.local/lib/python3.12/site-packages/airflow/example_dags/example_python_operator.py
[2026-04-12T11:30:14.772+0000] {processor.py:914} INFO - Processing file /home/airflow/.local/lib/python3.12/site-packages/airflow/example_dags/example_python_operator.py for tasks to queue
[2026-04-12T11:30:14.775+0000] {logging_mixin.py:190} INFO - [2026-04-12T11:30:14.775+0000] {dagbag.py:588} INFO - Filling up the DagBag from /home/airflow/.local/lib/python3.12/site-packages/airflow/example_dags/example_python_operator.py
[2026-04-12T11:30:14.799+0000] {processor.py:925} INFO - DAG(s) 'example_python_operator' retrieved from /home/airflow/.local/lib/python3.12/site-packages/airflow/example_dags/example_python_operator.py
[2026-04-12T11:30:14.826+0000] {logging_mixin.py:190} INFO - [2026-04-12T11:30:14.826+0000] {dag.py:3239} INFO - Sync 1 DAGs
[2026-04-12T11:30:14.842+0000] {logging_mixin.py:190} INFO - [2026-04-12T11:30:14.842+0000] {dag.py:4180} INFO - Setting next_dagrun for example_python_operator to None, run_after=None
[2026-04-12T11:30:14.863+0000] {processor.py:208} INFO - Processing /home/airflow/.local/lib/python3.12/site-packages/airflow/example_dags/example_python_operator.py took 0.101 seconds
[2026-04-12T11:30:45.229+0000] {processor.py:186} INFO - Started process (PID=8993) to work on /home/airflow/.local/lib/python3.12/site-packages/airflow/example_dags/example_python_operator.py
[2026-04-12T11:30:45.232+0000] {processor.py:914} INFO - Processing file /home/airflow/.local/lib/python3.12/site-packages/airflow/example_dags/example_python_operator.py for tasks to queue
[2026-04-12T11:30:45.237+0000] {logging_mixin.py:190} INFO - [2026-04-12T11:30:45.236+0000] {dagbag.py:588} INFO - Filling up the DagBag from /home/airflow/.local/lib/python3.12/site-packages/airflow/example_dags/example_python_operator.py
[2026-04-12T11:30:45.265+0000] {processor.py:925} INFO - DAG(s) 'example_python_operator' retrieved from /home/airflow/.local/lib/python3.12/site-packages/airflow/example_dags/example_python_operator.py
[2026-04-12T11:30:45.318+0000] {logging_mixin.py:190} INFO - [2026-04-12T11:30:45.318+0000] {dag.py:3239} INFO - Sync 1 DAGs
[2026-04-12T11:30:45.338+0000] {logging_mixin.py:190} INFO - [2026-04-12T11:30:45.338+0000] {dag.py:4180} INFO - Setting next_dagrun for example_python_operator to None, run_after=None
[2026-04-12T11:30:45.354+0000] {processor.py:208} INFO - Processing /home/airflow/.local/lib/python3.12/site-packages/airflow/example_dags/example_python_operator.py took 0.137 seconds
[2026-04-12T11:31:15.569+0000] {processor.py:186} INFO - Started process (PID=9288) to work on /home/airflow/.local/lib/python3.12/site-packages/airflow/example_dags/example_python_operator.py
[2026-04-12T11:31:15.570+0000] {processor.py:914} INFO - Processing file /home/airflow/.local/lib/python3.12/site-packages/airflow/example_dags/example_python_operator.py for tasks to queue
[2026-04-12T11:31:15.576+0000] {logging_mixin.py:190} INFO - [2026-04-12T11:31:15.576+0000] {dagbag.py:588} INFO - Filling up the DagBag from /home/airflow/.local/lib/python3.12/site-packages/airflow/example_dags/example_python_operator.py
[2026-04-12T11:31:15.598+0000] {processor.py:925} INFO - DAG(s) 'example_python_operator' retrieved from /home/airflow/.local/lib/python3.12/site-packages/airflow/example_dags/example_python_operator.py
[2026-04-12T11:31:15.623+0000] {logging_mixin.py:190} INFO - [2026-04-12T11:31:15.622+0000] {dag.py:3239} INFO - Sync 1 DAGs
[2026-04-12T11:31:15.640+0000] {logging_mixin.py:190} INFO - [2026-04-12T11:31:15.639+0000] {dag.py:4180} INFO - Setting next_dagrun for example_python_operator to None, run_after=None
[2026-04-12T11:31:15.658+0000] {processor.py:208} INFO - Processing /home/airflow/.local/lib/python3.12/site-packages/airflow/example_dags/example_python_operator.py took 0.099 seconds
[2026-04-12T11:31:45.897+0000] {processor.py:186} INFO - Started process (PID=9581) to work on /home/airflow/.local/lib/python3.12/site-packages/airflow/example_dags/example_python_operator.py
[2026-04-12T11:31:45.900+0000] {processor.py:914} INFO - Processing file /home/airflow/.local/lib/python3.12/site-packages/airflow/example_dags/example_python_operator.py for tasks to queue
[2026-04-12T11:31:45.905+0000] {logging_mixin.py:190} INFO - [2026-04-12T11:31:45.905+0000] {dagbag.py:588} INFO - Filling up the DagBag from /home/airflow/.local/lib/python3.12/site-packages/airflow/example_dags/example_python_operator.py
[2026-04-12T11:31:45.930+0000] {processor.py:925} INFO - DAG(s) 'example_python_operator' retrieved from /home/airflow/.local/lib/python3.12/site-packages/airflow/example_dags/example_python_operator.py
[2026-04-12T11:31:45.970+0000] {logging_mixin.py:190} INFO - [2026-04-12T11:31:45.970+0000] {dag.py:3239} INFO - Sync 1 DAGs
[2026-04-12T11:31:45.992+0000] {logging_mixin.py:190} INFO - [2026-04-12T11:31:45.992+0000] {dag.py:4180} INFO - Setting next_dagrun for example_python_operator to None, run_after=None
[2026-04-12T11:31:46.015+0000] {processor.py:208} INFO - Processing /home/airflow/.local/lib/python3.12/site-packages/airflow/example_dags/example_python_operator.py took 0.131 seconds
[2026-04-12T11:32:17.034+0000] {processor.py:186} INFO - Started process (PID=9880) to work on /home/airflow/.local/lib/python3.12/site-packages/airflow/example_dags/example_python_operator.py
[2026-04-12T11:32:17.038+0000] {processor.py:914} INFO - Processing file /home/airflow/.local/lib/python3.12/site-packages/airflow/example_dags/example_python_operator.py for tasks to queue
[2026-04-12T11:32:17.044+0000] {logging_mixin.py:190} INFO - [2026-04-12T11:32:17.044+0000] {dagbag.py:588} INFO - Filling up the DagBag from /home/airflow/.local/lib/python3.12/site-packages/airflow/example_dags/example_python_operator.py
[2026-04-12T11:32:17.074+0000] {processor.py:925} INFO - DAG(s) 'example_python_operator' retrieved from /home/airflow/.local/lib/python3.12/site-packages/airflow/example_dags/example_python_operator.py
[2026-04-12T11:32:17.120+0000] {logging_mixin.py:190} INFO - [2026-04-12T11:32:17.120+0000] {dag.py:3239} INFO - Sync 1 DAGs
[2026-04-12T11:32:17.137+0000] {logging_mixin.py:190} INFO - [2026-04-12T11:32:17.137+0000] {dag.py:4180} INFO - Setting next_dagrun for example_python_operator to None, run_after=None
[2026-04-12T11:32:17.157+0000] {processor.py:208} INFO - Processing /home/airflow/.local/lib/python3.12/site-packages/airflow/example_dags/example_python_operator.py took 0.130 seconds
[2026-04-12T11:32:48.203+0000] {processor.py:186} INFO - Started process (PID=10176) to work on /home/airflow/.local/lib/python3.12/site-packages/airflow/example_dags/example_python_operator.py
[2026-04-12T11:32:48.206+0000] {processor.py:914} INFO - Processing file /home/airflow/.local/lib/python3.12/site-packages/airflow/example_dags/example_python_operator.py for tasks to queue
[2026-04-12T11:32:48.210+0000] {logging_mixin.py:190} INFO - [2026-04-12T11:32:48.210+0000] {dagbag.py:588} INFO - Filling up the DagBag from /home/airflow/.local/lib/python3.12/site-packages/airflow/example_dags/example_python_operator.py
[2026-04-12T11:32:48.230+0000] {processor.py:925} INFO - DAG(s) 'example_python_operator' retrieved from /home/airflow/.local/lib/python3.12/site-packages/airflow/example_dags/example_python_operator.py
[2026-04-12T11:32:48.261+0000] {logging_mixin.py:190} INFO - [2026-04-12T11:32:48.261+0000] {dag.py:3239} INFO - Sync 1 DAGs
[2026-04-12T11:32:48.279+0000] {logging_mixin.py:190} INFO - [2026-04-12T11:32:48.278+0000] {dag.py:4180} INFO - Setting next_dagrun for example_python_operator to None, run_after=None
[2026-04-12T11:32:48.293+0000] {processor.py:208} INFO - Processing /home/airflow/.local/lib/python3.12/site-packages/airflow/example_dags/example_python_operator.py took 0.095 seconds
[2026-04-12T11:33:19.138+0000] {processor.py:186} INFO - Started process (PID=10472) to work on /home/airflow/.local/lib/python3.12/site-packages/airflow/example_dags/example_python_operator.py
[2026-04-12T11:33:19.140+0000] {processor.py:914} INFO - Processing file /home/airflow/.local/lib/python3.12/site-packages/airflow/example_dags/example_python_operator.py for tasks to queue
[2026-04-12T11:33:19.144+0000] {logging_mixin.py:190} INFO - [2026-04-12T11:33:19.143+0000] {dagbag.py:588} INFO - Filling up the DagBag from /home/airflow/.local/lib/python3.12/site-packages/airflow/example_dags/example_python_operator.py
[2026-04-12T11:33:19.166+0000] {processor.py:925} INFO - DAG(s) 'example_python_operator' retrieved from /home/airflow/.local/lib/python3.12/site-packages/airflow/example_dags/example_python_operator.py
[2026-04-12T11:33:19.197+0000] {logging_mixin.py:190} INFO - [2026-04-12T11:33:19.197+0000] {dag.py:3239} INFO - Sync 1 DAGs
[2026-04-12T11:33:19.215+0000] {logging_mixin.py:190} INFO - [2026-04-12T11:33:19.215+0000] {dag.py:4180} INFO - Setting next_dagrun for example_python_operator to None, run_after=None
[2026-04-12T11:33:19.235+0000] {processor.py:208} INFO - Processing /home/airflow/.local/lib/python3.12/site-packages/airflow/example_dags/example_python_operator.py took 0.103 seconds
[2026-04-12T11:33:49.969+0000] {processor.py:186} INFO - Started process (PID=10767) to work on /home/airflow/.local/lib/python3.12/site-packages/airflow/example_dags/example_python_operator.py
[2026-04-12T11:33:49.973+0000] {processor.py:914} INFO - Processing file /home/airflow/.local/lib/python3.12/site-packages/airflow/example_dags/example_python_operator.py for tasks to queue
[2026-04-12T11:33:49.977+0000] {logging_mixin.py:190} INFO - [2026-04-12T11:33:49.976+0000] {dagbag.py:588} INFO - Filling up the DagBag from /home/airflow/.local/lib/python3.12/site-packages/airflow/example_dags/example_python_operator.py
[2026-04-12T11:33:49.998+0000] {processor.py:925} INFO - DAG(s) 'example_python_operator' retrieved from /home/airflow/.local/lib/python3.12/site-packages/airflow/example_dags/example_python_operator.py
[2026-04-12T11:33:50.022+0000] {logging_mixin.py:190} INFO - [2026-04-12T11:33:50.022+0000] {dag.py:3239} INFO - Sync 1 DAGs
[2026-04-12T11:33:50.039+0000] {logging_mixin.py:190} INFO - [2026-04-12T11:33:50.038+0000] {dag.py:4180} INFO - Setting next_dagrun for example_python_operator to None, run_after=None
[2026-04-12T11:33:50.057+0000] {processor.py:208} INFO - Processing /home/airflow/.local/lib/python3.12/site-packages/airflow/example_dags/example_python_operator.py took 0.094 seconds
[2026-04-12T11:34:20.928+0000] {processor.py:186} INFO - Started process (PID=11063) to work on /home/airflow/.local/lib/python3.12/site-packages/airflow/example_dags/example_python_operator.py
[2026-04-12T11:34:20.930+0000] {processor.py:914} INFO - Processing file /home/airflow/.local/lib/python3.12/site-packages/airflow/example_dags/example_python_operator.py for tasks to queue
[2026-04-12T11:34:20.931+0000] {logging_mixin.py:190} INFO - [2026-04-12T11:34:20.931+0000] {dagbag.py:588} INFO - Filling up the DagBag from /home/airflow/.local/lib/python3.12/site-packages/airflow/example_dags/example_python_operator.py
[2026-04-12T11:34:20.945+0000] {processor.py:925} INFO - DAG(s) 'example_python_operator' retrieved from /home/airflow/.local/lib/python3.12/site-packages/airflow/example_dags/example_python_operator.py
[2026-04-12T11:34:20.969+0000] {logging_mixin.py:190} INFO - [2026-04-12T11:34:20.969+0000] {dag.py:3239} INFO - Sync 1 DAGs
[2026-04-12T11:34:20.981+0000] {logging_mixin.py:190} INFO - [2026-04-12T11:34:20.981+0000] {dag.py:4180} INFO - Setting next_dagrun for example_python_operator to None, run_after=None
[2026-04-12T11:34:21.004+0000] {processor.py:208} INFO - Processing /home/airflow/.local/lib/python3.12/site-packages/airflow/example_dags/example_python_operator.py took 0.079 seconds
[2026-04-12T11:34:51.987+0000] {processor.py:186} INFO - Started process (PID=11359) to work on /home/airflow/.local/lib/python3.12/site-packages/airflow/example_dags/example_python_operator.py
[2026-04-12T11:34:51.989+0000] {processor.py:914} INFO - Processing file /home/airflow/.local/lib/python3.12/site-packages/airflow/example_dags/example_python_operator.py for tasks to queue
[2026-04-12T11:34:51.991+0000] {logging_mixin.py:190} INFO - [2026-04-12T11:34:51.991+0000] {dagbag.py:588} INFO - Filling up the DagBag from /home/airflow/.local/lib/python3.12/site-packages/airflow/example_dags/example_python_operator.py
[2026-04-12T11:34:52.003+0000] {processor.py:925} INFO - DAG(s) 'example_python_operator' retrieved from /home/airflow/.local/lib/python3.12/site-packages/airflow/example_dags/example_python_operator.py
[2026-04-12T11:34:52.031+0000] {logging_mixin.py:190} INFO - [2026-04-12T11:34:52.030+0000] {dag.py:3239} INFO - Sync 1 DAGs
[2026-04-12T11:34:52.043+0000] {logging_mixin.py:190} INFO - [2026-04-12T11:34:52.043+0000] {dag.py:4180} INFO - Setting next_dagrun for example_python_operator to None, run_after=None
[2026-04-12T11:34:52.056+0000] {processor.py:208} INFO - Processing /home/airflow/.local/lib/python3.12/site-packages/airflow/example_dags/example_python_operator.py took 0.076 seconds
