[2026-04-12T11:12:30.584+0000] {processor.py:186} INFO - Started process (PID=255) to work on /home/airflow/.local/lib/python3.12/site-packages/airflow/example_dags/example_complex.py
[2026-04-12T11:12:30.585+0000] {processor.py:914} INFO - Processing file /home/airflow/.local/lib/python3.12/site-packages/airflow/example_dags/example_complex.py for tasks to queue
[2026-04-12T11:12:30.587+0000] {logging_mixin.py:190} INFO - [2026-04-12T11:12:30.587+0000] {dagbag.py:588} INFO - Filling up the DagBag from /home/airflow/.local/lib/python3.12/site-packages/airflow/example_dags/example_complex.py
[2026-04-12T11:12:30.616+0000] {processor.py:925} INFO - DAG(s) 'example_complex' retrieved from /home/airflow/.local/lib/python3.12/site-packages/airflow/example_dags/example_complex.py
[2026-04-12T11:12:30.837+0000] {logging_mixin.py:190} INFO - [2026-04-12T11:12:30.836+0000] {override.py:1912} INFO - Created Permission View: can edit on DAG:example_complex
[2026-04-12T11:12:30.872+0000] {logging_mixin.py:190} INFO - [2026-04-12T11:12:30.871+0000] {override.py:1912} INFO - Created Permission View: can delete on DAG:example_complex
[2026-04-12T11:12:30.882+0000] {logging_mixin.py:190} INFO - [2026-04-12T11:12:30.881+0000] {override.py:1912} INFO - Created Permission View: can read on DAG:example_complex
[2026-04-12T11:12:30.892+0000] {logging_mixin.py:190} INFO - [2026-04-12T11:12:30.891+0000] {override.py:1912} INFO - Created Permission View: can delete on DAG Run:example_complex
[2026-04-12T11:12:30.901+0000] {logging_mixin.py:190} INFO - [2026-04-12T11:12:30.900+0000] {override.py:1912} INFO - Created Permission View: can create on DAG Run:example_complex
[2026-04-12T11:12:30.910+0000] {logging_mixin.py:190} INFO - [2026-04-12T11:12:30.909+0000] {override.py:1912} INFO - Created Permission View: can read on DAG Run:example_complex
[2026-04-12T11:12:30.917+0000] {logging_mixin.py:190} INFO - [2026-04-12T11:12:30.916+0000] {override.py:1912} INFO - Created Permission View: menu access on DAG Run:example_complex
[2026-04-12T11:12:30.918+0000] {logging_mixin.py:190} INFO - [2026-04-12T11:12:30.918+0000] {dag.py:3239} INFO - Sync 1 DAGs
[2026-04-12T11:12:30.944+0000] {logging_mixin.py:190} INFO - [2026-04-12T11:12:30.943+0000] {dag.py:3262} INFO - Creating ORM DAG for example_complex
[2026-04-12T11:12:30.945+0000] {logging_mixin.py:190} INFO - [2026-04-12T11:12:30.945+0000] {dag.py:4180} INFO - Setting next_dagrun for example_complex to None, run_after=None
[2026-04-12T11:12:30.967+0000] {processor.py:208} INFO - Processing /home/airflow/.local/lib/python3.12/site-packages/airflow/example_dags/example_complex.py took 0.391 seconds
[2026-04-12T11:13:01.106+0000] {processor.py:186} INFO - Started process (PID=556) to work on /home/airflow/.local/lib/python3.12/site-packages/airflow/example_dags/example_complex.py
[2026-04-12T11:13:01.109+0000] {processor.py:914} INFO - Processing file /home/airflow/.local/lib/python3.12/site-packages/airflow/example_dags/example_complex.py for tasks to queue
[2026-04-12T11:13:01.112+0000] {logging_mixin.py:190} INFO - [2026-04-12T11:13:01.111+0000] {dagbag.py:588} INFO - Filling up the DagBag from /home/airflow/.local/lib/python3.12/site-packages/airflow/example_dags/example_complex.py
[2026-04-12T11:13:01.124+0000] {processor.py:925} INFO - DAG(s) 'example_complex' retrieved from /home/airflow/.local/lib/python3.12/site-packages/airflow/example_dags/example_complex.py
[2026-04-12T11:13:01.148+0000] {logging_mixin.py:190} INFO - [2026-04-12T11:13:01.148+0000] {dag.py:3239} INFO - Sync 1 DAGs
[2026-04-12T11:13:01.162+0000] {logging_mixin.py:190} INFO - [2026-04-12T11:13:01.162+0000] {dag.py:4180} INFO - Setting next_dagrun for example_complex to None, run_after=None
[2026-04-12T11:13:01.175+0000] {processor.py:208} INFO - Processing /home/airflow/.local/lib/python3.12/site-packages/airflow/example_dags/example_complex.py took 0.075 seconds
[2026-04-12T11:13:31.463+0000] {processor.py:186} INFO - Started process (PID=853) to work on /home/airflow/.local/lib/python3.12/site-packages/airflow/example_dags/example_complex.py
[2026-04-12T11:13:31.466+0000] {processor.py:914} INFO - Processing file /home/airflow/.local/lib/python3.12/site-packages/airflow/example_dags/example_complex.py for tasks to queue
[2026-04-12T11:13:31.469+0000] {logging_mixin.py:190} INFO - [2026-04-12T11:13:31.468+0000] {dagbag.py:588} INFO - Filling up the DagBag from /home/airflow/.local/lib/python3.12/site-packages/airflow/example_dags/example_complex.py
[2026-04-12T11:13:31.482+0000] {processor.py:925} INFO - DAG(s) 'example_complex' retrieved from /home/airflow/.local/lib/python3.12/site-packages/airflow/example_dags/example_complex.py
[2026-04-12T11:13:31.511+0000] {logging_mixin.py:190} INFO - [2026-04-12T11:13:31.511+0000] {dag.py:3239} INFO - Sync 1 DAGs
[2026-04-12T11:13:31.525+0000] {logging_mixin.py:190} INFO - [2026-04-12T11:13:31.525+0000] {dag.py:4180} INFO - Setting next_dagrun for example_complex to None, run_after=None
[2026-04-12T11:13:31.543+0000] {processor.py:208} INFO - Processing /home/airflow/.local/lib/python3.12/site-packages/airflow/example_dags/example_complex.py took 0.085 seconds
[2026-04-12T11:14:02.149+0000] {processor.py:186} INFO - Started process (PID=1149) to work on /home/airflow/.local/lib/python3.12/site-packages/airflow/example_dags/example_complex.py
[2026-04-12T11:14:02.151+0000] {processor.py:914} INFO - Processing file /home/airflow/.local/lib/python3.12/site-packages/airflow/example_dags/example_complex.py for tasks to queue
[2026-04-12T11:14:02.153+0000] {logging_mixin.py:190} INFO - [2026-04-12T11:14:02.153+0000] {dagbag.py:588} INFO - Filling up the DagBag from /home/airflow/.local/lib/python3.12/site-packages/airflow/example_dags/example_complex.py
[2026-04-12T11:14:02.162+0000] {processor.py:925} INFO - DAG(s) 'example_complex' retrieved from /home/airflow/.local/lib/python3.12/site-packages/airflow/example_dags/example_complex.py
[2026-04-12T11:14:02.188+0000] {logging_mixin.py:190} INFO - [2026-04-12T11:14:02.187+0000] {dag.py:3239} INFO - Sync 1 DAGs
[2026-04-12T11:14:02.198+0000] {logging_mixin.py:190} INFO - [2026-04-12T11:14:02.198+0000] {dag.py:4180} INFO - Setting next_dagrun for example_complex to None, run_after=None
[2026-04-12T11:14:02.209+0000] {processor.py:208} INFO - Processing /home/airflow/.local/lib/python3.12/site-packages/airflow/example_dags/example_complex.py took 0.065 seconds
[2026-04-12T11:14:32.971+0000] {processor.py:186} INFO - Started process (PID=1445) to work on /home/airflow/.local/lib/python3.12/site-packages/airflow/example_dags/example_complex.py
[2026-04-12T11:14:32.975+0000] {processor.py:914} INFO - Processing file /home/airflow/.local/lib/python3.12/site-packages/airflow/example_dags/example_complex.py for tasks to queue
[2026-04-12T11:14:32.977+0000] {logging_mixin.py:190} INFO - [2026-04-12T11:14:32.977+0000] {dagbag.py:588} INFO - Filling up the DagBag from /home/airflow/.local/lib/python3.12/site-packages/airflow/example_dags/example_complex.py
[2026-04-12T11:14:32.993+0000] {processor.py:925} INFO - DAG(s) 'example_complex' retrieved from /home/airflow/.local/lib/python3.12/site-packages/airflow/example_dags/example_complex.py
[2026-04-12T11:14:33.032+0000] {logging_mixin.py:190} INFO - [2026-04-12T11:14:33.032+0000] {dag.py:3239} INFO - Sync 1 DAGs
[2026-04-12T11:14:33.055+0000] {logging_mixin.py:190} INFO - [2026-04-12T11:14:33.055+0000] {dag.py:4180} INFO - Setting next_dagrun for example_complex to None, run_after=None
[2026-04-12T11:14:33.092+0000] {processor.py:208} INFO - Processing /home/airflow/.local/lib/python3.12/site-packages/airflow/example_dags/example_complex.py took 0.128 seconds
[2026-04-12T11:15:03.298+0000] {processor.py:186} INFO - Started process (PID=1742) to work on /home/airflow/.local/lib/python3.12/site-packages/airflow/example_dags/example_complex.py
[2026-04-12T11:15:03.299+0000] {processor.py:914} INFO - Processing file /home/airflow/.local/lib/python3.12/site-packages/airflow/example_dags/example_complex.py for tasks to queue
[2026-04-12T11:15:03.300+0000] {logging_mixin.py:190} INFO - [2026-04-12T11:15:03.300+0000] {dagbag.py:588} INFO - Filling up the DagBag from /home/airflow/.local/lib/python3.12/site-packages/airflow/example_dags/example_complex.py
[2026-04-12T11:15:03.310+0000] {processor.py:925} INFO - DAG(s) 'example_complex' retrieved from /home/airflow/.local/lib/python3.12/site-packages/airflow/example_dags/example_complex.py
[2026-04-12T11:15:03.337+0000] {logging_mixin.py:190} INFO - [2026-04-12T11:15:03.337+0000] {dag.py:3239} INFO - Sync 1 DAGs
[2026-04-12T11:15:03.345+0000] {logging_mixin.py:190} INFO - [2026-04-12T11:15:03.345+0000] {dag.py:4180} INFO - Setting next_dagrun for example_complex to None, run_after=None
[2026-04-12T11:15:03.359+0000] {processor.py:208} INFO - Processing /home/airflow/.local/lib/python3.12/site-packages/airflow/example_dags/example_complex.py took 0.065 seconds
[2026-04-12T11:15:33.641+0000] {processor.py:186} INFO - Started process (PID=2039) to work on /home/airflow/.local/lib/python3.12/site-packages/airflow/example_dags/example_complex.py
[2026-04-12T11:15:33.642+0000] {processor.py:914} INFO - Processing file /home/airflow/.local/lib/python3.12/site-packages/airflow/example_dags/example_complex.py for tasks to queue
[2026-04-12T11:15:33.644+0000] {logging_mixin.py:190} INFO - [2026-04-12T11:15:33.644+0000] {dagbag.py:588} INFO - Filling up the DagBag from /home/airflow/.local/lib/python3.12/site-packages/airflow/example_dags/example_complex.py
[2026-04-12T11:15:33.655+0000] {processor.py:925} INFO - DAG(s) 'example_complex' retrieved from /home/airflow/.local/lib/python3.12/site-packages/airflow/example_dags/example_complex.py
[2026-04-12T11:15:33.689+0000] {logging_mixin.py:190} INFO - [2026-04-12T11:15:33.689+0000] {dag.py:3239} INFO - Sync 1 DAGs
[2026-04-12T11:15:33.702+0000] {logging_mixin.py:190} INFO - [2026-04-12T11:15:33.702+0000] {dag.py:4180} INFO - Setting next_dagrun for example_complex to None, run_after=None
[2026-04-12T11:15:33.727+0000] {processor.py:208} INFO - Processing /home/airflow/.local/lib/python3.12/site-packages/airflow/example_dags/example_complex.py took 0.091 seconds
[2026-04-12T11:16:03.998+0000] {processor.py:186} INFO - Started process (PID=2334) to work on /home/airflow/.local/lib/python3.12/site-packages/airflow/example_dags/example_complex.py
[2026-04-12T11:16:04.000+0000] {processor.py:914} INFO - Processing file /home/airflow/.local/lib/python3.12/site-packages/airflow/example_dags/example_complex.py for tasks to queue
[2026-04-12T11:16:04.002+0000] {logging_mixin.py:190} INFO - [2026-04-12T11:16:04.002+0000] {dagbag.py:588} INFO - Filling up the DagBag from /home/airflow/.local/lib/python3.12/site-packages/airflow/example_dags/example_complex.py
[2026-04-12T11:16:04.018+0000] {processor.py:925} INFO - DAG(s) 'example_complex' retrieved from /home/airflow/.local/lib/python3.12/site-packages/airflow/example_dags/example_complex.py
[2026-04-12T11:16:04.074+0000] {logging_mixin.py:190} INFO - [2026-04-12T11:16:04.073+0000] {dag.py:3239} INFO - Sync 1 DAGs
[2026-04-12T11:16:04.086+0000] {logging_mixin.py:190} INFO - [2026-04-12T11:16:04.086+0000] {dag.py:4180} INFO - Setting next_dagrun for example_complex to None, run_after=None
[2026-04-12T11:16:04.122+0000] {processor.py:208} INFO - Processing /home/airflow/.local/lib/python3.12/site-packages/airflow/example_dags/example_complex.py took 0.128 seconds
[2026-04-12T11:16:34.252+0000] {processor.py:186} INFO - Started process (PID=2630) to work on /home/airflow/.local/lib/python3.12/site-packages/airflow/example_dags/example_complex.py
[2026-04-12T11:16:34.253+0000] {processor.py:914} INFO - Processing file /home/airflow/.local/lib/python3.12/site-packages/airflow/example_dags/example_complex.py for tasks to queue
[2026-04-12T11:16:34.254+0000] {logging_mixin.py:190} INFO - [2026-04-12T11:16:34.254+0000] {dagbag.py:588} INFO - Filling up the DagBag from /home/airflow/.local/lib/python3.12/site-packages/airflow/example_dags/example_complex.py
[2026-04-12T11:16:34.262+0000] {processor.py:925} INFO - DAG(s) 'example_complex' retrieved from /home/airflow/.local/lib/python3.12/site-packages/airflow/example_dags/example_complex.py
[2026-04-12T11:16:34.280+0000] {logging_mixin.py:190} INFO - [2026-04-12T11:16:34.280+0000] {dag.py:3239} INFO - Sync 1 DAGs
[2026-04-12T11:16:34.288+0000] {logging_mixin.py:190} INFO - [2026-04-12T11:16:34.288+0000] {dag.py:4180} INFO - Setting next_dagrun for example_complex to None, run_after=None
[2026-04-12T11:16:34.299+0000] {processor.py:208} INFO - Processing /home/airflow/.local/lib/python3.12/site-packages/airflow/example_dags/example_complex.py took 0.050 seconds
[2026-04-12T11:17:04.473+0000] {processor.py:186} INFO - Started process (PID=2938) to work on /home/airflow/.local/lib/python3.12/site-packages/airflow/example_dags/example_complex.py
[2026-04-12T11:17:04.473+0000] {processor.py:914} INFO - Processing file /home/airflow/.local/lib/python3.12/site-packages/airflow/example_dags/example_complex.py for tasks to queue
[2026-04-12T11:17:04.475+0000] {logging_mixin.py:190} INFO - [2026-04-12T11:17:04.475+0000] {dagbag.py:588} INFO - Filling up the DagBag from /home/airflow/.local/lib/python3.12/site-packages/airflow/example_dags/example_complex.py
[2026-04-12T11:17:04.483+0000] {processor.py:925} INFO - DAG(s) 'example_complex' retrieved from /home/airflow/.local/lib/python3.12/site-packages/airflow/example_dags/example_complex.py
[2026-04-12T11:17:04.502+0000] {logging_mixin.py:190} INFO - [2026-04-12T11:17:04.502+0000] {dag.py:3239} INFO - Sync 1 DAGs
[2026-04-12T11:17:04.511+0000] {logging_mixin.py:190} INFO - [2026-04-12T11:17:04.511+0000] {dag.py:4180} INFO - Setting next_dagrun for example_complex to None, run_after=None
[2026-04-12T11:17:04.522+0000] {processor.py:208} INFO - Processing /home/airflow/.local/lib/python3.12/site-packages/airflow/example_dags/example_complex.py took 0.053 seconds
[2026-04-12T11:17:35.336+0000] {processor.py:186} INFO - Started process (PID=3234) to work on /home/airflow/.local/lib/python3.12/site-packages/airflow/example_dags/example_complex.py
[2026-04-12T11:17:35.337+0000] {processor.py:914} INFO - Processing file /home/airflow/.local/lib/python3.12/site-packages/airflow/example_dags/example_complex.py for tasks to queue
[2026-04-12T11:17:35.341+0000] {logging_mixin.py:190} INFO - [2026-04-12T11:17:35.341+0000] {dagbag.py:588} INFO - Filling up the DagBag from /home/airflow/.local/lib/python3.12/site-packages/airflow/example_dags/example_complex.py
[2026-04-12T11:17:35.351+0000] {processor.py:925} INFO - DAG(s) 'example_complex' retrieved from /home/airflow/.local/lib/python3.12/site-packages/airflow/example_dags/example_complex.py
[2026-04-12T11:17:35.378+0000] {logging_mixin.py:190} INFO - [2026-04-12T11:17:35.377+0000] {dag.py:3239} INFO - Sync 1 DAGs
[2026-04-12T11:17:35.388+0000] {logging_mixin.py:190} INFO - [2026-04-12T11:17:35.388+0000] {dag.py:4180} INFO - Setting next_dagrun for example_complex to None, run_after=None
[2026-04-12T11:17:35.412+0000] {processor.py:208} INFO - Processing /home/airflow/.local/lib/python3.12/site-packages/airflow/example_dags/example_complex.py took 0.081 seconds
[2026-04-12T11:18:07.447+0000] {processor.py:186} INFO - Started process (PID=3533) to work on /home/airflow/.local/lib/python3.12/site-packages/airflow/example_dags/example_complex.py
[2026-04-12T11:18:07.453+0000] {processor.py:914} INFO - Processing file /home/airflow/.local/lib/python3.12/site-packages/airflow/example_dags/example_complex.py for tasks to queue
[2026-04-12T11:18:07.458+0000] {logging_mixin.py:190} INFO - [2026-04-12T11:18:07.457+0000] {dagbag.py:588} INFO - Filling up the DagBag from /home/airflow/.local/lib/python3.12/site-packages/airflow/example_dags/example_complex.py
[2026-04-12T11:18:07.478+0000] {processor.py:925} INFO - DAG(s) 'example_complex' retrieved from /home/airflow/.local/lib/python3.12/site-packages/airflow/example_dags/example_complex.py
[2026-04-12T11:18:07.619+0000] {logging_mixin.py:190} INFO - [2026-04-12T11:18:07.618+0000] {dag.py:3239} INFO - Sync 1 DAGs
[2026-04-12T11:18:07.653+0000] {logging_mixin.py:190} INFO - [2026-04-12T11:18:07.652+0000] {dag.py:4180} INFO - Setting next_dagrun for example_complex to None, run_after=None
[2026-04-12T11:18:07.702+0000] {processor.py:208} INFO - Processing /home/airflow/.local/lib/python3.12/site-packages/airflow/example_dags/example_complex.py took 0.267 seconds
[2026-04-12T11:18:38.478+0000] {processor.py:186} INFO - Started process (PID=3837) to work on /home/airflow/.local/lib/python3.12/site-packages/airflow/example_dags/example_complex.py
[2026-04-12T11:18:38.482+0000] {processor.py:914} INFO - Processing file /home/airflow/.local/lib/python3.12/site-packages/airflow/example_dags/example_complex.py for tasks to queue
[2026-04-12T11:18:38.483+0000] {logging_mixin.py:190} INFO - [2026-04-12T11:18:38.483+0000] {dagbag.py:588} INFO - Filling up the DagBag from /home/airflow/.local/lib/python3.12/site-packages/airflow/example_dags/example_complex.py
[2026-04-12T11:18:38.493+0000] {processor.py:925} INFO - DAG(s) 'example_complex' retrieved from /home/airflow/.local/lib/python3.12/site-packages/airflow/example_dags/example_complex.py
[2026-04-12T11:18:38.522+0000] {logging_mixin.py:190} INFO - [2026-04-12T11:18:38.522+0000] {dag.py:3239} INFO - Sync 1 DAGs
[2026-04-12T11:18:38.533+0000] {logging_mixin.py:190} INFO - [2026-04-12T11:18:38.533+0000] {dag.py:4180} INFO - Setting next_dagrun for example_complex to None, run_after=None
[2026-04-12T11:18:38.550+0000] {processor.py:208} INFO - Processing /home/airflow/.local/lib/python3.12/site-packages/airflow/example_dags/example_complex.py took 0.079 seconds
[2026-04-12T11:19:08.861+0000] {processor.py:186} INFO - Started process (PID=4148) to work on /home/airflow/.local/lib/python3.12/site-packages/airflow/example_dags/example_complex.py
[2026-04-12T11:19:08.863+0000] {processor.py:914} INFO - Processing file /home/airflow/.local/lib/python3.12/site-packages/airflow/example_dags/example_complex.py for tasks to queue
[2026-04-12T11:19:08.866+0000] {logging_mixin.py:190} INFO - [2026-04-12T11:19:08.865+0000] {dagbag.py:588} INFO - Filling up the DagBag from /home/airflow/.local/lib/python3.12/site-packages/airflow/example_dags/example_complex.py
[2026-04-12T11:19:08.875+0000] {processor.py:925} INFO - DAG(s) 'example_complex' retrieved from /home/airflow/.local/lib/python3.12/site-packages/airflow/example_dags/example_complex.py
[2026-04-12T11:19:08.906+0000] {logging_mixin.py:190} INFO - [2026-04-12T11:19:08.906+0000] {dag.py:3239} INFO - Sync 1 DAGs
[2026-04-12T11:19:08.920+0000] {logging_mixin.py:190} INFO - [2026-04-12T11:19:08.920+0000] {dag.py:4180} INFO - Setting next_dagrun for example_complex to None, run_after=None
[2026-04-12T11:19:08.935+0000] {processor.py:208} INFO - Processing /home/airflow/.local/lib/python3.12/site-packages/airflow/example_dags/example_complex.py took 0.079 seconds
[2026-04-12T11:19:39.712+0000] {processor.py:186} INFO - Started process (PID=4444) to work on /home/airflow/.local/lib/python3.12/site-packages/airflow/example_dags/example_complex.py
[2026-04-12T11:19:39.714+0000] {processor.py:914} INFO - Processing file /home/airflow/.local/lib/python3.12/site-packages/airflow/example_dags/example_complex.py for tasks to queue
[2026-04-12T11:19:39.715+0000] {logging_mixin.py:190} INFO - [2026-04-12T11:19:39.715+0000] {dagbag.py:588} INFO - Filling up the DagBag from /home/airflow/.local/lib/python3.12/site-packages/airflow/example_dags/example_complex.py
[2026-04-12T11:19:39.726+0000] {processor.py:925} INFO - DAG(s) 'example_complex' retrieved from /home/airflow/.local/lib/python3.12/site-packages/airflow/example_dags/example_complex.py
[2026-04-12T11:19:39.756+0000] {logging_mixin.py:190} INFO - [2026-04-12T11:19:39.756+0000] {dag.py:3239} INFO - Sync 1 DAGs
[2026-04-12T11:19:39.767+0000] {logging_mixin.py:190} INFO - [2026-04-12T11:19:39.767+0000] {dag.py:4180} INFO - Setting next_dagrun for example_complex to None, run_after=None
[2026-04-12T11:19:39.778+0000] {processor.py:208} INFO - Processing /home/airflow/.local/lib/python3.12/site-packages/airflow/example_dags/example_complex.py took 0.071 seconds
[2026-04-12T11:20:10.617+0000] {processor.py:186} INFO - Started process (PID=4740) to work on /home/airflow/.local/lib/python3.12/site-packages/airflow/example_dags/example_complex.py
[2026-04-12T11:20:10.619+0000] {processor.py:914} INFO - Processing file /home/airflow/.local/lib/python3.12/site-packages/airflow/example_dags/example_complex.py for tasks to queue
[2026-04-12T11:20:10.620+0000] {logging_mixin.py:190} INFO - [2026-04-12T11:20:10.620+0000] {dagbag.py:588} INFO - Filling up the DagBag from /home/airflow/.local/lib/python3.12/site-packages/airflow/example_dags/example_complex.py
[2026-04-12T11:20:10.629+0000] {processor.py:925} INFO - DAG(s) 'example_complex' retrieved from /home/airflow/.local/lib/python3.12/site-packages/airflow/example_dags/example_complex.py
[2026-04-12T11:20:10.658+0000] {logging_mixin.py:190} INFO - [2026-04-12T11:20:10.658+0000] {dag.py:3239} INFO - Sync 1 DAGs
[2026-04-12T11:20:10.667+0000] {logging_mixin.py:190} INFO - [2026-04-12T11:20:10.667+0000] {dag.py:4180} INFO - Setting next_dagrun for example_complex to None, run_after=None
[2026-04-12T11:20:10.686+0000] {processor.py:208} INFO - Processing /home/airflow/.local/lib/python3.12/site-packages/airflow/example_dags/example_complex.py took 0.073 seconds
[2026-04-12T11:20:43.092+0000] {processor.py:186} INFO - Started process (PID=5036) to work on /home/airflow/.local/lib/python3.12/site-packages/airflow/example_dags/example_complex.py
[2026-04-12T11:20:43.095+0000] {processor.py:914} INFO - Processing file /home/airflow/.local/lib/python3.12/site-packages/airflow/example_dags/example_complex.py for tasks to queue
[2026-04-12T11:20:43.099+0000] {logging_mixin.py:190} INFO - [2026-04-12T11:20:43.099+0000] {dagbag.py:588} INFO - Filling up the DagBag from /home/airflow/.local/lib/python3.12/site-packages/airflow/example_dags/example_complex.py
[2026-04-12T11:20:43.132+0000] {processor.py:925} INFO - DAG(s) 'example_complex' retrieved from /home/airflow/.local/lib/python3.12/site-packages/airflow/example_dags/example_complex.py
[2026-04-12T11:20:43.228+0000] {logging_mixin.py:190} INFO - [2026-04-12T11:20:43.227+0000] {dag.py:3239} INFO - Sync 1 DAGs
[2026-04-12T11:20:43.258+0000] {logging_mixin.py:190} INFO - [2026-04-12T11:20:43.258+0000] {dag.py:4180} INFO - Setting next_dagrun for example_complex to None, run_after=None
[2026-04-12T11:20:43.293+0000] {processor.py:208} INFO - Processing /home/airflow/.local/lib/python3.12/site-packages/airflow/example_dags/example_complex.py took 0.225 seconds
[2026-04-12T11:21:14.224+0000] {processor.py:186} INFO - Started process (PID=5332) to work on /home/airflow/.local/lib/python3.12/site-packages/airflow/example_dags/example_complex.py
[2026-04-12T11:21:14.225+0000] {processor.py:914} INFO - Processing file /home/airflow/.local/lib/python3.12/site-packages/airflow/example_dags/example_complex.py for tasks to queue
[2026-04-12T11:21:14.229+0000] {logging_mixin.py:190} INFO - [2026-04-12T11:21:14.228+0000] {dagbag.py:588} INFO - Filling up the DagBag from /home/airflow/.local/lib/python3.12/site-packages/airflow/example_dags/example_complex.py
[2026-04-12T11:21:14.241+0000] {processor.py:925} INFO - DAG(s) 'example_complex' retrieved from /home/airflow/.local/lib/python3.12/site-packages/airflow/example_dags/example_complex.py
[2026-04-12T11:21:14.271+0000] {logging_mixin.py:190} INFO - [2026-04-12T11:21:14.271+0000] {dag.py:3239} INFO - Sync 1 DAGs
[2026-04-12T11:21:14.282+0000] {logging_mixin.py:190} INFO - [2026-04-12T11:21:14.282+0000] {dag.py:4180} INFO - Setting next_dagrun for example_complex to None, run_after=None
[2026-04-12T11:21:14.297+0000] {processor.py:208} INFO - Processing /home/airflow/.local/lib/python3.12/site-packages/airflow/example_dags/example_complex.py took 0.079 seconds
[2026-04-12T11:21:44.867+0000] {processor.py:186} INFO - Started process (PID=5628) to work on /home/airflow/.local/lib/python3.12/site-packages/airflow/example_dags/example_complex.py
[2026-04-12T11:21:44.870+0000] {processor.py:914} INFO - Processing file /home/airflow/.local/lib/python3.12/site-packages/airflow/example_dags/example_complex.py for tasks to queue
[2026-04-12T11:21:44.874+0000] {logging_mixin.py:190} INFO - [2026-04-12T11:21:44.874+0000] {dagbag.py:588} INFO - Filling up the DagBag from /home/airflow/.local/lib/python3.12/site-packages/airflow/example_dags/example_complex.py
[2026-04-12T11:21:44.883+0000] {processor.py:925} INFO - DAG(s) 'example_complex' retrieved from /home/airflow/.local/lib/python3.12/site-packages/airflow/example_dags/example_complex.py
[2026-04-12T11:21:44.910+0000] {logging_mixin.py:190} INFO - [2026-04-12T11:21:44.909+0000] {dag.py:3239} INFO - Sync 1 DAGs
[2026-04-12T11:21:44.920+0000] {logging_mixin.py:190} INFO - [2026-04-12T11:21:44.920+0000] {dag.py:4180} INFO - Setting next_dagrun for example_complex to None, run_after=None
[2026-04-12T11:21:44.938+0000] {processor.py:208} INFO - Processing /home/airflow/.local/lib/python3.12/site-packages/airflow/example_dags/example_complex.py took 0.077 seconds
[2026-04-12T11:22:14.995+0000] {processor.py:186} INFO - Started process (PID=5924) to work on /home/airflow/.local/lib/python3.12/site-packages/airflow/example_dags/example_complex.py
[2026-04-12T11:22:14.998+0000] {processor.py:914} INFO - Processing file /home/airflow/.local/lib/python3.12/site-packages/airflow/example_dags/example_complex.py for tasks to queue
[2026-04-12T11:22:15.002+0000] {logging_mixin.py:190} INFO - [2026-04-12T11:22:15.001+0000] {dagbag.py:588} INFO - Filling up the DagBag from /home/airflow/.local/lib/python3.12/site-packages/airflow/example_dags/example_complex.py
[2026-04-12T11:22:15.010+0000] {processor.py:925} INFO - DAG(s) 'example_complex' retrieved from /home/airflow/.local/lib/python3.12/site-packages/airflow/example_dags/example_complex.py
[2026-04-12T11:22:15.030+0000] {logging_mixin.py:190} INFO - [2026-04-12T11:22:15.030+0000] {dag.py:3239} INFO - Sync 1 DAGs
[2026-04-12T11:22:15.038+0000] {logging_mixin.py:190} INFO - [2026-04-12T11:22:15.038+0000] {dag.py:4180} INFO - Setting next_dagrun for example_complex to None, run_after=None
[2026-04-12T11:22:15.052+0000] {processor.py:208} INFO - Processing /home/airflow/.local/lib/python3.12/site-packages/airflow/example_dags/example_complex.py took 0.062 seconds
[2026-04-12T11:22:45.223+0000] {processor.py:186} INFO - Started process (PID=6219) to work on /home/airflow/.local/lib/python3.12/site-packages/airflow/example_dags/example_complex.py
[2026-04-12T11:22:45.224+0000] {processor.py:914} INFO - Processing file /home/airflow/.local/lib/python3.12/site-packages/airflow/example_dags/example_complex.py for tasks to queue
[2026-04-12T11:22:45.225+0000] {logging_mixin.py:190} INFO - [2026-04-12T11:22:45.225+0000] {dagbag.py:588} INFO - Filling up the DagBag from /home/airflow/.local/lib/python3.12/site-packages/airflow/example_dags/example_complex.py
[2026-04-12T11:22:45.234+0000] {processor.py:925} INFO - DAG(s) 'example_complex' retrieved from /home/airflow/.local/lib/python3.12/site-packages/airflow/example_dags/example_complex.py
[2026-04-12T11:22:45.256+0000] {logging_mixin.py:190} INFO - [2026-04-12T11:22:45.256+0000] {dag.py:3239} INFO - Sync 1 DAGs
[2026-04-12T11:22:45.269+0000] {logging_mixin.py:190} INFO - [2026-04-12T11:22:45.269+0000] {dag.py:4180} INFO - Setting next_dagrun for example_complex to None, run_after=None
[2026-04-12T11:22:45.285+0000] {processor.py:208} INFO - Processing /home/airflow/.local/lib/python3.12/site-packages/airflow/example_dags/example_complex.py took 0.067 seconds
[2026-04-12T11:23:15.342+0000] {processor.py:186} INFO - Started process (PID=6515) to work on /home/airflow/.local/lib/python3.12/site-packages/airflow/example_dags/example_complex.py
[2026-04-12T11:23:15.347+0000] {processor.py:914} INFO - Processing file /home/airflow/.local/lib/python3.12/site-packages/airflow/example_dags/example_complex.py for tasks to queue
[2026-04-12T11:23:15.350+0000] {logging_mixin.py:190} INFO - [2026-04-12T11:23:15.349+0000] {dagbag.py:588} INFO - Filling up the DagBag from /home/airflow/.local/lib/python3.12/site-packages/airflow/example_dags/example_complex.py
[2026-04-12T11:23:15.358+0000] {processor.py:925} INFO - DAG(s) 'example_complex' retrieved from /home/airflow/.local/lib/python3.12/site-packages/airflow/example_dags/example_complex.py
[2026-04-12T11:23:15.383+0000] {logging_mixin.py:190} INFO - [2026-04-12T11:23:15.383+0000] {dag.py:3239} INFO - Sync 1 DAGs
[2026-04-12T11:23:15.392+0000] {logging_mixin.py:190} INFO - [2026-04-12T11:23:15.392+0000] {dag.py:4180} INFO - Setting next_dagrun for example_complex to None, run_after=None
[2026-04-12T11:23:15.404+0000] {processor.py:208} INFO - Processing /home/airflow/.local/lib/python3.12/site-packages/airflow/example_dags/example_complex.py took 0.066 seconds
[2026-04-12T11:23:46.022+0000] {processor.py:186} INFO - Started process (PID=6811) to work on /home/airflow/.local/lib/python3.12/site-packages/airflow/example_dags/example_complex.py
[2026-04-12T11:23:46.026+0000] {processor.py:914} INFO - Processing file /home/airflow/.local/lib/python3.12/site-packages/airflow/example_dags/example_complex.py for tasks to queue
[2026-04-12T11:23:46.028+0000] {logging_mixin.py:190} INFO - [2026-04-12T11:23:46.028+0000] {dagbag.py:588} INFO - Filling up the DagBag from /home/airflow/.local/lib/python3.12/site-packages/airflow/example_dags/example_complex.py
[2026-04-12T11:23:46.037+0000] {processor.py:925} INFO - DAG(s) 'example_complex' retrieved from /home/airflow/.local/lib/python3.12/site-packages/airflow/example_dags/example_complex.py
[2026-04-12T11:23:46.061+0000] {logging_mixin.py:190} INFO - [2026-04-12T11:23:46.061+0000] {dag.py:3239} INFO - Sync 1 DAGs
[2026-04-12T11:23:46.070+0000] {logging_mixin.py:190} INFO - [2026-04-12T11:23:46.070+0000] {dag.py:4180} INFO - Setting next_dagrun for example_complex to None, run_after=None
[2026-04-12T11:23:46.087+0000] {processor.py:208} INFO - Processing /home/airflow/.local/lib/python3.12/site-packages/airflow/example_dags/example_complex.py took 0.069 seconds
[2026-04-12T11:24:16.325+0000] {processor.py:186} INFO - Started process (PID=7107) to work on /home/airflow/.local/lib/python3.12/site-packages/airflow/example_dags/example_complex.py
[2026-04-12T11:24:16.325+0000] {processor.py:914} INFO - Processing file /home/airflow/.local/lib/python3.12/site-packages/airflow/example_dags/example_complex.py for tasks to queue
[2026-04-12T11:24:16.327+0000] {logging_mixin.py:190} INFO - [2026-04-12T11:24:16.327+0000] {dagbag.py:588} INFO - Filling up the DagBag from /home/airflow/.local/lib/python3.12/site-packages/airflow/example_dags/example_complex.py
[2026-04-12T11:24:16.335+0000] {processor.py:925} INFO - DAG(s) 'example_complex' retrieved from /home/airflow/.local/lib/python3.12/site-packages/airflow/example_dags/example_complex.py
[2026-04-12T11:24:16.365+0000] {logging_mixin.py:190} INFO - [2026-04-12T11:24:16.365+0000] {dag.py:3239} INFO - Sync 1 DAGs
[2026-04-12T11:24:16.376+0000] {logging_mixin.py:190} INFO - [2026-04-12T11:24:16.376+0000] {dag.py:4180} INFO - Setting next_dagrun for example_complex to None, run_after=None
[2026-04-12T11:24:16.387+0000] {processor.py:208} INFO - Processing /home/airflow/.local/lib/python3.12/site-packages/airflow/example_dags/example_complex.py took 0.066 seconds
[2026-04-12T11:24:47.433+0000] {processor.py:186} INFO - Started process (PID=7403) to work on /home/airflow/.local/lib/python3.12/site-packages/airflow/example_dags/example_complex.py
[2026-04-12T11:24:47.435+0000] {processor.py:914} INFO - Processing file /home/airflow/.local/lib/python3.12/site-packages/airflow/example_dags/example_complex.py for tasks to queue
[2026-04-12T11:24:47.436+0000] {logging_mixin.py:190} INFO - [2026-04-12T11:24:47.436+0000] {dagbag.py:588} INFO - Filling up the DagBag from /home/airflow/.local/lib/python3.12/site-packages/airflow/example_dags/example_complex.py
[2026-04-12T11:24:47.444+0000] {processor.py:925} INFO - DAG(s) 'example_complex' retrieved from /home/airflow/.local/lib/python3.12/site-packages/airflow/example_dags/example_complex.py
[2026-04-12T11:24:47.469+0000] {logging_mixin.py:190} INFO - [2026-04-12T11:24:47.468+0000] {dag.py:3239} INFO - Sync 1 DAGs
[2026-04-12T11:24:47.478+0000] {logging_mixin.py:190} INFO - [2026-04-12T11:24:47.478+0000] {dag.py:4180} INFO - Setting next_dagrun for example_complex to None, run_after=None
[2026-04-12T11:24:47.496+0000] {processor.py:208} INFO - Processing /home/airflow/.local/lib/python3.12/site-packages/airflow/example_dags/example_complex.py took 0.067 seconds
[2026-04-12T11:25:17.645+0000] {processor.py:186} INFO - Started process (PID=7699) to work on /home/airflow/.local/lib/python3.12/site-packages/airflow/example_dags/example_complex.py
[2026-04-12T11:25:17.646+0000] {processor.py:914} INFO - Processing file /home/airflow/.local/lib/python3.12/site-packages/airflow/example_dags/example_complex.py for tasks to queue
[2026-04-12T11:25:17.648+0000] {logging_mixin.py:190} INFO - [2026-04-12T11:25:17.648+0000] {dagbag.py:588} INFO - Filling up the DagBag from /home/airflow/.local/lib/python3.12/site-packages/airflow/example_dags/example_complex.py
[2026-04-12T11:25:17.660+0000] {processor.py:925} INFO - DAG(s) 'example_complex' retrieved from /home/airflow/.local/lib/python3.12/site-packages/airflow/example_dags/example_complex.py
[2026-04-12T11:25:17.681+0000] {logging_mixin.py:190} INFO - [2026-04-12T11:25:17.681+0000] {dag.py:3239} INFO - Sync 1 DAGs
[2026-04-12T11:25:17.691+0000] {logging_mixin.py:190} INFO - [2026-04-12T11:25:17.691+0000] {dag.py:4180} INFO - Setting next_dagrun for example_complex to None, run_after=None
[2026-04-12T11:25:17.711+0000] {processor.py:208} INFO - Processing /home/airflow/.local/lib/python3.12/site-packages/airflow/example_dags/example_complex.py took 0.071 seconds
[2026-04-12T11:25:47.792+0000] {processor.py:186} INFO - Started process (PID=7995) to work on /home/airflow/.local/lib/python3.12/site-packages/airflow/example_dags/example_complex.py
[2026-04-12T11:25:47.793+0000] {processor.py:914} INFO - Processing file /home/airflow/.local/lib/python3.12/site-packages/airflow/example_dags/example_complex.py for tasks to queue
[2026-04-12T11:25:47.794+0000] {logging_mixin.py:190} INFO - [2026-04-12T11:25:47.794+0000] {dagbag.py:588} INFO - Filling up the DagBag from /home/airflow/.local/lib/python3.12/site-packages/airflow/example_dags/example_complex.py
[2026-04-12T11:25:47.802+0000] {processor.py:925} INFO - DAG(s) 'example_complex' retrieved from /home/airflow/.local/lib/python3.12/site-packages/airflow/example_dags/example_complex.py
[2026-04-12T11:25:47.824+0000] {logging_mixin.py:190} INFO - [2026-04-12T11:25:47.824+0000] {dag.py:3239} INFO - Sync 1 DAGs
[2026-04-12T11:25:47.835+0000] {logging_mixin.py:190} INFO - [2026-04-12T11:25:47.835+0000] {dag.py:4180} INFO - Setting next_dagrun for example_complex to None, run_after=None
[2026-04-12T11:25:47.856+0000] {processor.py:208} INFO - Processing /home/airflow/.local/lib/python3.12/site-packages/airflow/example_dags/example_complex.py took 0.069 seconds
[2026-04-12T11:27:09.358+0000] {processor.py:186} INFO - Started process (PID=8165) to work on /home/airflow/.local/lib/python3.12/site-packages/airflow/example_dags/example_complex.py
[2026-04-12T11:27:09.358+0000] {processor.py:914} INFO - Processing file /home/airflow/.local/lib/python3.12/site-packages/airflow/example_dags/example_complex.py for tasks to queue
[2026-04-12T11:27:09.360+0000] {logging_mixin.py:190} INFO - [2026-04-12T11:27:09.360+0000] {dagbag.py:588} INFO - Filling up the DagBag from /home/airflow/.local/lib/python3.12/site-packages/airflow/example_dags/example_complex.py
[2026-04-12T11:27:09.368+0000] {processor.py:925} INFO - DAG(s) 'example_complex' retrieved from /home/airflow/.local/lib/python3.12/site-packages/airflow/example_dags/example_complex.py
[2026-04-12T11:27:09.394+0000] {logging_mixin.py:190} INFO - [2026-04-12T11:27:09.394+0000] {dag.py:3239} INFO - Sync 1 DAGs
[2026-04-12T11:27:09.403+0000] {logging_mixin.py:190} INFO - [2026-04-12T11:27:09.402+0000] {dag.py:4180} INFO - Setting next_dagrun for example_complex to None, run_after=None
[2026-04-12T11:27:09.413+0000] {processor.py:208} INFO - Processing /home/airflow/.local/lib/python3.12/site-packages/airflow/example_dags/example_complex.py took 0.060 seconds
[2026-04-12T11:29:45.353+0000] {processor.py:186} INFO - Started process (PID=8461) to work on /home/airflow/.local/lib/python3.12/site-packages/airflow/example_dags/example_complex.py
[2026-04-12T11:29:45.355+0000] {processor.py:914} INFO - Processing file /home/airflow/.local/lib/python3.12/site-packages/airflow/example_dags/example_complex.py for tasks to queue
[2026-04-12T11:29:45.357+0000] {logging_mixin.py:190} INFO - [2026-04-12T11:29:45.357+0000] {dagbag.py:588} INFO - Filling up the DagBag from /home/airflow/.local/lib/python3.12/site-packages/airflow/example_dags/example_complex.py
[2026-04-12T11:29:45.373+0000] {processor.py:925} INFO - DAG(s) 'example_complex' retrieved from /home/airflow/.local/lib/python3.12/site-packages/airflow/example_dags/example_complex.py
[2026-04-12T11:29:45.397+0000] {logging_mixin.py:190} INFO - [2026-04-12T11:29:45.397+0000] {dag.py:3239} INFO - Sync 1 DAGs
[2026-04-12T11:29:45.415+0000] {logging_mixin.py:190} INFO - [2026-04-12T11:29:45.414+0000] {dag.py:4180} INFO - Setting next_dagrun for example_complex to None, run_after=None
[2026-04-12T11:29:45.430+0000] {processor.py:208} INFO - Processing /home/airflow/.local/lib/python3.12/site-packages/airflow/example_dags/example_complex.py took 0.084 seconds
[2026-04-12T11:30:15.681+0000] {processor.py:186} INFO - Started process (PID=8757) to work on /home/airflow/.local/lib/python3.12/site-packages/airflow/example_dags/example_complex.py
[2026-04-12T11:30:15.682+0000] {processor.py:914} INFO - Processing file /home/airflow/.local/lib/python3.12/site-packages/airflow/example_dags/example_complex.py for tasks to queue
[2026-04-12T11:30:15.684+0000] {logging_mixin.py:190} INFO - [2026-04-12T11:30:15.684+0000] {dagbag.py:588} INFO - Filling up the DagBag from /home/airflow/.local/lib/python3.12/site-packages/airflow/example_dags/example_complex.py
[2026-04-12T11:30:15.697+0000] {processor.py:925} INFO - DAG(s) 'example_complex' retrieved from /home/airflow/.local/lib/python3.12/site-packages/airflow/example_dags/example_complex.py
[2026-04-12T11:30:15.717+0000] {logging_mixin.py:190} INFO - [2026-04-12T11:30:15.717+0000] {dag.py:3239} INFO - Sync 1 DAGs
[2026-04-12T11:30:15.729+0000] {logging_mixin.py:190} INFO - [2026-04-12T11:30:15.729+0000] {dag.py:4180} INFO - Setting next_dagrun for example_complex to None, run_after=None
[2026-04-12T11:30:15.749+0000] {processor.py:208} INFO - Processing /home/airflow/.local/lib/python3.12/site-packages/airflow/example_dags/example_complex.py took 0.072 seconds
[2026-04-12T11:30:46.182+0000] {processor.py:186} INFO - Started process (PID=9053) to work on /home/airflow/.local/lib/python3.12/site-packages/airflow/example_dags/example_complex.py
[2026-04-12T11:30:46.184+0000] {processor.py:914} INFO - Processing file /home/airflow/.local/lib/python3.12/site-packages/airflow/example_dags/example_complex.py for tasks to queue
[2026-04-12T11:30:46.185+0000] {logging_mixin.py:190} INFO - [2026-04-12T11:30:46.185+0000] {dagbag.py:588} INFO - Filling up the DagBag from /home/airflow/.local/lib/python3.12/site-packages/airflow/example_dags/example_complex.py
[2026-04-12T11:30:46.195+0000] {processor.py:925} INFO - DAG(s) 'example_complex' retrieved from /home/airflow/.local/lib/python3.12/site-packages/airflow/example_dags/example_complex.py
[2026-04-12T11:30:46.223+0000] {logging_mixin.py:190} INFO - [2026-04-12T11:30:46.223+0000] {dag.py:3239} INFO - Sync 1 DAGs
[2026-04-12T11:30:46.238+0000] {logging_mixin.py:190} INFO - [2026-04-12T11:30:46.238+0000] {dag.py:4180} INFO - Setting next_dagrun for example_complex to None, run_after=None
[2026-04-12T11:30:46.251+0000] {processor.py:208} INFO - Processing /home/airflow/.local/lib/python3.12/site-packages/airflow/example_dags/example_complex.py took 0.075 seconds
[2026-04-12T11:31:16.352+0000] {processor.py:186} INFO - Started process (PID=9348) to work on /home/airflow/.local/lib/python3.12/site-packages/airflow/example_dags/example_complex.py
[2026-04-12T11:31:16.355+0000] {processor.py:914} INFO - Processing file /home/airflow/.local/lib/python3.12/site-packages/airflow/example_dags/example_complex.py for tasks to queue
[2026-04-12T11:31:16.357+0000] {logging_mixin.py:190} INFO - [2026-04-12T11:31:16.356+0000] {dagbag.py:588} INFO - Filling up the DagBag from /home/airflow/.local/lib/python3.12/site-packages/airflow/example_dags/example_complex.py
[2026-04-12T11:31:16.367+0000] {processor.py:925} INFO - DAG(s) 'example_complex' retrieved from /home/airflow/.local/lib/python3.12/site-packages/airflow/example_dags/example_complex.py
[2026-04-12T11:31:16.393+0000] {logging_mixin.py:190} INFO - [2026-04-12T11:31:16.393+0000] {dag.py:3239} INFO - Sync 1 DAGs
[2026-04-12T11:31:16.403+0000] {logging_mixin.py:190} INFO - [2026-04-12T11:31:16.403+0000] {dag.py:4180} INFO - Setting next_dagrun for example_complex to None, run_after=None
[2026-04-12T11:31:16.420+0000] {processor.py:208} INFO - Processing /home/airflow/.local/lib/python3.12/site-packages/airflow/example_dags/example_complex.py took 0.073 seconds
[2026-04-12T11:31:46.772+0000] {processor.py:186} INFO - Started process (PID=9644) to work on /home/airflow/.local/lib/python3.12/site-packages/airflow/example_dags/example_complex.py
[2026-04-12T11:31:46.773+0000] {processor.py:914} INFO - Processing file /home/airflow/.local/lib/python3.12/site-packages/airflow/example_dags/example_complex.py for tasks to queue
[2026-04-12T11:31:46.774+0000] {logging_mixin.py:190} INFO - [2026-04-12T11:31:46.774+0000] {dagbag.py:588} INFO - Filling up the DagBag from /home/airflow/.local/lib/python3.12/site-packages/airflow/example_dags/example_complex.py
[2026-04-12T11:31:46.783+0000] {processor.py:925} INFO - DAG(s) 'example_complex' retrieved from /home/airflow/.local/lib/python3.12/site-packages/airflow/example_dags/example_complex.py
[2026-04-12T11:31:46.806+0000] {logging_mixin.py:190} INFO - [2026-04-12T11:31:46.805+0000] {dag.py:3239} INFO - Sync 1 DAGs
[2026-04-12T11:31:46.817+0000] {logging_mixin.py:190} INFO - [2026-04-12T11:31:46.817+0000] {dag.py:4180} INFO - Setting next_dagrun for example_complex to None, run_after=None
[2026-04-12T11:31:46.835+0000] {processor.py:208} INFO - Processing /home/airflow/.local/lib/python3.12/site-packages/airflow/example_dags/example_complex.py took 0.071 seconds
[2026-04-12T11:32:17.993+0000] {processor.py:186} INFO - Started process (PID=9940) to work on /home/airflow/.local/lib/python3.12/site-packages/airflow/example_dags/example_complex.py
[2026-04-12T11:32:17.994+0000] {processor.py:914} INFO - Processing file /home/airflow/.local/lib/python3.12/site-packages/airflow/example_dags/example_complex.py for tasks to queue
[2026-04-12T11:32:17.996+0000] {logging_mixin.py:190} INFO - [2026-04-12T11:32:17.996+0000] {dagbag.py:588} INFO - Filling up the DagBag from /home/airflow/.local/lib/python3.12/site-packages/airflow/example_dags/example_complex.py
[2026-04-12T11:32:18.007+0000] {processor.py:925} INFO - DAG(s) 'example_complex' retrieved from /home/airflow/.local/lib/python3.12/site-packages/airflow/example_dags/example_complex.py
[2026-04-12T11:32:18.033+0000] {logging_mixin.py:190} INFO - [2026-04-12T11:32:18.033+0000] {dag.py:3239} INFO - Sync 1 DAGs
[2026-04-12T11:32:18.043+0000] {logging_mixin.py:190} INFO - [2026-04-12T11:32:18.043+0000] {dag.py:4180} INFO - Setting next_dagrun for example_complex to None, run_after=None
[2026-04-12T11:32:18.061+0000] {processor.py:208} INFO - Processing /home/airflow/.local/lib/python3.12/site-packages/airflow/example_dags/example_complex.py took 0.073 seconds
[2026-04-12T11:32:48.938+0000] {processor.py:186} INFO - Started process (PID=10236) to work on /home/airflow/.local/lib/python3.12/site-packages/airflow/example_dags/example_complex.py
[2026-04-12T11:32:48.940+0000] {processor.py:914} INFO - Processing file /home/airflow/.local/lib/python3.12/site-packages/airflow/example_dags/example_complex.py for tasks to queue
[2026-04-12T11:32:48.941+0000] {logging_mixin.py:190} INFO - [2026-04-12T11:32:48.941+0000] {dagbag.py:588} INFO - Filling up the DagBag from /home/airflow/.local/lib/python3.12/site-packages/airflow/example_dags/example_complex.py
[2026-04-12T11:32:48.950+0000] {processor.py:925} INFO - DAG(s) 'example_complex' retrieved from /home/airflow/.local/lib/python3.12/site-packages/airflow/example_dags/example_complex.py
[2026-04-12T11:32:48.984+0000] {logging_mixin.py:190} INFO - [2026-04-12T11:32:48.984+0000] {dag.py:3239} INFO - Sync 1 DAGs
[2026-04-12T11:32:48.994+0000] {logging_mixin.py:190} INFO - [2026-04-12T11:32:48.994+0000] {dag.py:4180} INFO - Setting next_dagrun for example_complex to None, run_after=None
[2026-04-12T11:32:49.007+0000] {processor.py:208} INFO - Processing /home/airflow/.local/lib/python3.12/site-packages/airflow/example_dags/example_complex.py took 0.074 seconds
[2026-04-12T11:33:19.934+0000] {processor.py:186} INFO - Started process (PID=10532) to work on /home/airflow/.local/lib/python3.12/site-packages/airflow/example_dags/example_complex.py
[2026-04-12T11:33:19.938+0000] {processor.py:914} INFO - Processing file /home/airflow/.local/lib/python3.12/site-packages/airflow/example_dags/example_complex.py for tasks to queue
[2026-04-12T11:33:19.940+0000] {logging_mixin.py:190} INFO - [2026-04-12T11:33:19.940+0000] {dagbag.py:588} INFO - Filling up the DagBag from /home/airflow/.local/lib/python3.12/site-packages/airflow/example_dags/example_complex.py
[2026-04-12T11:33:19.948+0000] {processor.py:925} INFO - DAG(s) 'example_complex' retrieved from /home/airflow/.local/lib/python3.12/site-packages/airflow/example_dags/example_complex.py
[2026-04-12T11:33:19.968+0000] {logging_mixin.py:190} INFO - [2026-04-12T11:33:19.967+0000] {dag.py:3239} INFO - Sync 1 DAGs
[2026-04-12T11:33:19.976+0000] {logging_mixin.py:190} INFO - [2026-04-12T11:33:19.976+0000] {dag.py:4180} INFO - Setting next_dagrun for example_complex to None, run_after=None
[2026-04-12T11:33:19.994+0000] {processor.py:208} INFO - Processing /home/airflow/.local/lib/python3.12/site-packages/airflow/example_dags/example_complex.py took 0.064 seconds
[2026-04-12T11:33:50.857+0000] {processor.py:186} INFO - Started process (PID=10829) to work on /home/airflow/.local/lib/python3.12/site-packages/airflow/example_dags/example_complex.py
[2026-04-12T11:33:50.858+0000] {processor.py:914} INFO - Processing file /home/airflow/.local/lib/python3.12/site-packages/airflow/example_dags/example_complex.py for tasks to queue
[2026-04-12T11:33:50.863+0000] {logging_mixin.py:190} INFO - [2026-04-12T11:33:50.863+0000] {dagbag.py:588} INFO - Filling up the DagBag from /home/airflow/.local/lib/python3.12/site-packages/airflow/example_dags/example_complex.py
[2026-04-12T11:33:50.880+0000] {processor.py:925} INFO - DAG(s) 'example_complex' retrieved from /home/airflow/.local/lib/python3.12/site-packages/airflow/example_dags/example_complex.py
[2026-04-12T11:33:50.909+0000] {logging_mixin.py:190} INFO - [2026-04-12T11:33:50.909+0000] {dag.py:3239} INFO - Sync 1 DAGs
[2026-04-12T11:33:50.922+0000] {logging_mixin.py:190} INFO - [2026-04-12T11:33:50.922+0000] {dag.py:4180} INFO - Setting next_dagrun for example_complex to None, run_after=None
[2026-04-12T11:33:50.942+0000] {processor.py:208} INFO - Processing /home/airflow/.local/lib/python3.12/site-packages/airflow/example_dags/example_complex.py took 0.089 seconds
[2026-04-12T11:34:21.806+0000] {processor.py:186} INFO - Started process (PID=11123) to work on /home/airflow/.local/lib/python3.12/site-packages/airflow/example_dags/example_complex.py
[2026-04-12T11:34:21.810+0000] {processor.py:914} INFO - Processing file /home/airflow/.local/lib/python3.12/site-packages/airflow/example_dags/example_complex.py for tasks to queue
[2026-04-12T11:34:21.811+0000] {logging_mixin.py:190} INFO - [2026-04-12T11:34:21.811+0000] {dagbag.py:588} INFO - Filling up the DagBag from /home/airflow/.local/lib/python3.12/site-packages/airflow/example_dags/example_complex.py
[2026-04-12T11:34:21.823+0000] {processor.py:925} INFO - DAG(s) 'example_complex' retrieved from /home/airflow/.local/lib/python3.12/site-packages/airflow/example_dags/example_complex.py
[2026-04-12T11:34:21.850+0000] {logging_mixin.py:190} INFO - [2026-04-12T11:34:21.850+0000] {dag.py:3239} INFO - Sync 1 DAGs
[2026-04-12T11:34:21.862+0000] {logging_mixin.py:190} INFO - [2026-04-12T11:34:21.862+0000] {dag.py:4180} INFO - Setting next_dagrun for example_complex to None, run_after=None
[2026-04-12T11:34:21.883+0000] {processor.py:208} INFO - Processing /home/airflow/.local/lib/python3.12/site-packages/airflow/example_dags/example_complex.py took 0.081 seconds
[2026-04-12T11:34:52.683+0000] {processor.py:186} INFO - Started process (PID=11421) to work on /home/airflow/.local/lib/python3.12/site-packages/airflow/example_dags/example_complex.py
[2026-04-12T11:34:52.684+0000] {processor.py:914} INFO - Processing file /home/airflow/.local/lib/python3.12/site-packages/airflow/example_dags/example_complex.py for tasks to queue
[2026-04-12T11:34:52.685+0000] {logging_mixin.py:190} INFO - [2026-04-12T11:34:52.685+0000] {dagbag.py:588} INFO - Filling up the DagBag from /home/airflow/.local/lib/python3.12/site-packages/airflow/example_dags/example_complex.py
[2026-04-12T11:34:52.693+0000] {processor.py:925} INFO - DAG(s) 'example_complex' retrieved from /home/airflow/.local/lib/python3.12/site-packages/airflow/example_dags/example_complex.py
[2026-04-12T11:34:52.711+0000] {logging_mixin.py:190} INFO - [2026-04-12T11:34:52.711+0000] {dag.py:3239} INFO - Sync 1 DAGs
[2026-04-12T11:34:52.723+0000] {logging_mixin.py:190} INFO - [2026-04-12T11:34:52.723+0000] {dag.py:4180} INFO - Setting next_dagrun for example_complex to None, run_after=None
[2026-04-12T11:34:52.738+0000] {processor.py:208} INFO - Processing /home/airflow/.local/lib/python3.12/site-packages/airflow/example_dags/example_complex.py took 0.061 seconds
