[2026-04-12T11:12:39.821+0000] {processor.py:186} INFO - Started process (PID=381) to work on /home/airflow/.local/lib/python3.12/site-packages/airflow/example_dags/example_dataset_alias.py
[2026-04-12T11:12:39.824+0000] {processor.py:914} INFO - Processing file /home/airflow/.local/lib/python3.12/site-packages/airflow/example_dags/example_dataset_alias.py for tasks to queue
[2026-04-12T11:12:39.829+0000] {logging_mixin.py:190} INFO - [2026-04-12T11:12:39.828+0000] {dagbag.py:588} INFO - Filling up the DagBag from /home/airflow/.local/lib/python3.12/site-packages/airflow/example_dags/example_dataset_alias.py
[2026-04-12T11:12:41.769+0000] {processor.py:925} INFO - DAG(s) 'dataset_s3_bucket_consumer', 'dataset_alias_example_alias_producer', 'dataset_s3_bucket_producer', 'dataset_alias_example_alias_consumer' retrieved from /home/airflow/.local/lib/python3.12/site-packages/airflow/example_dags/example_dataset_alias.py
[2026-04-12T11:12:42.444+0000] {logging_mixin.py:190} INFO - [2026-04-12T11:12:42.441+0000] {override.py:1912} INFO - Created Permission View: can edit on DAG:dataset_s3_bucket_consumer
[2026-04-12T11:12:42.463+0000] {logging_mixin.py:190} INFO - [2026-04-12T11:12:42.463+0000] {override.py:1912} INFO - Created Permission View: can delete on DAG:dataset_s3_bucket_consumer
[2026-04-12T11:12:42.480+0000] {logging_mixin.py:190} INFO - [2026-04-12T11:12:42.479+0000] {override.py:1912} INFO - Created Permission View: can read on DAG:dataset_s3_bucket_consumer
[2026-04-12T11:12:42.504+0000] {logging_mixin.py:190} INFO - [2026-04-12T11:12:42.503+0000] {override.py:1912} INFO - Created Permission View: can delete on DAG Run:dataset_s3_bucket_consumer
[2026-04-12T11:12:42.519+0000] {logging_mixin.py:190} INFO - [2026-04-12T11:12:42.519+0000] {override.py:1912} INFO - Created Permission View: can create on DAG Run:dataset_s3_bucket_consumer
[2026-04-12T11:12:42.528+0000] {logging_mixin.py:190} INFO - [2026-04-12T11:12:42.527+0000] {override.py:1912} INFO - Created Permission View: can read on DAG Run:dataset_s3_bucket_consumer
[2026-04-12T11:12:42.535+0000] {logging_mixin.py:190} INFO - [2026-04-12T11:12:42.535+0000] {override.py:1912} INFO - Created Permission View: menu access on DAG Run:dataset_s3_bucket_consumer
[2026-04-12T11:12:42.564+0000] {logging_mixin.py:190} INFO - [2026-04-12T11:12:42.564+0000] {override.py:1912} INFO - Created Permission View: can edit on DAG:dataset_alias_example_alias_producer
[2026-04-12T11:12:42.576+0000] {logging_mixin.py:190} INFO - [2026-04-12T11:12:42.576+0000] {override.py:1912} INFO - Created Permission View: can delete on DAG:dataset_alias_example_alias_producer
[2026-04-12T11:12:42.585+0000] {logging_mixin.py:190} INFO - [2026-04-12T11:12:42.584+0000] {override.py:1912} INFO - Created Permission View: can read on DAG:dataset_alias_example_alias_producer
[2026-04-12T11:12:42.593+0000] {logging_mixin.py:190} INFO - [2026-04-12T11:12:42.593+0000] {override.py:1912} INFO - Created Permission View: can delete on DAG Run:dataset_alias_example_alias_producer
[2026-04-12T11:12:42.601+0000] {logging_mixin.py:190} INFO - [2026-04-12T11:12:42.600+0000] {override.py:1912} INFO - Created Permission View: can create on DAG Run:dataset_alias_example_alias_producer
[2026-04-12T11:12:42.608+0000] {logging_mixin.py:190} INFO - [2026-04-12T11:12:42.608+0000] {override.py:1912} INFO - Created Permission View: can read on DAG Run:dataset_alias_example_alias_producer
[2026-04-12T11:12:42.618+0000] {logging_mixin.py:190} INFO - [2026-04-12T11:12:42.618+0000] {override.py:1912} INFO - Created Permission View: menu access on DAG Run:dataset_alias_example_alias_producer
[2026-04-12T11:12:42.638+0000] {logging_mixin.py:190} INFO - [2026-04-12T11:12:42.637+0000] {override.py:1912} INFO - Created Permission View: can edit on DAG:dataset_s3_bucket_producer
[2026-04-12T11:12:42.647+0000] {logging_mixin.py:190} INFO - [2026-04-12T11:12:42.646+0000] {override.py:1912} INFO - Created Permission View: can delete on DAG:dataset_s3_bucket_producer
[2026-04-12T11:12:42.655+0000] {logging_mixin.py:190} INFO - [2026-04-12T11:12:42.655+0000] {override.py:1912} INFO - Created Permission View: can read on DAG:dataset_s3_bucket_producer
[2026-04-12T11:12:42.663+0000] {logging_mixin.py:190} INFO - [2026-04-12T11:12:42.663+0000] {override.py:1912} INFO - Created Permission View: can delete on DAG Run:dataset_s3_bucket_producer
[2026-04-12T11:12:42.672+0000] {logging_mixin.py:190} INFO - [2026-04-12T11:12:42.672+0000] {override.py:1912} INFO - Created Permission View: can create on DAG Run:dataset_s3_bucket_producer
[2026-04-12T11:12:42.679+0000] {logging_mixin.py:190} INFO - [2026-04-12T11:12:42.679+0000] {override.py:1912} INFO - Created Permission View: can read on DAG Run:dataset_s3_bucket_producer
[2026-04-12T11:12:42.686+0000] {logging_mixin.py:190} INFO - [2026-04-12T11:12:42.686+0000] {override.py:1912} INFO - Created Permission View: menu access on DAG Run:dataset_s3_bucket_producer
[2026-04-12T11:12:42.703+0000] {logging_mixin.py:190} INFO - [2026-04-12T11:12:42.703+0000] {override.py:1912} INFO - Created Permission View: can edit on DAG:dataset_alias_example_alias_consumer
[2026-04-12T11:12:42.711+0000] {logging_mixin.py:190} INFO - [2026-04-12T11:12:42.711+0000] {override.py:1912} INFO - Created Permission View: can delete on DAG:dataset_alias_example_alias_consumer
[2026-04-12T11:12:42.719+0000] {logging_mixin.py:190} INFO - [2026-04-12T11:12:42.719+0000] {override.py:1912} INFO - Created Permission View: can read on DAG:dataset_alias_example_alias_consumer
[2026-04-12T11:12:42.726+0000] {logging_mixin.py:190} INFO - [2026-04-12T11:12:42.726+0000] {override.py:1912} INFO - Created Permission View: can delete on DAG Run:dataset_alias_example_alias_consumer
[2026-04-12T11:12:42.736+0000] {logging_mixin.py:190} INFO - [2026-04-12T11:12:42.735+0000] {override.py:1912} INFO - Created Permission View: can create on DAG Run:dataset_alias_example_alias_consumer
[2026-04-12T11:12:42.747+0000] {logging_mixin.py:190} INFO - [2026-04-12T11:12:42.747+0000] {override.py:1912} INFO - Created Permission View: can read on DAG Run:dataset_alias_example_alias_consumer
[2026-04-12T11:12:42.757+0000] {logging_mixin.py:190} INFO - [2026-04-12T11:12:42.757+0000] {override.py:1912} INFO - Created Permission View: menu access on DAG Run:dataset_alias_example_alias_consumer
[2026-04-12T11:12:42.758+0000] {logging_mixin.py:190} INFO - [2026-04-12T11:12:42.757+0000] {dag.py:3239} INFO - Sync 4 DAGs
[2026-04-12T11:12:42.770+0000] {logging_mixin.py:190} INFO - [2026-04-12T11:12:42.770+0000] {dag.py:3262} INFO - Creating ORM DAG for dataset_s3_bucket_consumer
[2026-04-12T11:12:42.772+0000] {logging_mixin.py:190} INFO - [2026-04-12T11:12:42.772+0000] {dag.py:3262} INFO - Creating ORM DAG for dataset_alias_example_alias_consumer
[2026-04-12T11:12:42.775+0000] {logging_mixin.py:190} INFO - [2026-04-12T11:12:42.774+0000] {dag.py:3262} INFO - Creating ORM DAG for dataset_alias_example_alias_producer
[2026-04-12T11:12:42.775+0000] {logging_mixin.py:190} INFO - [2026-04-12T11:12:42.775+0000] {dag.py:3262} INFO - Creating ORM DAG for dataset_s3_bucket_producer
[2026-04-12T11:12:42.786+0000] {logging_mixin.py:190} INFO - [2026-04-12T11:12:42.786+0000] {dag.py:4180} INFO - Setting next_dagrun for dataset_alias_example_alias_consumer to None, run_after=None
[2026-04-12T11:12:42.793+0000] {logging_mixin.py:190} INFO - [2026-04-12T11:12:42.793+0000] {dag.py:4180} INFO - Setting next_dagrun for dataset_alias_example_alias_producer to None, run_after=None
[2026-04-12T11:12:42.797+0000] {logging_mixin.py:190} INFO - [2026-04-12T11:12:42.797+0000] {dag.py:4180} INFO - Setting next_dagrun for dataset_s3_bucket_consumer to None, run_after=None
[2026-04-12T11:12:42.797+0000] {logging_mixin.py:190} INFO - [2026-04-12T11:12:42.797+0000] {dag.py:4180} INFO - Setting next_dagrun for dataset_s3_bucket_producer to None, run_after=None
[2026-04-12T11:12:42.841+0000] {processor.py:208} INFO - Processing /home/airflow/.local/lib/python3.12/site-packages/airflow/example_dags/example_dataset_alias.py took 3.032 seconds
[2026-04-12T11:13:13.290+0000] {processor.py:186} INFO - Started process (PID=683) to work on /home/airflow/.local/lib/python3.12/site-packages/airflow/example_dags/example_dataset_alias.py
[2026-04-12T11:13:13.291+0000] {processor.py:914} INFO - Processing file /home/airflow/.local/lib/python3.12/site-packages/airflow/example_dags/example_dataset_alias.py for tasks to queue
[2026-04-12T11:13:13.293+0000] {logging_mixin.py:190} INFO - [2026-04-12T11:13:13.293+0000] {dagbag.py:588} INFO - Filling up the DagBag from /home/airflow/.local/lib/python3.12/site-packages/airflow/example_dags/example_dataset_alias.py
[2026-04-12T11:13:13.605+0000] {processor.py:925} INFO - DAG(s) 'dataset_s3_bucket_consumer', 'dataset_s3_bucket_producer', 'dataset_alias_example_alias_producer', 'dataset_alias_example_alias_consumer' retrieved from /home/airflow/.local/lib/python3.12/site-packages/airflow/example_dags/example_dataset_alias.py
[2026-04-12T11:13:13.956+0000] {logging_mixin.py:190} INFO - [2026-04-12T11:13:13.956+0000] {dag.py:3239} INFO - Sync 4 DAGs
[2026-04-12T11:13:13.975+0000] {logging_mixin.py:190} INFO - [2026-04-12T11:13:13.975+0000] {dag.py:4180} INFO - Setting next_dagrun for dataset_alias_example_alias_consumer to None, run_after=None
[2026-04-12T11:13:13.977+0000] {logging_mixin.py:190} INFO - [2026-04-12T11:13:13.977+0000] {dag.py:4180} INFO - Setting next_dagrun for dataset_alias_example_alias_producer to None, run_after=None
[2026-04-12T11:13:13.978+0000] {logging_mixin.py:190} INFO - [2026-04-12T11:13:13.978+0000] {dag.py:4180} INFO - Setting next_dagrun for dataset_s3_bucket_consumer to None, run_after=None
[2026-04-12T11:13:13.979+0000] {logging_mixin.py:190} INFO - [2026-04-12T11:13:13.979+0000] {dag.py:4180} INFO - Setting next_dagrun for dataset_s3_bucket_producer to None, run_after=None
[2026-04-12T11:13:13.992+0000] {processor.py:208} INFO - Processing /home/airflow/.local/lib/python3.12/site-packages/airflow/example_dags/example_dataset_alias.py took 0.708 seconds
[2026-04-12T11:13:44.582+0000] {processor.py:186} INFO - Started process (PID=1005) to work on /home/airflow/.local/lib/python3.12/site-packages/airflow/example_dags/example_dataset_alias.py
[2026-04-12T11:13:44.584+0000] {processor.py:914} INFO - Processing file /home/airflow/.local/lib/python3.12/site-packages/airflow/example_dags/example_dataset_alias.py for tasks to queue
[2026-04-12T11:13:44.586+0000] {logging_mixin.py:190} INFO - [2026-04-12T11:13:44.586+0000] {dagbag.py:588} INFO - Filling up the DagBag from /home/airflow/.local/lib/python3.12/site-packages/airflow/example_dags/example_dataset_alias.py
[2026-04-12T11:13:44.982+0000] {processor.py:925} INFO - DAG(s) 'dataset_s3_bucket_consumer', 'dataset_alias_example_alias_consumer', 'dataset_s3_bucket_producer', 'dataset_alias_example_alias_producer' retrieved from /home/airflow/.local/lib/python3.12/site-packages/airflow/example_dags/example_dataset_alias.py
[2026-04-12T11:13:45.004+0000] {logging_mixin.py:190} INFO - [2026-04-12T11:13:45.002+0000] {dag.py:3239} INFO - Sync 4 DAGs
[2026-04-12T11:13:45.379+0000] {logging_mixin.py:190} INFO - [2026-04-12T11:13:45.378+0000] {dag.py:4180} INFO - Setting next_dagrun for dataset_alias_example_alias_consumer to None, run_after=None
[2026-04-12T11:13:45.382+0000] {logging_mixin.py:190} INFO - [2026-04-12T11:13:45.382+0000] {dag.py:4180} INFO - Setting next_dagrun for dataset_alias_example_alias_producer to None, run_after=None
[2026-04-12T11:13:45.383+0000] {logging_mixin.py:190} INFO - [2026-04-12T11:13:45.383+0000] {dag.py:4180} INFO - Setting next_dagrun for dataset_s3_bucket_consumer to None, run_after=None
[2026-04-12T11:13:45.384+0000] {logging_mixin.py:190} INFO - [2026-04-12T11:13:45.384+0000] {dag.py:4180} INFO - Setting next_dagrun for dataset_s3_bucket_producer to None, run_after=None
[2026-04-12T11:13:45.522+0000] {processor.py:208} INFO - Processing /home/airflow/.local/lib/python3.12/site-packages/airflow/example_dags/example_dataset_alias.py took 0.948 seconds
[2026-04-12T11:14:15.651+0000] {processor.py:186} INFO - Started process (PID=1301) to work on /home/airflow/.local/lib/python3.12/site-packages/airflow/example_dags/example_dataset_alias.py
[2026-04-12T11:14:15.654+0000] {processor.py:914} INFO - Processing file /home/airflow/.local/lib/python3.12/site-packages/airflow/example_dags/example_dataset_alias.py for tasks to queue
[2026-04-12T11:14:15.656+0000] {logging_mixin.py:190} INFO - [2026-04-12T11:14:15.656+0000] {dagbag.py:588} INFO - Filling up the DagBag from /home/airflow/.local/lib/python3.12/site-packages/airflow/example_dags/example_dataset_alias.py
[2026-04-12T11:14:16.012+0000] {processor.py:925} INFO - DAG(s) 'dataset_alias_example_alias_producer', 'dataset_alias_example_alias_consumer', 'dataset_s3_bucket_consumer', 'dataset_s3_bucket_producer' retrieved from /home/airflow/.local/lib/python3.12/site-packages/airflow/example_dags/example_dataset_alias.py
[2026-04-12T11:14:16.023+0000] {logging_mixin.py:190} INFO - [2026-04-12T11:14:16.023+0000] {dag.py:3239} INFO - Sync 4 DAGs
[2026-04-12T11:14:16.037+0000] {logging_mixin.py:190} INFO - [2026-04-12T11:14:16.037+0000] {dag.py:4180} INFO - Setting next_dagrun for dataset_alias_example_alias_consumer to None, run_after=None
[2026-04-12T11:14:16.038+0000] {logging_mixin.py:190} INFO - [2026-04-12T11:14:16.038+0000] {dag.py:4180} INFO - Setting next_dagrun for dataset_alias_example_alias_producer to None, run_after=None
[2026-04-12T11:14:16.039+0000] {logging_mixin.py:190} INFO - [2026-04-12T11:14:16.039+0000] {dag.py:4180} INFO - Setting next_dagrun for dataset_s3_bucket_consumer to None, run_after=None
[2026-04-12T11:14:16.040+0000] {logging_mixin.py:190} INFO - [2026-04-12T11:14:16.040+0000] {dag.py:4180} INFO - Setting next_dagrun for dataset_s3_bucket_producer to None, run_after=None
[2026-04-12T11:14:16.051+0000] {processor.py:208} INFO - Processing /home/airflow/.local/lib/python3.12/site-packages/airflow/example_dags/example_dataset_alias.py took 0.405 seconds
[2026-04-12T11:14:46.270+0000] {processor.py:186} INFO - Started process (PID=1607) to work on /home/airflow/.local/lib/python3.12/site-packages/airflow/example_dags/example_dataset_alias.py
[2026-04-12T11:14:46.271+0000] {processor.py:914} INFO - Processing file /home/airflow/.local/lib/python3.12/site-packages/airflow/example_dags/example_dataset_alias.py for tasks to queue
[2026-04-12T11:14:46.273+0000] {logging_mixin.py:190} INFO - [2026-04-12T11:14:46.273+0000] {dagbag.py:588} INFO - Filling up the DagBag from /home/airflow/.local/lib/python3.12/site-packages/airflow/example_dags/example_dataset_alias.py
[2026-04-12T11:14:46.921+0000] {processor.py:925} INFO - DAG(s) 'dataset_s3_bucket_producer', 'dataset_s3_bucket_consumer', 'dataset_alias_example_alias_producer', 'dataset_alias_example_alias_consumer' retrieved from /home/airflow/.local/lib/python3.12/site-packages/airflow/example_dags/example_dataset_alias.py
[2026-04-12T11:14:46.940+0000] {logging_mixin.py:190} INFO - [2026-04-12T11:14:46.940+0000] {dag.py:3239} INFO - Sync 4 DAGs
[2026-04-12T11:14:46.962+0000] {logging_mixin.py:190} INFO - [2026-04-12T11:14:46.962+0000] {dag.py:4180} INFO - Setting next_dagrun for dataset_alias_example_alias_consumer to None, run_after=None
[2026-04-12T11:14:46.965+0000] {logging_mixin.py:190} INFO - [2026-04-12T11:14:46.965+0000] {dag.py:4180} INFO - Setting next_dagrun for dataset_alias_example_alias_producer to None, run_after=None
[2026-04-12T11:14:46.967+0000] {logging_mixin.py:190} INFO - [2026-04-12T11:14:46.967+0000] {dag.py:4180} INFO - Setting next_dagrun for dataset_s3_bucket_consumer to None, run_after=None
[2026-04-12T11:14:46.968+0000] {logging_mixin.py:190} INFO - [2026-04-12T11:14:46.968+0000] {dag.py:4180} INFO - Setting next_dagrun for dataset_s3_bucket_producer to None, run_after=None
[2026-04-12T11:14:46.992+0000] {processor.py:208} INFO - Processing /home/airflow/.local/lib/python3.12/site-packages/airflow/example_dags/example_dataset_alias.py took 0.726 seconds
[2026-04-12T11:15:17.748+0000] {processor.py:186} INFO - Started process (PID=1904) to work on /home/airflow/.local/lib/python3.12/site-packages/airflow/example_dags/example_dataset_alias.py
[2026-04-12T11:15:17.749+0000] {processor.py:914} INFO - Processing file /home/airflow/.local/lib/python3.12/site-packages/airflow/example_dags/example_dataset_alias.py for tasks to queue
[2026-04-12T11:15:17.751+0000] {logging_mixin.py:190} INFO - [2026-04-12T11:15:17.751+0000] {dagbag.py:588} INFO - Filling up the DagBag from /home/airflow/.local/lib/python3.12/site-packages/airflow/example_dags/example_dataset_alias.py
[2026-04-12T11:15:18.152+0000] {processor.py:925} INFO - DAG(s) 'dataset_alias_example_alias_producer', 'dataset_s3_bucket_consumer', 'dataset_alias_example_alias_consumer', 'dataset_s3_bucket_producer' retrieved from /home/airflow/.local/lib/python3.12/site-packages/airflow/example_dags/example_dataset_alias.py
[2026-04-12T11:15:18.164+0000] {logging_mixin.py:190} INFO - [2026-04-12T11:15:18.164+0000] {dag.py:3239} INFO - Sync 4 DAGs
[2026-04-12T11:15:18.176+0000] {logging_mixin.py:190} INFO - [2026-04-12T11:15:18.176+0000] {dag.py:4180} INFO - Setting next_dagrun for dataset_alias_example_alias_consumer to None, run_after=None
[2026-04-12T11:15:18.178+0000] {logging_mixin.py:190} INFO - [2026-04-12T11:15:18.178+0000] {dag.py:4180} INFO - Setting next_dagrun for dataset_alias_example_alias_producer to None, run_after=None
[2026-04-12T11:15:18.178+0000] {logging_mixin.py:190} INFO - [2026-04-12T11:15:18.178+0000] {dag.py:4180} INFO - Setting next_dagrun for dataset_s3_bucket_consumer to None, run_after=None
[2026-04-12T11:15:18.179+0000] {logging_mixin.py:190} INFO - [2026-04-12T11:15:18.179+0000] {dag.py:4180} INFO - Setting next_dagrun for dataset_s3_bucket_producer to None, run_after=None
[2026-04-12T11:15:18.190+0000] {processor.py:208} INFO - Processing /home/airflow/.local/lib/python3.12/site-packages/airflow/example_dags/example_dataset_alias.py took 0.448 seconds
[2026-04-12T11:15:48.646+0000] {processor.py:186} INFO - Started process (PID=2200) to work on /home/airflow/.local/lib/python3.12/site-packages/airflow/example_dags/example_dataset_alias.py
[2026-04-12T11:15:48.647+0000] {processor.py:914} INFO - Processing file /home/airflow/.local/lib/python3.12/site-packages/airflow/example_dags/example_dataset_alias.py for tasks to queue
[2026-04-12T11:15:48.649+0000] {logging_mixin.py:190} INFO - [2026-04-12T11:15:48.648+0000] {dagbag.py:588} INFO - Filling up the DagBag from /home/airflow/.local/lib/python3.12/site-packages/airflow/example_dags/example_dataset_alias.py
[2026-04-12T11:15:49.005+0000] {processor.py:925} INFO - DAG(s) 'dataset_alias_example_alias_consumer', 'dataset_alias_example_alias_producer', 'dataset_s3_bucket_consumer', 'dataset_s3_bucket_producer' retrieved from /home/airflow/.local/lib/python3.12/site-packages/airflow/example_dags/example_dataset_alias.py
[2026-04-12T11:15:49.018+0000] {logging_mixin.py:190} INFO - [2026-04-12T11:15:49.017+0000] {dag.py:3239} INFO - Sync 4 DAGs
[2026-04-12T11:15:49.031+0000] {logging_mixin.py:190} INFO - [2026-04-12T11:15:49.030+0000] {dag.py:4180} INFO - Setting next_dagrun for dataset_alias_example_alias_consumer to None, run_after=None
[2026-04-12T11:15:49.032+0000] {logging_mixin.py:190} INFO - [2026-04-12T11:15:49.032+0000] {dag.py:4180} INFO - Setting next_dagrun for dataset_alias_example_alias_producer to None, run_after=None
[2026-04-12T11:15:49.033+0000] {logging_mixin.py:190} INFO - [2026-04-12T11:15:49.033+0000] {dag.py:4180} INFO - Setting next_dagrun for dataset_s3_bucket_consumer to None, run_after=None
[2026-04-12T11:15:49.034+0000] {logging_mixin.py:190} INFO - [2026-04-12T11:15:49.034+0000] {dag.py:4180} INFO - Setting next_dagrun for dataset_s3_bucket_producer to None, run_after=None
[2026-04-12T11:15:49.045+0000] {processor.py:208} INFO - Processing /home/airflow/.local/lib/python3.12/site-packages/airflow/example_dags/example_dataset_alias.py took 0.404 seconds
[2026-04-12T11:16:19.581+0000] {processor.py:186} INFO - Started process (PID=2494) to work on /home/airflow/.local/lib/python3.12/site-packages/airflow/example_dags/example_dataset_alias.py
[2026-04-12T11:16:19.587+0000] {processor.py:914} INFO - Processing file /home/airflow/.local/lib/python3.12/site-packages/airflow/example_dags/example_dataset_alias.py for tasks to queue
[2026-04-12T11:16:19.599+0000] {logging_mixin.py:190} INFO - [2026-04-12T11:16:19.598+0000] {dagbag.py:588} INFO - Filling up the DagBag from /home/airflow/.local/lib/python3.12/site-packages/airflow/example_dags/example_dataset_alias.py
[2026-04-12T11:16:20.287+0000] {processor.py:925} INFO - DAG(s) 'dataset_alias_example_alias_consumer', 'dataset_s3_bucket_consumer', 'dataset_s3_bucket_producer', 'dataset_alias_example_alias_producer' retrieved from /home/airflow/.local/lib/python3.12/site-packages/airflow/example_dags/example_dataset_alias.py
[2026-04-12T11:16:20.301+0000] {logging_mixin.py:190} INFO - [2026-04-12T11:16:20.301+0000] {dag.py:3239} INFO - Sync 4 DAGs
[2026-04-12T11:16:20.318+0000] {logging_mixin.py:190} INFO - [2026-04-12T11:16:20.318+0000] {dag.py:4180} INFO - Setting next_dagrun for dataset_alias_example_alias_consumer to None, run_after=None
[2026-04-12T11:16:20.320+0000] {logging_mixin.py:190} INFO - [2026-04-12T11:16:20.319+0000] {dag.py:4180} INFO - Setting next_dagrun for dataset_alias_example_alias_producer to None, run_after=None
[2026-04-12T11:16:20.321+0000] {logging_mixin.py:190} INFO - [2026-04-12T11:16:20.321+0000] {dag.py:4180} INFO - Setting next_dagrun for dataset_s3_bucket_consumer to None, run_after=None
[2026-04-12T11:16:20.322+0000] {logging_mixin.py:190} INFO - [2026-04-12T11:16:20.322+0000] {dag.py:4180} INFO - Setting next_dagrun for dataset_s3_bucket_producer to None, run_after=None
[2026-04-12T11:16:20.335+0000] {processor.py:208} INFO - Processing /home/airflow/.local/lib/python3.12/site-packages/airflow/example_dags/example_dataset_alias.py took 0.768 seconds
[2026-04-12T11:16:50.979+0000] {processor.py:186} INFO - Started process (PID=2790) to work on /home/airflow/.local/lib/python3.12/site-packages/airflow/example_dags/example_dataset_alias.py
[2026-04-12T11:16:50.981+0000] {processor.py:914} INFO - Processing file /home/airflow/.local/lib/python3.12/site-packages/airflow/example_dags/example_dataset_alias.py for tasks to queue
[2026-04-12T11:16:50.984+0000] {logging_mixin.py:190} INFO - [2026-04-12T11:16:50.983+0000] {dagbag.py:588} INFO - Filling up the DagBag from /home/airflow/.local/lib/python3.12/site-packages/airflow/example_dags/example_dataset_alias.py
[2026-04-12T11:16:51.681+0000] {processor.py:925} INFO - DAG(s) 'dataset_alias_example_alias_producer', 'dataset_s3_bucket_producer', 'dataset_alias_example_alias_consumer', 'dataset_s3_bucket_consumer' retrieved from /home/airflow/.local/lib/python3.12/site-packages/airflow/example_dags/example_dataset_alias.py
[2026-04-12T11:16:51.696+0000] {logging_mixin.py:190} INFO - [2026-04-12T11:16:51.695+0000] {dag.py:3239} INFO - Sync 4 DAGs
[2026-04-12T11:16:51.713+0000] {logging_mixin.py:190} INFO - [2026-04-12T11:16:51.712+0000] {dag.py:4180} INFO - Setting next_dagrun for dataset_alias_example_alias_consumer to None, run_after=None
[2026-04-12T11:16:51.714+0000] {logging_mixin.py:190} INFO - [2026-04-12T11:16:51.714+0000] {dag.py:4180} INFO - Setting next_dagrun for dataset_alias_example_alias_producer to None, run_after=None
[2026-04-12T11:16:51.716+0000] {logging_mixin.py:190} INFO - [2026-04-12T11:16:51.715+0000] {dag.py:4180} INFO - Setting next_dagrun for dataset_s3_bucket_consumer to None, run_after=None
[2026-04-12T11:16:51.716+0000] {logging_mixin.py:190} INFO - [2026-04-12T11:16:51.716+0000] {dag.py:4180} INFO - Setting next_dagrun for dataset_s3_bucket_producer to None, run_after=None
[2026-04-12T11:16:51.733+0000] {processor.py:208} INFO - Processing /home/airflow/.local/lib/python3.12/site-packages/airflow/example_dags/example_dataset_alias.py took 0.764 seconds
[2026-04-12T11:17:21.998+0000] {processor.py:186} INFO - Started process (PID=3098) to work on /home/airflow/.local/lib/python3.12/site-packages/airflow/example_dags/example_dataset_alias.py
[2026-04-12T11:17:22.001+0000] {processor.py:914} INFO - Processing file /home/airflow/.local/lib/python3.12/site-packages/airflow/example_dags/example_dataset_alias.py for tasks to queue
[2026-04-12T11:17:22.006+0000] {logging_mixin.py:190} INFO - [2026-04-12T11:17:22.006+0000] {dagbag.py:588} INFO - Filling up the DagBag from /home/airflow/.local/lib/python3.12/site-packages/airflow/example_dags/example_dataset_alias.py
[2026-04-12T11:17:22.464+0000] {processor.py:925} INFO - DAG(s) 'dataset_s3_bucket_producer', 'dataset_alias_example_alias_consumer', 'dataset_s3_bucket_consumer', 'dataset_alias_example_alias_producer' retrieved from /home/airflow/.local/lib/python3.12/site-packages/airflow/example_dags/example_dataset_alias.py
[2026-04-12T11:17:22.479+0000] {logging_mixin.py:190} INFO - [2026-04-12T11:17:22.478+0000] {dag.py:3239} INFO - Sync 4 DAGs
[2026-04-12T11:17:22.494+0000] {logging_mixin.py:190} INFO - [2026-04-12T11:17:22.494+0000] {dag.py:4180} INFO - Setting next_dagrun for dataset_alias_example_alias_consumer to None, run_after=None
[2026-04-12T11:17:22.497+0000] {logging_mixin.py:190} INFO - [2026-04-12T11:17:22.497+0000] {dag.py:4180} INFO - Setting next_dagrun for dataset_alias_example_alias_producer to None, run_after=None
[2026-04-12T11:17:22.498+0000] {logging_mixin.py:190} INFO - [2026-04-12T11:17:22.498+0000] {dag.py:4180} INFO - Setting next_dagrun for dataset_s3_bucket_consumer to None, run_after=None
[2026-04-12T11:17:22.500+0000] {logging_mixin.py:190} INFO - [2026-04-12T11:17:22.499+0000] {dag.py:4180} INFO - Setting next_dagrun for dataset_s3_bucket_producer to None, run_after=None
[2026-04-12T11:17:22.514+0000] {processor.py:208} INFO - Processing /home/airflow/.local/lib/python3.12/site-packages/airflow/example_dags/example_dataset_alias.py took 0.521 seconds
[2026-04-12T11:17:53.488+0000] {processor.py:186} INFO - Started process (PID=3394) to work on /home/airflow/.local/lib/python3.12/site-packages/airflow/example_dags/example_dataset_alias.py
[2026-04-12T11:17:53.489+0000] {processor.py:914} INFO - Processing file /home/airflow/.local/lib/python3.12/site-packages/airflow/example_dags/example_dataset_alias.py for tasks to queue
[2026-04-12T11:17:53.491+0000] {logging_mixin.py:190} INFO - [2026-04-12T11:17:53.490+0000] {dagbag.py:588} INFO - Filling up the DagBag from /home/airflow/.local/lib/python3.12/site-packages/airflow/example_dags/example_dataset_alias.py
[2026-04-12T11:17:53.885+0000] {processor.py:925} INFO - DAG(s) 'dataset_alias_example_alias_producer', 'dataset_alias_example_alias_consumer', 'dataset_s3_bucket_producer', 'dataset_s3_bucket_consumer' retrieved from /home/airflow/.local/lib/python3.12/site-packages/airflow/example_dags/example_dataset_alias.py
[2026-04-12T11:17:53.901+0000] {logging_mixin.py:190} INFO - [2026-04-12T11:17:53.901+0000] {dag.py:3239} INFO - Sync 4 DAGs
[2026-04-12T11:17:53.922+0000] {logging_mixin.py:190} INFO - [2026-04-12T11:17:53.922+0000] {dag.py:4180} INFO - Setting next_dagrun for dataset_alias_example_alias_consumer to None, run_after=None
[2026-04-12T11:17:53.925+0000] {logging_mixin.py:190} INFO - [2026-04-12T11:17:53.925+0000] {dag.py:4180} INFO - Setting next_dagrun for dataset_alias_example_alias_producer to None, run_after=None
[2026-04-12T11:17:53.927+0000] {logging_mixin.py:190} INFO - [2026-04-12T11:17:53.927+0000] {dag.py:4180} INFO - Setting next_dagrun for dataset_s3_bucket_consumer to None, run_after=None
[2026-04-12T11:17:53.929+0000] {logging_mixin.py:190} INFO - [2026-04-12T11:17:53.929+0000] {dag.py:4180} INFO - Setting next_dagrun for dataset_s3_bucket_producer to None, run_after=None
[2026-04-12T11:17:53.945+0000] {processor.py:208} INFO - Processing /home/airflow/.local/lib/python3.12/site-packages/airflow/example_dags/example_dataset_alias.py took 0.462 seconds
[2026-04-12T11:18:24.469+0000] {processor.py:186} INFO - Started process (PID=3701) to work on /home/airflow/.local/lib/python3.12/site-packages/airflow/example_dags/example_dataset_alias.py
[2026-04-12T11:18:24.476+0000] {processor.py:914} INFO - Processing file /home/airflow/.local/lib/python3.12/site-packages/airflow/example_dags/example_dataset_alias.py for tasks to queue
[2026-04-12T11:18:24.478+0000] {logging_mixin.py:190} INFO - [2026-04-12T11:18:24.478+0000] {dagbag.py:588} INFO - Filling up the DagBag from /home/airflow/.local/lib/python3.12/site-packages/airflow/example_dags/example_dataset_alias.py
[2026-04-12T11:18:24.868+0000] {processor.py:925} INFO - DAG(s) 'dataset_alias_example_alias_consumer', 'dataset_s3_bucket_consumer', 'dataset_s3_bucket_producer', 'dataset_alias_example_alias_producer' retrieved from /home/airflow/.local/lib/python3.12/site-packages/airflow/example_dags/example_dataset_alias.py
[2026-04-12T11:18:24.880+0000] {logging_mixin.py:190} INFO - [2026-04-12T11:18:24.880+0000] {dag.py:3239} INFO - Sync 4 DAGs
[2026-04-12T11:18:24.892+0000] {logging_mixin.py:190} INFO - [2026-04-12T11:18:24.892+0000] {dag.py:4180} INFO - Setting next_dagrun for dataset_alias_example_alias_consumer to None, run_after=None
[2026-04-12T11:18:24.894+0000] {logging_mixin.py:190} INFO - [2026-04-12T11:18:24.894+0000] {dag.py:4180} INFO - Setting next_dagrun for dataset_alias_example_alias_producer to None, run_after=None
[2026-04-12T11:18:24.895+0000] {logging_mixin.py:190} INFO - [2026-04-12T11:18:24.895+0000] {dag.py:4180} INFO - Setting next_dagrun for dataset_s3_bucket_consumer to None, run_after=None
[2026-04-12T11:18:24.896+0000] {logging_mixin.py:190} INFO - [2026-04-12T11:18:24.896+0000] {dag.py:4180} INFO - Setting next_dagrun for dataset_s3_bucket_producer to None, run_after=None
[2026-04-12T11:18:24.907+0000] {processor.py:208} INFO - Processing /home/airflow/.local/lib/python3.12/site-packages/airflow/example_dags/example_dataset_alias.py took 0.443 seconds
[2026-04-12T11:18:55.825+0000] {processor.py:186} INFO - Started process (PID=4003) to work on /home/airflow/.local/lib/python3.12/site-packages/airflow/example_dags/example_dataset_alias.py
[2026-04-12T11:18:55.830+0000] {processor.py:914} INFO - Processing file /home/airflow/.local/lib/python3.12/site-packages/airflow/example_dags/example_dataset_alias.py for tasks to queue
[2026-04-12T11:18:55.832+0000] {logging_mixin.py:190} INFO - [2026-04-12T11:18:55.831+0000] {dagbag.py:588} INFO - Filling up the DagBag from /home/airflow/.local/lib/python3.12/site-packages/airflow/example_dags/example_dataset_alias.py
[2026-04-12T11:18:56.188+0000] {processor.py:925} INFO - DAG(s) 'dataset_alias_example_alias_consumer', 'dataset_alias_example_alias_producer', 'dataset_s3_bucket_producer', 'dataset_s3_bucket_consumer' retrieved from /home/airflow/.local/lib/python3.12/site-packages/airflow/example_dags/example_dataset_alias.py
[2026-04-12T11:18:56.200+0000] {logging_mixin.py:190} INFO - [2026-04-12T11:18:56.200+0000] {dag.py:3239} INFO - Sync 4 DAGs
[2026-04-12T11:18:56.212+0000] {logging_mixin.py:190} INFO - [2026-04-12T11:18:56.212+0000] {dag.py:4180} INFO - Setting next_dagrun for dataset_alias_example_alias_consumer to None, run_after=None
[2026-04-12T11:18:56.214+0000] {logging_mixin.py:190} INFO - [2026-04-12T11:18:56.214+0000] {dag.py:4180} INFO - Setting next_dagrun for dataset_alias_example_alias_producer to None, run_after=None
[2026-04-12T11:18:56.215+0000] {logging_mixin.py:190} INFO - [2026-04-12T11:18:56.215+0000] {dag.py:4180} INFO - Setting next_dagrun for dataset_s3_bucket_consumer to None, run_after=None
[2026-04-12T11:18:56.216+0000] {logging_mixin.py:190} INFO - [2026-04-12T11:18:56.216+0000] {dag.py:4180} INFO - Setting next_dagrun for dataset_s3_bucket_producer to None, run_after=None
[2026-04-12T11:18:56.228+0000] {processor.py:208} INFO - Processing /home/airflow/.local/lib/python3.12/site-packages/airflow/example_dags/example_dataset_alias.py took 0.408 seconds
[2026-04-12T11:19:27.073+0000] {processor.py:186} INFO - Started process (PID=4310) to work on /home/airflow/.local/lib/python3.12/site-packages/airflow/example_dags/example_dataset_alias.py
[2026-04-12T11:19:27.074+0000] {processor.py:914} INFO - Processing file /home/airflow/.local/lib/python3.12/site-packages/airflow/example_dags/example_dataset_alias.py for tasks to queue
[2026-04-12T11:19:27.076+0000] {logging_mixin.py:190} INFO - [2026-04-12T11:19:27.075+0000] {dagbag.py:588} INFO - Filling up the DagBag from /home/airflow/.local/lib/python3.12/site-packages/airflow/example_dags/example_dataset_alias.py
[2026-04-12T11:19:27.438+0000] {processor.py:925} INFO - DAG(s) 'dataset_alias_example_alias_producer', 'dataset_alias_example_alias_consumer', 'dataset_s3_bucket_producer', 'dataset_s3_bucket_consumer' retrieved from /home/airflow/.local/lib/python3.12/site-packages/airflow/example_dags/example_dataset_alias.py
[2026-04-12T11:19:27.451+0000] {logging_mixin.py:190} INFO - [2026-04-12T11:19:27.450+0000] {dag.py:3239} INFO - Sync 4 DAGs
[2026-04-12T11:19:27.468+0000] {logging_mixin.py:190} INFO - [2026-04-12T11:19:27.468+0000] {dag.py:4180} INFO - Setting next_dagrun for dataset_alias_example_alias_consumer to None, run_after=None
[2026-04-12T11:19:27.471+0000] {logging_mixin.py:190} INFO - [2026-04-12T11:19:27.471+0000] {dag.py:4180} INFO - Setting next_dagrun for dataset_alias_example_alias_producer to None, run_after=None
[2026-04-12T11:19:27.472+0000] {logging_mixin.py:190} INFO - [2026-04-12T11:19:27.472+0000] {dag.py:4180} INFO - Setting next_dagrun for dataset_s3_bucket_consumer to None, run_after=None
[2026-04-12T11:19:27.473+0000] {logging_mixin.py:190} INFO - [2026-04-12T11:19:27.473+0000] {dag.py:4180} INFO - Setting next_dagrun for dataset_s3_bucket_producer to None, run_after=None
[2026-04-12T11:19:27.486+0000] {processor.py:208} INFO - Processing /home/airflow/.local/lib/python3.12/site-packages/airflow/example_dags/example_dataset_alias.py took 0.418 seconds
[2026-04-12T11:19:57.984+0000] {processor.py:186} INFO - Started process (PID=4604) to work on /home/airflow/.local/lib/python3.12/site-packages/airflow/example_dags/example_dataset_alias.py
[2026-04-12T11:19:57.986+0000] {processor.py:914} INFO - Processing file /home/airflow/.local/lib/python3.12/site-packages/airflow/example_dags/example_dataset_alias.py for tasks to queue
[2026-04-12T11:19:57.990+0000] {logging_mixin.py:190} INFO - [2026-04-12T11:19:57.989+0000] {dagbag.py:588} INFO - Filling up the DagBag from /home/airflow/.local/lib/python3.12/site-packages/airflow/example_dags/example_dataset_alias.py
[2026-04-12T11:19:58.348+0000] {processor.py:925} INFO - DAG(s) 'dataset_s3_bucket_producer', 'dataset_s3_bucket_consumer', 'dataset_alias_example_alias_producer', 'dataset_alias_example_alias_consumer' retrieved from /home/airflow/.local/lib/python3.12/site-packages/airflow/example_dags/example_dataset_alias.py
[2026-04-12T11:19:58.360+0000] {logging_mixin.py:190} INFO - [2026-04-12T11:19:58.360+0000] {dag.py:3239} INFO - Sync 4 DAGs
[2026-04-12T11:19:58.372+0000] {logging_mixin.py:190} INFO - [2026-04-12T11:19:58.372+0000] {dag.py:4180} INFO - Setting next_dagrun for dataset_alias_example_alias_consumer to None, run_after=None
[2026-04-12T11:19:58.373+0000] {logging_mixin.py:190} INFO - [2026-04-12T11:19:58.373+0000] {dag.py:4180} INFO - Setting next_dagrun for dataset_alias_example_alias_producer to None, run_after=None
[2026-04-12T11:19:58.374+0000] {logging_mixin.py:190} INFO - [2026-04-12T11:19:58.374+0000] {dag.py:4180} INFO - Setting next_dagrun for dataset_s3_bucket_consumer to None, run_after=None
[2026-04-12T11:19:58.375+0000] {logging_mixin.py:190} INFO - [2026-04-12T11:19:58.375+0000] {dag.py:4180} INFO - Setting next_dagrun for dataset_s3_bucket_producer to None, run_after=None
[2026-04-12T11:19:58.386+0000] {processor.py:208} INFO - Processing /home/airflow/.local/lib/python3.12/site-packages/airflow/example_dags/example_dataset_alias.py took 0.408 seconds
[2026-04-12T11:20:28.766+0000] {processor.py:186} INFO - Started process (PID=4901) to work on /home/airflow/.local/lib/python3.12/site-packages/airflow/example_dags/example_dataset_alias.py
[2026-04-12T11:20:28.767+0000] {processor.py:914} INFO - Processing file /home/airflow/.local/lib/python3.12/site-packages/airflow/example_dags/example_dataset_alias.py for tasks to queue
[2026-04-12T11:20:28.769+0000] {logging_mixin.py:190} INFO - [2026-04-12T11:20:28.768+0000] {dagbag.py:588} INFO - Filling up the DagBag from /home/airflow/.local/lib/python3.12/site-packages/airflow/example_dags/example_dataset_alias.py
[2026-04-12T11:20:29.122+0000] {processor.py:925} INFO - DAG(s) 'dataset_s3_bucket_consumer', 'dataset_s3_bucket_producer', 'dataset_alias_example_alias_consumer', 'dataset_alias_example_alias_producer' retrieved from /home/airflow/.local/lib/python3.12/site-packages/airflow/example_dags/example_dataset_alias.py
[2026-04-12T11:20:29.134+0000] {logging_mixin.py:190} INFO - [2026-04-12T11:20:29.134+0000] {dag.py:3239} INFO - Sync 4 DAGs
[2026-04-12T11:20:29.146+0000] {logging_mixin.py:190} INFO - [2026-04-12T11:20:29.146+0000] {dag.py:4180} INFO - Setting next_dagrun for dataset_alias_example_alias_consumer to None, run_after=None
[2026-04-12T11:20:29.147+0000] {logging_mixin.py:190} INFO - [2026-04-12T11:20:29.147+0000] {dag.py:4180} INFO - Setting next_dagrun for dataset_alias_example_alias_producer to None, run_after=None
[2026-04-12T11:20:29.148+0000] {logging_mixin.py:190} INFO - [2026-04-12T11:20:29.148+0000] {dag.py:4180} INFO - Setting next_dagrun for dataset_s3_bucket_consumer to None, run_after=None
[2026-04-12T11:20:29.149+0000] {logging_mixin.py:190} INFO - [2026-04-12T11:20:29.149+0000] {dag.py:4180} INFO - Setting next_dagrun for dataset_s3_bucket_producer to None, run_after=None
[2026-04-12T11:20:29.160+0000] {processor.py:208} INFO - Processing /home/airflow/.local/lib/python3.12/site-packages/airflow/example_dags/example_dataset_alias.py took 0.400 seconds
[2026-04-12T11:21:00.311+0000] {processor.py:186} INFO - Started process (PID=5196) to work on /home/airflow/.local/lib/python3.12/site-packages/airflow/example_dags/example_dataset_alias.py
[2026-04-12T11:21:00.314+0000] {processor.py:914} INFO - Processing file /home/airflow/.local/lib/python3.12/site-packages/airflow/example_dags/example_dataset_alias.py for tasks to queue
[2026-04-12T11:21:00.318+0000] {logging_mixin.py:190} INFO - [2026-04-12T11:21:00.318+0000] {dagbag.py:588} INFO - Filling up the DagBag from /home/airflow/.local/lib/python3.12/site-packages/airflow/example_dags/example_dataset_alias.py
[2026-04-12T11:21:00.730+0000] {processor.py:925} INFO - DAG(s) 'dataset_s3_bucket_producer', 'dataset_alias_example_alias_producer', 'dataset_s3_bucket_consumer', 'dataset_alias_example_alias_consumer' retrieved from /home/airflow/.local/lib/python3.12/site-packages/airflow/example_dags/example_dataset_alias.py
[2026-04-12T11:21:00.762+0000] {logging_mixin.py:190} INFO - [2026-04-12T11:21:00.762+0000] {dag.py:3239} INFO - Sync 4 DAGs
[2026-04-12T11:21:00.780+0000] {logging_mixin.py:190} INFO - [2026-04-12T11:21:00.779+0000] {dag.py:4180} INFO - Setting next_dagrun for dataset_alias_example_alias_consumer to None, run_after=None
[2026-04-12T11:21:00.782+0000] {logging_mixin.py:190} INFO - [2026-04-12T11:21:00.782+0000] {dag.py:4180} INFO - Setting next_dagrun for dataset_alias_example_alias_producer to None, run_after=None
[2026-04-12T11:21:00.788+0000] {logging_mixin.py:190} INFO - [2026-04-12T11:21:00.788+0000] {dag.py:4180} INFO - Setting next_dagrun for dataset_s3_bucket_consumer to None, run_after=None
[2026-04-12T11:21:00.790+0000] {logging_mixin.py:190} INFO - [2026-04-12T11:21:00.789+0000] {dag.py:4180} INFO - Setting next_dagrun for dataset_s3_bucket_producer to None, run_after=None
[2026-04-12T11:21:00.803+0000] {processor.py:208} INFO - Processing /home/airflow/.local/lib/python3.12/site-packages/airflow/example_dags/example_dataset_alias.py took 0.498 seconds
[2026-04-12T11:21:31.057+0000] {processor.py:186} INFO - Started process (PID=5492) to work on /home/airflow/.local/lib/python3.12/site-packages/airflow/example_dags/example_dataset_alias.py
[2026-04-12T11:21:31.061+0000] {processor.py:914} INFO - Processing file /home/airflow/.local/lib/python3.12/site-packages/airflow/example_dags/example_dataset_alias.py for tasks to queue
[2026-04-12T11:21:31.065+0000] {logging_mixin.py:190} INFO - [2026-04-12T11:21:31.065+0000] {dagbag.py:588} INFO - Filling up the DagBag from /home/airflow/.local/lib/python3.12/site-packages/airflow/example_dags/example_dataset_alias.py
[2026-04-12T11:21:31.471+0000] {processor.py:925} INFO - DAG(s) 'dataset_s3_bucket_consumer', 'dataset_alias_example_alias_consumer', 'dataset_alias_example_alias_producer', 'dataset_s3_bucket_producer' retrieved from /home/airflow/.local/lib/python3.12/site-packages/airflow/example_dags/example_dataset_alias.py
[2026-04-12T11:21:31.497+0000] {logging_mixin.py:190} INFO - [2026-04-12T11:21:31.496+0000] {dag.py:3239} INFO - Sync 4 DAGs
[2026-04-12T11:21:31.515+0000] {logging_mixin.py:190} INFO - [2026-04-12T11:21:31.515+0000] {dag.py:4180} INFO - Setting next_dagrun for dataset_alias_example_alias_consumer to None, run_after=None
[2026-04-12T11:21:31.518+0000] {logging_mixin.py:190} INFO - [2026-04-12T11:21:31.518+0000] {dag.py:4180} INFO - Setting next_dagrun for dataset_alias_example_alias_producer to None, run_after=None
[2026-04-12T11:21:31.520+0000] {logging_mixin.py:190} INFO - [2026-04-12T11:21:31.520+0000] {dag.py:4180} INFO - Setting next_dagrun for dataset_s3_bucket_consumer to None, run_after=None
[2026-04-12T11:21:31.521+0000] {logging_mixin.py:190} INFO - [2026-04-12T11:21:31.521+0000] {dag.py:4180} INFO - Setting next_dagrun for dataset_s3_bucket_producer to None, run_after=None
[2026-04-12T11:21:31.541+0000] {processor.py:208} INFO - Processing /home/airflow/.local/lib/python3.12/site-packages/airflow/example_dags/example_dataset_alias.py took 0.489 seconds
[2026-04-12T11:22:02.286+0000] {processor.py:186} INFO - Started process (PID=5794) to work on /home/airflow/.local/lib/python3.12/site-packages/airflow/example_dags/example_dataset_alias.py
[2026-04-12T11:22:02.287+0000] {processor.py:914} INFO - Processing file /home/airflow/.local/lib/python3.12/site-packages/airflow/example_dags/example_dataset_alias.py for tasks to queue
[2026-04-12T11:22:02.289+0000] {logging_mixin.py:190} INFO - [2026-04-12T11:22:02.289+0000] {dagbag.py:588} INFO - Filling up the DagBag from /home/airflow/.local/lib/python3.12/site-packages/airflow/example_dags/example_dataset_alias.py
[2026-04-12T11:22:02.667+0000] {processor.py:925} INFO - DAG(s) 'dataset_s3_bucket_producer', 'dataset_alias_example_alias_consumer', 'dataset_s3_bucket_consumer', 'dataset_alias_example_alias_producer' retrieved from /home/airflow/.local/lib/python3.12/site-packages/airflow/example_dags/example_dataset_alias.py
[2026-04-12T11:22:02.682+0000] {logging_mixin.py:190} INFO - [2026-04-12T11:22:02.681+0000] {dag.py:3239} INFO - Sync 4 DAGs
[2026-04-12T11:22:02.695+0000] {logging_mixin.py:190} INFO - [2026-04-12T11:22:02.695+0000] {dag.py:4180} INFO - Setting next_dagrun for dataset_alias_example_alias_consumer to None, run_after=None
[2026-04-12T11:22:02.697+0000] {logging_mixin.py:190} INFO - [2026-04-12T11:22:02.697+0000] {dag.py:4180} INFO - Setting next_dagrun for dataset_alias_example_alias_producer to None, run_after=None
[2026-04-12T11:22:02.698+0000] {logging_mixin.py:190} INFO - [2026-04-12T11:22:02.698+0000] {dag.py:4180} INFO - Setting next_dagrun for dataset_s3_bucket_consumer to None, run_after=None
[2026-04-12T11:22:02.700+0000] {logging_mixin.py:190} INFO - [2026-04-12T11:22:02.700+0000] {dag.py:4180} INFO - Setting next_dagrun for dataset_s3_bucket_producer to None, run_after=None
[2026-04-12T11:22:02.715+0000] {processor.py:208} INFO - Processing /home/airflow/.local/lib/python3.12/site-packages/airflow/example_dags/example_dataset_alias.py took 0.434 seconds
[2026-04-12T11:22:33.490+0000] {processor.py:186} INFO - Started process (PID=6089) to work on /home/airflow/.local/lib/python3.12/site-packages/airflow/example_dags/example_dataset_alias.py
[2026-04-12T11:22:33.492+0000] {processor.py:914} INFO - Processing file /home/airflow/.local/lib/python3.12/site-packages/airflow/example_dags/example_dataset_alias.py for tasks to queue
[2026-04-12T11:22:33.493+0000] {logging_mixin.py:190} INFO - [2026-04-12T11:22:33.493+0000] {dagbag.py:588} INFO - Filling up the DagBag from /home/airflow/.local/lib/python3.12/site-packages/airflow/example_dags/example_dataset_alias.py
[2026-04-12T11:22:33.903+0000] {processor.py:925} INFO - DAG(s) 'dataset_s3_bucket_consumer', 'dataset_alias_example_alias_producer', 'dataset_alias_example_alias_consumer', 'dataset_s3_bucket_producer' retrieved from /home/airflow/.local/lib/python3.12/site-packages/airflow/example_dags/example_dataset_alias.py
[2026-04-12T11:22:33.925+0000] {logging_mixin.py:190} INFO - [2026-04-12T11:22:33.925+0000] {dag.py:3239} INFO - Sync 4 DAGs
[2026-04-12T11:22:33.940+0000] {logging_mixin.py:190} INFO - [2026-04-12T11:22:33.940+0000] {dag.py:4180} INFO - Setting next_dagrun for dataset_alias_example_alias_consumer to None, run_after=None
[2026-04-12T11:22:33.943+0000] {logging_mixin.py:190} INFO - [2026-04-12T11:22:33.943+0000] {dag.py:4180} INFO - Setting next_dagrun for dataset_alias_example_alias_producer to None, run_after=None
[2026-04-12T11:22:33.944+0000] {logging_mixin.py:190} INFO - [2026-04-12T11:22:33.944+0000] {dag.py:4180} INFO - Setting next_dagrun for dataset_s3_bucket_consumer to None, run_after=None
[2026-04-12T11:22:33.946+0000] {logging_mixin.py:190} INFO - [2026-04-12T11:22:33.946+0000] {dag.py:4180} INFO - Setting next_dagrun for dataset_s3_bucket_producer to None, run_after=None
[2026-04-12T11:22:33.966+0000] {processor.py:208} INFO - Processing /home/airflow/.local/lib/python3.12/site-packages/airflow/example_dags/example_dataset_alias.py took 0.480 seconds
[2026-04-12T11:23:04.822+0000] {processor.py:186} INFO - Started process (PID=6390) to work on /home/airflow/.local/lib/python3.12/site-packages/airflow/example_dags/example_dataset_alias.py
[2026-04-12T11:23:04.823+0000] {processor.py:914} INFO - Processing file /home/airflow/.local/lib/python3.12/site-packages/airflow/example_dags/example_dataset_alias.py for tasks to queue
[2026-04-12T11:23:04.825+0000] {logging_mixin.py:190} INFO - [2026-04-12T11:23:04.825+0000] {dagbag.py:588} INFO - Filling up the DagBag from /home/airflow/.local/lib/python3.12/site-packages/airflow/example_dags/example_dataset_alias.py
[2026-04-12T11:23:05.346+0000] {processor.py:925} INFO - DAG(s) 'dataset_s3_bucket_consumer', 'dataset_alias_example_alias_consumer', 'dataset_alias_example_alias_producer', 'dataset_s3_bucket_producer' retrieved from /home/airflow/.local/lib/python3.12/site-packages/airflow/example_dags/example_dataset_alias.py
[2026-04-12T11:23:05.365+0000] {logging_mixin.py:190} INFO - [2026-04-12T11:23:05.364+0000] {dag.py:3239} INFO - Sync 4 DAGs
[2026-04-12T11:23:05.387+0000] {logging_mixin.py:190} INFO - [2026-04-12T11:23:05.387+0000] {dag.py:4180} INFO - Setting next_dagrun for dataset_alias_example_alias_consumer to None, run_after=None
[2026-04-12T11:23:05.394+0000] {logging_mixin.py:190} INFO - [2026-04-12T11:23:05.393+0000] {dag.py:4180} INFO - Setting next_dagrun for dataset_alias_example_alias_producer to None, run_after=None
[2026-04-12T11:23:05.397+0000] {logging_mixin.py:190} INFO - [2026-04-12T11:23:05.397+0000] {dag.py:4180} INFO - Setting next_dagrun for dataset_s3_bucket_consumer to None, run_after=None
[2026-04-12T11:23:05.401+0000] {logging_mixin.py:190} INFO - [2026-04-12T11:23:05.401+0000] {dag.py:4180} INFO - Setting next_dagrun for dataset_s3_bucket_producer to None, run_after=None
[2026-04-12T11:23:05.427+0000] {processor.py:208} INFO - Processing /home/airflow/.local/lib/python3.12/site-packages/airflow/example_dags/example_dataset_alias.py took 0.610 seconds
[2026-04-12T11:23:36.166+0000] {processor.py:186} INFO - Started process (PID=6681) to work on /home/airflow/.local/lib/python3.12/site-packages/airflow/example_dags/example_dataset_alias.py
[2026-04-12T11:23:36.167+0000] {processor.py:914} INFO - Processing file /home/airflow/.local/lib/python3.12/site-packages/airflow/example_dags/example_dataset_alias.py for tasks to queue
[2026-04-12T11:23:36.169+0000] {logging_mixin.py:190} INFO - [2026-04-12T11:23:36.168+0000] {dagbag.py:588} INFO - Filling up the DagBag from /home/airflow/.local/lib/python3.12/site-packages/airflow/example_dags/example_dataset_alias.py
[2026-04-12T11:23:36.666+0000] {processor.py:925} INFO - DAG(s) 'dataset_s3_bucket_producer', 'dataset_s3_bucket_consumer', 'dataset_alias_example_alias_producer', 'dataset_alias_example_alias_consumer' retrieved from /home/airflow/.local/lib/python3.12/site-packages/airflow/example_dags/example_dataset_alias.py
[2026-04-12T11:23:36.684+0000] {logging_mixin.py:190} INFO - [2026-04-12T11:23:36.684+0000] {dag.py:3239} INFO - Sync 4 DAGs
[2026-04-12T11:23:36.704+0000] {logging_mixin.py:190} INFO - [2026-04-12T11:23:36.704+0000] {dag.py:4180} INFO - Setting next_dagrun for dataset_alias_example_alias_consumer to None, run_after=None
[2026-04-12T11:23:36.706+0000] {logging_mixin.py:190} INFO - [2026-04-12T11:23:36.705+0000] {dag.py:4180} INFO - Setting next_dagrun for dataset_alias_example_alias_producer to None, run_after=None
[2026-04-12T11:23:36.708+0000] {logging_mixin.py:190} INFO - [2026-04-12T11:23:36.708+0000] {dag.py:4180} INFO - Setting next_dagrun for dataset_s3_bucket_consumer to None, run_after=None
[2026-04-12T11:23:36.711+0000] {logging_mixin.py:190} INFO - [2026-04-12T11:23:36.711+0000] {dag.py:4180} INFO - Setting next_dagrun for dataset_s3_bucket_producer to None, run_after=None
[2026-04-12T11:23:36.738+0000] {processor.py:208} INFO - Processing /home/airflow/.local/lib/python3.12/site-packages/airflow/example_dags/example_dataset_alias.py took 0.578 seconds
[2026-04-12T11:24:07.344+0000] {processor.py:186} INFO - Started process (PID=6979) to work on /home/airflow/.local/lib/python3.12/site-packages/airflow/example_dags/example_dataset_alias.py
[2026-04-12T11:24:07.345+0000] {processor.py:914} INFO - Processing file /home/airflow/.local/lib/python3.12/site-packages/airflow/example_dags/example_dataset_alias.py for tasks to queue
[2026-04-12T11:24:07.347+0000] {logging_mixin.py:190} INFO - [2026-04-12T11:24:07.347+0000] {dagbag.py:588} INFO - Filling up the DagBag from /home/airflow/.local/lib/python3.12/site-packages/airflow/example_dags/example_dataset_alias.py
[2026-04-12T11:24:07.711+0000] {processor.py:925} INFO - DAG(s) 'dataset_s3_bucket_producer', 'dataset_alias_example_alias_producer', 'dataset_s3_bucket_consumer', 'dataset_alias_example_alias_consumer' retrieved from /home/airflow/.local/lib/python3.12/site-packages/airflow/example_dags/example_dataset_alias.py
[2026-04-12T11:24:07.727+0000] {logging_mixin.py:190} INFO - [2026-04-12T11:24:07.727+0000] {dag.py:3239} INFO - Sync 4 DAGs
[2026-04-12T11:24:07.743+0000] {logging_mixin.py:190} INFO - [2026-04-12T11:24:07.743+0000] {dag.py:4180} INFO - Setting next_dagrun for dataset_alias_example_alias_consumer to None, run_after=None
[2026-04-12T11:24:07.746+0000] {logging_mixin.py:190} INFO - [2026-04-12T11:24:07.746+0000] {dag.py:4180} INFO - Setting next_dagrun for dataset_alias_example_alias_producer to None, run_after=None
[2026-04-12T11:24:07.747+0000] {logging_mixin.py:190} INFO - [2026-04-12T11:24:07.747+0000] {dag.py:4180} INFO - Setting next_dagrun for dataset_s3_bucket_consumer to None, run_after=None
[2026-04-12T11:24:07.751+0000] {logging_mixin.py:190} INFO - [2026-04-12T11:24:07.751+0000] {dag.py:4180} INFO - Setting next_dagrun for dataset_s3_bucket_producer to None, run_after=None
[2026-04-12T11:24:07.762+0000] {processor.py:208} INFO - Processing /home/airflow/.local/lib/python3.12/site-packages/airflow/example_dags/example_dataset_alias.py took 0.423 seconds
[2026-04-12T11:24:38.857+0000] {processor.py:186} INFO - Started process (PID=7273) to work on /home/airflow/.local/lib/python3.12/site-packages/airflow/example_dags/example_dataset_alias.py
[2026-04-12T11:24:38.857+0000] {processor.py:914} INFO - Processing file /home/airflow/.local/lib/python3.12/site-packages/airflow/example_dags/example_dataset_alias.py for tasks to queue
[2026-04-12T11:24:38.859+0000] {logging_mixin.py:190} INFO - [2026-04-12T11:24:38.859+0000] {dagbag.py:588} INFO - Filling up the DagBag from /home/airflow/.local/lib/python3.12/site-packages/airflow/example_dags/example_dataset_alias.py
[2026-04-12T11:24:39.250+0000] {processor.py:925} INFO - DAG(s) 'dataset_s3_bucket_consumer', 'dataset_s3_bucket_producer', 'dataset_alias_example_alias_producer', 'dataset_alias_example_alias_consumer' retrieved from /home/airflow/.local/lib/python3.12/site-packages/airflow/example_dags/example_dataset_alias.py
[2026-04-12T11:24:39.269+0000] {logging_mixin.py:190} INFO - [2026-04-12T11:24:39.268+0000] {dag.py:3239} INFO - Sync 4 DAGs
[2026-04-12T11:24:39.280+0000] {logging_mixin.py:190} INFO - [2026-04-12T11:24:39.280+0000] {dag.py:4180} INFO - Setting next_dagrun for dataset_alias_example_alias_consumer to None, run_after=None
[2026-04-12T11:24:39.282+0000] {logging_mixin.py:190} INFO - [2026-04-12T11:24:39.282+0000] {dag.py:4180} INFO - Setting next_dagrun for dataset_alias_example_alias_producer to None, run_after=None
[2026-04-12T11:24:39.284+0000] {logging_mixin.py:190} INFO - [2026-04-12T11:24:39.284+0000] {dag.py:4180} INFO - Setting next_dagrun for dataset_s3_bucket_consumer to None, run_after=None
[2026-04-12T11:24:39.285+0000] {logging_mixin.py:190} INFO - [2026-04-12T11:24:39.285+0000] {dag.py:4180} INFO - Setting next_dagrun for dataset_s3_bucket_producer to None, run_after=None
[2026-04-12T11:24:39.302+0000] {processor.py:208} INFO - Processing /home/airflow/.local/lib/python3.12/site-packages/airflow/example_dags/example_dataset_alias.py took 0.450 seconds
[2026-04-12T11:25:09.736+0000] {processor.py:186} INFO - Started process (PID=7569) to work on /home/airflow/.local/lib/python3.12/site-packages/airflow/example_dags/example_dataset_alias.py
[2026-04-12T11:25:09.739+0000] {processor.py:914} INFO - Processing file /home/airflow/.local/lib/python3.12/site-packages/airflow/example_dags/example_dataset_alias.py for tasks to queue
[2026-04-12T11:25:09.742+0000] {logging_mixin.py:190} INFO - [2026-04-12T11:25:09.742+0000] {dagbag.py:588} INFO - Filling up the DagBag from /home/airflow/.local/lib/python3.12/site-packages/airflow/example_dags/example_dataset_alias.py
[2026-04-12T11:25:10.111+0000] {processor.py:925} INFO - DAG(s) 'dataset_alias_example_alias_consumer', 'dataset_s3_bucket_producer', 'dataset_alias_example_alias_producer', 'dataset_s3_bucket_consumer' retrieved from /home/airflow/.local/lib/python3.12/site-packages/airflow/example_dags/example_dataset_alias.py
[2026-04-12T11:25:10.127+0000] {logging_mixin.py:190} INFO - [2026-04-12T11:25:10.127+0000] {dag.py:3239} INFO - Sync 4 DAGs
[2026-04-12T11:25:10.145+0000] {logging_mixin.py:190} INFO - [2026-04-12T11:25:10.144+0000] {dag.py:4180} INFO - Setting next_dagrun for dataset_alias_example_alias_consumer to None, run_after=None
[2026-04-12T11:25:10.147+0000] {logging_mixin.py:190} INFO - [2026-04-12T11:25:10.147+0000] {dag.py:4180} INFO - Setting next_dagrun for dataset_alias_example_alias_producer to None, run_after=None
[2026-04-12T11:25:10.150+0000] {logging_mixin.py:190} INFO - [2026-04-12T11:25:10.149+0000] {dag.py:4180} INFO - Setting next_dagrun for dataset_s3_bucket_consumer to None, run_after=None
[2026-04-12T11:25:10.152+0000] {logging_mixin.py:190} INFO - [2026-04-12T11:25:10.152+0000] {dag.py:4180} INFO - Setting next_dagrun for dataset_s3_bucket_producer to None, run_after=None
[2026-04-12T11:25:10.170+0000] {processor.py:208} INFO - Processing /home/airflow/.local/lib/python3.12/site-packages/airflow/example_dags/example_dataset_alias.py took 0.439 seconds
[2026-04-12T11:25:40.830+0000] {processor.py:186} INFO - Started process (PID=7865) to work on /home/airflow/.local/lib/python3.12/site-packages/airflow/example_dags/example_dataset_alias.py
[2026-04-12T11:25:40.831+0000] {processor.py:914} INFO - Processing file /home/airflow/.local/lib/python3.12/site-packages/airflow/example_dags/example_dataset_alias.py for tasks to queue
[2026-04-12T11:25:40.834+0000] {logging_mixin.py:190} INFO - [2026-04-12T11:25:40.834+0000] {dagbag.py:588} INFO - Filling up the DagBag from /home/airflow/.local/lib/python3.12/site-packages/airflow/example_dags/example_dataset_alias.py
[2026-04-12T11:25:41.233+0000] {processor.py:925} INFO - DAG(s) 'dataset_s3_bucket_consumer', 'dataset_s3_bucket_producer', 'dataset_alias_example_alias_producer', 'dataset_alias_example_alias_consumer' retrieved from /home/airflow/.local/lib/python3.12/site-packages/airflow/example_dags/example_dataset_alias.py
[2026-04-12T11:25:41.249+0000] {logging_mixin.py:190} INFO - [2026-04-12T11:25:41.249+0000] {dag.py:3239} INFO - Sync 4 DAGs
[2026-04-12T11:25:41.266+0000] {logging_mixin.py:190} INFO - [2026-04-12T11:25:41.266+0000] {dag.py:4180} INFO - Setting next_dagrun for dataset_alias_example_alias_consumer to None, run_after=None
[2026-04-12T11:25:41.268+0000] {logging_mixin.py:190} INFO - [2026-04-12T11:25:41.268+0000] {dag.py:4180} INFO - Setting next_dagrun for dataset_alias_example_alias_producer to None, run_after=None
[2026-04-12T11:25:41.272+0000] {logging_mixin.py:190} INFO - [2026-04-12T11:25:41.272+0000] {dag.py:4180} INFO - Setting next_dagrun for dataset_s3_bucket_consumer to None, run_after=None
[2026-04-12T11:25:41.273+0000] {logging_mixin.py:190} INFO - [2026-04-12T11:25:41.273+0000] {dag.py:4180} INFO - Setting next_dagrun for dataset_s3_bucket_producer to None, run_after=None
[2026-04-12T11:25:41.289+0000] {processor.py:208} INFO - Processing /home/airflow/.local/lib/python3.12/site-packages/airflow/example_dags/example_dataset_alias.py took 0.466 seconds
[2026-04-12T11:27:10.786+0000] {processor.py:186} INFO - Started process (PID=8285) to work on /home/airflow/.local/lib/python3.12/site-packages/airflow/example_dags/example_dataset_alias.py
[2026-04-12T11:27:10.787+0000] {processor.py:914} INFO - Processing file /home/airflow/.local/lib/python3.12/site-packages/airflow/example_dags/example_dataset_alias.py for tasks to queue
[2026-04-12T11:27:10.788+0000] {logging_mixin.py:190} INFO - [2026-04-12T11:27:10.788+0000] {dagbag.py:588} INFO - Filling up the DagBag from /home/airflow/.local/lib/python3.12/site-packages/airflow/example_dags/example_dataset_alias.py
[2026-04-12T11:27:11.193+0000] {processor.py:925} INFO - DAG(s) 'dataset_alias_example_alias_consumer', 'dataset_s3_bucket_producer', 'dataset_alias_example_alias_producer', 'dataset_s3_bucket_consumer' retrieved from /home/airflow/.local/lib/python3.12/site-packages/airflow/example_dags/example_dataset_alias.py
[2026-04-12T11:27:11.205+0000] {logging_mixin.py:190} INFO - [2026-04-12T11:27:11.205+0000] {dag.py:3239} INFO - Sync 4 DAGs
[2026-04-12T11:27:11.225+0000] {logging_mixin.py:190} INFO - [2026-04-12T11:27:11.224+0000] {dag.py:4180} INFO - Setting next_dagrun for dataset_alias_example_alias_consumer to None, run_after=None
[2026-04-12T11:27:11.227+0000] {logging_mixin.py:190} INFO - [2026-04-12T11:27:11.227+0000] {dag.py:4180} INFO - Setting next_dagrun for dataset_alias_example_alias_producer to None, run_after=None
[2026-04-12T11:27:11.231+0000] {logging_mixin.py:190} INFO - [2026-04-12T11:27:11.231+0000] {dag.py:4180} INFO - Setting next_dagrun for dataset_s3_bucket_consumer to None, run_after=None
[2026-04-12T11:27:11.232+0000] {logging_mixin.py:190} INFO - [2026-04-12T11:27:11.232+0000] {dag.py:4180} INFO - Setting next_dagrun for dataset_s3_bucket_producer to None, run_after=None
[2026-04-12T11:27:11.247+0000] {processor.py:208} INFO - Processing /home/airflow/.local/lib/python3.12/site-packages/airflow/example_dags/example_dataset_alias.py took 0.466 seconds
[2026-04-12T11:29:46.993+0000] {processor.py:186} INFO - Started process (PID=8581) to work on /home/airflow/.local/lib/python3.12/site-packages/airflow/example_dags/example_dataset_alias.py
[2026-04-12T11:29:46.994+0000] {processor.py:914} INFO - Processing file /home/airflow/.local/lib/python3.12/site-packages/airflow/example_dags/example_dataset_alias.py for tasks to queue
[2026-04-12T11:29:46.996+0000] {logging_mixin.py:190} INFO - [2026-04-12T11:29:46.996+0000] {dagbag.py:588} INFO - Filling up the DagBag from /home/airflow/.local/lib/python3.12/site-packages/airflow/example_dags/example_dataset_alias.py
[2026-04-12T11:29:47.404+0000] {processor.py:925} INFO - DAG(s) 'dataset_alias_example_alias_consumer', 'dataset_s3_bucket_producer', 'dataset_s3_bucket_consumer', 'dataset_alias_example_alias_producer' retrieved from /home/airflow/.local/lib/python3.12/site-packages/airflow/example_dags/example_dataset_alias.py
[2026-04-12T11:29:47.421+0000] {logging_mixin.py:190} INFO - [2026-04-12T11:29:47.421+0000] {dag.py:3239} INFO - Sync 4 DAGs
[2026-04-12T11:29:47.434+0000] {logging_mixin.py:190} INFO - [2026-04-12T11:29:47.434+0000] {dag.py:4180} INFO - Setting next_dagrun for dataset_alias_example_alias_consumer to None, run_after=None
[2026-04-12T11:29:47.441+0000] {logging_mixin.py:190} INFO - [2026-04-12T11:29:47.441+0000] {dag.py:4180} INFO - Setting next_dagrun for dataset_alias_example_alias_producer to None, run_after=None
[2026-04-12T11:29:47.443+0000] {logging_mixin.py:190} INFO - [2026-04-12T11:29:47.443+0000] {dag.py:4180} INFO - Setting next_dagrun for dataset_s3_bucket_consumer to None, run_after=None
[2026-04-12T11:29:47.444+0000] {logging_mixin.py:190} INFO - [2026-04-12T11:29:47.444+0000] {dag.py:4180} INFO - Setting next_dagrun for dataset_s3_bucket_producer to None, run_after=None
[2026-04-12T11:29:47.465+0000] {processor.py:208} INFO - Processing /home/airflow/.local/lib/python3.12/site-packages/airflow/example_dags/example_dataset_alias.py took 0.479 seconds
[2026-04-12T11:30:18.439+0000] {processor.py:186} INFO - Started process (PID=8877) to work on /home/airflow/.local/lib/python3.12/site-packages/airflow/example_dags/example_dataset_alias.py
[2026-04-12T11:30:18.440+0000] {processor.py:914} INFO - Processing file /home/airflow/.local/lib/python3.12/site-packages/airflow/example_dags/example_dataset_alias.py for tasks to queue
[2026-04-12T11:30:18.441+0000] {logging_mixin.py:190} INFO - [2026-04-12T11:30:18.441+0000] {dagbag.py:588} INFO - Filling up the DagBag from /home/airflow/.local/lib/python3.12/site-packages/airflow/example_dags/example_dataset_alias.py
[2026-04-12T11:30:18.869+0000] {processor.py:925} INFO - DAG(s) 'dataset_alias_example_alias_producer', 'dataset_alias_example_alias_consumer', 'dataset_s3_bucket_consumer', 'dataset_s3_bucket_producer' retrieved from /home/airflow/.local/lib/python3.12/site-packages/airflow/example_dags/example_dataset_alias.py
[2026-04-12T11:30:18.888+0000] {logging_mixin.py:190} INFO - [2026-04-12T11:30:18.887+0000] {dag.py:3239} INFO - Sync 4 DAGs
[2026-04-12T11:30:18.904+0000] {logging_mixin.py:190} INFO - [2026-04-12T11:30:18.904+0000] {dag.py:4180} INFO - Setting next_dagrun for dataset_alias_example_alias_consumer to None, run_after=None
[2026-04-12T11:30:18.906+0000] {logging_mixin.py:190} INFO - [2026-04-12T11:30:18.906+0000] {dag.py:4180} INFO - Setting next_dagrun for dataset_alias_example_alias_producer to None, run_after=None
[2026-04-12T11:30:18.907+0000] {logging_mixin.py:190} INFO - [2026-04-12T11:30:18.907+0000] {dag.py:4180} INFO - Setting next_dagrun for dataset_s3_bucket_consumer to None, run_after=None
[2026-04-12T11:30:18.908+0000] {logging_mixin.py:190} INFO - [2026-04-12T11:30:18.908+0000] {dag.py:4180} INFO - Setting next_dagrun for dataset_s3_bucket_producer to None, run_after=None
[2026-04-12T11:30:18.920+0000] {processor.py:208} INFO - Processing /home/airflow/.local/lib/python3.12/site-packages/airflow/example_dags/example_dataset_alias.py took 0.485 seconds
[2026-04-12T11:30:49.810+0000] {processor.py:186} INFO - Started process (PID=9173) to work on /home/airflow/.local/lib/python3.12/site-packages/airflow/example_dags/example_dataset_alias.py
[2026-04-12T11:30:49.813+0000] {processor.py:914} INFO - Processing file /home/airflow/.local/lib/python3.12/site-packages/airflow/example_dags/example_dataset_alias.py for tasks to queue
[2026-04-12T11:30:49.815+0000] {logging_mixin.py:190} INFO - [2026-04-12T11:30:49.815+0000] {dagbag.py:588} INFO - Filling up the DagBag from /home/airflow/.local/lib/python3.12/site-packages/airflow/example_dags/example_dataset_alias.py
[2026-04-12T11:30:50.355+0000] {processor.py:925} INFO - DAG(s) 'dataset_s3_bucket_producer', 'dataset_alias_example_alias_consumer', 'dataset_s3_bucket_consumer', 'dataset_alias_example_alias_producer' retrieved from /home/airflow/.local/lib/python3.12/site-packages/airflow/example_dags/example_dataset_alias.py
[2026-04-12T11:30:50.371+0000] {logging_mixin.py:190} INFO - [2026-04-12T11:30:50.371+0000] {dag.py:3239} INFO - Sync 4 DAGs
[2026-04-12T11:30:50.386+0000] {logging_mixin.py:190} INFO - [2026-04-12T11:30:50.386+0000] {dag.py:4180} INFO - Setting next_dagrun for dataset_alias_example_alias_consumer to None, run_after=None
[2026-04-12T11:30:50.388+0000] {logging_mixin.py:190} INFO - [2026-04-12T11:30:50.388+0000] {dag.py:4180} INFO - Setting next_dagrun for dataset_alias_example_alias_producer to None, run_after=None
[2026-04-12T11:30:50.389+0000] {logging_mixin.py:190} INFO - [2026-04-12T11:30:50.389+0000] {dag.py:4180} INFO - Setting next_dagrun for dataset_s3_bucket_consumer to None, run_after=None
[2026-04-12T11:30:50.390+0000] {logging_mixin.py:190} INFO - [2026-04-12T11:30:50.390+0000] {dag.py:4180} INFO - Setting next_dagrun for dataset_s3_bucket_producer to None, run_after=None
[2026-04-12T11:30:50.401+0000] {processor.py:208} INFO - Processing /home/airflow/.local/lib/python3.12/site-packages/airflow/example_dags/example_dataset_alias.py took 0.596 seconds
[2026-04-12T11:31:21.192+0000] {processor.py:186} INFO - Started process (PID=9488) to work on /home/airflow/.local/lib/python3.12/site-packages/airflow/example_dags/example_dataset_alias.py
[2026-04-12T11:31:21.193+0000] {processor.py:914} INFO - Processing file /home/airflow/.local/lib/python3.12/site-packages/airflow/example_dags/example_dataset_alias.py for tasks to queue
[2026-04-12T11:31:21.196+0000] {logging_mixin.py:190} INFO - [2026-04-12T11:31:21.195+0000] {dagbag.py:588} INFO - Filling up the DagBag from /home/airflow/.local/lib/python3.12/site-packages/airflow/example_dags/example_dataset_alias.py
[2026-04-12T11:31:21.564+0000] {processor.py:925} INFO - DAG(s) 'dataset_alias_example_alias_consumer', 'dataset_s3_bucket_consumer', 'dataset_alias_example_alias_producer', 'dataset_s3_bucket_producer' retrieved from /home/airflow/.local/lib/python3.12/site-packages/airflow/example_dags/example_dataset_alias.py
[2026-04-12T11:31:21.590+0000] {logging_mixin.py:190} INFO - [2026-04-12T11:31:21.590+0000] {dag.py:3239} INFO - Sync 4 DAGs
[2026-04-12T11:31:21.604+0000] {logging_mixin.py:190} INFO - [2026-04-12T11:31:21.604+0000] {dag.py:4180} INFO - Setting next_dagrun for dataset_alias_example_alias_consumer to None, run_after=None
[2026-04-12T11:31:21.605+0000] {logging_mixin.py:190} INFO - [2026-04-12T11:31:21.605+0000] {dag.py:4180} INFO - Setting next_dagrun for dataset_alias_example_alias_producer to None, run_after=None
[2026-04-12T11:31:21.606+0000] {logging_mixin.py:190} INFO - [2026-04-12T11:31:21.606+0000] {dag.py:4180} INFO - Setting next_dagrun for dataset_s3_bucket_consumer to None, run_after=None
[2026-04-12T11:31:21.607+0000] {logging_mixin.py:190} INFO - [2026-04-12T11:31:21.607+0000] {dag.py:4180} INFO - Setting next_dagrun for dataset_s3_bucket_producer to None, run_after=None
[2026-04-12T11:31:21.620+0000] {processor.py:208} INFO - Processing /home/airflow/.local/lib/python3.12/site-packages/airflow/example_dags/example_dataset_alias.py took 0.432 seconds
[2026-04-12T11:31:52.414+0000] {processor.py:186} INFO - Started process (PID=9764) to work on /home/airflow/.local/lib/python3.12/site-packages/airflow/example_dags/example_dataset_alias.py
[2026-04-12T11:31:52.415+0000] {processor.py:914} INFO - Processing file /home/airflow/.local/lib/python3.12/site-packages/airflow/example_dags/example_dataset_alias.py for tasks to queue
[2026-04-12T11:31:52.416+0000] {logging_mixin.py:190} INFO - [2026-04-12T11:31:52.416+0000] {dagbag.py:588} INFO - Filling up the DagBag from /home/airflow/.local/lib/python3.12/site-packages/airflow/example_dags/example_dataset_alias.py
[2026-04-12T11:31:52.776+0000] {processor.py:925} INFO - DAG(s) 'dataset_s3_bucket_consumer', 'dataset_alias_example_alias_consumer', 'dataset_s3_bucket_producer', 'dataset_alias_example_alias_producer' retrieved from /home/airflow/.local/lib/python3.12/site-packages/airflow/example_dags/example_dataset_alias.py
[2026-04-12T11:31:52.794+0000] {logging_mixin.py:190} INFO - [2026-04-12T11:31:52.794+0000] {dag.py:3239} INFO - Sync 4 DAGs
[2026-04-12T11:31:52.808+0000] {logging_mixin.py:190} INFO - [2026-04-12T11:31:52.808+0000] {dag.py:4180} INFO - Setting next_dagrun for dataset_alias_example_alias_consumer to None, run_after=None
[2026-04-12T11:31:52.817+0000] {logging_mixin.py:190} INFO - [2026-04-12T11:31:52.816+0000] {dag.py:4180} INFO - Setting next_dagrun for dataset_alias_example_alias_producer to None, run_after=None
[2026-04-12T11:31:52.818+0000] {logging_mixin.py:190} INFO - [2026-04-12T11:31:52.818+0000] {dag.py:4180} INFO - Setting next_dagrun for dataset_s3_bucket_consumer to None, run_after=None
[2026-04-12T11:31:52.819+0000] {logging_mixin.py:190} INFO - [2026-04-12T11:31:52.819+0000] {dag.py:4180} INFO - Setting next_dagrun for dataset_s3_bucket_producer to None, run_after=None
[2026-04-12T11:31:52.839+0000] {processor.py:208} INFO - Processing /home/airflow/.local/lib/python3.12/site-packages/airflow/example_dags/example_dataset_alias.py took 0.429 seconds
[2026-04-12T11:32:23.767+0000] {processor.py:186} INFO - Started process (PID=10060) to work on /home/airflow/.local/lib/python3.12/site-packages/airflow/example_dags/example_dataset_alias.py
[2026-04-12T11:32:23.769+0000] {processor.py:914} INFO - Processing file /home/airflow/.local/lib/python3.12/site-packages/airflow/example_dags/example_dataset_alias.py for tasks to queue
[2026-04-12T11:32:23.772+0000] {logging_mixin.py:190} INFO - [2026-04-12T11:32:23.771+0000] {dagbag.py:588} INFO - Filling up the DagBag from /home/airflow/.local/lib/python3.12/site-packages/airflow/example_dags/example_dataset_alias.py
[2026-04-12T11:32:24.554+0000] {processor.py:925} INFO - DAG(s) 'dataset_s3_bucket_producer', 'dataset_alias_example_alias_producer', 'dataset_s3_bucket_consumer', 'dataset_alias_example_alias_consumer' retrieved from /home/airflow/.local/lib/python3.12/site-packages/airflow/example_dags/example_dataset_alias.py
[2026-04-12T11:32:24.597+0000] {logging_mixin.py:190} INFO - [2026-04-12T11:32:24.596+0000] {dag.py:3239} INFO - Sync 4 DAGs
[2026-04-12T11:32:24.627+0000] {logging_mixin.py:190} INFO - [2026-04-12T11:32:24.627+0000] {dag.py:4180} INFO - Setting next_dagrun for dataset_alias_example_alias_consumer to None, run_after=None
[2026-04-12T11:32:24.630+0000] {logging_mixin.py:190} INFO - [2026-04-12T11:32:24.630+0000] {dag.py:4180} INFO - Setting next_dagrun for dataset_alias_example_alias_producer to None, run_after=None
[2026-04-12T11:32:24.632+0000] {logging_mixin.py:190} INFO - [2026-04-12T11:32:24.632+0000] {dag.py:4180} INFO - Setting next_dagrun for dataset_s3_bucket_consumer to None, run_after=None
[2026-04-12T11:32:24.633+0000] {logging_mixin.py:190} INFO - [2026-04-12T11:32:24.633+0000] {dag.py:4180} INFO - Setting next_dagrun for dataset_s3_bucket_producer to None, run_after=None
[2026-04-12T11:32:24.653+0000] {processor.py:208} INFO - Processing /home/airflow/.local/lib/python3.12/site-packages/airflow/example_dags/example_dataset_alias.py took 0.892 seconds
[2026-04-12T11:32:54.699+0000] {processor.py:186} INFO - Started process (PID=10376) to work on /home/airflow/.local/lib/python3.12/site-packages/airflow/example_dags/example_dataset_alias.py
[2026-04-12T11:32:54.701+0000] {processor.py:914} INFO - Processing file /home/airflow/.local/lib/python3.12/site-packages/airflow/example_dags/example_dataset_alias.py for tasks to queue
[2026-04-12T11:32:54.703+0000] {logging_mixin.py:190} INFO - [2026-04-12T11:32:54.702+0000] {dagbag.py:588} INFO - Filling up the DagBag from /home/airflow/.local/lib/python3.12/site-packages/airflow/example_dags/example_dataset_alias.py
[2026-04-12T11:32:55.123+0000] {processor.py:925} INFO - DAG(s) 'dataset_s3_bucket_consumer', 'dataset_alias_example_alias_consumer', 'dataset_alias_example_alias_producer', 'dataset_s3_bucket_producer' retrieved from /home/airflow/.local/lib/python3.12/site-packages/airflow/example_dags/example_dataset_alias.py
[2026-04-12T11:32:55.134+0000] {logging_mixin.py:190} INFO - [2026-04-12T11:32:55.134+0000] {dag.py:3239} INFO - Sync 4 DAGs
[2026-04-12T11:32:55.146+0000] {logging_mixin.py:190} INFO - [2026-04-12T11:32:55.146+0000] {dag.py:4180} INFO - Setting next_dagrun for dataset_alias_example_alias_consumer to None, run_after=None
[2026-04-12T11:32:55.148+0000] {logging_mixin.py:190} INFO - [2026-04-12T11:32:55.147+0000] {dag.py:4180} INFO - Setting next_dagrun for dataset_alias_example_alias_producer to None, run_after=None
[2026-04-12T11:32:55.149+0000] {logging_mixin.py:190} INFO - [2026-04-12T11:32:55.148+0000] {dag.py:4180} INFO - Setting next_dagrun for dataset_s3_bucket_consumer to None, run_after=None
[2026-04-12T11:32:55.149+0000] {logging_mixin.py:190} INFO - [2026-04-12T11:32:55.149+0000] {dag.py:4180} INFO - Setting next_dagrun for dataset_s3_bucket_producer to None, run_after=None
[2026-04-12T11:32:55.160+0000] {processor.py:208} INFO - Processing /home/airflow/.local/lib/python3.12/site-packages/airflow/example_dags/example_dataset_alias.py took 0.466 seconds
[2026-04-12T11:33:25.753+0000] {processor.py:186} INFO - Started process (PID=10687) to work on /home/airflow/.local/lib/python3.12/site-packages/airflow/example_dags/example_dataset_alias.py
[2026-04-12T11:33:25.755+0000] {processor.py:914} INFO - Processing file /home/airflow/.local/lib/python3.12/site-packages/airflow/example_dags/example_dataset_alias.py for tasks to queue
[2026-04-12T11:33:25.756+0000] {logging_mixin.py:190} INFO - [2026-04-12T11:33:25.756+0000] {dagbag.py:588} INFO - Filling up the DagBag from /home/airflow/.local/lib/python3.12/site-packages/airflow/example_dags/example_dataset_alias.py
[2026-04-12T11:33:26.120+0000] {processor.py:925} INFO - DAG(s) 'dataset_alias_example_alias_producer', 'dataset_s3_bucket_producer', 'dataset_s3_bucket_consumer', 'dataset_alias_example_alias_consumer' retrieved from /home/airflow/.local/lib/python3.12/site-packages/airflow/example_dags/example_dataset_alias.py
[2026-04-12T11:33:26.132+0000] {logging_mixin.py:190} INFO - [2026-04-12T11:33:26.132+0000] {dag.py:3239} INFO - Sync 4 DAGs
[2026-04-12T11:33:26.144+0000] {logging_mixin.py:190} INFO - [2026-04-12T11:33:26.144+0000] {dag.py:4180} INFO - Setting next_dagrun for dataset_alias_example_alias_consumer to None, run_after=None
[2026-04-12T11:33:26.145+0000] {logging_mixin.py:190} INFO - [2026-04-12T11:33:26.145+0000] {dag.py:4180} INFO - Setting next_dagrun for dataset_alias_example_alias_producer to None, run_after=None
[2026-04-12T11:33:26.146+0000] {logging_mixin.py:190} INFO - [2026-04-12T11:33:26.146+0000] {dag.py:4180} INFO - Setting next_dagrun for dataset_s3_bucket_consumer to None, run_after=None
[2026-04-12T11:33:26.147+0000] {logging_mixin.py:190} INFO - [2026-04-12T11:33:26.147+0000] {dag.py:4180} INFO - Setting next_dagrun for dataset_s3_bucket_producer to None, run_after=None
[2026-04-12T11:33:26.158+0000] {processor.py:208} INFO - Processing /home/airflow/.local/lib/python3.12/site-packages/airflow/example_dags/example_dataset_alias.py took 0.409 seconds
[2026-04-12T11:33:56.826+0000] {processor.py:186} INFO - Started process (PID=10993) to work on /home/airflow/.local/lib/python3.12/site-packages/airflow/example_dags/example_dataset_alias.py
[2026-04-12T11:33:56.828+0000] {processor.py:914} INFO - Processing file /home/airflow/.local/lib/python3.12/site-packages/airflow/example_dags/example_dataset_alias.py for tasks to queue
[2026-04-12T11:33:56.830+0000] {logging_mixin.py:190} INFO - [2026-04-12T11:33:56.829+0000] {dagbag.py:588} INFO - Filling up the DagBag from /home/airflow/.local/lib/python3.12/site-packages/airflow/example_dags/example_dataset_alias.py
[2026-04-12T11:33:57.187+0000] {processor.py:925} INFO - DAG(s) 'dataset_alias_example_alias_consumer', 'dataset_s3_bucket_producer', 'dataset_alias_example_alias_producer', 'dataset_s3_bucket_consumer' retrieved from /home/airflow/.local/lib/python3.12/site-packages/airflow/example_dags/example_dataset_alias.py
[2026-04-12T11:33:57.200+0000] {logging_mixin.py:190} INFO - [2026-04-12T11:33:57.200+0000] {dag.py:3239} INFO - Sync 4 DAGs
[2026-04-12T11:33:57.213+0000] {logging_mixin.py:190} INFO - [2026-04-12T11:33:57.213+0000] {dag.py:4180} INFO - Setting next_dagrun for dataset_alias_example_alias_consumer to None, run_after=None
[2026-04-12T11:33:57.214+0000] {logging_mixin.py:190} INFO - [2026-04-12T11:33:57.214+0000] {dag.py:4180} INFO - Setting next_dagrun for dataset_alias_example_alias_producer to None, run_after=None
[2026-04-12T11:33:57.216+0000] {logging_mixin.py:190} INFO - [2026-04-12T11:33:57.215+0000] {dag.py:4180} INFO - Setting next_dagrun for dataset_s3_bucket_consumer to None, run_after=None
[2026-04-12T11:33:57.216+0000] {logging_mixin.py:190} INFO - [2026-04-12T11:33:57.216+0000] {dag.py:4180} INFO - Setting next_dagrun for dataset_s3_bucket_producer to None, run_after=None
[2026-04-12T11:33:57.228+0000] {processor.py:208} INFO - Processing /home/airflow/.local/lib/python3.12/site-packages/airflow/example_dags/example_dataset_alias.py took 0.408 seconds
[2026-04-12T11:34:27.855+0000] {processor.py:186} INFO - Started process (PID=11289) to work on /home/airflow/.local/lib/python3.12/site-packages/airflow/example_dags/example_dataset_alias.py
[2026-04-12T11:34:27.857+0000] {processor.py:914} INFO - Processing file /home/airflow/.local/lib/python3.12/site-packages/airflow/example_dags/example_dataset_alias.py for tasks to queue
[2026-04-12T11:34:27.859+0000] {logging_mixin.py:190} INFO - [2026-04-12T11:34:27.859+0000] {dagbag.py:588} INFO - Filling up the DagBag from /home/airflow/.local/lib/python3.12/site-packages/airflow/example_dags/example_dataset_alias.py
[2026-04-12T11:34:28.220+0000] {processor.py:925} INFO - DAG(s) 'dataset_s3_bucket_producer', 'dataset_alias_example_alias_consumer', 'dataset_alias_example_alias_producer', 'dataset_s3_bucket_consumer' retrieved from /home/airflow/.local/lib/python3.12/site-packages/airflow/example_dags/example_dataset_alias.py
[2026-04-12T11:34:28.232+0000] {logging_mixin.py:190} INFO - [2026-04-12T11:34:28.231+0000] {dag.py:3239} INFO - Sync 4 DAGs
[2026-04-12T11:34:28.244+0000] {logging_mixin.py:190} INFO - [2026-04-12T11:34:28.244+0000] {dag.py:4180} INFO - Setting next_dagrun for dataset_alias_example_alias_consumer to None, run_after=None
[2026-04-12T11:34:28.246+0000] {logging_mixin.py:190} INFO - [2026-04-12T11:34:28.246+0000] {dag.py:4180} INFO - Setting next_dagrun for dataset_alias_example_alias_producer to None, run_after=None
[2026-04-12T11:34:28.247+0000] {logging_mixin.py:190} INFO - [2026-04-12T11:34:28.247+0000] {dag.py:4180} INFO - Setting next_dagrun for dataset_s3_bucket_consumer to None, run_after=None
[2026-04-12T11:34:28.248+0000] {logging_mixin.py:190} INFO - [2026-04-12T11:34:28.247+0000] {dag.py:4180} INFO - Setting next_dagrun for dataset_s3_bucket_producer to None, run_after=None
[2026-04-12T11:34:28.258+0000] {processor.py:208} INFO - Processing /home/airflow/.local/lib/python3.12/site-packages/airflow/example_dags/example_dataset_alias.py took 0.408 seconds
[2026-04-12T11:34:58.496+0000] {processor.py:186} INFO - Started process (PID=11584) to work on /home/airflow/.local/lib/python3.12/site-packages/airflow/example_dags/example_dataset_alias.py
[2026-04-12T11:34:58.497+0000] {processor.py:914} INFO - Processing file /home/airflow/.local/lib/python3.12/site-packages/airflow/example_dags/example_dataset_alias.py for tasks to queue
[2026-04-12T11:34:58.499+0000] {logging_mixin.py:190} INFO - [2026-04-12T11:34:58.499+0000] {dagbag.py:588} INFO - Filling up the DagBag from /home/airflow/.local/lib/python3.12/site-packages/airflow/example_dags/example_dataset_alias.py
[2026-04-12T11:34:58.898+0000] {processor.py:925} INFO - DAG(s) 'dataset_alias_example_alias_consumer', 'dataset_alias_example_alias_producer', 'dataset_s3_bucket_producer', 'dataset_s3_bucket_consumer' retrieved from /home/airflow/.local/lib/python3.12/site-packages/airflow/example_dags/example_dataset_alias.py
[2026-04-12T11:34:58.909+0000] {logging_mixin.py:190} INFO - [2026-04-12T11:34:58.909+0000] {dag.py:3239} INFO - Sync 4 DAGs
[2026-04-12T11:34:58.922+0000] {logging_mixin.py:190} INFO - [2026-04-12T11:34:58.922+0000] {dag.py:4180} INFO - Setting next_dagrun for dataset_alias_example_alias_consumer to None, run_after=None
[2026-04-12T11:34:58.924+0000] {logging_mixin.py:190} INFO - [2026-04-12T11:34:58.923+0000] {dag.py:4180} INFO - Setting next_dagrun for dataset_alias_example_alias_producer to None, run_after=None
[2026-04-12T11:34:58.924+0000] {logging_mixin.py:190} INFO - [2026-04-12T11:34:58.924+0000] {dag.py:4180} INFO - Setting next_dagrun for dataset_s3_bucket_consumer to None, run_after=None
[2026-04-12T11:34:58.925+0000] {logging_mixin.py:190} INFO - [2026-04-12T11:34:58.925+0000] {dag.py:4180} INFO - Setting next_dagrun for dataset_s3_bucket_producer to None, run_after=None
[2026-04-12T11:34:58.936+0000] {processor.py:208} INFO - Processing /home/airflow/.local/lib/python3.12/site-packages/airflow/example_dags/example_dataset_alias.py took 0.443 seconds
