[2026-04-12T11:12:39.151+0000] {processor.py:186} INFO - Started process (PID=376) to work on /home/airflow/.local/lib/python3.12/site-packages/airflow/example_dags/example_python_decorator.py
[2026-04-12T11:12:39.153+0000] {processor.py:914} INFO - Processing file /home/airflow/.local/lib/python3.12/site-packages/airflow/example_dags/example_python_decorator.py for tasks to queue
[2026-04-12T11:12:39.158+0000] {logging_mixin.py:190} INFO - [2026-04-12T11:12:39.157+0000] {dagbag.py:588} INFO - Filling up the DagBag from /home/airflow/.local/lib/python3.12/site-packages/airflow/example_dags/example_python_decorator.py
[2026-04-12T11:12:39.190+0000] {processor.py:925} INFO - DAG(s) 'example_python_decorator' retrieved from /home/airflow/.local/lib/python3.12/site-packages/airflow/example_dags/example_python_decorator.py
[2026-04-12T11:12:39.452+0000] {logging_mixin.py:190} INFO - [2026-04-12T11:12:39.451+0000] {override.py:1912} INFO - Created Permission View: can edit on DAG:example_python_decorator
[2026-04-12T11:12:39.510+0000] {logging_mixin.py:190} INFO - [2026-04-12T11:12:39.510+0000] {override.py:1912} INFO - Created Permission View: can delete on DAG:example_python_decorator
[2026-04-12T11:12:39.534+0000] {logging_mixin.py:190} INFO - [2026-04-12T11:12:39.533+0000] {override.py:1912} INFO - Created Permission View: can read on DAG:example_python_decorator
[2026-04-12T11:12:39.552+0000] {logging_mixin.py:190} INFO - [2026-04-12T11:12:39.549+0000] {override.py:1912} INFO - Created Permission View: can delete on DAG Run:example_python_decorator
[2026-04-12T11:12:39.593+0000] {logging_mixin.py:190} INFO - [2026-04-12T11:12:39.592+0000] {override.py:1912} INFO - Created Permission View: can create on DAG Run:example_python_decorator
[2026-04-12T11:12:39.626+0000] {logging_mixin.py:190} INFO - [2026-04-12T11:12:39.626+0000] {override.py:1912} INFO - Created Permission View: can read on DAG Run:example_python_decorator
[2026-04-12T11:12:39.646+0000] {logging_mixin.py:190} INFO - [2026-04-12T11:12:39.644+0000] {override.py:1912} INFO - Created Permission View: menu access on DAG Run:example_python_decorator
[2026-04-12T11:12:39.647+0000] {logging_mixin.py:190} INFO - [2026-04-12T11:12:39.647+0000] {dag.py:3239} INFO - Sync 1 DAGs
[2026-04-12T11:12:39.689+0000] {logging_mixin.py:190} INFO - [2026-04-12T11:12:39.688+0000] {dag.py:3262} INFO - Creating ORM DAG for example_python_decorator
[2026-04-12T11:12:39.696+0000] {logging_mixin.py:190} INFO - [2026-04-12T11:12:39.696+0000] {dag.py:4180} INFO - Setting next_dagrun for example_python_decorator to None, run_after=None
[2026-04-12T11:12:39.739+0000] {processor.py:208} INFO - Processing /home/airflow/.local/lib/python3.12/site-packages/airflow/example_dags/example_python_decorator.py took 0.598 seconds
[2026-04-12T11:13:10.191+0000] {processor.py:186} INFO - Started process (PID=668) to work on /home/airflow/.local/lib/python3.12/site-packages/airflow/example_dags/example_python_decorator.py
[2026-04-12T11:13:10.192+0000] {processor.py:914} INFO - Processing file /home/airflow/.local/lib/python3.12/site-packages/airflow/example_dags/example_python_decorator.py for tasks to queue
[2026-04-12T11:13:10.194+0000] {logging_mixin.py:190} INFO - [2026-04-12T11:13:10.193+0000] {dagbag.py:588} INFO - Filling up the DagBag from /home/airflow/.local/lib/python3.12/site-packages/airflow/example_dags/example_python_decorator.py
[2026-04-12T11:13:10.205+0000] {processor.py:925} INFO - DAG(s) 'example_python_decorator' retrieved from /home/airflow/.local/lib/python3.12/site-packages/airflow/example_dags/example_python_decorator.py
[2026-04-12T11:13:10.223+0000] {logging_mixin.py:190} INFO - [2026-04-12T11:13:10.223+0000] {dag.py:3239} INFO - Sync 1 DAGs
[2026-04-12T11:13:10.234+0000] {logging_mixin.py:190} INFO - [2026-04-12T11:13:10.234+0000] {dag.py:4180} INFO - Setting next_dagrun for example_python_decorator to None, run_after=None
[2026-04-12T11:13:10.245+0000] {processor.py:208} INFO - Processing /home/airflow/.local/lib/python3.12/site-packages/airflow/example_dags/example_python_decorator.py took 0.059 seconds
[2026-04-12T11:13:40.964+0000] {processor.py:186} INFO - Started process (PID=962) to work on /home/airflow/.local/lib/python3.12/site-packages/airflow/example_dags/example_python_decorator.py
[2026-04-12T11:13:40.966+0000] {processor.py:914} INFO - Processing file /home/airflow/.local/lib/python3.12/site-packages/airflow/example_dags/example_python_decorator.py for tasks to queue
[2026-04-12T11:13:40.971+0000] {logging_mixin.py:190} INFO - [2026-04-12T11:13:40.971+0000] {dagbag.py:588} INFO - Filling up the DagBag from /home/airflow/.local/lib/python3.12/site-packages/airflow/example_dags/example_python_decorator.py
[2026-04-12T11:13:41.002+0000] {processor.py:925} INFO - DAG(s) 'example_python_decorator' retrieved from /home/airflow/.local/lib/python3.12/site-packages/airflow/example_dags/example_python_decorator.py
[2026-04-12T11:13:41.040+0000] {logging_mixin.py:190} INFO - [2026-04-12T11:13:41.040+0000] {dag.py:3239} INFO - Sync 1 DAGs
[2026-04-12T11:13:41.060+0000] {logging_mixin.py:190} INFO - [2026-04-12T11:13:41.060+0000] {dag.py:4180} INFO - Setting next_dagrun for example_python_decorator to None, run_after=None
[2026-04-12T11:13:41.078+0000] {processor.py:208} INFO - Processing /home/airflow/.local/lib/python3.12/site-packages/airflow/example_dags/example_python_decorator.py took 0.132 seconds
[2026-04-12T11:14:11.599+0000] {processor.py:186} INFO - Started process (PID=1256) to work on /home/airflow/.local/lib/python3.12/site-packages/airflow/example_dags/example_python_decorator.py
[2026-04-12T11:14:11.600+0000] {processor.py:914} INFO - Processing file /home/airflow/.local/lib/python3.12/site-packages/airflow/example_dags/example_python_decorator.py for tasks to queue
[2026-04-12T11:14:11.603+0000] {logging_mixin.py:190} INFO - [2026-04-12T11:14:11.602+0000] {dagbag.py:588} INFO - Filling up the DagBag from /home/airflow/.local/lib/python3.12/site-packages/airflow/example_dags/example_python_decorator.py
[2026-04-12T11:14:11.631+0000] {processor.py:925} INFO - DAG(s) 'example_python_decorator' retrieved from /home/airflow/.local/lib/python3.12/site-packages/airflow/example_dags/example_python_decorator.py
[2026-04-12T11:14:11.668+0000] {logging_mixin.py:190} INFO - [2026-04-12T11:14:11.668+0000] {dag.py:3239} INFO - Sync 1 DAGs
[2026-04-12T11:14:11.680+0000] {logging_mixin.py:190} INFO - [2026-04-12T11:14:11.680+0000] {dag.py:4180} INFO - Setting next_dagrun for example_python_decorator to None, run_after=None
[2026-04-12T11:14:11.693+0000] {processor.py:208} INFO - Processing /home/airflow/.local/lib/python3.12/site-packages/airflow/example_dags/example_python_decorator.py took 0.100 seconds
[2026-04-12T11:14:42.028+0000] {processor.py:186} INFO - Started process (PID=1552) to work on /home/airflow/.local/lib/python3.12/site-packages/airflow/example_dags/example_python_decorator.py
[2026-04-12T11:14:42.032+0000] {processor.py:914} INFO - Processing file /home/airflow/.local/lib/python3.12/site-packages/airflow/example_dags/example_python_decorator.py for tasks to queue
[2026-04-12T11:14:42.037+0000] {logging_mixin.py:190} INFO - [2026-04-12T11:14:42.036+0000] {dagbag.py:588} INFO - Filling up the DagBag from /home/airflow/.local/lib/python3.12/site-packages/airflow/example_dags/example_python_decorator.py
[2026-04-12T11:14:42.059+0000] {processor.py:925} INFO - DAG(s) 'example_python_decorator' retrieved from /home/airflow/.local/lib/python3.12/site-packages/airflow/example_dags/example_python_decorator.py
[2026-04-12T11:14:42.082+0000] {logging_mixin.py:190} INFO - [2026-04-12T11:14:42.082+0000] {dag.py:3239} INFO - Sync 1 DAGs
[2026-04-12T11:14:42.096+0000] {logging_mixin.py:190} INFO - [2026-04-12T11:14:42.095+0000] {dag.py:4180} INFO - Setting next_dagrun for example_python_decorator to None, run_after=None
[2026-04-12T11:14:42.145+0000] {processor.py:208} INFO - Processing /home/airflow/.local/lib/python3.12/site-packages/airflow/example_dags/example_python_decorator.py took 0.126 seconds
[2026-04-12T11:15:12.647+0000] {processor.py:186} INFO - Started process (PID=1849) to work on /home/airflow/.local/lib/python3.12/site-packages/airflow/example_dags/example_python_decorator.py
[2026-04-12T11:15:12.648+0000] {processor.py:914} INFO - Processing file /home/airflow/.local/lib/python3.12/site-packages/airflow/example_dags/example_python_decorator.py for tasks to queue
[2026-04-12T11:15:12.650+0000] {logging_mixin.py:190} INFO - [2026-04-12T11:15:12.650+0000] {dagbag.py:588} INFO - Filling up the DagBag from /home/airflow/.local/lib/python3.12/site-packages/airflow/example_dags/example_python_decorator.py
[2026-04-12T11:15:12.674+0000] {processor.py:925} INFO - DAG(s) 'example_python_decorator' retrieved from /home/airflow/.local/lib/python3.12/site-packages/airflow/example_dags/example_python_decorator.py
[2026-04-12T11:15:12.695+0000] {logging_mixin.py:190} INFO - [2026-04-12T11:15:12.695+0000] {dag.py:3239} INFO - Sync 1 DAGs
[2026-04-12T11:15:12.709+0000] {logging_mixin.py:190} INFO - [2026-04-12T11:15:12.709+0000] {dag.py:4180} INFO - Setting next_dagrun for example_python_decorator to None, run_after=None
[2026-04-12T11:15:12.726+0000] {processor.py:208} INFO - Processing /home/airflow/.local/lib/python3.12/site-packages/airflow/example_dags/example_python_decorator.py took 0.086 seconds
[2026-04-12T11:15:43.194+0000] {processor.py:186} INFO - Started process (PID=2145) to work on /home/airflow/.local/lib/python3.12/site-packages/airflow/example_dags/example_python_decorator.py
[2026-04-12T11:15:43.195+0000] {processor.py:914} INFO - Processing file /home/airflow/.local/lib/python3.12/site-packages/airflow/example_dags/example_python_decorator.py for tasks to queue
[2026-04-12T11:15:43.199+0000] {logging_mixin.py:190} INFO - [2026-04-12T11:15:43.198+0000] {dagbag.py:588} INFO - Filling up the DagBag from /home/airflow/.local/lib/python3.12/site-packages/airflow/example_dags/example_python_decorator.py
[2026-04-12T11:15:43.219+0000] {processor.py:925} INFO - DAG(s) 'example_python_decorator' retrieved from /home/airflow/.local/lib/python3.12/site-packages/airflow/example_dags/example_python_decorator.py
[2026-04-12T11:15:43.241+0000] {logging_mixin.py:190} INFO - [2026-04-12T11:15:43.241+0000] {dag.py:3239} INFO - Sync 1 DAGs
[2026-04-12T11:15:43.255+0000] {logging_mixin.py:190} INFO - [2026-04-12T11:15:43.255+0000] {dag.py:4180} INFO - Setting next_dagrun for example_python_decorator to None, run_after=None
[2026-04-12T11:15:43.271+0000] {processor.py:208} INFO - Processing /home/airflow/.local/lib/python3.12/site-packages/airflow/example_dags/example_python_decorator.py took 0.086 seconds
[2026-04-12T11:16:13.534+0000] {processor.py:186} INFO - Started process (PID=2441) to work on /home/airflow/.local/lib/python3.12/site-packages/airflow/example_dags/example_python_decorator.py
[2026-04-12T11:16:13.540+0000] {processor.py:914} INFO - Processing file /home/airflow/.local/lib/python3.12/site-packages/airflow/example_dags/example_python_decorator.py for tasks to queue
[2026-04-12T11:16:13.546+0000] {logging_mixin.py:190} INFO - [2026-04-12T11:16:13.546+0000] {dagbag.py:588} INFO - Filling up the DagBag from /home/airflow/.local/lib/python3.12/site-packages/airflow/example_dags/example_python_decorator.py
[2026-04-12T11:16:13.577+0000] {processor.py:925} INFO - DAG(s) 'example_python_decorator' retrieved from /home/airflow/.local/lib/python3.12/site-packages/airflow/example_dags/example_python_decorator.py
[2026-04-12T11:16:13.609+0000] {logging_mixin.py:190} INFO - [2026-04-12T11:16:13.609+0000] {dag.py:3239} INFO - Sync 1 DAGs
[2026-04-12T11:16:13.628+0000] {logging_mixin.py:190} INFO - [2026-04-12T11:16:13.628+0000] {dag.py:4180} INFO - Setting next_dagrun for example_python_decorator to None, run_after=None
[2026-04-12T11:16:13.646+0000] {processor.py:208} INFO - Processing /home/airflow/.local/lib/python3.12/site-packages/airflow/example_dags/example_python_decorator.py took 0.131 seconds
[2026-04-12T11:16:44.522+0000] {processor.py:186} INFO - Started process (PID=2737) to work on /home/airflow/.local/lib/python3.12/site-packages/airflow/example_dags/example_python_decorator.py
[2026-04-12T11:16:44.523+0000] {processor.py:914} INFO - Processing file /home/airflow/.local/lib/python3.12/site-packages/airflow/example_dags/example_python_decorator.py for tasks to queue
[2026-04-12T11:16:44.526+0000] {logging_mixin.py:190} INFO - [2026-04-12T11:16:44.525+0000] {dagbag.py:588} INFO - Filling up the DagBag from /home/airflow/.local/lib/python3.12/site-packages/airflow/example_dags/example_python_decorator.py
[2026-04-12T11:16:44.537+0000] {processor.py:925} INFO - DAG(s) 'example_python_decorator' retrieved from /home/airflow/.local/lib/python3.12/site-packages/airflow/example_dags/example_python_decorator.py
[2026-04-12T11:16:44.551+0000] {logging_mixin.py:190} INFO - [2026-04-12T11:16:44.551+0000] {dag.py:3239} INFO - Sync 1 DAGs
[2026-04-12T11:16:44.561+0000] {logging_mixin.py:190} INFO - [2026-04-12T11:16:44.561+0000] {dag.py:4180} INFO - Setting next_dagrun for example_python_decorator to None, run_after=None
[2026-04-12T11:16:44.573+0000] {processor.py:208} INFO - Processing /home/airflow/.local/lib/python3.12/site-packages/airflow/example_dags/example_python_decorator.py took 0.057 seconds
[2026-04-12T11:17:14.780+0000] {processor.py:186} INFO - Started process (PID=3045) to work on /home/airflow/.local/lib/python3.12/site-packages/airflow/example_dags/example_python_decorator.py
[2026-04-12T11:17:14.786+0000] {processor.py:914} INFO - Processing file /home/airflow/.local/lib/python3.12/site-packages/airflow/example_dags/example_python_decorator.py for tasks to queue
[2026-04-12T11:17:14.804+0000] {logging_mixin.py:190} INFO - [2026-04-12T11:17:14.804+0000] {dagbag.py:588} INFO - Filling up the DagBag from /home/airflow/.local/lib/python3.12/site-packages/airflow/example_dags/example_python_decorator.py
[2026-04-12T11:17:14.863+0000] {processor.py:925} INFO - DAG(s) 'example_python_decorator' retrieved from /home/airflow/.local/lib/python3.12/site-packages/airflow/example_dags/example_python_decorator.py
[2026-04-12T11:17:14.926+0000] {logging_mixin.py:190} INFO - [2026-04-12T11:17:14.926+0000] {dag.py:3239} INFO - Sync 1 DAGs
[2026-04-12T11:17:14.948+0000] {logging_mixin.py:190} INFO - [2026-04-12T11:17:14.947+0000] {dag.py:4180} INFO - Setting next_dagrun for example_python_decorator to None, run_after=None
[2026-04-12T11:17:14.992+0000] {processor.py:208} INFO - Processing /home/airflow/.local/lib/python3.12/site-packages/airflow/example_dags/example_python_decorator.py took 0.279 seconds
[2026-04-12T11:17:45.348+0000] {processor.py:186} INFO - Started process (PID=3341) to work on /home/airflow/.local/lib/python3.12/site-packages/airflow/example_dags/example_python_decorator.py
[2026-04-12T11:17:45.350+0000] {processor.py:914} INFO - Processing file /home/airflow/.local/lib/python3.12/site-packages/airflow/example_dags/example_python_decorator.py for tasks to queue
[2026-04-12T11:17:45.351+0000] {logging_mixin.py:190} INFO - [2026-04-12T11:17:45.351+0000] {dagbag.py:588} INFO - Filling up the DagBag from /home/airflow/.local/lib/python3.12/site-packages/airflow/example_dags/example_python_decorator.py
[2026-04-12T11:17:45.366+0000] {processor.py:925} INFO - DAG(s) 'example_python_decorator' retrieved from /home/airflow/.local/lib/python3.12/site-packages/airflow/example_dags/example_python_decorator.py
[2026-04-12T11:17:45.386+0000] {logging_mixin.py:190} INFO - [2026-04-12T11:17:45.386+0000] {dag.py:3239} INFO - Sync 1 DAGs
[2026-04-12T11:17:45.398+0000] {logging_mixin.py:190} INFO - [2026-04-12T11:17:45.398+0000] {dag.py:4180} INFO - Setting next_dagrun for example_python_decorator to None, run_after=None
[2026-04-12T11:17:45.411+0000] {processor.py:208} INFO - Processing /home/airflow/.local/lib/python3.12/site-packages/airflow/example_dags/example_python_decorator.py took 0.069 seconds
[2026-04-12T11:18:16.153+0000] {processor.py:186} INFO - Started process (PID=3646) to work on /home/airflow/.local/lib/python3.12/site-packages/airflow/example_dags/example_python_decorator.py
[2026-04-12T11:18:16.155+0000] {processor.py:914} INFO - Processing file /home/airflow/.local/lib/python3.12/site-packages/airflow/example_dags/example_python_decorator.py for tasks to queue
[2026-04-12T11:18:16.159+0000] {logging_mixin.py:190} INFO - [2026-04-12T11:18:16.159+0000] {dagbag.py:588} INFO - Filling up the DagBag from /home/airflow/.local/lib/python3.12/site-packages/airflow/example_dags/example_python_decorator.py
[2026-04-12T11:18:16.186+0000] {processor.py:925} INFO - DAG(s) 'example_python_decorator' retrieved from /home/airflow/.local/lib/python3.12/site-packages/airflow/example_dags/example_python_decorator.py
[2026-04-12T11:18:16.214+0000] {logging_mixin.py:190} INFO - [2026-04-12T11:18:16.214+0000] {dag.py:3239} INFO - Sync 1 DAGs
[2026-04-12T11:18:16.231+0000] {logging_mixin.py:190} INFO - [2026-04-12T11:18:16.230+0000] {dag.py:4180} INFO - Setting next_dagrun for example_python_decorator to None, run_after=None
[2026-04-12T11:18:16.249+0000] {processor.py:208} INFO - Processing /home/airflow/.local/lib/python3.12/site-packages/airflow/example_dags/example_python_decorator.py took 0.117 seconds
[2026-04-12T11:18:46.548+0000] {processor.py:186} INFO - Started process (PID=3944) to work on /home/airflow/.local/lib/python3.12/site-packages/airflow/example_dags/example_python_decorator.py
[2026-04-12T11:18:46.550+0000] {processor.py:914} INFO - Processing file /home/airflow/.local/lib/python3.12/site-packages/airflow/example_dags/example_python_decorator.py for tasks to queue
[2026-04-12T11:18:46.553+0000] {logging_mixin.py:190} INFO - [2026-04-12T11:18:46.552+0000] {dagbag.py:588} INFO - Filling up the DagBag from /home/airflow/.local/lib/python3.12/site-packages/airflow/example_dags/example_python_decorator.py
[2026-04-12T11:18:46.565+0000] {processor.py:925} INFO - DAG(s) 'example_python_decorator' retrieved from /home/airflow/.local/lib/python3.12/site-packages/airflow/example_dags/example_python_decorator.py
[2026-04-12T11:18:46.583+0000] {logging_mixin.py:190} INFO - [2026-04-12T11:18:46.582+0000] {dag.py:3239} INFO - Sync 1 DAGs
[2026-04-12T11:18:46.594+0000] {logging_mixin.py:190} INFO - [2026-04-12T11:18:46.593+0000] {dag.py:4180} INFO - Setting next_dagrun for example_python_decorator to None, run_after=None
[2026-04-12T11:18:46.606+0000] {processor.py:208} INFO - Processing /home/airflow/.local/lib/python3.12/site-packages/airflow/example_dags/example_python_decorator.py took 0.064 seconds
[2026-04-12T11:19:16.898+0000] {processor.py:186} INFO - Started process (PID=4255) to work on /home/airflow/.local/lib/python3.12/site-packages/airflow/example_dags/example_python_decorator.py
[2026-04-12T11:19:16.900+0000] {processor.py:914} INFO - Processing file /home/airflow/.local/lib/python3.12/site-packages/airflow/example_dags/example_python_decorator.py for tasks to queue
[2026-04-12T11:19:16.903+0000] {logging_mixin.py:190} INFO - [2026-04-12T11:19:16.903+0000] {dagbag.py:588} INFO - Filling up the DagBag from /home/airflow/.local/lib/python3.12/site-packages/airflow/example_dags/example_python_decorator.py
[2026-04-12T11:19:16.925+0000] {processor.py:925} INFO - DAG(s) 'example_python_decorator' retrieved from /home/airflow/.local/lib/python3.12/site-packages/airflow/example_dags/example_python_decorator.py
[2026-04-12T11:19:16.951+0000] {logging_mixin.py:190} INFO - [2026-04-12T11:19:16.950+0000] {dag.py:3239} INFO - Sync 1 DAGs
[2026-04-12T11:19:16.965+0000] {logging_mixin.py:190} INFO - [2026-04-12T11:19:16.965+0000] {dag.py:4180} INFO - Setting next_dagrun for example_python_decorator to None, run_after=None
[2026-04-12T11:19:16.980+0000] {processor.py:208} INFO - Processing /home/airflow/.local/lib/python3.12/site-packages/airflow/example_dags/example_python_decorator.py took 0.091 seconds
[2026-04-12T11:19:47.757+0000] {processor.py:186} INFO - Started process (PID=4551) to work on /home/airflow/.local/lib/python3.12/site-packages/airflow/example_dags/example_python_decorator.py
[2026-04-12T11:19:47.761+0000] {processor.py:914} INFO - Processing file /home/airflow/.local/lib/python3.12/site-packages/airflow/example_dags/example_python_decorator.py for tasks to queue
[2026-04-12T11:19:47.764+0000] {logging_mixin.py:190} INFO - [2026-04-12T11:19:47.763+0000] {dagbag.py:588} INFO - Filling up the DagBag from /home/airflow/.local/lib/python3.12/site-packages/airflow/example_dags/example_python_decorator.py
[2026-04-12T11:19:47.785+0000] {processor.py:925} INFO - DAG(s) 'example_python_decorator' retrieved from /home/airflow/.local/lib/python3.12/site-packages/airflow/example_dags/example_python_decorator.py
[2026-04-12T11:19:47.811+0000] {logging_mixin.py:190} INFO - [2026-04-12T11:19:47.811+0000] {dag.py:3239} INFO - Sync 1 DAGs
[2026-04-12T11:19:47.826+0000] {logging_mixin.py:190} INFO - [2026-04-12T11:19:47.826+0000] {dag.py:4180} INFO - Setting next_dagrun for example_python_decorator to None, run_after=None
[2026-04-12T11:19:47.840+0000] {processor.py:208} INFO - Processing /home/airflow/.local/lib/python3.12/site-packages/airflow/example_dags/example_python_decorator.py took 0.092 seconds
[2026-04-12T11:20:18.604+0000] {processor.py:186} INFO - Started process (PID=4847) to work on /home/airflow/.local/lib/python3.12/site-packages/airflow/example_dags/example_python_decorator.py
[2026-04-12T11:20:18.605+0000] {processor.py:914} INFO - Processing file /home/airflow/.local/lib/python3.12/site-packages/airflow/example_dags/example_python_decorator.py for tasks to queue
[2026-04-12T11:20:18.607+0000] {logging_mixin.py:190} INFO - [2026-04-12T11:20:18.607+0000] {dagbag.py:588} INFO - Filling up the DagBag from /home/airflow/.local/lib/python3.12/site-packages/airflow/example_dags/example_python_decorator.py
[2026-04-12T11:20:18.619+0000] {processor.py:925} INFO - DAG(s) 'example_python_decorator' retrieved from /home/airflow/.local/lib/python3.12/site-packages/airflow/example_dags/example_python_decorator.py
[2026-04-12T11:20:18.637+0000] {logging_mixin.py:190} INFO - [2026-04-12T11:20:18.636+0000] {dag.py:3239} INFO - Sync 1 DAGs
[2026-04-12T11:20:18.646+0000] {logging_mixin.py:190} INFO - [2026-04-12T11:20:18.646+0000] {dag.py:4180} INFO - Setting next_dagrun for example_python_decorator to None, run_after=None
[2026-04-12T11:20:18.660+0000] {processor.py:208} INFO - Processing /home/airflow/.local/lib/python3.12/site-packages/airflow/example_dags/example_python_decorator.py took 0.062 seconds
[2026-04-12T11:20:48.924+0000] {processor.py:186} INFO - Started process (PID=5143) to work on /home/airflow/.local/lib/python3.12/site-packages/airflow/example_dags/example_python_decorator.py
[2026-04-12T11:20:48.926+0000] {processor.py:914} INFO - Processing file /home/airflow/.local/lib/python3.12/site-packages/airflow/example_dags/example_python_decorator.py for tasks to queue
[2026-04-12T11:20:48.929+0000] {logging_mixin.py:190} INFO - [2026-04-12T11:20:48.929+0000] {dagbag.py:588} INFO - Filling up the DagBag from /home/airflow/.local/lib/python3.12/site-packages/airflow/example_dags/example_python_decorator.py
[2026-04-12T11:20:48.947+0000] {processor.py:925} INFO - DAG(s) 'example_python_decorator' retrieved from /home/airflow/.local/lib/python3.12/site-packages/airflow/example_dags/example_python_decorator.py
[2026-04-12T11:20:48.974+0000] {logging_mixin.py:190} INFO - [2026-04-12T11:20:48.974+0000] {dag.py:3239} INFO - Sync 1 DAGs
[2026-04-12T11:20:48.995+0000] {logging_mixin.py:190} INFO - [2026-04-12T11:20:48.995+0000] {dag.py:4180} INFO - Setting next_dagrun for example_python_decorator to None, run_after=None
[2026-04-12T11:20:49.015+0000] {processor.py:208} INFO - Processing /home/airflow/.local/lib/python3.12/site-packages/airflow/example_dags/example_python_decorator.py took 0.101 seconds
[2026-04-12T11:21:19.857+0000] {processor.py:186} INFO - Started process (PID=5439) to work on /home/airflow/.local/lib/python3.12/site-packages/airflow/example_dags/example_python_decorator.py
[2026-04-12T11:21:19.859+0000] {processor.py:914} INFO - Processing file /home/airflow/.local/lib/python3.12/site-packages/airflow/example_dags/example_python_decorator.py for tasks to queue
[2026-04-12T11:21:19.861+0000] {logging_mixin.py:190} INFO - [2026-04-12T11:21:19.861+0000] {dagbag.py:588} INFO - Filling up the DagBag from /home/airflow/.local/lib/python3.12/site-packages/airflow/example_dags/example_python_decorator.py
[2026-04-12T11:21:19.877+0000] {processor.py:925} INFO - DAG(s) 'example_python_decorator' retrieved from /home/airflow/.local/lib/python3.12/site-packages/airflow/example_dags/example_python_decorator.py
[2026-04-12T11:21:19.892+0000] {logging_mixin.py:190} INFO - [2026-04-12T11:21:19.892+0000] {dag.py:3239} INFO - Sync 1 DAGs
[2026-04-12T11:21:19.902+0000] {logging_mixin.py:190} INFO - [2026-04-12T11:21:19.902+0000] {dag.py:4180} INFO - Setting next_dagrun for example_python_decorator to None, run_after=None
[2026-04-12T11:21:19.916+0000] {processor.py:208} INFO - Processing /home/airflow/.local/lib/python3.12/site-packages/airflow/example_dags/example_python_decorator.py took 0.067 seconds
[2026-04-12T11:21:49.972+0000] {processor.py:186} INFO - Started process (PID=5735) to work on /home/airflow/.local/lib/python3.12/site-packages/airflow/example_dags/example_python_decorator.py
[2026-04-12T11:21:49.973+0000] {processor.py:914} INFO - Processing file /home/airflow/.local/lib/python3.12/site-packages/airflow/example_dags/example_python_decorator.py for tasks to queue
[2026-04-12T11:21:49.975+0000] {logging_mixin.py:190} INFO - [2026-04-12T11:21:49.975+0000] {dagbag.py:588} INFO - Filling up the DagBag from /home/airflow/.local/lib/python3.12/site-packages/airflow/example_dags/example_python_decorator.py
[2026-04-12T11:21:49.990+0000] {processor.py:925} INFO - DAG(s) 'example_python_decorator' retrieved from /home/airflow/.local/lib/python3.12/site-packages/airflow/example_dags/example_python_decorator.py
[2026-04-12T11:21:50.013+0000] {logging_mixin.py:190} INFO - [2026-04-12T11:21:50.013+0000] {dag.py:3239} INFO - Sync 1 DAGs
[2026-04-12T11:21:50.026+0000] {logging_mixin.py:190} INFO - [2026-04-12T11:21:50.026+0000] {dag.py:4180} INFO - Setting next_dagrun for example_python_decorator to None, run_after=None
[2026-04-12T11:21:50.041+0000] {processor.py:208} INFO - Processing /home/airflow/.local/lib/python3.12/site-packages/airflow/example_dags/example_python_decorator.py took 0.076 seconds
[2026-04-12T11:22:21.050+0000] {processor.py:186} INFO - Started process (PID=6031) to work on /home/airflow/.local/lib/python3.12/site-packages/airflow/example_dags/example_python_decorator.py
[2026-04-12T11:22:21.051+0000] {processor.py:914} INFO - Processing file /home/airflow/.local/lib/python3.12/site-packages/airflow/example_dags/example_python_decorator.py for tasks to queue
[2026-04-12T11:22:21.054+0000] {logging_mixin.py:190} INFO - [2026-04-12T11:22:21.053+0000] {dagbag.py:588} INFO - Filling up the DagBag from /home/airflow/.local/lib/python3.12/site-packages/airflow/example_dags/example_python_decorator.py
[2026-04-12T11:22:21.066+0000] {processor.py:925} INFO - DAG(s) 'example_python_decorator' retrieved from /home/airflow/.local/lib/python3.12/site-packages/airflow/example_dags/example_python_decorator.py
[2026-04-12T11:22:21.128+0000] {logging_mixin.py:190} INFO - [2026-04-12T11:22:21.128+0000] {dag.py:3239} INFO - Sync 1 DAGs
[2026-04-12T11:22:21.148+0000] {logging_mixin.py:190} INFO - [2026-04-12T11:22:21.148+0000] {dag.py:4180} INFO - Setting next_dagrun for example_python_decorator to None, run_after=None
[2026-04-12T11:22:21.160+0000] {processor.py:208} INFO - Processing /home/airflow/.local/lib/python3.12/site-packages/airflow/example_dags/example_python_decorator.py took 0.116 seconds
[2026-04-12T11:22:51.272+0000] {processor.py:186} INFO - Started process (PID=6326) to work on /home/airflow/.local/lib/python3.12/site-packages/airflow/example_dags/example_python_decorator.py
[2026-04-12T11:22:51.274+0000] {processor.py:914} INFO - Processing file /home/airflow/.local/lib/python3.12/site-packages/airflow/example_dags/example_python_decorator.py for tasks to queue
[2026-04-12T11:22:51.278+0000] {logging_mixin.py:190} INFO - [2026-04-12T11:22:51.277+0000] {dagbag.py:588} INFO - Filling up the DagBag from /home/airflow/.local/lib/python3.12/site-packages/airflow/example_dags/example_python_decorator.py
[2026-04-12T11:22:51.296+0000] {processor.py:925} INFO - DAG(s) 'example_python_decorator' retrieved from /home/airflow/.local/lib/python3.12/site-packages/airflow/example_dags/example_python_decorator.py
[2026-04-12T11:22:51.315+0000] {logging_mixin.py:190} INFO - [2026-04-12T11:22:51.315+0000] {dag.py:3239} INFO - Sync 1 DAGs
[2026-04-12T11:22:51.329+0000] {logging_mixin.py:190} INFO - [2026-04-12T11:22:51.329+0000] {dag.py:4180} INFO - Setting next_dagrun for example_python_decorator to None, run_after=None
[2026-04-12T11:22:51.342+0000] {processor.py:208} INFO - Processing /home/airflow/.local/lib/python3.12/site-packages/airflow/example_dags/example_python_decorator.py took 0.078 seconds
[2026-04-12T11:23:21.414+0000] {processor.py:186} INFO - Started process (PID=6622) to work on /home/airflow/.local/lib/python3.12/site-packages/airflow/example_dags/example_python_decorator.py
[2026-04-12T11:23:21.415+0000] {processor.py:914} INFO - Processing file /home/airflow/.local/lib/python3.12/site-packages/airflow/example_dags/example_python_decorator.py for tasks to queue
[2026-04-12T11:23:21.417+0000] {logging_mixin.py:190} INFO - [2026-04-12T11:23:21.417+0000] {dagbag.py:588} INFO - Filling up the DagBag from /home/airflow/.local/lib/python3.12/site-packages/airflow/example_dags/example_python_decorator.py
[2026-04-12T11:23:21.426+0000] {processor.py:925} INFO - DAG(s) 'example_python_decorator' retrieved from /home/airflow/.local/lib/python3.12/site-packages/airflow/example_dags/example_python_decorator.py
[2026-04-12T11:23:21.441+0000] {logging_mixin.py:190} INFO - [2026-04-12T11:23:21.441+0000] {dag.py:3239} INFO - Sync 1 DAGs
[2026-04-12T11:23:21.451+0000] {logging_mixin.py:190} INFO - [2026-04-12T11:23:21.451+0000] {dag.py:4180} INFO - Setting next_dagrun for example_python_decorator to None, run_after=None
[2026-04-12T11:23:21.462+0000] {processor.py:208} INFO - Processing /home/airflow/.local/lib/python3.12/site-packages/airflow/example_dags/example_python_decorator.py took 0.054 seconds
[2026-04-12T11:23:52.044+0000] {processor.py:186} INFO - Started process (PID=6918) to work on /home/airflow/.local/lib/python3.12/site-packages/airflow/example_dags/example_python_decorator.py
[2026-04-12T11:23:52.046+0000] {processor.py:914} INFO - Processing file /home/airflow/.local/lib/python3.12/site-packages/airflow/example_dags/example_python_decorator.py for tasks to queue
[2026-04-12T11:23:52.049+0000] {logging_mixin.py:190} INFO - [2026-04-12T11:23:52.049+0000] {dagbag.py:588} INFO - Filling up the DagBag from /home/airflow/.local/lib/python3.12/site-packages/airflow/example_dags/example_python_decorator.py
[2026-04-12T11:23:52.084+0000] {processor.py:925} INFO - DAG(s) 'example_python_decorator' retrieved from /home/airflow/.local/lib/python3.12/site-packages/airflow/example_dags/example_python_decorator.py
[2026-04-12T11:23:52.124+0000] {logging_mixin.py:190} INFO - [2026-04-12T11:23:52.124+0000] {dag.py:3239} INFO - Sync 1 DAGs
[2026-04-12T11:23:52.154+0000] {logging_mixin.py:190} INFO - [2026-04-12T11:23:52.154+0000] {dag.py:4180} INFO - Setting next_dagrun for example_python_decorator to None, run_after=None
[2026-04-12T11:23:52.175+0000] {processor.py:208} INFO - Processing /home/airflow/.local/lib/python3.12/site-packages/airflow/example_dags/example_python_decorator.py took 0.146 seconds
[2026-04-12T11:24:22.297+0000] {processor.py:186} INFO - Started process (PID=7214) to work on /home/airflow/.local/lib/python3.12/site-packages/airflow/example_dags/example_python_decorator.py
[2026-04-12T11:24:22.299+0000] {processor.py:914} INFO - Processing file /home/airflow/.local/lib/python3.12/site-packages/airflow/example_dags/example_python_decorator.py for tasks to queue
[2026-04-12T11:24:22.301+0000] {logging_mixin.py:190} INFO - [2026-04-12T11:24:22.301+0000] {dagbag.py:588} INFO - Filling up the DagBag from /home/airflow/.local/lib/python3.12/site-packages/airflow/example_dags/example_python_decorator.py
[2026-04-12T11:24:22.319+0000] {processor.py:925} INFO - DAG(s) 'example_python_decorator' retrieved from /home/airflow/.local/lib/python3.12/site-packages/airflow/example_dags/example_python_decorator.py
[2026-04-12T11:24:22.340+0000] {logging_mixin.py:190} INFO - [2026-04-12T11:24:22.339+0000] {dag.py:3239} INFO - Sync 1 DAGs
[2026-04-12T11:24:22.352+0000] {logging_mixin.py:190} INFO - [2026-04-12T11:24:22.352+0000] {dag.py:4180} INFO - Setting next_dagrun for example_python_decorator to None, run_after=None
[2026-04-12T11:24:22.365+0000] {processor.py:208} INFO - Processing /home/airflow/.local/lib/python3.12/site-packages/airflow/example_dags/example_python_decorator.py took 0.074 seconds
[2026-04-12T11:24:52.418+0000] {processor.py:186} INFO - Started process (PID=7510) to work on /home/airflow/.local/lib/python3.12/site-packages/airflow/example_dags/example_python_decorator.py
[2026-04-12T11:24:52.421+0000] {processor.py:914} INFO - Processing file /home/airflow/.local/lib/python3.12/site-packages/airflow/example_dags/example_python_decorator.py for tasks to queue
[2026-04-12T11:24:52.425+0000] {logging_mixin.py:190} INFO - [2026-04-12T11:24:52.424+0000] {dagbag.py:588} INFO - Filling up the DagBag from /home/airflow/.local/lib/python3.12/site-packages/airflow/example_dags/example_python_decorator.py
[2026-04-12T11:24:52.441+0000] {processor.py:925} INFO - DAG(s) 'example_python_decorator' retrieved from /home/airflow/.local/lib/python3.12/site-packages/airflow/example_dags/example_python_decorator.py
[2026-04-12T11:24:52.461+0000] {logging_mixin.py:190} INFO - [2026-04-12T11:24:52.461+0000] {dag.py:3239} INFO - Sync 1 DAGs
[2026-04-12T11:24:52.472+0000] {logging_mixin.py:190} INFO - [2026-04-12T11:24:52.472+0000] {dag.py:4180} INFO - Setting next_dagrun for example_python_decorator to None, run_after=None
[2026-04-12T11:24:52.485+0000] {processor.py:208} INFO - Processing /home/airflow/.local/lib/python3.12/site-packages/airflow/example_dags/example_python_decorator.py took 0.076 seconds
[2026-04-12T11:25:23.364+0000] {processor.py:186} INFO - Started process (PID=7806) to work on /home/airflow/.local/lib/python3.12/site-packages/airflow/example_dags/example_python_decorator.py
[2026-04-12T11:25:23.366+0000] {processor.py:914} INFO - Processing file /home/airflow/.local/lib/python3.12/site-packages/airflow/example_dags/example_python_decorator.py for tasks to queue
[2026-04-12T11:25:23.370+0000] {logging_mixin.py:190} INFO - [2026-04-12T11:25:23.369+0000] {dagbag.py:588} INFO - Filling up the DagBag from /home/airflow/.local/lib/python3.12/site-packages/airflow/example_dags/example_python_decorator.py
[2026-04-12T11:25:23.406+0000] {processor.py:925} INFO - DAG(s) 'example_python_decorator' retrieved from /home/airflow/.local/lib/python3.12/site-packages/airflow/example_dags/example_python_decorator.py
[2026-04-12T11:25:23.444+0000] {logging_mixin.py:190} INFO - [2026-04-12T11:25:23.444+0000] {dag.py:3239} INFO - Sync 1 DAGs
[2026-04-12T11:25:23.473+0000] {logging_mixin.py:190} INFO - [2026-04-12T11:25:23.473+0000] {dag.py:4180} INFO - Setting next_dagrun for example_python_decorator to None, run_after=None
[2026-04-12T11:25:23.490+0000] {processor.py:208} INFO - Processing /home/airflow/.local/lib/python3.12/site-packages/airflow/example_dags/example_python_decorator.py took 0.139 seconds
[2026-04-12T11:27:10.712+0000] {processor.py:186} INFO - Started process (PID=8280) to work on /home/airflow/.local/lib/python3.12/site-packages/airflow/example_dags/example_python_decorator.py
[2026-04-12T11:27:10.713+0000] {processor.py:914} INFO - Processing file /home/airflow/.local/lib/python3.12/site-packages/airflow/example_dags/example_python_decorator.py for tasks to queue
[2026-04-12T11:27:10.715+0000] {logging_mixin.py:190} INFO - [2026-04-12T11:27:10.714+0000] {dagbag.py:588} INFO - Filling up the DagBag from /home/airflow/.local/lib/python3.12/site-packages/airflow/example_dags/example_python_decorator.py
[2026-04-12T11:27:10.725+0000] {processor.py:925} INFO - DAG(s) 'example_python_decorator' retrieved from /home/airflow/.local/lib/python3.12/site-packages/airflow/example_dags/example_python_decorator.py
[2026-04-12T11:27:10.742+0000] {logging_mixin.py:190} INFO - [2026-04-12T11:27:10.742+0000] {dag.py:3239} INFO - Sync 1 DAGs
[2026-04-12T11:27:10.753+0000] {logging_mixin.py:190} INFO - [2026-04-12T11:27:10.753+0000] {dag.py:4180} INFO - Setting next_dagrun for example_python_decorator to None, run_after=None
[2026-04-12T11:27:10.766+0000] {processor.py:208} INFO - Processing /home/airflow/.local/lib/python3.12/site-packages/airflow/example_dags/example_python_decorator.py took 0.057 seconds
[2026-04-12T11:29:46.900+0000] {processor.py:186} INFO - Started process (PID=8576) to work on /home/airflow/.local/lib/python3.12/site-packages/airflow/example_dags/example_python_decorator.py
[2026-04-12T11:29:46.901+0000] {processor.py:914} INFO - Processing file /home/airflow/.local/lib/python3.12/site-packages/airflow/example_dags/example_python_decorator.py for tasks to queue
[2026-04-12T11:29:46.902+0000] {logging_mixin.py:190} INFO - [2026-04-12T11:29:46.902+0000] {dagbag.py:588} INFO - Filling up the DagBag from /home/airflow/.local/lib/python3.12/site-packages/airflow/example_dags/example_python_decorator.py
[2026-04-12T11:29:46.912+0000] {processor.py:925} INFO - DAG(s) 'example_python_decorator' retrieved from /home/airflow/.local/lib/python3.12/site-packages/airflow/example_dags/example_python_decorator.py
[2026-04-12T11:29:46.928+0000] {logging_mixin.py:190} INFO - [2026-04-12T11:29:46.928+0000] {dag.py:3239} INFO - Sync 1 DAGs
[2026-04-12T11:29:46.939+0000] {logging_mixin.py:190} INFO - [2026-04-12T11:29:46.939+0000] {dag.py:4180} INFO - Setting next_dagrun for example_python_decorator to None, run_after=None
[2026-04-12T11:29:46.952+0000] {processor.py:208} INFO - Processing /home/airflow/.local/lib/python3.12/site-packages/airflow/example_dags/example_python_decorator.py took 0.056 seconds
[2026-04-12T11:30:18.424+0000] {processor.py:186} INFO - Started process (PID=8872) to work on /home/airflow/.local/lib/python3.12/site-packages/airflow/example_dags/example_python_decorator.py
[2026-04-12T11:30:18.425+0000] {processor.py:914} INFO - Processing file /home/airflow/.local/lib/python3.12/site-packages/airflow/example_dags/example_python_decorator.py for tasks to queue
[2026-04-12T11:30:18.426+0000] {logging_mixin.py:190} INFO - [2026-04-12T11:30:18.426+0000] {dagbag.py:588} INFO - Filling up the DagBag from /home/airflow/.local/lib/python3.12/site-packages/airflow/example_dags/example_python_decorator.py
[2026-04-12T11:30:18.438+0000] {processor.py:925} INFO - DAG(s) 'example_python_decorator' retrieved from /home/airflow/.local/lib/python3.12/site-packages/airflow/example_dags/example_python_decorator.py
[2026-04-12T11:30:18.454+0000] {logging_mixin.py:190} INFO - [2026-04-12T11:30:18.454+0000] {dag.py:3239} INFO - Sync 1 DAGs
[2026-04-12T11:30:18.464+0000] {logging_mixin.py:190} INFO - [2026-04-12T11:30:18.464+0000] {dag.py:4180} INFO - Setting next_dagrun for example_python_decorator to None, run_after=None
[2026-04-12T11:30:18.485+0000] {processor.py:208} INFO - Processing /home/airflow/.local/lib/python3.12/site-packages/airflow/example_dags/example_python_decorator.py took 0.069 seconds
[2026-04-12T11:30:49.783+0000] {processor.py:186} INFO - Started process (PID=9168) to work on /home/airflow/.local/lib/python3.12/site-packages/airflow/example_dags/example_python_decorator.py
[2026-04-12T11:30:49.791+0000] {processor.py:914} INFO - Processing file /home/airflow/.local/lib/python3.12/site-packages/airflow/example_dags/example_python_decorator.py for tasks to queue
[2026-04-12T11:30:49.792+0000] {logging_mixin.py:190} INFO - [2026-04-12T11:30:49.792+0000] {dagbag.py:588} INFO - Filling up the DagBag from /home/airflow/.local/lib/python3.12/site-packages/airflow/example_dags/example_python_decorator.py
[2026-04-12T11:30:49.802+0000] {processor.py:925} INFO - DAG(s) 'example_python_decorator' retrieved from /home/airflow/.local/lib/python3.12/site-packages/airflow/example_dags/example_python_decorator.py
[2026-04-12T11:30:49.816+0000] {logging_mixin.py:190} INFO - [2026-04-12T11:30:49.816+0000] {dag.py:3239} INFO - Sync 1 DAGs
[2026-04-12T11:30:49.826+0000] {logging_mixin.py:190} INFO - [2026-04-12T11:30:49.826+0000] {dag.py:4180} INFO - Setting next_dagrun for example_python_decorator to None, run_after=None
[2026-04-12T11:30:49.840+0000] {processor.py:208} INFO - Processing /home/airflow/.local/lib/python3.12/site-packages/airflow/example_dags/example_python_decorator.py took 0.061 seconds
[2026-04-12T11:31:20.986+0000] {processor.py:186} INFO - Started process (PID=9463) to work on /home/airflow/.local/lib/python3.12/site-packages/airflow/example_dags/example_python_decorator.py
[2026-04-12T11:31:20.990+0000] {processor.py:914} INFO - Processing file /home/airflow/.local/lib/python3.12/site-packages/airflow/example_dags/example_python_decorator.py for tasks to queue
[2026-04-12T11:31:20.991+0000] {logging_mixin.py:190} INFO - [2026-04-12T11:31:20.991+0000] {dagbag.py:588} INFO - Filling up the DagBag from /home/airflow/.local/lib/python3.12/site-packages/airflow/example_dags/example_python_decorator.py
[2026-04-12T11:31:21.006+0000] {processor.py:925} INFO - DAG(s) 'example_python_decorator' retrieved from /home/airflow/.local/lib/python3.12/site-packages/airflow/example_dags/example_python_decorator.py
[2026-04-12T11:31:21.023+0000] {logging_mixin.py:190} INFO - [2026-04-12T11:31:21.023+0000] {dag.py:3239} INFO - Sync 1 DAGs
[2026-04-12T11:31:21.036+0000] {logging_mixin.py:190} INFO - [2026-04-12T11:31:21.036+0000] {dag.py:4180} INFO - Setting next_dagrun for example_python_decorator to None, run_after=None
[2026-04-12T11:31:21.057+0000] {processor.py:208} INFO - Processing /home/airflow/.local/lib/python3.12/site-packages/airflow/example_dags/example_python_decorator.py took 0.077 seconds
[2026-04-12T11:31:52.395+0000] {processor.py:186} INFO - Started process (PID=9759) to work on /home/airflow/.local/lib/python3.12/site-packages/airflow/example_dags/example_python_decorator.py
[2026-04-12T11:31:52.398+0000] {processor.py:914} INFO - Processing file /home/airflow/.local/lib/python3.12/site-packages/airflow/example_dags/example_python_decorator.py for tasks to queue
[2026-04-12T11:31:52.399+0000] {logging_mixin.py:190} INFO - [2026-04-12T11:31:52.399+0000] {dagbag.py:588} INFO - Filling up the DagBag from /home/airflow/.local/lib/python3.12/site-packages/airflow/example_dags/example_python_decorator.py
[2026-04-12T11:31:52.409+0000] {processor.py:925} INFO - DAG(s) 'example_python_decorator' retrieved from /home/airflow/.local/lib/python3.12/site-packages/airflow/example_dags/example_python_decorator.py
[2026-04-12T11:31:52.424+0000] {logging_mixin.py:190} INFO - [2026-04-12T11:31:52.423+0000] {dag.py:3239} INFO - Sync 1 DAGs
[2026-04-12T11:31:52.438+0000] {logging_mixin.py:190} INFO - [2026-04-12T11:31:52.438+0000] {dag.py:4180} INFO - Setting next_dagrun for example_python_decorator to None, run_after=None
[2026-04-12T11:31:52.449+0000] {processor.py:208} INFO - Processing /home/airflow/.local/lib/python3.12/site-packages/airflow/example_dags/example_python_decorator.py took 0.058 seconds
[2026-04-12T11:32:23.747+0000] {processor.py:186} INFO - Started process (PID=10055) to work on /home/airflow/.local/lib/python3.12/site-packages/airflow/example_dags/example_python_decorator.py
[2026-04-12T11:32:23.750+0000] {processor.py:914} INFO - Processing file /home/airflow/.local/lib/python3.12/site-packages/airflow/example_dags/example_python_decorator.py for tasks to queue
[2026-04-12T11:32:23.753+0000] {logging_mixin.py:190} INFO - [2026-04-12T11:32:23.752+0000] {dagbag.py:588} INFO - Filling up the DagBag from /home/airflow/.local/lib/python3.12/site-packages/airflow/example_dags/example_python_decorator.py
[2026-04-12T11:32:23.767+0000] {processor.py:925} INFO - DAG(s) 'example_python_decorator' retrieved from /home/airflow/.local/lib/python3.12/site-packages/airflow/example_dags/example_python_decorator.py
[2026-04-12T11:32:23.794+0000] {logging_mixin.py:190} INFO - [2026-04-12T11:32:23.794+0000] {dag.py:3239} INFO - Sync 1 DAGs
[2026-04-12T11:32:23.810+0000] {logging_mixin.py:190} INFO - [2026-04-12T11:32:23.810+0000] {dag.py:4180} INFO - Setting next_dagrun for example_python_decorator to None, run_after=None
[2026-04-12T11:32:23.831+0000] {processor.py:208} INFO - Processing /home/airflow/.local/lib/python3.12/site-packages/airflow/example_dags/example_python_decorator.py took 0.090 seconds
[2026-04-12T11:32:54.494+0000] {processor.py:186} INFO - Started process (PID=10351) to work on /home/airflow/.local/lib/python3.12/site-packages/airflow/example_dags/example_python_decorator.py
[2026-04-12T11:32:54.495+0000] {processor.py:914} INFO - Processing file /home/airflow/.local/lib/python3.12/site-packages/airflow/example_dags/example_python_decorator.py for tasks to queue
[2026-04-12T11:32:54.496+0000] {logging_mixin.py:190} INFO - [2026-04-12T11:32:54.496+0000] {dagbag.py:588} INFO - Filling up the DagBag from /home/airflow/.local/lib/python3.12/site-packages/airflow/example_dags/example_python_decorator.py
[2026-04-12T11:32:54.505+0000] {processor.py:925} INFO - DAG(s) 'example_python_decorator' retrieved from /home/airflow/.local/lib/python3.12/site-packages/airflow/example_dags/example_python_decorator.py
[2026-04-12T11:32:54.525+0000] {logging_mixin.py:190} INFO - [2026-04-12T11:32:54.525+0000] {dag.py:3239} INFO - Sync 1 DAGs
[2026-04-12T11:32:54.535+0000] {logging_mixin.py:190} INFO - [2026-04-12T11:32:54.535+0000] {dag.py:4180} INFO - Setting next_dagrun for example_python_decorator to None, run_after=None
[2026-04-12T11:32:54.553+0000] {processor.py:208} INFO - Processing /home/airflow/.local/lib/python3.12/site-packages/airflow/example_dags/example_python_decorator.py took 0.063 seconds
[2026-04-12T11:33:25.463+0000] {processor.py:186} INFO - Started process (PID=10647) to work on /home/airflow/.local/lib/python3.12/site-packages/airflow/example_dags/example_python_decorator.py
[2026-04-12T11:33:25.464+0000] {processor.py:914} INFO - Processing file /home/airflow/.local/lib/python3.12/site-packages/airflow/example_dags/example_python_decorator.py for tasks to queue
[2026-04-12T11:33:25.466+0000] {logging_mixin.py:190} INFO - [2026-04-12T11:33:25.466+0000] {dagbag.py:588} INFO - Filling up the DagBag from /home/airflow/.local/lib/python3.12/site-packages/airflow/example_dags/example_python_decorator.py
[2026-04-12T11:33:25.478+0000] {processor.py:925} INFO - DAG(s) 'example_python_decorator' retrieved from /home/airflow/.local/lib/python3.12/site-packages/airflow/example_dags/example_python_decorator.py
[2026-04-12T11:33:25.492+0000] {logging_mixin.py:190} INFO - [2026-04-12T11:33:25.492+0000] {dag.py:3239} INFO - Sync 1 DAGs
[2026-04-12T11:33:25.501+0000] {logging_mixin.py:190} INFO - [2026-04-12T11:33:25.501+0000] {dag.py:4180} INFO - Setting next_dagrun for example_python_decorator to None, run_after=None
[2026-04-12T11:33:25.520+0000] {processor.py:208} INFO - Processing /home/airflow/.local/lib/python3.12/site-packages/airflow/example_dags/example_python_decorator.py took 0.061 seconds
[2026-04-12T11:33:56.453+0000] {processor.py:186} INFO - Started process (PID=10948) to work on /home/airflow/.local/lib/python3.12/site-packages/airflow/example_dags/example_python_decorator.py
[2026-04-12T11:33:56.454+0000] {processor.py:914} INFO - Processing file /home/airflow/.local/lib/python3.12/site-packages/airflow/example_dags/example_python_decorator.py for tasks to queue
[2026-04-12T11:33:56.456+0000] {logging_mixin.py:190} INFO - [2026-04-12T11:33:56.456+0000] {dagbag.py:588} INFO - Filling up the DagBag from /home/airflow/.local/lib/python3.12/site-packages/airflow/example_dags/example_python_decorator.py
[2026-04-12T11:33:56.468+0000] {processor.py:925} INFO - DAG(s) 'example_python_decorator' retrieved from /home/airflow/.local/lib/python3.12/site-packages/airflow/example_dags/example_python_decorator.py
[2026-04-12T11:33:56.482+0000] {logging_mixin.py:190} INFO - [2026-04-12T11:33:56.482+0000] {dag.py:3239} INFO - Sync 1 DAGs
[2026-04-12T11:33:56.491+0000] {logging_mixin.py:190} INFO - [2026-04-12T11:33:56.491+0000] {dag.py:4180} INFO - Setting next_dagrun for example_python_decorator to None, run_after=None
[2026-04-12T11:33:56.508+0000] {processor.py:208} INFO - Processing /home/airflow/.local/lib/python3.12/site-packages/airflow/example_dags/example_python_decorator.py took 0.059 seconds
[2026-04-12T11:34:27.508+0000] {processor.py:186} INFO - Started process (PID=11246) to work on /home/airflow/.local/lib/python3.12/site-packages/airflow/example_dags/example_python_decorator.py
[2026-04-12T11:34:27.510+0000] {processor.py:914} INFO - Processing file /home/airflow/.local/lib/python3.12/site-packages/airflow/example_dags/example_python_decorator.py for tasks to queue
[2026-04-12T11:34:27.511+0000] {logging_mixin.py:190} INFO - [2026-04-12T11:34:27.511+0000] {dagbag.py:588} INFO - Filling up the DagBag from /home/airflow/.local/lib/python3.12/site-packages/airflow/example_dags/example_python_decorator.py
[2026-04-12T11:34:27.524+0000] {processor.py:925} INFO - DAG(s) 'example_python_decorator' retrieved from /home/airflow/.local/lib/python3.12/site-packages/airflow/example_dags/example_python_decorator.py
[2026-04-12T11:34:27.542+0000] {logging_mixin.py:190} INFO - [2026-04-12T11:34:27.542+0000] {dag.py:3239} INFO - Sync 1 DAGs
[2026-04-12T11:34:27.554+0000] {logging_mixin.py:190} INFO - [2026-04-12T11:34:27.554+0000] {dag.py:4180} INFO - Setting next_dagrun for example_python_decorator to None, run_after=None
[2026-04-12T11:34:27.574+0000] {processor.py:208} INFO - Processing /home/airflow/.local/lib/python3.12/site-packages/airflow/example_dags/example_python_decorator.py took 0.074 seconds
[2026-04-12T11:34:58.166+0000] {processor.py:186} INFO - Started process (PID=11539) to work on /home/airflow/.local/lib/python3.12/site-packages/airflow/example_dags/example_python_decorator.py
[2026-04-12T11:34:58.168+0000] {processor.py:914} INFO - Processing file /home/airflow/.local/lib/python3.12/site-packages/airflow/example_dags/example_python_decorator.py for tasks to queue
[2026-04-12T11:34:58.172+0000] {logging_mixin.py:190} INFO - [2026-04-12T11:34:58.171+0000] {dagbag.py:588} INFO - Filling up the DagBag from /home/airflow/.local/lib/python3.12/site-packages/airflow/example_dags/example_python_decorator.py
[2026-04-12T11:34:58.181+0000] {processor.py:925} INFO - DAG(s) 'example_python_decorator' retrieved from /home/airflow/.local/lib/python3.12/site-packages/airflow/example_dags/example_python_decorator.py
[2026-04-12T11:34:58.196+0000] {logging_mixin.py:190} INFO - [2026-04-12T11:34:58.195+0000] {dag.py:3239} INFO - Sync 1 DAGs
[2026-04-12T11:34:58.205+0000] {logging_mixin.py:190} INFO - [2026-04-12T11:34:58.205+0000] {dag.py:4180} INFO - Setting next_dagrun for example_python_decorator to None, run_after=None
[2026-04-12T11:34:58.228+0000] {processor.py:208} INFO - Processing /home/airflow/.local/lib/python3.12/site-packages/airflow/example_dags/example_python_decorator.py took 0.067 seconds
