[2026-04-12T11:12:29.546+0000] {processor.py:186} INFO - Started process (PID=220) to work on /home/airflow/.local/lib/python3.12/site-packages/airflow/example_dags/example_branch_labels.py
[2026-04-12T11:12:29.547+0000] {processor.py:914} INFO - Processing file /home/airflow/.local/lib/python3.12/site-packages/airflow/example_dags/example_branch_labels.py for tasks to queue
[2026-04-12T11:12:29.549+0000] {logging_mixin.py:190} INFO - [2026-04-12T11:12:29.549+0000] {dagbag.py:588} INFO - Filling up the DagBag from /home/airflow/.local/lib/python3.12/site-packages/airflow/example_dags/example_branch_labels.py
[2026-04-12T11:12:29.562+0000] {processor.py:925} INFO - DAG(s) 'example_branch_labels' retrieved from /home/airflow/.local/lib/python3.12/site-packages/airflow/example_dags/example_branch_labels.py
[2026-04-12T11:12:29.666+0000] {logging_mixin.py:190} INFO - [2026-04-12T11:12:29.666+0000] {override.py:1912} INFO - Created Permission View: can edit on DAG:example_branch_labels
[2026-04-12T11:12:29.674+0000] {logging_mixin.py:190} INFO - [2026-04-12T11:12:29.674+0000] {override.py:1912} INFO - Created Permission View: can delete on DAG:example_branch_labels
[2026-04-12T11:12:29.678+0000] {logging_mixin.py:190} INFO - [2026-04-12T11:12:29.678+0000] {override.py:1912} INFO - Created Permission View: can read on DAG:example_branch_labels
[2026-04-12T11:12:29.683+0000] {logging_mixin.py:190} INFO - [2026-04-12T11:12:29.683+0000] {override.py:1912} INFO - Created Permission View: can delete on DAG Run:example_branch_labels
[2026-04-12T11:12:29.687+0000] {logging_mixin.py:190} INFO - [2026-04-12T11:12:29.687+0000] {override.py:1912} INFO - Created Permission View: can create on DAG Run:example_branch_labels
[2026-04-12T11:12:29.691+0000] {logging_mixin.py:190} INFO - [2026-04-12T11:12:29.691+0000] {override.py:1912} INFO - Created Permission View: can read on DAG Run:example_branch_labels
[2026-04-12T11:12:29.695+0000] {logging_mixin.py:190} INFO - [2026-04-12T11:12:29.695+0000] {override.py:1912} INFO - Created Permission View: menu access on DAG Run:example_branch_labels
[2026-04-12T11:12:29.696+0000] {logging_mixin.py:190} INFO - [2026-04-12T11:12:29.695+0000] {dag.py:3239} INFO - Sync 1 DAGs
[2026-04-12T11:12:29.705+0000] {logging_mixin.py:190} INFO - [2026-04-12T11:12:29.705+0000] {dag.py:3262} INFO - Creating ORM DAG for example_branch_labels
[2026-04-12T11:12:29.715+0000] {logging_mixin.py:190} INFO - [2026-04-12T11:12:29.715+0000] {dag.py:4180} INFO - Setting next_dagrun for example_branch_labels to 2026-04-11 00:00:00+00:00, run_after=2026-04-12 00:00:00+00:00
[2026-04-12T11:12:29.726+0000] {processor.py:208} INFO - Processing /home/airflow/.local/lib/python3.12/site-packages/airflow/example_dags/example_branch_labels.py took 0.185 seconds
[2026-04-12T11:13:00.575+0000] {processor.py:186} INFO - Started process (PID=516) to work on /home/airflow/.local/lib/python3.12/site-packages/airflow/example_dags/example_branch_labels.py
[2026-04-12T11:13:00.576+0000] {processor.py:914} INFO - Processing file /home/airflow/.local/lib/python3.12/site-packages/airflow/example_dags/example_branch_labels.py for tasks to queue
[2026-04-12T11:13:00.578+0000] {logging_mixin.py:190} INFO - [2026-04-12T11:13:00.578+0000] {dagbag.py:588} INFO - Filling up the DagBag from /home/airflow/.local/lib/python3.12/site-packages/airflow/example_dags/example_branch_labels.py
[2026-04-12T11:13:00.590+0000] {processor.py:925} INFO - DAG(s) 'example_branch_labels' retrieved from /home/airflow/.local/lib/python3.12/site-packages/airflow/example_dags/example_branch_labels.py
[2026-04-12T11:13:00.611+0000] {logging_mixin.py:190} INFO - [2026-04-12T11:13:00.610+0000] {dag.py:3239} INFO - Sync 1 DAGs
[2026-04-12T11:13:00.630+0000] {logging_mixin.py:190} INFO - [2026-04-12T11:13:00.629+0000] {dag.py:4180} INFO - Setting next_dagrun for example_branch_labels to 2026-04-11 00:00:00+00:00, run_after=2026-04-12 00:00:00+00:00
[2026-04-12T11:13:00.647+0000] {processor.py:208} INFO - Processing /home/airflow/.local/lib/python3.12/site-packages/airflow/example_dags/example_branch_labels.py took 0.078 seconds
[2026-04-12T11:13:31.072+0000] {processor.py:186} INFO - Started process (PID=820) to work on /home/airflow/.local/lib/python3.12/site-packages/airflow/example_dags/example_branch_labels.py
[2026-04-12T11:13:31.073+0000] {processor.py:914} INFO - Processing file /home/airflow/.local/lib/python3.12/site-packages/airflow/example_dags/example_branch_labels.py for tasks to queue
[2026-04-12T11:13:31.074+0000] {logging_mixin.py:190} INFO - [2026-04-12T11:13:31.074+0000] {dagbag.py:588} INFO - Filling up the DagBag from /home/airflow/.local/lib/python3.12/site-packages/airflow/example_dags/example_branch_labels.py
[2026-04-12T11:13:31.081+0000] {processor.py:925} INFO - DAG(s) 'example_branch_labels' retrieved from /home/airflow/.local/lib/python3.12/site-packages/airflow/example_dags/example_branch_labels.py
[2026-04-12T11:13:31.100+0000] {logging_mixin.py:190} INFO - [2026-04-12T11:13:31.100+0000] {dag.py:3239} INFO - Sync 1 DAGs
[2026-04-12T11:13:31.124+0000] {logging_mixin.py:190} INFO - [2026-04-12T11:13:31.124+0000] {dag.py:4180} INFO - Setting next_dagrun for example_branch_labels to 2026-04-11 00:00:00+00:00, run_after=2026-04-12 00:00:00+00:00
[2026-04-12T11:13:31.136+0000] {processor.py:208} INFO - Processing /home/airflow/.local/lib/python3.12/site-packages/airflow/example_dags/example_branch_labels.py took 0.069 seconds
[2026-04-12T11:14:01.797+0000] {processor.py:186} INFO - Started process (PID=1114) to work on /home/airflow/.local/lib/python3.12/site-packages/airflow/example_dags/example_branch_labels.py
[2026-04-12T11:14:01.801+0000] {processor.py:914} INFO - Processing file /home/airflow/.local/lib/python3.12/site-packages/airflow/example_dags/example_branch_labels.py for tasks to queue
[2026-04-12T11:14:01.803+0000] {logging_mixin.py:190} INFO - [2026-04-12T11:14:01.803+0000] {dagbag.py:588} INFO - Filling up the DagBag from /home/airflow/.local/lib/python3.12/site-packages/airflow/example_dags/example_branch_labels.py
[2026-04-12T11:14:01.814+0000] {processor.py:925} INFO - DAG(s) 'example_branch_labels' retrieved from /home/airflow/.local/lib/python3.12/site-packages/airflow/example_dags/example_branch_labels.py
[2026-04-12T11:14:01.838+0000] {logging_mixin.py:190} INFO - [2026-04-12T11:14:01.838+0000] {dag.py:3239} INFO - Sync 1 DAGs
[2026-04-12T11:14:01.863+0000] {logging_mixin.py:190} INFO - [2026-04-12T11:14:01.863+0000] {dag.py:4180} INFO - Setting next_dagrun for example_branch_labels to 2026-04-11 00:00:00+00:00, run_after=2026-04-12 00:00:00+00:00
[2026-04-12T11:14:01.876+0000] {processor.py:208} INFO - Processing /home/airflow/.local/lib/python3.12/site-packages/airflow/example_dags/example_branch_labels.py took 0.085 seconds
[2026-04-12T11:14:32.352+0000] {processor.py:186} INFO - Started process (PID=1410) to work on /home/airflow/.local/lib/python3.12/site-packages/airflow/example_dags/example_branch_labels.py
[2026-04-12T11:14:32.353+0000] {processor.py:914} INFO - Processing file /home/airflow/.local/lib/python3.12/site-packages/airflow/example_dags/example_branch_labels.py for tasks to queue
[2026-04-12T11:14:32.356+0000] {logging_mixin.py:190} INFO - [2026-04-12T11:14:32.356+0000] {dagbag.py:588} INFO - Filling up the DagBag from /home/airflow/.local/lib/python3.12/site-packages/airflow/example_dags/example_branch_labels.py
[2026-04-12T11:14:32.368+0000] {processor.py:925} INFO - DAG(s) 'example_branch_labels' retrieved from /home/airflow/.local/lib/python3.12/site-packages/airflow/example_dags/example_branch_labels.py
[2026-04-12T11:14:32.415+0000] {logging_mixin.py:190} INFO - [2026-04-12T11:14:32.414+0000] {dag.py:3239} INFO - Sync 1 DAGs
[2026-04-12T11:14:32.436+0000] {logging_mixin.py:190} INFO - [2026-04-12T11:14:32.436+0000] {dag.py:4180} INFO - Setting next_dagrun for example_branch_labels to 2026-04-11 00:00:00+00:00, run_after=2026-04-12 00:00:00+00:00
[2026-04-12T11:14:32.459+0000] {processor.py:208} INFO - Processing /home/airflow/.local/lib/python3.12/site-packages/airflow/example_dags/example_branch_labels.py took 0.111 seconds
[2026-04-12T11:15:02.825+0000] {processor.py:186} INFO - Started process (PID=1707) to work on /home/airflow/.local/lib/python3.12/site-packages/airflow/example_dags/example_branch_labels.py
[2026-04-12T11:15:02.826+0000] {processor.py:914} INFO - Processing file /home/airflow/.local/lib/python3.12/site-packages/airflow/example_dags/example_branch_labels.py for tasks to queue
[2026-04-12T11:15:02.829+0000] {logging_mixin.py:190} INFO - [2026-04-12T11:15:02.828+0000] {dagbag.py:588} INFO - Filling up the DagBag from /home/airflow/.local/lib/python3.12/site-packages/airflow/example_dags/example_branch_labels.py
[2026-04-12T11:15:02.839+0000] {processor.py:925} INFO - DAG(s) 'example_branch_labels' retrieved from /home/airflow/.local/lib/python3.12/site-packages/airflow/example_dags/example_branch_labels.py
[2026-04-12T11:15:02.858+0000] {logging_mixin.py:190} INFO - [2026-04-12T11:15:02.858+0000] {dag.py:3239} INFO - Sync 1 DAGs
[2026-04-12T11:15:02.875+0000] {logging_mixin.py:190} INFO - [2026-04-12T11:15:02.875+0000] {dag.py:4180} INFO - Setting next_dagrun for example_branch_labels to 2026-04-11 00:00:00+00:00, run_after=2026-04-12 00:00:00+00:00
[2026-04-12T11:15:02.886+0000] {processor.py:208} INFO - Processing /home/airflow/.local/lib/python3.12/site-packages/airflow/example_dags/example_branch_labels.py took 0.070 seconds
[2026-04-12T11:15:33.256+0000] {processor.py:186} INFO - Started process (PID=2003) to work on /home/airflow/.local/lib/python3.12/site-packages/airflow/example_dags/example_branch_labels.py
[2026-04-12T11:15:33.257+0000] {processor.py:914} INFO - Processing file /home/airflow/.local/lib/python3.12/site-packages/airflow/example_dags/example_branch_labels.py for tasks to queue
[2026-04-12T11:15:33.259+0000] {logging_mixin.py:190} INFO - [2026-04-12T11:15:33.259+0000] {dagbag.py:588} INFO - Filling up the DagBag from /home/airflow/.local/lib/python3.12/site-packages/airflow/example_dags/example_branch_labels.py
[2026-04-12T11:15:33.267+0000] {processor.py:925} INFO - DAG(s) 'example_branch_labels' retrieved from /home/airflow/.local/lib/python3.12/site-packages/airflow/example_dags/example_branch_labels.py
[2026-04-12T11:15:33.287+0000] {logging_mixin.py:190} INFO - [2026-04-12T11:15:33.287+0000] {dag.py:3239} INFO - Sync 1 DAGs
[2026-04-12T11:15:33.308+0000] {logging_mixin.py:190} INFO - [2026-04-12T11:15:33.308+0000] {dag.py:4180} INFO - Setting next_dagrun for example_branch_labels to 2026-04-11 00:00:00+00:00, run_after=2026-04-12 00:00:00+00:00
[2026-04-12T11:15:33.321+0000] {processor.py:208} INFO - Processing /home/airflow/.local/lib/python3.12/site-packages/airflow/example_dags/example_branch_labels.py took 0.071 seconds
[2026-04-12T11:16:03.383+0000] {processor.py:186} INFO - Started process (PID=2299) to work on /home/airflow/.local/lib/python3.12/site-packages/airflow/example_dags/example_branch_labels.py
[2026-04-12T11:16:03.384+0000] {processor.py:914} INFO - Processing file /home/airflow/.local/lib/python3.12/site-packages/airflow/example_dags/example_branch_labels.py for tasks to queue
[2026-04-12T11:16:03.386+0000] {logging_mixin.py:190} INFO - [2026-04-12T11:16:03.386+0000] {dagbag.py:588} INFO - Filling up the DagBag from /home/airflow/.local/lib/python3.12/site-packages/airflow/example_dags/example_branch_labels.py
[2026-04-12T11:16:03.397+0000] {processor.py:925} INFO - DAG(s) 'example_branch_labels' retrieved from /home/airflow/.local/lib/python3.12/site-packages/airflow/example_dags/example_branch_labels.py
[2026-04-12T11:16:03.421+0000] {logging_mixin.py:190} INFO - [2026-04-12T11:16:03.421+0000] {dag.py:3239} INFO - Sync 1 DAGs
[2026-04-12T11:16:03.440+0000] {logging_mixin.py:190} INFO - [2026-04-12T11:16:03.440+0000] {dag.py:4180} INFO - Setting next_dagrun for example_branch_labels to 2026-04-11 00:00:00+00:00, run_after=2026-04-12 00:00:00+00:00
[2026-04-12T11:16:03.451+0000] {processor.py:208} INFO - Processing /home/airflow/.local/lib/python3.12/site-packages/airflow/example_dags/example_branch_labels.py took 0.075 seconds
[2026-04-12T11:16:33.838+0000] {processor.py:186} INFO - Started process (PID=2590) to work on /home/airflow/.local/lib/python3.12/site-packages/airflow/example_dags/example_branch_labels.py
[2026-04-12T11:16:33.839+0000] {processor.py:914} INFO - Processing file /home/airflow/.local/lib/python3.12/site-packages/airflow/example_dags/example_branch_labels.py for tasks to queue
[2026-04-12T11:16:33.841+0000] {logging_mixin.py:190} INFO - [2026-04-12T11:16:33.841+0000] {dagbag.py:588} INFO - Filling up the DagBag from /home/airflow/.local/lib/python3.12/site-packages/airflow/example_dags/example_branch_labels.py
[2026-04-12T11:16:33.848+0000] {processor.py:925} INFO - DAG(s) 'example_branch_labels' retrieved from /home/airflow/.local/lib/python3.12/site-packages/airflow/example_dags/example_branch_labels.py
[2026-04-12T11:16:33.863+0000] {logging_mixin.py:190} INFO - [2026-04-12T11:16:33.863+0000] {dag.py:3239} INFO - Sync 1 DAGs
[2026-04-12T11:16:33.886+0000] {logging_mixin.py:190} INFO - [2026-04-12T11:16:33.886+0000] {dag.py:4180} INFO - Setting next_dagrun for example_branch_labels to 2026-04-11 00:00:00+00:00, run_after=2026-04-12 00:00:00+00:00
[2026-04-12T11:16:33.910+0000] {processor.py:208} INFO - Processing /home/airflow/.local/lib/python3.12/site-packages/airflow/example_dags/example_branch_labels.py took 0.076 seconds
[2026-04-12T11:17:04.166+0000] {processor.py:186} INFO - Started process (PID=2903) to work on /home/airflow/.local/lib/python3.12/site-packages/airflow/example_dags/example_branch_labels.py
[2026-04-12T11:17:04.166+0000] {processor.py:914} INFO - Processing file /home/airflow/.local/lib/python3.12/site-packages/airflow/example_dags/example_branch_labels.py for tasks to queue
[2026-04-12T11:17:04.168+0000] {logging_mixin.py:190} INFO - [2026-04-12T11:17:04.168+0000] {dagbag.py:588} INFO - Filling up the DagBag from /home/airflow/.local/lib/python3.12/site-packages/airflow/example_dags/example_branch_labels.py
[2026-04-12T11:17:04.175+0000] {processor.py:925} INFO - DAG(s) 'example_branch_labels' retrieved from /home/airflow/.local/lib/python3.12/site-packages/airflow/example_dags/example_branch_labels.py
[2026-04-12T11:17:04.191+0000] {logging_mixin.py:190} INFO - [2026-04-12T11:17:04.191+0000] {dag.py:3239} INFO - Sync 1 DAGs
[2026-04-12T11:17:04.211+0000] {logging_mixin.py:190} INFO - [2026-04-12T11:17:04.211+0000] {dag.py:4180} INFO - Setting next_dagrun for example_branch_labels to 2026-04-11 00:00:00+00:00, run_after=2026-04-12 00:00:00+00:00
[2026-04-12T11:17:04.222+0000] {processor.py:208} INFO - Processing /home/airflow/.local/lib/python3.12/site-packages/airflow/example_dags/example_branch_labels.py took 0.061 seconds
[2026-04-12T11:17:35.021+0000] {processor.py:186} INFO - Started process (PID=3201) to work on /home/airflow/.local/lib/python3.12/site-packages/airflow/example_dags/example_branch_labels.py
[2026-04-12T11:17:35.022+0000] {processor.py:914} INFO - Processing file /home/airflow/.local/lib/python3.12/site-packages/airflow/example_dags/example_branch_labels.py for tasks to queue
[2026-04-12T11:17:35.023+0000] {logging_mixin.py:190} INFO - [2026-04-12T11:17:35.023+0000] {dagbag.py:588} INFO - Filling up the DagBag from /home/airflow/.local/lib/python3.12/site-packages/airflow/example_dags/example_branch_labels.py
[2026-04-12T11:17:35.030+0000] {processor.py:925} INFO - DAG(s) 'example_branch_labels' retrieved from /home/airflow/.local/lib/python3.12/site-packages/airflow/example_dags/example_branch_labels.py
[2026-04-12T11:17:35.043+0000] {logging_mixin.py:190} INFO - [2026-04-12T11:17:35.043+0000] {dag.py:3239} INFO - Sync 1 DAGs
[2026-04-12T11:17:35.057+0000] {logging_mixin.py:190} INFO - [2026-04-12T11:17:35.057+0000] {dag.py:4180} INFO - Setting next_dagrun for example_branch_labels to 2026-04-11 00:00:00+00:00, run_after=2026-04-12 00:00:00+00:00
[2026-04-12T11:17:35.067+0000] {processor.py:208} INFO - Processing /home/airflow/.local/lib/python3.12/site-packages/airflow/example_dags/example_branch_labels.py took 0.050 seconds
[2026-04-12T11:18:06.411+0000] {processor.py:186} INFO - Started process (PID=3498) to work on /home/airflow/.local/lib/python3.12/site-packages/airflow/example_dags/example_branch_labels.py
[2026-04-12T11:18:06.412+0000] {processor.py:914} INFO - Processing file /home/airflow/.local/lib/python3.12/site-packages/airflow/example_dags/example_branch_labels.py for tasks to queue
[2026-04-12T11:18:06.419+0000] {logging_mixin.py:190} INFO - [2026-04-12T11:18:06.418+0000] {dagbag.py:588} INFO - Filling up the DagBag from /home/airflow/.local/lib/python3.12/site-packages/airflow/example_dags/example_branch_labels.py
[2026-04-12T11:18:06.439+0000] {processor.py:925} INFO - DAG(s) 'example_branch_labels' retrieved from /home/airflow/.local/lib/python3.12/site-packages/airflow/example_dags/example_branch_labels.py
[2026-04-12T11:18:06.470+0000] {logging_mixin.py:190} INFO - [2026-04-12T11:18:06.470+0000] {dag.py:3239} INFO - Sync 1 DAGs
[2026-04-12T11:18:06.524+0000] {logging_mixin.py:190} INFO - [2026-04-12T11:18:06.522+0000] {dag.py:4180} INFO - Setting next_dagrun for example_branch_labels to 2026-04-11 00:00:00+00:00, run_after=2026-04-12 00:00:00+00:00
[2026-04-12T11:18:06.572+0000] {processor.py:208} INFO - Processing /home/airflow/.local/lib/python3.12/site-packages/airflow/example_dags/example_branch_labels.py took 0.171 seconds
[2026-04-12T11:18:36.987+0000] {processor.py:186} INFO - Started process (PID=3799) to work on /home/airflow/.local/lib/python3.12/site-packages/airflow/example_dags/example_branch_labels.py
[2026-04-12T11:18:36.990+0000] {processor.py:914} INFO - Processing file /home/airflow/.local/lib/python3.12/site-packages/airflow/example_dags/example_branch_labels.py for tasks to queue
[2026-04-12T11:18:36.992+0000] {logging_mixin.py:190} INFO - [2026-04-12T11:18:36.992+0000] {dagbag.py:588} INFO - Filling up the DagBag from /home/airflow/.local/lib/python3.12/site-packages/airflow/example_dags/example_branch_labels.py
[2026-04-12T11:18:36.999+0000] {processor.py:925} INFO - DAG(s) 'example_branch_labels' retrieved from /home/airflow/.local/lib/python3.12/site-packages/airflow/example_dags/example_branch_labels.py
[2026-04-12T11:18:37.021+0000] {logging_mixin.py:190} INFO - [2026-04-12T11:18:37.021+0000] {dag.py:3239} INFO - Sync 1 DAGs
[2026-04-12T11:18:37.041+0000] {logging_mixin.py:190} INFO - [2026-04-12T11:18:37.041+0000] {dag.py:4180} INFO - Setting next_dagrun for example_branch_labels to 2026-04-11 00:00:00+00:00, run_after=2026-04-12 00:00:00+00:00
[2026-04-12T11:18:37.056+0000] {processor.py:208} INFO - Processing /home/airflow/.local/lib/python3.12/site-packages/airflow/example_dags/example_branch_labels.py took 0.073 seconds
[2026-04-12T11:19:07.452+0000] {processor.py:186} INFO - Started process (PID=4108) to work on /home/airflow/.local/lib/python3.12/site-packages/airflow/example_dags/example_branch_labels.py
[2026-04-12T11:19:07.454+0000] {processor.py:914} INFO - Processing file /home/airflow/.local/lib/python3.12/site-packages/airflow/example_dags/example_branch_labels.py for tasks to queue
[2026-04-12T11:19:07.456+0000] {logging_mixin.py:190} INFO - [2026-04-12T11:19:07.456+0000] {dagbag.py:588} INFO - Filling up the DagBag from /home/airflow/.local/lib/python3.12/site-packages/airflow/example_dags/example_branch_labels.py
[2026-04-12T11:19:07.466+0000] {processor.py:925} INFO - DAG(s) 'example_branch_labels' retrieved from /home/airflow/.local/lib/python3.12/site-packages/airflow/example_dags/example_branch_labels.py
[2026-04-12T11:19:07.486+0000] {logging_mixin.py:190} INFO - [2026-04-12T11:19:07.486+0000] {dag.py:3239} INFO - Sync 1 DAGs
[2026-04-12T11:19:07.504+0000] {logging_mixin.py:190} INFO - [2026-04-12T11:19:07.503+0000] {dag.py:4180} INFO - Setting next_dagrun for example_branch_labels to 2026-04-11 00:00:00+00:00, run_after=2026-04-12 00:00:00+00:00
[2026-04-12T11:19:07.516+0000] {processor.py:208} INFO - Processing /home/airflow/.local/lib/python3.12/site-packages/airflow/example_dags/example_branch_labels.py took 0.069 seconds
[2026-04-12T11:19:38.300+0000] {processor.py:186} INFO - Started process (PID=4404) to work on /home/airflow/.local/lib/python3.12/site-packages/airflow/example_dags/example_branch_labels.py
[2026-04-12T11:19:38.302+0000] {processor.py:914} INFO - Processing file /home/airflow/.local/lib/python3.12/site-packages/airflow/example_dags/example_branch_labels.py for tasks to queue
[2026-04-12T11:19:38.303+0000] {logging_mixin.py:190} INFO - [2026-04-12T11:19:38.303+0000] {dagbag.py:588} INFO - Filling up the DagBag from /home/airflow/.local/lib/python3.12/site-packages/airflow/example_dags/example_branch_labels.py
[2026-04-12T11:19:38.313+0000] {processor.py:925} INFO - DAG(s) 'example_branch_labels' retrieved from /home/airflow/.local/lib/python3.12/site-packages/airflow/example_dags/example_branch_labels.py
[2026-04-12T11:19:38.331+0000] {logging_mixin.py:190} INFO - [2026-04-12T11:19:38.331+0000] {dag.py:3239} INFO - Sync 1 DAGs
[2026-04-12T11:19:38.349+0000] {logging_mixin.py:190} INFO - [2026-04-12T11:19:38.349+0000] {dag.py:4180} INFO - Setting next_dagrun for example_branch_labels to 2026-04-11 00:00:00+00:00, run_after=2026-04-12 00:00:00+00:00
[2026-04-12T11:19:38.362+0000] {processor.py:208} INFO - Processing /home/airflow/.local/lib/python3.12/site-packages/airflow/example_dags/example_branch_labels.py took 0.066 seconds
[2026-04-12T11:20:09.226+0000] {processor.py:186} INFO - Started process (PID=4700) to work on /home/airflow/.local/lib/python3.12/site-packages/airflow/example_dags/example_branch_labels.py
[2026-04-12T11:20:09.227+0000] {processor.py:914} INFO - Processing file /home/airflow/.local/lib/python3.12/site-packages/airflow/example_dags/example_branch_labels.py for tasks to queue
[2026-04-12T11:20:09.230+0000] {logging_mixin.py:190} INFO - [2026-04-12T11:20:09.229+0000] {dagbag.py:588} INFO - Filling up the DagBag from /home/airflow/.local/lib/python3.12/site-packages/airflow/example_dags/example_branch_labels.py
[2026-04-12T11:20:09.237+0000] {processor.py:925} INFO - DAG(s) 'example_branch_labels' retrieved from /home/airflow/.local/lib/python3.12/site-packages/airflow/example_dags/example_branch_labels.py
[2026-04-12T11:20:09.254+0000] {logging_mixin.py:190} INFO - [2026-04-12T11:20:09.253+0000] {dag.py:3239} INFO - Sync 1 DAGs
[2026-04-12T11:20:09.269+0000] {logging_mixin.py:190} INFO - [2026-04-12T11:20:09.269+0000] {dag.py:4180} INFO - Setting next_dagrun for example_branch_labels to 2026-04-11 00:00:00+00:00, run_after=2026-04-12 00:00:00+00:00
[2026-04-12T11:20:09.279+0000] {processor.py:208} INFO - Processing /home/airflow/.local/lib/python3.12/site-packages/airflow/example_dags/example_branch_labels.py took 0.058 seconds
[2026-04-12T11:20:40.097+0000] {processor.py:186} INFO - Started process (PID=4996) to work on /home/airflow/.local/lib/python3.12/site-packages/airflow/example_dags/example_branch_labels.py
[2026-04-12T11:20:40.099+0000] {processor.py:914} INFO - Processing file /home/airflow/.local/lib/python3.12/site-packages/airflow/example_dags/example_branch_labels.py for tasks to queue
[2026-04-12T11:20:40.112+0000] {logging_mixin.py:190} INFO - [2026-04-12T11:20:40.107+0000] {dagbag.py:588} INFO - Filling up the DagBag from /home/airflow/.local/lib/python3.12/site-packages/airflow/example_dags/example_branch_labels.py
[2026-04-12T11:20:40.130+0000] {processor.py:925} INFO - DAG(s) 'example_branch_labels' retrieved from /home/airflow/.local/lib/python3.12/site-packages/airflow/example_dags/example_branch_labels.py
[2026-04-12T11:20:40.173+0000] {logging_mixin.py:190} INFO - [2026-04-12T11:20:40.172+0000] {dag.py:3239} INFO - Sync 1 DAGs
[2026-04-12T11:20:40.217+0000] {logging_mixin.py:190} INFO - [2026-04-12T11:20:40.216+0000] {dag.py:4180} INFO - Setting next_dagrun for example_branch_labels to 2026-04-11 00:00:00+00:00, run_after=2026-04-12 00:00:00+00:00
[2026-04-12T11:20:40.244+0000] {processor.py:208} INFO - Processing /home/airflow/.local/lib/python3.12/site-packages/airflow/example_dags/example_branch_labels.py took 0.155 seconds
[2026-04-12T11:21:10.811+0000] {processor.py:186} INFO - Started process (PID=5294) to work on /home/airflow/.local/lib/python3.12/site-packages/airflow/example_dags/example_branch_labels.py
[2026-04-12T11:21:10.811+0000] {processor.py:914} INFO - Processing file /home/airflow/.local/lib/python3.12/site-packages/airflow/example_dags/example_branch_labels.py for tasks to queue
[2026-04-12T11:21:10.813+0000] {logging_mixin.py:190} INFO - [2026-04-12T11:21:10.813+0000] {dagbag.py:588} INFO - Filling up the DagBag from /home/airflow/.local/lib/python3.12/site-packages/airflow/example_dags/example_branch_labels.py
[2026-04-12T11:21:10.820+0000] {processor.py:925} INFO - DAG(s) 'example_branch_labels' retrieved from /home/airflow/.local/lib/python3.12/site-packages/airflow/example_dags/example_branch_labels.py
[2026-04-12T11:21:10.842+0000] {logging_mixin.py:190} INFO - [2026-04-12T11:21:10.842+0000] {dag.py:3239} INFO - Sync 1 DAGs
[2026-04-12T11:21:10.859+0000] {logging_mixin.py:190} INFO - [2026-04-12T11:21:10.859+0000] {dag.py:4180} INFO - Setting next_dagrun for example_branch_labels to 2026-04-11 00:00:00+00:00, run_after=2026-04-12 00:00:00+00:00
[2026-04-12T11:21:10.877+0000] {processor.py:208} INFO - Processing /home/airflow/.local/lib/python3.12/site-packages/airflow/example_dags/example_branch_labels.py took 0.072 seconds
[2026-04-12T11:21:41.439+0000] {processor.py:186} INFO - Started process (PID=5588) to work on /home/airflow/.local/lib/python3.12/site-packages/airflow/example_dags/example_branch_labels.py
[2026-04-12T11:21:41.443+0000] {processor.py:914} INFO - Processing file /home/airflow/.local/lib/python3.12/site-packages/airflow/example_dags/example_branch_labels.py for tasks to queue
[2026-04-12T11:21:41.445+0000] {logging_mixin.py:190} INFO - [2026-04-12T11:21:41.445+0000] {dagbag.py:588} INFO - Filling up the DagBag from /home/airflow/.local/lib/python3.12/site-packages/airflow/example_dags/example_branch_labels.py
[2026-04-12T11:21:41.451+0000] {processor.py:925} INFO - DAG(s) 'example_branch_labels' retrieved from /home/airflow/.local/lib/python3.12/site-packages/airflow/example_dags/example_branch_labels.py
[2026-04-12T11:21:41.476+0000] {logging_mixin.py:190} INFO - [2026-04-12T11:21:41.476+0000] {dag.py:3239} INFO - Sync 1 DAGs
[2026-04-12T11:21:41.493+0000] {logging_mixin.py:190} INFO - [2026-04-12T11:21:41.493+0000] {dag.py:4180} INFO - Setting next_dagrun for example_branch_labels to 2026-04-11 00:00:00+00:00, run_after=2026-04-12 00:00:00+00:00
[2026-04-12T11:21:41.505+0000] {processor.py:208} INFO - Processing /home/airflow/.local/lib/python3.12/site-packages/airflow/example_dags/example_branch_labels.py took 0.070 seconds
[2026-04-12T11:22:11.682+0000] {processor.py:186} INFO - Started process (PID=5884) to work on /home/airflow/.local/lib/python3.12/site-packages/airflow/example_dags/example_branch_labels.py
[2026-04-12T11:22:11.683+0000] {processor.py:914} INFO - Processing file /home/airflow/.local/lib/python3.12/site-packages/airflow/example_dags/example_branch_labels.py for tasks to queue
[2026-04-12T11:22:11.685+0000] {logging_mixin.py:190} INFO - [2026-04-12T11:22:11.685+0000] {dagbag.py:588} INFO - Filling up the DagBag from /home/airflow/.local/lib/python3.12/site-packages/airflow/example_dags/example_branch_labels.py
[2026-04-12T11:22:11.693+0000] {processor.py:925} INFO - DAG(s) 'example_branch_labels' retrieved from /home/airflow/.local/lib/python3.12/site-packages/airflow/example_dags/example_branch_labels.py
[2026-04-12T11:22:11.717+0000] {logging_mixin.py:190} INFO - [2026-04-12T11:22:11.716+0000] {dag.py:3239} INFO - Sync 1 DAGs
[2026-04-12T11:22:11.734+0000] {logging_mixin.py:190} INFO - [2026-04-12T11:22:11.734+0000] {dag.py:4180} INFO - Setting next_dagrun for example_branch_labels to 2026-04-11 00:00:00+00:00, run_after=2026-04-12 00:00:00+00:00
[2026-04-12T11:22:11.751+0000] {processor.py:208} INFO - Processing /home/airflow/.local/lib/python3.12/site-packages/airflow/example_dags/example_branch_labels.py took 0.074 seconds
[2026-04-12T11:22:41.850+0000] {processor.py:186} INFO - Started process (PID=6179) to work on /home/airflow/.local/lib/python3.12/site-packages/airflow/example_dags/example_branch_labels.py
[2026-04-12T11:22:41.851+0000] {processor.py:914} INFO - Processing file /home/airflow/.local/lib/python3.12/site-packages/airflow/example_dags/example_branch_labels.py for tasks to queue
[2026-04-12T11:22:41.852+0000] {logging_mixin.py:190} INFO - [2026-04-12T11:22:41.852+0000] {dagbag.py:588} INFO - Filling up the DagBag from /home/airflow/.local/lib/python3.12/site-packages/airflow/example_dags/example_branch_labels.py
[2026-04-12T11:22:41.859+0000] {processor.py:925} INFO - DAG(s) 'example_branch_labels' retrieved from /home/airflow/.local/lib/python3.12/site-packages/airflow/example_dags/example_branch_labels.py
[2026-04-12T11:22:41.879+0000] {logging_mixin.py:190} INFO - [2026-04-12T11:22:41.879+0000] {dag.py:3239} INFO - Sync 1 DAGs
[2026-04-12T11:22:41.896+0000] {logging_mixin.py:190} INFO - [2026-04-12T11:22:41.896+0000] {dag.py:4180} INFO - Setting next_dagrun for example_branch_labels to 2026-04-11 00:00:00+00:00, run_after=2026-04-12 00:00:00+00:00
[2026-04-12T11:22:41.908+0000] {processor.py:208} INFO - Processing /home/airflow/.local/lib/python3.12/site-packages/airflow/example_dags/example_branch_labels.py took 0.062 seconds
[2026-04-12T11:23:12.929+0000] {processor.py:186} INFO - Started process (PID=6477) to work on /home/airflow/.local/lib/python3.12/site-packages/airflow/example_dags/example_branch_labels.py
[2026-04-12T11:23:12.930+0000] {processor.py:914} INFO - Processing file /home/airflow/.local/lib/python3.12/site-packages/airflow/example_dags/example_branch_labels.py for tasks to queue
[2026-04-12T11:23:12.931+0000] {logging_mixin.py:190} INFO - [2026-04-12T11:23:12.931+0000] {dagbag.py:588} INFO - Filling up the DagBag from /home/airflow/.local/lib/python3.12/site-packages/airflow/example_dags/example_branch_labels.py
[2026-04-12T11:23:12.937+0000] {processor.py:925} INFO - DAG(s) 'example_branch_labels' retrieved from /home/airflow/.local/lib/python3.12/site-packages/airflow/example_dags/example_branch_labels.py
[2026-04-12T11:23:12.953+0000] {logging_mixin.py:190} INFO - [2026-04-12T11:23:12.953+0000] {dag.py:3239} INFO - Sync 1 DAGs
[2026-04-12T11:23:12.978+0000] {logging_mixin.py:190} INFO - [2026-04-12T11:23:12.978+0000] {dag.py:4180} INFO - Setting next_dagrun for example_branch_labels to 2026-04-11 00:00:00+00:00, run_after=2026-04-12 00:00:00+00:00
[2026-04-12T11:23:12.993+0000] {processor.py:208} INFO - Processing /home/airflow/.local/lib/python3.12/site-packages/airflow/example_dags/example_branch_labels.py took 0.068 seconds
[2026-04-12T11:23:43.649+0000] {processor.py:186} INFO - Started process (PID=6773) to work on /home/airflow/.local/lib/python3.12/site-packages/airflow/example_dags/example_branch_labels.py
[2026-04-12T11:23:43.650+0000] {processor.py:914} INFO - Processing file /home/airflow/.local/lib/python3.12/site-packages/airflow/example_dags/example_branch_labels.py for tasks to queue
[2026-04-12T11:23:43.652+0000] {logging_mixin.py:190} INFO - [2026-04-12T11:23:43.652+0000] {dagbag.py:588} INFO - Filling up the DagBag from /home/airflow/.local/lib/python3.12/site-packages/airflow/example_dags/example_branch_labels.py
[2026-04-12T11:23:43.658+0000] {processor.py:925} INFO - DAG(s) 'example_branch_labels' retrieved from /home/airflow/.local/lib/python3.12/site-packages/airflow/example_dags/example_branch_labels.py
[2026-04-12T11:23:43.681+0000] {logging_mixin.py:190} INFO - [2026-04-12T11:23:43.681+0000] {dag.py:3239} INFO - Sync 1 DAGs
[2026-04-12T11:23:43.703+0000] {logging_mixin.py:190} INFO - [2026-04-12T11:23:43.703+0000] {dag.py:4180} INFO - Setting next_dagrun for example_branch_labels to 2026-04-11 00:00:00+00:00, run_after=2026-04-12 00:00:00+00:00
[2026-04-12T11:23:43.715+0000] {processor.py:208} INFO - Processing /home/airflow/.local/lib/python3.12/site-packages/airflow/example_dags/example_branch_labels.py took 0.070 seconds
[2026-04-12T11:24:13.951+0000] {processor.py:186} INFO - Started process (PID=7069) to work on /home/airflow/.local/lib/python3.12/site-packages/airflow/example_dags/example_branch_labels.py
[2026-04-12T11:24:13.952+0000] {processor.py:914} INFO - Processing file /home/airflow/.local/lib/python3.12/site-packages/airflow/example_dags/example_branch_labels.py for tasks to queue
[2026-04-12T11:24:13.953+0000] {logging_mixin.py:190} INFO - [2026-04-12T11:24:13.953+0000] {dagbag.py:588} INFO - Filling up the DagBag from /home/airflow/.local/lib/python3.12/site-packages/airflow/example_dags/example_branch_labels.py
[2026-04-12T11:24:13.959+0000] {processor.py:925} INFO - DAG(s) 'example_branch_labels' retrieved from /home/airflow/.local/lib/python3.12/site-packages/airflow/example_dags/example_branch_labels.py
[2026-04-12T11:24:13.972+0000] {logging_mixin.py:190} INFO - [2026-04-12T11:24:13.972+0000] {dag.py:3239} INFO - Sync 1 DAGs
[2026-04-12T11:24:13.986+0000] {logging_mixin.py:190} INFO - [2026-04-12T11:24:13.986+0000] {dag.py:4180} INFO - Setting next_dagrun for example_branch_labels to 2026-04-11 00:00:00+00:00, run_after=2026-04-12 00:00:00+00:00
[2026-04-12T11:24:13.996+0000] {processor.py:208} INFO - Processing /home/airflow/.local/lib/python3.12/site-packages/airflow/example_dags/example_branch_labels.py took 0.049 seconds
[2026-04-12T11:24:44.964+0000] {processor.py:186} INFO - Started process (PID=7363) to work on /home/airflow/.local/lib/python3.12/site-packages/airflow/example_dags/example_branch_labels.py
[2026-04-12T11:24:44.965+0000] {processor.py:914} INFO - Processing file /home/airflow/.local/lib/python3.12/site-packages/airflow/example_dags/example_branch_labels.py for tasks to queue
[2026-04-12T11:24:44.966+0000] {logging_mixin.py:190} INFO - [2026-04-12T11:24:44.966+0000] {dagbag.py:588} INFO - Filling up the DagBag from /home/airflow/.local/lib/python3.12/site-packages/airflow/example_dags/example_branch_labels.py
[2026-04-12T11:24:44.973+0000] {processor.py:925} INFO - DAG(s) 'example_branch_labels' retrieved from /home/airflow/.local/lib/python3.12/site-packages/airflow/example_dags/example_branch_labels.py
[2026-04-12T11:24:44.987+0000] {logging_mixin.py:190} INFO - [2026-04-12T11:24:44.987+0000] {dag.py:3239} INFO - Sync 1 DAGs
[2026-04-12T11:24:45.003+0000] {logging_mixin.py:190} INFO - [2026-04-12T11:24:45.003+0000] {dag.py:4180} INFO - Setting next_dagrun for example_branch_labels to 2026-04-11 00:00:00+00:00, run_after=2026-04-12 00:00:00+00:00
[2026-04-12T11:24:45.013+0000] {processor.py:208} INFO - Processing /home/airflow/.local/lib/python3.12/site-packages/airflow/example_dags/example_branch_labels.py took 0.053 seconds
[2026-04-12T11:25:15.119+0000] {processor.py:186} INFO - Started process (PID=7659) to work on /home/airflow/.local/lib/python3.12/site-packages/airflow/example_dags/example_branch_labels.py
[2026-04-12T11:25:15.120+0000] {processor.py:914} INFO - Processing file /home/airflow/.local/lib/python3.12/site-packages/airflow/example_dags/example_branch_labels.py for tasks to queue
[2026-04-12T11:25:15.122+0000] {logging_mixin.py:190} INFO - [2026-04-12T11:25:15.122+0000] {dagbag.py:588} INFO - Filling up the DagBag from /home/airflow/.local/lib/python3.12/site-packages/airflow/example_dags/example_branch_labels.py
[2026-04-12T11:25:15.130+0000] {processor.py:925} INFO - DAG(s) 'example_branch_labels' retrieved from /home/airflow/.local/lib/python3.12/site-packages/airflow/example_dags/example_branch_labels.py
[2026-04-12T11:25:15.151+0000] {logging_mixin.py:190} INFO - [2026-04-12T11:25:15.150+0000] {dag.py:3239} INFO - Sync 1 DAGs
[2026-04-12T11:25:15.165+0000] {logging_mixin.py:190} INFO - [2026-04-12T11:25:15.165+0000] {dag.py:4180} INFO - Setting next_dagrun for example_branch_labels to 2026-04-11 00:00:00+00:00, run_after=2026-04-12 00:00:00+00:00
[2026-04-12T11:25:15.176+0000] {processor.py:208} INFO - Processing /home/airflow/.local/lib/python3.12/site-packages/airflow/example_dags/example_branch_labels.py took 0.063 seconds
[2026-04-12T11:25:45.320+0000] {processor.py:186} INFO - Started process (PID=7952) to work on /home/airflow/.local/lib/python3.12/site-packages/airflow/example_dags/example_branch_labels.py
[2026-04-12T11:25:45.321+0000] {processor.py:914} INFO - Processing file /home/airflow/.local/lib/python3.12/site-packages/airflow/example_dags/example_branch_labels.py for tasks to queue
[2026-04-12T11:25:45.322+0000] {logging_mixin.py:190} INFO - [2026-04-12T11:25:45.322+0000] {dagbag.py:588} INFO - Filling up the DagBag from /home/airflow/.local/lib/python3.12/site-packages/airflow/example_dags/example_branch_labels.py
[2026-04-12T11:25:45.329+0000] {processor.py:925} INFO - DAG(s) 'example_branch_labels' retrieved from /home/airflow/.local/lib/python3.12/site-packages/airflow/example_dags/example_branch_labels.py
[2026-04-12T11:25:45.346+0000] {logging_mixin.py:190} INFO - [2026-04-12T11:25:45.346+0000] {dag.py:3239} INFO - Sync 1 DAGs
[2026-04-12T11:25:45.363+0000] {logging_mixin.py:190} INFO - [2026-04-12T11:25:45.362+0000] {dag.py:4180} INFO - Setting next_dagrun for example_branch_labels to 2026-04-11 00:00:00+00:00, run_after=2026-04-12 00:00:00+00:00
[2026-04-12T11:25:45.374+0000] {processor.py:208} INFO - Processing /home/airflow/.local/lib/python3.12/site-packages/airflow/example_dags/example_branch_labels.py took 0.060 seconds
[2026-04-12T11:27:09.084+0000] {processor.py:186} INFO - Started process (PID=8132) to work on /home/airflow/.local/lib/python3.12/site-packages/airflow/example_dags/example_branch_labels.py
[2026-04-12T11:27:09.086+0000] {processor.py:914} INFO - Processing file /home/airflow/.local/lib/python3.12/site-packages/airflow/example_dags/example_branch_labels.py for tasks to queue
[2026-04-12T11:27:09.088+0000] {logging_mixin.py:190} INFO - [2026-04-12T11:27:09.087+0000] {dagbag.py:588} INFO - Filling up the DagBag from /home/airflow/.local/lib/python3.12/site-packages/airflow/example_dags/example_branch_labels.py
[2026-04-12T11:27:09.097+0000] {processor.py:925} INFO - DAG(s) 'example_branch_labels' retrieved from /home/airflow/.local/lib/python3.12/site-packages/airflow/example_dags/example_branch_labels.py
[2026-04-12T11:27:09.119+0000] {logging_mixin.py:190} INFO - [2026-04-12T11:27:09.118+0000] {dag.py:3239} INFO - Sync 1 DAGs
[2026-04-12T11:27:09.135+0000] {logging_mixin.py:190} INFO - [2026-04-12T11:27:09.135+0000] {dag.py:4180} INFO - Setting next_dagrun for example_branch_labels to 2026-04-11 00:00:00+00:00, run_after=2026-04-12 00:00:00+00:00
[2026-04-12T11:27:09.149+0000] {processor.py:208} INFO - Processing /home/airflow/.local/lib/python3.12/site-packages/airflow/example_dags/example_branch_labels.py took 0.069 seconds
[2026-04-12T11:29:45.037+0000] {processor.py:186} INFO - Started process (PID=8428) to work on /home/airflow/.local/lib/python3.12/site-packages/airflow/example_dags/example_branch_labels.py
[2026-04-12T11:29:45.038+0000] {processor.py:914} INFO - Processing file /home/airflow/.local/lib/python3.12/site-packages/airflow/example_dags/example_branch_labels.py for tasks to queue
[2026-04-12T11:29:45.039+0000] {logging_mixin.py:190} INFO - [2026-04-12T11:29:45.039+0000] {dagbag.py:588} INFO - Filling up the DagBag from /home/airflow/.local/lib/python3.12/site-packages/airflow/example_dags/example_branch_labels.py
[2026-04-12T11:29:45.045+0000] {processor.py:925} INFO - DAG(s) 'example_branch_labels' retrieved from /home/airflow/.local/lib/python3.12/site-packages/airflow/example_dags/example_branch_labels.py
[2026-04-12T11:29:45.059+0000] {logging_mixin.py:190} INFO - [2026-04-12T11:29:45.059+0000] {dag.py:3239} INFO - Sync 1 DAGs
[2026-04-12T11:29:45.073+0000] {logging_mixin.py:190} INFO - [2026-04-12T11:29:45.073+0000] {dag.py:4180} INFO - Setting next_dagrun for example_branch_labels to 2026-04-11 00:00:00+00:00, run_after=2026-04-12 00:00:00+00:00
[2026-04-12T11:29:45.088+0000] {processor.py:208} INFO - Processing /home/airflow/.local/lib/python3.12/site-packages/airflow/example_dags/example_branch_labels.py took 0.055 seconds
[2026-04-12T11:30:15.334+0000] {processor.py:186} INFO - Started process (PID=8722) to work on /home/airflow/.local/lib/python3.12/site-packages/airflow/example_dags/example_branch_labels.py
[2026-04-12T11:30:15.335+0000] {processor.py:914} INFO - Processing file /home/airflow/.local/lib/python3.12/site-packages/airflow/example_dags/example_branch_labels.py for tasks to queue
[2026-04-12T11:30:15.337+0000] {logging_mixin.py:190} INFO - [2026-04-12T11:30:15.336+0000] {dagbag.py:588} INFO - Filling up the DagBag from /home/airflow/.local/lib/python3.12/site-packages/airflow/example_dags/example_branch_labels.py
[2026-04-12T11:30:15.343+0000] {processor.py:925} INFO - DAG(s) 'example_branch_labels' retrieved from /home/airflow/.local/lib/python3.12/site-packages/airflow/example_dags/example_branch_labels.py
[2026-04-12T11:30:15.359+0000] {logging_mixin.py:190} INFO - [2026-04-12T11:30:15.359+0000] {dag.py:3239} INFO - Sync 1 DAGs
[2026-04-12T11:30:15.377+0000] {logging_mixin.py:190} INFO - [2026-04-12T11:30:15.377+0000] {dag.py:4180} INFO - Setting next_dagrun for example_branch_labels to 2026-04-11 00:00:00+00:00, run_after=2026-04-12 00:00:00+00:00
[2026-04-12T11:30:15.390+0000] {processor.py:208} INFO - Processing /home/airflow/.local/lib/python3.12/site-packages/airflow/example_dags/example_branch_labels.py took 0.060 seconds
[2026-04-12T11:30:45.703+0000] {processor.py:186} INFO - Started process (PID=9018) to work on /home/airflow/.local/lib/python3.12/site-packages/airflow/example_dags/example_branch_labels.py
[2026-04-12T11:30:45.704+0000] {processor.py:914} INFO - Processing file /home/airflow/.local/lib/python3.12/site-packages/airflow/example_dags/example_branch_labels.py for tasks to queue
[2026-04-12T11:30:45.705+0000] {logging_mixin.py:190} INFO - [2026-04-12T11:30:45.705+0000] {dagbag.py:588} INFO - Filling up the DagBag from /home/airflow/.local/lib/python3.12/site-packages/airflow/example_dags/example_branch_labels.py
[2026-04-12T11:30:45.713+0000] {processor.py:925} INFO - DAG(s) 'example_branch_labels' retrieved from /home/airflow/.local/lib/python3.12/site-packages/airflow/example_dags/example_branch_labels.py
[2026-04-12T11:30:45.734+0000] {logging_mixin.py:190} INFO - [2026-04-12T11:30:45.734+0000] {dag.py:3239} INFO - Sync 1 DAGs
[2026-04-12T11:30:45.778+0000] {logging_mixin.py:190} INFO - [2026-04-12T11:30:45.778+0000] {dag.py:4180} INFO - Setting next_dagrun for example_branch_labels to 2026-04-11 00:00:00+00:00, run_after=2026-04-12 00:00:00+00:00
[2026-04-12T11:30:45.813+0000] {processor.py:208} INFO - Processing /home/airflow/.local/lib/python3.12/site-packages/airflow/example_dags/example_branch_labels.py took 0.116 seconds
[2026-04-12T11:31:16.043+0000] {processor.py:186} INFO - Started process (PID=9315) to work on /home/airflow/.local/lib/python3.12/site-packages/airflow/example_dags/example_branch_labels.py
[2026-04-12T11:31:16.044+0000] {processor.py:914} INFO - Processing file /home/airflow/.local/lib/python3.12/site-packages/airflow/example_dags/example_branch_labels.py for tasks to queue
[2026-04-12T11:31:16.046+0000] {logging_mixin.py:190} INFO - [2026-04-12T11:31:16.046+0000] {dagbag.py:588} INFO - Filling up the DagBag from /home/airflow/.local/lib/python3.12/site-packages/airflow/example_dags/example_branch_labels.py
[2026-04-12T11:31:16.055+0000] {processor.py:925} INFO - DAG(s) 'example_branch_labels' retrieved from /home/airflow/.local/lib/python3.12/site-packages/airflow/example_dags/example_branch_labels.py
[2026-04-12T11:31:16.077+0000] {logging_mixin.py:190} INFO - [2026-04-12T11:31:16.077+0000] {dag.py:3239} INFO - Sync 1 DAGs
[2026-04-12T11:31:16.103+0000] {logging_mixin.py:190} INFO - [2026-04-12T11:31:16.103+0000] {dag.py:4180} INFO - Setting next_dagrun for example_branch_labels to 2026-04-11 00:00:00+00:00, run_after=2026-04-12 00:00:00+00:00
[2026-04-12T11:31:16.120+0000] {processor.py:208} INFO - Processing /home/airflow/.local/lib/python3.12/site-packages/airflow/example_dags/example_branch_labels.py took 0.082 seconds
[2026-04-12T11:31:46.428+0000] {processor.py:186} INFO - Started process (PID=9609) to work on /home/airflow/.local/lib/python3.12/site-packages/airflow/example_dags/example_branch_labels.py
[2026-04-12T11:31:46.429+0000] {processor.py:914} INFO - Processing file /home/airflow/.local/lib/python3.12/site-packages/airflow/example_dags/example_branch_labels.py for tasks to queue
[2026-04-12T11:31:46.431+0000] {logging_mixin.py:190} INFO - [2026-04-12T11:31:46.431+0000] {dagbag.py:588} INFO - Filling up the DagBag from /home/airflow/.local/lib/python3.12/site-packages/airflow/example_dags/example_branch_labels.py
[2026-04-12T11:31:46.443+0000] {processor.py:925} INFO - DAG(s) 'example_branch_labels' retrieved from /home/airflow/.local/lib/python3.12/site-packages/airflow/example_dags/example_branch_labels.py
[2026-04-12T11:31:46.462+0000] {logging_mixin.py:190} INFO - [2026-04-12T11:31:46.462+0000] {dag.py:3239} INFO - Sync 1 DAGs
[2026-04-12T11:31:46.479+0000] {logging_mixin.py:190} INFO - [2026-04-12T11:31:46.479+0000] {dag.py:4180} INFO - Setting next_dagrun for example_branch_labels to 2026-04-11 00:00:00+00:00, run_after=2026-04-12 00:00:00+00:00
[2026-04-12T11:31:46.500+0000] {processor.py:208} INFO - Processing /home/airflow/.local/lib/python3.12/site-packages/airflow/example_dags/example_branch_labels.py took 0.080 seconds
[2026-04-12T11:32:17.529+0000] {processor.py:186} INFO - Started process (PID=9907) to work on /home/airflow/.local/lib/python3.12/site-packages/airflow/example_dags/example_branch_labels.py
[2026-04-12T11:32:17.530+0000] {processor.py:914} INFO - Processing file /home/airflow/.local/lib/python3.12/site-packages/airflow/example_dags/example_branch_labels.py for tasks to queue
[2026-04-12T11:32:17.531+0000] {logging_mixin.py:190} INFO - [2026-04-12T11:32:17.531+0000] {dagbag.py:588} INFO - Filling up the DagBag from /home/airflow/.local/lib/python3.12/site-packages/airflow/example_dags/example_branch_labels.py
[2026-04-12T11:32:17.538+0000] {processor.py:925} INFO - DAG(s) 'example_branch_labels' retrieved from /home/airflow/.local/lib/python3.12/site-packages/airflow/example_dags/example_branch_labels.py
[2026-04-12T11:32:17.553+0000] {logging_mixin.py:190} INFO - [2026-04-12T11:32:17.552+0000] {dag.py:3239} INFO - Sync 1 DAGs
[2026-04-12T11:32:17.567+0000] {logging_mixin.py:190} INFO - [2026-04-12T11:32:17.567+0000] {dag.py:4180} INFO - Setting next_dagrun for example_branch_labels to 2026-04-11 00:00:00+00:00, run_after=2026-04-12 00:00:00+00:00
[2026-04-12T11:32:17.577+0000] {processor.py:208} INFO - Processing /home/airflow/.local/lib/python3.12/site-packages/airflow/example_dags/example_branch_labels.py took 0.054 seconds
[2026-04-12T11:32:48.605+0000] {processor.py:186} INFO - Started process (PID=10201) to work on /home/airflow/.local/lib/python3.12/site-packages/airflow/example_dags/example_branch_labels.py
[2026-04-12T11:32:48.608+0000] {processor.py:914} INFO - Processing file /home/airflow/.local/lib/python3.12/site-packages/airflow/example_dags/example_branch_labels.py for tasks to queue
[2026-04-12T11:32:48.610+0000] {logging_mixin.py:190} INFO - [2026-04-12T11:32:48.610+0000] {dagbag.py:588} INFO - Filling up the DagBag from /home/airflow/.local/lib/python3.12/site-packages/airflow/example_dags/example_branch_labels.py
[2026-04-12T11:32:48.618+0000] {processor.py:925} INFO - DAG(s) 'example_branch_labels' retrieved from /home/airflow/.local/lib/python3.12/site-packages/airflow/example_dags/example_branch_labels.py
[2026-04-12T11:32:48.640+0000] {logging_mixin.py:190} INFO - [2026-04-12T11:32:48.640+0000] {dag.py:3239} INFO - Sync 1 DAGs
[2026-04-12T11:32:48.658+0000] {logging_mixin.py:190} INFO - [2026-04-12T11:32:48.658+0000] {dag.py:4180} INFO - Setting next_dagrun for example_branch_labels to 2026-04-11 00:00:00+00:00, run_after=2026-04-12 00:00:00+00:00
[2026-04-12T11:32:48.669+0000] {processor.py:208} INFO - Processing /home/airflow/.local/lib/python3.12/site-packages/airflow/example_dags/example_branch_labels.py took 0.068 seconds
[2026-04-12T11:33:19.578+0000] {processor.py:186} INFO - Started process (PID=10497) to work on /home/airflow/.local/lib/python3.12/site-packages/airflow/example_dags/example_branch_labels.py
[2026-04-12T11:33:19.579+0000] {processor.py:914} INFO - Processing file /home/airflow/.local/lib/python3.12/site-packages/airflow/example_dags/example_branch_labels.py for tasks to queue
[2026-04-12T11:33:19.582+0000] {logging_mixin.py:190} INFO - [2026-04-12T11:33:19.582+0000] {dagbag.py:588} INFO - Filling up the DagBag from /home/airflow/.local/lib/python3.12/site-packages/airflow/example_dags/example_branch_labels.py
[2026-04-12T11:33:19.589+0000] {processor.py:925} INFO - DAG(s) 'example_branch_labels' retrieved from /home/airflow/.local/lib/python3.12/site-packages/airflow/example_dags/example_branch_labels.py
[2026-04-12T11:33:19.606+0000] {logging_mixin.py:190} INFO - [2026-04-12T11:33:19.605+0000] {dag.py:3239} INFO - Sync 1 DAGs
[2026-04-12T11:33:19.623+0000] {logging_mixin.py:190} INFO - [2026-04-12T11:33:19.623+0000] {dag.py:4180} INFO - Setting next_dagrun for example_branch_labels to 2026-04-11 00:00:00+00:00, run_after=2026-04-12 00:00:00+00:00
[2026-04-12T11:33:19.637+0000] {processor.py:208} INFO - Processing /home/airflow/.local/lib/python3.12/site-packages/airflow/example_dags/example_branch_labels.py took 0.063 seconds
[2026-04-12T11:33:50.394+0000] {processor.py:186} INFO - Started process (PID=10792) to work on /home/airflow/.local/lib/python3.12/site-packages/airflow/example_dags/example_branch_labels.py
[2026-04-12T11:33:50.397+0000] {processor.py:914} INFO - Processing file /home/airflow/.local/lib/python3.12/site-packages/airflow/example_dags/example_branch_labels.py for tasks to queue
[2026-04-12T11:33:50.400+0000] {logging_mixin.py:190} INFO - [2026-04-12T11:33:50.400+0000] {dagbag.py:588} INFO - Filling up the DagBag from /home/airflow/.local/lib/python3.12/site-packages/airflow/example_dags/example_branch_labels.py
[2026-04-12T11:33:50.410+0000] {processor.py:925} INFO - DAG(s) 'example_branch_labels' retrieved from /home/airflow/.local/lib/python3.12/site-packages/airflow/example_dags/example_branch_labels.py
[2026-04-12T11:33:50.432+0000] {logging_mixin.py:190} INFO - [2026-04-12T11:33:50.432+0000] {dag.py:3239} INFO - Sync 1 DAGs
[2026-04-12T11:33:50.457+0000] {logging_mixin.py:190} INFO - [2026-04-12T11:33:50.456+0000] {dag.py:4180} INFO - Setting next_dagrun for example_branch_labels to 2026-04-11 00:00:00+00:00, run_after=2026-04-12 00:00:00+00:00
[2026-04-12T11:33:50.474+0000] {processor.py:208} INFO - Processing /home/airflow/.local/lib/python3.12/site-packages/airflow/example_dags/example_branch_labels.py took 0.085 seconds
[2026-04-12T11:34:21.454+0000] {processor.py:186} INFO - Started process (PID=11090) to work on /home/airflow/.local/lib/python3.12/site-packages/airflow/example_dags/example_branch_labels.py
[2026-04-12T11:34:21.455+0000] {processor.py:914} INFO - Processing file /home/airflow/.local/lib/python3.12/site-packages/airflow/example_dags/example_branch_labels.py for tasks to queue
[2026-04-12T11:34:21.456+0000] {logging_mixin.py:190} INFO - [2026-04-12T11:34:21.456+0000] {dagbag.py:588} INFO - Filling up the DagBag from /home/airflow/.local/lib/python3.12/site-packages/airflow/example_dags/example_branch_labels.py
[2026-04-12T11:34:21.463+0000] {processor.py:925} INFO - DAG(s) 'example_branch_labels' retrieved from /home/airflow/.local/lib/python3.12/site-packages/airflow/example_dags/example_branch_labels.py
[2026-04-12T11:34:21.478+0000] {logging_mixin.py:190} INFO - [2026-04-12T11:34:21.478+0000] {dag.py:3239} INFO - Sync 1 DAGs
[2026-04-12T11:34:21.494+0000] {logging_mixin.py:190} INFO - [2026-04-12T11:34:21.494+0000] {dag.py:4180} INFO - Setting next_dagrun for example_branch_labels to 2026-04-11 00:00:00+00:00, run_after=2026-04-12 00:00:00+00:00
[2026-04-12T11:34:21.504+0000] {processor.py:208} INFO - Processing /home/airflow/.local/lib/python3.12/site-packages/airflow/example_dags/example_branch_labels.py took 0.055 seconds
[2026-04-12T11:34:52.368+0000] {processor.py:186} INFO - Started process (PID=11386) to work on /home/airflow/.local/lib/python3.12/site-packages/airflow/example_dags/example_branch_labels.py
[2026-04-12T11:34:52.369+0000] {processor.py:914} INFO - Processing file /home/airflow/.local/lib/python3.12/site-packages/airflow/example_dags/example_branch_labels.py for tasks to queue
[2026-04-12T11:34:52.370+0000] {logging_mixin.py:190} INFO - [2026-04-12T11:34:52.370+0000] {dagbag.py:588} INFO - Filling up the DagBag from /home/airflow/.local/lib/python3.12/site-packages/airflow/example_dags/example_branch_labels.py
[2026-04-12T11:34:52.376+0000] {processor.py:925} INFO - DAG(s) 'example_branch_labels' retrieved from /home/airflow/.local/lib/python3.12/site-packages/airflow/example_dags/example_branch_labels.py
[2026-04-12T11:34:52.388+0000] {logging_mixin.py:190} INFO - [2026-04-12T11:34:52.388+0000] {dag.py:3239} INFO - Sync 1 DAGs
[2026-04-12T11:34:52.402+0000] {logging_mixin.py:190} INFO - [2026-04-12T11:34:52.402+0000] {dag.py:4180} INFO - Setting next_dagrun for example_branch_labels to 2026-04-11 00:00:00+00:00, run_after=2026-04-12 00:00:00+00:00
[2026-04-12T11:34:52.411+0000] {processor.py:208} INFO - Processing /home/airflow/.local/lib/python3.12/site-packages/airflow/example_dags/example_branch_labels.py took 0.047 seconds
