[2026-04-12T11:12:32.992+0000] {processor.py:186} INFO - Started process (PID=351) to work on /home/airflow/.local/lib/python3.12/site-packages/airflow/example_dags/example_params_trigger_ui.py
[2026-04-12T11:12:32.992+0000] {processor.py:914} INFO - Processing file /home/airflow/.local/lib/python3.12/site-packages/airflow/example_dags/example_params_trigger_ui.py for tasks to queue
[2026-04-12T11:12:32.994+0000] {logging_mixin.py:190} INFO - [2026-04-12T11:12:32.994+0000] {dagbag.py:588} INFO - Filling up the DagBag from /home/airflow/.local/lib/python3.12/site-packages/airflow/example_dags/example_params_trigger_ui.py
[2026-04-12T11:12:33.007+0000] {processor.py:925} INFO - DAG(s) 'example_params_trigger_ui' retrieved from /home/airflow/.local/lib/python3.12/site-packages/airflow/example_dags/example_params_trigger_ui.py
[2026-04-12T11:12:33.131+0000] {logging_mixin.py:190} INFO - [2026-04-12T11:12:33.130+0000] {override.py:1912} INFO - Created Permission View: can edit on DAG:example_params_trigger_ui
[2026-04-12T11:12:33.142+0000] {logging_mixin.py:190} INFO - [2026-04-12T11:12:33.142+0000] {override.py:1912} INFO - Created Permission View: can delete on DAG:example_params_trigger_ui
[2026-04-12T11:12:33.147+0000] {logging_mixin.py:190} INFO - [2026-04-12T11:12:33.147+0000] {override.py:1912} INFO - Created Permission View: can read on DAG:example_params_trigger_ui
[2026-04-12T11:12:33.154+0000] {logging_mixin.py:190} INFO - [2026-04-12T11:12:33.153+0000] {override.py:1912} INFO - Created Permission View: can delete on DAG Run:example_params_trigger_ui
[2026-04-12T11:12:33.159+0000] {logging_mixin.py:190} INFO - [2026-04-12T11:12:33.159+0000] {override.py:1912} INFO - Created Permission View: can create on DAG Run:example_params_trigger_ui
[2026-04-12T11:12:33.164+0000] {logging_mixin.py:190} INFO - [2026-04-12T11:12:33.164+0000] {override.py:1912} INFO - Created Permission View: can read on DAG Run:example_params_trigger_ui
[2026-04-12T11:12:33.170+0000] {logging_mixin.py:190} INFO - [2026-04-12T11:12:33.170+0000] {override.py:1912} INFO - Created Permission View: menu access on DAG Run:example_params_trigger_ui
[2026-04-12T11:12:33.171+0000] {logging_mixin.py:190} INFO - [2026-04-12T11:12:33.171+0000] {dag.py:3239} INFO - Sync 1 DAGs
[2026-04-12T11:12:33.183+0000] {logging_mixin.py:190} INFO - [2026-04-12T11:12:33.183+0000] {dag.py:3262} INFO - Creating ORM DAG for example_params_trigger_ui
[2026-04-12T11:12:33.185+0000] {logging_mixin.py:190} INFO - [2026-04-12T11:12:33.184+0000] {dag.py:4180} INFO - Setting next_dagrun for example_params_trigger_ui to None, run_after=None
[2026-04-12T11:12:33.216+0000] {processor.py:208} INFO - Processing /home/airflow/.local/lib/python3.12/site-packages/airflow/example_dags/example_params_trigger_ui.py took 0.229 seconds
[2026-04-12T11:13:04.067+0000] {processor.py:186} INFO - Started process (PID=642) to work on /home/airflow/.local/lib/python3.12/site-packages/airflow/example_dags/example_params_trigger_ui.py
[2026-04-12T11:13:04.068+0000] {processor.py:914} INFO - Processing file /home/airflow/.local/lib/python3.12/site-packages/airflow/example_dags/example_params_trigger_ui.py for tasks to queue
[2026-04-12T11:13:04.071+0000] {logging_mixin.py:190} INFO - [2026-04-12T11:13:04.071+0000] {dagbag.py:588} INFO - Filling up the DagBag from /home/airflow/.local/lib/python3.12/site-packages/airflow/example_dags/example_params_trigger_ui.py
[2026-04-12T11:13:04.080+0000] {processor.py:925} INFO - DAG(s) 'example_params_trigger_ui' retrieved from /home/airflow/.local/lib/python3.12/site-packages/airflow/example_dags/example_params_trigger_ui.py
[2026-04-12T11:13:04.124+0000] {logging_mixin.py:190} INFO - [2026-04-12T11:13:04.124+0000] {dag.py:3239} INFO - Sync 1 DAGs
[2026-04-12T11:13:04.136+0000] {logging_mixin.py:190} INFO - [2026-04-12T11:13:04.136+0000] {dag.py:4180} INFO - Setting next_dagrun for example_params_trigger_ui to None, run_after=None
[2026-04-12T11:13:04.155+0000] {processor.py:208} INFO - Processing /home/airflow/.local/lib/python3.12/site-packages/airflow/example_dags/example_params_trigger_ui.py took 0.093 seconds
[2026-04-12T11:13:34.438+0000] {processor.py:186} INFO - Started process (PID=938) to work on /home/airflow/.local/lib/python3.12/site-packages/airflow/example_dags/example_params_trigger_ui.py
[2026-04-12T11:13:34.440+0000] {processor.py:914} INFO - Processing file /home/airflow/.local/lib/python3.12/site-packages/airflow/example_dags/example_params_trigger_ui.py for tasks to queue
[2026-04-12T11:13:34.442+0000] {logging_mixin.py:190} INFO - [2026-04-12T11:13:34.442+0000] {dagbag.py:588} INFO - Filling up the DagBag from /home/airflow/.local/lib/python3.12/site-packages/airflow/example_dags/example_params_trigger_ui.py
[2026-04-12T11:13:34.454+0000] {processor.py:925} INFO - DAG(s) 'example_params_trigger_ui' retrieved from /home/airflow/.local/lib/python3.12/site-packages/airflow/example_dags/example_params_trigger_ui.py
[2026-04-12T11:13:34.488+0000] {logging_mixin.py:190} INFO - [2026-04-12T11:13:34.488+0000] {dag.py:3239} INFO - Sync 1 DAGs
[2026-04-12T11:13:34.512+0000] {logging_mixin.py:190} INFO - [2026-04-12T11:13:34.511+0000] {dag.py:4180} INFO - Setting next_dagrun for example_params_trigger_ui to None, run_after=None
[2026-04-12T11:13:34.555+0000] {processor.py:208} INFO - Processing /home/airflow/.local/lib/python3.12/site-packages/airflow/example_dags/example_params_trigger_ui.py took 0.122 seconds
[2026-04-12T11:14:05.430+0000] {processor.py:186} INFO - Started process (PID=1234) to work on /home/airflow/.local/lib/python3.12/site-packages/airflow/example_dags/example_params_trigger_ui.py
[2026-04-12T11:14:05.431+0000] {processor.py:914} INFO - Processing file /home/airflow/.local/lib/python3.12/site-packages/airflow/example_dags/example_params_trigger_ui.py for tasks to queue
[2026-04-12T11:14:05.432+0000] {logging_mixin.py:190} INFO - [2026-04-12T11:14:05.432+0000] {dagbag.py:588} INFO - Filling up the DagBag from /home/airflow/.local/lib/python3.12/site-packages/airflow/example_dags/example_params_trigger_ui.py
[2026-04-12T11:14:05.440+0000] {processor.py:925} INFO - DAG(s) 'example_params_trigger_ui' retrieved from /home/airflow/.local/lib/python3.12/site-packages/airflow/example_dags/example_params_trigger_ui.py
[2026-04-12T11:14:05.474+0000] {logging_mixin.py:190} INFO - [2026-04-12T11:14:05.474+0000] {dag.py:3239} INFO - Sync 1 DAGs
[2026-04-12T11:14:05.485+0000] {logging_mixin.py:190} INFO - [2026-04-12T11:14:05.485+0000] {dag.py:4180} INFO - Setting next_dagrun for example_params_trigger_ui to None, run_after=None
[2026-04-12T11:14:05.505+0000] {processor.py:208} INFO - Processing /home/airflow/.local/lib/python3.12/site-packages/airflow/example_dags/example_params_trigger_ui.py took 0.080 seconds
[2026-04-12T11:14:36.523+0000] {processor.py:186} INFO - Started process (PID=1532) to work on /home/airflow/.local/lib/python3.12/site-packages/airflow/example_dags/example_params_trigger_ui.py
[2026-04-12T11:14:36.525+0000] {processor.py:914} INFO - Processing file /home/airflow/.local/lib/python3.12/site-packages/airflow/example_dags/example_params_trigger_ui.py for tasks to queue
[2026-04-12T11:14:36.527+0000] {logging_mixin.py:190} INFO - [2026-04-12T11:14:36.527+0000] {dagbag.py:588} INFO - Filling up the DagBag from /home/airflow/.local/lib/python3.12/site-packages/airflow/example_dags/example_params_trigger_ui.py
[2026-04-12T11:14:36.544+0000] {processor.py:925} INFO - DAG(s) 'example_params_trigger_ui' retrieved from /home/airflow/.local/lib/python3.12/site-packages/airflow/example_dags/example_params_trigger_ui.py
[2026-04-12T11:14:36.603+0000] {logging_mixin.py:190} INFO - [2026-04-12T11:14:36.603+0000] {dag.py:3239} INFO - Sync 1 DAGs
[2026-04-12T11:14:36.619+0000] {logging_mixin.py:190} INFO - [2026-04-12T11:14:36.619+0000] {dag.py:4180} INFO - Setting next_dagrun for example_params_trigger_ui to None, run_after=None
[2026-04-12T11:14:36.644+0000] {processor.py:208} INFO - Processing /home/airflow/.local/lib/python3.12/site-packages/airflow/example_dags/example_params_trigger_ui.py took 0.130 seconds
[2026-04-12T11:15:07.339+0000] {processor.py:186} INFO - Started process (PID=1829) to work on /home/airflow/.local/lib/python3.12/site-packages/airflow/example_dags/example_params_trigger_ui.py
[2026-04-12T11:15:07.340+0000] {processor.py:914} INFO - Processing file /home/airflow/.local/lib/python3.12/site-packages/airflow/example_dags/example_params_trigger_ui.py for tasks to queue
[2026-04-12T11:15:07.342+0000] {logging_mixin.py:190} INFO - [2026-04-12T11:15:07.342+0000] {dagbag.py:588} INFO - Filling up the DagBag from /home/airflow/.local/lib/python3.12/site-packages/airflow/example_dags/example_params_trigger_ui.py
[2026-04-12T11:15:07.357+0000] {processor.py:925} INFO - DAG(s) 'example_params_trigger_ui' retrieved from /home/airflow/.local/lib/python3.12/site-packages/airflow/example_dags/example_params_trigger_ui.py
[2026-04-12T11:15:07.391+0000] {logging_mixin.py:190} INFO - [2026-04-12T11:15:07.391+0000] {dag.py:3239} INFO - Sync 1 DAGs
[2026-04-12T11:15:07.409+0000] {logging_mixin.py:190} INFO - [2026-04-12T11:15:07.409+0000] {dag.py:4180} INFO - Setting next_dagrun for example_params_trigger_ui to None, run_after=None
[2026-04-12T11:15:07.429+0000] {processor.py:208} INFO - Processing /home/airflow/.local/lib/python3.12/site-packages/airflow/example_dags/example_params_trigger_ui.py took 0.099 seconds
[2026-04-12T11:15:37.928+0000] {processor.py:186} INFO - Started process (PID=2125) to work on /home/airflow/.local/lib/python3.12/site-packages/airflow/example_dags/example_params_trigger_ui.py
[2026-04-12T11:15:37.930+0000] {processor.py:914} INFO - Processing file /home/airflow/.local/lib/python3.12/site-packages/airflow/example_dags/example_params_trigger_ui.py for tasks to queue
[2026-04-12T11:15:37.931+0000] {logging_mixin.py:190} INFO - [2026-04-12T11:15:37.931+0000] {dagbag.py:588} INFO - Filling up the DagBag from /home/airflow/.local/lib/python3.12/site-packages/airflow/example_dags/example_params_trigger_ui.py
[2026-04-12T11:15:37.939+0000] {processor.py:925} INFO - DAG(s) 'example_params_trigger_ui' retrieved from /home/airflow/.local/lib/python3.12/site-packages/airflow/example_dags/example_params_trigger_ui.py
[2026-04-12T11:15:37.969+0000] {logging_mixin.py:190} INFO - [2026-04-12T11:15:37.969+0000] {dag.py:3239} INFO - Sync 1 DAGs
[2026-04-12T11:15:37.979+0000] {logging_mixin.py:190} INFO - [2026-04-12T11:15:37.978+0000] {dag.py:4180} INFO - Setting next_dagrun for example_params_trigger_ui to None, run_after=None
[2026-04-12T11:15:37.990+0000] {processor.py:208} INFO - Processing /home/airflow/.local/lib/python3.12/site-packages/airflow/example_dags/example_params_trigger_ui.py took 0.066 seconds
[2026-04-12T11:16:08.121+0000] {processor.py:186} INFO - Started process (PID=2419) to work on /home/airflow/.local/lib/python3.12/site-packages/airflow/example_dags/example_params_trigger_ui.py
[2026-04-12T11:16:08.123+0000] {processor.py:914} INFO - Processing file /home/airflow/.local/lib/python3.12/site-packages/airflow/example_dags/example_params_trigger_ui.py for tasks to queue
[2026-04-12T11:16:08.128+0000] {logging_mixin.py:190} INFO - [2026-04-12T11:16:08.127+0000] {dagbag.py:588} INFO - Filling up the DagBag from /home/airflow/.local/lib/python3.12/site-packages/airflow/example_dags/example_params_trigger_ui.py
[2026-04-12T11:16:08.142+0000] {processor.py:925} INFO - DAG(s) 'example_params_trigger_ui' retrieved from /home/airflow/.local/lib/python3.12/site-packages/airflow/example_dags/example_params_trigger_ui.py
[2026-04-12T11:16:08.207+0000] {logging_mixin.py:190} INFO - [2026-04-12T11:16:08.207+0000] {dag.py:3239} INFO - Sync 1 DAGs
[2026-04-12T11:16:08.227+0000] {logging_mixin.py:190} INFO - [2026-04-12T11:16:08.227+0000] {dag.py:4180} INFO - Setting next_dagrun for example_params_trigger_ui to None, run_after=None
[2026-04-12T11:16:08.252+0000] {processor.py:208} INFO - Processing /home/airflow/.local/lib/python3.12/site-packages/airflow/example_dags/example_params_trigger_ui.py took 0.137 seconds
[2026-04-12T11:16:39.208+0000] {processor.py:186} INFO - Started process (PID=2715) to work on /home/airflow/.local/lib/python3.12/site-packages/airflow/example_dags/example_params_trigger_ui.py
[2026-04-12T11:16:39.216+0000] {processor.py:914} INFO - Processing file /home/airflow/.local/lib/python3.12/site-packages/airflow/example_dags/example_params_trigger_ui.py for tasks to queue
[2026-04-12T11:16:39.219+0000] {logging_mixin.py:190} INFO - [2026-04-12T11:16:39.218+0000] {dagbag.py:588} INFO - Filling up the DagBag from /home/airflow/.local/lib/python3.12/site-packages/airflow/example_dags/example_params_trigger_ui.py
[2026-04-12T11:16:39.232+0000] {processor.py:925} INFO - DAG(s) 'example_params_trigger_ui' retrieved from /home/airflow/.local/lib/python3.12/site-packages/airflow/example_dags/example_params_trigger_ui.py
[2026-04-12T11:16:39.270+0000] {logging_mixin.py:190} INFO - [2026-04-12T11:16:39.269+0000] {dag.py:3239} INFO - Sync 1 DAGs
[2026-04-12T11:16:39.283+0000] {logging_mixin.py:190} INFO - [2026-04-12T11:16:39.283+0000] {dag.py:4180} INFO - Setting next_dagrun for example_params_trigger_ui to None, run_after=None
[2026-04-12T11:16:39.300+0000] {processor.py:208} INFO - Processing /home/airflow/.local/lib/python3.12/site-packages/airflow/example_dags/example_params_trigger_ui.py took 0.099 seconds
[2026-04-12T11:17:10.179+0000] {processor.py:186} INFO - Started process (PID=3023) to work on /home/airflow/.local/lib/python3.12/site-packages/airflow/example_dags/example_params_trigger_ui.py
[2026-04-12T11:17:10.184+0000] {processor.py:914} INFO - Processing file /home/airflow/.local/lib/python3.12/site-packages/airflow/example_dags/example_params_trigger_ui.py for tasks to queue
[2026-04-12T11:17:10.186+0000] {logging_mixin.py:190} INFO - [2026-04-12T11:17:10.186+0000] {dagbag.py:588} INFO - Filling up the DagBag from /home/airflow/.local/lib/python3.12/site-packages/airflow/example_dags/example_params_trigger_ui.py
[2026-04-12T11:17:10.194+0000] {processor.py:925} INFO - DAG(s) 'example_params_trigger_ui' retrieved from /home/airflow/.local/lib/python3.12/site-packages/airflow/example_dags/example_params_trigger_ui.py
[2026-04-12T11:17:10.229+0000] {logging_mixin.py:190} INFO - [2026-04-12T11:17:10.229+0000] {dag.py:3239} INFO - Sync 1 DAGs
[2026-04-12T11:17:10.239+0000] {logging_mixin.py:190} INFO - [2026-04-12T11:17:10.239+0000] {dag.py:4180} INFO - Setting next_dagrun for example_params_trigger_ui to None, run_after=None
[2026-04-12T11:17:10.258+0000] {processor.py:208} INFO - Processing /home/airflow/.local/lib/python3.12/site-packages/airflow/example_dags/example_params_trigger_ui.py took 0.083 seconds
[2026-04-12T11:17:41.080+0000] {processor.py:186} INFO - Started process (PID=3319) to work on /home/airflow/.local/lib/python3.12/site-packages/airflow/example_dags/example_params_trigger_ui.py
[2026-04-12T11:17:41.083+0000] {processor.py:914} INFO - Processing file /home/airflow/.local/lib/python3.12/site-packages/airflow/example_dags/example_params_trigger_ui.py for tasks to queue
[2026-04-12T11:17:41.086+0000] {logging_mixin.py:190} INFO - [2026-04-12T11:17:41.086+0000] {dagbag.py:588} INFO - Filling up the DagBag from /home/airflow/.local/lib/python3.12/site-packages/airflow/example_dags/example_params_trigger_ui.py
[2026-04-12T11:17:41.096+0000] {processor.py:925} INFO - DAG(s) 'example_params_trigger_ui' retrieved from /home/airflow/.local/lib/python3.12/site-packages/airflow/example_dags/example_params_trigger_ui.py
[2026-04-12T11:17:41.129+0000] {logging_mixin.py:190} INFO - [2026-04-12T11:17:41.129+0000] {dag.py:3239} INFO - Sync 1 DAGs
[2026-04-12T11:17:41.139+0000] {logging_mixin.py:190} INFO - [2026-04-12T11:17:41.139+0000] {dag.py:4180} INFO - Setting next_dagrun for example_params_trigger_ui to None, run_after=None
[2026-04-12T11:17:41.152+0000] {processor.py:208} INFO - Processing /home/airflow/.local/lib/python3.12/site-packages/airflow/example_dags/example_params_trigger_ui.py took 0.076 seconds
[2026-04-12T11:18:11.771+0000] {processor.py:186} INFO - Started process (PID=3623) to work on /home/airflow/.local/lib/python3.12/site-packages/airflow/example_dags/example_params_trigger_ui.py
[2026-04-12T11:18:11.775+0000] {processor.py:914} INFO - Processing file /home/airflow/.local/lib/python3.12/site-packages/airflow/example_dags/example_params_trigger_ui.py for tasks to queue
[2026-04-12T11:18:11.778+0000] {logging_mixin.py:190} INFO - [2026-04-12T11:18:11.778+0000] {dagbag.py:588} INFO - Filling up the DagBag from /home/airflow/.local/lib/python3.12/site-packages/airflow/example_dags/example_params_trigger_ui.py
[2026-04-12T11:18:11.787+0000] {processor.py:925} INFO - DAG(s) 'example_params_trigger_ui' retrieved from /home/airflow/.local/lib/python3.12/site-packages/airflow/example_dags/example_params_trigger_ui.py
[2026-04-12T11:18:11.816+0000] {logging_mixin.py:190} INFO - [2026-04-12T11:18:11.816+0000] {dag.py:3239} INFO - Sync 1 DAGs
[2026-04-12T11:18:11.827+0000] {logging_mixin.py:190} INFO - [2026-04-12T11:18:11.827+0000] {dag.py:4180} INFO - Setting next_dagrun for example_params_trigger_ui to None, run_after=None
[2026-04-12T11:18:11.847+0000] {processor.py:208} INFO - Processing /home/airflow/.local/lib/python3.12/site-packages/airflow/example_dags/example_params_trigger_ui.py took 0.080 seconds
[2026-04-12T11:18:42.268+0000] {processor.py:186} INFO - Started process (PID=3922) to work on /home/airflow/.local/lib/python3.12/site-packages/airflow/example_dags/example_params_trigger_ui.py
[2026-04-12T11:18:42.274+0000] {processor.py:914} INFO - Processing file /home/airflow/.local/lib/python3.12/site-packages/airflow/example_dags/example_params_trigger_ui.py for tasks to queue
[2026-04-12T11:18:42.275+0000] {logging_mixin.py:190} INFO - [2026-04-12T11:18:42.275+0000] {dagbag.py:588} INFO - Filling up the DagBag from /home/airflow/.local/lib/python3.12/site-packages/airflow/example_dags/example_params_trigger_ui.py
[2026-04-12T11:18:42.285+0000] {processor.py:925} INFO - DAG(s) 'example_params_trigger_ui' retrieved from /home/airflow/.local/lib/python3.12/site-packages/airflow/example_dags/example_params_trigger_ui.py
[2026-04-12T11:18:42.326+0000] {logging_mixin.py:190} INFO - [2026-04-12T11:18:42.326+0000] {dag.py:3239} INFO - Sync 1 DAGs
[2026-04-12T11:18:42.337+0000] {logging_mixin.py:190} INFO - [2026-04-12T11:18:42.337+0000] {dag.py:4180} INFO - Setting next_dagrun for example_params_trigger_ui to None, run_after=None
[2026-04-12T11:18:42.352+0000] {processor.py:208} INFO - Processing /home/airflow/.local/lib/python3.12/site-packages/airflow/example_dags/example_params_trigger_ui.py took 0.088 seconds
[2026-04-12T11:19:12.591+0000] {processor.py:186} INFO - Started process (PID=4233) to work on /home/airflow/.local/lib/python3.12/site-packages/airflow/example_dags/example_params_trigger_ui.py
[2026-04-12T11:19:12.592+0000] {processor.py:914} INFO - Processing file /home/airflow/.local/lib/python3.12/site-packages/airflow/example_dags/example_params_trigger_ui.py for tasks to queue
[2026-04-12T11:19:12.594+0000] {logging_mixin.py:190} INFO - [2026-04-12T11:19:12.594+0000] {dagbag.py:588} INFO - Filling up the DagBag from /home/airflow/.local/lib/python3.12/site-packages/airflow/example_dags/example_params_trigger_ui.py
[2026-04-12T11:19:12.607+0000] {processor.py:925} INFO - DAG(s) 'example_params_trigger_ui' retrieved from /home/airflow/.local/lib/python3.12/site-packages/airflow/example_dags/example_params_trigger_ui.py
[2026-04-12T11:19:12.639+0000] {logging_mixin.py:190} INFO - [2026-04-12T11:19:12.639+0000] {dag.py:3239} INFO - Sync 1 DAGs
[2026-04-12T11:19:12.650+0000] {logging_mixin.py:190} INFO - [2026-04-12T11:19:12.650+0000] {dag.py:4180} INFO - Setting next_dagrun for example_params_trigger_ui to None, run_after=None
[2026-04-12T11:19:12.666+0000] {processor.py:208} INFO - Processing /home/airflow/.local/lib/python3.12/site-packages/airflow/example_dags/example_params_trigger_ui.py took 0.081 seconds
[2026-04-12T11:19:43.428+0000] {processor.py:186} INFO - Started process (PID=4529) to work on /home/airflow/.local/lib/python3.12/site-packages/airflow/example_dags/example_params_trigger_ui.py
[2026-04-12T11:19:43.431+0000] {processor.py:914} INFO - Processing file /home/airflow/.local/lib/python3.12/site-packages/airflow/example_dags/example_params_trigger_ui.py for tasks to queue
[2026-04-12T11:19:43.434+0000] {logging_mixin.py:190} INFO - [2026-04-12T11:19:43.434+0000] {dagbag.py:588} INFO - Filling up the DagBag from /home/airflow/.local/lib/python3.12/site-packages/airflow/example_dags/example_params_trigger_ui.py
[2026-04-12T11:19:43.444+0000] {processor.py:925} INFO - DAG(s) 'example_params_trigger_ui' retrieved from /home/airflow/.local/lib/python3.12/site-packages/airflow/example_dags/example_params_trigger_ui.py
[2026-04-12T11:19:43.475+0000] {logging_mixin.py:190} INFO - [2026-04-12T11:19:43.475+0000] {dag.py:3239} INFO - Sync 1 DAGs
[2026-04-12T11:19:43.485+0000] {logging_mixin.py:190} INFO - [2026-04-12T11:19:43.485+0000] {dag.py:4180} INFO - Setting next_dagrun for example_params_trigger_ui to None, run_after=None
[2026-04-12T11:19:43.506+0000] {processor.py:208} INFO - Processing /home/airflow/.local/lib/python3.12/site-packages/airflow/example_dags/example_params_trigger_ui.py took 0.083 seconds
[2026-04-12T11:20:14.342+0000] {processor.py:186} INFO - Started process (PID=4825) to work on /home/airflow/.local/lib/python3.12/site-packages/airflow/example_dags/example_params_trigger_ui.py
[2026-04-12T11:20:14.348+0000] {processor.py:914} INFO - Processing file /home/airflow/.local/lib/python3.12/site-packages/airflow/example_dags/example_params_trigger_ui.py for tasks to queue
[2026-04-12T11:20:14.351+0000] {logging_mixin.py:190} INFO - [2026-04-12T11:20:14.351+0000] {dagbag.py:588} INFO - Filling up the DagBag from /home/airflow/.local/lib/python3.12/site-packages/airflow/example_dags/example_params_trigger_ui.py
[2026-04-12T11:20:14.361+0000] {processor.py:925} INFO - DAG(s) 'example_params_trigger_ui' retrieved from /home/airflow/.local/lib/python3.12/site-packages/airflow/example_dags/example_params_trigger_ui.py
[2026-04-12T11:20:14.391+0000] {logging_mixin.py:190} INFO - [2026-04-12T11:20:14.391+0000] {dag.py:3239} INFO - Sync 1 DAGs
[2026-04-12T11:20:14.402+0000] {logging_mixin.py:190} INFO - [2026-04-12T11:20:14.402+0000] {dag.py:4180} INFO - Setting next_dagrun for example_params_trigger_ui to None, run_after=None
[2026-04-12T11:20:14.417+0000] {processor.py:208} INFO - Processing /home/airflow/.local/lib/python3.12/site-packages/airflow/example_dags/example_params_trigger_ui.py took 0.080 seconds
[2026-04-12T11:20:44.595+0000] {processor.py:186} INFO - Started process (PID=5121) to work on /home/airflow/.local/lib/python3.12/site-packages/airflow/example_dags/example_params_trigger_ui.py
[2026-04-12T11:20:44.598+0000] {processor.py:914} INFO - Processing file /home/airflow/.local/lib/python3.12/site-packages/airflow/example_dags/example_params_trigger_ui.py for tasks to queue
[2026-04-12T11:20:44.601+0000] {logging_mixin.py:190} INFO - [2026-04-12T11:20:44.601+0000] {dagbag.py:588} INFO - Filling up the DagBag from /home/airflow/.local/lib/python3.12/site-packages/airflow/example_dags/example_params_trigger_ui.py
[2026-04-12T11:20:44.616+0000] {processor.py:925} INFO - DAG(s) 'example_params_trigger_ui' retrieved from /home/airflow/.local/lib/python3.12/site-packages/airflow/example_dags/example_params_trigger_ui.py
[2026-04-12T11:20:44.663+0000] {logging_mixin.py:190} INFO - [2026-04-12T11:20:44.662+0000] {dag.py:3239} INFO - Sync 1 DAGs
[2026-04-12T11:20:44.681+0000] {logging_mixin.py:190} INFO - [2026-04-12T11:20:44.681+0000] {dag.py:4180} INFO - Setting next_dagrun for example_params_trigger_ui to None, run_after=None
[2026-04-12T11:20:44.711+0000] {processor.py:208} INFO - Processing /home/airflow/.local/lib/python3.12/site-packages/airflow/example_dags/example_params_trigger_ui.py took 0.124 seconds
[2026-04-12T11:21:15.596+0000] {processor.py:186} INFO - Started process (PID=5417) to work on /home/airflow/.local/lib/python3.12/site-packages/airflow/example_dags/example_params_trigger_ui.py
[2026-04-12T11:21:15.597+0000] {processor.py:914} INFO - Processing file /home/airflow/.local/lib/python3.12/site-packages/airflow/example_dags/example_params_trigger_ui.py for tasks to queue
[2026-04-12T11:21:15.599+0000] {logging_mixin.py:190} INFO - [2026-04-12T11:21:15.599+0000] {dagbag.py:588} INFO - Filling up the DagBag from /home/airflow/.local/lib/python3.12/site-packages/airflow/example_dags/example_params_trigger_ui.py
[2026-04-12T11:21:15.609+0000] {processor.py:925} INFO - DAG(s) 'example_params_trigger_ui' retrieved from /home/airflow/.local/lib/python3.12/site-packages/airflow/example_dags/example_params_trigger_ui.py
[2026-04-12T11:21:15.648+0000] {logging_mixin.py:190} INFO - [2026-04-12T11:21:15.648+0000] {dag.py:3239} INFO - Sync 1 DAGs
[2026-04-12T11:21:15.656+0000] {logging_mixin.py:190} INFO - [2026-04-12T11:21:15.656+0000] {dag.py:4180} INFO - Setting next_dagrun for example_params_trigger_ui to None, run_after=None
[2026-04-12T11:21:15.670+0000] {processor.py:208} INFO - Processing /home/airflow/.local/lib/python3.12/site-packages/airflow/example_dags/example_params_trigger_ui.py took 0.079 seconds
[2026-04-12T11:21:45.704+0000] {processor.py:186} INFO - Started process (PID=5713) to work on /home/airflow/.local/lib/python3.12/site-packages/airflow/example_dags/example_params_trigger_ui.py
[2026-04-12T11:21:45.705+0000] {processor.py:914} INFO - Processing file /home/airflow/.local/lib/python3.12/site-packages/airflow/example_dags/example_params_trigger_ui.py for tasks to queue
[2026-04-12T11:21:45.707+0000] {logging_mixin.py:190} INFO - [2026-04-12T11:21:45.707+0000] {dagbag.py:588} INFO - Filling up the DagBag from /home/airflow/.local/lib/python3.12/site-packages/airflow/example_dags/example_params_trigger_ui.py
[2026-04-12T11:21:45.714+0000] {processor.py:925} INFO - DAG(s) 'example_params_trigger_ui' retrieved from /home/airflow/.local/lib/python3.12/site-packages/airflow/example_dags/example_params_trigger_ui.py
[2026-04-12T11:21:45.739+0000] {logging_mixin.py:190} INFO - [2026-04-12T11:21:45.739+0000] {dag.py:3239} INFO - Sync 1 DAGs
[2026-04-12T11:21:45.748+0000] {logging_mixin.py:190} INFO - [2026-04-12T11:21:45.748+0000] {dag.py:4180} INFO - Setting next_dagrun for example_params_trigger_ui to None, run_after=None
[2026-04-12T11:21:45.759+0000] {processor.py:208} INFO - Processing /home/airflow/.local/lib/python3.12/site-packages/airflow/example_dags/example_params_trigger_ui.py took 0.058 seconds
[2026-04-12T11:22:15.804+0000] {processor.py:186} INFO - Started process (PID=6009) to work on /home/airflow/.local/lib/python3.12/site-packages/airflow/example_dags/example_params_trigger_ui.py
[2026-04-12T11:22:15.804+0000] {processor.py:914} INFO - Processing file /home/airflow/.local/lib/python3.12/site-packages/airflow/example_dags/example_params_trigger_ui.py for tasks to queue
[2026-04-12T11:22:15.807+0000] {logging_mixin.py:190} INFO - [2026-04-12T11:22:15.806+0000] {dagbag.py:588} INFO - Filling up the DagBag from /home/airflow/.local/lib/python3.12/site-packages/airflow/example_dags/example_params_trigger_ui.py
[2026-04-12T11:22:15.814+0000] {processor.py:925} INFO - DAG(s) 'example_params_trigger_ui' retrieved from /home/airflow/.local/lib/python3.12/site-packages/airflow/example_dags/example_params_trigger_ui.py
[2026-04-12T11:22:15.841+0000] {logging_mixin.py:190} INFO - [2026-04-12T11:22:15.840+0000] {dag.py:3239} INFO - Sync 1 DAGs
[2026-04-12T11:22:15.850+0000] {logging_mixin.py:190} INFO - [2026-04-12T11:22:15.850+0000] {dag.py:4180} INFO - Setting next_dagrun for example_params_trigger_ui to None, run_after=None
[2026-04-12T11:22:15.866+0000] {processor.py:208} INFO - Processing /home/airflow/.local/lib/python3.12/site-packages/airflow/example_dags/example_params_trigger_ui.py took 0.067 seconds
[2026-04-12T11:22:46.040+0000] {processor.py:186} INFO - Started process (PID=6304) to work on /home/airflow/.local/lib/python3.12/site-packages/airflow/example_dags/example_params_trigger_ui.py
[2026-04-12T11:22:46.041+0000] {processor.py:914} INFO - Processing file /home/airflow/.local/lib/python3.12/site-packages/airflow/example_dags/example_params_trigger_ui.py for tasks to queue
[2026-04-12T11:22:46.042+0000] {logging_mixin.py:190} INFO - [2026-04-12T11:22:46.042+0000] {dagbag.py:588} INFO - Filling up the DagBag from /home/airflow/.local/lib/python3.12/site-packages/airflow/example_dags/example_params_trigger_ui.py
[2026-04-12T11:22:46.050+0000] {processor.py:925} INFO - DAG(s) 'example_params_trigger_ui' retrieved from /home/airflow/.local/lib/python3.12/site-packages/airflow/example_dags/example_params_trigger_ui.py
[2026-04-12T11:22:46.082+0000] {logging_mixin.py:190} INFO - [2026-04-12T11:22:46.082+0000] {dag.py:3239} INFO - Sync 1 DAGs
[2026-04-12T11:22:46.093+0000] {logging_mixin.py:190} INFO - [2026-04-12T11:22:46.093+0000] {dag.py:4180} INFO - Setting next_dagrun for example_params_trigger_ui to None, run_after=None
[2026-04-12T11:22:46.108+0000] {processor.py:208} INFO - Processing /home/airflow/.local/lib/python3.12/site-packages/airflow/example_dags/example_params_trigger_ui.py took 0.072 seconds
[2026-04-12T11:23:16.166+0000] {processor.py:186} INFO - Started process (PID=6600) to work on /home/airflow/.local/lib/python3.12/site-packages/airflow/example_dags/example_params_trigger_ui.py
[2026-04-12T11:23:16.167+0000] {processor.py:914} INFO - Processing file /home/airflow/.local/lib/python3.12/site-packages/airflow/example_dags/example_params_trigger_ui.py for tasks to queue
[2026-04-12T11:23:16.169+0000] {logging_mixin.py:190} INFO - [2026-04-12T11:23:16.169+0000] {dagbag.py:588} INFO - Filling up the DagBag from /home/airflow/.local/lib/python3.12/site-packages/airflow/example_dags/example_params_trigger_ui.py
[2026-04-12T11:23:16.176+0000] {processor.py:925} INFO - DAG(s) 'example_params_trigger_ui' retrieved from /home/airflow/.local/lib/python3.12/site-packages/airflow/example_dags/example_params_trigger_ui.py
[2026-04-12T11:23:16.205+0000] {logging_mixin.py:190} INFO - [2026-04-12T11:23:16.205+0000] {dag.py:3239} INFO - Sync 1 DAGs
[2026-04-12T11:23:16.214+0000] {logging_mixin.py:190} INFO - [2026-04-12T11:23:16.214+0000] {dag.py:4180} INFO - Setting next_dagrun for example_params_trigger_ui to None, run_after=None
[2026-04-12T11:23:16.231+0000] {processor.py:208} INFO - Processing /home/airflow/.local/lib/python3.12/site-packages/airflow/example_dags/example_params_trigger_ui.py took 0.069 seconds
[2026-04-12T11:23:46.716+0000] {processor.py:186} INFO - Started process (PID=6896) to work on /home/airflow/.local/lib/python3.12/site-packages/airflow/example_dags/example_params_trigger_ui.py
[2026-04-12T11:23:46.717+0000] {processor.py:914} INFO - Processing file /home/airflow/.local/lib/python3.12/site-packages/airflow/example_dags/example_params_trigger_ui.py for tasks to queue
[2026-04-12T11:23:46.719+0000] {logging_mixin.py:190} INFO - [2026-04-12T11:23:46.719+0000] {dagbag.py:588} INFO - Filling up the DagBag from /home/airflow/.local/lib/python3.12/site-packages/airflow/example_dags/example_params_trigger_ui.py
[2026-04-12T11:23:46.726+0000] {processor.py:925} INFO - DAG(s) 'example_params_trigger_ui' retrieved from /home/airflow/.local/lib/python3.12/site-packages/airflow/example_dags/example_params_trigger_ui.py
[2026-04-12T11:23:46.755+0000] {logging_mixin.py:190} INFO - [2026-04-12T11:23:46.755+0000] {dag.py:3239} INFO - Sync 1 DAGs
[2026-04-12T11:23:46.767+0000] {logging_mixin.py:190} INFO - [2026-04-12T11:23:46.767+0000] {dag.py:4180} INFO - Setting next_dagrun for example_params_trigger_ui to None, run_after=None
[2026-04-12T11:23:46.785+0000] {processor.py:208} INFO - Processing /home/airflow/.local/lib/python3.12/site-packages/airflow/example_dags/example_params_trigger_ui.py took 0.073 seconds
[2026-04-12T11:24:17.061+0000] {processor.py:186} INFO - Started process (PID=7192) to work on /home/airflow/.local/lib/python3.12/site-packages/airflow/example_dags/example_params_trigger_ui.py
[2026-04-12T11:24:17.062+0000] {processor.py:914} INFO - Processing file /home/airflow/.local/lib/python3.12/site-packages/airflow/example_dags/example_params_trigger_ui.py for tasks to queue
[2026-04-12T11:24:17.063+0000] {logging_mixin.py:190} INFO - [2026-04-12T11:24:17.063+0000] {dagbag.py:588} INFO - Filling up the DagBag from /home/airflow/.local/lib/python3.12/site-packages/airflow/example_dags/example_params_trigger_ui.py
[2026-04-12T11:24:17.071+0000] {processor.py:925} INFO - DAG(s) 'example_params_trigger_ui' retrieved from /home/airflow/.local/lib/python3.12/site-packages/airflow/example_dags/example_params_trigger_ui.py
[2026-04-12T11:24:17.099+0000] {logging_mixin.py:190} INFO - [2026-04-12T11:24:17.098+0000] {dag.py:3239} INFO - Sync 1 DAGs
[2026-04-12T11:24:17.108+0000] {logging_mixin.py:190} INFO - [2026-04-12T11:24:17.108+0000] {dag.py:4180} INFO - Setting next_dagrun for example_params_trigger_ui to None, run_after=None
[2026-04-12T11:24:17.122+0000] {processor.py:208} INFO - Processing /home/airflow/.local/lib/python3.12/site-packages/airflow/example_dags/example_params_trigger_ui.py took 0.065 seconds
[2026-04-12T11:24:48.142+0000] {processor.py:186} INFO - Started process (PID=7488) to work on /home/airflow/.local/lib/python3.12/site-packages/airflow/example_dags/example_params_trigger_ui.py
[2026-04-12T11:24:48.147+0000] {processor.py:914} INFO - Processing file /home/airflow/.local/lib/python3.12/site-packages/airflow/example_dags/example_params_trigger_ui.py for tasks to queue
[2026-04-12T11:24:48.148+0000] {logging_mixin.py:190} INFO - [2026-04-12T11:24:48.148+0000] {dagbag.py:588} INFO - Filling up the DagBag from /home/airflow/.local/lib/python3.12/site-packages/airflow/example_dags/example_params_trigger_ui.py
[2026-04-12T11:24:48.156+0000] {processor.py:925} INFO - DAG(s) 'example_params_trigger_ui' retrieved from /home/airflow/.local/lib/python3.12/site-packages/airflow/example_dags/example_params_trigger_ui.py
[2026-04-12T11:24:48.186+0000] {logging_mixin.py:190} INFO - [2026-04-12T11:24:48.185+0000] {dag.py:3239} INFO - Sync 1 DAGs
[2026-04-12T11:24:48.195+0000] {logging_mixin.py:190} INFO - [2026-04-12T11:24:48.195+0000] {dag.py:4180} INFO - Setting next_dagrun for example_params_trigger_ui to None, run_after=None
[2026-04-12T11:24:48.209+0000] {processor.py:208} INFO - Processing /home/airflow/.local/lib/python3.12/site-packages/airflow/example_dags/example_params_trigger_ui.py took 0.071 seconds
[2026-04-12T11:25:18.359+0000] {processor.py:186} INFO - Started process (PID=7786) to work on /home/airflow/.local/lib/python3.12/site-packages/airflow/example_dags/example_params_trigger_ui.py
[2026-04-12T11:25:18.360+0000] {processor.py:914} INFO - Processing file /home/airflow/.local/lib/python3.12/site-packages/airflow/example_dags/example_params_trigger_ui.py for tasks to queue
[2026-04-12T11:25:18.362+0000] {logging_mixin.py:190} INFO - [2026-04-12T11:25:18.361+0000] {dagbag.py:588} INFO - Filling up the DagBag from /home/airflow/.local/lib/python3.12/site-packages/airflow/example_dags/example_params_trigger_ui.py
[2026-04-12T11:25:18.368+0000] {processor.py:925} INFO - DAG(s) 'example_params_trigger_ui' retrieved from /home/airflow/.local/lib/python3.12/site-packages/airflow/example_dags/example_params_trigger_ui.py
[2026-04-12T11:25:18.393+0000] {logging_mixin.py:190} INFO - [2026-04-12T11:25:18.392+0000] {dag.py:3239} INFO - Sync 1 DAGs
[2026-04-12T11:25:18.401+0000] {logging_mixin.py:190} INFO - [2026-04-12T11:25:18.401+0000] {dag.py:4180} INFO - Setting next_dagrun for example_params_trigger_ui to None, run_after=None
[2026-04-12T11:25:18.411+0000] {processor.py:208} INFO - Processing /home/airflow/.local/lib/python3.12/site-packages/airflow/example_dags/example_params_trigger_ui.py took 0.055 seconds
[2026-04-12T11:25:48.530+0000] {processor.py:186} INFO - Started process (PID=8080) to work on /home/airflow/.local/lib/python3.12/site-packages/airflow/example_dags/example_params_trigger_ui.py
[2026-04-12T11:25:48.531+0000] {processor.py:914} INFO - Processing file /home/airflow/.local/lib/python3.12/site-packages/airflow/example_dags/example_params_trigger_ui.py for tasks to queue
[2026-04-12T11:25:48.532+0000] {logging_mixin.py:190} INFO - [2026-04-12T11:25:48.532+0000] {dagbag.py:588} INFO - Filling up the DagBag from /home/airflow/.local/lib/python3.12/site-packages/airflow/example_dags/example_params_trigger_ui.py
[2026-04-12T11:25:48.539+0000] {processor.py:925} INFO - DAG(s) 'example_params_trigger_ui' retrieved from /home/airflow/.local/lib/python3.12/site-packages/airflow/example_dags/example_params_trigger_ui.py
[2026-04-12T11:25:48.566+0000] {logging_mixin.py:190} INFO - [2026-04-12T11:25:48.566+0000] {dag.py:3239} INFO - Sync 1 DAGs
[2026-04-12T11:25:48.575+0000] {logging_mixin.py:190} INFO - [2026-04-12T11:25:48.575+0000] {dag.py:4180} INFO - Setting next_dagrun for example_params_trigger_ui to None, run_after=None
[2026-04-12T11:25:48.592+0000] {processor.py:208} INFO - Processing /home/airflow/.local/lib/python3.12/site-packages/airflow/example_dags/example_params_trigger_ui.py took 0.066 seconds
[2026-04-12T11:27:10.172+0000] {processor.py:186} INFO - Started process (PID=8255) to work on /home/airflow/.local/lib/python3.12/site-packages/airflow/example_dags/example_params_trigger_ui.py
[2026-04-12T11:27:10.173+0000] {processor.py:914} INFO - Processing file /home/airflow/.local/lib/python3.12/site-packages/airflow/example_dags/example_params_trigger_ui.py for tasks to queue
[2026-04-12T11:27:10.174+0000] {logging_mixin.py:190} INFO - [2026-04-12T11:27:10.174+0000] {dagbag.py:588} INFO - Filling up the DagBag from /home/airflow/.local/lib/python3.12/site-packages/airflow/example_dags/example_params_trigger_ui.py
[2026-04-12T11:27:10.182+0000] {processor.py:925} INFO - DAG(s) 'example_params_trigger_ui' retrieved from /home/airflow/.local/lib/python3.12/site-packages/airflow/example_dags/example_params_trigger_ui.py
[2026-04-12T11:27:10.208+0000] {logging_mixin.py:190} INFO - [2026-04-12T11:27:10.208+0000] {dag.py:3239} INFO - Sync 1 DAGs
[2026-04-12T11:27:10.218+0000] {logging_mixin.py:190} INFO - [2026-04-12T11:27:10.218+0000] {dag.py:4180} INFO - Setting next_dagrun for example_params_trigger_ui to None, run_after=None
[2026-04-12T11:27:10.229+0000] {processor.py:208} INFO - Processing /home/airflow/.local/lib/python3.12/site-packages/airflow/example_dags/example_params_trigger_ui.py took 0.062 seconds
[2026-04-12T11:29:46.286+0000] {processor.py:186} INFO - Started process (PID=8551) to work on /home/airflow/.local/lib/python3.12/site-packages/airflow/example_dags/example_params_trigger_ui.py
[2026-04-12T11:29:46.289+0000] {processor.py:914} INFO - Processing file /home/airflow/.local/lib/python3.12/site-packages/airflow/example_dags/example_params_trigger_ui.py for tasks to queue
[2026-04-12T11:29:46.290+0000] {logging_mixin.py:190} INFO - [2026-04-12T11:29:46.290+0000] {dagbag.py:588} INFO - Filling up the DagBag from /home/airflow/.local/lib/python3.12/site-packages/airflow/example_dags/example_params_trigger_ui.py
[2026-04-12T11:29:46.300+0000] {processor.py:925} INFO - DAG(s) 'example_params_trigger_ui' retrieved from /home/airflow/.local/lib/python3.12/site-packages/airflow/example_dags/example_params_trigger_ui.py
[2026-04-12T11:29:46.334+0000] {logging_mixin.py:190} INFO - [2026-04-12T11:29:46.334+0000] {dag.py:3239} INFO - Sync 1 DAGs
[2026-04-12T11:29:46.344+0000] {logging_mixin.py:190} INFO - [2026-04-12T11:29:46.344+0000] {dag.py:4180} INFO - Setting next_dagrun for example_params_trigger_ui to None, run_after=None
[2026-04-12T11:29:46.356+0000] {processor.py:208} INFO - Processing /home/airflow/.local/lib/python3.12/site-packages/airflow/example_dags/example_params_trigger_ui.py took 0.074 seconds
[2026-04-12T11:30:16.516+0000] {processor.py:186} INFO - Started process (PID=8844) to work on /home/airflow/.local/lib/python3.12/site-packages/airflow/example_dags/example_params_trigger_ui.py
[2026-04-12T11:30:16.517+0000] {processor.py:914} INFO - Processing file /home/airflow/.local/lib/python3.12/site-packages/airflow/example_dags/example_params_trigger_ui.py for tasks to queue
[2026-04-12T11:30:16.519+0000] {logging_mixin.py:190} INFO - [2026-04-12T11:30:16.519+0000] {dagbag.py:588} INFO - Filling up the DagBag from /home/airflow/.local/lib/python3.12/site-packages/airflow/example_dags/example_params_trigger_ui.py
[2026-04-12T11:30:16.528+0000] {processor.py:925} INFO - DAG(s) 'example_params_trigger_ui' retrieved from /home/airflow/.local/lib/python3.12/site-packages/airflow/example_dags/example_params_trigger_ui.py
[2026-04-12T11:30:16.567+0000] {logging_mixin.py:190} INFO - [2026-04-12T11:30:16.567+0000] {dag.py:3239} INFO - Sync 1 DAGs
[2026-04-12T11:30:16.578+0000] {logging_mixin.py:190} INFO - [2026-04-12T11:30:16.578+0000] {dag.py:4180} INFO - Setting next_dagrun for example_params_trigger_ui to None, run_after=None
[2026-04-12T11:30:16.596+0000] {processor.py:208} INFO - Processing /home/airflow/.local/lib/python3.12/site-packages/airflow/example_dags/example_params_trigger_ui.py took 0.085 seconds
[2026-04-12T11:30:46.966+0000] {processor.py:186} INFO - Started process (PID=9140) to work on /home/airflow/.local/lib/python3.12/site-packages/airflow/example_dags/example_params_trigger_ui.py
[2026-04-12T11:30:46.967+0000] {processor.py:914} INFO - Processing file /home/airflow/.local/lib/python3.12/site-packages/airflow/example_dags/example_params_trigger_ui.py for tasks to queue
[2026-04-12T11:30:46.968+0000] {logging_mixin.py:190} INFO - [2026-04-12T11:30:46.968+0000] {dagbag.py:588} INFO - Filling up the DagBag from /home/airflow/.local/lib/python3.12/site-packages/airflow/example_dags/example_params_trigger_ui.py
[2026-04-12T11:30:46.976+0000] {processor.py:925} INFO - DAG(s) 'example_params_trigger_ui' retrieved from /home/airflow/.local/lib/python3.12/site-packages/airflow/example_dags/example_params_trigger_ui.py
[2026-04-12T11:30:47.023+0000] {logging_mixin.py:190} INFO - [2026-04-12T11:30:47.023+0000] {dag.py:3239} INFO - Sync 1 DAGs
[2026-04-12T11:30:47.036+0000] {logging_mixin.py:190} INFO - [2026-04-12T11:30:47.036+0000] {dag.py:4180} INFO - Setting next_dagrun for example_params_trigger_ui to None, run_after=None
[2026-04-12T11:30:47.054+0000] {processor.py:208} INFO - Processing /home/airflow/.local/lib/python3.12/site-packages/airflow/example_dags/example_params_trigger_ui.py took 0.091 seconds
[2026-04-12T11:31:17.148+0000] {processor.py:186} INFO - Started process (PID=9435) to work on /home/airflow/.local/lib/python3.12/site-packages/airflow/example_dags/example_params_trigger_ui.py
[2026-04-12T11:31:17.149+0000] {processor.py:914} INFO - Processing file /home/airflow/.local/lib/python3.12/site-packages/airflow/example_dags/example_params_trigger_ui.py for tasks to queue
[2026-04-12T11:31:17.151+0000] {logging_mixin.py:190} INFO - [2026-04-12T11:31:17.150+0000] {dagbag.py:588} INFO - Filling up the DagBag from /home/airflow/.local/lib/python3.12/site-packages/airflow/example_dags/example_params_trigger_ui.py
[2026-04-12T11:31:17.160+0000] {processor.py:925} INFO - DAG(s) 'example_params_trigger_ui' retrieved from /home/airflow/.local/lib/python3.12/site-packages/airflow/example_dags/example_params_trigger_ui.py
[2026-04-12T11:31:17.189+0000] {logging_mixin.py:190} INFO - [2026-04-12T11:31:17.189+0000] {dag.py:3239} INFO - Sync 1 DAGs
[2026-04-12T11:31:17.202+0000] {logging_mixin.py:190} INFO - [2026-04-12T11:31:17.202+0000] {dag.py:4180} INFO - Setting next_dagrun for example_params_trigger_ui to None, run_after=None
[2026-04-12T11:31:17.216+0000] {processor.py:208} INFO - Processing /home/airflow/.local/lib/python3.12/site-packages/airflow/example_dags/example_params_trigger_ui.py took 0.072 seconds
[2026-04-12T11:31:47.494+0000] {processor.py:186} INFO - Started process (PID=9731) to work on /home/airflow/.local/lib/python3.12/site-packages/airflow/example_dags/example_params_trigger_ui.py
[2026-04-12T11:31:47.495+0000] {processor.py:914} INFO - Processing file /home/airflow/.local/lib/python3.12/site-packages/airflow/example_dags/example_params_trigger_ui.py for tasks to queue
[2026-04-12T11:31:47.496+0000] {logging_mixin.py:190} INFO - [2026-04-12T11:31:47.496+0000] {dagbag.py:588} INFO - Filling up the DagBag from /home/airflow/.local/lib/python3.12/site-packages/airflow/example_dags/example_params_trigger_ui.py
[2026-04-12T11:31:47.503+0000] {processor.py:925} INFO - DAG(s) 'example_params_trigger_ui' retrieved from /home/airflow/.local/lib/python3.12/site-packages/airflow/example_dags/example_params_trigger_ui.py
[2026-04-12T11:31:47.527+0000] {logging_mixin.py:190} INFO - [2026-04-12T11:31:47.527+0000] {dag.py:3239} INFO - Sync 1 DAGs
[2026-04-12T11:31:47.535+0000] {logging_mixin.py:190} INFO - [2026-04-12T11:31:47.535+0000] {dag.py:4180} INFO - Setting next_dagrun for example_params_trigger_ui to None, run_after=None
[2026-04-12T11:31:47.545+0000] {processor.py:208} INFO - Processing /home/airflow/.local/lib/python3.12/site-packages/airflow/example_dags/example_params_trigger_ui.py took 0.055 seconds
[2026-04-12T11:32:18.759+0000] {processor.py:186} INFO - Started process (PID=10025) to work on /home/airflow/.local/lib/python3.12/site-packages/airflow/example_dags/example_params_trigger_ui.py
[2026-04-12T11:32:18.763+0000] {processor.py:914} INFO - Processing file /home/airflow/.local/lib/python3.12/site-packages/airflow/example_dags/example_params_trigger_ui.py for tasks to queue
[2026-04-12T11:32:18.766+0000] {logging_mixin.py:190} INFO - [2026-04-12T11:32:18.766+0000] {dagbag.py:588} INFO - Filling up the DagBag from /home/airflow/.local/lib/python3.12/site-packages/airflow/example_dags/example_params_trigger_ui.py
[2026-04-12T11:32:18.780+0000] {processor.py:925} INFO - DAG(s) 'example_params_trigger_ui' retrieved from /home/airflow/.local/lib/python3.12/site-packages/airflow/example_dags/example_params_trigger_ui.py
[2026-04-12T11:32:18.817+0000] {logging_mixin.py:190} INFO - [2026-04-12T11:32:18.817+0000] {dag.py:3239} INFO - Sync 1 DAGs
[2026-04-12T11:32:18.832+0000] {logging_mixin.py:190} INFO - [2026-04-12T11:32:18.832+0000] {dag.py:4180} INFO - Setting next_dagrun for example_params_trigger_ui to None, run_after=None
[2026-04-12T11:32:18.848+0000] {processor.py:208} INFO - Processing /home/airflow/.local/lib/python3.12/site-packages/airflow/example_dags/example_params_trigger_ui.py took 0.093 seconds
[2026-04-12T11:32:49.673+0000] {processor.py:186} INFO - Started process (PID=10321) to work on /home/airflow/.local/lib/python3.12/site-packages/airflow/example_dags/example_params_trigger_ui.py
[2026-04-12T11:32:49.675+0000] {processor.py:914} INFO - Processing file /home/airflow/.local/lib/python3.12/site-packages/airflow/example_dags/example_params_trigger_ui.py for tasks to queue
[2026-04-12T11:32:49.676+0000] {logging_mixin.py:190} INFO - [2026-04-12T11:32:49.676+0000] {dagbag.py:588} INFO - Filling up the DagBag from /home/airflow/.local/lib/python3.12/site-packages/airflow/example_dags/example_params_trigger_ui.py
[2026-04-12T11:32:49.687+0000] {processor.py:925} INFO - DAG(s) 'example_params_trigger_ui' retrieved from /home/airflow/.local/lib/python3.12/site-packages/airflow/example_dags/example_params_trigger_ui.py
[2026-04-12T11:32:49.718+0000] {logging_mixin.py:190} INFO - [2026-04-12T11:32:49.718+0000] {dag.py:3239} INFO - Sync 1 DAGs
[2026-04-12T11:32:49.728+0000] {logging_mixin.py:190} INFO - [2026-04-12T11:32:49.728+0000] {dag.py:4180} INFO - Setting next_dagrun for example_params_trigger_ui to None, run_after=None
[2026-04-12T11:32:49.738+0000] {processor.py:208} INFO - Processing /home/airflow/.local/lib/python3.12/site-packages/airflow/example_dags/example_params_trigger_ui.py took 0.069 seconds
[2026-04-12T11:33:20.669+0000] {processor.py:186} INFO - Started process (PID=10619) to work on /home/airflow/.local/lib/python3.12/site-packages/airflow/example_dags/example_params_trigger_ui.py
[2026-04-12T11:33:20.670+0000] {processor.py:914} INFO - Processing file /home/airflow/.local/lib/python3.12/site-packages/airflow/example_dags/example_params_trigger_ui.py for tasks to queue
[2026-04-12T11:33:20.671+0000] {logging_mixin.py:190} INFO - [2026-04-12T11:33:20.671+0000] {dagbag.py:588} INFO - Filling up the DagBag from /home/airflow/.local/lib/python3.12/site-packages/airflow/example_dags/example_params_trigger_ui.py
[2026-04-12T11:33:20.678+0000] {processor.py:925} INFO - DAG(s) 'example_params_trigger_ui' retrieved from /home/airflow/.local/lib/python3.12/site-packages/airflow/example_dags/example_params_trigger_ui.py
[2026-04-12T11:33:20.703+0000] {logging_mixin.py:190} INFO - [2026-04-12T11:33:20.703+0000] {dag.py:3239} INFO - Sync 1 DAGs
[2026-04-12T11:33:20.711+0000] {logging_mixin.py:190} INFO - [2026-04-12T11:33:20.711+0000] {dag.py:4180} INFO - Setting next_dagrun for example_params_trigger_ui to None, run_after=None
[2026-04-12T11:33:20.721+0000] {processor.py:208} INFO - Processing /home/airflow/.local/lib/python3.12/site-packages/airflow/example_dags/example_params_trigger_ui.py took 0.056 seconds
[2026-04-12T11:33:51.750+0000] {processor.py:186} INFO - Started process (PID=10912) to work on /home/airflow/.local/lib/python3.12/site-packages/airflow/example_dags/example_params_trigger_ui.py
[2026-04-12T11:33:51.753+0000] {processor.py:914} INFO - Processing file /home/airflow/.local/lib/python3.12/site-packages/airflow/example_dags/example_params_trigger_ui.py for tasks to queue
[2026-04-12T11:33:51.754+0000] {logging_mixin.py:190} INFO - [2026-04-12T11:33:51.754+0000] {dagbag.py:588} INFO - Filling up the DagBag from /home/airflow/.local/lib/python3.12/site-packages/airflow/example_dags/example_params_trigger_ui.py
[2026-04-12T11:33:51.763+0000] {processor.py:925} INFO - DAG(s) 'example_params_trigger_ui' retrieved from /home/airflow/.local/lib/python3.12/site-packages/airflow/example_dags/example_params_trigger_ui.py
[2026-04-12T11:33:51.792+0000] {logging_mixin.py:190} INFO - [2026-04-12T11:33:51.792+0000] {dag.py:3239} INFO - Sync 1 DAGs
[2026-04-12T11:33:51.804+0000] {logging_mixin.py:190} INFO - [2026-04-12T11:33:51.804+0000] {dag.py:4180} INFO - Setting next_dagrun for example_params_trigger_ui to None, run_after=None
[2026-04-12T11:33:51.816+0000] {processor.py:208} INFO - Processing /home/airflow/.local/lib/python3.12/site-packages/airflow/example_dags/example_params_trigger_ui.py took 0.070 seconds
[2026-04-12T11:34:22.625+0000] {processor.py:186} INFO - Started process (PID=11210) to work on /home/airflow/.local/lib/python3.12/site-packages/airflow/example_dags/example_params_trigger_ui.py
[2026-04-12T11:34:22.626+0000] {processor.py:914} INFO - Processing file /home/airflow/.local/lib/python3.12/site-packages/airflow/example_dags/example_params_trigger_ui.py for tasks to queue
[2026-04-12T11:34:22.627+0000] {logging_mixin.py:190} INFO - [2026-04-12T11:34:22.627+0000] {dagbag.py:588} INFO - Filling up the DagBag from /home/airflow/.local/lib/python3.12/site-packages/airflow/example_dags/example_params_trigger_ui.py
[2026-04-12T11:34:22.635+0000] {processor.py:925} INFO - DAG(s) 'example_params_trigger_ui' retrieved from /home/airflow/.local/lib/python3.12/site-packages/airflow/example_dags/example_params_trigger_ui.py
[2026-04-12T11:34:22.662+0000] {logging_mixin.py:190} INFO - [2026-04-12T11:34:22.662+0000] {dag.py:3239} INFO - Sync 1 DAGs
[2026-04-12T11:34:22.671+0000] {logging_mixin.py:190} INFO - [2026-04-12T11:34:22.671+0000] {dag.py:4180} INFO - Setting next_dagrun for example_params_trigger_ui to None, run_after=None
[2026-04-12T11:34:22.683+0000] {processor.py:208} INFO - Processing /home/airflow/.local/lib/python3.12/site-packages/airflow/example_dags/example_params_trigger_ui.py took 0.063 seconds
[2026-04-12T11:34:53.435+0000] {processor.py:186} INFO - Started process (PID=11504) to work on /home/airflow/.local/lib/python3.12/site-packages/airflow/example_dags/example_params_trigger_ui.py
[2026-04-12T11:34:53.436+0000] {processor.py:914} INFO - Processing file /home/airflow/.local/lib/python3.12/site-packages/airflow/example_dags/example_params_trigger_ui.py for tasks to queue
[2026-04-12T11:34:53.438+0000] {logging_mixin.py:190} INFO - [2026-04-12T11:34:53.438+0000] {dagbag.py:588} INFO - Filling up the DagBag from /home/airflow/.local/lib/python3.12/site-packages/airflow/example_dags/example_params_trigger_ui.py
[2026-04-12T11:34:53.447+0000] {processor.py:925} INFO - DAG(s) 'example_params_trigger_ui' retrieved from /home/airflow/.local/lib/python3.12/site-packages/airflow/example_dags/example_params_trigger_ui.py
[2026-04-12T11:34:53.473+0000] {logging_mixin.py:190} INFO - [2026-04-12T11:34:53.473+0000] {dag.py:3239} INFO - Sync 1 DAGs
[2026-04-12T11:34:53.482+0000] {logging_mixin.py:190} INFO - [2026-04-12T11:34:53.481+0000] {dag.py:4180} INFO - Setting next_dagrun for example_params_trigger_ui to None, run_after=None
[2026-04-12T11:34:53.494+0000] {processor.py:208} INFO - Processing /home/airflow/.local/lib/python3.12/site-packages/airflow/example_dags/example_params_trigger_ui.py took 0.063 seconds
