[2026-04-12T11:12:45.696+0000] {processor.py:186} INFO - Started process (PID=436) to work on /home/airflow/.local/lib/python3.12/site-packages/airflow/example_dags/example_xcomargs.py
[2026-04-12T11:12:45.697+0000] {processor.py:914} INFO - Processing file /home/airflow/.local/lib/python3.12/site-packages/airflow/example_dags/example_xcomargs.py for tasks to queue
[2026-04-12T11:12:45.700+0000] {logging_mixin.py:190} INFO - [2026-04-12T11:12:45.700+0000] {dagbag.py:588} INFO - Filling up the DagBag from /home/airflow/.local/lib/python3.12/site-packages/airflow/example_dags/example_xcomargs.py
[2026-04-12T11:12:45.721+0000] {processor.py:925} INFO - DAG(s) 'example_xcom_args', 'example_xcom_args_with_operators' retrieved from /home/airflow/.local/lib/python3.12/site-packages/airflow/example_dags/example_xcomargs.py
[2026-04-12T11:12:45.892+0000] {logging_mixin.py:190} INFO - [2026-04-12T11:12:45.891+0000] {override.py:1912} INFO - Created Permission View: can edit on DAG:example_xcom_args
[2026-04-12T11:12:45.901+0000] {logging_mixin.py:190} INFO - [2026-04-12T11:12:45.901+0000] {override.py:1912} INFO - Created Permission View: can delete on DAG:example_xcom_args
[2026-04-12T11:12:45.908+0000] {logging_mixin.py:190} INFO - [2026-04-12T11:12:45.908+0000] {override.py:1912} INFO - Created Permission View: can read on DAG:example_xcom_args
[2026-04-12T11:12:45.916+0000] {logging_mixin.py:190} INFO - [2026-04-12T11:12:45.916+0000] {override.py:1912} INFO - Created Permission View: can delete on DAG Run:example_xcom_args
[2026-04-12T11:12:45.923+0000] {logging_mixin.py:190} INFO - [2026-04-12T11:12:45.923+0000] {override.py:1912} INFO - Created Permission View: can create on DAG Run:example_xcom_args
[2026-04-12T11:12:45.929+0000] {logging_mixin.py:190} INFO - [2026-04-12T11:12:45.928+0000] {override.py:1912} INFO - Created Permission View: can read on DAG Run:example_xcom_args
[2026-04-12T11:12:45.937+0000] {logging_mixin.py:190} INFO - [2026-04-12T11:12:45.937+0000] {override.py:1912} INFO - Created Permission View: menu access on DAG Run:example_xcom_args
[2026-04-12T11:12:45.955+0000] {logging_mixin.py:190} INFO - [2026-04-12T11:12:45.954+0000] {override.py:1912} INFO - Created Permission View: can edit on DAG:example_xcom_args_with_operators
[2026-04-12T11:12:45.962+0000] {logging_mixin.py:190} INFO - [2026-04-12T11:12:45.961+0000] {override.py:1912} INFO - Created Permission View: can delete on DAG:example_xcom_args_with_operators
[2026-04-12T11:12:45.969+0000] {logging_mixin.py:190} INFO - [2026-04-12T11:12:45.969+0000] {override.py:1912} INFO - Created Permission View: can read on DAG:example_xcom_args_with_operators
[2026-04-12T11:12:45.978+0000] {logging_mixin.py:190} INFO - [2026-04-12T11:12:45.978+0000] {override.py:1912} INFO - Created Permission View: can delete on DAG Run:example_xcom_args_with_operators
[2026-04-12T11:12:45.995+0000] {logging_mixin.py:190} INFO - [2026-04-12T11:12:45.995+0000] {override.py:1912} INFO - Created Permission View: can create on DAG Run:example_xcom_args_with_operators
[2026-04-12T11:12:46.001+0000] {logging_mixin.py:190} INFO - [2026-04-12T11:12:46.001+0000] {override.py:1912} INFO - Created Permission View: can read on DAG Run:example_xcom_args_with_operators
[2026-04-12T11:12:46.006+0000] {logging_mixin.py:190} INFO - [2026-04-12T11:12:46.006+0000] {override.py:1912} INFO - Created Permission View: menu access on DAG Run:example_xcom_args_with_operators
[2026-04-12T11:12:46.007+0000] {logging_mixin.py:190} INFO - [2026-04-12T11:12:46.007+0000] {dag.py:3239} INFO - Sync 2 DAGs
[2026-04-12T11:12:46.021+0000] {logging_mixin.py:190} INFO - [2026-04-12T11:12:46.021+0000] {dag.py:3262} INFO - Creating ORM DAG for example_xcom_args_with_operators
[2026-04-12T11:12:46.022+0000] {logging_mixin.py:190} INFO - [2026-04-12T11:12:46.021+0000] {dag.py:3262} INFO - Creating ORM DAG for example_xcom_args
[2026-04-12T11:12:46.022+0000] {logging_mixin.py:190} INFO - [2026-04-12T11:12:46.022+0000] {dag.py:4180} INFO - Setting next_dagrun for example_xcom_args to None, run_after=None
[2026-04-12T11:12:46.024+0000] {logging_mixin.py:190} INFO - [2026-04-12T11:12:46.024+0000] {dag.py:4180} INFO - Setting next_dagrun for example_xcom_args_with_operators to None, run_after=None
[2026-04-12T11:12:46.050+0000] {processor.py:208} INFO - Processing /home/airflow/.local/lib/python3.12/site-packages/airflow/example_dags/example_xcomargs.py took 0.360 seconds
[2026-04-12T11:13:17.080+0000] {processor.py:186} INFO - Started process (PID=733) to work on /home/airflow/.local/lib/python3.12/site-packages/airflow/example_dags/example_xcomargs.py
[2026-04-12T11:13:17.082+0000] {processor.py:914} INFO - Processing file /home/airflow/.local/lib/python3.12/site-packages/airflow/example_dags/example_xcomargs.py for tasks to queue
[2026-04-12T11:13:17.086+0000] {logging_mixin.py:190} INFO - [2026-04-12T11:13:17.085+0000] {dagbag.py:588} INFO - Filling up the DagBag from /home/airflow/.local/lib/python3.12/site-packages/airflow/example_dags/example_xcomargs.py
[2026-04-12T11:13:17.100+0000] {processor.py:925} INFO - DAG(s) 'example_xcom_args_with_operators', 'example_xcom_args' retrieved from /home/airflow/.local/lib/python3.12/site-packages/airflow/example_dags/example_xcomargs.py
[2026-04-12T11:13:17.145+0000] {logging_mixin.py:190} INFO - [2026-04-12T11:13:17.145+0000] {dag.py:3239} INFO - Sync 2 DAGs
[2026-04-12T11:13:17.170+0000] {logging_mixin.py:190} INFO - [2026-04-12T11:13:17.170+0000] {dag.py:4180} INFO - Setting next_dagrun for example_xcom_args to None, run_after=None
[2026-04-12T11:13:17.177+0000] {logging_mixin.py:190} INFO - [2026-04-12T11:13:17.177+0000] {dag.py:4180} INFO - Setting next_dagrun for example_xcom_args_with_operators to None, run_after=None
[2026-04-12T11:13:17.210+0000] {processor.py:208} INFO - Processing /home/airflow/.local/lib/python3.12/site-packages/airflow/example_dags/example_xcomargs.py took 0.143 seconds
[2026-04-12T11:13:48.828+0000] {processor.py:186} INFO - Started process (PID=1030) to work on /home/airflow/.local/lib/python3.12/site-packages/airflow/example_dags/example_xcomargs.py
[2026-04-12T11:13:48.832+0000] {processor.py:914} INFO - Processing file /home/airflow/.local/lib/python3.12/site-packages/airflow/example_dags/example_xcomargs.py for tasks to queue
[2026-04-12T11:13:48.838+0000] {logging_mixin.py:190} INFO - [2026-04-12T11:13:48.837+0000] {dagbag.py:588} INFO - Filling up the DagBag from /home/airflow/.local/lib/python3.12/site-packages/airflow/example_dags/example_xcomargs.py
[2026-04-12T11:13:48.862+0000] {processor.py:925} INFO - DAG(s) 'example_xcom_args_with_operators', 'example_xcom_args' retrieved from /home/airflow/.local/lib/python3.12/site-packages/airflow/example_dags/example_xcomargs.py
[2026-04-12T11:13:48.971+0000] {logging_mixin.py:190} INFO - [2026-04-12T11:13:48.970+0000] {dag.py:3239} INFO - Sync 2 DAGs
[2026-04-12T11:13:48.995+0000] {logging_mixin.py:190} INFO - [2026-04-12T11:13:48.995+0000] {dag.py:4180} INFO - Setting next_dagrun for example_xcom_args to None, run_after=None
[2026-04-12T11:13:49.002+0000] {logging_mixin.py:190} INFO - [2026-04-12T11:13:49.001+0000] {dag.py:4180} INFO - Setting next_dagrun for example_xcom_args_with_operators to None, run_after=None
[2026-04-12T11:13:49.029+0000] {processor.py:208} INFO - Processing /home/airflow/.local/lib/python3.12/site-packages/airflow/example_dags/example_xcomargs.py took 0.212 seconds
[2026-04-12T11:14:19.314+0000] {processor.py:186} INFO - Started process (PID=1326) to work on /home/airflow/.local/lib/python3.12/site-packages/airflow/example_dags/example_xcomargs.py
[2026-04-12T11:14:19.315+0000] {processor.py:914} INFO - Processing file /home/airflow/.local/lib/python3.12/site-packages/airflow/example_dags/example_xcomargs.py for tasks to queue
[2026-04-12T11:14:19.316+0000] {logging_mixin.py:190} INFO - [2026-04-12T11:14:19.316+0000] {dagbag.py:588} INFO - Filling up the DagBag from /home/airflow/.local/lib/python3.12/site-packages/airflow/example_dags/example_xcomargs.py
[2026-04-12T11:14:19.324+0000] {processor.py:925} INFO - DAG(s) 'example_xcom_args_with_operators', 'example_xcom_args' retrieved from /home/airflow/.local/lib/python3.12/site-packages/airflow/example_dags/example_xcomargs.py
[2026-04-12T11:14:19.338+0000] {logging_mixin.py:190} INFO - [2026-04-12T11:14:19.338+0000] {dag.py:3239} INFO - Sync 2 DAGs
[2026-04-12T11:14:19.347+0000] {logging_mixin.py:190} INFO - [2026-04-12T11:14:19.347+0000] {dag.py:4180} INFO - Setting next_dagrun for example_xcom_args to None, run_after=None
[2026-04-12T11:14:19.349+0000] {logging_mixin.py:190} INFO - [2026-04-12T11:14:19.349+0000] {dag.py:4180} INFO - Setting next_dagrun for example_xcom_args_with_operators to None, run_after=None
[2026-04-12T11:14:19.357+0000] {processor.py:208} INFO - Processing /home/airflow/.local/lib/python3.12/site-packages/airflow/example_dags/example_xcomargs.py took 0.047 seconds
[2026-04-12T11:14:50.747+0000] {processor.py:186} INFO - Started process (PID=1622) to work on /home/airflow/.local/lib/python3.12/site-packages/airflow/example_dags/example_xcomargs.py
[2026-04-12T11:14:50.748+0000] {processor.py:914} INFO - Processing file /home/airflow/.local/lib/python3.12/site-packages/airflow/example_dags/example_xcomargs.py for tasks to queue
[2026-04-12T11:14:50.751+0000] {logging_mixin.py:190} INFO - [2026-04-12T11:14:50.750+0000] {dagbag.py:588} INFO - Filling up the DagBag from /home/airflow/.local/lib/python3.12/site-packages/airflow/example_dags/example_xcomargs.py
[2026-04-12T11:14:50.757+0000] {processor.py:925} INFO - DAG(s) 'example_xcom_args', 'example_xcom_args_with_operators' retrieved from /home/airflow/.local/lib/python3.12/site-packages/airflow/example_dags/example_xcomargs.py
[2026-04-12T11:14:50.772+0000] {logging_mixin.py:190} INFO - [2026-04-12T11:14:50.772+0000] {dag.py:3239} INFO - Sync 2 DAGs
[2026-04-12T11:14:50.783+0000] {logging_mixin.py:190} INFO - [2026-04-12T11:14:50.783+0000] {dag.py:4180} INFO - Setting next_dagrun for example_xcom_args to None, run_after=None
[2026-04-12T11:14:50.785+0000] {logging_mixin.py:190} INFO - [2026-04-12T11:14:50.785+0000] {dag.py:4180} INFO - Setting next_dagrun for example_xcom_args_with_operators to None, run_after=None
[2026-04-12T11:14:50.794+0000] {processor.py:208} INFO - Processing /home/airflow/.local/lib/python3.12/site-packages/airflow/example_dags/example_xcomargs.py took 0.052 seconds
[2026-04-12T11:15:21.363+0000] {processor.py:186} INFO - Started process (PID=1919) to work on /home/airflow/.local/lib/python3.12/site-packages/airflow/example_dags/example_xcomargs.py
[2026-04-12T11:15:21.364+0000] {processor.py:914} INFO - Processing file /home/airflow/.local/lib/python3.12/site-packages/airflow/example_dags/example_xcomargs.py for tasks to queue
[2026-04-12T11:15:21.366+0000] {logging_mixin.py:190} INFO - [2026-04-12T11:15:21.366+0000] {dagbag.py:588} INFO - Filling up the DagBag from /home/airflow/.local/lib/python3.12/site-packages/airflow/example_dags/example_xcomargs.py
[2026-04-12T11:15:21.372+0000] {processor.py:925} INFO - DAG(s) 'example_xcom_args_with_operators', 'example_xcom_args' retrieved from /home/airflow/.local/lib/python3.12/site-packages/airflow/example_dags/example_xcomargs.py
[2026-04-12T11:15:21.386+0000] {logging_mixin.py:190} INFO - [2026-04-12T11:15:21.386+0000] {dag.py:3239} INFO - Sync 2 DAGs
[2026-04-12T11:15:21.395+0000] {logging_mixin.py:190} INFO - [2026-04-12T11:15:21.395+0000] {dag.py:4180} INFO - Setting next_dagrun for example_xcom_args to None, run_after=None
[2026-04-12T11:15:21.397+0000] {logging_mixin.py:190} INFO - [2026-04-12T11:15:21.397+0000] {dag.py:4180} INFO - Setting next_dagrun for example_xcom_args_with_operators to None, run_after=None
[2026-04-12T11:15:21.406+0000] {processor.py:208} INFO - Processing /home/airflow/.local/lib/python3.12/site-packages/airflow/example_dags/example_xcomargs.py took 0.047 seconds
[2026-04-12T11:15:52.312+0000] {processor.py:186} INFO - Started process (PID=2215) to work on /home/airflow/.local/lib/python3.12/site-packages/airflow/example_dags/example_xcomargs.py
[2026-04-12T11:15:52.313+0000] {processor.py:914} INFO - Processing file /home/airflow/.local/lib/python3.12/site-packages/airflow/example_dags/example_xcomargs.py for tasks to queue
[2026-04-12T11:15:52.315+0000] {logging_mixin.py:190} INFO - [2026-04-12T11:15:52.315+0000] {dagbag.py:588} INFO - Filling up the DagBag from /home/airflow/.local/lib/python3.12/site-packages/airflow/example_dags/example_xcomargs.py
[2026-04-12T11:15:52.322+0000] {processor.py:925} INFO - DAG(s) 'example_xcom_args_with_operators', 'example_xcom_args' retrieved from /home/airflow/.local/lib/python3.12/site-packages/airflow/example_dags/example_xcomargs.py
[2026-04-12T11:15:52.341+0000] {logging_mixin.py:190} INFO - [2026-04-12T11:15:52.341+0000] {dag.py:3239} INFO - Sync 2 DAGs
[2026-04-12T11:15:52.354+0000] {logging_mixin.py:190} INFO - [2026-04-12T11:15:52.354+0000] {dag.py:4180} INFO - Setting next_dagrun for example_xcom_args to None, run_after=None
[2026-04-12T11:15:52.361+0000] {logging_mixin.py:190} INFO - [2026-04-12T11:15:52.360+0000] {dag.py:4180} INFO - Setting next_dagrun for example_xcom_args_with_operators to None, run_after=None
[2026-04-12T11:15:52.378+0000] {processor.py:208} INFO - Processing /home/airflow/.local/lib/python3.12/site-packages/airflow/example_dags/example_xcomargs.py took 0.070 seconds
[2026-04-12T11:16:23.095+0000] {processor.py:186} INFO - Started process (PID=2511) to work on /home/airflow/.local/lib/python3.12/site-packages/airflow/example_dags/example_xcomargs.py
[2026-04-12T11:16:23.099+0000] {processor.py:914} INFO - Processing file /home/airflow/.local/lib/python3.12/site-packages/airflow/example_dags/example_xcomargs.py for tasks to queue
[2026-04-12T11:16:23.102+0000] {logging_mixin.py:190} INFO - [2026-04-12T11:16:23.101+0000] {dagbag.py:588} INFO - Filling up the DagBag from /home/airflow/.local/lib/python3.12/site-packages/airflow/example_dags/example_xcomargs.py
[2026-04-12T11:16:23.113+0000] {processor.py:925} INFO - DAG(s) 'example_xcom_args', 'example_xcom_args_with_operators' retrieved from /home/airflow/.local/lib/python3.12/site-packages/airflow/example_dags/example_xcomargs.py
[2026-04-12T11:16:23.137+0000] {logging_mixin.py:190} INFO - [2026-04-12T11:16:23.136+0000] {dag.py:3239} INFO - Sync 2 DAGs
[2026-04-12T11:16:23.149+0000] {logging_mixin.py:190} INFO - [2026-04-12T11:16:23.149+0000] {dag.py:4180} INFO - Setting next_dagrun for example_xcom_args to None, run_after=None
[2026-04-12T11:16:23.155+0000] {logging_mixin.py:190} INFO - [2026-04-12T11:16:23.155+0000] {dag.py:4180} INFO - Setting next_dagrun for example_xcom_args_with_operators to None, run_after=None
[2026-04-12T11:16:23.172+0000] {processor.py:208} INFO - Processing /home/airflow/.local/lib/python3.12/site-packages/airflow/example_dags/example_xcomargs.py took 0.108 seconds
[2026-04-12T11:16:54.266+0000] {processor.py:186} INFO - Started process (PID=2807) to work on /home/airflow/.local/lib/python3.12/site-packages/airflow/example_dags/example_xcomargs.py
[2026-04-12T11:16:54.267+0000] {processor.py:914} INFO - Processing file /home/airflow/.local/lib/python3.12/site-packages/airflow/example_dags/example_xcomargs.py for tasks to queue
[2026-04-12T11:16:54.268+0000] {logging_mixin.py:190} INFO - [2026-04-12T11:16:54.268+0000] {dagbag.py:588} INFO - Filling up the DagBag from /home/airflow/.local/lib/python3.12/site-packages/airflow/example_dags/example_xcomargs.py
[2026-04-12T11:16:54.275+0000] {processor.py:925} INFO - DAG(s) 'example_xcom_args_with_operators', 'example_xcom_args' retrieved from /home/airflow/.local/lib/python3.12/site-packages/airflow/example_dags/example_xcomargs.py
[2026-04-12T11:16:54.293+0000] {logging_mixin.py:190} INFO - [2026-04-12T11:16:54.293+0000] {dag.py:3239} INFO - Sync 2 DAGs
[2026-04-12T11:16:54.315+0000] {logging_mixin.py:190} INFO - [2026-04-12T11:16:54.315+0000] {dag.py:4180} INFO - Setting next_dagrun for example_xcom_args to None, run_after=None
[2026-04-12T11:16:54.318+0000] {logging_mixin.py:190} INFO - [2026-04-12T11:16:54.318+0000] {dag.py:4180} INFO - Setting next_dagrun for example_xcom_args_with_operators to None, run_after=None
[2026-04-12T11:16:54.334+0000] {processor.py:208} INFO - Processing /home/airflow/.local/lib/python3.12/site-packages/airflow/example_dags/example_xcomargs.py took 0.072 seconds
[2026-04-12T11:17:25.115+0000] {processor.py:186} INFO - Started process (PID=3115) to work on /home/airflow/.local/lib/python3.12/site-packages/airflow/example_dags/example_xcomargs.py
[2026-04-12T11:17:25.116+0000] {processor.py:914} INFO - Processing file /home/airflow/.local/lib/python3.12/site-packages/airflow/example_dags/example_xcomargs.py for tasks to queue
[2026-04-12T11:17:25.117+0000] {logging_mixin.py:190} INFO - [2026-04-12T11:17:25.117+0000] {dagbag.py:588} INFO - Filling up the DagBag from /home/airflow/.local/lib/python3.12/site-packages/airflow/example_dags/example_xcomargs.py
[2026-04-12T11:17:25.124+0000] {processor.py:925} INFO - DAG(s) 'example_xcom_args', 'example_xcom_args_with_operators' retrieved from /home/airflow/.local/lib/python3.12/site-packages/airflow/example_dags/example_xcomargs.py
[2026-04-12T11:17:25.145+0000] {logging_mixin.py:190} INFO - [2026-04-12T11:17:25.145+0000] {dag.py:3239} INFO - Sync 2 DAGs
[2026-04-12T11:17:25.154+0000] {logging_mixin.py:190} INFO - [2026-04-12T11:17:25.154+0000] {dag.py:4180} INFO - Setting next_dagrun for example_xcom_args to None, run_after=None
[2026-04-12T11:17:25.157+0000] {logging_mixin.py:190} INFO - [2026-04-12T11:17:25.156+0000] {dag.py:4180} INFO - Setting next_dagrun for example_xcom_args_with_operators to None, run_after=None
[2026-04-12T11:17:25.166+0000] {processor.py:208} INFO - Processing /home/airflow/.local/lib/python3.12/site-packages/airflow/example_dags/example_xcomargs.py took 0.055 seconds
[2026-04-12T11:17:56.057+0000] {processor.py:186} INFO - Started process (PID=3411) to work on /home/airflow/.local/lib/python3.12/site-packages/airflow/example_dags/example_xcomargs.py
[2026-04-12T11:17:56.059+0000] {processor.py:914} INFO - Processing file /home/airflow/.local/lib/python3.12/site-packages/airflow/example_dags/example_xcomargs.py for tasks to queue
[2026-04-12T11:17:56.060+0000] {logging_mixin.py:190} INFO - [2026-04-12T11:17:56.060+0000] {dagbag.py:588} INFO - Filling up the DagBag from /home/airflow/.local/lib/python3.12/site-packages/airflow/example_dags/example_xcomargs.py
[2026-04-12T11:17:56.067+0000] {processor.py:925} INFO - DAG(s) 'example_xcom_args_with_operators', 'example_xcom_args' retrieved from /home/airflow/.local/lib/python3.12/site-packages/airflow/example_dags/example_xcomargs.py
[2026-04-12T11:17:56.092+0000] {logging_mixin.py:190} INFO - [2026-04-12T11:17:56.092+0000] {dag.py:3239} INFO - Sync 2 DAGs
[2026-04-12T11:17:56.104+0000] {logging_mixin.py:190} INFO - [2026-04-12T11:17:56.103+0000] {dag.py:4180} INFO - Setting next_dagrun for example_xcom_args to None, run_after=None
[2026-04-12T11:17:56.107+0000] {logging_mixin.py:190} INFO - [2026-04-12T11:17:56.107+0000] {dag.py:4180} INFO - Setting next_dagrun for example_xcom_args_with_operators to None, run_after=None
[2026-04-12T11:17:56.118+0000] {processor.py:208} INFO - Processing /home/airflow/.local/lib/python3.12/site-packages/airflow/example_dags/example_xcomargs.py took 0.067 seconds
[2026-04-12T11:18:27.029+0000] {processor.py:186} INFO - Started process (PID=3718) to work on /home/airflow/.local/lib/python3.12/site-packages/airflow/example_dags/example_xcomargs.py
[2026-04-12T11:18:27.030+0000] {processor.py:914} INFO - Processing file /home/airflow/.local/lib/python3.12/site-packages/airflow/example_dags/example_xcomargs.py for tasks to queue
[2026-04-12T11:18:27.031+0000] {logging_mixin.py:190} INFO - [2026-04-12T11:18:27.031+0000] {dagbag.py:588} INFO - Filling up the DagBag from /home/airflow/.local/lib/python3.12/site-packages/airflow/example_dags/example_xcomargs.py
[2026-04-12T11:18:27.038+0000] {processor.py:925} INFO - DAG(s) 'example_xcom_args_with_operators', 'example_xcom_args' retrieved from /home/airflow/.local/lib/python3.12/site-packages/airflow/example_dags/example_xcomargs.py
[2026-04-12T11:18:27.052+0000] {logging_mixin.py:190} INFO - [2026-04-12T11:18:27.052+0000] {dag.py:3239} INFO - Sync 2 DAGs
[2026-04-12T11:18:27.062+0000] {logging_mixin.py:190} INFO - [2026-04-12T11:18:27.062+0000] {dag.py:4180} INFO - Setting next_dagrun for example_xcom_args to None, run_after=None
[2026-04-12T11:18:27.064+0000] {logging_mixin.py:190} INFO - [2026-04-12T11:18:27.064+0000] {dag.py:4180} INFO - Setting next_dagrun for example_xcom_args_with_operators to None, run_after=None
[2026-04-12T11:18:27.074+0000] {processor.py:208} INFO - Processing /home/airflow/.local/lib/python3.12/site-packages/airflow/example_dags/example_xcomargs.py took 0.050 seconds
[2026-04-12T11:18:57.711+0000] {processor.py:186} INFO - Started process (PID=4020) to work on /home/airflow/.local/lib/python3.12/site-packages/airflow/example_dags/example_xcomargs.py
[2026-04-12T11:18:57.712+0000] {processor.py:914} INFO - Processing file /home/airflow/.local/lib/python3.12/site-packages/airflow/example_dags/example_xcomargs.py for tasks to queue
[2026-04-12T11:18:57.713+0000] {logging_mixin.py:190} INFO - [2026-04-12T11:18:57.713+0000] {dagbag.py:588} INFO - Filling up the DagBag from /home/airflow/.local/lib/python3.12/site-packages/airflow/example_dags/example_xcomargs.py
[2026-04-12T11:18:57.719+0000] {processor.py:925} INFO - DAG(s) 'example_xcom_args', 'example_xcom_args_with_operators' retrieved from /home/airflow/.local/lib/python3.12/site-packages/airflow/example_dags/example_xcomargs.py
[2026-04-12T11:18:57.733+0000] {logging_mixin.py:190} INFO - [2026-04-12T11:18:57.733+0000] {dag.py:3239} INFO - Sync 2 DAGs
[2026-04-12T11:18:57.743+0000] {logging_mixin.py:190} INFO - [2026-04-12T11:18:57.742+0000] {dag.py:4180} INFO - Setting next_dagrun for example_xcom_args to None, run_after=None
[2026-04-12T11:18:57.745+0000] {logging_mixin.py:190} INFO - [2026-04-12T11:18:57.745+0000] {dag.py:4180} INFO - Setting next_dagrun for example_xcom_args_with_operators to None, run_after=None
[2026-04-12T11:18:57.754+0000] {processor.py:208} INFO - Processing /home/airflow/.local/lib/python3.12/site-packages/airflow/example_dags/example_xcomargs.py took 0.047 seconds
[2026-04-12T11:19:28.649+0000] {processor.py:186} INFO - Started process (PID=4325) to work on /home/airflow/.local/lib/python3.12/site-packages/airflow/example_dags/example_xcomargs.py
[2026-04-12T11:19:28.651+0000] {processor.py:914} INFO - Processing file /home/airflow/.local/lib/python3.12/site-packages/airflow/example_dags/example_xcomargs.py for tasks to queue
[2026-04-12T11:19:28.653+0000] {logging_mixin.py:190} INFO - [2026-04-12T11:19:28.653+0000] {dagbag.py:588} INFO - Filling up the DagBag from /home/airflow/.local/lib/python3.12/site-packages/airflow/example_dags/example_xcomargs.py
[2026-04-12T11:19:28.664+0000] {processor.py:925} INFO - DAG(s) 'example_xcom_args', 'example_xcom_args_with_operators' retrieved from /home/airflow/.local/lib/python3.12/site-packages/airflow/example_dags/example_xcomargs.py
[2026-04-12T11:19:28.680+0000] {logging_mixin.py:190} INFO - [2026-04-12T11:19:28.680+0000] {dag.py:3239} INFO - Sync 2 DAGs
[2026-04-12T11:19:28.690+0000] {logging_mixin.py:190} INFO - [2026-04-12T11:19:28.690+0000] {dag.py:4180} INFO - Setting next_dagrun for example_xcom_args to None, run_after=None
[2026-04-12T11:19:28.692+0000] {logging_mixin.py:190} INFO - [2026-04-12T11:19:28.692+0000] {dag.py:4180} INFO - Setting next_dagrun for example_xcom_args_with_operators to None, run_after=None
[2026-04-12T11:19:28.708+0000] {processor.py:208} INFO - Processing /home/airflow/.local/lib/python3.12/site-packages/airflow/example_dags/example_xcomargs.py took 0.064 seconds
[2026-04-12T11:19:59.516+0000] {processor.py:186} INFO - Started process (PID=4621) to work on /home/airflow/.local/lib/python3.12/site-packages/airflow/example_dags/example_xcomargs.py
[2026-04-12T11:19:59.517+0000] {processor.py:914} INFO - Processing file /home/airflow/.local/lib/python3.12/site-packages/airflow/example_dags/example_xcomargs.py for tasks to queue
[2026-04-12T11:19:59.519+0000] {logging_mixin.py:190} INFO - [2026-04-12T11:19:59.518+0000] {dagbag.py:588} INFO - Filling up the DagBag from /home/airflow/.local/lib/python3.12/site-packages/airflow/example_dags/example_xcomargs.py
[2026-04-12T11:19:59.528+0000] {processor.py:925} INFO - DAG(s) 'example_xcom_args', 'example_xcom_args_with_operators' retrieved from /home/airflow/.local/lib/python3.12/site-packages/airflow/example_dags/example_xcomargs.py
[2026-04-12T11:19:59.548+0000] {logging_mixin.py:190} INFO - [2026-04-12T11:19:59.548+0000] {dag.py:3239} INFO - Sync 2 DAGs
[2026-04-12T11:19:59.559+0000] {logging_mixin.py:190} INFO - [2026-04-12T11:19:59.559+0000] {dag.py:4180} INFO - Setting next_dagrun for example_xcom_args to None, run_after=None
[2026-04-12T11:19:59.562+0000] {logging_mixin.py:190} INFO - [2026-04-12T11:19:59.561+0000] {dag.py:4180} INFO - Setting next_dagrun for example_xcom_args_with_operators to None, run_after=None
[2026-04-12T11:19:59.581+0000] {processor.py:208} INFO - Processing /home/airflow/.local/lib/python3.12/site-packages/airflow/example_dags/example_xcomargs.py took 0.068 seconds
[2026-04-12T11:20:30.237+0000] {processor.py:186} INFO - Started process (PID=4915) to work on /home/airflow/.local/lib/python3.12/site-packages/airflow/example_dags/example_xcomargs.py
[2026-04-12T11:20:30.239+0000] {processor.py:914} INFO - Processing file /home/airflow/.local/lib/python3.12/site-packages/airflow/example_dags/example_xcomargs.py for tasks to queue
[2026-04-12T11:20:30.240+0000] {logging_mixin.py:190} INFO - [2026-04-12T11:20:30.240+0000] {dagbag.py:588} INFO - Filling up the DagBag from /home/airflow/.local/lib/python3.12/site-packages/airflow/example_dags/example_xcomargs.py
[2026-04-12T11:20:30.252+0000] {processor.py:925} INFO - DAG(s) 'example_xcom_args', 'example_xcom_args_with_operators' retrieved from /home/airflow/.local/lib/python3.12/site-packages/airflow/example_dags/example_xcomargs.py
[2026-04-12T11:20:30.267+0000] {logging_mixin.py:190} INFO - [2026-04-12T11:20:30.266+0000] {dag.py:3239} INFO - Sync 2 DAGs
[2026-04-12T11:20:30.281+0000] {logging_mixin.py:190} INFO - [2026-04-12T11:20:30.281+0000] {dag.py:4180} INFO - Setting next_dagrun for example_xcom_args to None, run_after=None
[2026-04-12T11:20:30.285+0000] {logging_mixin.py:190} INFO - [2026-04-12T11:20:30.285+0000] {dag.py:4180} INFO - Setting next_dagrun for example_xcom_args_with_operators to None, run_after=None
[2026-04-12T11:20:30.296+0000] {processor.py:208} INFO - Processing /home/airflow/.local/lib/python3.12/site-packages/airflow/example_dags/example_xcomargs.py took 0.063 seconds
[2026-04-12T11:21:00.849+0000] {processor.py:186} INFO - Started process (PID=5211) to work on /home/airflow/.local/lib/python3.12/site-packages/airflow/example_dags/example_xcomargs.py
[2026-04-12T11:21:00.851+0000] {processor.py:914} INFO - Processing file /home/airflow/.local/lib/python3.12/site-packages/airflow/example_dags/example_xcomargs.py for tasks to queue
[2026-04-12T11:21:00.853+0000] {logging_mixin.py:190} INFO - [2026-04-12T11:21:00.853+0000] {dagbag.py:588} INFO - Filling up the DagBag from /home/airflow/.local/lib/python3.12/site-packages/airflow/example_dags/example_xcomargs.py
[2026-04-12T11:21:00.862+0000] {processor.py:925} INFO - DAG(s) 'example_xcom_args', 'example_xcom_args_with_operators' retrieved from /home/airflow/.local/lib/python3.12/site-packages/airflow/example_dags/example_xcomargs.py
[2026-04-12T11:21:00.887+0000] {logging_mixin.py:190} INFO - [2026-04-12T11:21:00.887+0000] {dag.py:3239} INFO - Sync 2 DAGs
[2026-04-12T11:21:00.900+0000] {logging_mixin.py:190} INFO - [2026-04-12T11:21:00.899+0000] {dag.py:4180} INFO - Setting next_dagrun for example_xcom_args to None, run_after=None
[2026-04-12T11:21:00.903+0000] {logging_mixin.py:190} INFO - [2026-04-12T11:21:00.903+0000] {dag.py:4180} INFO - Setting next_dagrun for example_xcom_args_with_operators to None, run_after=None
[2026-04-12T11:21:00.920+0000] {processor.py:208} INFO - Processing /home/airflow/.local/lib/python3.12/site-packages/airflow/example_dags/example_xcomargs.py took 0.075 seconds
[2026-04-12T11:21:31.565+0000] {processor.py:186} INFO - Started process (PID=5504) to work on /home/airflow/.local/lib/python3.12/site-packages/airflow/example_dags/example_xcomargs.py
[2026-04-12T11:21:31.566+0000] {processor.py:914} INFO - Processing file /home/airflow/.local/lib/python3.12/site-packages/airflow/example_dags/example_xcomargs.py for tasks to queue
[2026-04-12T11:21:31.567+0000] {logging_mixin.py:190} INFO - [2026-04-12T11:21:31.567+0000] {dagbag.py:588} INFO - Filling up the DagBag from /home/airflow/.local/lib/python3.12/site-packages/airflow/example_dags/example_xcomargs.py
[2026-04-12T11:21:31.576+0000] {processor.py:925} INFO - DAG(s) 'example_xcom_args', 'example_xcom_args_with_operators' retrieved from /home/airflow/.local/lib/python3.12/site-packages/airflow/example_dags/example_xcomargs.py
[2026-04-12T11:21:31.597+0000] {logging_mixin.py:190} INFO - [2026-04-12T11:21:31.597+0000] {dag.py:3239} INFO - Sync 2 DAGs
[2026-04-12T11:21:31.607+0000] {logging_mixin.py:190} INFO - [2026-04-12T11:21:31.606+0000] {dag.py:4180} INFO - Setting next_dagrun for example_xcom_args to None, run_after=None
[2026-04-12T11:21:31.609+0000] {logging_mixin.py:190} INFO - [2026-04-12T11:21:31.609+0000] {dag.py:4180} INFO - Setting next_dagrun for example_xcom_args_with_operators to None, run_after=None
[2026-04-12T11:21:31.619+0000] {processor.py:208} INFO - Processing /home/airflow/.local/lib/python3.12/site-packages/airflow/example_dags/example_xcomargs.py took 0.059 seconds
[2026-04-12T11:22:02.742+0000] {processor.py:186} INFO - Started process (PID=5809) to work on /home/airflow/.local/lib/python3.12/site-packages/airflow/example_dags/example_xcomargs.py
[2026-04-12T11:22:02.743+0000] {processor.py:914} INFO - Processing file /home/airflow/.local/lib/python3.12/site-packages/airflow/example_dags/example_xcomargs.py for tasks to queue
[2026-04-12T11:22:02.745+0000] {logging_mixin.py:190} INFO - [2026-04-12T11:22:02.745+0000] {dagbag.py:588} INFO - Filling up the DagBag from /home/airflow/.local/lib/python3.12/site-packages/airflow/example_dags/example_xcomargs.py
[2026-04-12T11:22:02.752+0000] {processor.py:925} INFO - DAG(s) 'example_xcom_args', 'example_xcom_args_with_operators' retrieved from /home/airflow/.local/lib/python3.12/site-packages/airflow/example_dags/example_xcomargs.py
[2026-04-12T11:22:02.767+0000] {logging_mixin.py:190} INFO - [2026-04-12T11:22:02.766+0000] {dag.py:3239} INFO - Sync 2 DAGs
[2026-04-12T11:22:02.776+0000] {logging_mixin.py:190} INFO - [2026-04-12T11:22:02.776+0000] {dag.py:4180} INFO - Setting next_dagrun for example_xcom_args to None, run_after=None
[2026-04-12T11:22:02.778+0000] {logging_mixin.py:190} INFO - [2026-04-12T11:22:02.778+0000] {dag.py:4180} INFO - Setting next_dagrun for example_xcom_args_with_operators to None, run_after=None
[2026-04-12T11:22:02.787+0000] {processor.py:208} INFO - Processing /home/airflow/.local/lib/python3.12/site-packages/airflow/example_dags/example_xcomargs.py took 0.049 seconds
[2026-04-12T11:22:33.992+0000] {processor.py:186} INFO - Started process (PID=6101) to work on /home/airflow/.local/lib/python3.12/site-packages/airflow/example_dags/example_xcomargs.py
[2026-04-12T11:22:33.994+0000] {processor.py:914} INFO - Processing file /home/airflow/.local/lib/python3.12/site-packages/airflow/example_dags/example_xcomargs.py for tasks to queue
[2026-04-12T11:22:33.996+0000] {logging_mixin.py:190} INFO - [2026-04-12T11:22:33.996+0000] {dagbag.py:588} INFO - Filling up the DagBag from /home/airflow/.local/lib/python3.12/site-packages/airflow/example_dags/example_xcomargs.py
[2026-04-12T11:22:34.005+0000] {processor.py:925} INFO - DAG(s) 'example_xcom_args', 'example_xcom_args_with_operators' retrieved from /home/airflow/.local/lib/python3.12/site-packages/airflow/example_dags/example_xcomargs.py
[2026-04-12T11:22:34.029+0000] {logging_mixin.py:190} INFO - [2026-04-12T11:22:34.029+0000] {dag.py:3239} INFO - Sync 2 DAGs
[2026-04-12T11:22:34.044+0000] {logging_mixin.py:190} INFO - [2026-04-12T11:22:34.044+0000] {dag.py:4180} INFO - Setting next_dagrun for example_xcom_args to None, run_after=None
[2026-04-12T11:22:34.047+0000] {logging_mixin.py:190} INFO - [2026-04-12T11:22:34.047+0000] {dag.py:4180} INFO - Setting next_dagrun for example_xcom_args_with_operators to None, run_after=None
[2026-04-12T11:22:34.057+0000] {processor.py:208} INFO - Processing /home/airflow/.local/lib/python3.12/site-packages/airflow/example_dags/example_xcomargs.py took 0.069 seconds
[2026-04-12T11:23:05.508+0000] {processor.py:186} INFO - Started process (PID=6400) to work on /home/airflow/.local/lib/python3.12/site-packages/airflow/example_dags/example_xcomargs.py
[2026-04-12T11:23:05.512+0000] {processor.py:914} INFO - Processing file /home/airflow/.local/lib/python3.12/site-packages/airflow/example_dags/example_xcomargs.py for tasks to queue
[2026-04-12T11:23:05.516+0000] {logging_mixin.py:190} INFO - [2026-04-12T11:23:05.516+0000] {dagbag.py:588} INFO - Filling up the DagBag from /home/airflow/.local/lib/python3.12/site-packages/airflow/example_dags/example_xcomargs.py
[2026-04-12T11:23:05.527+0000] {processor.py:925} INFO - DAG(s) 'example_xcom_args', 'example_xcom_args_with_operators' retrieved from /home/airflow/.local/lib/python3.12/site-packages/airflow/example_dags/example_xcomargs.py
[2026-04-12T11:23:05.553+0000] {logging_mixin.py:190} INFO - [2026-04-12T11:23:05.552+0000] {dag.py:3239} INFO - Sync 2 DAGs
[2026-04-12T11:23:05.564+0000] {logging_mixin.py:190} INFO - [2026-04-12T11:23:05.563+0000] {dag.py:4180} INFO - Setting next_dagrun for example_xcom_args to None, run_after=None
[2026-04-12T11:23:05.569+0000] {logging_mixin.py:190} INFO - [2026-04-12T11:23:05.569+0000] {dag.py:4180} INFO - Setting next_dagrun for example_xcom_args_with_operators to None, run_after=None
[2026-04-12T11:23:05.583+0000] {processor.py:208} INFO - Processing /home/airflow/.local/lib/python3.12/site-packages/airflow/example_dags/example_xcomargs.py took 0.080 seconds
[2026-04-12T11:23:36.763+0000] {processor.py:186} INFO - Started process (PID=6693) to work on /home/airflow/.local/lib/python3.12/site-packages/airflow/example_dags/example_xcomargs.py
[2026-04-12T11:23:36.764+0000] {processor.py:914} INFO - Processing file /home/airflow/.local/lib/python3.12/site-packages/airflow/example_dags/example_xcomargs.py for tasks to queue
[2026-04-12T11:23:36.766+0000] {logging_mixin.py:190} INFO - [2026-04-12T11:23:36.766+0000] {dagbag.py:588} INFO - Filling up the DagBag from /home/airflow/.local/lib/python3.12/site-packages/airflow/example_dags/example_xcomargs.py
[2026-04-12T11:23:36.773+0000] {processor.py:925} INFO - DAG(s) 'example_xcom_args_with_operators', 'example_xcom_args' retrieved from /home/airflow/.local/lib/python3.12/site-packages/airflow/example_dags/example_xcomargs.py
[2026-04-12T11:23:36.790+0000] {logging_mixin.py:190} INFO - [2026-04-12T11:23:36.790+0000] {dag.py:3239} INFO - Sync 2 DAGs
[2026-04-12T11:23:36.801+0000] {logging_mixin.py:190} INFO - [2026-04-12T11:23:36.801+0000] {dag.py:4180} INFO - Setting next_dagrun for example_xcom_args to None, run_after=None
[2026-04-12T11:23:36.804+0000] {logging_mixin.py:190} INFO - [2026-04-12T11:23:36.803+0000] {dag.py:4180} INFO - Setting next_dagrun for example_xcom_args_with_operators to None, run_after=None
[2026-04-12T11:23:36.815+0000] {processor.py:208} INFO - Processing /home/airflow/.local/lib/python3.12/site-packages/airflow/example_dags/example_xcomargs.py took 0.056 seconds
[2026-04-12T11:24:07.773+0000] {processor.py:186} INFO - Started process (PID=6988) to work on /home/airflow/.local/lib/python3.12/site-packages/airflow/example_dags/example_xcomargs.py
[2026-04-12T11:24:07.774+0000] {processor.py:914} INFO - Processing file /home/airflow/.local/lib/python3.12/site-packages/airflow/example_dags/example_xcomargs.py for tasks to queue
[2026-04-12T11:24:07.776+0000] {logging_mixin.py:190} INFO - [2026-04-12T11:24:07.775+0000] {dagbag.py:588} INFO - Filling up the DagBag from /home/airflow/.local/lib/python3.12/site-packages/airflow/example_dags/example_xcomargs.py
[2026-04-12T11:24:07.782+0000] {processor.py:925} INFO - DAG(s) 'example_xcom_args', 'example_xcom_args_with_operators' retrieved from /home/airflow/.local/lib/python3.12/site-packages/airflow/example_dags/example_xcomargs.py
[2026-04-12T11:24:07.801+0000] {logging_mixin.py:190} INFO - [2026-04-12T11:24:07.801+0000] {dag.py:3239} INFO - Sync 2 DAGs
[2026-04-12T11:24:07.811+0000] {logging_mixin.py:190} INFO - [2026-04-12T11:24:07.811+0000] {dag.py:4180} INFO - Setting next_dagrun for example_xcom_args to None, run_after=None
[2026-04-12T11:24:07.814+0000] {logging_mixin.py:190} INFO - [2026-04-12T11:24:07.814+0000] {dag.py:4180} INFO - Setting next_dagrun for example_xcom_args_with_operators to None, run_after=None
[2026-04-12T11:24:07.832+0000] {processor.py:208} INFO - Processing /home/airflow/.local/lib/python3.12/site-packages/airflow/example_dags/example_xcomargs.py took 0.063 seconds
[2026-04-12T11:24:39.315+0000] {processor.py:186} INFO - Started process (PID=7285) to work on /home/airflow/.local/lib/python3.12/site-packages/airflow/example_dags/example_xcomargs.py
[2026-04-12T11:24:39.316+0000] {processor.py:914} INFO - Processing file /home/airflow/.local/lib/python3.12/site-packages/airflow/example_dags/example_xcomargs.py for tasks to queue
[2026-04-12T11:24:39.317+0000] {logging_mixin.py:190} INFO - [2026-04-12T11:24:39.317+0000] {dagbag.py:588} INFO - Filling up the DagBag from /home/airflow/.local/lib/python3.12/site-packages/airflow/example_dags/example_xcomargs.py
[2026-04-12T11:24:39.324+0000] {processor.py:925} INFO - DAG(s) 'example_xcom_args_with_operators', 'example_xcom_args' retrieved from /home/airflow/.local/lib/python3.12/site-packages/airflow/example_dags/example_xcomargs.py
[2026-04-12T11:24:39.340+0000] {logging_mixin.py:190} INFO - [2026-04-12T11:24:39.340+0000] {dag.py:3239} INFO - Sync 2 DAGs
[2026-04-12T11:24:39.349+0000] {logging_mixin.py:190} INFO - [2026-04-12T11:24:39.349+0000] {dag.py:4180} INFO - Setting next_dagrun for example_xcom_args to None, run_after=None
[2026-04-12T11:24:39.352+0000] {logging_mixin.py:190} INFO - [2026-04-12T11:24:39.352+0000] {dag.py:4180} INFO - Setting next_dagrun for example_xcom_args_with_operators to None, run_after=None
[2026-04-12T11:24:39.367+0000] {processor.py:208} INFO - Processing /home/airflow/.local/lib/python3.12/site-packages/airflow/example_dags/example_xcomargs.py took 0.057 seconds
[2026-04-12T11:25:10.180+0000] {processor.py:186} INFO - Started process (PID=7579) to work on /home/airflow/.local/lib/python3.12/site-packages/airflow/example_dags/example_xcomargs.py
[2026-04-12T11:25:10.181+0000] {processor.py:914} INFO - Processing file /home/airflow/.local/lib/python3.12/site-packages/airflow/example_dags/example_xcomargs.py for tasks to queue
[2026-04-12T11:25:10.183+0000] {logging_mixin.py:190} INFO - [2026-04-12T11:25:10.183+0000] {dagbag.py:588} INFO - Filling up the DagBag from /home/airflow/.local/lib/python3.12/site-packages/airflow/example_dags/example_xcomargs.py
[2026-04-12T11:25:10.190+0000] {processor.py:925} INFO - DAG(s) 'example_xcom_args', 'example_xcom_args_with_operators' retrieved from /home/airflow/.local/lib/python3.12/site-packages/airflow/example_dags/example_xcomargs.py
[2026-04-12T11:25:10.207+0000] {logging_mixin.py:190} INFO - [2026-04-12T11:25:10.207+0000] {dag.py:3239} INFO - Sync 2 DAGs
[2026-04-12T11:25:10.219+0000] {logging_mixin.py:190} INFO - [2026-04-12T11:25:10.218+0000] {dag.py:4180} INFO - Setting next_dagrun for example_xcom_args to None, run_after=None
[2026-04-12T11:25:10.221+0000] {logging_mixin.py:190} INFO - [2026-04-12T11:25:10.221+0000] {dag.py:4180} INFO - Setting next_dagrun for example_xcom_args_with_operators to None, run_after=None
[2026-04-12T11:25:10.237+0000] {processor.py:208} INFO - Processing /home/airflow/.local/lib/python3.12/site-packages/airflow/example_dags/example_xcomargs.py took 0.061 seconds
[2026-04-12T11:25:41.314+0000] {processor.py:186} INFO - Started process (PID=7877) to work on /home/airflow/.local/lib/python3.12/site-packages/airflow/example_dags/example_xcomargs.py
[2026-04-12T11:25:41.315+0000] {processor.py:914} INFO - Processing file /home/airflow/.local/lib/python3.12/site-packages/airflow/example_dags/example_xcomargs.py for tasks to queue
[2026-04-12T11:25:41.316+0000] {logging_mixin.py:190} INFO - [2026-04-12T11:25:41.316+0000] {dagbag.py:588} INFO - Filling up the DagBag from /home/airflow/.local/lib/python3.12/site-packages/airflow/example_dags/example_xcomargs.py
[2026-04-12T11:25:41.323+0000] {processor.py:925} INFO - DAG(s) 'example_xcom_args_with_operators', 'example_xcom_args' retrieved from /home/airflow/.local/lib/python3.12/site-packages/airflow/example_dags/example_xcomargs.py
[2026-04-12T11:25:41.337+0000] {logging_mixin.py:190} INFO - [2026-04-12T11:25:41.336+0000] {dag.py:3239} INFO - Sync 2 DAGs
[2026-04-12T11:25:41.345+0000] {logging_mixin.py:190} INFO - [2026-04-12T11:25:41.345+0000] {dag.py:4180} INFO - Setting next_dagrun for example_xcom_args to None, run_after=None
[2026-04-12T11:25:41.347+0000] {logging_mixin.py:190} INFO - [2026-04-12T11:25:41.347+0000] {dag.py:4180} INFO - Setting next_dagrun for example_xcom_args_with_operators to None, run_after=None
[2026-04-12T11:25:41.357+0000] {processor.py:208} INFO - Processing /home/airflow/.local/lib/python3.12/site-packages/airflow/example_dags/example_xcomargs.py took 0.046 seconds
[2026-04-12T11:27:11.903+0000] {processor.py:186} INFO - Started process (PID=8340) to work on /home/airflow/.local/lib/python3.12/site-packages/airflow/example_dags/example_xcomargs.py
[2026-04-12T11:27:11.904+0000] {processor.py:914} INFO - Processing file /home/airflow/.local/lib/python3.12/site-packages/airflow/example_dags/example_xcomargs.py for tasks to queue
[2026-04-12T11:27:11.906+0000] {logging_mixin.py:190} INFO - [2026-04-12T11:27:11.906+0000] {dagbag.py:588} INFO - Filling up the DagBag from /home/airflow/.local/lib/python3.12/site-packages/airflow/example_dags/example_xcomargs.py
[2026-04-12T11:27:11.913+0000] {processor.py:925} INFO - DAG(s) 'example_xcom_args', 'example_xcom_args_with_operators' retrieved from /home/airflow/.local/lib/python3.12/site-packages/airflow/example_dags/example_xcomargs.py
[2026-04-12T11:27:11.930+0000] {logging_mixin.py:190} INFO - [2026-04-12T11:27:11.930+0000] {dag.py:3239} INFO - Sync 2 DAGs
[2026-04-12T11:27:11.940+0000] {logging_mixin.py:190} INFO - [2026-04-12T11:27:11.940+0000] {dag.py:4180} INFO - Setting next_dagrun for example_xcom_args to None, run_after=None
[2026-04-12T11:27:11.942+0000] {logging_mixin.py:190} INFO - [2026-04-12T11:27:11.942+0000] {dag.py:4180} INFO - Setting next_dagrun for example_xcom_args_with_operators to None, run_after=None
[2026-04-12T11:27:11.955+0000] {processor.py:208} INFO - Processing /home/airflow/.local/lib/python3.12/site-packages/airflow/example_dags/example_xcomargs.py took 0.056 seconds
[2026-04-12T11:29:48.148+0000] {processor.py:186} INFO - Started process (PID=8636) to work on /home/airflow/.local/lib/python3.12/site-packages/airflow/example_dags/example_xcomargs.py
[2026-04-12T11:29:48.155+0000] {processor.py:914} INFO - Processing file /home/airflow/.local/lib/python3.12/site-packages/airflow/example_dags/example_xcomargs.py for tasks to queue
[2026-04-12T11:29:48.156+0000] {logging_mixin.py:190} INFO - [2026-04-12T11:29:48.156+0000] {dagbag.py:588} INFO - Filling up the DagBag from /home/airflow/.local/lib/python3.12/site-packages/airflow/example_dags/example_xcomargs.py
[2026-04-12T11:29:48.163+0000] {processor.py:925} INFO - DAG(s) 'example_xcom_args', 'example_xcom_args_with_operators' retrieved from /home/airflow/.local/lib/python3.12/site-packages/airflow/example_dags/example_xcomargs.py
[2026-04-12T11:29:48.178+0000] {logging_mixin.py:190} INFO - [2026-04-12T11:29:48.178+0000] {dag.py:3239} INFO - Sync 2 DAGs
[2026-04-12T11:29:48.191+0000] {logging_mixin.py:190} INFO - [2026-04-12T11:29:48.191+0000] {dag.py:4180} INFO - Setting next_dagrun for example_xcom_args to None, run_after=None
[2026-04-12T11:29:48.194+0000] {logging_mixin.py:190} INFO - [2026-04-12T11:29:48.194+0000] {dag.py:4180} INFO - Setting next_dagrun for example_xcom_args_with_operators to None, run_after=None
[2026-04-12T11:29:48.216+0000] {processor.py:208} INFO - Processing /home/airflow/.local/lib/python3.12/site-packages/airflow/example_dags/example_xcomargs.py took 0.072 seconds
[2026-04-12T11:30:19.512+0000] {processor.py:186} INFO - Started process (PID=8932) to work on /home/airflow/.local/lib/python3.12/site-packages/airflow/example_dags/example_xcomargs.py
[2026-04-12T11:30:19.522+0000] {processor.py:914} INFO - Processing file /home/airflow/.local/lib/python3.12/site-packages/airflow/example_dags/example_xcomargs.py for tasks to queue
[2026-04-12T11:30:19.525+0000] {logging_mixin.py:190} INFO - [2026-04-12T11:30:19.524+0000] {dagbag.py:588} INFO - Filling up the DagBag from /home/airflow/.local/lib/python3.12/site-packages/airflow/example_dags/example_xcomargs.py
[2026-04-12T11:30:19.536+0000] {processor.py:925} INFO - DAG(s) 'example_xcom_args_with_operators', 'example_xcom_args' retrieved from /home/airflow/.local/lib/python3.12/site-packages/airflow/example_dags/example_xcomargs.py
[2026-04-12T11:30:19.554+0000] {logging_mixin.py:190} INFO - [2026-04-12T11:30:19.554+0000] {dag.py:3239} INFO - Sync 2 DAGs
[2026-04-12T11:30:19.568+0000] {logging_mixin.py:190} INFO - [2026-04-12T11:30:19.568+0000] {dag.py:4180} INFO - Setting next_dagrun for example_xcom_args to None, run_after=None
[2026-04-12T11:30:19.575+0000] {logging_mixin.py:190} INFO - [2026-04-12T11:30:19.575+0000] {dag.py:4180} INFO - Setting next_dagrun for example_xcom_args_with_operators to None, run_after=None
[2026-04-12T11:30:19.590+0000] {processor.py:208} INFO - Processing /home/airflow/.local/lib/python3.12/site-packages/airflow/example_dags/example_xcomargs.py took 0.114 seconds
[2026-04-12T11:30:50.964+0000] {processor.py:186} INFO - Started process (PID=9228) to work on /home/airflow/.local/lib/python3.12/site-packages/airflow/example_dags/example_xcomargs.py
[2026-04-12T11:30:50.965+0000] {processor.py:914} INFO - Processing file /home/airflow/.local/lib/python3.12/site-packages/airflow/example_dags/example_xcomargs.py for tasks to queue
[2026-04-12T11:30:50.967+0000] {logging_mixin.py:190} INFO - [2026-04-12T11:30:50.966+0000] {dagbag.py:588} INFO - Filling up the DagBag from /home/airflow/.local/lib/python3.12/site-packages/airflow/example_dags/example_xcomargs.py
[2026-04-12T11:30:50.975+0000] {processor.py:925} INFO - DAG(s) 'example_xcom_args', 'example_xcom_args_with_operators' retrieved from /home/airflow/.local/lib/python3.12/site-packages/airflow/example_dags/example_xcomargs.py
[2026-04-12T11:30:50.989+0000] {logging_mixin.py:190} INFO - [2026-04-12T11:30:50.989+0000] {dag.py:3239} INFO - Sync 2 DAGs
[2026-04-12T11:30:51.002+0000] {logging_mixin.py:190} INFO - [2026-04-12T11:30:51.002+0000] {dag.py:4180} INFO - Setting next_dagrun for example_xcom_args to None, run_after=None
[2026-04-12T11:30:51.006+0000] {logging_mixin.py:190} INFO - [2026-04-12T11:30:51.006+0000] {dag.py:4180} INFO - Setting next_dagrun for example_xcom_args_with_operators to None, run_after=None
[2026-04-12T11:30:51.024+0000] {processor.py:208} INFO - Processing /home/airflow/.local/lib/python3.12/site-packages/airflow/example_dags/example_xcomargs.py took 0.064 seconds
[2026-04-12T11:31:22.065+0000] {processor.py:186} INFO - Started process (PID=9523) to work on /home/airflow/.local/lib/python3.12/site-packages/airflow/example_dags/example_xcomargs.py
[2026-04-12T11:31:22.067+0000] {processor.py:914} INFO - Processing file /home/airflow/.local/lib/python3.12/site-packages/airflow/example_dags/example_xcomargs.py for tasks to queue
[2026-04-12T11:31:22.068+0000] {logging_mixin.py:190} INFO - [2026-04-12T11:31:22.068+0000] {dagbag.py:588} INFO - Filling up the DagBag from /home/airflow/.local/lib/python3.12/site-packages/airflow/example_dags/example_xcomargs.py
[2026-04-12T11:31:22.079+0000] {processor.py:925} INFO - DAG(s) 'example_xcom_args_with_operators', 'example_xcom_args' retrieved from /home/airflow/.local/lib/python3.12/site-packages/airflow/example_dags/example_xcomargs.py
[2026-04-12T11:31:22.094+0000] {logging_mixin.py:190} INFO - [2026-04-12T11:31:22.094+0000] {dag.py:3239} INFO - Sync 2 DAGs
[2026-04-12T11:31:22.104+0000] {logging_mixin.py:190} INFO - [2026-04-12T11:31:22.104+0000] {dag.py:4180} INFO - Setting next_dagrun for example_xcom_args to None, run_after=None
[2026-04-12T11:31:22.107+0000] {logging_mixin.py:190} INFO - [2026-04-12T11:31:22.107+0000] {dag.py:4180} INFO - Setting next_dagrun for example_xcom_args_with_operators to None, run_after=None
[2026-04-12T11:31:22.117+0000] {processor.py:208} INFO - Processing /home/airflow/.local/lib/python3.12/site-packages/airflow/example_dags/example_xcomargs.py took 0.056 seconds
[2026-04-12T11:31:53.375+0000] {processor.py:186} INFO - Started process (PID=9819) to work on /home/airflow/.local/lib/python3.12/site-packages/airflow/example_dags/example_xcomargs.py
[2026-04-12T11:31:53.380+0000] {processor.py:914} INFO - Processing file /home/airflow/.local/lib/python3.12/site-packages/airflow/example_dags/example_xcomargs.py for tasks to queue
[2026-04-12T11:31:53.382+0000] {logging_mixin.py:190} INFO - [2026-04-12T11:31:53.382+0000] {dagbag.py:588} INFO - Filling up the DagBag from /home/airflow/.local/lib/python3.12/site-packages/airflow/example_dags/example_xcomargs.py
[2026-04-12T11:31:53.389+0000] {processor.py:925} INFO - DAG(s) 'example_xcom_args_with_operators', 'example_xcom_args' retrieved from /home/airflow/.local/lib/python3.12/site-packages/airflow/example_dags/example_xcomargs.py
[2026-04-12T11:31:53.403+0000] {logging_mixin.py:190} INFO - [2026-04-12T11:31:53.403+0000] {dag.py:3239} INFO - Sync 2 DAGs
[2026-04-12T11:31:53.415+0000] {logging_mixin.py:190} INFO - [2026-04-12T11:31:53.415+0000] {dag.py:4180} INFO - Setting next_dagrun for example_xcom_args to None, run_after=None
[2026-04-12T11:31:53.418+0000] {logging_mixin.py:190} INFO - [2026-04-12T11:31:53.418+0000] {dag.py:4180} INFO - Setting next_dagrun for example_xcom_args_with_operators to None, run_after=None
[2026-04-12T11:31:53.431+0000] {processor.py:208} INFO - Processing /home/airflow/.local/lib/python3.12/site-packages/airflow/example_dags/example_xcomargs.py took 0.059 seconds
[2026-04-12T11:32:25.523+0000] {processor.py:186} INFO - Started process (PID=10123) to work on /home/airflow/.local/lib/python3.12/site-packages/airflow/example_dags/example_xcomargs.py
[2026-04-12T11:32:25.525+0000] {processor.py:914} INFO - Processing file /home/airflow/.local/lib/python3.12/site-packages/airflow/example_dags/example_xcomargs.py for tasks to queue
[2026-04-12T11:32:25.527+0000] {logging_mixin.py:190} INFO - [2026-04-12T11:32:25.527+0000] {dagbag.py:588} INFO - Filling up the DagBag from /home/airflow/.local/lib/python3.12/site-packages/airflow/example_dags/example_xcomargs.py
[2026-04-12T11:32:25.537+0000] {processor.py:925} INFO - DAG(s) 'example_xcom_args_with_operators', 'example_xcom_args' retrieved from /home/airflow/.local/lib/python3.12/site-packages/airflow/example_dags/example_xcomargs.py
[2026-04-12T11:32:25.564+0000] {logging_mixin.py:190} INFO - [2026-04-12T11:32:25.564+0000] {dag.py:3239} INFO - Sync 2 DAGs
[2026-04-12T11:32:25.579+0000] {logging_mixin.py:190} INFO - [2026-04-12T11:32:25.578+0000] {dag.py:4180} INFO - Setting next_dagrun for example_xcom_args to None, run_after=None
[2026-04-12T11:32:25.581+0000] {logging_mixin.py:190} INFO - [2026-04-12T11:32:25.581+0000] {dag.py:4180} INFO - Setting next_dagrun for example_xcom_args_with_operators to None, run_after=None
[2026-04-12T11:32:25.603+0000] {processor.py:208} INFO - Processing /home/airflow/.local/lib/python3.12/site-packages/airflow/example_dags/example_xcomargs.py took 0.086 seconds
[2026-04-12T11:32:56.566+0000] {processor.py:186} INFO - Started process (PID=10419) to work on /home/airflow/.local/lib/python3.12/site-packages/airflow/example_dags/example_xcomargs.py
[2026-04-12T11:32:56.566+0000] {processor.py:914} INFO - Processing file /home/airflow/.local/lib/python3.12/site-packages/airflow/example_dags/example_xcomargs.py for tasks to queue
[2026-04-12T11:32:56.568+0000] {logging_mixin.py:190} INFO - [2026-04-12T11:32:56.568+0000] {dagbag.py:588} INFO - Filling up the DagBag from /home/airflow/.local/lib/python3.12/site-packages/airflow/example_dags/example_xcomargs.py
[2026-04-12T11:32:56.574+0000] {processor.py:925} INFO - DAG(s) 'example_xcom_args', 'example_xcom_args_with_operators' retrieved from /home/airflow/.local/lib/python3.12/site-packages/airflow/example_dags/example_xcomargs.py
[2026-04-12T11:32:56.589+0000] {logging_mixin.py:190} INFO - [2026-04-12T11:32:56.589+0000] {dag.py:3239} INFO - Sync 2 DAGs
[2026-04-12T11:32:56.598+0000] {logging_mixin.py:190} INFO - [2026-04-12T11:32:56.598+0000] {dag.py:4180} INFO - Setting next_dagrun for example_xcom_args to None, run_after=None
[2026-04-12T11:32:56.600+0000] {logging_mixin.py:190} INFO - [2026-04-12T11:32:56.600+0000] {dag.py:4180} INFO - Setting next_dagrun for example_xcom_args_with_operators to None, run_after=None
[2026-04-12T11:32:56.610+0000] {processor.py:208} INFO - Processing /home/airflow/.local/lib/python3.12/site-packages/airflow/example_dags/example_xcomargs.py took 0.048 seconds
[2026-04-12T11:33:27.392+0000] {processor.py:186} INFO - Started process (PID=10714) to work on /home/airflow/.local/lib/python3.12/site-packages/airflow/example_dags/example_xcomargs.py
[2026-04-12T11:33:27.393+0000] {processor.py:914} INFO - Processing file /home/airflow/.local/lib/python3.12/site-packages/airflow/example_dags/example_xcomargs.py for tasks to queue
[2026-04-12T11:33:27.394+0000] {logging_mixin.py:190} INFO - [2026-04-12T11:33:27.394+0000] {dagbag.py:588} INFO - Filling up the DagBag from /home/airflow/.local/lib/python3.12/site-packages/airflow/example_dags/example_xcomargs.py
[2026-04-12T11:33:27.401+0000] {processor.py:925} INFO - DAG(s) 'example_xcom_args_with_operators', 'example_xcom_args' retrieved from /home/airflow/.local/lib/python3.12/site-packages/airflow/example_dags/example_xcomargs.py
[2026-04-12T11:33:27.416+0000] {logging_mixin.py:190} INFO - [2026-04-12T11:33:27.415+0000] {dag.py:3239} INFO - Sync 2 DAGs
[2026-04-12T11:33:27.425+0000] {logging_mixin.py:190} INFO - [2026-04-12T11:33:27.425+0000] {dag.py:4180} INFO - Setting next_dagrun for example_xcom_args to None, run_after=None
[2026-04-12T11:33:27.428+0000] {logging_mixin.py:190} INFO - [2026-04-12T11:33:27.428+0000] {dag.py:4180} INFO - Setting next_dagrun for example_xcom_args_with_operators to None, run_after=None
[2026-04-12T11:33:27.439+0000] {processor.py:208} INFO - Processing /home/airflow/.local/lib/python3.12/site-packages/airflow/example_dags/example_xcomargs.py took 0.051 seconds
[2026-04-12T11:33:58.330+0000] {processor.py:186} INFO - Started process (PID=11010) to work on /home/airflow/.local/lib/python3.12/site-packages/airflow/example_dags/example_xcomargs.py
[2026-04-12T11:33:58.331+0000] {processor.py:914} INFO - Processing file /home/airflow/.local/lib/python3.12/site-packages/airflow/example_dags/example_xcomargs.py for tasks to queue
[2026-04-12T11:33:58.332+0000] {logging_mixin.py:190} INFO - [2026-04-12T11:33:58.332+0000] {dagbag.py:588} INFO - Filling up the DagBag from /home/airflow/.local/lib/python3.12/site-packages/airflow/example_dags/example_xcomargs.py
[2026-04-12T11:33:58.339+0000] {processor.py:925} INFO - DAG(s) 'example_xcom_args', 'example_xcom_args_with_operators' retrieved from /home/airflow/.local/lib/python3.12/site-packages/airflow/example_dags/example_xcomargs.py
[2026-04-12T11:33:58.353+0000] {logging_mixin.py:190} INFO - [2026-04-12T11:33:58.353+0000] {dag.py:3239} INFO - Sync 2 DAGs
[2026-04-12T11:33:58.362+0000] {logging_mixin.py:190} INFO - [2026-04-12T11:33:58.361+0000] {dag.py:4180} INFO - Setting next_dagrun for example_xcom_args to None, run_after=None
[2026-04-12T11:33:58.364+0000] {logging_mixin.py:190} INFO - [2026-04-12T11:33:58.364+0000] {dag.py:4180} INFO - Setting next_dagrun for example_xcom_args_with_operators to None, run_after=None
[2026-04-12T11:33:58.373+0000] {processor.py:208} INFO - Processing /home/airflow/.local/lib/python3.12/site-packages/airflow/example_dags/example_xcomargs.py took 0.047 seconds
[2026-04-12T11:34:29.369+0000] {processor.py:186} INFO - Started process (PID=11304) to work on /home/airflow/.local/lib/python3.12/site-packages/airflow/example_dags/example_xcomargs.py
[2026-04-12T11:34:29.371+0000] {processor.py:914} INFO - Processing file /home/airflow/.local/lib/python3.12/site-packages/airflow/example_dags/example_xcomargs.py for tasks to queue
[2026-04-12T11:34:29.373+0000] {logging_mixin.py:190} INFO - [2026-04-12T11:34:29.373+0000] {dagbag.py:588} INFO - Filling up the DagBag from /home/airflow/.local/lib/python3.12/site-packages/airflow/example_dags/example_xcomargs.py
[2026-04-12T11:34:29.383+0000] {processor.py:925} INFO - DAG(s) 'example_xcom_args', 'example_xcom_args_with_operators' retrieved from /home/airflow/.local/lib/python3.12/site-packages/airflow/example_dags/example_xcomargs.py
[2026-04-12T11:34:29.398+0000] {logging_mixin.py:190} INFO - [2026-04-12T11:34:29.398+0000] {dag.py:3239} INFO - Sync 2 DAGs
[2026-04-12T11:34:29.407+0000] {logging_mixin.py:190} INFO - [2026-04-12T11:34:29.407+0000] {dag.py:4180} INFO - Setting next_dagrun for example_xcom_args to None, run_after=None
[2026-04-12T11:34:29.414+0000] {logging_mixin.py:190} INFO - [2026-04-12T11:34:29.414+0000] {dag.py:4180} INFO - Setting next_dagrun for example_xcom_args_with_operators to None, run_after=None
[2026-04-12T11:34:29.425+0000] {processor.py:208} INFO - Processing /home/airflow/.local/lib/python3.12/site-packages/airflow/example_dags/example_xcomargs.py took 0.060 seconds
[2026-04-12T11:35:00.019+0000] {processor.py:186} INFO - Started process (PID=11601) to work on /home/airflow/.local/lib/python3.12/site-packages/airflow/example_dags/example_xcomargs.py
[2026-04-12T11:35:00.020+0000] {processor.py:914} INFO - Processing file /home/airflow/.local/lib/python3.12/site-packages/airflow/example_dags/example_xcomargs.py for tasks to queue
[2026-04-12T11:35:00.021+0000] {logging_mixin.py:190} INFO - [2026-04-12T11:35:00.021+0000] {dagbag.py:588} INFO - Filling up the DagBag from /home/airflow/.local/lib/python3.12/site-packages/airflow/example_dags/example_xcomargs.py
[2026-04-12T11:35:00.028+0000] {processor.py:925} INFO - DAG(s) 'example_xcom_args', 'example_xcom_args_with_operators' retrieved from /home/airflow/.local/lib/python3.12/site-packages/airflow/example_dags/example_xcomargs.py
[2026-04-12T11:35:00.048+0000] {logging_mixin.py:190} INFO - [2026-04-12T11:35:00.048+0000] {dag.py:3239} INFO - Sync 2 DAGs
[2026-04-12T11:35:00.059+0000] {logging_mixin.py:190} INFO - [2026-04-12T11:35:00.059+0000] {dag.py:4180} INFO - Setting next_dagrun for example_xcom_args to None, run_after=None
[2026-04-12T11:35:00.063+0000] {logging_mixin.py:190} INFO - [2026-04-12T11:35:00.063+0000] {dag.py:4180} INFO - Setting next_dagrun for example_xcom_args_with_operators to None, run_after=None
[2026-04-12T11:35:00.079+0000] {processor.py:208} INFO - Processing /home/airflow/.local/lib/python3.12/site-packages/airflow/example_dags/example_xcomargs.py took 0.064 seconds
