[2026-04-12T11:12:46.018+0000] {processor.py:186} INFO - Started process (PID=441) to work on /home/airflow/.local/lib/python3.12/site-packages/airflow/example_dags/example_branch_python_dop_operator_3.py
[2026-04-12T11:12:46.021+0000] {processor.py:914} INFO - Processing file /home/airflow/.local/lib/python3.12/site-packages/airflow/example_dags/example_branch_python_dop_operator_3.py for tasks to queue
[2026-04-12T11:12:46.024+0000] {logging_mixin.py:190} INFO - [2026-04-12T11:12:46.024+0000] {dagbag.py:588} INFO - Filling up the DagBag from /home/airflow/.local/lib/python3.12/site-packages/airflow/example_dags/example_branch_python_dop_operator_3.py
[2026-04-12T11:12:46.043+0000] {processor.py:925} INFO - DAG(s) 'example_branch_dop_operator_v3' retrieved from /home/airflow/.local/lib/python3.12/site-packages/airflow/example_dags/example_branch_python_dop_operator_3.py
[2026-04-12T11:12:46.176+0000] {logging_mixin.py:190} INFO - [2026-04-12T11:12:46.175+0000] {override.py:1912} INFO - Created Permission View: can edit on DAG:example_branch_dop_operator_v3
[2026-04-12T11:12:46.190+0000] {logging_mixin.py:190} INFO - [2026-04-12T11:12:46.190+0000] {override.py:1912} INFO - Created Permission View: can delete on DAG:example_branch_dop_operator_v3
[2026-04-12T11:12:46.197+0000] {logging_mixin.py:190} INFO - [2026-04-12T11:12:46.197+0000] {override.py:1912} INFO - Created Permission View: can read on DAG:example_branch_dop_operator_v3
[2026-04-12T11:12:46.204+0000] {logging_mixin.py:190} INFO - [2026-04-12T11:12:46.204+0000] {override.py:1912} INFO - Created Permission View: can delete on DAG Run:example_branch_dop_operator_v3
[2026-04-12T11:12:46.209+0000] {logging_mixin.py:190} INFO - [2026-04-12T11:12:46.209+0000] {override.py:1912} INFO - Created Permission View: can create on DAG Run:example_branch_dop_operator_v3
[2026-04-12T11:12:46.216+0000] {logging_mixin.py:190} INFO - [2026-04-12T11:12:46.215+0000] {override.py:1912} INFO - Created Permission View: can read on DAG Run:example_branch_dop_operator_v3
[2026-04-12T11:12:46.223+0000] {logging_mixin.py:190} INFO - [2026-04-12T11:12:46.222+0000] {override.py:1912} INFO - Created Permission View: menu access on DAG Run:example_branch_dop_operator_v3
[2026-04-12T11:12:46.223+0000] {logging_mixin.py:190} INFO - [2026-04-12T11:12:46.223+0000] {dag.py:3239} INFO - Sync 1 DAGs
[2026-04-12T11:12:46.240+0000] {logging_mixin.py:190} INFO - [2026-04-12T11:12:46.239+0000] {dag.py:3262} INFO - Creating ORM DAG for example_branch_dop_operator_v3
[2026-04-12T11:12:46.257+0000] {logging_mixin.py:190} INFO - [2026-04-12T11:12:46.257+0000] {dag.py:4180} INFO - Setting next_dagrun for example_branch_dop_operator_v3 to 2026-04-12 11:11:00+00:00, run_after=2026-04-12 11:12:00+00:00
[2026-04-12T11:12:46.287+0000] {processor.py:208} INFO - Processing /home/airflow/.local/lib/python3.12/site-packages/airflow/example_dags/example_branch_python_dop_operator_3.py took 0.275 seconds
[2026-04-12T11:13:17.098+0000] {processor.py:186} INFO - Started process (PID=736) to work on /home/airflow/.local/lib/python3.12/site-packages/airflow/example_dags/example_branch_python_dop_operator_3.py
[2026-04-12T11:13:17.101+0000] {processor.py:914} INFO - Processing file /home/airflow/.local/lib/python3.12/site-packages/airflow/example_dags/example_branch_python_dop_operator_3.py for tasks to queue
[2026-04-12T11:13:17.106+0000] {logging_mixin.py:190} INFO - [2026-04-12T11:13:17.106+0000] {dagbag.py:588} INFO - Filling up the DagBag from /home/airflow/.local/lib/python3.12/site-packages/airflow/example_dags/example_branch_python_dop_operator_3.py
[2026-04-12T11:13:17.134+0000] {processor.py:925} INFO - DAG(s) 'example_branch_dop_operator_v3' retrieved from /home/airflow/.local/lib/python3.12/site-packages/airflow/example_dags/example_branch_python_dop_operator_3.py
[2026-04-12T11:13:17.172+0000] {logging_mixin.py:190} INFO - [2026-04-12T11:13:17.172+0000] {dag.py:3239} INFO - Sync 1 DAGs
[2026-04-12T11:13:17.205+0000] {logging_mixin.py:190} INFO - [2026-04-12T11:13:17.205+0000] {dag.py:4180} INFO - Setting next_dagrun for example_branch_dop_operator_v3 to 2026-04-12 11:12:00+00:00, run_after=2026-04-12 11:13:00+00:00
[2026-04-12T11:13:17.241+0000] {processor.py:208} INFO - Processing /home/airflow/.local/lib/python3.12/site-packages/airflow/example_dags/example_branch_python_dop_operator_3.py took 0.149 seconds
[2026-04-12T11:13:49.093+0000] {processor.py:186} INFO - Started process (PID=1035) to work on /home/airflow/.local/lib/python3.12/site-packages/airflow/example_dags/example_branch_python_dop_operator_3.py
[2026-04-12T11:13:49.099+0000] {processor.py:914} INFO - Processing file /home/airflow/.local/lib/python3.12/site-packages/airflow/example_dags/example_branch_python_dop_operator_3.py for tasks to queue
[2026-04-12T11:13:49.105+0000] {logging_mixin.py:190} INFO - [2026-04-12T11:13:49.104+0000] {dagbag.py:588} INFO - Filling up the DagBag from /home/airflow/.local/lib/python3.12/site-packages/airflow/example_dags/example_branch_python_dop_operator_3.py
[2026-04-12T11:13:49.119+0000] {processor.py:925} INFO - DAG(s) 'example_branch_dop_operator_v3' retrieved from /home/airflow/.local/lib/python3.12/site-packages/airflow/example_dags/example_branch_python_dop_operator_3.py
[2026-04-12T11:13:49.141+0000] {logging_mixin.py:190} INFO - [2026-04-12T11:13:49.141+0000] {dag.py:3239} INFO - Sync 1 DAGs
[2026-04-12T11:13:49.166+0000] {logging_mixin.py:190} INFO - [2026-04-12T11:13:49.166+0000] {dag.py:4180} INFO - Setting next_dagrun for example_branch_dop_operator_v3 to 2026-04-12 11:12:00+00:00, run_after=2026-04-12 11:13:00+00:00
[2026-04-12T11:13:49.182+0000] {processor.py:208} INFO - Processing /home/airflow/.local/lib/python3.12/site-packages/airflow/example_dags/example_branch_python_dop_operator_3.py took 0.103 seconds
[2026-04-12T11:14:19.375+0000] {processor.py:186} INFO - Started process (PID=1331) to work on /home/airflow/.local/lib/python3.12/site-packages/airflow/example_dags/example_branch_python_dop_operator_3.py
[2026-04-12T11:14:19.376+0000] {processor.py:914} INFO - Processing file /home/airflow/.local/lib/python3.12/site-packages/airflow/example_dags/example_branch_python_dop_operator_3.py for tasks to queue
[2026-04-12T11:14:19.378+0000] {logging_mixin.py:190} INFO - [2026-04-12T11:14:19.377+0000] {dagbag.py:588} INFO - Filling up the DagBag from /home/airflow/.local/lib/python3.12/site-packages/airflow/example_dags/example_branch_python_dop_operator_3.py
[2026-04-12T11:14:19.384+0000] {processor.py:925} INFO - DAG(s) 'example_branch_dop_operator_v3' retrieved from /home/airflow/.local/lib/python3.12/site-packages/airflow/example_dags/example_branch_python_dop_operator_3.py
[2026-04-12T11:14:19.403+0000] {logging_mixin.py:190} INFO - [2026-04-12T11:14:19.403+0000] {dag.py:3239} INFO - Sync 1 DAGs
[2026-04-12T11:14:19.420+0000] {logging_mixin.py:190} INFO - [2026-04-12T11:14:19.420+0000] {dag.py:4180} INFO - Setting next_dagrun for example_branch_dop_operator_v3 to 2026-04-12 11:13:00+00:00, run_after=2026-04-12 11:14:00+00:00
[2026-04-12T11:14:19.431+0000] {processor.py:208} INFO - Processing /home/airflow/.local/lib/python3.12/site-packages/airflow/example_dags/example_branch_python_dop_operator_3.py took 0.060 seconds
[2026-04-12T11:14:50.813+0000] {processor.py:186} INFO - Started process (PID=1627) to work on /home/airflow/.local/lib/python3.12/site-packages/airflow/example_dags/example_branch_python_dop_operator_3.py
[2026-04-12T11:14:50.814+0000] {processor.py:914} INFO - Processing file /home/airflow/.local/lib/python3.12/site-packages/airflow/example_dags/example_branch_python_dop_operator_3.py for tasks to queue
[2026-04-12T11:14:50.816+0000] {logging_mixin.py:190} INFO - [2026-04-12T11:14:50.816+0000] {dagbag.py:588} INFO - Filling up the DagBag from /home/airflow/.local/lib/python3.12/site-packages/airflow/example_dags/example_branch_python_dop_operator_3.py
[2026-04-12T11:14:50.823+0000] {processor.py:925} INFO - DAG(s) 'example_branch_dop_operator_v3' retrieved from /home/airflow/.local/lib/python3.12/site-packages/airflow/example_dags/example_branch_python_dop_operator_3.py
[2026-04-12T11:14:50.847+0000] {logging_mixin.py:190} INFO - [2026-04-12T11:14:50.846+0000] {dag.py:3239} INFO - Sync 1 DAGs
[2026-04-12T11:14:50.865+0000] {logging_mixin.py:190} INFO - [2026-04-12T11:14:50.865+0000] {dag.py:4180} INFO - Setting next_dagrun for example_branch_dop_operator_v3 to 2026-04-12 11:13:00+00:00, run_after=2026-04-12 11:14:00+00:00
[2026-04-12T11:14:50.882+0000] {processor.py:208} INFO - Processing /home/airflow/.local/lib/python3.12/site-packages/airflow/example_dags/example_branch_python_dop_operator_3.py took 0.074 seconds
[2026-04-12T11:15:21.423+0000] {processor.py:186} INFO - Started process (PID=1924) to work on /home/airflow/.local/lib/python3.12/site-packages/airflow/example_dags/example_branch_python_dop_operator_3.py
[2026-04-12T11:15:21.424+0000] {processor.py:914} INFO - Processing file /home/airflow/.local/lib/python3.12/site-packages/airflow/example_dags/example_branch_python_dop_operator_3.py for tasks to queue
[2026-04-12T11:15:21.426+0000] {logging_mixin.py:190} INFO - [2026-04-12T11:15:21.426+0000] {dagbag.py:588} INFO - Filling up the DagBag from /home/airflow/.local/lib/python3.12/site-packages/airflow/example_dags/example_branch_python_dop_operator_3.py
[2026-04-12T11:15:21.432+0000] {processor.py:925} INFO - DAG(s) 'example_branch_dop_operator_v3' retrieved from /home/airflow/.local/lib/python3.12/site-packages/airflow/example_dags/example_branch_python_dop_operator_3.py
[2026-04-12T11:15:21.449+0000] {logging_mixin.py:190} INFO - [2026-04-12T11:15:21.449+0000] {dag.py:3239} INFO - Sync 1 DAGs
[2026-04-12T11:15:21.470+0000] {logging_mixin.py:190} INFO - [2026-04-12T11:15:21.470+0000] {dag.py:4180} INFO - Setting next_dagrun for example_branch_dop_operator_v3 to 2026-04-12 11:14:00+00:00, run_after=2026-04-12 11:15:00+00:00
[2026-04-12T11:15:21.491+0000] {processor.py:208} INFO - Processing /home/airflow/.local/lib/python3.12/site-packages/airflow/example_dags/example_branch_python_dop_operator_3.py took 0.071 seconds
[2026-04-12T11:15:52.324+0000] {processor.py:186} INFO - Started process (PID=2218) to work on /home/airflow/.local/lib/python3.12/site-packages/airflow/example_dags/example_branch_python_dop_operator_3.py
[2026-04-12T11:15:52.325+0000] {processor.py:914} INFO - Processing file /home/airflow/.local/lib/python3.12/site-packages/airflow/example_dags/example_branch_python_dop_operator_3.py for tasks to queue
[2026-04-12T11:15:52.327+0000] {logging_mixin.py:190} INFO - [2026-04-12T11:15:52.326+0000] {dagbag.py:588} INFO - Filling up the DagBag from /home/airflow/.local/lib/python3.12/site-packages/airflow/example_dags/example_branch_python_dop_operator_3.py
[2026-04-12T11:15:52.336+0000] {processor.py:925} INFO - DAG(s) 'example_branch_dop_operator_v3' retrieved from /home/airflow/.local/lib/python3.12/site-packages/airflow/example_dags/example_branch_python_dop_operator_3.py
[2026-04-12T11:15:52.355+0000] {logging_mixin.py:190} INFO - [2026-04-12T11:15:52.355+0000] {dag.py:3239} INFO - Sync 1 DAGs
[2026-04-12T11:15:52.376+0000] {logging_mixin.py:190} INFO - [2026-04-12T11:15:52.376+0000] {dag.py:4180} INFO - Setting next_dagrun for example_branch_dop_operator_v3 to 2026-04-12 11:14:00+00:00, run_after=2026-04-12 11:15:00+00:00
[2026-04-12T11:15:52.389+0000] {processor.py:208} INFO - Processing /home/airflow/.local/lib/python3.12/site-packages/airflow/example_dags/example_branch_python_dop_operator_3.py took 0.069 seconds
[2026-04-12T11:16:23.110+0000] {processor.py:186} INFO - Started process (PID=2514) to work on /home/airflow/.local/lib/python3.12/site-packages/airflow/example_dags/example_branch_python_dop_operator_3.py
[2026-04-12T11:16:23.113+0000] {processor.py:914} INFO - Processing file /home/airflow/.local/lib/python3.12/site-packages/airflow/example_dags/example_branch_python_dop_operator_3.py for tasks to queue
[2026-04-12T11:16:23.115+0000] {logging_mixin.py:190} INFO - [2026-04-12T11:16:23.115+0000] {dagbag.py:588} INFO - Filling up the DagBag from /home/airflow/.local/lib/python3.12/site-packages/airflow/example_dags/example_branch_python_dop_operator_3.py
[2026-04-12T11:16:23.128+0000] {processor.py:925} INFO - DAG(s) 'example_branch_dop_operator_v3' retrieved from /home/airflow/.local/lib/python3.12/site-packages/airflow/example_dags/example_branch_python_dop_operator_3.py
[2026-04-12T11:16:23.147+0000] {logging_mixin.py:190} INFO - [2026-04-12T11:16:23.146+0000] {dag.py:3239} INFO - Sync 1 DAGs
[2026-04-12T11:16:23.165+0000] {logging_mixin.py:190} INFO - [2026-04-12T11:16:23.165+0000] {dag.py:4180} INFO - Setting next_dagrun for example_branch_dop_operator_v3 to 2026-04-12 11:15:00+00:00, run_after=2026-04-12 11:16:00+00:00
[2026-04-12T11:16:23.182+0000] {processor.py:208} INFO - Processing /home/airflow/.local/lib/python3.12/site-packages/airflow/example_dags/example_branch_python_dop_operator_3.py took 0.077 seconds
[2026-04-12T11:16:54.282+0000] {processor.py:186} INFO - Started process (PID=2810) to work on /home/airflow/.local/lib/python3.12/site-packages/airflow/example_dags/example_branch_python_dop_operator_3.py
[2026-04-12T11:16:54.283+0000] {processor.py:914} INFO - Processing file /home/airflow/.local/lib/python3.12/site-packages/airflow/example_dags/example_branch_python_dop_operator_3.py for tasks to queue
[2026-04-12T11:16:54.284+0000] {logging_mixin.py:190} INFO - [2026-04-12T11:16:54.284+0000] {dagbag.py:588} INFO - Filling up the DagBag from /home/airflow/.local/lib/python3.12/site-packages/airflow/example_dags/example_branch_python_dop_operator_3.py
[2026-04-12T11:16:54.291+0000] {processor.py:925} INFO - DAG(s) 'example_branch_dop_operator_v3' retrieved from /home/airflow/.local/lib/python3.12/site-packages/airflow/example_dags/example_branch_python_dop_operator_3.py
[2026-04-12T11:16:54.324+0000] {logging_mixin.py:190} INFO - [2026-04-12T11:16:54.324+0000] {dag.py:3239} INFO - Sync 1 DAGs
[2026-04-12T11:16:54.360+0000] {logging_mixin.py:190} INFO - [2026-04-12T11:16:54.358+0000] {dag.py:4180} INFO - Setting next_dagrun for example_branch_dop_operator_v3 to 2026-04-12 11:15:00+00:00, run_after=2026-04-12 11:16:00+00:00
[2026-04-12T11:16:54.439+0000] {processor.py:208} INFO - Processing /home/airflow/.local/lib/python3.12/site-packages/airflow/example_dags/example_branch_python_dop_operator_3.py took 0.161 seconds
[2026-04-12T11:17:25.185+0000] {processor.py:186} INFO - Started process (PID=3120) to work on /home/airflow/.local/lib/python3.12/site-packages/airflow/example_dags/example_branch_python_dop_operator_3.py
[2026-04-12T11:17:25.186+0000] {processor.py:914} INFO - Processing file /home/airflow/.local/lib/python3.12/site-packages/airflow/example_dags/example_branch_python_dop_operator_3.py for tasks to queue
[2026-04-12T11:17:25.187+0000] {logging_mixin.py:190} INFO - [2026-04-12T11:17:25.187+0000] {dagbag.py:588} INFO - Filling up the DagBag from /home/airflow/.local/lib/python3.12/site-packages/airflow/example_dags/example_branch_python_dop_operator_3.py
[2026-04-12T11:17:25.195+0000] {processor.py:925} INFO - DAG(s) 'example_branch_dop_operator_v3' retrieved from /home/airflow/.local/lib/python3.12/site-packages/airflow/example_dags/example_branch_python_dop_operator_3.py
[2026-04-12T11:17:25.209+0000] {logging_mixin.py:190} INFO - [2026-04-12T11:17:25.209+0000] {dag.py:3239} INFO - Sync 1 DAGs
[2026-04-12T11:17:25.228+0000] {logging_mixin.py:190} INFO - [2026-04-12T11:17:25.228+0000] {dag.py:4180} INFO - Setting next_dagrun for example_branch_dop_operator_v3 to 2026-04-12 11:16:00+00:00, run_after=2026-04-12 11:17:00+00:00
[2026-04-12T11:17:25.239+0000] {processor.py:208} INFO - Processing /home/airflow/.local/lib/python3.12/site-packages/airflow/example_dags/example_branch_python_dop_operator_3.py took 0.058 seconds
[2026-04-12T11:17:56.069+0000] {processor.py:186} INFO - Started process (PID=3414) to work on /home/airflow/.local/lib/python3.12/site-packages/airflow/example_dags/example_branch_python_dop_operator_3.py
[2026-04-12T11:17:56.070+0000] {processor.py:914} INFO - Processing file /home/airflow/.local/lib/python3.12/site-packages/airflow/example_dags/example_branch_python_dop_operator_3.py for tasks to queue
[2026-04-12T11:17:56.072+0000] {logging_mixin.py:190} INFO - [2026-04-12T11:17:56.072+0000] {dagbag.py:588} INFO - Filling up the DagBag from /home/airflow/.local/lib/python3.12/site-packages/airflow/example_dags/example_branch_python_dop_operator_3.py
[2026-04-12T11:17:56.082+0000] {processor.py:925} INFO - DAG(s) 'example_branch_dop_operator_v3' retrieved from /home/airflow/.local/lib/python3.12/site-packages/airflow/example_dags/example_branch_python_dop_operator_3.py
[2026-04-12T11:17:56.098+0000] {logging_mixin.py:190} INFO - [2026-04-12T11:17:56.097+0000] {dag.py:3239} INFO - Sync 1 DAGs
[2026-04-12T11:17:56.120+0000] {logging_mixin.py:190} INFO - [2026-04-12T11:17:56.120+0000] {dag.py:4180} INFO - Setting next_dagrun for example_branch_dop_operator_v3 to 2026-04-12 11:16:00+00:00, run_after=2026-04-12 11:17:00+00:00
[2026-04-12T11:17:56.135+0000] {processor.py:208} INFO - Processing /home/airflow/.local/lib/python3.12/site-packages/airflow/example_dags/example_branch_python_dop_operator_3.py took 0.070 seconds
[2026-04-12T11:18:27.093+0000] {processor.py:186} INFO - Started process (PID=3723) to work on /home/airflow/.local/lib/python3.12/site-packages/airflow/example_dags/example_branch_python_dop_operator_3.py
[2026-04-12T11:18:27.094+0000] {processor.py:914} INFO - Processing file /home/airflow/.local/lib/python3.12/site-packages/airflow/example_dags/example_branch_python_dop_operator_3.py for tasks to queue
[2026-04-12T11:18:27.095+0000] {logging_mixin.py:190} INFO - [2026-04-12T11:18:27.095+0000] {dagbag.py:588} INFO - Filling up the DagBag from /home/airflow/.local/lib/python3.12/site-packages/airflow/example_dags/example_branch_python_dop_operator_3.py
[2026-04-12T11:18:27.103+0000] {processor.py:925} INFO - DAG(s) 'example_branch_dop_operator_v3' retrieved from /home/airflow/.local/lib/python3.12/site-packages/airflow/example_dags/example_branch_python_dop_operator_3.py
[2026-04-12T11:18:27.120+0000] {logging_mixin.py:190} INFO - [2026-04-12T11:18:27.120+0000] {dag.py:3239} INFO - Sync 1 DAGs
[2026-04-12T11:18:27.139+0000] {logging_mixin.py:190} INFO - [2026-04-12T11:18:27.139+0000] {dag.py:4180} INFO - Setting next_dagrun for example_branch_dop_operator_v3 to 2026-04-12 11:17:00+00:00, run_after=2026-04-12 11:18:00+00:00
[2026-04-12T11:18:27.159+0000] {processor.py:208} INFO - Processing /home/airflow/.local/lib/python3.12/site-packages/airflow/example_dags/example_branch_python_dop_operator_3.py took 0.070 seconds
[2026-04-12T11:18:57.773+0000] {processor.py:186} INFO - Started process (PID=4025) to work on /home/airflow/.local/lib/python3.12/site-packages/airflow/example_dags/example_branch_python_dop_operator_3.py
[2026-04-12T11:18:57.774+0000] {processor.py:914} INFO - Processing file /home/airflow/.local/lib/python3.12/site-packages/airflow/example_dags/example_branch_python_dop_operator_3.py for tasks to queue
[2026-04-12T11:18:57.775+0000] {logging_mixin.py:190} INFO - [2026-04-12T11:18:57.775+0000] {dagbag.py:588} INFO - Filling up the DagBag from /home/airflow/.local/lib/python3.12/site-packages/airflow/example_dags/example_branch_python_dop_operator_3.py
[2026-04-12T11:18:57.785+0000] {processor.py:925} INFO - DAG(s) 'example_branch_dop_operator_v3' retrieved from /home/airflow/.local/lib/python3.12/site-packages/airflow/example_dags/example_branch_python_dop_operator_3.py
[2026-04-12T11:18:57.801+0000] {logging_mixin.py:190} INFO - [2026-04-12T11:18:57.801+0000] {dag.py:3239} INFO - Sync 1 DAGs
[2026-04-12T11:18:57.817+0000] {logging_mixin.py:190} INFO - [2026-04-12T11:18:57.817+0000] {dag.py:4180} INFO - Setting next_dagrun for example_branch_dop_operator_v3 to 2026-04-12 11:17:00+00:00, run_after=2026-04-12 11:18:00+00:00
[2026-04-12T11:18:57.835+0000] {processor.py:208} INFO - Processing /home/airflow/.local/lib/python3.12/site-packages/airflow/example_dags/example_branch_python_dop_operator_3.py took 0.068 seconds
[2026-04-12T11:19:28.659+0000] {processor.py:186} INFO - Started process (PID=4328) to work on /home/airflow/.local/lib/python3.12/site-packages/airflow/example_dags/example_branch_python_dop_operator_3.py
[2026-04-12T11:19:28.661+0000] {processor.py:914} INFO - Processing file /home/airflow/.local/lib/python3.12/site-packages/airflow/example_dags/example_branch_python_dop_operator_3.py for tasks to queue
[2026-04-12T11:19:28.662+0000] {logging_mixin.py:190} INFO - [2026-04-12T11:19:28.662+0000] {dagbag.py:588} INFO - Filling up the DagBag from /home/airflow/.local/lib/python3.12/site-packages/airflow/example_dags/example_branch_python_dop_operator_3.py
[2026-04-12T11:19:28.671+0000] {processor.py:925} INFO - DAG(s) 'example_branch_dop_operator_v3' retrieved from /home/airflow/.local/lib/python3.12/site-packages/airflow/example_dags/example_branch_python_dop_operator_3.py
[2026-04-12T11:19:28.697+0000] {logging_mixin.py:190} INFO - [2026-04-12T11:19:28.697+0000] {dag.py:3239} INFO - Sync 1 DAGs
[2026-04-12T11:19:28.720+0000] {logging_mixin.py:190} INFO - [2026-04-12T11:19:28.719+0000] {dag.py:4180} INFO - Setting next_dagrun for example_branch_dop_operator_v3 to 2026-04-12 11:18:00+00:00, run_after=2026-04-12 11:19:00+00:00
[2026-04-12T11:19:28.732+0000] {processor.py:208} INFO - Processing /home/airflow/.local/lib/python3.12/site-packages/airflow/example_dags/example_branch_python_dop_operator_3.py took 0.078 seconds
[2026-04-12T11:19:59.530+0000] {processor.py:186} INFO - Started process (PID=4624) to work on /home/airflow/.local/lib/python3.12/site-packages/airflow/example_dags/example_branch_python_dop_operator_3.py
[2026-04-12T11:19:59.531+0000] {processor.py:914} INFO - Processing file /home/airflow/.local/lib/python3.12/site-packages/airflow/example_dags/example_branch_python_dop_operator_3.py for tasks to queue
[2026-04-12T11:19:59.532+0000] {logging_mixin.py:190} INFO - [2026-04-12T11:19:59.532+0000] {dagbag.py:588} INFO - Filling up the DagBag from /home/airflow/.local/lib/python3.12/site-packages/airflow/example_dags/example_branch_python_dop_operator_3.py
[2026-04-12T11:19:59.542+0000] {processor.py:925} INFO - DAG(s) 'example_branch_dop_operator_v3' retrieved from /home/airflow/.local/lib/python3.12/site-packages/airflow/example_dags/example_branch_python_dop_operator_3.py
[2026-04-12T11:19:59.561+0000] {logging_mixin.py:190} INFO - [2026-04-12T11:19:59.561+0000] {dag.py:3239} INFO - Sync 1 DAGs
[2026-04-12T11:19:59.580+0000] {logging_mixin.py:190} INFO - [2026-04-12T11:19:59.580+0000] {dag.py:4180} INFO - Setting next_dagrun for example_branch_dop_operator_v3 to 2026-04-12 11:18:00+00:00, run_after=2026-04-12 11:19:00+00:00
[2026-04-12T11:19:59.594+0000] {processor.py:208} INFO - Processing /home/airflow/.local/lib/python3.12/site-packages/airflow/example_dags/example_branch_python_dop_operator_3.py took 0.070 seconds
[2026-04-12T11:20:30.268+0000] {processor.py:186} INFO - Started process (PID=4920) to work on /home/airflow/.local/lib/python3.12/site-packages/airflow/example_dags/example_branch_python_dop_operator_3.py
[2026-04-12T11:20:30.269+0000] {processor.py:914} INFO - Processing file /home/airflow/.local/lib/python3.12/site-packages/airflow/example_dags/example_branch_python_dop_operator_3.py for tasks to queue
[2026-04-12T11:20:30.271+0000] {logging_mixin.py:190} INFO - [2026-04-12T11:20:30.271+0000] {dagbag.py:588} INFO - Filling up the DagBag from /home/airflow/.local/lib/python3.12/site-packages/airflow/example_dags/example_branch_python_dop_operator_3.py
[2026-04-12T11:20:30.280+0000] {processor.py:925} INFO - DAG(s) 'example_branch_dop_operator_v3' retrieved from /home/airflow/.local/lib/python3.12/site-packages/airflow/example_dags/example_branch_python_dop_operator_3.py
[2026-04-12T11:20:30.296+0000] {logging_mixin.py:190} INFO - [2026-04-12T11:20:30.296+0000] {dag.py:3239} INFO - Sync 1 DAGs
[2026-04-12T11:20:30.318+0000] {logging_mixin.py:190} INFO - [2026-04-12T11:20:30.317+0000] {dag.py:4180} INFO - Setting next_dagrun for example_branch_dop_operator_v3 to 2026-04-12 11:19:00+00:00, run_after=2026-04-12 11:20:00+00:00
[2026-04-12T11:20:30.331+0000] {processor.py:208} INFO - Processing /home/airflow/.local/lib/python3.12/site-packages/airflow/example_dags/example_branch_python_dop_operator_3.py took 0.068 seconds
[2026-04-12T11:21:00.948+0000] {processor.py:186} INFO - Started process (PID=5216) to work on /home/airflow/.local/lib/python3.12/site-packages/airflow/example_dags/example_branch_python_dop_operator_3.py
[2026-04-12T11:21:00.949+0000] {processor.py:914} INFO - Processing file /home/airflow/.local/lib/python3.12/site-packages/airflow/example_dags/example_branch_python_dop_operator_3.py for tasks to queue
[2026-04-12T11:21:00.950+0000] {logging_mixin.py:190} INFO - [2026-04-12T11:21:00.950+0000] {dagbag.py:588} INFO - Filling up the DagBag from /home/airflow/.local/lib/python3.12/site-packages/airflow/example_dags/example_branch_python_dop_operator_3.py
[2026-04-12T11:21:00.958+0000] {processor.py:925} INFO - DAG(s) 'example_branch_dop_operator_v3' retrieved from /home/airflow/.local/lib/python3.12/site-packages/airflow/example_dags/example_branch_python_dop_operator_3.py
[2026-04-12T11:21:00.972+0000] {logging_mixin.py:190} INFO - [2026-04-12T11:21:00.972+0000] {dag.py:3239} INFO - Sync 1 DAGs
[2026-04-12T11:21:00.991+0000] {logging_mixin.py:190} INFO - [2026-04-12T11:21:00.991+0000] {dag.py:4180} INFO - Setting next_dagrun for example_branch_dop_operator_v3 to 2026-04-12 11:20:00+00:00, run_after=2026-04-12 11:21:00+00:00
[2026-04-12T11:21:01.004+0000] {processor.py:208} INFO - Processing /home/airflow/.local/lib/python3.12/site-packages/airflow/example_dags/example_branch_python_dop_operator_3.py took 0.061 seconds
[2026-04-12T11:21:31.569+0000] {processor.py:186} INFO - Started process (PID=5507) to work on /home/airflow/.local/lib/python3.12/site-packages/airflow/example_dags/example_branch_python_dop_operator_3.py
[2026-04-12T11:21:31.572+0000] {processor.py:914} INFO - Processing file /home/airflow/.local/lib/python3.12/site-packages/airflow/example_dags/example_branch_python_dop_operator_3.py for tasks to queue
[2026-04-12T11:21:31.574+0000] {logging_mixin.py:190} INFO - [2026-04-12T11:21:31.574+0000] {dagbag.py:588} INFO - Filling up the DagBag from /home/airflow/.local/lib/python3.12/site-packages/airflow/example_dags/example_branch_python_dop_operator_3.py
[2026-04-12T11:21:31.584+0000] {processor.py:925} INFO - DAG(s) 'example_branch_dop_operator_v3' retrieved from /home/airflow/.local/lib/python3.12/site-packages/airflow/example_dags/example_branch_python_dop_operator_3.py
[2026-04-12T11:21:31.601+0000] {logging_mixin.py:190} INFO - [2026-04-12T11:21:31.600+0000] {dag.py:3239} INFO - Sync 1 DAGs
[2026-04-12T11:21:31.621+0000] {logging_mixin.py:190} INFO - [2026-04-12T11:21:31.621+0000] {dag.py:4180} INFO - Setting next_dagrun for example_branch_dop_operator_v3 to 2026-04-12 11:20:00+00:00, run_after=2026-04-12 11:21:00+00:00
[2026-04-12T11:21:31.634+0000] {processor.py:208} INFO - Processing /home/airflow/.local/lib/python3.12/site-packages/airflow/example_dags/example_branch_python_dop_operator_3.py took 0.069 seconds
[2026-04-12T11:22:02.805+0000] {processor.py:186} INFO - Started process (PID=5814) to work on /home/airflow/.local/lib/python3.12/site-packages/airflow/example_dags/example_branch_python_dop_operator_3.py
[2026-04-12T11:22:02.806+0000] {processor.py:914} INFO - Processing file /home/airflow/.local/lib/python3.12/site-packages/airflow/example_dags/example_branch_python_dop_operator_3.py for tasks to queue
[2026-04-12T11:22:02.808+0000] {logging_mixin.py:190} INFO - [2026-04-12T11:22:02.807+0000] {dagbag.py:588} INFO - Filling up the DagBag from /home/airflow/.local/lib/python3.12/site-packages/airflow/example_dags/example_branch_python_dop_operator_3.py
[2026-04-12T11:22:02.814+0000] {processor.py:925} INFO - DAG(s) 'example_branch_dop_operator_v3' retrieved from /home/airflow/.local/lib/python3.12/site-packages/airflow/example_dags/example_branch_python_dop_operator_3.py
[2026-04-12T11:22:02.827+0000] {logging_mixin.py:190} INFO - [2026-04-12T11:22:02.827+0000] {dag.py:3239} INFO - Sync 1 DAGs
[2026-04-12T11:22:02.843+0000] {logging_mixin.py:190} INFO - [2026-04-12T11:22:02.843+0000] {dag.py:4180} INFO - Setting next_dagrun for example_branch_dop_operator_v3 to 2026-04-12 11:21:00+00:00, run_after=2026-04-12 11:22:00+00:00
[2026-04-12T11:22:02.854+0000] {processor.py:208} INFO - Processing /home/airflow/.local/lib/python3.12/site-packages/airflow/example_dags/example_branch_python_dop_operator_3.py took 0.053 seconds
[2026-04-12T11:22:34.078+0000] {processor.py:186} INFO - Started process (PID=6109) to work on /home/airflow/.local/lib/python3.12/site-packages/airflow/example_dags/example_branch_python_dop_operator_3.py
[2026-04-12T11:22:34.079+0000] {processor.py:914} INFO - Processing file /home/airflow/.local/lib/python3.12/site-packages/airflow/example_dags/example_branch_python_dop_operator_3.py for tasks to queue
[2026-04-12T11:22:34.081+0000] {logging_mixin.py:190} INFO - [2026-04-12T11:22:34.081+0000] {dagbag.py:588} INFO - Filling up the DagBag from /home/airflow/.local/lib/python3.12/site-packages/airflow/example_dags/example_branch_python_dop_operator_3.py
[2026-04-12T11:22:34.090+0000] {processor.py:925} INFO - DAG(s) 'example_branch_dop_operator_v3' retrieved from /home/airflow/.local/lib/python3.12/site-packages/airflow/example_dags/example_branch_python_dop_operator_3.py
[2026-04-12T11:22:34.103+0000] {logging_mixin.py:190} INFO - [2026-04-12T11:22:34.103+0000] {dag.py:3239} INFO - Sync 1 DAGs
[2026-04-12T11:22:34.119+0000] {logging_mixin.py:190} INFO - [2026-04-12T11:22:34.119+0000] {dag.py:4180} INFO - Setting next_dagrun for example_branch_dop_operator_v3 to 2026-04-12 11:21:00+00:00, run_after=2026-04-12 11:22:00+00:00
[2026-04-12T11:22:34.130+0000] {processor.py:208} INFO - Processing /home/airflow/.local/lib/python3.12/site-packages/airflow/example_dags/example_branch_python_dop_operator_3.py took 0.057 seconds
[2026-04-12T11:23:05.606+0000] {processor.py:186} INFO - Started process (PID=6405) to work on /home/airflow/.local/lib/python3.12/site-packages/airflow/example_dags/example_branch_python_dop_operator_3.py
[2026-04-12T11:23:05.608+0000] {processor.py:914} INFO - Processing file /home/airflow/.local/lib/python3.12/site-packages/airflow/example_dags/example_branch_python_dop_operator_3.py for tasks to queue
[2026-04-12T11:23:05.610+0000] {logging_mixin.py:190} INFO - [2026-04-12T11:23:05.610+0000] {dagbag.py:588} INFO - Filling up the DagBag from /home/airflow/.local/lib/python3.12/site-packages/airflow/example_dags/example_branch_python_dop_operator_3.py
[2026-04-12T11:23:05.617+0000] {processor.py:925} INFO - DAG(s) 'example_branch_dop_operator_v3' retrieved from /home/airflow/.local/lib/python3.12/site-packages/airflow/example_dags/example_branch_python_dop_operator_3.py
[2026-04-12T11:23:05.651+0000] {logging_mixin.py:190} INFO - [2026-04-12T11:23:05.651+0000] {dag.py:3239} INFO - Sync 1 DAGs
[2026-04-12T11:23:05.670+0000] {logging_mixin.py:190} INFO - [2026-04-12T11:23:05.670+0000] {dag.py:4180} INFO - Setting next_dagrun for example_branch_dop_operator_v3 to 2026-04-12 11:22:00+00:00, run_after=2026-04-12 11:23:00+00:00
[2026-04-12T11:23:05.688+0000] {processor.py:208} INFO - Processing /home/airflow/.local/lib/python3.12/site-packages/airflow/example_dags/example_branch_python_dop_operator_3.py took 0.086 seconds
[2026-04-12T11:23:36.838+0000] {processor.py:186} INFO - Started process (PID=6698) to work on /home/airflow/.local/lib/python3.12/site-packages/airflow/example_dags/example_branch_python_dop_operator_3.py
[2026-04-12T11:23:36.840+0000] {processor.py:914} INFO - Processing file /home/airflow/.local/lib/python3.12/site-packages/airflow/example_dags/example_branch_python_dop_operator_3.py for tasks to queue
[2026-04-12T11:23:36.842+0000] {logging_mixin.py:190} INFO - [2026-04-12T11:23:36.842+0000] {dagbag.py:588} INFO - Filling up the DagBag from /home/airflow/.local/lib/python3.12/site-packages/airflow/example_dags/example_branch_python_dop_operator_3.py
[2026-04-12T11:23:36.857+0000] {processor.py:925} INFO - DAG(s) 'example_branch_dop_operator_v3' retrieved from /home/airflow/.local/lib/python3.12/site-packages/airflow/example_dags/example_branch_python_dop_operator_3.py
[2026-04-12T11:23:36.882+0000] {logging_mixin.py:190} INFO - [2026-04-12T11:23:36.882+0000] {dag.py:3239} INFO - Sync 1 DAGs
[2026-04-12T11:23:36.902+0000] {logging_mixin.py:190} INFO - [2026-04-12T11:23:36.902+0000] {dag.py:4180} INFO - Setting next_dagrun for example_branch_dop_operator_v3 to 2026-04-12 11:22:00+00:00, run_after=2026-04-12 11:23:00+00:00
[2026-04-12T11:23:36.921+0000] {processor.py:208} INFO - Processing /home/airflow/.local/lib/python3.12/site-packages/airflow/example_dags/example_branch_python_dop_operator_3.py took 0.089 seconds
[2026-04-12T11:24:07.789+0000] {processor.py:186} INFO - Started process (PID=6992) to work on /home/airflow/.local/lib/python3.12/site-packages/airflow/example_dags/example_branch_python_dop_operator_3.py
[2026-04-12T11:24:07.790+0000] {processor.py:914} INFO - Processing file /home/airflow/.local/lib/python3.12/site-packages/airflow/example_dags/example_branch_python_dop_operator_3.py for tasks to queue
[2026-04-12T11:24:07.795+0000] {logging_mixin.py:190} INFO - [2026-04-12T11:24:07.795+0000] {dagbag.py:588} INFO - Filling up the DagBag from /home/airflow/.local/lib/python3.12/site-packages/airflow/example_dags/example_branch_python_dop_operator_3.py
[2026-04-12T11:24:07.802+0000] {processor.py:925} INFO - DAG(s) 'example_branch_dop_operator_v3' retrieved from /home/airflow/.local/lib/python3.12/site-packages/airflow/example_dags/example_branch_python_dop_operator_3.py
[2026-04-12T11:24:07.824+0000] {logging_mixin.py:190} INFO - [2026-04-12T11:24:07.824+0000] {dag.py:3239} INFO - Sync 1 DAGs
[2026-04-12T11:24:07.845+0000] {logging_mixin.py:190} INFO - [2026-04-12T11:24:07.845+0000] {dag.py:4180} INFO - Setting next_dagrun for example_branch_dop_operator_v3 to 2026-04-12 11:23:00+00:00, run_after=2026-04-12 11:24:00+00:00
[2026-04-12T11:24:07.856+0000] {processor.py:208} INFO - Processing /home/airflow/.local/lib/python3.12/site-packages/airflow/example_dags/example_branch_python_dop_operator_3.py took 0.071 seconds
[2026-04-12T11:24:39.330+0000] {processor.py:186} INFO - Started process (PID=7288) to work on /home/airflow/.local/lib/python3.12/site-packages/airflow/example_dags/example_branch_python_dop_operator_3.py
[2026-04-12T11:24:39.332+0000] {processor.py:914} INFO - Processing file /home/airflow/.local/lib/python3.12/site-packages/airflow/example_dags/example_branch_python_dop_operator_3.py for tasks to queue
[2026-04-12T11:24:39.333+0000] {logging_mixin.py:190} INFO - [2026-04-12T11:24:39.333+0000] {dagbag.py:588} INFO - Filling up the DagBag from /home/airflow/.local/lib/python3.12/site-packages/airflow/example_dags/example_branch_python_dop_operator_3.py
[2026-04-12T11:24:39.343+0000] {processor.py:925} INFO - DAG(s) 'example_branch_dop_operator_v3' retrieved from /home/airflow/.local/lib/python3.12/site-packages/airflow/example_dags/example_branch_python_dop_operator_3.py
[2026-04-12T11:24:39.361+0000] {logging_mixin.py:190} INFO - [2026-04-12T11:24:39.361+0000] {dag.py:3239} INFO - Sync 1 DAGs
[2026-04-12T11:24:39.378+0000] {logging_mixin.py:190} INFO - [2026-04-12T11:24:39.378+0000] {dag.py:4180} INFO - Setting next_dagrun for example_branch_dop_operator_v3 to 2026-04-12 11:23:00+00:00, run_after=2026-04-12 11:24:00+00:00
[2026-04-12T11:24:39.389+0000] {processor.py:208} INFO - Processing /home/airflow/.local/lib/python3.12/site-packages/airflow/example_dags/example_branch_python_dop_operator_3.py took 0.063 seconds
[2026-04-12T11:25:10.197+0000] {processor.py:186} INFO - Started process (PID=7584) to work on /home/airflow/.local/lib/python3.12/site-packages/airflow/example_dags/example_branch_python_dop_operator_3.py
[2026-04-12T11:25:10.201+0000] {processor.py:914} INFO - Processing file /home/airflow/.local/lib/python3.12/site-packages/airflow/example_dags/example_branch_python_dop_operator_3.py for tasks to queue
[2026-04-12T11:25:10.205+0000] {logging_mixin.py:190} INFO - [2026-04-12T11:25:10.205+0000] {dagbag.py:588} INFO - Filling up the DagBag from /home/airflow/.local/lib/python3.12/site-packages/airflow/example_dags/example_branch_python_dop_operator_3.py
[2026-04-12T11:25:10.213+0000] {processor.py:925} INFO - DAG(s) 'example_branch_dop_operator_v3' retrieved from /home/airflow/.local/lib/python3.12/site-packages/airflow/example_dags/example_branch_python_dop_operator_3.py
[2026-04-12T11:25:10.230+0000] {logging_mixin.py:190} INFO - [2026-04-12T11:25:10.230+0000] {dag.py:3239} INFO - Sync 1 DAGs
[2026-04-12T11:25:10.251+0000] {logging_mixin.py:190} INFO - [2026-04-12T11:25:10.251+0000] {dag.py:4180} INFO - Setting next_dagrun for example_branch_dop_operator_v3 to 2026-04-12 11:24:00+00:00, run_after=2026-04-12 11:25:00+00:00
[2026-04-12T11:25:10.262+0000] {processor.py:208} INFO - Processing /home/airflow/.local/lib/python3.12/site-packages/airflow/example_dags/example_branch_python_dop_operator_3.py took 0.069 seconds
[2026-04-12T11:25:41.374+0000] {processor.py:186} INFO - Started process (PID=7882) to work on /home/airflow/.local/lib/python3.12/site-packages/airflow/example_dags/example_branch_python_dop_operator_3.py
[2026-04-12T11:25:41.375+0000] {processor.py:914} INFO - Processing file /home/airflow/.local/lib/python3.12/site-packages/airflow/example_dags/example_branch_python_dop_operator_3.py for tasks to queue
[2026-04-12T11:25:41.377+0000] {logging_mixin.py:190} INFO - [2026-04-12T11:25:41.376+0000] {dagbag.py:588} INFO - Filling up the DagBag from /home/airflow/.local/lib/python3.12/site-packages/airflow/example_dags/example_branch_python_dop_operator_3.py
[2026-04-12T11:25:41.383+0000] {processor.py:925} INFO - DAG(s) 'example_branch_dop_operator_v3' retrieved from /home/airflow/.local/lib/python3.12/site-packages/airflow/example_dags/example_branch_python_dop_operator_3.py
[2026-04-12T11:25:41.404+0000] {logging_mixin.py:190} INFO - [2026-04-12T11:25:41.404+0000] {dag.py:3239} INFO - Sync 1 DAGs
[2026-04-12T11:25:41.425+0000] {logging_mixin.py:190} INFO - [2026-04-12T11:25:41.424+0000] {dag.py:4180} INFO - Setting next_dagrun for example_branch_dop_operator_v3 to 2026-04-12 11:24:00+00:00, run_after=2026-04-12 11:25:00+00:00
[2026-04-12T11:25:41.442+0000] {processor.py:208} INFO - Processing /home/airflow/.local/lib/python3.12/site-packages/airflow/example_dags/example_branch_python_dop_operator_3.py took 0.071 seconds
[2026-04-12T11:27:11.983+0000] {processor.py:186} INFO - Started process (PID=8347) to work on /home/airflow/.local/lib/python3.12/site-packages/airflow/example_dags/example_branch_python_dop_operator_3.py
[2026-04-12T11:27:11.983+0000] {processor.py:914} INFO - Processing file /home/airflow/.local/lib/python3.12/site-packages/airflow/example_dags/example_branch_python_dop_operator_3.py for tasks to queue
[2026-04-12T11:27:11.985+0000] {logging_mixin.py:190} INFO - [2026-04-12T11:27:11.985+0000] {dagbag.py:588} INFO - Filling up the DagBag from /home/airflow/.local/lib/python3.12/site-packages/airflow/example_dags/example_branch_python_dop_operator_3.py
[2026-04-12T11:27:11.993+0000] {processor.py:925} INFO - DAG(s) 'example_branch_dop_operator_v3' retrieved from /home/airflow/.local/lib/python3.12/site-packages/airflow/example_dags/example_branch_python_dop_operator_3.py
[2026-04-12T11:27:12.010+0000] {logging_mixin.py:190} INFO - [2026-04-12T11:27:12.010+0000] {dag.py:3239} INFO - Sync 1 DAGs
[2026-04-12T11:27:12.030+0000] {logging_mixin.py:190} INFO - [2026-04-12T11:27:12.030+0000] {dag.py:4180} INFO - Setting next_dagrun for example_branch_dop_operator_v3 to 2026-04-12 11:26:00+00:00, run_after=2026-04-12 11:27:00+00:00
[2026-04-12T11:27:12.045+0000] {processor.py:208} INFO - Processing /home/airflow/.local/lib/python3.12/site-packages/airflow/example_dags/example_branch_python_dop_operator_3.py took 0.067 seconds
[2026-04-12T11:29:48.178+0000] {processor.py:186} INFO - Started process (PID=8641) to work on /home/airflow/.local/lib/python3.12/site-packages/airflow/example_dags/example_branch_python_dop_operator_3.py
[2026-04-12T11:29:48.179+0000] {processor.py:914} INFO - Processing file /home/airflow/.local/lib/python3.12/site-packages/airflow/example_dags/example_branch_python_dop_operator_3.py for tasks to queue
[2026-04-12T11:29:48.181+0000] {logging_mixin.py:190} INFO - [2026-04-12T11:29:48.181+0000] {dagbag.py:588} INFO - Filling up the DagBag from /home/airflow/.local/lib/python3.12/site-packages/airflow/example_dags/example_branch_python_dop_operator_3.py
[2026-04-12T11:29:48.190+0000] {processor.py:925} INFO - DAG(s) 'example_branch_dop_operator_v3' retrieved from /home/airflow/.local/lib/python3.12/site-packages/airflow/example_dags/example_branch_python_dop_operator_3.py
[2026-04-12T11:29:48.209+0000] {logging_mixin.py:190} INFO - [2026-04-12T11:29:48.209+0000] {dag.py:3239} INFO - Sync 1 DAGs
[2026-04-12T11:29:48.238+0000] {logging_mixin.py:190} INFO - [2026-04-12T11:29:48.238+0000] {dag.py:4180} INFO - Setting next_dagrun for example_branch_dop_operator_v3 to 2026-04-12 11:28:00+00:00, run_after=2026-04-12 11:29:00+00:00
[2026-04-12T11:29:48.250+0000] {processor.py:208} INFO - Processing /home/airflow/.local/lib/python3.12/site-packages/airflow/example_dags/example_branch_python_dop_operator_3.py took 0.076 seconds
[2026-04-12T11:30:19.548+0000] {processor.py:186} INFO - Started process (PID=8937) to work on /home/airflow/.local/lib/python3.12/site-packages/airflow/example_dags/example_branch_python_dop_operator_3.py
[2026-04-12T11:30:19.551+0000] {processor.py:914} INFO - Processing file /home/airflow/.local/lib/python3.12/site-packages/airflow/example_dags/example_branch_python_dop_operator_3.py for tasks to queue
[2026-04-12T11:30:19.552+0000] {logging_mixin.py:190} INFO - [2026-04-12T11:30:19.552+0000] {dagbag.py:588} INFO - Filling up the DagBag from /home/airflow/.local/lib/python3.12/site-packages/airflow/example_dags/example_branch_python_dop_operator_3.py
[2026-04-12T11:30:19.560+0000] {processor.py:925} INFO - DAG(s) 'example_branch_dop_operator_v3' retrieved from /home/airflow/.local/lib/python3.12/site-packages/airflow/example_dags/example_branch_python_dop_operator_3.py
[2026-04-12T11:30:19.579+0000] {logging_mixin.py:190} INFO - [2026-04-12T11:30:19.579+0000] {dag.py:3239} INFO - Sync 1 DAGs
[2026-04-12T11:30:19.596+0000] {logging_mixin.py:190} INFO - [2026-04-12T11:30:19.596+0000] {dag.py:4180} INFO - Setting next_dagrun for example_branch_dop_operator_v3 to 2026-04-12 11:29:00+00:00, run_after=2026-04-12 11:30:00+00:00
[2026-04-12T11:30:19.610+0000] {processor.py:208} INFO - Processing /home/airflow/.local/lib/python3.12/site-packages/airflow/example_dags/example_branch_python_dop_operator_3.py took 0.067 seconds
[2026-04-12T11:30:50.981+0000] {processor.py:186} INFO - Started process (PID=9233) to work on /home/airflow/.local/lib/python3.12/site-packages/airflow/example_dags/example_branch_python_dop_operator_3.py
[2026-04-12T11:30:50.982+0000] {processor.py:914} INFO - Processing file /home/airflow/.local/lib/python3.12/site-packages/airflow/example_dags/example_branch_python_dop_operator_3.py for tasks to queue
[2026-04-12T11:30:50.983+0000] {logging_mixin.py:190} INFO - [2026-04-12T11:30:50.983+0000] {dagbag.py:588} INFO - Filling up the DagBag from /home/airflow/.local/lib/python3.12/site-packages/airflow/example_dags/example_branch_python_dop_operator_3.py
[2026-04-12T11:30:50.990+0000] {processor.py:925} INFO - DAG(s) 'example_branch_dop_operator_v3' retrieved from /home/airflow/.local/lib/python3.12/site-packages/airflow/example_dags/example_branch_python_dop_operator_3.py
[2026-04-12T11:30:51.006+0000] {logging_mixin.py:190} INFO - [2026-04-12T11:30:51.006+0000] {dag.py:3239} INFO - Sync 1 DAGs
[2026-04-12T11:30:51.024+0000] {logging_mixin.py:190} INFO - [2026-04-12T11:30:51.024+0000] {dag.py:4180} INFO - Setting next_dagrun for example_branch_dop_operator_v3 to 2026-04-12 11:29:00+00:00, run_after=2026-04-12 11:30:00+00:00
[2026-04-12T11:30:51.038+0000] {processor.py:208} INFO - Processing /home/airflow/.local/lib/python3.12/site-packages/airflow/example_dags/example_branch_python_dop_operator_3.py took 0.060 seconds
[2026-04-12T11:31:22.136+0000] {processor.py:186} INFO - Started process (PID=9528) to work on /home/airflow/.local/lib/python3.12/site-packages/airflow/example_dags/example_branch_python_dop_operator_3.py
[2026-04-12T11:31:22.136+0000] {processor.py:914} INFO - Processing file /home/airflow/.local/lib/python3.12/site-packages/airflow/example_dags/example_branch_python_dop_operator_3.py for tasks to queue
[2026-04-12T11:31:22.138+0000] {logging_mixin.py:190} INFO - [2026-04-12T11:31:22.138+0000] {dagbag.py:588} INFO - Filling up the DagBag from /home/airflow/.local/lib/python3.12/site-packages/airflow/example_dags/example_branch_python_dop_operator_3.py
[2026-04-12T11:31:22.145+0000] {processor.py:925} INFO - DAG(s) 'example_branch_dop_operator_v3' retrieved from /home/airflow/.local/lib/python3.12/site-packages/airflow/example_dags/example_branch_python_dop_operator_3.py
[2026-04-12T11:31:22.161+0000] {logging_mixin.py:190} INFO - [2026-04-12T11:31:22.161+0000] {dag.py:3239} INFO - Sync 1 DAGs
[2026-04-12T11:31:22.179+0000] {logging_mixin.py:190} INFO - [2026-04-12T11:31:22.179+0000] {dag.py:4180} INFO - Setting next_dagrun for example_branch_dop_operator_v3 to 2026-04-12 11:30:00+00:00, run_after=2026-04-12 11:31:00+00:00
[2026-04-12T11:31:22.196+0000] {processor.py:208} INFO - Processing /home/airflow/.local/lib/python3.12/site-packages/airflow/example_dags/example_branch_python_dop_operator_3.py took 0.065 seconds
[2026-04-12T11:31:53.396+0000] {processor.py:186} INFO - Started process (PID=9824) to work on /home/airflow/.local/lib/python3.12/site-packages/airflow/example_dags/example_branch_python_dop_operator_3.py
[2026-04-12T11:31:53.401+0000] {processor.py:914} INFO - Processing file /home/airflow/.local/lib/python3.12/site-packages/airflow/example_dags/example_branch_python_dop_operator_3.py for tasks to queue
[2026-04-12T11:31:53.402+0000] {logging_mixin.py:190} INFO - [2026-04-12T11:31:53.402+0000] {dagbag.py:588} INFO - Filling up the DagBag from /home/airflow/.local/lib/python3.12/site-packages/airflow/example_dags/example_branch_python_dop_operator_3.py
[2026-04-12T11:31:53.409+0000] {processor.py:925} INFO - DAG(s) 'example_branch_dop_operator_v3' retrieved from /home/airflow/.local/lib/python3.12/site-packages/airflow/example_dags/example_branch_python_dop_operator_3.py
[2026-04-12T11:31:53.425+0000] {logging_mixin.py:190} INFO - [2026-04-12T11:31:53.425+0000] {dag.py:3239} INFO - Sync 1 DAGs
[2026-04-12T11:31:53.443+0000] {logging_mixin.py:190} INFO - [2026-04-12T11:31:53.442+0000] {dag.py:4180} INFO - Setting next_dagrun for example_branch_dop_operator_v3 to 2026-04-12 11:30:00+00:00, run_after=2026-04-12 11:31:00+00:00
[2026-04-12T11:31:53.455+0000] {processor.py:208} INFO - Processing /home/airflow/.local/lib/python3.12/site-packages/airflow/example_dags/example_branch_python_dop_operator_3.py took 0.062 seconds
[2026-04-12T11:32:25.534+0000] {processor.py:186} INFO - Started process (PID=10126) to work on /home/airflow/.local/lib/python3.12/site-packages/airflow/example_dags/example_branch_python_dop_operator_3.py
[2026-04-12T11:32:25.536+0000] {processor.py:914} INFO - Processing file /home/airflow/.local/lib/python3.12/site-packages/airflow/example_dags/example_branch_python_dop_operator_3.py for tasks to queue
[2026-04-12T11:32:25.540+0000] {logging_mixin.py:190} INFO - [2026-04-12T11:32:25.539+0000] {dagbag.py:588} INFO - Filling up the DagBag from /home/airflow/.local/lib/python3.12/site-packages/airflow/example_dags/example_branch_python_dop_operator_3.py
[2026-04-12T11:32:25.552+0000] {processor.py:925} INFO - DAG(s) 'example_branch_dop_operator_v3' retrieved from /home/airflow/.local/lib/python3.12/site-packages/airflow/example_dags/example_branch_python_dop_operator_3.py
[2026-04-12T11:32:25.571+0000] {logging_mixin.py:190} INFO - [2026-04-12T11:32:25.571+0000] {dag.py:3239} INFO - Sync 1 DAGs
[2026-04-12T11:32:25.595+0000] {logging_mixin.py:190} INFO - [2026-04-12T11:32:25.595+0000] {dag.py:4180} INFO - Setting next_dagrun for example_branch_dop_operator_v3 to 2026-04-12 11:31:00+00:00, run_after=2026-04-12 11:32:00+00:00
[2026-04-12T11:32:25.613+0000] {processor.py:208} INFO - Processing /home/airflow/.local/lib/python3.12/site-packages/airflow/example_dags/example_branch_python_dop_operator_3.py took 0.084 seconds
[2026-04-12T11:32:56.629+0000] {processor.py:186} INFO - Started process (PID=10424) to work on /home/airflow/.local/lib/python3.12/site-packages/airflow/example_dags/example_branch_python_dop_operator_3.py
[2026-04-12T11:32:56.630+0000] {processor.py:914} INFO - Processing file /home/airflow/.local/lib/python3.12/site-packages/airflow/example_dags/example_branch_python_dop_operator_3.py for tasks to queue
[2026-04-12T11:32:56.632+0000] {logging_mixin.py:190} INFO - [2026-04-12T11:32:56.632+0000] {dagbag.py:588} INFO - Filling up the DagBag from /home/airflow/.local/lib/python3.12/site-packages/airflow/example_dags/example_branch_python_dop_operator_3.py
[2026-04-12T11:32:56.639+0000] {processor.py:925} INFO - DAG(s) 'example_branch_dop_operator_v3' retrieved from /home/airflow/.local/lib/python3.12/site-packages/airflow/example_dags/example_branch_python_dop_operator_3.py
[2026-04-12T11:32:56.659+0000] {logging_mixin.py:190} INFO - [2026-04-12T11:32:56.659+0000] {dag.py:3239} INFO - Sync 1 DAGs
[2026-04-12T11:32:56.685+0000] {logging_mixin.py:190} INFO - [2026-04-12T11:32:56.685+0000] {dag.py:4180} INFO - Setting next_dagrun for example_branch_dop_operator_v3 to 2026-04-12 11:31:00+00:00, run_after=2026-04-12 11:32:00+00:00
[2026-04-12T11:32:56.703+0000] {processor.py:208} INFO - Processing /home/airflow/.local/lib/python3.12/site-packages/airflow/example_dags/example_branch_python_dop_operator_3.py took 0.078 seconds
[2026-04-12T11:33:27.458+0000] {processor.py:186} INFO - Started process (PID=10719) to work on /home/airflow/.local/lib/python3.12/site-packages/airflow/example_dags/example_branch_python_dop_operator_3.py
[2026-04-12T11:33:27.459+0000] {processor.py:914} INFO - Processing file /home/airflow/.local/lib/python3.12/site-packages/airflow/example_dags/example_branch_python_dop_operator_3.py for tasks to queue
[2026-04-12T11:33:27.460+0000] {logging_mixin.py:190} INFO - [2026-04-12T11:33:27.460+0000] {dagbag.py:588} INFO - Filling up the DagBag from /home/airflow/.local/lib/python3.12/site-packages/airflow/example_dags/example_branch_python_dop_operator_3.py
[2026-04-12T11:33:27.467+0000] {processor.py:925} INFO - DAG(s) 'example_branch_dop_operator_v3' retrieved from /home/airflow/.local/lib/python3.12/site-packages/airflow/example_dags/example_branch_python_dop_operator_3.py
[2026-04-12T11:33:27.492+0000] {logging_mixin.py:190} INFO - [2026-04-12T11:33:27.492+0000] {dag.py:3239} INFO - Sync 1 DAGs
[2026-04-12T11:33:27.509+0000] {logging_mixin.py:190} INFO - [2026-04-12T11:33:27.509+0000] {dag.py:4180} INFO - Setting next_dagrun for example_branch_dop_operator_v3 to 2026-04-12 11:32:00+00:00, run_after=2026-04-12 11:33:00+00:00
[2026-04-12T11:33:27.525+0000] {processor.py:208} INFO - Processing /home/airflow/.local/lib/python3.12/site-packages/airflow/example_dags/example_branch_python_dop_operator_3.py took 0.072 seconds
[2026-04-12T11:33:58.389+0000] {processor.py:186} INFO - Started process (PID=11015) to work on /home/airflow/.local/lib/python3.12/site-packages/airflow/example_dags/example_branch_python_dop_operator_3.py
[2026-04-12T11:33:58.390+0000] {processor.py:914} INFO - Processing file /home/airflow/.local/lib/python3.12/site-packages/airflow/example_dags/example_branch_python_dop_operator_3.py for tasks to queue
[2026-04-12T11:33:58.392+0000] {logging_mixin.py:190} INFO - [2026-04-12T11:33:58.391+0000] {dagbag.py:588} INFO - Filling up the DagBag from /home/airflow/.local/lib/python3.12/site-packages/airflow/example_dags/example_branch_python_dop_operator_3.py
[2026-04-12T11:33:58.398+0000] {processor.py:925} INFO - DAG(s) 'example_branch_dop_operator_v3' retrieved from /home/airflow/.local/lib/python3.12/site-packages/airflow/example_dags/example_branch_python_dop_operator_3.py
[2026-04-12T11:33:58.422+0000] {logging_mixin.py:190} INFO - [2026-04-12T11:33:58.422+0000] {dag.py:3239} INFO - Sync 1 DAGs
[2026-04-12T11:33:58.439+0000] {logging_mixin.py:190} INFO - [2026-04-12T11:33:58.439+0000] {dag.py:4180} INFO - Setting next_dagrun for example_branch_dop_operator_v3 to 2026-04-12 11:32:00+00:00, run_after=2026-04-12 11:33:00+00:00
[2026-04-12T11:33:58.455+0000] {processor.py:208} INFO - Processing /home/airflow/.local/lib/python3.12/site-packages/airflow/example_dags/example_branch_python_dop_operator_3.py took 0.070 seconds
[2026-04-12T11:34:29.402+0000] {processor.py:186} INFO - Started process (PID=11309) to work on /home/airflow/.local/lib/python3.12/site-packages/airflow/example_dags/example_branch_python_dop_operator_3.py
[2026-04-12T11:34:29.404+0000] {processor.py:914} INFO - Processing file /home/airflow/.local/lib/python3.12/site-packages/airflow/example_dags/example_branch_python_dop_operator_3.py for tasks to queue
[2026-04-12T11:34:29.406+0000] {logging_mixin.py:190} INFO - [2026-04-12T11:34:29.405+0000] {dagbag.py:588} INFO - Filling up the DagBag from /home/airflow/.local/lib/python3.12/site-packages/airflow/example_dags/example_branch_python_dop_operator_3.py
[2026-04-12T11:34:29.412+0000] {processor.py:925} INFO - DAG(s) 'example_branch_dop_operator_v3' retrieved from /home/airflow/.local/lib/python3.12/site-packages/airflow/example_dags/example_branch_python_dop_operator_3.py
[2026-04-12T11:34:29.429+0000] {logging_mixin.py:190} INFO - [2026-04-12T11:34:29.429+0000] {dag.py:3239} INFO - Sync 1 DAGs
[2026-04-12T11:34:29.450+0000] {logging_mixin.py:190} INFO - [2026-04-12T11:34:29.450+0000] {dag.py:4180} INFO - Setting next_dagrun for example_branch_dop_operator_v3 to 2026-04-12 11:33:00+00:00, run_after=2026-04-12 11:34:00+00:00
[2026-04-12T11:34:29.510+0000] {processor.py:208} INFO - Processing /home/airflow/.local/lib/python3.12/site-packages/airflow/example_dags/example_branch_python_dop_operator_3.py took 0.111 seconds
[2026-04-12T11:35:00.035+0000] {processor.py:186} INFO - Started process (PID=11604) to work on /home/airflow/.local/lib/python3.12/site-packages/airflow/example_dags/example_branch_python_dop_operator_3.py
[2026-04-12T11:35:00.036+0000] {processor.py:914} INFO - Processing file /home/airflow/.local/lib/python3.12/site-packages/airflow/example_dags/example_branch_python_dop_operator_3.py for tasks to queue
[2026-04-12T11:35:00.038+0000] {logging_mixin.py:190} INFO - [2026-04-12T11:35:00.037+0000] {dagbag.py:588} INFO - Filling up the DagBag from /home/airflow/.local/lib/python3.12/site-packages/airflow/example_dags/example_branch_python_dop_operator_3.py
[2026-04-12T11:35:00.046+0000] {processor.py:925} INFO - DAG(s) 'example_branch_dop_operator_v3' retrieved from /home/airflow/.local/lib/python3.12/site-packages/airflow/example_dags/example_branch_python_dop_operator_3.py
[2026-04-12T11:35:00.061+0000] {logging_mixin.py:190} INFO - [2026-04-12T11:35:00.061+0000] {dag.py:3239} INFO - Sync 1 DAGs
[2026-04-12T11:35:00.079+0000] {logging_mixin.py:190} INFO - [2026-04-12T11:35:00.079+0000] {dag.py:4180} INFO - Setting next_dagrun for example_branch_dop_operator_v3 to 2026-04-12 11:34:00+00:00, run_after=2026-04-12 11:35:00+00:00
[2026-04-12T11:35:00.092+0000] {processor.py:208} INFO - Processing /home/airflow/.local/lib/python3.12/site-packages/airflow/example_dags/example_branch_python_dop_operator_3.py took 0.062 seconds
