[2026-04-12T11:12:40.260+0000] {processor.py:186} INFO - Started process (PID=386) to work on /home/airflow/.local/lib/python3.12/site-packages/airflow/example_dags/example_branch_operator.py
[2026-04-12T11:12:40.262+0000] {processor.py:914} INFO - Processing file /home/airflow/.local/lib/python3.12/site-packages/airflow/example_dags/example_branch_operator.py for tasks to queue
[2026-04-12T11:12:40.266+0000] {logging_mixin.py:190} INFO - [2026-04-12T11:12:40.265+0000] {dagbag.py:588} INFO - Filling up the DagBag from /home/airflow/.local/lib/python3.12/site-packages/airflow/example_dags/example_branch_operator.py
[2026-04-12T11:12:40.304+0000] {processor.py:925} INFO - DAG(s) 'example_branch_operator' retrieved from /home/airflow/.local/lib/python3.12/site-packages/airflow/example_dags/example_branch_operator.py
[2026-04-12T11:12:41.513+0000] {logging_mixin.py:190} INFO - [2026-04-12T11:12:41.508+0000] {override.py:1912} INFO - Created Permission View: can edit on DAG:example_branch_operator
[2026-04-12T11:12:41.567+0000] {logging_mixin.py:190} INFO - [2026-04-12T11:12:41.567+0000] {override.py:1912} INFO - Created Permission View: can delete on DAG:example_branch_operator
[2026-04-12T11:12:41.579+0000] {logging_mixin.py:190} INFO - [2026-04-12T11:12:41.578+0000] {override.py:1912} INFO - Created Permission View: can read on DAG:example_branch_operator
[2026-04-12T11:12:41.592+0000] {logging_mixin.py:190} INFO - [2026-04-12T11:12:41.591+0000] {override.py:1912} INFO - Created Permission View: can delete on DAG Run:example_branch_operator
[2026-04-12T11:12:41.606+0000] {logging_mixin.py:190} INFO - [2026-04-12T11:12:41.606+0000] {override.py:1912} INFO - Created Permission View: can create on DAG Run:example_branch_operator
[2026-04-12T11:12:41.622+0000] {logging_mixin.py:190} INFO - [2026-04-12T11:12:41.621+0000] {override.py:1912} INFO - Created Permission View: can read on DAG Run:example_branch_operator
[2026-04-12T11:12:41.643+0000] {logging_mixin.py:190} INFO - [2026-04-12T11:12:41.642+0000] {override.py:1912} INFO - Created Permission View: menu access on DAG Run:example_branch_operator
[2026-04-12T11:12:41.644+0000] {logging_mixin.py:190} INFO - [2026-04-12T11:12:41.644+0000] {dag.py:3239} INFO - Sync 1 DAGs
[2026-04-12T11:12:41.687+0000] {logging_mixin.py:190} INFO - [2026-04-12T11:12:41.687+0000] {dag.py:3262} INFO - Creating ORM DAG for example_branch_operator
[2026-04-12T11:12:41.727+0000] {logging_mixin.py:190} INFO - [2026-04-12T11:12:41.727+0000] {dag.py:4180} INFO - Setting next_dagrun for example_branch_operator to 2026-04-11 00:00:00+00:00, run_after=2026-04-12 00:00:00+00:00
[2026-04-12T11:12:41.798+0000] {processor.py:208} INFO - Processing /home/airflow/.local/lib/python3.12/site-packages/airflow/example_dags/example_branch_operator.py took 1.549 seconds
[2026-04-12T11:13:12.054+0000] {processor.py:186} INFO - Started process (PID=678) to work on /home/airflow/.local/lib/python3.12/site-packages/airflow/example_dags/example_branch_operator.py
[2026-04-12T11:13:12.056+0000] {processor.py:914} INFO - Processing file /home/airflow/.local/lib/python3.12/site-packages/airflow/example_dags/example_branch_operator.py for tasks to queue
[2026-04-12T11:13:12.060+0000] {logging_mixin.py:190} INFO - [2026-04-12T11:13:12.059+0000] {dagbag.py:588} INFO - Filling up the DagBag from /home/airflow/.local/lib/python3.12/site-packages/airflow/example_dags/example_branch_operator.py
[2026-04-12T11:13:12.081+0000] {processor.py:925} INFO - DAG(s) 'example_branch_operator' retrieved from /home/airflow/.local/lib/python3.12/site-packages/airflow/example_dags/example_branch_operator.py
[2026-04-12T11:13:12.120+0000] {logging_mixin.py:190} INFO - [2026-04-12T11:13:12.119+0000] {dag.py:3239} INFO - Sync 1 DAGs
[2026-04-12T11:13:12.148+0000] {logging_mixin.py:190} INFO - [2026-04-12T11:13:12.148+0000] {dag.py:4180} INFO - Setting next_dagrun for example_branch_operator to 2026-04-11 00:00:00+00:00, run_after=2026-04-12 00:00:00+00:00
[2026-04-12T11:13:12.351+0000] {processor.py:208} INFO - Processing /home/airflow/.local/lib/python3.12/site-packages/airflow/example_dags/example_branch_operator.py took 0.304 seconds
[2026-04-12T11:13:42.855+0000] {processor.py:186} INFO - Started process (PID=975) to work on /home/airflow/.local/lib/python3.12/site-packages/airflow/example_dags/example_branch_operator.py
[2026-04-12T11:13:42.857+0000] {processor.py:914} INFO - Processing file /home/airflow/.local/lib/python3.12/site-packages/airflow/example_dags/example_branch_operator.py for tasks to queue
[2026-04-12T11:13:42.858+0000] {logging_mixin.py:190} INFO - [2026-04-12T11:13:42.858+0000] {dagbag.py:588} INFO - Filling up the DagBag from /home/airflow/.local/lib/python3.12/site-packages/airflow/example_dags/example_branch_operator.py
[2026-04-12T11:13:42.875+0000] {processor.py:925} INFO - DAG(s) 'example_branch_operator' retrieved from /home/airflow/.local/lib/python3.12/site-packages/airflow/example_dags/example_branch_operator.py
[2026-04-12T11:13:42.903+0000] {logging_mixin.py:190} INFO - [2026-04-12T11:13:42.903+0000] {dag.py:3239} INFO - Sync 1 DAGs
[2026-04-12T11:13:42.939+0000] {logging_mixin.py:190} INFO - [2026-04-12T11:13:42.939+0000] {dag.py:4180} INFO - Setting next_dagrun for example_branch_operator to 2026-04-11 00:00:00+00:00, run_after=2026-04-12 00:00:00+00:00
[2026-04-12T11:13:42.962+0000] {processor.py:208} INFO - Processing /home/airflow/.local/lib/python3.12/site-packages/airflow/example_dags/example_branch_operator.py took 0.111 seconds
[2026-04-12T11:14:13.366+0000] {processor.py:186} INFO - Started process (PID=1269) to work on /home/airflow/.local/lib/python3.12/site-packages/airflow/example_dags/example_branch_operator.py
[2026-04-12T11:14:13.367+0000] {processor.py:914} INFO - Processing file /home/airflow/.local/lib/python3.12/site-packages/airflow/example_dags/example_branch_operator.py for tasks to queue
[2026-04-12T11:14:13.368+0000] {logging_mixin.py:190} INFO - [2026-04-12T11:14:13.368+0000] {dagbag.py:588} INFO - Filling up the DagBag from /home/airflow/.local/lib/python3.12/site-packages/airflow/example_dags/example_branch_operator.py
[2026-04-12T11:14:13.385+0000] {processor.py:925} INFO - DAG(s) 'example_branch_operator' retrieved from /home/airflow/.local/lib/python3.12/site-packages/airflow/example_dags/example_branch_operator.py
[2026-04-12T11:14:13.413+0000] {logging_mixin.py:190} INFO - [2026-04-12T11:14:13.412+0000] {dag.py:3239} INFO - Sync 1 DAGs
[2026-04-12T11:14:13.426+0000] {logging_mixin.py:190} INFO - [2026-04-12T11:14:13.426+0000] {dag.py:4180} INFO - Setting next_dagrun for example_branch_operator to 2026-04-11 00:00:00+00:00, run_after=2026-04-12 00:00:00+00:00
[2026-04-12T11:14:13.437+0000] {processor.py:208} INFO - Processing /home/airflow/.local/lib/python3.12/site-packages/airflow/example_dags/example_branch_operator.py took 0.076 seconds
[2026-04-12T11:14:45.566+0000] {processor.py:186} INFO - Started process (PID=1565) to work on /home/airflow/.local/lib/python3.12/site-packages/airflow/example_dags/example_branch_operator.py
[2026-04-12T11:14:45.571+0000] {processor.py:914} INFO - Processing file /home/airflow/.local/lib/python3.12/site-packages/airflow/example_dags/example_branch_operator.py for tasks to queue
[2026-04-12T11:14:45.574+0000] {logging_mixin.py:190} INFO - [2026-04-12T11:14:45.573+0000] {dagbag.py:588} INFO - Filling up the DagBag from /home/airflow/.local/lib/python3.12/site-packages/airflow/example_dags/example_branch_operator.py
[2026-04-12T11:14:45.612+0000] {processor.py:925} INFO - DAG(s) 'example_branch_operator' retrieved from /home/airflow/.local/lib/python3.12/site-packages/airflow/example_dags/example_branch_operator.py
[2026-04-12T11:14:45.655+0000] {logging_mixin.py:190} INFO - [2026-04-12T11:14:45.655+0000] {dag.py:3239} INFO - Sync 1 DAGs
[2026-04-12T11:14:45.692+0000] {logging_mixin.py:190} INFO - [2026-04-12T11:14:45.691+0000] {dag.py:4180} INFO - Setting next_dagrun for example_branch_operator to 2026-04-11 00:00:00+00:00, run_after=2026-04-12 00:00:00+00:00
[2026-04-12T11:14:45.714+0000] {processor.py:208} INFO - Processing /home/airflow/.local/lib/python3.12/site-packages/airflow/example_dags/example_branch_operator.py took 0.160 seconds
[2026-04-12T11:15:16.302+0000] {processor.py:186} INFO - Started process (PID=1862) to work on /home/airflow/.local/lib/python3.12/site-packages/airflow/example_dags/example_branch_operator.py
[2026-04-12T11:15:16.306+0000] {processor.py:914} INFO - Processing file /home/airflow/.local/lib/python3.12/site-packages/airflow/example_dags/example_branch_operator.py for tasks to queue
[2026-04-12T11:15:16.309+0000] {logging_mixin.py:190} INFO - [2026-04-12T11:15:16.309+0000] {dagbag.py:588} INFO - Filling up the DagBag from /home/airflow/.local/lib/python3.12/site-packages/airflow/example_dags/example_branch_operator.py
[2026-04-12T11:15:16.324+0000] {processor.py:925} INFO - DAG(s) 'example_branch_operator' retrieved from /home/airflow/.local/lib/python3.12/site-packages/airflow/example_dags/example_branch_operator.py
[2026-04-12T11:15:16.347+0000] {logging_mixin.py:190} INFO - [2026-04-12T11:15:16.347+0000] {dag.py:3239} INFO - Sync 1 DAGs
[2026-04-12T11:15:16.369+0000] {logging_mixin.py:190} INFO - [2026-04-12T11:15:16.368+0000] {dag.py:4180} INFO - Setting next_dagrun for example_branch_operator to 2026-04-11 00:00:00+00:00, run_after=2026-04-12 00:00:00+00:00
[2026-04-12T11:15:16.389+0000] {processor.py:208} INFO - Processing /home/airflow/.local/lib/python3.12/site-packages/airflow/example_dags/example_branch_operator.py took 0.091 seconds
[2026-04-12T11:15:47.056+0000] {processor.py:186} INFO - Started process (PID=2158) to work on /home/airflow/.local/lib/python3.12/site-packages/airflow/example_dags/example_branch_operator.py
[2026-04-12T11:15:47.061+0000] {processor.py:914} INFO - Processing file /home/airflow/.local/lib/python3.12/site-packages/airflow/example_dags/example_branch_operator.py for tasks to queue
[2026-04-12T11:15:47.062+0000] {logging_mixin.py:190} INFO - [2026-04-12T11:15:47.062+0000] {dagbag.py:588} INFO - Filling up the DagBag from /home/airflow/.local/lib/python3.12/site-packages/airflow/example_dags/example_branch_operator.py
[2026-04-12T11:15:47.074+0000] {processor.py:925} INFO - DAG(s) 'example_branch_operator' retrieved from /home/airflow/.local/lib/python3.12/site-packages/airflow/example_dags/example_branch_operator.py
[2026-04-12T11:15:47.096+0000] {logging_mixin.py:190} INFO - [2026-04-12T11:15:47.096+0000] {dag.py:3239} INFO - Sync 1 DAGs
[2026-04-12T11:15:47.111+0000] {logging_mixin.py:190} INFO - [2026-04-12T11:15:47.111+0000] {dag.py:4180} INFO - Setting next_dagrun for example_branch_operator to 2026-04-11 00:00:00+00:00, run_after=2026-04-12 00:00:00+00:00
[2026-04-12T11:15:47.123+0000] {processor.py:208} INFO - Processing /home/airflow/.local/lib/python3.12/site-packages/airflow/example_dags/example_branch_operator.py took 0.071 seconds
[2026-04-12T11:16:17.612+0000] {processor.py:186} INFO - Started process (PID=2449) to work on /home/airflow/.local/lib/python3.12/site-packages/airflow/example_dags/example_branch_operator.py
[2026-04-12T11:16:17.613+0000] {processor.py:914} INFO - Processing file /home/airflow/.local/lib/python3.12/site-packages/airflow/example_dags/example_branch_operator.py for tasks to queue
[2026-04-12T11:16:17.617+0000] {logging_mixin.py:190} INFO - [2026-04-12T11:16:17.616+0000] {dagbag.py:588} INFO - Filling up the DagBag from /home/airflow/.local/lib/python3.12/site-packages/airflow/example_dags/example_branch_operator.py
[2026-04-12T11:16:17.650+0000] {processor.py:925} INFO - DAG(s) 'example_branch_operator' retrieved from /home/airflow/.local/lib/python3.12/site-packages/airflow/example_dags/example_branch_operator.py
[2026-04-12T11:16:17.702+0000] {logging_mixin.py:190} INFO - [2026-04-12T11:16:17.701+0000] {dag.py:3239} INFO - Sync 1 DAGs
[2026-04-12T11:16:17.766+0000] {logging_mixin.py:190} INFO - [2026-04-12T11:16:17.766+0000] {dag.py:4180} INFO - Setting next_dagrun for example_branch_operator to 2026-04-11 00:00:00+00:00, run_after=2026-04-12 00:00:00+00:00
[2026-04-12T11:16:17.848+0000] {processor.py:208} INFO - Processing /home/airflow/.local/lib/python3.12/site-packages/airflow/example_dags/example_branch_operator.py took 0.242 seconds
[2026-04-12T11:16:48.587+0000] {processor.py:186} INFO - Started process (PID=2742) to work on /home/airflow/.local/lib/python3.12/site-packages/airflow/example_dags/example_branch_operator.py
[2026-04-12T11:16:48.588+0000] {processor.py:914} INFO - Processing file /home/airflow/.local/lib/python3.12/site-packages/airflow/example_dags/example_branch_operator.py for tasks to queue
[2026-04-12T11:16:48.590+0000] {logging_mixin.py:190} INFO - [2026-04-12T11:16:48.589+0000] {dagbag.py:588} INFO - Filling up the DagBag from /home/airflow/.local/lib/python3.12/site-packages/airflow/example_dags/example_branch_operator.py
[2026-04-12T11:16:48.603+0000] {processor.py:925} INFO - DAG(s) 'example_branch_operator' retrieved from /home/airflow/.local/lib/python3.12/site-packages/airflow/example_dags/example_branch_operator.py
[2026-04-12T11:16:48.628+0000] {logging_mixin.py:190} INFO - [2026-04-12T11:16:48.628+0000] {dag.py:3239} INFO - Sync 1 DAGs
[2026-04-12T11:16:48.649+0000] {logging_mixin.py:190} INFO - [2026-04-12T11:16:48.648+0000] {dag.py:4180} INFO - Setting next_dagrun for example_branch_operator to 2026-04-11 00:00:00+00:00, run_after=2026-04-12 00:00:00+00:00
[2026-04-12T11:16:48.662+0000] {processor.py:208} INFO - Processing /home/airflow/.local/lib/python3.12/site-packages/airflow/example_dags/example_branch_operator.py took 0.081 seconds
[2026-04-12T11:17:18.787+0000] {processor.py:186} INFO - Started process (PID=3050) to work on /home/airflow/.local/lib/python3.12/site-packages/airflow/example_dags/example_branch_operator.py
[2026-04-12T11:17:18.789+0000] {processor.py:914} INFO - Processing file /home/airflow/.local/lib/python3.12/site-packages/airflow/example_dags/example_branch_operator.py for tasks to queue
[2026-04-12T11:17:18.791+0000] {logging_mixin.py:190} INFO - [2026-04-12T11:17:18.791+0000] {dagbag.py:588} INFO - Filling up the DagBag from /home/airflow/.local/lib/python3.12/site-packages/airflow/example_dags/example_branch_operator.py
[2026-04-12T11:17:18.809+0000] {processor.py:925} INFO - DAG(s) 'example_branch_operator' retrieved from /home/airflow/.local/lib/python3.12/site-packages/airflow/example_dags/example_branch_operator.py
[2026-04-12T11:17:18.853+0000] {logging_mixin.py:190} INFO - [2026-04-12T11:17:18.853+0000] {dag.py:3239} INFO - Sync 1 DAGs
[2026-04-12T11:17:18.881+0000] {logging_mixin.py:190} INFO - [2026-04-12T11:17:18.880+0000] {dag.py:4180} INFO - Setting next_dagrun for example_branch_operator to 2026-04-11 00:00:00+00:00, run_after=2026-04-12 00:00:00+00:00
[2026-04-12T11:17:18.900+0000] {processor.py:208} INFO - Processing /home/airflow/.local/lib/python3.12/site-packages/airflow/example_dags/example_branch_operator.py took 0.129 seconds
[2026-04-12T11:17:49.396+0000] {processor.py:186} INFO - Started process (PID=3346) to work on /home/airflow/.local/lib/python3.12/site-packages/airflow/example_dags/example_branch_operator.py
[2026-04-12T11:17:49.398+0000] {processor.py:914} INFO - Processing file /home/airflow/.local/lib/python3.12/site-packages/airflow/example_dags/example_branch_operator.py for tasks to queue
[2026-04-12T11:17:49.399+0000] {logging_mixin.py:190} INFO - [2026-04-12T11:17:49.399+0000] {dagbag.py:588} INFO - Filling up the DagBag from /home/airflow/.local/lib/python3.12/site-packages/airflow/example_dags/example_branch_operator.py
[2026-04-12T11:17:49.414+0000] {processor.py:925} INFO - DAG(s) 'example_branch_operator' retrieved from /home/airflow/.local/lib/python3.12/site-packages/airflow/example_dags/example_branch_operator.py
[2026-04-12T11:17:49.434+0000] {logging_mixin.py:190} INFO - [2026-04-12T11:17:49.434+0000] {dag.py:3239} INFO - Sync 1 DAGs
[2026-04-12T11:17:49.453+0000] {logging_mixin.py:190} INFO - [2026-04-12T11:17:49.453+0000] {dag.py:4180} INFO - Setting next_dagrun for example_branch_operator to 2026-04-11 00:00:00+00:00, run_after=2026-04-12 00:00:00+00:00
[2026-04-12T11:17:49.468+0000] {processor.py:208} INFO - Processing /home/airflow/.local/lib/python3.12/site-packages/airflow/example_dags/example_branch_operator.py took 0.077 seconds
[2026-04-12T11:18:20.248+0000] {processor.py:186} INFO - Started process (PID=3653) to work on /home/airflow/.local/lib/python3.12/site-packages/airflow/example_dags/example_branch_operator.py
[2026-04-12T11:18:20.249+0000] {processor.py:914} INFO - Processing file /home/airflow/.local/lib/python3.12/site-packages/airflow/example_dags/example_branch_operator.py for tasks to queue
[2026-04-12T11:18:20.252+0000] {logging_mixin.py:190} INFO - [2026-04-12T11:18:20.252+0000] {dagbag.py:588} INFO - Filling up the DagBag from /home/airflow/.local/lib/python3.12/site-packages/airflow/example_dags/example_branch_operator.py
[2026-04-12T11:18:20.283+0000] {processor.py:925} INFO - DAG(s) 'example_branch_operator' retrieved from /home/airflow/.local/lib/python3.12/site-packages/airflow/example_dags/example_branch_operator.py
[2026-04-12T11:18:20.315+0000] {logging_mixin.py:190} INFO - [2026-04-12T11:18:20.315+0000] {dag.py:3239} INFO - Sync 1 DAGs
[2026-04-12T11:18:20.336+0000] {logging_mixin.py:190} INFO - [2026-04-12T11:18:20.335+0000] {dag.py:4180} INFO - Setting next_dagrun for example_branch_operator to 2026-04-11 00:00:00+00:00, run_after=2026-04-12 00:00:00+00:00
[2026-04-12T11:18:20.352+0000] {processor.py:208} INFO - Processing /home/airflow/.local/lib/python3.12/site-packages/airflow/example_dags/example_branch_operator.py took 0.112 seconds
[2026-04-12T11:18:50.638+0000] {processor.py:186} INFO - Started process (PID=3949) to work on /home/airflow/.local/lib/python3.12/site-packages/airflow/example_dags/example_branch_operator.py
[2026-04-12T11:18:50.640+0000] {processor.py:914} INFO - Processing file /home/airflow/.local/lib/python3.12/site-packages/airflow/example_dags/example_branch_operator.py for tasks to queue
[2026-04-12T11:18:50.643+0000] {logging_mixin.py:190} INFO - [2026-04-12T11:18:50.643+0000] {dagbag.py:588} INFO - Filling up the DagBag from /home/airflow/.local/lib/python3.12/site-packages/airflow/example_dags/example_branch_operator.py
[2026-04-12T11:18:50.673+0000] {processor.py:925} INFO - DAG(s) 'example_branch_operator' retrieved from /home/airflow/.local/lib/python3.12/site-packages/airflow/example_dags/example_branch_operator.py
[2026-04-12T11:18:50.703+0000] {logging_mixin.py:190} INFO - [2026-04-12T11:18:50.703+0000] {dag.py:3239} INFO - Sync 1 DAGs
[2026-04-12T11:18:50.730+0000] {logging_mixin.py:190} INFO - [2026-04-12T11:18:50.729+0000] {dag.py:4180} INFO - Setting next_dagrun for example_branch_operator to 2026-04-11 00:00:00+00:00, run_after=2026-04-12 00:00:00+00:00
[2026-04-12T11:18:50.749+0000] {processor.py:208} INFO - Processing /home/airflow/.local/lib/python3.12/site-packages/airflow/example_dags/example_branch_operator.py took 0.123 seconds
[2026-04-12T11:19:20.963+0000] {processor.py:186} INFO - Started process (PID=4260) to work on /home/airflow/.local/lib/python3.12/site-packages/airflow/example_dags/example_branch_operator.py
[2026-04-12T11:19:20.965+0000] {processor.py:914} INFO - Processing file /home/airflow/.local/lib/python3.12/site-packages/airflow/example_dags/example_branch_operator.py for tasks to queue
[2026-04-12T11:19:20.967+0000] {logging_mixin.py:190} INFO - [2026-04-12T11:19:20.966+0000] {dagbag.py:588} INFO - Filling up the DagBag from /home/airflow/.local/lib/python3.12/site-packages/airflow/example_dags/example_branch_operator.py
[2026-04-12T11:19:20.982+0000] {processor.py:925} INFO - DAG(s) 'example_branch_operator' retrieved from /home/airflow/.local/lib/python3.12/site-packages/airflow/example_dags/example_branch_operator.py
[2026-04-12T11:19:21.014+0000] {logging_mixin.py:190} INFO - [2026-04-12T11:19:21.014+0000] {dag.py:3239} INFO - Sync 1 DAGs
[2026-04-12T11:19:21.037+0000] {logging_mixin.py:190} INFO - [2026-04-12T11:19:21.036+0000] {dag.py:4180} INFO - Setting next_dagrun for example_branch_operator to 2026-04-11 00:00:00+00:00, run_after=2026-04-12 00:00:00+00:00
[2026-04-12T11:19:21.056+0000] {processor.py:208} INFO - Processing /home/airflow/.local/lib/python3.12/site-packages/airflow/example_dags/example_branch_operator.py took 0.100 seconds
[2026-04-12T11:19:51.821+0000] {processor.py:186} INFO - Started process (PID=4556) to work on /home/airflow/.local/lib/python3.12/site-packages/airflow/example_dags/example_branch_operator.py
[2026-04-12T11:19:51.823+0000] {processor.py:914} INFO - Processing file /home/airflow/.local/lib/python3.12/site-packages/airflow/example_dags/example_branch_operator.py for tasks to queue
[2026-04-12T11:19:51.826+0000] {logging_mixin.py:190} INFO - [2026-04-12T11:19:51.825+0000] {dagbag.py:588} INFO - Filling up the DagBag from /home/airflow/.local/lib/python3.12/site-packages/airflow/example_dags/example_branch_operator.py
[2026-04-12T11:19:51.851+0000] {processor.py:925} INFO - DAG(s) 'example_branch_operator' retrieved from /home/airflow/.local/lib/python3.12/site-packages/airflow/example_dags/example_branch_operator.py
[2026-04-12T11:19:51.881+0000] {logging_mixin.py:190} INFO - [2026-04-12T11:19:51.881+0000] {dag.py:3239} INFO - Sync 1 DAGs
[2026-04-12T11:19:51.925+0000] {logging_mixin.py:190} INFO - [2026-04-12T11:19:51.925+0000] {dag.py:4180} INFO - Setting next_dagrun for example_branch_operator to 2026-04-11 00:00:00+00:00, run_after=2026-04-12 00:00:00+00:00
[2026-04-12T11:19:51.945+0000] {processor.py:208} INFO - Processing /home/airflow/.local/lib/python3.12/site-packages/airflow/example_dags/example_branch_operator.py took 0.132 seconds
[2026-04-12T11:20:22.676+0000] {processor.py:186} INFO - Started process (PID=4852) to work on /home/airflow/.local/lib/python3.12/site-packages/airflow/example_dags/example_branch_operator.py
[2026-04-12T11:20:22.677+0000] {processor.py:914} INFO - Processing file /home/airflow/.local/lib/python3.12/site-packages/airflow/example_dags/example_branch_operator.py for tasks to queue
[2026-04-12T11:20:22.679+0000] {logging_mixin.py:190} INFO - [2026-04-12T11:20:22.679+0000] {dagbag.py:588} INFO - Filling up the DagBag from /home/airflow/.local/lib/python3.12/site-packages/airflow/example_dags/example_branch_operator.py
[2026-04-12T11:20:22.694+0000] {processor.py:925} INFO - DAG(s) 'example_branch_operator' retrieved from /home/airflow/.local/lib/python3.12/site-packages/airflow/example_dags/example_branch_operator.py
[2026-04-12T11:20:22.720+0000] {logging_mixin.py:190} INFO - [2026-04-12T11:20:22.720+0000] {dag.py:3239} INFO - Sync 1 DAGs
[2026-04-12T11:20:22.738+0000] {logging_mixin.py:190} INFO - [2026-04-12T11:20:22.738+0000] {dag.py:4180} INFO - Setting next_dagrun for example_branch_operator to 2026-04-11 00:00:00+00:00, run_after=2026-04-12 00:00:00+00:00
[2026-04-12T11:20:22.751+0000] {processor.py:208} INFO - Processing /home/airflow/.local/lib/python3.12/site-packages/airflow/example_dags/example_branch_operator.py took 0.082 seconds
[2026-04-12T11:20:53.040+0000] {processor.py:186} INFO - Started process (PID=5148) to work on /home/airflow/.local/lib/python3.12/site-packages/airflow/example_dags/example_branch_operator.py
[2026-04-12T11:20:53.042+0000] {processor.py:914} INFO - Processing file /home/airflow/.local/lib/python3.12/site-packages/airflow/example_dags/example_branch_operator.py for tasks to queue
[2026-04-12T11:20:53.045+0000] {logging_mixin.py:190} INFO - [2026-04-12T11:20:53.045+0000] {dagbag.py:588} INFO - Filling up the DagBag from /home/airflow/.local/lib/python3.12/site-packages/airflow/example_dags/example_branch_operator.py
[2026-04-12T11:20:53.072+0000] {processor.py:925} INFO - DAG(s) 'example_branch_operator' retrieved from /home/airflow/.local/lib/python3.12/site-packages/airflow/example_dags/example_branch_operator.py
[2026-04-12T11:20:53.110+0000] {logging_mixin.py:190} INFO - [2026-04-12T11:20:53.110+0000] {dag.py:3239} INFO - Sync 1 DAGs
[2026-04-12T11:20:53.135+0000] {logging_mixin.py:190} INFO - [2026-04-12T11:20:53.135+0000] {dag.py:4180} INFO - Setting next_dagrun for example_branch_operator to 2026-04-11 00:00:00+00:00, run_after=2026-04-12 00:00:00+00:00
[2026-04-12T11:20:53.161+0000] {processor.py:208} INFO - Processing /home/airflow/.local/lib/python3.12/site-packages/airflow/example_dags/example_branch_operator.py took 0.132 seconds
[2026-04-12T11:21:23.960+0000] {processor.py:186} INFO - Started process (PID=5444) to work on /home/airflow/.local/lib/python3.12/site-packages/airflow/example_dags/example_branch_operator.py
[2026-04-12T11:21:23.963+0000] {processor.py:914} INFO - Processing file /home/airflow/.local/lib/python3.12/site-packages/airflow/example_dags/example_branch_operator.py for tasks to queue
[2026-04-12T11:21:23.971+0000] {logging_mixin.py:190} INFO - [2026-04-12T11:21:23.970+0000] {dagbag.py:588} INFO - Filling up the DagBag from /home/airflow/.local/lib/python3.12/site-packages/airflow/example_dags/example_branch_operator.py
[2026-04-12T11:21:24.005+0000] {processor.py:925} INFO - DAG(s) 'example_branch_operator' retrieved from /home/airflow/.local/lib/python3.12/site-packages/airflow/example_dags/example_branch_operator.py
[2026-04-12T11:21:24.038+0000] {logging_mixin.py:190} INFO - [2026-04-12T11:21:24.038+0000] {dag.py:3239} INFO - Sync 1 DAGs
[2026-04-12T11:21:24.064+0000] {logging_mixin.py:190} INFO - [2026-04-12T11:21:24.064+0000] {dag.py:4180} INFO - Setting next_dagrun for example_branch_operator to 2026-04-11 00:00:00+00:00, run_after=2026-04-12 00:00:00+00:00
[2026-04-12T11:21:24.081+0000] {processor.py:208} INFO - Processing /home/airflow/.local/lib/python3.12/site-packages/airflow/example_dags/example_branch_operator.py took 0.137 seconds
[2026-04-12T11:21:55.041+0000] {processor.py:186} INFO - Started process (PID=5740) to work on /home/airflow/.local/lib/python3.12/site-packages/airflow/example_dags/example_branch_operator.py
[2026-04-12T11:21:55.042+0000] {processor.py:914} INFO - Processing file /home/airflow/.local/lib/python3.12/site-packages/airflow/example_dags/example_branch_operator.py for tasks to queue
[2026-04-12T11:21:55.045+0000] {logging_mixin.py:190} INFO - [2026-04-12T11:21:55.045+0000] {dagbag.py:588} INFO - Filling up the DagBag from /home/airflow/.local/lib/python3.12/site-packages/airflow/example_dags/example_branch_operator.py
[2026-04-12T11:21:55.069+0000] {processor.py:925} INFO - DAG(s) 'example_branch_operator' retrieved from /home/airflow/.local/lib/python3.12/site-packages/airflow/example_dags/example_branch_operator.py
[2026-04-12T11:21:55.100+0000] {logging_mixin.py:190} INFO - [2026-04-12T11:21:55.100+0000] {dag.py:3239} INFO - Sync 1 DAGs
[2026-04-12T11:21:55.127+0000] {logging_mixin.py:190} INFO - [2026-04-12T11:21:55.126+0000] {dag.py:4180} INFO - Setting next_dagrun for example_branch_operator to 2026-04-11 00:00:00+00:00, run_after=2026-04-12 00:00:00+00:00
[2026-04-12T11:21:55.143+0000] {processor.py:208} INFO - Processing /home/airflow/.local/lib/python3.12/site-packages/airflow/example_dags/example_branch_operator.py took 0.109 seconds
[2026-04-12T11:22:25.192+0000] {processor.py:186} INFO - Started process (PID=6036) to work on /home/airflow/.local/lib/python3.12/site-packages/airflow/example_dags/example_branch_operator.py
[2026-04-12T11:22:25.193+0000] {processor.py:914} INFO - Processing file /home/airflow/.local/lib/python3.12/site-packages/airflow/example_dags/example_branch_operator.py for tasks to queue
[2026-04-12T11:22:25.196+0000] {logging_mixin.py:190} INFO - [2026-04-12T11:22:25.195+0000] {dagbag.py:588} INFO - Filling up the DagBag from /home/airflow/.local/lib/python3.12/site-packages/airflow/example_dags/example_branch_operator.py
[2026-04-12T11:22:25.229+0000] {processor.py:925} INFO - DAG(s) 'example_branch_operator' retrieved from /home/airflow/.local/lib/python3.12/site-packages/airflow/example_dags/example_branch_operator.py
[2026-04-12T11:22:25.278+0000] {logging_mixin.py:190} INFO - [2026-04-12T11:22:25.277+0000] {dag.py:3239} INFO - Sync 1 DAGs
[2026-04-12T11:22:25.310+0000] {logging_mixin.py:190} INFO - [2026-04-12T11:22:25.310+0000] {dag.py:4180} INFO - Setting next_dagrun for example_branch_operator to 2026-04-11 00:00:00+00:00, run_after=2026-04-12 00:00:00+00:00
[2026-04-12T11:22:25.337+0000] {processor.py:208} INFO - Processing /home/airflow/.local/lib/python3.12/site-packages/airflow/example_dags/example_branch_operator.py took 0.155 seconds
[2026-04-12T11:22:55.410+0000] {processor.py:186} INFO - Started process (PID=6334) to work on /home/airflow/.local/lib/python3.12/site-packages/airflow/example_dags/example_branch_operator.py
[2026-04-12T11:22:55.412+0000] {processor.py:914} INFO - Processing file /home/airflow/.local/lib/python3.12/site-packages/airflow/example_dags/example_branch_operator.py for tasks to queue
[2026-04-12T11:22:55.415+0000] {logging_mixin.py:190} INFO - [2026-04-12T11:22:55.415+0000] {dagbag.py:588} INFO - Filling up the DagBag from /home/airflow/.local/lib/python3.12/site-packages/airflow/example_dags/example_branch_operator.py
[2026-04-12T11:22:55.439+0000] {processor.py:925} INFO - DAG(s) 'example_branch_operator' retrieved from /home/airflow/.local/lib/python3.12/site-packages/airflow/example_dags/example_branch_operator.py
[2026-04-12T11:22:55.472+0000] {logging_mixin.py:190} INFO - [2026-04-12T11:22:55.472+0000] {dag.py:3239} INFO - Sync 1 DAGs
[2026-04-12T11:22:55.494+0000] {logging_mixin.py:190} INFO - [2026-04-12T11:22:55.494+0000] {dag.py:4180} INFO - Setting next_dagrun for example_branch_operator to 2026-04-11 00:00:00+00:00, run_after=2026-04-12 00:00:00+00:00
[2026-04-12T11:22:55.508+0000] {processor.py:208} INFO - Processing /home/airflow/.local/lib/python3.12/site-packages/airflow/example_dags/example_branch_operator.py took 0.105 seconds
[2026-04-12T11:23:25.672+0000] {processor.py:186} INFO - Started process (PID=6632) to work on /home/airflow/.local/lib/python3.12/site-packages/airflow/example_dags/example_branch_operator.py
[2026-04-12T11:23:25.673+0000] {processor.py:914} INFO - Processing file /home/airflow/.local/lib/python3.12/site-packages/airflow/example_dags/example_branch_operator.py for tasks to queue
[2026-04-12T11:23:25.675+0000] {logging_mixin.py:190} INFO - [2026-04-12T11:23:25.675+0000] {dagbag.py:588} INFO - Filling up the DagBag from /home/airflow/.local/lib/python3.12/site-packages/airflow/example_dags/example_branch_operator.py
[2026-04-12T11:23:25.690+0000] {processor.py:925} INFO - DAG(s) 'example_branch_operator' retrieved from /home/airflow/.local/lib/python3.12/site-packages/airflow/example_dags/example_branch_operator.py
[2026-04-12T11:23:25.716+0000] {logging_mixin.py:190} INFO - [2026-04-12T11:23:25.716+0000] {dag.py:3239} INFO - Sync 1 DAGs
[2026-04-12T11:23:25.742+0000] {logging_mixin.py:190} INFO - [2026-04-12T11:23:25.742+0000] {dag.py:4180} INFO - Setting next_dagrun for example_branch_operator to 2026-04-11 00:00:00+00:00, run_after=2026-04-12 00:00:00+00:00
[2026-04-12T11:23:25.764+0000] {processor.py:208} INFO - Processing /home/airflow/.local/lib/python3.12/site-packages/airflow/example_dags/example_branch_operator.py took 0.099 seconds
[2026-04-12T11:23:56.005+0000] {processor.py:186} INFO - Started process (PID=6923) to work on /home/airflow/.local/lib/python3.12/site-packages/airflow/example_dags/example_branch_operator.py
[2026-04-12T11:23:56.007+0000] {processor.py:914} INFO - Processing file /home/airflow/.local/lib/python3.12/site-packages/airflow/example_dags/example_branch_operator.py for tasks to queue
[2026-04-12T11:23:56.010+0000] {logging_mixin.py:190} INFO - [2026-04-12T11:23:56.009+0000] {dagbag.py:588} INFO - Filling up the DagBag from /home/airflow/.local/lib/python3.12/site-packages/airflow/example_dags/example_branch_operator.py
[2026-04-12T11:23:56.037+0000] {processor.py:925} INFO - DAG(s) 'example_branch_operator' retrieved from /home/airflow/.local/lib/python3.12/site-packages/airflow/example_dags/example_branch_operator.py
[2026-04-12T11:23:56.082+0000] {logging_mixin.py:190} INFO - [2026-04-12T11:23:56.082+0000] {dag.py:3239} INFO - Sync 1 DAGs
[2026-04-12T11:23:56.116+0000] {logging_mixin.py:190} INFO - [2026-04-12T11:23:56.116+0000] {dag.py:4180} INFO - Setting next_dagrun for example_branch_operator to 2026-04-11 00:00:00+00:00, run_after=2026-04-12 00:00:00+00:00
[2026-04-12T11:23:56.139+0000] {processor.py:208} INFO - Processing /home/airflow/.local/lib/python3.12/site-packages/airflow/example_dags/example_branch_operator.py took 0.144 seconds
[2026-04-12T11:24:26.363+0000] {processor.py:186} INFO - Started process (PID=7219) to work on /home/airflow/.local/lib/python3.12/site-packages/airflow/example_dags/example_branch_operator.py
[2026-04-12T11:24:26.365+0000] {processor.py:914} INFO - Processing file /home/airflow/.local/lib/python3.12/site-packages/airflow/example_dags/example_branch_operator.py for tasks to queue
[2026-04-12T11:24:26.367+0000] {logging_mixin.py:190} INFO - [2026-04-12T11:24:26.366+0000] {dagbag.py:588} INFO - Filling up the DagBag from /home/airflow/.local/lib/python3.12/site-packages/airflow/example_dags/example_branch_operator.py
[2026-04-12T11:24:26.386+0000] {processor.py:925} INFO - DAG(s) 'example_branch_operator' retrieved from /home/airflow/.local/lib/python3.12/site-packages/airflow/example_dags/example_branch_operator.py
[2026-04-12T11:24:26.416+0000] {logging_mixin.py:190} INFO - [2026-04-12T11:24:26.416+0000] {dag.py:3239} INFO - Sync 1 DAGs
[2026-04-12T11:24:26.439+0000] {logging_mixin.py:190} INFO - [2026-04-12T11:24:26.439+0000] {dag.py:4180} INFO - Setting next_dagrun for example_branch_operator to 2026-04-11 00:00:00+00:00, run_after=2026-04-12 00:00:00+00:00
[2026-04-12T11:24:26.453+0000] {processor.py:208} INFO - Processing /home/airflow/.local/lib/python3.12/site-packages/airflow/example_dags/example_branch_operator.py took 0.096 seconds
[2026-04-12T11:24:56.545+0000] {processor.py:186} INFO - Started process (PID=7515) to work on /home/airflow/.local/lib/python3.12/site-packages/airflow/example_dags/example_branch_operator.py
[2026-04-12T11:24:56.546+0000] {processor.py:914} INFO - Processing file /home/airflow/.local/lib/python3.12/site-packages/airflow/example_dags/example_branch_operator.py for tasks to queue
[2026-04-12T11:24:56.548+0000] {logging_mixin.py:190} INFO - [2026-04-12T11:24:56.548+0000] {dagbag.py:588} INFO - Filling up the DagBag from /home/airflow/.local/lib/python3.12/site-packages/airflow/example_dags/example_branch_operator.py
[2026-04-12T11:24:56.570+0000] {processor.py:925} INFO - DAG(s) 'example_branch_operator' retrieved from /home/airflow/.local/lib/python3.12/site-packages/airflow/example_dags/example_branch_operator.py
[2026-04-12T11:24:56.593+0000] {logging_mixin.py:190} INFO - [2026-04-12T11:24:56.592+0000] {dag.py:3239} INFO - Sync 1 DAGs
[2026-04-12T11:24:56.615+0000] {logging_mixin.py:190} INFO - [2026-04-12T11:24:56.614+0000] {dag.py:4180} INFO - Setting next_dagrun for example_branch_operator to 2026-04-11 00:00:00+00:00, run_after=2026-04-12 00:00:00+00:00
[2026-04-12T11:24:56.631+0000] {processor.py:208} INFO - Processing /home/airflow/.local/lib/python3.12/site-packages/airflow/example_dags/example_branch_operator.py took 0.092 seconds
[2026-04-12T11:25:27.425+0000] {processor.py:186} INFO - Started process (PID=7811) to work on /home/airflow/.local/lib/python3.12/site-packages/airflow/example_dags/example_branch_operator.py
[2026-04-12T11:25:27.427+0000] {processor.py:914} INFO - Processing file /home/airflow/.local/lib/python3.12/site-packages/airflow/example_dags/example_branch_operator.py for tasks to queue
[2026-04-12T11:25:27.429+0000] {logging_mixin.py:190} INFO - [2026-04-12T11:25:27.429+0000] {dagbag.py:588} INFO - Filling up the DagBag from /home/airflow/.local/lib/python3.12/site-packages/airflow/example_dags/example_branch_operator.py
[2026-04-12T11:25:27.451+0000] {processor.py:925} INFO - DAG(s) 'example_branch_operator' retrieved from /home/airflow/.local/lib/python3.12/site-packages/airflow/example_dags/example_branch_operator.py
[2026-04-12T11:25:27.503+0000] {logging_mixin.py:190} INFO - [2026-04-12T11:25:27.503+0000] {dag.py:3239} INFO - Sync 1 DAGs
[2026-04-12T11:25:27.540+0000] {logging_mixin.py:190} INFO - [2026-04-12T11:25:27.540+0000] {dag.py:4180} INFO - Setting next_dagrun for example_branch_operator to 2026-04-11 00:00:00+00:00, run_after=2026-04-12 00:00:00+00:00
[2026-04-12T11:25:27.556+0000] {processor.py:208} INFO - Processing /home/airflow/.local/lib/python3.12/site-packages/airflow/example_dags/example_branch_operator.py took 0.140 seconds
[2026-04-12T11:27:11.051+0000] {processor.py:186} INFO - Started process (PID=8290) to work on /home/airflow/.local/lib/python3.12/site-packages/airflow/example_dags/example_branch_operator.py
[2026-04-12T11:27:11.053+0000] {processor.py:914} INFO - Processing file /home/airflow/.local/lib/python3.12/site-packages/airflow/example_dags/example_branch_operator.py for tasks to queue
[2026-04-12T11:27:11.056+0000] {logging_mixin.py:190} INFO - [2026-04-12T11:27:11.056+0000] {dagbag.py:588} INFO - Filling up the DagBag from /home/airflow/.local/lib/python3.12/site-packages/airflow/example_dags/example_branch_operator.py
[2026-04-12T11:27:11.070+0000] {processor.py:925} INFO - DAG(s) 'example_branch_operator' retrieved from /home/airflow/.local/lib/python3.12/site-packages/airflow/example_dags/example_branch_operator.py
[2026-04-12T11:27:11.093+0000] {logging_mixin.py:190} INFO - [2026-04-12T11:27:11.093+0000] {dag.py:3239} INFO - Sync 1 DAGs
[2026-04-12T11:27:11.108+0000] {logging_mixin.py:190} INFO - [2026-04-12T11:27:11.108+0000] {dag.py:4180} INFO - Setting next_dagrun for example_branch_operator to 2026-04-11 00:00:00+00:00, run_after=2026-04-12 00:00:00+00:00
[2026-04-12T11:27:11.122+0000] {processor.py:208} INFO - Processing /home/airflow/.local/lib/python3.12/site-packages/airflow/example_dags/example_branch_operator.py took 0.076 seconds
[2026-04-12T11:29:47.188+0000] {processor.py:186} INFO - Started process (PID=8586) to work on /home/airflow/.local/lib/python3.12/site-packages/airflow/example_dags/example_branch_operator.py
[2026-04-12T11:29:47.189+0000] {processor.py:914} INFO - Processing file /home/airflow/.local/lib/python3.12/site-packages/airflow/example_dags/example_branch_operator.py for tasks to queue
[2026-04-12T11:29:47.191+0000] {logging_mixin.py:190} INFO - [2026-04-12T11:29:47.191+0000] {dagbag.py:588} INFO - Filling up the DagBag from /home/airflow/.local/lib/python3.12/site-packages/airflow/example_dags/example_branch_operator.py
[2026-04-12T11:29:47.204+0000] {processor.py:925} INFO - DAG(s) 'example_branch_operator' retrieved from /home/airflow/.local/lib/python3.12/site-packages/airflow/example_dags/example_branch_operator.py
[2026-04-12T11:29:47.223+0000] {logging_mixin.py:190} INFO - [2026-04-12T11:29:47.223+0000] {dag.py:3239} INFO - Sync 1 DAGs
[2026-04-12T11:29:47.239+0000] {logging_mixin.py:190} INFO - [2026-04-12T11:29:47.239+0000] {dag.py:4180} INFO - Setting next_dagrun for example_branch_operator to 2026-04-11 00:00:00+00:00, run_after=2026-04-12 00:00:00+00:00
[2026-04-12T11:29:47.251+0000] {processor.py:208} INFO - Processing /home/airflow/.local/lib/python3.12/site-packages/airflow/example_dags/example_branch_operator.py took 0.067 seconds
[2026-04-12T11:30:18.515+0000] {processor.py:186} INFO - Started process (PID=8882) to work on /home/airflow/.local/lib/python3.12/site-packages/airflow/example_dags/example_branch_operator.py
[2026-04-12T11:30:18.516+0000] {processor.py:914} INFO - Processing file /home/airflow/.local/lib/python3.12/site-packages/airflow/example_dags/example_branch_operator.py for tasks to queue
[2026-04-12T11:30:18.517+0000] {logging_mixin.py:190} INFO - [2026-04-12T11:30:18.517+0000] {dagbag.py:588} INFO - Filling up the DagBag from /home/airflow/.local/lib/python3.12/site-packages/airflow/example_dags/example_branch_operator.py
[2026-04-12T11:30:18.529+0000] {processor.py:925} INFO - DAG(s) 'example_branch_operator' retrieved from /home/airflow/.local/lib/python3.12/site-packages/airflow/example_dags/example_branch_operator.py
[2026-04-12T11:30:18.548+0000] {logging_mixin.py:190} INFO - [2026-04-12T11:30:18.548+0000] {dag.py:3239} INFO - Sync 1 DAGs
[2026-04-12T11:30:18.581+0000] {logging_mixin.py:190} INFO - [2026-04-12T11:30:18.580+0000] {dag.py:4180} INFO - Setting next_dagrun for example_branch_operator to 2026-04-11 00:00:00+00:00, run_after=2026-04-12 00:00:00+00:00
[2026-04-12T11:30:18.593+0000] {processor.py:208} INFO - Processing /home/airflow/.local/lib/python3.12/site-packages/airflow/example_dags/example_branch_operator.py took 0.083 seconds
[2026-04-12T11:30:49.860+0000] {processor.py:186} INFO - Started process (PID=9178) to work on /home/airflow/.local/lib/python3.12/site-packages/airflow/example_dags/example_branch_operator.py
[2026-04-12T11:30:49.861+0000] {processor.py:914} INFO - Processing file /home/airflow/.local/lib/python3.12/site-packages/airflow/example_dags/example_branch_operator.py for tasks to queue
[2026-04-12T11:30:49.863+0000] {logging_mixin.py:190} INFO - [2026-04-12T11:30:49.863+0000] {dagbag.py:588} INFO - Filling up the DagBag from /home/airflow/.local/lib/python3.12/site-packages/airflow/example_dags/example_branch_operator.py
[2026-04-12T11:30:49.880+0000] {processor.py:925} INFO - DAG(s) 'example_branch_operator' retrieved from /home/airflow/.local/lib/python3.12/site-packages/airflow/example_dags/example_branch_operator.py
[2026-04-12T11:30:49.900+0000] {logging_mixin.py:190} INFO - [2026-04-12T11:30:49.899+0000] {dag.py:3239} INFO - Sync 1 DAGs
[2026-04-12T11:30:49.916+0000] {logging_mixin.py:190} INFO - [2026-04-12T11:30:49.915+0000] {dag.py:4180} INFO - Setting next_dagrun for example_branch_operator to 2026-04-11 00:00:00+00:00, run_after=2026-04-12 00:00:00+00:00
[2026-04-12T11:30:49.928+0000] {processor.py:208} INFO - Processing /home/airflow/.local/lib/python3.12/site-packages/airflow/example_dags/example_branch_operator.py took 0.072 seconds
[2026-04-12T11:31:21.012+0000] {processor.py:186} INFO - Started process (PID=9468) to work on /home/airflow/.local/lib/python3.12/site-packages/airflow/example_dags/example_branch_operator.py
[2026-04-12T11:31:21.013+0000] {processor.py:914} INFO - Processing file /home/airflow/.local/lib/python3.12/site-packages/airflow/example_dags/example_branch_operator.py for tasks to queue
[2026-04-12T11:31:21.015+0000] {logging_mixin.py:190} INFO - [2026-04-12T11:31:21.014+0000] {dagbag.py:588} INFO - Filling up the DagBag from /home/airflow/.local/lib/python3.12/site-packages/airflow/example_dags/example_branch_operator.py
[2026-04-12T11:31:21.027+0000] {processor.py:925} INFO - DAG(s) 'example_branch_operator' retrieved from /home/airflow/.local/lib/python3.12/site-packages/airflow/example_dags/example_branch_operator.py
[2026-04-12T11:31:21.054+0000] {logging_mixin.py:190} INFO - [2026-04-12T11:31:21.054+0000] {dag.py:3239} INFO - Sync 1 DAGs
[2026-04-12T11:31:21.070+0000] {logging_mixin.py:190} INFO - [2026-04-12T11:31:21.070+0000] {dag.py:4180} INFO - Setting next_dagrun for example_branch_operator to 2026-04-11 00:00:00+00:00, run_after=2026-04-12 00:00:00+00:00
[2026-04-12T11:31:21.082+0000] {processor.py:208} INFO - Processing /home/airflow/.local/lib/python3.12/site-packages/airflow/example_dags/example_branch_operator.py took 0.076 seconds
[2026-04-12T11:31:52.468+0000] {processor.py:186} INFO - Started process (PID=9769) to work on /home/airflow/.local/lib/python3.12/site-packages/airflow/example_dags/example_branch_operator.py
[2026-04-12T11:31:52.468+0000] {processor.py:914} INFO - Processing file /home/airflow/.local/lib/python3.12/site-packages/airflow/example_dags/example_branch_operator.py for tasks to queue
[2026-04-12T11:31:52.470+0000] {logging_mixin.py:190} INFO - [2026-04-12T11:31:52.470+0000] {dagbag.py:588} INFO - Filling up the DagBag from /home/airflow/.local/lib/python3.12/site-packages/airflow/example_dags/example_branch_operator.py
[2026-04-12T11:31:52.481+0000] {processor.py:925} INFO - DAG(s) 'example_branch_operator' retrieved from /home/airflow/.local/lib/python3.12/site-packages/airflow/example_dags/example_branch_operator.py
[2026-04-12T11:31:52.498+0000] {logging_mixin.py:190} INFO - [2026-04-12T11:31:52.498+0000] {dag.py:3239} INFO - Sync 1 DAGs
[2026-04-12T11:31:52.512+0000] {logging_mixin.py:190} INFO - [2026-04-12T11:31:52.512+0000] {dag.py:4180} INFO - Setting next_dagrun for example_branch_operator to 2026-04-11 00:00:00+00:00, run_after=2026-04-12 00:00:00+00:00
[2026-04-12T11:31:52.523+0000] {processor.py:208} INFO - Processing /home/airflow/.local/lib/python3.12/site-packages/airflow/example_dags/example_branch_operator.py took 0.059 seconds
[2026-04-12T11:32:23.858+0000] {processor.py:186} INFO - Started process (PID=10065) to work on /home/airflow/.local/lib/python3.12/site-packages/airflow/example_dags/example_branch_operator.py
[2026-04-12T11:32:23.859+0000] {processor.py:914} INFO - Processing file /home/airflow/.local/lib/python3.12/site-packages/airflow/example_dags/example_branch_operator.py for tasks to queue
[2026-04-12T11:32:23.862+0000] {logging_mixin.py:190} INFO - [2026-04-12T11:32:23.862+0000] {dagbag.py:588} INFO - Filling up the DagBag from /home/airflow/.local/lib/python3.12/site-packages/airflow/example_dags/example_branch_operator.py
[2026-04-12T11:32:23.879+0000] {processor.py:925} INFO - DAG(s) 'example_branch_operator' retrieved from /home/airflow/.local/lib/python3.12/site-packages/airflow/example_dags/example_branch_operator.py
[2026-04-12T11:32:23.907+0000] {logging_mixin.py:190} INFO - [2026-04-12T11:32:23.906+0000] {dag.py:3239} INFO - Sync 1 DAGs
[2026-04-12T11:32:23.924+0000] {logging_mixin.py:190} INFO - [2026-04-12T11:32:23.924+0000] {dag.py:4180} INFO - Setting next_dagrun for example_branch_operator to 2026-04-11 00:00:00+00:00, run_after=2026-04-12 00:00:00+00:00
[2026-04-12T11:32:23.938+0000] {processor.py:208} INFO - Processing /home/airflow/.local/lib/python3.12/site-packages/airflow/example_dags/example_branch_operator.py took 0.085 seconds
[2026-04-12T11:32:54.530+0000] {processor.py:186} INFO - Started process (PID=10356) to work on /home/airflow/.local/lib/python3.12/site-packages/airflow/example_dags/example_branch_operator.py
[2026-04-12T11:32:54.532+0000] {processor.py:914} INFO - Processing file /home/airflow/.local/lib/python3.12/site-packages/airflow/example_dags/example_branch_operator.py for tasks to queue
[2026-04-12T11:32:54.533+0000] {logging_mixin.py:190} INFO - [2026-04-12T11:32:54.533+0000] {dagbag.py:588} INFO - Filling up the DagBag from /home/airflow/.local/lib/python3.12/site-packages/airflow/example_dags/example_branch_operator.py
[2026-04-12T11:32:54.546+0000] {processor.py:925} INFO - DAG(s) 'example_branch_operator' retrieved from /home/airflow/.local/lib/python3.12/site-packages/airflow/example_dags/example_branch_operator.py
[2026-04-12T11:32:54.571+0000] {logging_mixin.py:190} INFO - [2026-04-12T11:32:54.571+0000] {dag.py:3239} INFO - Sync 1 DAGs
[2026-04-12T11:32:54.586+0000] {logging_mixin.py:190} INFO - [2026-04-12T11:32:54.586+0000] {dag.py:4180} INFO - Setting next_dagrun for example_branch_operator to 2026-04-11 00:00:00+00:00, run_after=2026-04-12 00:00:00+00:00
[2026-04-12T11:32:54.597+0000] {processor.py:208} INFO - Processing /home/airflow/.local/lib/python3.12/site-packages/airflow/example_dags/example_branch_operator.py took 0.072 seconds
[2026-04-12T11:33:25.485+0000] {processor.py:186} INFO - Started process (PID=10652) to work on /home/airflow/.local/lib/python3.12/site-packages/airflow/example_dags/example_branch_operator.py
[2026-04-12T11:33:25.489+0000] {processor.py:914} INFO - Processing file /home/airflow/.local/lib/python3.12/site-packages/airflow/example_dags/example_branch_operator.py for tasks to queue
[2026-04-12T11:33:25.492+0000] {logging_mixin.py:190} INFO - [2026-04-12T11:33:25.492+0000] {dagbag.py:588} INFO - Filling up the DagBag from /home/airflow/.local/lib/python3.12/site-packages/airflow/example_dags/example_branch_operator.py
[2026-04-12T11:33:25.506+0000] {processor.py:925} INFO - DAG(s) 'example_branch_operator' retrieved from /home/airflow/.local/lib/python3.12/site-packages/airflow/example_dags/example_branch_operator.py
[2026-04-12T11:33:25.533+0000] {logging_mixin.py:190} INFO - [2026-04-12T11:33:25.533+0000] {dag.py:3239} INFO - Sync 1 DAGs
[2026-04-12T11:33:25.552+0000] {logging_mixin.py:190} INFO - [2026-04-12T11:33:25.552+0000] {dag.py:4180} INFO - Setting next_dagrun for example_branch_operator to 2026-04-11 00:00:00+00:00, run_after=2026-04-12 00:00:00+00:00
[2026-04-12T11:33:25.575+0000] {processor.py:208} INFO - Processing /home/airflow/.local/lib/python3.12/site-packages/airflow/example_dags/example_branch_operator.py took 0.094 seconds
[2026-04-12T11:33:56.484+0000] {processor.py:186} INFO - Started process (PID=10953) to work on /home/airflow/.local/lib/python3.12/site-packages/airflow/example_dags/example_branch_operator.py
[2026-04-12T11:33:56.486+0000] {processor.py:914} INFO - Processing file /home/airflow/.local/lib/python3.12/site-packages/airflow/example_dags/example_branch_operator.py for tasks to queue
[2026-04-12T11:33:56.487+0000] {logging_mixin.py:190} INFO - [2026-04-12T11:33:56.487+0000] {dagbag.py:588} INFO - Filling up the DagBag from /home/airflow/.local/lib/python3.12/site-packages/airflow/example_dags/example_branch_operator.py
[2026-04-12T11:33:56.504+0000] {processor.py:925} INFO - DAG(s) 'example_branch_operator' retrieved from /home/airflow/.local/lib/python3.12/site-packages/airflow/example_dags/example_branch_operator.py
[2026-04-12T11:33:56.526+0000] {logging_mixin.py:190} INFO - [2026-04-12T11:33:56.526+0000] {dag.py:3239} INFO - Sync 1 DAGs
[2026-04-12T11:33:56.545+0000] {logging_mixin.py:190} INFO - [2026-04-12T11:33:56.545+0000] {dag.py:4180} INFO - Setting next_dagrun for example_branch_operator to 2026-04-11 00:00:00+00:00, run_after=2026-04-12 00:00:00+00:00
[2026-04-12T11:33:56.560+0000] {processor.py:208} INFO - Processing /home/airflow/.local/lib/python3.12/site-packages/airflow/example_dags/example_branch_operator.py took 0.080 seconds
[2026-04-12T11:34:27.523+0000] {processor.py:186} INFO - Started process (PID=11249) to work on /home/airflow/.local/lib/python3.12/site-packages/airflow/example_dags/example_branch_operator.py
[2026-04-12T11:34:27.524+0000] {processor.py:914} INFO - Processing file /home/airflow/.local/lib/python3.12/site-packages/airflow/example_dags/example_branch_operator.py for tasks to queue
[2026-04-12T11:34:27.525+0000] {logging_mixin.py:190} INFO - [2026-04-12T11:34:27.525+0000] {dagbag.py:588} INFO - Filling up the DagBag from /home/airflow/.local/lib/python3.12/site-packages/airflow/example_dags/example_branch_operator.py
[2026-04-12T11:34:27.540+0000] {processor.py:925} INFO - DAG(s) 'example_branch_operator' retrieved from /home/airflow/.local/lib/python3.12/site-packages/airflow/example_dags/example_branch_operator.py
[2026-04-12T11:34:27.562+0000] {logging_mixin.py:190} INFO - [2026-04-12T11:34:27.562+0000] {dag.py:3239} INFO - Sync 1 DAGs
[2026-04-12T11:34:27.578+0000] {logging_mixin.py:190} INFO - [2026-04-12T11:34:27.578+0000] {dag.py:4180} INFO - Setting next_dagrun for example_branch_operator to 2026-04-11 00:00:00+00:00, run_after=2026-04-12 00:00:00+00:00
[2026-04-12T11:34:27.591+0000] {processor.py:208} INFO - Processing /home/airflow/.local/lib/python3.12/site-packages/airflow/example_dags/example_branch_operator.py took 0.075 seconds
[2026-04-12T11:34:58.187+0000] {processor.py:186} INFO - Started process (PID=11544) to work on /home/airflow/.local/lib/python3.12/site-packages/airflow/example_dags/example_branch_operator.py
[2026-04-12T11:34:58.188+0000] {processor.py:914} INFO - Processing file /home/airflow/.local/lib/python3.12/site-packages/airflow/example_dags/example_branch_operator.py for tasks to queue
[2026-04-12T11:34:58.189+0000] {logging_mixin.py:190} INFO - [2026-04-12T11:34:58.189+0000] {dagbag.py:588} INFO - Filling up the DagBag from /home/airflow/.local/lib/python3.12/site-packages/airflow/example_dags/example_branch_operator.py
[2026-04-12T11:34:58.200+0000] {processor.py:925} INFO - DAG(s) 'example_branch_operator' retrieved from /home/airflow/.local/lib/python3.12/site-packages/airflow/example_dags/example_branch_operator.py
[2026-04-12T11:34:58.223+0000] {logging_mixin.py:190} INFO - [2026-04-12T11:34:58.223+0000] {dag.py:3239} INFO - Sync 1 DAGs
[2026-04-12T11:34:58.242+0000] {logging_mixin.py:190} INFO - [2026-04-12T11:34:58.242+0000] {dag.py:4180} INFO - Setting next_dagrun for example_branch_operator to 2026-04-11 00:00:00+00:00, run_after=2026-04-12 00:00:00+00:00
[2026-04-12T11:34:58.254+0000] {processor.py:208} INFO - Processing /home/airflow/.local/lib/python3.12/site-packages/airflow/example_dags/example_branch_operator.py took 0.071 seconds
