[2026-04-12T11:12:33.933+0000] {processor.py:186} INFO - Started process (PID=366) to work on /home/airflow/.local/lib/python3.12/site-packages/airflow/example_dags/example_sensor_decorator.py
[2026-04-12T11:12:33.937+0000] {processor.py:914} INFO - Processing file /home/airflow/.local/lib/python3.12/site-packages/airflow/example_dags/example_sensor_decorator.py for tasks to queue
[2026-04-12T11:12:33.943+0000] {logging_mixin.py:190} INFO - [2026-04-12T11:12:33.942+0000] {dagbag.py:588} INFO - Filling up the DagBag from /home/airflow/.local/lib/python3.12/site-packages/airflow/example_dags/example_sensor_decorator.py
[2026-04-12T11:12:33.977+0000] {processor.py:925} INFO - DAG(s) 'example_sensor_decorator' retrieved from /home/airflow/.local/lib/python3.12/site-packages/airflow/example_dags/example_sensor_decorator.py
[2026-04-12T11:12:34.173+0000] {logging_mixin.py:190} INFO - [2026-04-12T11:12:34.172+0000] {override.py:1912} INFO - Created Permission View: can edit on DAG:example_sensor_decorator
[2026-04-12T11:12:34.186+0000] {logging_mixin.py:190} INFO - [2026-04-12T11:12:34.186+0000] {override.py:1912} INFO - Created Permission View: can delete on DAG:example_sensor_decorator
[2026-04-12T11:12:34.202+0000] {logging_mixin.py:190} INFO - [2026-04-12T11:12:34.201+0000] {override.py:1912} INFO - Created Permission View: can read on DAG:example_sensor_decorator
[2026-04-12T11:12:34.298+0000] {logging_mixin.py:190} INFO - [2026-04-12T11:12:34.295+0000] {override.py:1912} INFO - Created Permission View: can delete on DAG Run:example_sensor_decorator
[2026-04-12T11:12:34.311+0000] {logging_mixin.py:190} INFO - [2026-04-12T11:12:34.310+0000] {override.py:1912} INFO - Created Permission View: can create on DAG Run:example_sensor_decorator
[2026-04-12T11:12:34.346+0000] {logging_mixin.py:190} INFO - [2026-04-12T11:12:34.342+0000] {override.py:1912} INFO - Created Permission View: can read on DAG Run:example_sensor_decorator
[2026-04-12T11:12:34.388+0000] {logging_mixin.py:190} INFO - [2026-04-12T11:12:34.388+0000] {override.py:1912} INFO - Created Permission View: menu access on DAG Run:example_sensor_decorator
[2026-04-12T11:12:34.389+0000] {logging_mixin.py:190} INFO - [2026-04-12T11:12:34.389+0000] {dag.py:3239} INFO - Sync 1 DAGs
[2026-04-12T11:12:34.764+0000] {logging_mixin.py:190} INFO - [2026-04-12T11:12:34.761+0000] {dag.py:3262} INFO - Creating ORM DAG for example_sensor_decorator
[2026-04-12T11:12:34.769+0000] {logging_mixin.py:190} INFO - [2026-04-12T11:12:34.769+0000] {dag.py:4180} INFO - Setting next_dagrun for example_sensor_decorator to None, run_after=None
[2026-04-12T11:12:34.935+0000] {processor.py:208} INFO - Processing /home/airflow/.local/lib/python3.12/site-packages/airflow/example_dags/example_sensor_decorator.py took 1.010 seconds
[2026-04-12T11:13:05.197+0000] {processor.py:186} INFO - Started process (PID=658) to work on /home/airflow/.local/lib/python3.12/site-packages/airflow/example_dags/example_sensor_decorator.py
[2026-04-12T11:13:05.199+0000] {processor.py:914} INFO - Processing file /home/airflow/.local/lib/python3.12/site-packages/airflow/example_dags/example_sensor_decorator.py for tasks to queue
[2026-04-12T11:13:05.201+0000] {logging_mixin.py:190} INFO - [2026-04-12T11:13:05.201+0000] {dagbag.py:588} INFO - Filling up the DagBag from /home/airflow/.local/lib/python3.12/site-packages/airflow/example_dags/example_sensor_decorator.py
[2026-04-12T11:13:05.208+0000] {processor.py:925} INFO - DAG(s) 'example_sensor_decorator' retrieved from /home/airflow/.local/lib/python3.12/site-packages/airflow/example_dags/example_sensor_decorator.py
[2026-04-12T11:13:05.224+0000] {logging_mixin.py:190} INFO - [2026-04-12T11:13:05.224+0000] {dag.py:3239} INFO - Sync 1 DAGs
[2026-04-12T11:13:05.238+0000] {logging_mixin.py:190} INFO - [2026-04-12T11:13:05.237+0000] {dag.py:4180} INFO - Setting next_dagrun for example_sensor_decorator to None, run_after=None
[2026-04-12T11:13:05.315+0000] {processor.py:208} INFO - Processing /home/airflow/.local/lib/python3.12/site-packages/airflow/example_dags/example_sensor_decorator.py took 0.123 seconds
[2026-04-12T11:13:35.770+0000] {processor.py:186} INFO - Started process (PID=955) to work on /home/airflow/.local/lib/python3.12/site-packages/airflow/example_dags/example_sensor_decorator.py
[2026-04-12T11:13:35.772+0000] {processor.py:914} INFO - Processing file /home/airflow/.local/lib/python3.12/site-packages/airflow/example_dags/example_sensor_decorator.py for tasks to queue
[2026-04-12T11:13:35.776+0000] {logging_mixin.py:190} INFO - [2026-04-12T11:13:35.776+0000] {dagbag.py:588} INFO - Filling up the DagBag from /home/airflow/.local/lib/python3.12/site-packages/airflow/example_dags/example_sensor_decorator.py
[2026-04-12T11:13:35.798+0000] {processor.py:925} INFO - DAG(s) 'example_sensor_decorator' retrieved from /home/airflow/.local/lib/python3.12/site-packages/airflow/example_dags/example_sensor_decorator.py
[2026-04-12T11:13:35.825+0000] {logging_mixin.py:190} INFO - [2026-04-12T11:13:35.825+0000] {dag.py:3239} INFO - Sync 1 DAGs
[2026-04-12T11:13:35.841+0000] {logging_mixin.py:190} INFO - [2026-04-12T11:13:35.841+0000] {dag.py:4180} INFO - Setting next_dagrun for example_sensor_decorator to None, run_after=None
[2026-04-12T11:13:35.857+0000] {processor.py:208} INFO - Processing /home/airflow/.local/lib/python3.12/site-packages/airflow/example_dags/example_sensor_decorator.py took 0.101 seconds
[2026-04-12T11:14:06.549+0000] {processor.py:186} INFO - Started process (PID=1251) to work on /home/airflow/.local/lib/python3.12/site-packages/airflow/example_dags/example_sensor_decorator.py
[2026-04-12T11:14:06.551+0000] {processor.py:914} INFO - Processing file /home/airflow/.local/lib/python3.12/site-packages/airflow/example_dags/example_sensor_decorator.py for tasks to queue
[2026-04-12T11:14:06.552+0000] {logging_mixin.py:190} INFO - [2026-04-12T11:14:06.552+0000] {dagbag.py:588} INFO - Filling up the DagBag from /home/airflow/.local/lib/python3.12/site-packages/airflow/example_dags/example_sensor_decorator.py
[2026-04-12T11:14:06.558+0000] {processor.py:925} INFO - DAG(s) 'example_sensor_decorator' retrieved from /home/airflow/.local/lib/python3.12/site-packages/airflow/example_dags/example_sensor_decorator.py
[2026-04-12T11:14:06.574+0000] {logging_mixin.py:190} INFO - [2026-04-12T11:14:06.574+0000] {dag.py:3239} INFO - Sync 1 DAGs
[2026-04-12T11:14:06.586+0000] {logging_mixin.py:190} INFO - [2026-04-12T11:14:06.586+0000] {dag.py:4180} INFO - Setting next_dagrun for example_sensor_decorator to None, run_after=None
[2026-04-12T11:14:06.601+0000] {processor.py:208} INFO - Processing /home/airflow/.local/lib/python3.12/site-packages/airflow/example_dags/example_sensor_decorator.py took 0.056 seconds
[2026-04-12T11:14:36.893+0000] {processor.py:186} INFO - Started process (PID=1545) to work on /home/airflow/.local/lib/python3.12/site-packages/airflow/example_dags/example_sensor_decorator.py
[2026-04-12T11:14:36.897+0000] {processor.py:914} INFO - Processing file /home/airflow/.local/lib/python3.12/site-packages/airflow/example_dags/example_sensor_decorator.py for tasks to queue
[2026-04-12T11:14:36.901+0000] {logging_mixin.py:190} INFO - [2026-04-12T11:14:36.900+0000] {dagbag.py:588} INFO - Filling up the DagBag from /home/airflow/.local/lib/python3.12/site-packages/airflow/example_dags/example_sensor_decorator.py
[2026-04-12T11:14:36.928+0000] {processor.py:925} INFO - DAG(s) 'example_sensor_decorator' retrieved from /home/airflow/.local/lib/python3.12/site-packages/airflow/example_dags/example_sensor_decorator.py
[2026-04-12T11:14:36.963+0000] {logging_mixin.py:190} INFO - [2026-04-12T11:14:36.963+0000] {dag.py:3239} INFO - Sync 1 DAGs
[2026-04-12T11:14:36.983+0000] {logging_mixin.py:190} INFO - [2026-04-12T11:14:36.983+0000] {dag.py:4180} INFO - Setting next_dagrun for example_sensor_decorator to None, run_after=None
[2026-04-12T11:14:37.008+0000] {processor.py:208} INFO - Processing /home/airflow/.local/lib/python3.12/site-packages/airflow/example_dags/example_sensor_decorator.py took 0.124 seconds
[2026-04-12T11:15:07.456+0000] {processor.py:186} INFO - Started process (PID=1842) to work on /home/airflow/.local/lib/python3.12/site-packages/airflow/example_dags/example_sensor_decorator.py
[2026-04-12T11:15:07.457+0000] {processor.py:914} INFO - Processing file /home/airflow/.local/lib/python3.12/site-packages/airflow/example_dags/example_sensor_decorator.py for tasks to queue
[2026-04-12T11:15:07.460+0000] {logging_mixin.py:190} INFO - [2026-04-12T11:15:07.459+0000] {dagbag.py:588} INFO - Filling up the DagBag from /home/airflow/.local/lib/python3.12/site-packages/airflow/example_dags/example_sensor_decorator.py
[2026-04-12T11:15:07.467+0000] {processor.py:925} INFO - DAG(s) 'example_sensor_decorator' retrieved from /home/airflow/.local/lib/python3.12/site-packages/airflow/example_dags/example_sensor_decorator.py
[2026-04-12T11:15:07.495+0000] {logging_mixin.py:190} INFO - [2026-04-12T11:15:07.495+0000] {dag.py:3239} INFO - Sync 1 DAGs
[2026-04-12T11:15:07.508+0000] {logging_mixin.py:190} INFO - [2026-04-12T11:15:07.508+0000] {dag.py:4180} INFO - Setting next_dagrun for example_sensor_decorator to None, run_after=None
[2026-04-12T11:15:07.526+0000] {processor.py:208} INFO - Processing /home/airflow/.local/lib/python3.12/site-packages/airflow/example_dags/example_sensor_decorator.py took 0.075 seconds
[2026-04-12T11:15:38.097+0000] {processor.py:186} INFO - Started process (PID=2138) to work on /home/airflow/.local/lib/python3.12/site-packages/airflow/example_dags/example_sensor_decorator.py
[2026-04-12T11:15:38.099+0000] {processor.py:914} INFO - Processing file /home/airflow/.local/lib/python3.12/site-packages/airflow/example_dags/example_sensor_decorator.py for tasks to queue
[2026-04-12T11:15:38.100+0000] {logging_mixin.py:190} INFO - [2026-04-12T11:15:38.100+0000] {dagbag.py:588} INFO - Filling up the DagBag from /home/airflow/.local/lib/python3.12/site-packages/airflow/example_dags/example_sensor_decorator.py
[2026-04-12T11:15:38.106+0000] {processor.py:925} INFO - DAG(s) 'example_sensor_decorator' retrieved from /home/airflow/.local/lib/python3.12/site-packages/airflow/example_dags/example_sensor_decorator.py
[2026-04-12T11:15:38.120+0000] {logging_mixin.py:190} INFO - [2026-04-12T11:15:38.119+0000] {dag.py:3239} INFO - Sync 1 DAGs
[2026-04-12T11:15:38.128+0000] {logging_mixin.py:190} INFO - [2026-04-12T11:15:38.128+0000] {dag.py:4180} INFO - Setting next_dagrun for example_sensor_decorator to None, run_after=None
[2026-04-12T11:15:38.138+0000] {processor.py:208} INFO - Processing /home/airflow/.local/lib/python3.12/site-packages/airflow/example_dags/example_sensor_decorator.py took 0.047 seconds
[2026-04-12T11:16:08.376+0000] {processor.py:186} INFO - Started process (PID=2434) to work on /home/airflow/.local/lib/python3.12/site-packages/airflow/example_dags/example_sensor_decorator.py
[2026-04-12T11:16:08.381+0000] {processor.py:914} INFO - Processing file /home/airflow/.local/lib/python3.12/site-packages/airflow/example_dags/example_sensor_decorator.py for tasks to queue
[2026-04-12T11:16:08.382+0000] {logging_mixin.py:190} INFO - [2026-04-12T11:16:08.382+0000] {dagbag.py:588} INFO - Filling up the DagBag from /home/airflow/.local/lib/python3.12/site-packages/airflow/example_dags/example_sensor_decorator.py
[2026-04-12T11:16:08.388+0000] {processor.py:925} INFO - DAG(s) 'example_sensor_decorator' retrieved from /home/airflow/.local/lib/python3.12/site-packages/airflow/example_dags/example_sensor_decorator.py
[2026-04-12T11:16:08.408+0000] {logging_mixin.py:190} INFO - [2026-04-12T11:16:08.408+0000] {dag.py:3239} INFO - Sync 1 DAGs
[2026-04-12T11:16:08.421+0000] {logging_mixin.py:190} INFO - [2026-04-12T11:16:08.421+0000] {dag.py:4180} INFO - Setting next_dagrun for example_sensor_decorator to None, run_after=None
[2026-04-12T11:16:08.433+0000] {processor.py:208} INFO - Processing /home/airflow/.local/lib/python3.12/site-packages/airflow/example_dags/example_sensor_decorator.py took 0.062 seconds
[2026-04-12T11:16:39.396+0000] {processor.py:186} INFO - Started process (PID=2730) to work on /home/airflow/.local/lib/python3.12/site-packages/airflow/example_dags/example_sensor_decorator.py
[2026-04-12T11:16:39.398+0000] {processor.py:914} INFO - Processing file /home/airflow/.local/lib/python3.12/site-packages/airflow/example_dags/example_sensor_decorator.py for tasks to queue
[2026-04-12T11:16:39.401+0000] {logging_mixin.py:190} INFO - [2026-04-12T11:16:39.401+0000] {dagbag.py:588} INFO - Filling up the DagBag from /home/airflow/.local/lib/python3.12/site-packages/airflow/example_dags/example_sensor_decorator.py
[2026-04-12T11:16:39.410+0000] {processor.py:925} INFO - DAG(s) 'example_sensor_decorator' retrieved from /home/airflow/.local/lib/python3.12/site-packages/airflow/example_dags/example_sensor_decorator.py
[2026-04-12T11:16:39.426+0000] {logging_mixin.py:190} INFO - [2026-04-12T11:16:39.426+0000] {dag.py:3239} INFO - Sync 1 DAGs
[2026-04-12T11:16:39.437+0000] {logging_mixin.py:190} INFO - [2026-04-12T11:16:39.437+0000] {dag.py:4180} INFO - Setting next_dagrun for example_sensor_decorator to None, run_after=None
[2026-04-12T11:16:39.453+0000] {processor.py:208} INFO - Processing /home/airflow/.local/lib/python3.12/site-packages/airflow/example_dags/example_sensor_decorator.py took 0.063 seconds
[2026-04-12T11:17:10.419+0000] {processor.py:186} INFO - Started process (PID=3038) to work on /home/airflow/.local/lib/python3.12/site-packages/airflow/example_dags/example_sensor_decorator.py
[2026-04-12T11:17:10.425+0000] {processor.py:914} INFO - Processing file /home/airflow/.local/lib/python3.12/site-packages/airflow/example_dags/example_sensor_decorator.py for tasks to queue
[2026-04-12T11:17:10.430+0000] {logging_mixin.py:190} INFO - [2026-04-12T11:17:10.430+0000] {dagbag.py:588} INFO - Filling up the DagBag from /home/airflow/.local/lib/python3.12/site-packages/airflow/example_dags/example_sensor_decorator.py
[2026-04-12T11:17:10.461+0000] {processor.py:925} INFO - DAG(s) 'example_sensor_decorator' retrieved from /home/airflow/.local/lib/python3.12/site-packages/airflow/example_dags/example_sensor_decorator.py
[2026-04-12T11:17:10.509+0000] {logging_mixin.py:190} INFO - [2026-04-12T11:17:10.509+0000] {dag.py:3239} INFO - Sync 1 DAGs
[2026-04-12T11:17:10.542+0000] {logging_mixin.py:190} INFO - [2026-04-12T11:17:10.542+0000] {dag.py:4180} INFO - Setting next_dagrun for example_sensor_decorator to None, run_after=None
[2026-04-12T11:17:10.578+0000] {processor.py:208} INFO - Processing /home/airflow/.local/lib/python3.12/site-packages/airflow/example_dags/example_sensor_decorator.py took 0.179 seconds
[2026-04-12T11:17:41.229+0000] {processor.py:186} INFO - Started process (PID=3334) to work on /home/airflow/.local/lib/python3.12/site-packages/airflow/example_dags/example_sensor_decorator.py
[2026-04-12T11:17:41.233+0000] {processor.py:914} INFO - Processing file /home/airflow/.local/lib/python3.12/site-packages/airflow/example_dags/example_sensor_decorator.py for tasks to queue
[2026-04-12T11:17:41.235+0000] {logging_mixin.py:190} INFO - [2026-04-12T11:17:41.235+0000] {dagbag.py:588} INFO - Filling up the DagBag from /home/airflow/.local/lib/python3.12/site-packages/airflow/example_dags/example_sensor_decorator.py
[2026-04-12T11:17:41.241+0000] {processor.py:925} INFO - DAG(s) 'example_sensor_decorator' retrieved from /home/airflow/.local/lib/python3.12/site-packages/airflow/example_dags/example_sensor_decorator.py
[2026-04-12T11:17:41.256+0000] {logging_mixin.py:190} INFO - [2026-04-12T11:17:41.256+0000] {dag.py:3239} INFO - Sync 1 DAGs
[2026-04-12T11:17:41.268+0000] {logging_mixin.py:190} INFO - [2026-04-12T11:17:41.267+0000] {dag.py:4180} INFO - Setting next_dagrun for example_sensor_decorator to None, run_after=None
[2026-04-12T11:17:41.280+0000] {processor.py:208} INFO - Processing /home/airflow/.local/lib/python3.12/site-packages/airflow/example_dags/example_sensor_decorator.py took 0.056 seconds
[2026-04-12T11:18:11.998+0000] {processor.py:186} INFO - Started process (PID=3638) to work on /home/airflow/.local/lib/python3.12/site-packages/airflow/example_dags/example_sensor_decorator.py
[2026-04-12T11:18:12.002+0000] {processor.py:914} INFO - Processing file /home/airflow/.local/lib/python3.12/site-packages/airflow/example_dags/example_sensor_decorator.py for tasks to queue
[2026-04-12T11:18:12.005+0000] {logging_mixin.py:190} INFO - [2026-04-12T11:18:12.004+0000] {dagbag.py:588} INFO - Filling up the DagBag from /home/airflow/.local/lib/python3.12/site-packages/airflow/example_dags/example_sensor_decorator.py
[2026-04-12T11:18:12.011+0000] {processor.py:925} INFO - DAG(s) 'example_sensor_decorator' retrieved from /home/airflow/.local/lib/python3.12/site-packages/airflow/example_dags/example_sensor_decorator.py
[2026-04-12T11:18:12.032+0000] {logging_mixin.py:190} INFO - [2026-04-12T11:18:12.032+0000] {dag.py:3239} INFO - Sync 1 DAGs
[2026-04-12T11:18:12.044+0000] {logging_mixin.py:190} INFO - [2026-04-12T11:18:12.044+0000] {dag.py:4180} INFO - Setting next_dagrun for example_sensor_decorator to None, run_after=None
[2026-04-12T11:18:12.062+0000] {processor.py:208} INFO - Processing /home/airflow/.local/lib/python3.12/site-packages/airflow/example_dags/example_sensor_decorator.py took 0.068 seconds
[2026-04-12T11:18:42.427+0000] {processor.py:186} INFO - Started process (PID=3937) to work on /home/airflow/.local/lib/python3.12/site-packages/airflow/example_dags/example_sensor_decorator.py
[2026-04-12T11:18:42.433+0000] {processor.py:914} INFO - Processing file /home/airflow/.local/lib/python3.12/site-packages/airflow/example_dags/example_sensor_decorator.py for tasks to queue
[2026-04-12T11:18:42.436+0000] {logging_mixin.py:190} INFO - [2026-04-12T11:18:42.436+0000] {dagbag.py:588} INFO - Filling up the DagBag from /home/airflow/.local/lib/python3.12/site-packages/airflow/example_dags/example_sensor_decorator.py
[2026-04-12T11:18:42.446+0000] {processor.py:925} INFO - DAG(s) 'example_sensor_decorator' retrieved from /home/airflow/.local/lib/python3.12/site-packages/airflow/example_dags/example_sensor_decorator.py
[2026-04-12T11:18:42.470+0000] {logging_mixin.py:190} INFO - [2026-04-12T11:18:42.470+0000] {dag.py:3239} INFO - Sync 1 DAGs
[2026-04-12T11:18:42.485+0000] {logging_mixin.py:190} INFO - [2026-04-12T11:18:42.485+0000] {dag.py:4180} INFO - Setting next_dagrun for example_sensor_decorator to None, run_after=None
[2026-04-12T11:18:42.497+0000] {processor.py:208} INFO - Processing /home/airflow/.local/lib/python3.12/site-packages/airflow/example_dags/example_sensor_decorator.py took 0.074 seconds
[2026-04-12T11:19:12.755+0000] {processor.py:186} INFO - Started process (PID=4248) to work on /home/airflow/.local/lib/python3.12/site-packages/airflow/example_dags/example_sensor_decorator.py
[2026-04-12T11:19:12.759+0000] {processor.py:914} INFO - Processing file /home/airflow/.local/lib/python3.12/site-packages/airflow/example_dags/example_sensor_decorator.py for tasks to queue
[2026-04-12T11:19:12.761+0000] {logging_mixin.py:190} INFO - [2026-04-12T11:19:12.761+0000] {dagbag.py:588} INFO - Filling up the DagBag from /home/airflow/.local/lib/python3.12/site-packages/airflow/example_dags/example_sensor_decorator.py
[2026-04-12T11:19:12.769+0000] {processor.py:925} INFO - DAG(s) 'example_sensor_decorator' retrieved from /home/airflow/.local/lib/python3.12/site-packages/airflow/example_dags/example_sensor_decorator.py
[2026-04-12T11:19:12.784+0000] {logging_mixin.py:190} INFO - [2026-04-12T11:19:12.784+0000] {dag.py:3239} INFO - Sync 1 DAGs
[2026-04-12T11:19:12.793+0000] {logging_mixin.py:190} INFO - [2026-04-12T11:19:12.793+0000] {dag.py:4180} INFO - Setting next_dagrun for example_sensor_decorator to None, run_after=None
[2026-04-12T11:19:12.820+0000] {processor.py:208} INFO - Processing /home/airflow/.local/lib/python3.12/site-packages/airflow/example_dags/example_sensor_decorator.py took 0.071 seconds
[2026-04-12T11:19:43.602+0000] {processor.py:186} INFO - Started process (PID=4543) to work on /home/airflow/.local/lib/python3.12/site-packages/airflow/example_dags/example_sensor_decorator.py
[2026-04-12T11:19:43.603+0000] {processor.py:914} INFO - Processing file /home/airflow/.local/lib/python3.12/site-packages/airflow/example_dags/example_sensor_decorator.py for tasks to queue
[2026-04-12T11:19:43.606+0000] {logging_mixin.py:190} INFO - [2026-04-12T11:19:43.605+0000] {dagbag.py:588} INFO - Filling up the DagBag from /home/airflow/.local/lib/python3.12/site-packages/airflow/example_dags/example_sensor_decorator.py
[2026-04-12T11:19:43.616+0000] {processor.py:925} INFO - DAG(s) 'example_sensor_decorator' retrieved from /home/airflow/.local/lib/python3.12/site-packages/airflow/example_dags/example_sensor_decorator.py
[2026-04-12T11:19:43.635+0000] {logging_mixin.py:190} INFO - [2026-04-12T11:19:43.635+0000] {dag.py:3239} INFO - Sync 1 DAGs
[2026-04-12T11:19:43.645+0000] {logging_mixin.py:190} INFO - [2026-04-12T11:19:43.645+0000] {dag.py:4180} INFO - Setting next_dagrun for example_sensor_decorator to None, run_after=None
[2026-04-12T11:19:43.663+0000] {processor.py:208} INFO - Processing /home/airflow/.local/lib/python3.12/site-packages/airflow/example_dags/example_sensor_decorator.py took 0.067 seconds
[2026-04-12T11:20:14.500+0000] {processor.py:186} INFO - Started process (PID=4840) to work on /home/airflow/.local/lib/python3.12/site-packages/airflow/example_dags/example_sensor_decorator.py
[2026-04-12T11:20:14.500+0000] {processor.py:914} INFO - Processing file /home/airflow/.local/lib/python3.12/site-packages/airflow/example_dags/example_sensor_decorator.py for tasks to queue
[2026-04-12T11:20:14.502+0000] {logging_mixin.py:190} INFO - [2026-04-12T11:20:14.502+0000] {dagbag.py:588} INFO - Filling up the DagBag from /home/airflow/.local/lib/python3.12/site-packages/airflow/example_dags/example_sensor_decorator.py
[2026-04-12T11:20:14.507+0000] {processor.py:925} INFO - DAG(s) 'example_sensor_decorator' retrieved from /home/airflow/.local/lib/python3.12/site-packages/airflow/example_dags/example_sensor_decorator.py
[2026-04-12T11:20:14.526+0000] {logging_mixin.py:190} INFO - [2026-04-12T11:20:14.526+0000] {dag.py:3239} INFO - Sync 1 DAGs
[2026-04-12T11:20:14.536+0000] {logging_mixin.py:190} INFO - [2026-04-12T11:20:14.536+0000] {dag.py:4180} INFO - Setting next_dagrun for example_sensor_decorator to None, run_after=None
[2026-04-12T11:20:14.546+0000] {processor.py:208} INFO - Processing /home/airflow/.local/lib/python3.12/site-packages/airflow/example_dags/example_sensor_decorator.py took 0.050 seconds
[2026-04-12T11:20:44.844+0000] {processor.py:186} INFO - Started process (PID=5136) to work on /home/airflow/.local/lib/python3.12/site-packages/airflow/example_dags/example_sensor_decorator.py
[2026-04-12T11:20:44.848+0000] {processor.py:914} INFO - Processing file /home/airflow/.local/lib/python3.12/site-packages/airflow/example_dags/example_sensor_decorator.py for tasks to queue
[2026-04-12T11:20:44.851+0000] {logging_mixin.py:190} INFO - [2026-04-12T11:20:44.850+0000] {dagbag.py:588} INFO - Filling up the DagBag from /home/airflow/.local/lib/python3.12/site-packages/airflow/example_dags/example_sensor_decorator.py
[2026-04-12T11:20:44.864+0000] {processor.py:925} INFO - DAG(s) 'example_sensor_decorator' retrieved from /home/airflow/.local/lib/python3.12/site-packages/airflow/example_dags/example_sensor_decorator.py
[2026-04-12T11:20:44.889+0000] {logging_mixin.py:190} INFO - [2026-04-12T11:20:44.889+0000] {dag.py:3239} INFO - Sync 1 DAGs
[2026-04-12T11:20:44.903+0000] {logging_mixin.py:190} INFO - [2026-04-12T11:20:44.903+0000] {dag.py:4180} INFO - Setting next_dagrun for example_sensor_decorator to None, run_after=None
[2026-04-12T11:20:44.919+0000] {processor.py:208} INFO - Processing /home/airflow/.local/lib/python3.12/site-packages/airflow/example_dags/example_sensor_decorator.py took 0.085 seconds
[2026-04-12T11:21:15.791+0000] {processor.py:186} INFO - Started process (PID=5434) to work on /home/airflow/.local/lib/python3.12/site-packages/airflow/example_dags/example_sensor_decorator.py
[2026-04-12T11:21:15.792+0000] {processor.py:914} INFO - Processing file /home/airflow/.local/lib/python3.12/site-packages/airflow/example_dags/example_sensor_decorator.py for tasks to queue
[2026-04-12T11:21:15.793+0000] {logging_mixin.py:190} INFO - [2026-04-12T11:21:15.793+0000] {dagbag.py:588} INFO - Filling up the DagBag from /home/airflow/.local/lib/python3.12/site-packages/airflow/example_dags/example_sensor_decorator.py
[2026-04-12T11:21:15.800+0000] {processor.py:925} INFO - DAG(s) 'example_sensor_decorator' retrieved from /home/airflow/.local/lib/python3.12/site-packages/airflow/example_dags/example_sensor_decorator.py
[2026-04-12T11:21:15.812+0000] {logging_mixin.py:190} INFO - [2026-04-12T11:21:15.812+0000] {dag.py:3239} INFO - Sync 1 DAGs
[2026-04-12T11:21:15.820+0000] {logging_mixin.py:190} INFO - [2026-04-12T11:21:15.820+0000] {dag.py:4180} INFO - Setting next_dagrun for example_sensor_decorator to None, run_after=None
[2026-04-12T11:21:15.832+0000] {processor.py:208} INFO - Processing /home/airflow/.local/lib/python3.12/site-packages/airflow/example_dags/example_sensor_decorator.py took 0.045 seconds
[2026-04-12T11:21:45.876+0000] {processor.py:186} INFO - Started process (PID=5730) to work on /home/airflow/.local/lib/python3.12/site-packages/airflow/example_dags/example_sensor_decorator.py
[2026-04-12T11:21:45.877+0000] {processor.py:914} INFO - Processing file /home/airflow/.local/lib/python3.12/site-packages/airflow/example_dags/example_sensor_decorator.py for tasks to queue
[2026-04-12T11:21:45.878+0000] {logging_mixin.py:190} INFO - [2026-04-12T11:21:45.878+0000] {dagbag.py:588} INFO - Filling up the DagBag from /home/airflow/.local/lib/python3.12/site-packages/airflow/example_dags/example_sensor_decorator.py
[2026-04-12T11:21:45.883+0000] {processor.py:925} INFO - DAG(s) 'example_sensor_decorator' retrieved from /home/airflow/.local/lib/python3.12/site-packages/airflow/example_dags/example_sensor_decorator.py
[2026-04-12T11:21:45.895+0000] {logging_mixin.py:190} INFO - [2026-04-12T11:21:45.895+0000] {dag.py:3239} INFO - Sync 1 DAGs
[2026-04-12T11:21:45.904+0000] {logging_mixin.py:190} INFO - [2026-04-12T11:21:45.903+0000] {dag.py:4180} INFO - Setting next_dagrun for example_sensor_decorator to None, run_after=None
[2026-04-12T11:21:45.914+0000] {processor.py:208} INFO - Processing /home/airflow/.local/lib/python3.12/site-packages/airflow/example_dags/example_sensor_decorator.py took 0.042 seconds
[2026-04-12T11:22:15.932+0000] {processor.py:186} INFO - Started process (PID=6024) to work on /home/airflow/.local/lib/python3.12/site-packages/airflow/example_dags/example_sensor_decorator.py
[2026-04-12T11:22:15.933+0000] {processor.py:914} INFO - Processing file /home/airflow/.local/lib/python3.12/site-packages/airflow/example_dags/example_sensor_decorator.py for tasks to queue
[2026-04-12T11:22:15.935+0000] {logging_mixin.py:190} INFO - [2026-04-12T11:22:15.935+0000] {dagbag.py:588} INFO - Filling up the DagBag from /home/airflow/.local/lib/python3.12/site-packages/airflow/example_dags/example_sensor_decorator.py
[2026-04-12T11:22:15.941+0000] {processor.py:925} INFO - DAG(s) 'example_sensor_decorator' retrieved from /home/airflow/.local/lib/python3.12/site-packages/airflow/example_dags/example_sensor_decorator.py
[2026-04-12T11:22:15.957+0000] {logging_mixin.py:190} INFO - [2026-04-12T11:22:15.957+0000] {dag.py:3239} INFO - Sync 1 DAGs
[2026-04-12T11:22:15.968+0000] {logging_mixin.py:190} INFO - [2026-04-12T11:22:15.968+0000] {dag.py:4180} INFO - Setting next_dagrun for example_sensor_decorator to None, run_after=None
[2026-04-12T11:22:15.981+0000] {processor.py:208} INFO - Processing /home/airflow/.local/lib/python3.12/site-packages/airflow/example_dags/example_sensor_decorator.py took 0.053 seconds
[2026-04-12T11:22:46.211+0000] {processor.py:186} INFO - Started process (PID=6321) to work on /home/airflow/.local/lib/python3.12/site-packages/airflow/example_dags/example_sensor_decorator.py
[2026-04-12T11:22:46.212+0000] {processor.py:914} INFO - Processing file /home/airflow/.local/lib/python3.12/site-packages/airflow/example_dags/example_sensor_decorator.py for tasks to queue
[2026-04-12T11:22:46.213+0000] {logging_mixin.py:190} INFO - [2026-04-12T11:22:46.213+0000] {dagbag.py:588} INFO - Filling up the DagBag from /home/airflow/.local/lib/python3.12/site-packages/airflow/example_dags/example_sensor_decorator.py
[2026-04-12T11:22:46.218+0000] {processor.py:925} INFO - DAG(s) 'example_sensor_decorator' retrieved from /home/airflow/.local/lib/python3.12/site-packages/airflow/example_dags/example_sensor_decorator.py
[2026-04-12T11:22:46.230+0000] {logging_mixin.py:190} INFO - [2026-04-12T11:22:46.230+0000] {dag.py:3239} INFO - Sync 1 DAGs
[2026-04-12T11:22:46.238+0000] {logging_mixin.py:190} INFO - [2026-04-12T11:22:46.238+0000] {dag.py:4180} INFO - Setting next_dagrun for example_sensor_decorator to None, run_after=None
[2026-04-12T11:22:46.249+0000] {processor.py:208} INFO - Processing /home/airflow/.local/lib/python3.12/site-packages/airflow/example_dags/example_sensor_decorator.py took 0.042 seconds
[2026-04-12T11:23:16.291+0000] {processor.py:186} INFO - Started process (PID=6615) to work on /home/airflow/.local/lib/python3.12/site-packages/airflow/example_dags/example_sensor_decorator.py
[2026-04-12T11:23:16.293+0000] {processor.py:914} INFO - Processing file /home/airflow/.local/lib/python3.12/site-packages/airflow/example_dags/example_sensor_decorator.py for tasks to queue
[2026-04-12T11:23:16.295+0000] {logging_mixin.py:190} INFO - [2026-04-12T11:23:16.295+0000] {dagbag.py:588} INFO - Filling up the DagBag from /home/airflow/.local/lib/python3.12/site-packages/airflow/example_dags/example_sensor_decorator.py
[2026-04-12T11:23:16.302+0000] {processor.py:925} INFO - DAG(s) 'example_sensor_decorator' retrieved from /home/airflow/.local/lib/python3.12/site-packages/airflow/example_dags/example_sensor_decorator.py
[2026-04-12T11:23:16.314+0000] {logging_mixin.py:190} INFO - [2026-04-12T11:23:16.314+0000] {dag.py:3239} INFO - Sync 1 DAGs
[2026-04-12T11:23:16.323+0000] {logging_mixin.py:190} INFO - [2026-04-12T11:23:16.323+0000] {dag.py:4180} INFO - Setting next_dagrun for example_sensor_decorator to None, run_after=None
[2026-04-12T11:23:16.337+0000] {processor.py:208} INFO - Processing /home/airflow/.local/lib/python3.12/site-packages/airflow/example_dags/example_sensor_decorator.py took 0.050 seconds
[2026-04-12T11:23:46.838+0000] {processor.py:186} INFO - Started process (PID=6911) to work on /home/airflow/.local/lib/python3.12/site-packages/airflow/example_dags/example_sensor_decorator.py
[2026-04-12T11:23:46.840+0000] {processor.py:914} INFO - Processing file /home/airflow/.local/lib/python3.12/site-packages/airflow/example_dags/example_sensor_decorator.py for tasks to queue
[2026-04-12T11:23:46.841+0000] {logging_mixin.py:190} INFO - [2026-04-12T11:23:46.841+0000] {dagbag.py:588} INFO - Filling up the DagBag from /home/airflow/.local/lib/python3.12/site-packages/airflow/example_dags/example_sensor_decorator.py
[2026-04-12T11:23:46.847+0000] {processor.py:925} INFO - DAG(s) 'example_sensor_decorator' retrieved from /home/airflow/.local/lib/python3.12/site-packages/airflow/example_dags/example_sensor_decorator.py
[2026-04-12T11:23:46.860+0000] {logging_mixin.py:190} INFO - [2026-04-12T11:23:46.859+0000] {dag.py:3239} INFO - Sync 1 DAGs
[2026-04-12T11:23:46.868+0000] {logging_mixin.py:190} INFO - [2026-04-12T11:23:46.868+0000] {dag.py:4180} INFO - Setting next_dagrun for example_sensor_decorator to None, run_after=None
[2026-04-12T11:23:46.878+0000] {processor.py:208} INFO - Processing /home/airflow/.local/lib/python3.12/site-packages/airflow/example_dags/example_sensor_decorator.py took 0.044 seconds
[2026-04-12T11:24:17.217+0000] {processor.py:186} INFO - Started process (PID=7209) to work on /home/airflow/.local/lib/python3.12/site-packages/airflow/example_dags/example_sensor_decorator.py
[2026-04-12T11:24:17.218+0000] {processor.py:914} INFO - Processing file /home/airflow/.local/lib/python3.12/site-packages/airflow/example_dags/example_sensor_decorator.py for tasks to queue
[2026-04-12T11:24:17.220+0000] {logging_mixin.py:190} INFO - [2026-04-12T11:24:17.220+0000] {dagbag.py:588} INFO - Filling up the DagBag from /home/airflow/.local/lib/python3.12/site-packages/airflow/example_dags/example_sensor_decorator.py
[2026-04-12T11:24:17.225+0000] {processor.py:925} INFO - DAG(s) 'example_sensor_decorator' retrieved from /home/airflow/.local/lib/python3.12/site-packages/airflow/example_dags/example_sensor_decorator.py
[2026-04-12T11:24:17.237+0000] {logging_mixin.py:190} INFO - [2026-04-12T11:24:17.237+0000] {dag.py:3239} INFO - Sync 1 DAGs
[2026-04-12T11:24:17.246+0000] {logging_mixin.py:190} INFO - [2026-04-12T11:24:17.245+0000] {dag.py:4180} INFO - Setting next_dagrun for example_sensor_decorator to None, run_after=None
[2026-04-12T11:24:17.256+0000] {processor.py:208} INFO - Processing /home/airflow/.local/lib/python3.12/site-packages/airflow/example_dags/example_sensor_decorator.py took 0.042 seconds
[2026-04-12T11:24:48.306+0000] {processor.py:186} INFO - Started process (PID=7503) to work on /home/airflow/.local/lib/python3.12/site-packages/airflow/example_dags/example_sensor_decorator.py
[2026-04-12T11:24:48.308+0000] {processor.py:914} INFO - Processing file /home/airflow/.local/lib/python3.12/site-packages/airflow/example_dags/example_sensor_decorator.py for tasks to queue
[2026-04-12T11:24:48.310+0000] {logging_mixin.py:190} INFO - [2026-04-12T11:24:48.310+0000] {dagbag.py:588} INFO - Filling up the DagBag from /home/airflow/.local/lib/python3.12/site-packages/airflow/example_dags/example_sensor_decorator.py
[2026-04-12T11:24:48.315+0000] {processor.py:925} INFO - DAG(s) 'example_sensor_decorator' retrieved from /home/airflow/.local/lib/python3.12/site-packages/airflow/example_dags/example_sensor_decorator.py
[2026-04-12T11:24:48.327+0000] {logging_mixin.py:190} INFO - [2026-04-12T11:24:48.327+0000] {dag.py:3239} INFO - Sync 1 DAGs
[2026-04-12T11:24:48.335+0000] {logging_mixin.py:190} INFO - [2026-04-12T11:24:48.335+0000] {dag.py:4180} INFO - Setting next_dagrun for example_sensor_decorator to None, run_after=None
[2026-04-12T11:24:48.345+0000] {processor.py:208} INFO - Processing /home/airflow/.local/lib/python3.12/site-packages/airflow/example_dags/example_sensor_decorator.py took 0.044 seconds
[2026-04-12T11:25:18.520+0000] {processor.py:186} INFO - Started process (PID=7799) to work on /home/airflow/.local/lib/python3.12/site-packages/airflow/example_dags/example_sensor_decorator.py
[2026-04-12T11:25:18.520+0000] {processor.py:914} INFO - Processing file /home/airflow/.local/lib/python3.12/site-packages/airflow/example_dags/example_sensor_decorator.py for tasks to queue
[2026-04-12T11:25:18.522+0000] {logging_mixin.py:190} INFO - [2026-04-12T11:25:18.522+0000] {dagbag.py:588} INFO - Filling up the DagBag from /home/airflow/.local/lib/python3.12/site-packages/airflow/example_dags/example_sensor_decorator.py
[2026-04-12T11:25:18.528+0000] {processor.py:925} INFO - DAG(s) 'example_sensor_decorator' retrieved from /home/airflow/.local/lib/python3.12/site-packages/airflow/example_dags/example_sensor_decorator.py
[2026-04-12T11:25:18.543+0000] {logging_mixin.py:190} INFO - [2026-04-12T11:25:18.543+0000] {dag.py:3239} INFO - Sync 1 DAGs
[2026-04-12T11:25:18.552+0000] {logging_mixin.py:190} INFO - [2026-04-12T11:25:18.552+0000] {dag.py:4180} INFO - Setting next_dagrun for example_sensor_decorator to None, run_after=None
[2026-04-12T11:25:18.562+0000] {processor.py:208} INFO - Processing /home/airflow/.local/lib/python3.12/site-packages/airflow/example_dags/example_sensor_decorator.py took 0.047 seconds
[2026-04-12T11:25:48.649+0000] {processor.py:186} INFO - Started process (PID=8095) to work on /home/airflow/.local/lib/python3.12/site-packages/airflow/example_dags/example_sensor_decorator.py
[2026-04-12T11:25:48.650+0000] {processor.py:914} INFO - Processing file /home/airflow/.local/lib/python3.12/site-packages/airflow/example_dags/example_sensor_decorator.py for tasks to queue
[2026-04-12T11:25:48.654+0000] {logging_mixin.py:190} INFO - [2026-04-12T11:25:48.654+0000] {dagbag.py:588} INFO - Filling up the DagBag from /home/airflow/.local/lib/python3.12/site-packages/airflow/example_dags/example_sensor_decorator.py
[2026-04-12T11:25:48.660+0000] {processor.py:925} INFO - DAG(s) 'example_sensor_decorator' retrieved from /home/airflow/.local/lib/python3.12/site-packages/airflow/example_dags/example_sensor_decorator.py
[2026-04-12T11:25:48.679+0000] {logging_mixin.py:190} INFO - [2026-04-12T11:25:48.679+0000] {dag.py:3239} INFO - Sync 1 DAGs
[2026-04-12T11:25:48.689+0000] {logging_mixin.py:190} INFO - [2026-04-12T11:25:48.688+0000] {dag.py:4180} INFO - Setting next_dagrun for example_sensor_decorator to None, run_after=None
[2026-04-12T11:25:48.703+0000] {processor.py:208} INFO - Processing /home/airflow/.local/lib/python3.12/site-packages/airflow/example_dags/example_sensor_decorator.py took 0.058 seconds
[2026-04-12T11:27:10.487+0000] {processor.py:186} INFO - Started process (PID=8270) to work on /home/airflow/.local/lib/python3.12/site-packages/airflow/example_dags/example_sensor_decorator.py
[2026-04-12T11:27:10.488+0000] {processor.py:914} INFO - Processing file /home/airflow/.local/lib/python3.12/site-packages/airflow/example_dags/example_sensor_decorator.py for tasks to queue
[2026-04-12T11:27:10.490+0000] {logging_mixin.py:190} INFO - [2026-04-12T11:27:10.490+0000] {dagbag.py:588} INFO - Filling up the DagBag from /home/airflow/.local/lib/python3.12/site-packages/airflow/example_dags/example_sensor_decorator.py
[2026-04-12T11:27:10.499+0000] {processor.py:925} INFO - DAG(s) 'example_sensor_decorator' retrieved from /home/airflow/.local/lib/python3.12/site-packages/airflow/example_dags/example_sensor_decorator.py
[2026-04-12T11:27:10.518+0000] {logging_mixin.py:190} INFO - [2026-04-12T11:27:10.517+0000] {dag.py:3239} INFO - Sync 1 DAGs
[2026-04-12T11:27:10.528+0000] {logging_mixin.py:190} INFO - [2026-04-12T11:27:10.528+0000] {dag.py:4180} INFO - Setting next_dagrun for example_sensor_decorator to None, run_after=None
[2026-04-12T11:27:10.544+0000] {processor.py:208} INFO - Processing /home/airflow/.local/lib/python3.12/site-packages/airflow/example_dags/example_sensor_decorator.py took 0.065 seconds
[2026-04-12T11:29:46.565+0000] {processor.py:186} INFO - Started process (PID=8566) to work on /home/airflow/.local/lib/python3.12/site-packages/airflow/example_dags/example_sensor_decorator.py
[2026-04-12T11:29:46.566+0000] {processor.py:914} INFO - Processing file /home/airflow/.local/lib/python3.12/site-packages/airflow/example_dags/example_sensor_decorator.py for tasks to queue
[2026-04-12T11:29:46.568+0000] {logging_mixin.py:190} INFO - [2026-04-12T11:29:46.567+0000] {dagbag.py:588} INFO - Filling up the DagBag from /home/airflow/.local/lib/python3.12/site-packages/airflow/example_dags/example_sensor_decorator.py
[2026-04-12T11:29:46.574+0000] {processor.py:925} INFO - DAG(s) 'example_sensor_decorator' retrieved from /home/airflow/.local/lib/python3.12/site-packages/airflow/example_dags/example_sensor_decorator.py
[2026-04-12T11:29:46.591+0000] {logging_mixin.py:190} INFO - [2026-04-12T11:29:46.591+0000] {dag.py:3239} INFO - Sync 1 DAGs
[2026-04-12T11:29:46.602+0000] {logging_mixin.py:190} INFO - [2026-04-12T11:29:46.602+0000] {dag.py:4180} INFO - Setting next_dagrun for example_sensor_decorator to None, run_after=None
[2026-04-12T11:29:46.614+0000] {processor.py:208} INFO - Processing /home/airflow/.local/lib/python3.12/site-packages/airflow/example_dags/example_sensor_decorator.py took 0.054 seconds
[2026-04-12T11:30:16.705+0000] {processor.py:186} INFO - Started process (PID=8859) to work on /home/airflow/.local/lib/python3.12/site-packages/airflow/example_dags/example_sensor_decorator.py
[2026-04-12T11:30:16.706+0000] {processor.py:914} INFO - Processing file /home/airflow/.local/lib/python3.12/site-packages/airflow/example_dags/example_sensor_decorator.py for tasks to queue
[2026-04-12T11:30:16.707+0000] {logging_mixin.py:190} INFO - [2026-04-12T11:30:16.707+0000] {dagbag.py:588} INFO - Filling up the DagBag from /home/airflow/.local/lib/python3.12/site-packages/airflow/example_dags/example_sensor_decorator.py
[2026-04-12T11:30:16.712+0000] {processor.py:925} INFO - DAG(s) 'example_sensor_decorator' retrieved from /home/airflow/.local/lib/python3.12/site-packages/airflow/example_dags/example_sensor_decorator.py
[2026-04-12T11:30:16.723+0000] {logging_mixin.py:190} INFO - [2026-04-12T11:30:16.723+0000] {dag.py:3239} INFO - Sync 1 DAGs
[2026-04-12T11:30:16.732+0000] {logging_mixin.py:190} INFO - [2026-04-12T11:30:16.732+0000] {dag.py:4180} INFO - Setting next_dagrun for example_sensor_decorator to None, run_after=None
[2026-04-12T11:30:16.743+0000] {processor.py:208} INFO - Processing /home/airflow/.local/lib/python3.12/site-packages/airflow/example_dags/example_sensor_decorator.py took 0.042 seconds
[2026-04-12T11:30:47.078+0000] {processor.py:186} INFO - Started process (PID=9153) to work on /home/airflow/.local/lib/python3.12/site-packages/airflow/example_dags/example_sensor_decorator.py
[2026-04-12T11:30:47.082+0000] {processor.py:914} INFO - Processing file /home/airflow/.local/lib/python3.12/site-packages/airflow/example_dags/example_sensor_decorator.py for tasks to queue
[2026-04-12T11:30:47.085+0000] {logging_mixin.py:190} INFO - [2026-04-12T11:30:47.085+0000] {dagbag.py:588} INFO - Filling up the DagBag from /home/airflow/.local/lib/python3.12/site-packages/airflow/example_dags/example_sensor_decorator.py
[2026-04-12T11:30:47.092+0000] {processor.py:925} INFO - DAG(s) 'example_sensor_decorator' retrieved from /home/airflow/.local/lib/python3.12/site-packages/airflow/example_dags/example_sensor_decorator.py
[2026-04-12T11:30:47.115+0000] {logging_mixin.py:190} INFO - [2026-04-12T11:30:47.115+0000] {dag.py:3239} INFO - Sync 1 DAGs
[2026-04-12T11:30:47.125+0000] {logging_mixin.py:190} INFO - [2026-04-12T11:30:47.124+0000] {dag.py:4180} INFO - Setting next_dagrun for example_sensor_decorator to None, run_after=None
[2026-04-12T11:30:47.135+0000] {processor.py:208} INFO - Processing /home/airflow/.local/lib/python3.12/site-packages/airflow/example_dags/example_sensor_decorator.py took 0.062 seconds
[2026-04-12T11:31:17.239+0000] {processor.py:186} INFO - Started process (PID=9448) to work on /home/airflow/.local/lib/python3.12/site-packages/airflow/example_dags/example_sensor_decorator.py
[2026-04-12T11:31:17.239+0000] {processor.py:914} INFO - Processing file /home/airflow/.local/lib/python3.12/site-packages/airflow/example_dags/example_sensor_decorator.py for tasks to queue
[2026-04-12T11:31:17.244+0000] {logging_mixin.py:190} INFO - [2026-04-12T11:31:17.244+0000] {dagbag.py:588} INFO - Filling up the DagBag from /home/airflow/.local/lib/python3.12/site-packages/airflow/example_dags/example_sensor_decorator.py
[2026-04-12T11:31:17.254+0000] {processor.py:925} INFO - DAG(s) 'example_sensor_decorator' retrieved from /home/airflow/.local/lib/python3.12/site-packages/airflow/example_dags/example_sensor_decorator.py
[2026-04-12T11:31:17.270+0000] {logging_mixin.py:190} INFO - [2026-04-12T11:31:17.270+0000] {dag.py:3239} INFO - Sync 1 DAGs
[2026-04-12T11:31:17.279+0000] {logging_mixin.py:190} INFO - [2026-04-12T11:31:17.279+0000] {dag.py:4180} INFO - Setting next_dagrun for example_sensor_decorator to None, run_after=None
[2026-04-12T11:31:17.290+0000] {processor.py:208} INFO - Processing /home/airflow/.local/lib/python3.12/site-packages/airflow/example_dags/example_sensor_decorator.py took 0.055 seconds
[2026-04-12T11:31:47.625+0000] {processor.py:186} INFO - Started process (PID=9744) to work on /home/airflow/.local/lib/python3.12/site-packages/airflow/example_dags/example_sensor_decorator.py
[2026-04-12T11:31:47.629+0000] {processor.py:914} INFO - Processing file /home/airflow/.local/lib/python3.12/site-packages/airflow/example_dags/example_sensor_decorator.py for tasks to queue
[2026-04-12T11:31:47.631+0000] {logging_mixin.py:190} INFO - [2026-04-12T11:31:47.631+0000] {dagbag.py:588} INFO - Filling up the DagBag from /home/airflow/.local/lib/python3.12/site-packages/airflow/example_dags/example_sensor_decorator.py
[2026-04-12T11:31:47.639+0000] {processor.py:925} INFO - DAG(s) 'example_sensor_decorator' retrieved from /home/airflow/.local/lib/python3.12/site-packages/airflow/example_dags/example_sensor_decorator.py
[2026-04-12T11:31:47.657+0000] {logging_mixin.py:190} INFO - [2026-04-12T11:31:47.657+0000] {dag.py:3239} INFO - Sync 1 DAGs
[2026-04-12T11:31:47.670+0000] {logging_mixin.py:190} INFO - [2026-04-12T11:31:47.670+0000] {dag.py:4180} INFO - Setting next_dagrun for example_sensor_decorator to None, run_after=None
[2026-04-12T11:31:47.685+0000] {processor.py:208} INFO - Processing /home/airflow/.local/lib/python3.12/site-packages/airflow/example_dags/example_sensor_decorator.py took 0.064 seconds
[2026-04-12T11:32:18.927+0000] {processor.py:186} INFO - Started process (PID=10040) to work on /home/airflow/.local/lib/python3.12/site-packages/airflow/example_dags/example_sensor_decorator.py
[2026-04-12T11:32:18.931+0000] {processor.py:914} INFO - Processing file /home/airflow/.local/lib/python3.12/site-packages/airflow/example_dags/example_sensor_decorator.py for tasks to queue
[2026-04-12T11:32:18.936+0000] {logging_mixin.py:190} INFO - [2026-04-12T11:32:18.935+0000] {dagbag.py:588} INFO - Filling up the DagBag from /home/airflow/.local/lib/python3.12/site-packages/airflow/example_dags/example_sensor_decorator.py
[2026-04-12T11:32:18.942+0000] {processor.py:925} INFO - DAG(s) 'example_sensor_decorator' retrieved from /home/airflow/.local/lib/python3.12/site-packages/airflow/example_dags/example_sensor_decorator.py
[2026-04-12T11:32:18.962+0000] {logging_mixin.py:190} INFO - [2026-04-12T11:32:18.962+0000] {dag.py:3239} INFO - Sync 1 DAGs
[2026-04-12T11:32:18.975+0000] {logging_mixin.py:190} INFO - [2026-04-12T11:32:18.975+0000] {dag.py:4180} INFO - Setting next_dagrun for example_sensor_decorator to None, run_after=None
[2026-04-12T11:32:18.986+0000] {processor.py:208} INFO - Processing /home/airflow/.local/lib/python3.12/site-packages/airflow/example_dags/example_sensor_decorator.py took 0.064 seconds
[2026-04-12T11:32:49.810+0000] {processor.py:186} INFO - Started process (PID=10336) to work on /home/airflow/.local/lib/python3.12/site-packages/airflow/example_dags/example_sensor_decorator.py
[2026-04-12T11:32:49.811+0000] {processor.py:914} INFO - Processing file /home/airflow/.local/lib/python3.12/site-packages/airflow/example_dags/example_sensor_decorator.py for tasks to queue
[2026-04-12T11:32:49.814+0000] {logging_mixin.py:190} INFO - [2026-04-12T11:32:49.814+0000] {dagbag.py:588} INFO - Filling up the DagBag from /home/airflow/.local/lib/python3.12/site-packages/airflow/example_dags/example_sensor_decorator.py
[2026-04-12T11:32:49.821+0000] {processor.py:925} INFO - DAG(s) 'example_sensor_decorator' retrieved from /home/airflow/.local/lib/python3.12/site-packages/airflow/example_dags/example_sensor_decorator.py
[2026-04-12T11:32:49.833+0000] {logging_mixin.py:190} INFO - [2026-04-12T11:32:49.833+0000] {dag.py:3239} INFO - Sync 1 DAGs
[2026-04-12T11:32:49.842+0000] {logging_mixin.py:190} INFO - [2026-04-12T11:32:49.841+0000] {dag.py:4180} INFO - Setting next_dagrun for example_sensor_decorator to None, run_after=None
[2026-04-12T11:32:49.859+0000] {processor.py:208} INFO - Processing /home/airflow/.local/lib/python3.12/site-packages/airflow/example_dags/example_sensor_decorator.py took 0.053 seconds
[2026-04-12T11:33:20.816+0000] {processor.py:186} INFO - Started process (PID=10632) to work on /home/airflow/.local/lib/python3.12/site-packages/airflow/example_dags/example_sensor_decorator.py
[2026-04-12T11:33:20.817+0000] {processor.py:914} INFO - Processing file /home/airflow/.local/lib/python3.12/site-packages/airflow/example_dags/example_sensor_decorator.py for tasks to queue
[2026-04-12T11:33:20.818+0000] {logging_mixin.py:190} INFO - [2026-04-12T11:33:20.818+0000] {dagbag.py:588} INFO - Filling up the DagBag from /home/airflow/.local/lib/python3.12/site-packages/airflow/example_dags/example_sensor_decorator.py
[2026-04-12T11:33:20.823+0000] {processor.py:925} INFO - DAG(s) 'example_sensor_decorator' retrieved from /home/airflow/.local/lib/python3.12/site-packages/airflow/example_dags/example_sensor_decorator.py
[2026-04-12T11:33:20.839+0000] {logging_mixin.py:190} INFO - [2026-04-12T11:33:20.839+0000] {dag.py:3239} INFO - Sync 1 DAGs
[2026-04-12T11:33:20.848+0000] {logging_mixin.py:190} INFO - [2026-04-12T11:33:20.848+0000] {dag.py:4180} INFO - Setting next_dagrun for example_sensor_decorator to None, run_after=None
[2026-04-12T11:33:20.858+0000] {processor.py:208} INFO - Processing /home/airflow/.local/lib/python3.12/site-packages/airflow/example_dags/example_sensor_decorator.py took 0.046 seconds
[2026-04-12T11:33:51.920+0000] {processor.py:186} INFO - Started process (PID=10929) to work on /home/airflow/.local/lib/python3.12/site-packages/airflow/example_dags/example_sensor_decorator.py
[2026-04-12T11:33:51.921+0000] {processor.py:914} INFO - Processing file /home/airflow/.local/lib/python3.12/site-packages/airflow/example_dags/example_sensor_decorator.py for tasks to queue
[2026-04-12T11:33:51.922+0000] {logging_mixin.py:190} INFO - [2026-04-12T11:33:51.922+0000] {dagbag.py:588} INFO - Filling up the DagBag from /home/airflow/.local/lib/python3.12/site-packages/airflow/example_dags/example_sensor_decorator.py
[2026-04-12T11:33:51.928+0000] {processor.py:925} INFO - DAG(s) 'example_sensor_decorator' retrieved from /home/airflow/.local/lib/python3.12/site-packages/airflow/example_dags/example_sensor_decorator.py
[2026-04-12T11:33:51.939+0000] {logging_mixin.py:190} INFO - [2026-04-12T11:33:51.939+0000] {dag.py:3239} INFO - Sync 1 DAGs
[2026-04-12T11:33:51.947+0000] {logging_mixin.py:190} INFO - [2026-04-12T11:33:51.947+0000] {dag.py:4180} INFO - Setting next_dagrun for example_sensor_decorator to None, run_after=None
[2026-04-12T11:33:51.957+0000] {processor.py:208} INFO - Processing /home/airflow/.local/lib/python3.12/site-packages/airflow/example_dags/example_sensor_decorator.py took 0.041 seconds
[2026-04-12T11:34:22.787+0000] {processor.py:186} INFO - Started process (PID=11223) to work on /home/airflow/.local/lib/python3.12/site-packages/airflow/example_dags/example_sensor_decorator.py
[2026-04-12T11:34:22.788+0000] {processor.py:914} INFO - Processing file /home/airflow/.local/lib/python3.12/site-packages/airflow/example_dags/example_sensor_decorator.py for tasks to queue
[2026-04-12T11:34:22.790+0000] {logging_mixin.py:190} INFO - [2026-04-12T11:34:22.790+0000] {dagbag.py:588} INFO - Filling up the DagBag from /home/airflow/.local/lib/python3.12/site-packages/airflow/example_dags/example_sensor_decorator.py
[2026-04-12T11:34:22.798+0000] {processor.py:925} INFO - DAG(s) 'example_sensor_decorator' retrieved from /home/airflow/.local/lib/python3.12/site-packages/airflow/example_dags/example_sensor_decorator.py
[2026-04-12T11:34:22.811+0000] {logging_mixin.py:190} INFO - [2026-04-12T11:34:22.810+0000] {dag.py:3239} INFO - Sync 1 DAGs
[2026-04-12T11:34:22.820+0000] {logging_mixin.py:190} INFO - [2026-04-12T11:34:22.820+0000] {dag.py:4180} INFO - Setting next_dagrun for example_sensor_decorator to None, run_after=None
[2026-04-12T11:34:22.831+0000] {processor.py:208} INFO - Processing /home/airflow/.local/lib/python3.12/site-packages/airflow/example_dags/example_sensor_decorator.py took 0.048 seconds
[2026-04-12T11:34:53.572+0000] {processor.py:186} INFO - Started process (PID=11519) to work on /home/airflow/.local/lib/python3.12/site-packages/airflow/example_dags/example_sensor_decorator.py
[2026-04-12T11:34:53.574+0000] {processor.py:914} INFO - Processing file /home/airflow/.local/lib/python3.12/site-packages/airflow/example_dags/example_sensor_decorator.py for tasks to queue
[2026-04-12T11:34:53.577+0000] {logging_mixin.py:190} INFO - [2026-04-12T11:34:53.577+0000] {dagbag.py:588} INFO - Filling up the DagBag from /home/airflow/.local/lib/python3.12/site-packages/airflow/example_dags/example_sensor_decorator.py
[2026-04-12T11:34:53.584+0000] {processor.py:925} INFO - DAG(s) 'example_sensor_decorator' retrieved from /home/airflow/.local/lib/python3.12/site-packages/airflow/example_dags/example_sensor_decorator.py
[2026-04-12T11:34:53.602+0000] {logging_mixin.py:190} INFO - [2026-04-12T11:34:53.602+0000] {dag.py:3239} INFO - Sync 1 DAGs
[2026-04-12T11:34:53.613+0000] {logging_mixin.py:190} INFO - [2026-04-12T11:34:53.613+0000] {dag.py:4180} INFO - Setting next_dagrun for example_sensor_decorator to None, run_after=None
[2026-04-12T11:34:53.623+0000] {processor.py:208} INFO - Processing /home/airflow/.local/lib/python3.12/site-packages/airflow/example_dags/example_sensor_decorator.py took 0.055 seconds
