[2026-04-12T11:12:31.257+0000] {processor.py:186} INFO - Started process (PID=281) to work on /home/airflow/.local/lib/python3.12/site-packages/airflow/example_dags/example_sensors.py
[2026-04-12T11:12:31.260+0000] {processor.py:914} INFO - Processing file /home/airflow/.local/lib/python3.12/site-packages/airflow/example_dags/example_sensors.py for tasks to queue
[2026-04-12T11:12:31.262+0000] {logging_mixin.py:190} INFO - [2026-04-12T11:12:31.261+0000] {dagbag.py:588} INFO - Filling up the DagBag from /home/airflow/.local/lib/python3.12/site-packages/airflow/example_dags/example_sensors.py
[2026-04-12T11:12:31.272+0000] {processor.py:925} INFO - DAG(s) 'example_sensors' retrieved from /home/airflow/.local/lib/python3.12/site-packages/airflow/example_dags/example_sensors.py
[2026-04-12T11:12:31.381+0000] {logging_mixin.py:190} INFO - [2026-04-12T11:12:31.381+0000] {override.py:1912} INFO - Created Permission View: can edit on DAG:example_sensors
[2026-04-12T11:12:31.399+0000] {logging_mixin.py:190} INFO - [2026-04-12T11:12:31.399+0000] {override.py:1912} INFO - Created Permission View: can delete on DAG:example_sensors
[2026-04-12T11:12:31.408+0000] {logging_mixin.py:190} INFO - [2026-04-12T11:12:31.407+0000] {override.py:1912} INFO - Created Permission View: can read on DAG:example_sensors
[2026-04-12T11:12:31.413+0000] {logging_mixin.py:190} INFO - [2026-04-12T11:12:31.412+0000] {override.py:1912} INFO - Created Permission View: can delete on DAG Run:example_sensors
[2026-04-12T11:12:31.418+0000] {logging_mixin.py:190} INFO - [2026-04-12T11:12:31.417+0000] {override.py:1912} INFO - Created Permission View: can create on DAG Run:example_sensors
[2026-04-12T11:12:31.424+0000] {logging_mixin.py:190} INFO - [2026-04-12T11:12:31.424+0000] {override.py:1912} INFO - Created Permission View: can read on DAG Run:example_sensors
[2026-04-12T11:12:31.430+0000] {logging_mixin.py:190} INFO - [2026-04-12T11:12:31.430+0000] {override.py:1912} INFO - Created Permission View: menu access on DAG Run:example_sensors
[2026-04-12T11:12:31.430+0000] {logging_mixin.py:190} INFO - [2026-04-12T11:12:31.430+0000] {dag.py:3239} INFO - Sync 1 DAGs
[2026-04-12T11:12:31.439+0000] {logging_mixin.py:190} INFO - [2026-04-12T11:12:31.439+0000] {dag.py:3262} INFO - Creating ORM DAG for example_sensors
[2026-04-12T11:12:31.441+0000] {logging_mixin.py:190} INFO - [2026-04-12T11:12:31.441+0000] {dag.py:4180} INFO - Setting next_dagrun for example_sensors to None, run_after=None
[2026-04-12T11:12:31.457+0000] {processor.py:208} INFO - Processing /home/airflow/.local/lib/python3.12/site-packages/airflow/example_dags/example_sensors.py took 0.205 seconds
[2026-04-12T11:13:02.304+0000] {processor.py:186} INFO - Started process (PID=578) to work on /home/airflow/.local/lib/python3.12/site-packages/airflow/example_dags/example_sensors.py
[2026-04-12T11:13:02.304+0000] {processor.py:914} INFO - Processing file /home/airflow/.local/lib/python3.12/site-packages/airflow/example_dags/example_sensors.py for tasks to queue
[2026-04-12T11:13:02.306+0000] {logging_mixin.py:190} INFO - [2026-04-12T11:13:02.305+0000] {dagbag.py:588} INFO - Filling up the DagBag from /home/airflow/.local/lib/python3.12/site-packages/airflow/example_dags/example_sensors.py
[2026-04-12T11:13:02.312+0000] {processor.py:925} INFO - DAG(s) 'example_sensors' retrieved from /home/airflow/.local/lib/python3.12/site-packages/airflow/example_dags/example_sensors.py
[2026-04-12T11:13:02.330+0000] {logging_mixin.py:190} INFO - [2026-04-12T11:13:02.329+0000] {dag.py:3239} INFO - Sync 1 DAGs
[2026-04-12T11:13:02.340+0000] {logging_mixin.py:190} INFO - [2026-04-12T11:13:02.340+0000] {dag.py:4180} INFO - Setting next_dagrun for example_sensors to None, run_after=None
[2026-04-12T11:13:02.352+0000] {processor.py:208} INFO - Processing /home/airflow/.local/lib/python3.12/site-packages/airflow/example_dags/example_sensors.py took 0.052 seconds
[2026-04-12T11:13:32.684+0000] {processor.py:186} INFO - Started process (PID=875) to work on /home/airflow/.local/lib/python3.12/site-packages/airflow/example_dags/example_sensors.py
[2026-04-12T11:13:32.685+0000] {processor.py:914} INFO - Processing file /home/airflow/.local/lib/python3.12/site-packages/airflow/example_dags/example_sensors.py for tasks to queue
[2026-04-12T11:13:32.687+0000] {logging_mixin.py:190} INFO - [2026-04-12T11:13:32.687+0000] {dagbag.py:588} INFO - Filling up the DagBag from /home/airflow/.local/lib/python3.12/site-packages/airflow/example_dags/example_sensors.py
[2026-04-12T11:13:32.694+0000] {processor.py:925} INFO - DAG(s) 'example_sensors' retrieved from /home/airflow/.local/lib/python3.12/site-packages/airflow/example_dags/example_sensors.py
[2026-04-12T11:13:32.710+0000] {logging_mixin.py:190} INFO - [2026-04-12T11:13:32.710+0000] {dag.py:3239} INFO - Sync 1 DAGs
[2026-04-12T11:13:32.719+0000] {logging_mixin.py:190} INFO - [2026-04-12T11:13:32.719+0000] {dag.py:4180} INFO - Setting next_dagrun for example_sensors to None, run_after=None
[2026-04-12T11:13:32.729+0000] {processor.py:208} INFO - Processing /home/airflow/.local/lib/python3.12/site-packages/airflow/example_dags/example_sensors.py took 0.050 seconds
[2026-04-12T11:14:03.365+0000] {processor.py:186} INFO - Started process (PID=1171) to work on /home/airflow/.local/lib/python3.12/site-packages/airflow/example_dags/example_sensors.py
[2026-04-12T11:14:03.367+0000] {processor.py:914} INFO - Processing file /home/airflow/.local/lib/python3.12/site-packages/airflow/example_dags/example_sensors.py for tasks to queue
[2026-04-12T11:14:03.370+0000] {logging_mixin.py:190} INFO - [2026-04-12T11:14:03.369+0000] {dagbag.py:588} INFO - Filling up the DagBag from /home/airflow/.local/lib/python3.12/site-packages/airflow/example_dags/example_sensors.py
[2026-04-12T11:14:03.380+0000] {processor.py:925} INFO - DAG(s) 'example_sensors' retrieved from /home/airflow/.local/lib/python3.12/site-packages/airflow/example_dags/example_sensors.py
[2026-04-12T11:14:03.404+0000] {logging_mixin.py:190} INFO - [2026-04-12T11:14:03.404+0000] {dag.py:3239} INFO - Sync 1 DAGs
[2026-04-12T11:14:03.418+0000] {logging_mixin.py:190} INFO - [2026-04-12T11:14:03.417+0000] {dag.py:4180} INFO - Setting next_dagrun for example_sensors to None, run_after=None
[2026-04-12T11:14:03.433+0000] {processor.py:208} INFO - Processing /home/airflow/.local/lib/python3.12/site-packages/airflow/example_dags/example_sensors.py took 0.074 seconds
[2026-04-12T11:14:34.298+0000] {processor.py:186} INFO - Started process (PID=1467) to work on /home/airflow/.local/lib/python3.12/site-packages/airflow/example_dags/example_sensors.py
[2026-04-12T11:14:34.300+0000] {processor.py:914} INFO - Processing file /home/airflow/.local/lib/python3.12/site-packages/airflow/example_dags/example_sensors.py for tasks to queue
[2026-04-12T11:14:34.302+0000] {logging_mixin.py:190} INFO - [2026-04-12T11:14:34.302+0000] {dagbag.py:588} INFO - Filling up the DagBag from /home/airflow/.local/lib/python3.12/site-packages/airflow/example_dags/example_sensors.py
[2026-04-12T11:14:34.312+0000] {processor.py:925} INFO - DAG(s) 'example_sensors' retrieved from /home/airflow/.local/lib/python3.12/site-packages/airflow/example_dags/example_sensors.py
[2026-04-12T11:14:34.334+0000] {logging_mixin.py:190} INFO - [2026-04-12T11:14:34.333+0000] {dag.py:3239} INFO - Sync 1 DAGs
[2026-04-12T11:14:34.346+0000] {logging_mixin.py:190} INFO - [2026-04-12T11:14:34.345+0000] {dag.py:4180} INFO - Setting next_dagrun for example_sensors to None, run_after=None
[2026-04-12T11:14:34.361+0000] {processor.py:208} INFO - Processing /home/airflow/.local/lib/python3.12/site-packages/airflow/example_dags/example_sensors.py took 0.075 seconds
[2026-04-12T11:15:04.608+0000] {processor.py:186} INFO - Started process (PID=1764) to work on /home/airflow/.local/lib/python3.12/site-packages/airflow/example_dags/example_sensors.py
[2026-04-12T11:15:04.609+0000] {processor.py:914} INFO - Processing file /home/airflow/.local/lib/python3.12/site-packages/airflow/example_dags/example_sensors.py for tasks to queue
[2026-04-12T11:15:04.611+0000] {logging_mixin.py:190} INFO - [2026-04-12T11:15:04.611+0000] {dagbag.py:588} INFO - Filling up the DagBag from /home/airflow/.local/lib/python3.12/site-packages/airflow/example_dags/example_sensors.py
[2026-04-12T11:15:04.623+0000] {processor.py:925} INFO - DAG(s) 'example_sensors' retrieved from /home/airflow/.local/lib/python3.12/site-packages/airflow/example_dags/example_sensors.py
[2026-04-12T11:15:04.645+0000] {logging_mixin.py:190} INFO - [2026-04-12T11:15:04.645+0000] {dag.py:3239} INFO - Sync 1 DAGs
[2026-04-12T11:15:04.655+0000] {logging_mixin.py:190} INFO - [2026-04-12T11:15:04.654+0000] {dag.py:4180} INFO - Setting next_dagrun for example_sensors to None, run_after=None
[2026-04-12T11:15:04.666+0000] {processor.py:208} INFO - Processing /home/airflow/.local/lib/python3.12/site-packages/airflow/example_dags/example_sensors.py took 0.064 seconds
[2026-04-12T11:15:34.999+0000] {processor.py:186} INFO - Started process (PID=2060) to work on /home/airflow/.local/lib/python3.12/site-packages/airflow/example_dags/example_sensors.py
[2026-04-12T11:15:35.004+0000] {processor.py:914} INFO - Processing file /home/airflow/.local/lib/python3.12/site-packages/airflow/example_dags/example_sensors.py for tasks to queue
[2026-04-12T11:15:35.012+0000] {logging_mixin.py:190} INFO - [2026-04-12T11:15:35.011+0000] {dagbag.py:588} INFO - Filling up the DagBag from /home/airflow/.local/lib/python3.12/site-packages/airflow/example_dags/example_sensors.py
[2026-04-12T11:15:35.036+0000] {processor.py:925} INFO - DAG(s) 'example_sensors' retrieved from /home/airflow/.local/lib/python3.12/site-packages/airflow/example_dags/example_sensors.py
[2026-04-12T11:15:35.081+0000] {logging_mixin.py:190} INFO - [2026-04-12T11:15:35.081+0000] {dag.py:3239} INFO - Sync 1 DAGs
[2026-04-12T11:15:35.096+0000] {logging_mixin.py:190} INFO - [2026-04-12T11:15:35.096+0000] {dag.py:4180} INFO - Setting next_dagrun for example_sensors to None, run_after=None
[2026-04-12T11:15:35.121+0000] {processor.py:208} INFO - Processing /home/airflow/.local/lib/python3.12/site-packages/airflow/example_dags/example_sensors.py took 0.189 seconds
[2026-04-12T11:16:05.362+0000] {processor.py:186} INFO - Started process (PID=2356) to work on /home/airflow/.local/lib/python3.12/site-packages/airflow/example_dags/example_sensors.py
[2026-04-12T11:16:05.363+0000] {processor.py:914} INFO - Processing file /home/airflow/.local/lib/python3.12/site-packages/airflow/example_dags/example_sensors.py for tasks to queue
[2026-04-12T11:16:05.364+0000] {logging_mixin.py:190} INFO - [2026-04-12T11:16:05.364+0000] {dagbag.py:588} INFO - Filling up the DagBag from /home/airflow/.local/lib/python3.12/site-packages/airflow/example_dags/example_sensors.py
[2026-04-12T11:16:05.372+0000] {processor.py:925} INFO - DAG(s) 'example_sensors' retrieved from /home/airflow/.local/lib/python3.12/site-packages/airflow/example_dags/example_sensors.py
[2026-04-12T11:16:05.393+0000] {logging_mixin.py:190} INFO - [2026-04-12T11:16:05.392+0000] {dag.py:3239} INFO - Sync 1 DAGs
[2026-04-12T11:16:05.402+0000] {logging_mixin.py:190} INFO - [2026-04-12T11:16:05.402+0000] {dag.py:4180} INFO - Setting next_dagrun for example_sensors to None, run_after=None
[2026-04-12T11:16:05.413+0000] {processor.py:208} INFO - Processing /home/airflow/.local/lib/python3.12/site-packages/airflow/example_dags/example_sensors.py took 0.056 seconds
[2026-04-12T11:16:35.500+0000] {processor.py:186} INFO - Started process (PID=2652) to work on /home/airflow/.local/lib/python3.12/site-packages/airflow/example_dags/example_sensors.py
[2026-04-12T11:16:35.501+0000] {processor.py:914} INFO - Processing file /home/airflow/.local/lib/python3.12/site-packages/airflow/example_dags/example_sensors.py for tasks to queue
[2026-04-12T11:16:35.503+0000] {logging_mixin.py:190} INFO - [2026-04-12T11:16:35.502+0000] {dagbag.py:588} INFO - Filling up the DagBag from /home/airflow/.local/lib/python3.12/site-packages/airflow/example_dags/example_sensors.py
[2026-04-12T11:16:35.510+0000] {processor.py:925} INFO - DAG(s) 'example_sensors' retrieved from /home/airflow/.local/lib/python3.12/site-packages/airflow/example_dags/example_sensors.py
[2026-04-12T11:16:35.533+0000] {logging_mixin.py:190} INFO - [2026-04-12T11:16:35.532+0000] {dag.py:3239} INFO - Sync 1 DAGs
[2026-04-12T11:16:35.544+0000] {logging_mixin.py:190} INFO - [2026-04-12T11:16:35.543+0000] {dag.py:4180} INFO - Setting next_dagrun for example_sensors to None, run_after=None
[2026-04-12T11:16:35.596+0000] {processor.py:208} INFO - Processing /home/airflow/.local/lib/python3.12/site-packages/airflow/example_dags/example_sensors.py took 0.100 seconds
[2026-04-12T11:17:05.637+0000] {processor.py:186} INFO - Started process (PID=2960) to work on /home/airflow/.local/lib/python3.12/site-packages/airflow/example_dags/example_sensors.py
[2026-04-12T11:17:05.638+0000] {processor.py:914} INFO - Processing file /home/airflow/.local/lib/python3.12/site-packages/airflow/example_dags/example_sensors.py for tasks to queue
[2026-04-12T11:17:05.639+0000] {logging_mixin.py:190} INFO - [2026-04-12T11:17:05.639+0000] {dagbag.py:588} INFO - Filling up the DagBag from /home/airflow/.local/lib/python3.12/site-packages/airflow/example_dags/example_sensors.py
[2026-04-12T11:17:05.646+0000] {processor.py:925} INFO - DAG(s) 'example_sensors' retrieved from /home/airflow/.local/lib/python3.12/site-packages/airflow/example_dags/example_sensors.py
[2026-04-12T11:17:05.662+0000] {logging_mixin.py:190} INFO - [2026-04-12T11:17:05.662+0000] {dag.py:3239} INFO - Sync 1 DAGs
[2026-04-12T11:17:05.670+0000] {logging_mixin.py:190} INFO - [2026-04-12T11:17:05.670+0000] {dag.py:4180} INFO - Setting next_dagrun for example_sensors to None, run_after=None
[2026-04-12T11:17:05.680+0000] {processor.py:208} INFO - Processing /home/airflow/.local/lib/python3.12/site-packages/airflow/example_dags/example_sensors.py took 0.048 seconds
[2026-04-12T11:17:36.544+0000] {processor.py:186} INFO - Started process (PID=3256) to work on /home/airflow/.local/lib/python3.12/site-packages/airflow/example_dags/example_sensors.py
[2026-04-12T11:17:36.544+0000] {processor.py:914} INFO - Processing file /home/airflow/.local/lib/python3.12/site-packages/airflow/example_dags/example_sensors.py for tasks to queue
[2026-04-12T11:17:36.546+0000] {logging_mixin.py:190} INFO - [2026-04-12T11:17:36.546+0000] {dagbag.py:588} INFO - Filling up the DagBag from /home/airflow/.local/lib/python3.12/site-packages/airflow/example_dags/example_sensors.py
[2026-04-12T11:17:36.553+0000] {processor.py:925} INFO - DAG(s) 'example_sensors' retrieved from /home/airflow/.local/lib/python3.12/site-packages/airflow/example_dags/example_sensors.py
[2026-04-12T11:17:36.570+0000] {logging_mixin.py:190} INFO - [2026-04-12T11:17:36.570+0000] {dag.py:3239} INFO - Sync 1 DAGs
[2026-04-12T11:17:36.582+0000] {logging_mixin.py:190} INFO - [2026-04-12T11:17:36.582+0000] {dag.py:4180} INFO - Setting next_dagrun for example_sensors to None, run_after=None
[2026-04-12T11:17:36.596+0000] {processor.py:208} INFO - Processing /home/airflow/.local/lib/python3.12/site-packages/airflow/example_dags/example_sensors.py took 0.057 seconds
[2026-04-12T11:18:08.084+0000] {processor.py:186} INFO - Started process (PID=3558) to work on /home/airflow/.local/lib/python3.12/site-packages/airflow/example_dags/example_sensors.py
[2026-04-12T11:18:08.087+0000] {processor.py:914} INFO - Processing file /home/airflow/.local/lib/python3.12/site-packages/airflow/example_dags/example_sensors.py for tasks to queue
[2026-04-12T11:18:08.090+0000] {logging_mixin.py:190} INFO - [2026-04-12T11:18:08.090+0000] {dagbag.py:588} INFO - Filling up the DagBag from /home/airflow/.local/lib/python3.12/site-packages/airflow/example_dags/example_sensors.py
[2026-04-12T11:18:08.102+0000] {processor.py:925} INFO - DAG(s) 'example_sensors' retrieved from /home/airflow/.local/lib/python3.12/site-packages/airflow/example_dags/example_sensors.py
[2026-04-12T11:18:08.134+0000] {logging_mixin.py:190} INFO - [2026-04-12T11:18:08.134+0000] {dag.py:3239} INFO - Sync 1 DAGs
[2026-04-12T11:18:08.157+0000] {logging_mixin.py:190} INFO - [2026-04-12T11:18:08.157+0000] {dag.py:4180} INFO - Setting next_dagrun for example_sensors to None, run_after=None
[2026-04-12T11:18:08.187+0000] {processor.py:208} INFO - Processing /home/airflow/.local/lib/python3.12/site-packages/airflow/example_dags/example_sensors.py took 0.110 seconds
[2026-04-12T11:18:38.653+0000] {processor.py:186} INFO - Started process (PID=3857) to work on /home/airflow/.local/lib/python3.12/site-packages/airflow/example_dags/example_sensors.py
[2026-04-12T11:18:38.654+0000] {processor.py:914} INFO - Processing file /home/airflow/.local/lib/python3.12/site-packages/airflow/example_dags/example_sensors.py for tasks to queue
[2026-04-12T11:18:38.655+0000] {logging_mixin.py:190} INFO - [2026-04-12T11:18:38.655+0000] {dagbag.py:588} INFO - Filling up the DagBag from /home/airflow/.local/lib/python3.12/site-packages/airflow/example_dags/example_sensors.py
[2026-04-12T11:18:38.663+0000] {processor.py:925} INFO - DAG(s) 'example_sensors' retrieved from /home/airflow/.local/lib/python3.12/site-packages/airflow/example_dags/example_sensors.py
[2026-04-12T11:18:38.687+0000] {logging_mixin.py:190} INFO - [2026-04-12T11:18:38.687+0000] {dag.py:3239} INFO - Sync 1 DAGs
[2026-04-12T11:18:38.705+0000] {logging_mixin.py:190} INFO - [2026-04-12T11:18:38.704+0000] {dag.py:4180} INFO - Setting next_dagrun for example_sensors to None, run_after=None
[2026-04-12T11:18:38.724+0000] {processor.py:208} INFO - Processing /home/airflow/.local/lib/python3.12/site-packages/airflow/example_dags/example_sensors.py took 0.077 seconds
[2026-04-12T11:19:09.047+0000] {processor.py:186} INFO - Started process (PID=4168) to work on /home/airflow/.local/lib/python3.12/site-packages/airflow/example_dags/example_sensors.py
[2026-04-12T11:19:09.050+0000] {processor.py:914} INFO - Processing file /home/airflow/.local/lib/python3.12/site-packages/airflow/example_dags/example_sensors.py for tasks to queue
[2026-04-12T11:19:09.053+0000] {logging_mixin.py:190} INFO - [2026-04-12T11:19:09.052+0000] {dagbag.py:588} INFO - Filling up the DagBag from /home/airflow/.local/lib/python3.12/site-packages/airflow/example_dags/example_sensors.py
[2026-04-12T11:19:09.062+0000] {processor.py:925} INFO - DAG(s) 'example_sensors' retrieved from /home/airflow/.local/lib/python3.12/site-packages/airflow/example_dags/example_sensors.py
[2026-04-12T11:19:09.083+0000] {logging_mixin.py:190} INFO - [2026-04-12T11:19:09.083+0000] {dag.py:3239} INFO - Sync 1 DAGs
[2026-04-12T11:19:09.092+0000] {logging_mixin.py:190} INFO - [2026-04-12T11:19:09.092+0000] {dag.py:4180} INFO - Setting next_dagrun for example_sensors to None, run_after=None
[2026-04-12T11:19:09.109+0000] {processor.py:208} INFO - Processing /home/airflow/.local/lib/python3.12/site-packages/airflow/example_dags/example_sensors.py took 0.066 seconds
[2026-04-12T11:19:39.873+0000] {processor.py:186} INFO - Started process (PID=4464) to work on /home/airflow/.local/lib/python3.12/site-packages/airflow/example_dags/example_sensors.py
[2026-04-12T11:19:39.875+0000] {processor.py:914} INFO - Processing file /home/airflow/.local/lib/python3.12/site-packages/airflow/example_dags/example_sensors.py for tasks to queue
[2026-04-12T11:19:39.878+0000] {logging_mixin.py:190} INFO - [2026-04-12T11:19:39.878+0000] {dagbag.py:588} INFO - Filling up the DagBag from /home/airflow/.local/lib/python3.12/site-packages/airflow/example_dags/example_sensors.py
[2026-04-12T11:19:39.885+0000] {processor.py:925} INFO - DAG(s) 'example_sensors' retrieved from /home/airflow/.local/lib/python3.12/site-packages/airflow/example_dags/example_sensors.py
[2026-04-12T11:19:39.911+0000] {logging_mixin.py:190} INFO - [2026-04-12T11:19:39.911+0000] {dag.py:3239} INFO - Sync 1 DAGs
[2026-04-12T11:19:39.920+0000] {logging_mixin.py:190} INFO - [2026-04-12T11:19:39.920+0000] {dag.py:4180} INFO - Setting next_dagrun for example_sensors to None, run_after=None
[2026-04-12T11:19:39.939+0000] {processor.py:208} INFO - Processing /home/airflow/.local/lib/python3.12/site-packages/airflow/example_dags/example_sensors.py took 0.070 seconds
[2026-04-12T11:20:10.787+0000] {processor.py:186} INFO - Started process (PID=4760) to work on /home/airflow/.local/lib/python3.12/site-packages/airflow/example_dags/example_sensors.py
[2026-04-12T11:20:10.790+0000] {processor.py:914} INFO - Processing file /home/airflow/.local/lib/python3.12/site-packages/airflow/example_dags/example_sensors.py for tasks to queue
[2026-04-12T11:20:10.792+0000] {logging_mixin.py:190} INFO - [2026-04-12T11:20:10.792+0000] {dagbag.py:588} INFO - Filling up the DagBag from /home/airflow/.local/lib/python3.12/site-packages/airflow/example_dags/example_sensors.py
[2026-04-12T11:20:10.799+0000] {processor.py:925} INFO - DAG(s) 'example_sensors' retrieved from /home/airflow/.local/lib/python3.12/site-packages/airflow/example_dags/example_sensors.py
[2026-04-12T11:20:10.822+0000] {logging_mixin.py:190} INFO - [2026-04-12T11:20:10.822+0000] {dag.py:3239} INFO - Sync 1 DAGs
[2026-04-12T11:20:10.831+0000] {logging_mixin.py:190} INFO - [2026-04-12T11:20:10.831+0000] {dag.py:4180} INFO - Setting next_dagrun for example_sensors to None, run_after=None
[2026-04-12T11:20:10.848+0000] {processor.py:208} INFO - Processing /home/airflow/.local/lib/python3.12/site-packages/airflow/example_dags/example_sensors.py took 0.066 seconds
[2026-04-12T11:20:43.554+0000] {processor.py:186} INFO - Started process (PID=5056) to work on /home/airflow/.local/lib/python3.12/site-packages/airflow/example_dags/example_sensors.py
[2026-04-12T11:20:43.557+0000] {processor.py:914} INFO - Processing file /home/airflow/.local/lib/python3.12/site-packages/airflow/example_dags/example_sensors.py for tasks to queue
[2026-04-12T11:20:43.560+0000] {logging_mixin.py:190} INFO - [2026-04-12T11:20:43.559+0000] {dagbag.py:588} INFO - Filling up the DagBag from /home/airflow/.local/lib/python3.12/site-packages/airflow/example_dags/example_sensors.py
[2026-04-12T11:20:43.580+0000] {processor.py:925} INFO - DAG(s) 'example_sensors' retrieved from /home/airflow/.local/lib/python3.12/site-packages/airflow/example_dags/example_sensors.py
[2026-04-12T11:20:43.641+0000] {logging_mixin.py:190} INFO - [2026-04-12T11:20:43.640+0000] {dag.py:3239} INFO - Sync 1 DAGs
[2026-04-12T11:20:43.674+0000] {logging_mixin.py:190} INFO - [2026-04-12T11:20:43.673+0000] {dag.py:4180} INFO - Setting next_dagrun for example_sensors to None, run_after=None
[2026-04-12T11:20:43.707+0000] {processor.py:208} INFO - Processing /home/airflow/.local/lib/python3.12/site-packages/airflow/example_dags/example_sensors.py took 0.161 seconds
[2026-04-12T11:21:14.464+0000] {processor.py:186} INFO - Started process (PID=5354) to work on /home/airflow/.local/lib/python3.12/site-packages/airflow/example_dags/example_sensors.py
[2026-04-12T11:21:14.465+0000] {processor.py:914} INFO - Processing file /home/airflow/.local/lib/python3.12/site-packages/airflow/example_dags/example_sensors.py for tasks to queue
[2026-04-12T11:21:14.467+0000] {logging_mixin.py:190} INFO - [2026-04-12T11:21:14.467+0000] {dagbag.py:588} INFO - Filling up the DagBag from /home/airflow/.local/lib/python3.12/site-packages/airflow/example_dags/example_sensors.py
[2026-04-12T11:21:14.475+0000] {processor.py:925} INFO - DAG(s) 'example_sensors' retrieved from /home/airflow/.local/lib/python3.12/site-packages/airflow/example_dags/example_sensors.py
[2026-04-12T11:21:14.491+0000] {logging_mixin.py:190} INFO - [2026-04-12T11:21:14.490+0000] {dag.py:3239} INFO - Sync 1 DAGs
[2026-04-12T11:21:14.499+0000] {logging_mixin.py:190} INFO - [2026-04-12T11:21:14.499+0000] {dag.py:4180} INFO - Setting next_dagrun for example_sensors to None, run_after=None
[2026-04-12T11:21:14.510+0000] {processor.py:208} INFO - Processing /home/airflow/.local/lib/python3.12/site-packages/airflow/example_dags/example_sensors.py took 0.050 seconds
[2026-04-12T11:21:45.052+0000] {processor.py:186} INFO - Started process (PID=5648) to work on /home/airflow/.local/lib/python3.12/site-packages/airflow/example_dags/example_sensors.py
[2026-04-12T11:21:45.053+0000] {processor.py:914} INFO - Processing file /home/airflow/.local/lib/python3.12/site-packages/airflow/example_dags/example_sensors.py for tasks to queue
[2026-04-12T11:21:45.055+0000] {logging_mixin.py:190} INFO - [2026-04-12T11:21:45.055+0000] {dagbag.py:588} INFO - Filling up the DagBag from /home/airflow/.local/lib/python3.12/site-packages/airflow/example_dags/example_sensors.py
[2026-04-12T11:21:45.062+0000] {processor.py:925} INFO - DAG(s) 'example_sensors' retrieved from /home/airflow/.local/lib/python3.12/site-packages/airflow/example_dags/example_sensors.py
[2026-04-12T11:21:45.080+0000] {logging_mixin.py:190} INFO - [2026-04-12T11:21:45.080+0000] {dag.py:3239} INFO - Sync 1 DAGs
[2026-04-12T11:21:45.089+0000] {logging_mixin.py:190} INFO - [2026-04-12T11:21:45.089+0000] {dag.py:4180} INFO - Setting next_dagrun for example_sensors to None, run_after=None
[2026-04-12T11:21:45.102+0000] {processor.py:208} INFO - Processing /home/airflow/.local/lib/python3.12/site-packages/airflow/example_dags/example_sensors.py took 0.054 seconds
[2026-04-12T11:22:15.192+0000] {processor.py:186} INFO - Started process (PID=5944) to work on /home/airflow/.local/lib/python3.12/site-packages/airflow/example_dags/example_sensors.py
[2026-04-12T11:22:15.193+0000] {processor.py:914} INFO - Processing file /home/airflow/.local/lib/python3.12/site-packages/airflow/example_dags/example_sensors.py for tasks to queue
[2026-04-12T11:22:15.195+0000] {logging_mixin.py:190} INFO - [2026-04-12T11:22:15.195+0000] {dagbag.py:588} INFO - Filling up the DagBag from /home/airflow/.local/lib/python3.12/site-packages/airflow/example_dags/example_sensors.py
[2026-04-12T11:22:15.202+0000] {processor.py:925} INFO - DAG(s) 'example_sensors' retrieved from /home/airflow/.local/lib/python3.12/site-packages/airflow/example_dags/example_sensors.py
[2026-04-12T11:22:15.222+0000] {logging_mixin.py:190} INFO - [2026-04-12T11:22:15.222+0000] {dag.py:3239} INFO - Sync 1 DAGs
[2026-04-12T11:22:15.231+0000] {logging_mixin.py:190} INFO - [2026-04-12T11:22:15.231+0000] {dag.py:4180} INFO - Setting next_dagrun for example_sensors to None, run_after=None
[2026-04-12T11:22:15.244+0000] {processor.py:208} INFO - Processing /home/airflow/.local/lib/python3.12/site-packages/airflow/example_dags/example_sensors.py took 0.057 seconds
[2026-04-12T11:22:45.422+0000] {processor.py:186} INFO - Started process (PID=6239) to work on /home/airflow/.local/lib/python3.12/site-packages/airflow/example_dags/example_sensors.py
[2026-04-12T11:22:45.424+0000] {processor.py:914} INFO - Processing file /home/airflow/.local/lib/python3.12/site-packages/airflow/example_dags/example_sensors.py for tasks to queue
[2026-04-12T11:22:45.427+0000] {logging_mixin.py:190} INFO - [2026-04-12T11:22:45.427+0000] {dagbag.py:588} INFO - Filling up the DagBag from /home/airflow/.local/lib/python3.12/site-packages/airflow/example_dags/example_sensors.py
[2026-04-12T11:22:45.435+0000] {processor.py:925} INFO - DAG(s) 'example_sensors' retrieved from /home/airflow/.local/lib/python3.12/site-packages/airflow/example_dags/example_sensors.py
[2026-04-12T11:22:45.457+0000] {logging_mixin.py:190} INFO - [2026-04-12T11:22:45.457+0000] {dag.py:3239} INFO - Sync 1 DAGs
[2026-04-12T11:22:45.468+0000] {logging_mixin.py:190} INFO - [2026-04-12T11:22:45.468+0000] {dag.py:4180} INFO - Setting next_dagrun for example_sensors to None, run_after=None
[2026-04-12T11:22:45.483+0000] {processor.py:208} INFO - Processing /home/airflow/.local/lib/python3.12/site-packages/airflow/example_dags/example_sensors.py took 0.066 seconds
[2026-04-12T11:23:15.577+0000] {processor.py:186} INFO - Started process (PID=6537) to work on /home/airflow/.local/lib/python3.12/site-packages/airflow/example_dags/example_sensors.py
[2026-04-12T11:23:15.578+0000] {processor.py:914} INFO - Processing file /home/airflow/.local/lib/python3.12/site-packages/airflow/example_dags/example_sensors.py for tasks to queue
[2026-04-12T11:23:15.580+0000] {logging_mixin.py:190} INFO - [2026-04-12T11:23:15.580+0000] {dagbag.py:588} INFO - Filling up the DagBag from /home/airflow/.local/lib/python3.12/site-packages/airflow/example_dags/example_sensors.py
[2026-04-12T11:23:15.588+0000] {processor.py:925} INFO - DAG(s) 'example_sensors' retrieved from /home/airflow/.local/lib/python3.12/site-packages/airflow/example_dags/example_sensors.py
[2026-04-12T11:23:15.624+0000] {logging_mixin.py:190} INFO - [2026-04-12T11:23:15.623+0000] {dag.py:3239} INFO - Sync 1 DAGs
[2026-04-12T11:23:15.634+0000] {logging_mixin.py:190} INFO - [2026-04-12T11:23:15.634+0000] {dag.py:4180} INFO - Setting next_dagrun for example_sensors to None, run_after=None
[2026-04-12T11:23:15.646+0000] {processor.py:208} INFO - Processing /home/airflow/.local/lib/python3.12/site-packages/airflow/example_dags/example_sensors.py took 0.073 seconds
[2026-04-12T11:23:46.177+0000] {processor.py:186} INFO - Started process (PID=6831) to work on /home/airflow/.local/lib/python3.12/site-packages/airflow/example_dags/example_sensors.py
[2026-04-12T11:23:46.178+0000] {processor.py:914} INFO - Processing file /home/airflow/.local/lib/python3.12/site-packages/airflow/example_dags/example_sensors.py for tasks to queue
[2026-04-12T11:23:46.181+0000] {logging_mixin.py:190} INFO - [2026-04-12T11:23:46.180+0000] {dagbag.py:588} INFO - Filling up the DagBag from /home/airflow/.local/lib/python3.12/site-packages/airflow/example_dags/example_sensors.py
[2026-04-12T11:23:46.188+0000] {processor.py:925} INFO - DAG(s) 'example_sensors' retrieved from /home/airflow/.local/lib/python3.12/site-packages/airflow/example_dags/example_sensors.py
[2026-04-12T11:23:46.209+0000] {logging_mixin.py:190} INFO - [2026-04-12T11:23:46.209+0000] {dag.py:3239} INFO - Sync 1 DAGs
[2026-04-12T11:23:46.219+0000] {logging_mixin.py:190} INFO - [2026-04-12T11:23:46.219+0000] {dag.py:4180} INFO - Setting next_dagrun for example_sensors to None, run_after=None
[2026-04-12T11:23:46.230+0000] {processor.py:208} INFO - Processing /home/airflow/.local/lib/python3.12/site-packages/airflow/example_dags/example_sensors.py took 0.057 seconds
[2026-04-12T11:24:16.533+0000] {processor.py:186} INFO - Started process (PID=7129) to work on /home/airflow/.local/lib/python3.12/site-packages/airflow/example_dags/example_sensors.py
[2026-04-12T11:24:16.533+0000] {processor.py:914} INFO - Processing file /home/airflow/.local/lib/python3.12/site-packages/airflow/example_dags/example_sensors.py for tasks to queue
[2026-04-12T11:24:16.535+0000] {logging_mixin.py:190} INFO - [2026-04-12T11:24:16.535+0000] {dagbag.py:588} INFO - Filling up the DagBag from /home/airflow/.local/lib/python3.12/site-packages/airflow/example_dags/example_sensors.py
[2026-04-12T11:24:16.542+0000] {processor.py:925} INFO - DAG(s) 'example_sensors' retrieved from /home/airflow/.local/lib/python3.12/site-packages/airflow/example_dags/example_sensors.py
[2026-04-12T11:24:16.562+0000] {logging_mixin.py:190} INFO - [2026-04-12T11:24:16.562+0000] {dag.py:3239} INFO - Sync 1 DAGs
[2026-04-12T11:24:16.572+0000] {logging_mixin.py:190} INFO - [2026-04-12T11:24:16.571+0000] {dag.py:4180} INFO - Setting next_dagrun for example_sensors to None, run_after=None
[2026-04-12T11:24:16.585+0000] {processor.py:208} INFO - Processing /home/airflow/.local/lib/python3.12/site-packages/airflow/example_dags/example_sensors.py took 0.057 seconds
[2026-04-12T11:24:47.607+0000] {processor.py:186} INFO - Started process (PID=7423) to work on /home/airflow/.local/lib/python3.12/site-packages/airflow/example_dags/example_sensors.py
[2026-04-12T11:24:47.608+0000] {processor.py:914} INFO - Processing file /home/airflow/.local/lib/python3.12/site-packages/airflow/example_dags/example_sensors.py for tasks to queue
[2026-04-12T11:24:47.610+0000] {logging_mixin.py:190} INFO - [2026-04-12T11:24:47.610+0000] {dagbag.py:588} INFO - Filling up the DagBag from /home/airflow/.local/lib/python3.12/site-packages/airflow/example_dags/example_sensors.py
[2026-04-12T11:24:47.617+0000] {processor.py:925} INFO - DAG(s) 'example_sensors' retrieved from /home/airflow/.local/lib/python3.12/site-packages/airflow/example_dags/example_sensors.py
[2026-04-12T11:24:47.639+0000] {logging_mixin.py:190} INFO - [2026-04-12T11:24:47.639+0000] {dag.py:3239} INFO - Sync 1 DAGs
[2026-04-12T11:24:47.648+0000] {logging_mixin.py:190} INFO - [2026-04-12T11:24:47.648+0000] {dag.py:4180} INFO - Setting next_dagrun for example_sensors to None, run_after=None
[2026-04-12T11:24:47.669+0000] {processor.py:208} INFO - Processing /home/airflow/.local/lib/python3.12/site-packages/airflow/example_dags/example_sensors.py took 0.068 seconds
[2026-04-12T11:25:17.816+0000] {processor.py:186} INFO - Started process (PID=7719) to work on /home/airflow/.local/lib/python3.12/site-packages/airflow/example_dags/example_sensors.py
[2026-04-12T11:25:17.818+0000] {processor.py:914} INFO - Processing file /home/airflow/.local/lib/python3.12/site-packages/airflow/example_dags/example_sensors.py for tasks to queue
[2026-04-12T11:25:17.820+0000] {logging_mixin.py:190} INFO - [2026-04-12T11:25:17.820+0000] {dagbag.py:588} INFO - Filling up the DagBag from /home/airflow/.local/lib/python3.12/site-packages/airflow/example_dags/example_sensors.py
[2026-04-12T11:25:17.830+0000] {processor.py:925} INFO - DAG(s) 'example_sensors' retrieved from /home/airflow/.local/lib/python3.12/site-packages/airflow/example_dags/example_sensors.py
[2026-04-12T11:25:17.848+0000] {logging_mixin.py:190} INFO - [2026-04-12T11:25:17.848+0000] {dag.py:3239} INFO - Sync 1 DAGs
[2026-04-12T11:25:17.858+0000] {logging_mixin.py:190} INFO - [2026-04-12T11:25:17.858+0000] {dag.py:4180} INFO - Setting next_dagrun for example_sensors to None, run_after=None
[2026-04-12T11:25:17.878+0000] {processor.py:208} INFO - Processing /home/airflow/.local/lib/python3.12/site-packages/airflow/example_dags/example_sensors.py took 0.067 seconds
[2026-04-12T11:25:47.973+0000] {processor.py:186} INFO - Started process (PID=8015) to work on /home/airflow/.local/lib/python3.12/site-packages/airflow/example_dags/example_sensors.py
[2026-04-12T11:25:47.974+0000] {processor.py:914} INFO - Processing file /home/airflow/.local/lib/python3.12/site-packages/airflow/example_dags/example_sensors.py for tasks to queue
[2026-04-12T11:25:47.976+0000] {logging_mixin.py:190} INFO - [2026-04-12T11:25:47.976+0000] {dagbag.py:588} INFO - Filling up the DagBag from /home/airflow/.local/lib/python3.12/site-packages/airflow/example_dags/example_sensors.py
[2026-04-12T11:25:47.984+0000] {processor.py:925} INFO - DAG(s) 'example_sensors' retrieved from /home/airflow/.local/lib/python3.12/site-packages/airflow/example_dags/example_sensors.py
[2026-04-12T11:25:48.009+0000] {logging_mixin.py:190} INFO - [2026-04-12T11:25:48.009+0000] {dag.py:3239} INFO - Sync 1 DAGs
[2026-04-12T11:25:48.018+0000] {logging_mixin.py:190} INFO - [2026-04-12T11:25:48.018+0000] {dag.py:4180} INFO - Setting next_dagrun for example_sensors to None, run_after=None
[2026-04-12T11:25:48.035+0000] {processor.py:208} INFO - Processing /home/airflow/.local/lib/python3.12/site-packages/airflow/example_dags/example_sensors.py took 0.066 seconds
[2026-04-12T11:27:09.503+0000] {processor.py:186} INFO - Started process (PID=8185) to work on /home/airflow/.local/lib/python3.12/site-packages/airflow/example_dags/example_sensors.py
[2026-04-12T11:27:09.506+0000] {processor.py:914} INFO - Processing file /home/airflow/.local/lib/python3.12/site-packages/airflow/example_dags/example_sensors.py for tasks to queue
[2026-04-12T11:27:09.507+0000] {logging_mixin.py:190} INFO - [2026-04-12T11:27:09.507+0000] {dagbag.py:588} INFO - Filling up the DagBag from /home/airflow/.local/lib/python3.12/site-packages/airflow/example_dags/example_sensors.py
[2026-04-12T11:27:09.514+0000] {processor.py:925} INFO - DAG(s) 'example_sensors' retrieved from /home/airflow/.local/lib/python3.12/site-packages/airflow/example_dags/example_sensors.py
[2026-04-12T11:27:09.533+0000] {logging_mixin.py:190} INFO - [2026-04-12T11:27:09.533+0000] {dag.py:3239} INFO - Sync 1 DAGs
[2026-04-12T11:27:09.542+0000] {logging_mixin.py:190} INFO - [2026-04-12T11:27:09.542+0000] {dag.py:4180} INFO - Setting next_dagrun for example_sensors to None, run_after=None
[2026-04-12T11:27:09.552+0000] {processor.py:208} INFO - Processing /home/airflow/.local/lib/python3.12/site-packages/airflow/example_dags/example_sensors.py took 0.053 seconds
[2026-04-12T11:29:45.553+0000] {processor.py:186} INFO - Started process (PID=8481) to work on /home/airflow/.local/lib/python3.12/site-packages/airflow/example_dags/example_sensors.py
[2026-04-12T11:29:45.557+0000] {processor.py:914} INFO - Processing file /home/airflow/.local/lib/python3.12/site-packages/airflow/example_dags/example_sensors.py for tasks to queue
[2026-04-12T11:29:45.559+0000] {logging_mixin.py:190} INFO - [2026-04-12T11:29:45.558+0000] {dagbag.py:588} INFO - Filling up the DagBag from /home/airflow/.local/lib/python3.12/site-packages/airflow/example_dags/example_sensors.py
[2026-04-12T11:29:45.568+0000] {processor.py:925} INFO - DAG(s) 'example_sensors' retrieved from /home/airflow/.local/lib/python3.12/site-packages/airflow/example_dags/example_sensors.py
[2026-04-12T11:29:45.593+0000] {logging_mixin.py:190} INFO - [2026-04-12T11:29:45.592+0000] {dag.py:3239} INFO - Sync 1 DAGs
[2026-04-12T11:29:45.606+0000] {logging_mixin.py:190} INFO - [2026-04-12T11:29:45.606+0000] {dag.py:4180} INFO - Setting next_dagrun for example_sensors to None, run_after=None
[2026-04-12T11:29:45.626+0000] {processor.py:208} INFO - Processing /home/airflow/.local/lib/python3.12/site-packages/airflow/example_dags/example_sensors.py took 0.078 seconds
[2026-04-12T11:30:15.852+0000] {processor.py:186} INFO - Started process (PID=8777) to work on /home/airflow/.local/lib/python3.12/site-packages/airflow/example_dags/example_sensors.py
[2026-04-12T11:30:15.853+0000] {processor.py:914} INFO - Processing file /home/airflow/.local/lib/python3.12/site-packages/airflow/example_dags/example_sensors.py for tasks to queue
[2026-04-12T11:30:15.854+0000] {logging_mixin.py:190} INFO - [2026-04-12T11:30:15.854+0000] {dagbag.py:588} INFO - Filling up the DagBag from /home/airflow/.local/lib/python3.12/site-packages/airflow/example_dags/example_sensors.py
[2026-04-12T11:30:15.861+0000] {processor.py:925} INFO - DAG(s) 'example_sensors' retrieved from /home/airflow/.local/lib/python3.12/site-packages/airflow/example_dags/example_sensors.py
[2026-04-12T11:30:15.881+0000] {logging_mixin.py:190} INFO - [2026-04-12T11:30:15.881+0000] {dag.py:3239} INFO - Sync 1 DAGs
[2026-04-12T11:30:15.891+0000] {logging_mixin.py:190} INFO - [2026-04-12T11:30:15.891+0000] {dag.py:4180} INFO - Setting next_dagrun for example_sensors to None, run_after=None
[2026-04-12T11:30:15.909+0000] {processor.py:208} INFO - Processing /home/airflow/.local/lib/python3.12/site-packages/airflow/example_dags/example_sensors.py took 0.062 seconds
[2026-04-12T11:30:46.340+0000] {processor.py:186} INFO - Started process (PID=9073) to work on /home/airflow/.local/lib/python3.12/site-packages/airflow/example_dags/example_sensors.py
[2026-04-12T11:30:46.343+0000] {processor.py:914} INFO - Processing file /home/airflow/.local/lib/python3.12/site-packages/airflow/example_dags/example_sensors.py for tasks to queue
[2026-04-12T11:30:46.346+0000] {logging_mixin.py:190} INFO - [2026-04-12T11:30:46.346+0000] {dagbag.py:588} INFO - Filling up the DagBag from /home/airflow/.local/lib/python3.12/site-packages/airflow/example_dags/example_sensors.py
[2026-04-12T11:30:46.353+0000] {processor.py:925} INFO - DAG(s) 'example_sensors' retrieved from /home/airflow/.local/lib/python3.12/site-packages/airflow/example_dags/example_sensors.py
[2026-04-12T11:30:46.373+0000] {logging_mixin.py:190} INFO - [2026-04-12T11:30:46.373+0000] {dag.py:3239} INFO - Sync 1 DAGs
[2026-04-12T11:30:46.384+0000] {logging_mixin.py:190} INFO - [2026-04-12T11:30:46.384+0000] {dag.py:4180} INFO - Setting next_dagrun for example_sensors to None, run_after=None
[2026-04-12T11:30:46.399+0000] {processor.py:208} INFO - Processing /home/airflow/.local/lib/python3.12/site-packages/airflow/example_dags/example_sensors.py took 0.063 seconds
[2026-04-12T11:31:16.518+0000] {processor.py:186} INFO - Started process (PID=9368) to work on /home/airflow/.local/lib/python3.12/site-packages/airflow/example_dags/example_sensors.py
[2026-04-12T11:31:16.520+0000] {processor.py:914} INFO - Processing file /home/airflow/.local/lib/python3.12/site-packages/airflow/example_dags/example_sensors.py for tasks to queue
[2026-04-12T11:31:16.522+0000] {logging_mixin.py:190} INFO - [2026-04-12T11:31:16.521+0000] {dagbag.py:588} INFO - Filling up the DagBag from /home/airflow/.local/lib/python3.12/site-packages/airflow/example_dags/example_sensors.py
[2026-04-12T11:31:16.529+0000] {processor.py:925} INFO - DAG(s) 'example_sensors' retrieved from /home/airflow/.local/lib/python3.12/site-packages/airflow/example_dags/example_sensors.py
[2026-04-12T11:31:16.551+0000] {logging_mixin.py:190} INFO - [2026-04-12T11:31:16.551+0000] {dag.py:3239} INFO - Sync 1 DAGs
[2026-04-12T11:31:16.560+0000] {logging_mixin.py:190} INFO - [2026-04-12T11:31:16.560+0000] {dag.py:4180} INFO - Setting next_dagrun for example_sensors to None, run_after=None
[2026-04-12T11:31:16.577+0000] {processor.py:208} INFO - Processing /home/airflow/.local/lib/python3.12/site-packages/airflow/example_dags/example_sensors.py took 0.064 seconds
[2026-04-12T11:31:46.936+0000] {processor.py:186} INFO - Started process (PID=9664) to work on /home/airflow/.local/lib/python3.12/site-packages/airflow/example_dags/example_sensors.py
[2026-04-12T11:31:46.937+0000] {processor.py:914} INFO - Processing file /home/airflow/.local/lib/python3.12/site-packages/airflow/example_dags/example_sensors.py for tasks to queue
[2026-04-12T11:31:46.941+0000] {logging_mixin.py:190} INFO - [2026-04-12T11:31:46.941+0000] {dagbag.py:588} INFO - Filling up the DagBag from /home/airflow/.local/lib/python3.12/site-packages/airflow/example_dags/example_sensors.py
[2026-04-12T11:31:46.950+0000] {processor.py:925} INFO - DAG(s) 'example_sensors' retrieved from /home/airflow/.local/lib/python3.12/site-packages/airflow/example_dags/example_sensors.py
[2026-04-12T11:31:46.969+0000] {logging_mixin.py:190} INFO - [2026-04-12T11:31:46.969+0000] {dag.py:3239} INFO - Sync 1 DAGs
[2026-04-12T11:31:46.980+0000] {logging_mixin.py:190} INFO - [2026-04-12T11:31:46.980+0000] {dag.py:4180} INFO - Setting next_dagrun for example_sensors to None, run_after=None
[2026-04-12T11:31:47.004+0000] {processor.py:208} INFO - Processing /home/airflow/.local/lib/python3.12/site-packages/airflow/example_dags/example_sensors.py took 0.071 seconds
[2026-04-12T11:32:18.179+0000] {processor.py:186} INFO - Started process (PID=9960) to work on /home/airflow/.local/lib/python3.12/site-packages/airflow/example_dags/example_sensors.py
[2026-04-12T11:32:18.180+0000] {processor.py:914} INFO - Processing file /home/airflow/.local/lib/python3.12/site-packages/airflow/example_dags/example_sensors.py for tasks to queue
[2026-04-12T11:32:18.182+0000] {logging_mixin.py:190} INFO - [2026-04-12T11:32:18.181+0000] {dagbag.py:588} INFO - Filling up the DagBag from /home/airflow/.local/lib/python3.12/site-packages/airflow/example_dags/example_sensors.py
[2026-04-12T11:32:18.189+0000] {processor.py:925} INFO - DAG(s) 'example_sensors' retrieved from /home/airflow/.local/lib/python3.12/site-packages/airflow/example_dags/example_sensors.py
[2026-04-12T11:32:18.209+0000] {logging_mixin.py:190} INFO - [2026-04-12T11:32:18.209+0000] {dag.py:3239} INFO - Sync 1 DAGs
[2026-04-12T11:32:18.218+0000] {logging_mixin.py:190} INFO - [2026-04-12T11:32:18.218+0000] {dag.py:4180} INFO - Setting next_dagrun for example_sensors to None, run_after=None
[2026-04-12T11:32:18.234+0000] {processor.py:208} INFO - Processing /home/airflow/.local/lib/python3.12/site-packages/airflow/example_dags/example_sensors.py took 0.059 seconds
[2026-04-12T11:32:49.103+0000] {processor.py:186} INFO - Started process (PID=10256) to work on /home/airflow/.local/lib/python3.12/site-packages/airflow/example_dags/example_sensors.py
[2026-04-12T11:32:49.104+0000] {processor.py:914} INFO - Processing file /home/airflow/.local/lib/python3.12/site-packages/airflow/example_dags/example_sensors.py for tasks to queue
[2026-04-12T11:32:49.105+0000] {logging_mixin.py:190} INFO - [2026-04-12T11:32:49.105+0000] {dagbag.py:588} INFO - Filling up the DagBag from /home/airflow/.local/lib/python3.12/site-packages/airflow/example_dags/example_sensors.py
[2026-04-12T11:32:49.114+0000] {processor.py:925} INFO - DAG(s) 'example_sensors' retrieved from /home/airflow/.local/lib/python3.12/site-packages/airflow/example_dags/example_sensors.py
[2026-04-12T11:32:49.133+0000] {logging_mixin.py:190} INFO - [2026-04-12T11:32:49.133+0000] {dag.py:3239} INFO - Sync 1 DAGs
[2026-04-12T11:32:49.144+0000] {logging_mixin.py:190} INFO - [2026-04-12T11:32:49.144+0000] {dag.py:4180} INFO - Setting next_dagrun for example_sensors to None, run_after=None
[2026-04-12T11:32:49.158+0000] {processor.py:208} INFO - Processing /home/airflow/.local/lib/python3.12/site-packages/airflow/example_dags/example_sensors.py took 0.059 seconds
[2026-04-12T11:33:20.089+0000] {processor.py:186} INFO - Started process (PID=10552) to work on /home/airflow/.local/lib/python3.12/site-packages/airflow/example_dags/example_sensors.py
[2026-04-12T11:33:20.090+0000] {processor.py:914} INFO - Processing file /home/airflow/.local/lib/python3.12/site-packages/airflow/example_dags/example_sensors.py for tasks to queue
[2026-04-12T11:33:20.091+0000] {logging_mixin.py:190} INFO - [2026-04-12T11:33:20.091+0000] {dagbag.py:588} INFO - Filling up the DagBag from /home/airflow/.local/lib/python3.12/site-packages/airflow/example_dags/example_sensors.py
[2026-04-12T11:33:20.101+0000] {processor.py:925} INFO - DAG(s) 'example_sensors' retrieved from /home/airflow/.local/lib/python3.12/site-packages/airflow/example_dags/example_sensors.py
[2026-04-12T11:33:20.119+0000] {logging_mixin.py:190} INFO - [2026-04-12T11:33:20.119+0000] {dag.py:3239} INFO - Sync 1 DAGs
[2026-04-12T11:33:20.128+0000] {logging_mixin.py:190} INFO - [2026-04-12T11:33:20.128+0000] {dag.py:4180} INFO - Setting next_dagrun for example_sensors to None, run_after=None
[2026-04-12T11:33:20.144+0000] {processor.py:208} INFO - Processing /home/airflow/.local/lib/python3.12/site-packages/airflow/example_dags/example_sensors.py took 0.059 seconds
[2026-04-12T11:33:51.107+0000] {processor.py:186} INFO - Started process (PID=10847) to work on /home/airflow/.local/lib/python3.12/site-packages/airflow/example_dags/example_sensors.py
[2026-04-12T11:33:51.108+0000] {processor.py:914} INFO - Processing file /home/airflow/.local/lib/python3.12/site-packages/airflow/example_dags/example_sensors.py for tasks to queue
[2026-04-12T11:33:51.109+0000] {logging_mixin.py:190} INFO - [2026-04-12T11:33:51.109+0000] {dagbag.py:588} INFO - Filling up the DagBag from /home/airflow/.local/lib/python3.12/site-packages/airflow/example_dags/example_sensors.py
[2026-04-12T11:33:51.120+0000] {processor.py:925} INFO - DAG(s) 'example_sensors' retrieved from /home/airflow/.local/lib/python3.12/site-packages/airflow/example_dags/example_sensors.py
[2026-04-12T11:33:51.142+0000] {logging_mixin.py:190} INFO - [2026-04-12T11:33:51.142+0000] {dag.py:3239} INFO - Sync 1 DAGs
[2026-04-12T11:33:51.154+0000] {logging_mixin.py:190} INFO - [2026-04-12T11:33:51.154+0000] {dag.py:4180} INFO - Setting next_dagrun for example_sensors to None, run_after=None
[2026-04-12T11:33:51.173+0000] {processor.py:208} INFO - Processing /home/airflow/.local/lib/python3.12/site-packages/airflow/example_dags/example_sensors.py took 0.071 seconds
[2026-04-12T11:34:21.995+0000] {processor.py:186} INFO - Started process (PID=11143) to work on /home/airflow/.local/lib/python3.12/site-packages/airflow/example_dags/example_sensors.py
[2026-04-12T11:34:21.997+0000] {processor.py:914} INFO - Processing file /home/airflow/.local/lib/python3.12/site-packages/airflow/example_dags/example_sensors.py for tasks to queue
[2026-04-12T11:34:21.999+0000] {logging_mixin.py:190} INFO - [2026-04-12T11:34:21.999+0000] {dagbag.py:588} INFO - Filling up the DagBag from /home/airflow/.local/lib/python3.12/site-packages/airflow/example_dags/example_sensors.py
[2026-04-12T11:34:22.007+0000] {processor.py:925} INFO - DAG(s) 'example_sensors' retrieved from /home/airflow/.local/lib/python3.12/site-packages/airflow/example_dags/example_sensors.py
[2026-04-12T11:34:22.030+0000] {logging_mixin.py:190} INFO - [2026-04-12T11:34:22.030+0000] {dag.py:3239} INFO - Sync 1 DAGs
[2026-04-12T11:34:22.040+0000] {logging_mixin.py:190} INFO - [2026-04-12T11:34:22.040+0000] {dag.py:4180} INFO - Setting next_dagrun for example_sensors to None, run_after=None
[2026-04-12T11:34:22.061+0000] {processor.py:208} INFO - Processing /home/airflow/.local/lib/python3.12/site-packages/airflow/example_dags/example_sensors.py took 0.070 seconds
[2026-04-12T11:34:52.895+0000] {processor.py:186} INFO - Started process (PID=11441) to work on /home/airflow/.local/lib/python3.12/site-packages/airflow/example_dags/example_sensors.py
[2026-04-12T11:34:52.896+0000] {processor.py:914} INFO - Processing file /home/airflow/.local/lib/python3.12/site-packages/airflow/example_dags/example_sensors.py for tasks to queue
[2026-04-12T11:34:52.898+0000] {logging_mixin.py:190} INFO - [2026-04-12T11:34:52.897+0000] {dagbag.py:588} INFO - Filling up the DagBag from /home/airflow/.local/lib/python3.12/site-packages/airflow/example_dags/example_sensors.py
[2026-04-12T11:34:52.904+0000] {processor.py:925} INFO - DAG(s) 'example_sensors' retrieved from /home/airflow/.local/lib/python3.12/site-packages/airflow/example_dags/example_sensors.py
[2026-04-12T11:34:52.920+0000] {logging_mixin.py:190} INFO - [2026-04-12T11:34:52.920+0000] {dag.py:3239} INFO - Sync 1 DAGs
[2026-04-12T11:34:52.928+0000] {logging_mixin.py:190} INFO - [2026-04-12T11:34:52.928+0000] {dag.py:4180} INFO - Setting next_dagrun for example_sensors to None, run_after=None
[2026-04-12T11:34:52.938+0000] {processor.py:208} INFO - Processing /home/airflow/.local/lib/python3.12/site-packages/airflow/example_dags/example_sensors.py took 0.047 seconds
