[2026-04-12T11:12:32.647+0000] {processor.py:186} INFO - Started process (PID=336) to work on /home/airflow/.local/lib/python3.12/site-packages/airflow/example_dags/example_branch_datetime_operator.py
[2026-04-12T11:12:32.648+0000] {processor.py:914} INFO - Processing file /home/airflow/.local/lib/python3.12/site-packages/airflow/example_dags/example_branch_datetime_operator.py for tasks to queue
[2026-04-12T11:12:32.650+0000] {logging_mixin.py:190} INFO - [2026-04-12T11:12:32.649+0000] {dagbag.py:588} INFO - Filling up the DagBag from /home/airflow/.local/lib/python3.12/site-packages/airflow/example_dags/example_branch_datetime_operator.py
[2026-04-12T11:12:32.664+0000] {processor.py:925} INFO - DAG(s) 'example_branch_datetime_operator_3', 'example_branch_datetime_operator', 'example_branch_datetime_operator_2' retrieved from /home/airflow/.local/lib/python3.12/site-packages/airflow/example_dags/example_branch_datetime_operator.py
[2026-04-12T11:12:32.754+0000] {logging_mixin.py:190} INFO - [2026-04-12T11:12:32.754+0000] {override.py:1912} INFO - Created Permission View: can edit on DAG:example_branch_datetime_operator_3
[2026-04-12T11:12:32.770+0000] {logging_mixin.py:190} INFO - [2026-04-12T11:12:32.770+0000] {override.py:1912} INFO - Created Permission View: can delete on DAG:example_branch_datetime_operator_3
[2026-04-12T11:12:32.786+0000] {logging_mixin.py:190} INFO - [2026-04-12T11:12:32.786+0000] {override.py:1912} INFO - Created Permission View: can read on DAG:example_branch_datetime_operator_3
[2026-04-12T11:12:32.795+0000] {logging_mixin.py:190} INFO - [2026-04-12T11:12:32.794+0000] {override.py:1912} INFO - Created Permission View: can delete on DAG Run:example_branch_datetime_operator_3
[2026-04-12T11:12:32.800+0000] {logging_mixin.py:190} INFO - [2026-04-12T11:12:32.800+0000] {override.py:1912} INFO - Created Permission View: can create on DAG Run:example_branch_datetime_operator_3
[2026-04-12T11:12:32.810+0000] {logging_mixin.py:190} INFO - [2026-04-12T11:12:32.809+0000] {override.py:1912} INFO - Created Permission View: can read on DAG Run:example_branch_datetime_operator_3
[2026-04-12T11:12:32.818+0000] {logging_mixin.py:190} INFO - [2026-04-12T11:12:32.818+0000] {override.py:1912} INFO - Created Permission View: menu access on DAG Run:example_branch_datetime_operator_3
[2026-04-12T11:12:32.834+0000] {logging_mixin.py:190} INFO - [2026-04-12T11:12:32.834+0000] {override.py:1912} INFO - Created Permission View: can edit on DAG:example_branch_datetime_operator
[2026-04-12T11:12:32.842+0000] {logging_mixin.py:190} INFO - [2026-04-12T11:12:32.842+0000] {override.py:1912} INFO - Created Permission View: can delete on DAG:example_branch_datetime_operator
[2026-04-12T11:12:32.851+0000] {logging_mixin.py:190} INFO - [2026-04-12T11:12:32.850+0000] {override.py:1912} INFO - Created Permission View: can read on DAG:example_branch_datetime_operator
[2026-04-12T11:12:32.854+0000] {logging_mixin.py:190} INFO - [2026-04-12T11:12:32.854+0000] {override.py:1912} INFO - Created Permission View: can delete on DAG Run:example_branch_datetime_operator
[2026-04-12T11:12:32.858+0000] {logging_mixin.py:190} INFO - [2026-04-12T11:12:32.857+0000] {override.py:1912} INFO - Created Permission View: can create on DAG Run:example_branch_datetime_operator
[2026-04-12T11:12:32.861+0000] {logging_mixin.py:190} INFO - [2026-04-12T11:12:32.861+0000] {override.py:1912} INFO - Created Permission View: can read on DAG Run:example_branch_datetime_operator
[2026-04-12T11:12:32.864+0000] {logging_mixin.py:190} INFO - [2026-04-12T11:12:32.864+0000] {override.py:1912} INFO - Created Permission View: menu access on DAG Run:example_branch_datetime_operator
[2026-04-12T11:12:32.874+0000] {logging_mixin.py:190} INFO - [2026-04-12T11:12:32.874+0000] {override.py:1912} INFO - Created Permission View: can edit on DAG:example_branch_datetime_operator_2
[2026-04-12T11:12:32.880+0000] {logging_mixin.py:190} INFO - [2026-04-12T11:12:32.880+0000] {override.py:1912} INFO - Created Permission View: can delete on DAG:example_branch_datetime_operator_2
[2026-04-12T11:12:32.887+0000] {logging_mixin.py:190} INFO - [2026-04-12T11:12:32.887+0000] {override.py:1912} INFO - Created Permission View: can read on DAG:example_branch_datetime_operator_2
[2026-04-12T11:12:32.892+0000] {logging_mixin.py:190} INFO - [2026-04-12T11:12:32.892+0000] {override.py:1912} INFO - Created Permission View: can delete on DAG Run:example_branch_datetime_operator_2
[2026-04-12T11:12:32.897+0000] {logging_mixin.py:190} INFO - [2026-04-12T11:12:32.897+0000] {override.py:1912} INFO - Created Permission View: can create on DAG Run:example_branch_datetime_operator_2
[2026-04-12T11:12:32.903+0000] {logging_mixin.py:190} INFO - [2026-04-12T11:12:32.903+0000] {override.py:1912} INFO - Created Permission View: can read on DAG Run:example_branch_datetime_operator_2
[2026-04-12T11:12:32.909+0000] {logging_mixin.py:190} INFO - [2026-04-12T11:12:32.908+0000] {override.py:1912} INFO - Created Permission View: menu access on DAG Run:example_branch_datetime_operator_2
[2026-04-12T11:12:32.909+0000] {logging_mixin.py:190} INFO - [2026-04-12T11:12:32.909+0000] {dag.py:3239} INFO - Sync 3 DAGs
[2026-04-12T11:12:32.926+0000] {logging_mixin.py:190} INFO - [2026-04-12T11:12:32.926+0000] {dag.py:3262} INFO - Creating ORM DAG for example_branch_datetime_operator_3
[2026-04-12T11:12:32.928+0000] {logging_mixin.py:190} INFO - [2026-04-12T11:12:32.928+0000] {dag.py:3262} INFO - Creating ORM DAG for example_branch_datetime_operator
[2026-04-12T11:12:32.928+0000] {logging_mixin.py:190} INFO - [2026-04-12T11:12:32.928+0000] {dag.py:3262} INFO - Creating ORM DAG for example_branch_datetime_operator_2
[2026-04-12T11:12:32.940+0000] {logging_mixin.py:190} INFO - [2026-04-12T11:12:32.939+0000] {dag.py:4180} INFO - Setting next_dagrun for example_branch_datetime_operator to 2026-04-11 00:00:00+00:00, run_after=2026-04-12 00:00:00+00:00
[2026-04-12T11:12:32.941+0000] {logging_mixin.py:190} INFO - [2026-04-12T11:12:32.941+0000] {dag.py:4180} INFO - Setting next_dagrun for example_branch_datetime_operator_2 to 2026-04-11 00:00:00+00:00, run_after=2026-04-12 00:00:00+00:00
[2026-04-12T11:12:32.944+0000] {logging_mixin.py:190} INFO - [2026-04-12T11:12:32.943+0000] {dag.py:4180} INFO - Setting next_dagrun for example_branch_datetime_operator_3 to 2026-04-11 00:00:00+00:00, run_after=2026-04-12 00:00:00+00:00
[2026-04-12T11:12:32.964+0000] {processor.py:208} INFO - Processing /home/airflow/.local/lib/python3.12/site-packages/airflow/example_dags/example_branch_datetime_operator.py took 0.322 seconds
[2026-04-12T11:13:03.935+0000] {processor.py:186} INFO - Started process (PID=633) to work on /home/airflow/.local/lib/python3.12/site-packages/airflow/example_dags/example_branch_datetime_operator.py
[2026-04-12T11:13:03.937+0000] {processor.py:914} INFO - Processing file /home/airflow/.local/lib/python3.12/site-packages/airflow/example_dags/example_branch_datetime_operator.py for tasks to queue
[2026-04-12T11:13:03.941+0000] {logging_mixin.py:190} INFO - [2026-04-12T11:13:03.940+0000] {dagbag.py:588} INFO - Filling up the DagBag from /home/airflow/.local/lib/python3.12/site-packages/airflow/example_dags/example_branch_datetime_operator.py
[2026-04-12T11:13:03.958+0000] {processor.py:925} INFO - DAG(s) 'example_branch_datetime_operator_2', 'example_branch_datetime_operator_3', 'example_branch_datetime_operator' retrieved from /home/airflow/.local/lib/python3.12/site-packages/airflow/example_dags/example_branch_datetime_operator.py
[2026-04-12T11:13:03.998+0000] {logging_mixin.py:190} INFO - [2026-04-12T11:13:03.998+0000] {dag.py:3239} INFO - Sync 3 DAGs
[2026-04-12T11:13:04.026+0000] {logging_mixin.py:190} INFO - [2026-04-12T11:13:04.025+0000] {dag.py:4180} INFO - Setting next_dagrun for example_branch_datetime_operator to 2026-04-11 00:00:00+00:00, run_after=2026-04-12 00:00:00+00:00
[2026-04-12T11:13:04.031+0000] {logging_mixin.py:190} INFO - [2026-04-12T11:13:04.031+0000] {dag.py:4180} INFO - Setting next_dagrun for example_branch_datetime_operator_2 to 2026-04-11 00:00:00+00:00, run_after=2026-04-12 00:00:00+00:00
[2026-04-12T11:13:04.033+0000] {logging_mixin.py:190} INFO - [2026-04-12T11:13:04.033+0000] {dag.py:4180} INFO - Setting next_dagrun for example_branch_datetime_operator_3 to 2026-04-11 00:00:00+00:00, run_after=2026-04-12 00:00:00+00:00
[2026-04-12T11:13:04.053+0000] {processor.py:208} INFO - Processing /home/airflow/.local/lib/python3.12/site-packages/airflow/example_dags/example_branch_datetime_operator.py took 0.128 seconds
[2026-04-12T11:13:34.301+0000] {processor.py:186} INFO - Started process (PID=930) to work on /home/airflow/.local/lib/python3.12/site-packages/airflow/example_dags/example_branch_datetime_operator.py
[2026-04-12T11:13:34.303+0000] {processor.py:914} INFO - Processing file /home/airflow/.local/lib/python3.12/site-packages/airflow/example_dags/example_branch_datetime_operator.py for tasks to queue
[2026-04-12T11:13:34.308+0000] {logging_mixin.py:190} INFO - [2026-04-12T11:13:34.308+0000] {dagbag.py:588} INFO - Filling up the DagBag from /home/airflow/.local/lib/python3.12/site-packages/airflow/example_dags/example_branch_datetime_operator.py
[2026-04-12T11:13:34.334+0000] {processor.py:925} INFO - DAG(s) 'example_branch_datetime_operator_3', 'example_branch_datetime_operator_2', 'example_branch_datetime_operator' retrieved from /home/airflow/.local/lib/python3.12/site-packages/airflow/example_dags/example_branch_datetime_operator.py
[2026-04-12T11:13:34.367+0000] {logging_mixin.py:190} INFO - [2026-04-12T11:13:34.367+0000] {dag.py:3239} INFO - Sync 3 DAGs
[2026-04-12T11:13:34.398+0000] {logging_mixin.py:190} INFO - [2026-04-12T11:13:34.397+0000] {dag.py:4180} INFO - Setting next_dagrun for example_branch_datetime_operator to 2026-04-11 00:00:00+00:00, run_after=2026-04-12 00:00:00+00:00
[2026-04-12T11:13:34.418+0000] {logging_mixin.py:190} INFO - [2026-04-12T11:13:34.418+0000] {dag.py:4180} INFO - Setting next_dagrun for example_branch_datetime_operator_2 to 2026-04-11 00:00:00+00:00, run_after=2026-04-12 00:00:00+00:00
[2026-04-12T11:13:34.420+0000] {logging_mixin.py:190} INFO - [2026-04-12T11:13:34.420+0000] {dag.py:4180} INFO - Setting next_dagrun for example_branch_datetime_operator_3 to 2026-04-11 00:00:00+00:00, run_after=2026-04-12 00:00:00+00:00
[2026-04-12T11:13:34.434+0000] {processor.py:208} INFO - Processing /home/airflow/.local/lib/python3.12/site-packages/airflow/example_dags/example_branch_datetime_operator.py took 0.143 seconds
[2026-04-12T11:14:05.301+0000] {processor.py:186} INFO - Started process (PID=1226) to work on /home/airflow/.local/lib/python3.12/site-packages/airflow/example_dags/example_branch_datetime_operator.py
[2026-04-12T11:14:05.304+0000] {processor.py:914} INFO - Processing file /home/airflow/.local/lib/python3.12/site-packages/airflow/example_dags/example_branch_datetime_operator.py for tasks to queue
[2026-04-12T11:14:05.309+0000] {logging_mixin.py:190} INFO - [2026-04-12T11:14:05.309+0000] {dagbag.py:588} INFO - Filling up the DagBag from /home/airflow/.local/lib/python3.12/site-packages/airflow/example_dags/example_branch_datetime_operator.py
[2026-04-12T11:14:05.323+0000] {processor.py:925} INFO - DAG(s) 'example_branch_datetime_operator', 'example_branch_datetime_operator_3', 'example_branch_datetime_operator_2' retrieved from /home/airflow/.local/lib/python3.12/site-packages/airflow/example_dags/example_branch_datetime_operator.py
[2026-04-12T11:14:05.363+0000] {logging_mixin.py:190} INFO - [2026-04-12T11:14:05.363+0000] {dag.py:3239} INFO - Sync 3 DAGs
[2026-04-12T11:14:05.399+0000] {logging_mixin.py:190} INFO - [2026-04-12T11:14:05.399+0000] {dag.py:4180} INFO - Setting next_dagrun for example_branch_datetime_operator to 2026-04-11 00:00:00+00:00, run_after=2026-04-12 00:00:00+00:00
[2026-04-12T11:14:05.405+0000] {logging_mixin.py:190} INFO - [2026-04-12T11:14:05.404+0000] {dag.py:4180} INFO - Setting next_dagrun for example_branch_datetime_operator_2 to 2026-04-11 00:00:00+00:00, run_after=2026-04-12 00:00:00+00:00
[2026-04-12T11:14:05.411+0000] {logging_mixin.py:190} INFO - [2026-04-12T11:14:05.410+0000] {dag.py:4180} INFO - Setting next_dagrun for example_branch_datetime_operator_3 to 2026-04-11 00:00:00+00:00, run_after=2026-04-12 00:00:00+00:00
[2026-04-12T11:14:05.424+0000] {processor.py:208} INFO - Processing /home/airflow/.local/lib/python3.12/site-packages/airflow/example_dags/example_branch_datetime_operator.py took 0.127 seconds
[2026-04-12T11:14:36.095+0000] {processor.py:186} INFO - Started process (PID=1522) to work on /home/airflow/.local/lib/python3.12/site-packages/airflow/example_dags/example_branch_datetime_operator.py
[2026-04-12T11:14:36.097+0000] {processor.py:914} INFO - Processing file /home/airflow/.local/lib/python3.12/site-packages/airflow/example_dags/example_branch_datetime_operator.py for tasks to queue
[2026-04-12T11:14:36.102+0000] {logging_mixin.py:190} INFO - [2026-04-12T11:14:36.101+0000] {dagbag.py:588} INFO - Filling up the DagBag from /home/airflow/.local/lib/python3.12/site-packages/airflow/example_dags/example_branch_datetime_operator.py
[2026-04-12T11:14:36.116+0000] {processor.py:925} INFO - DAG(s) 'example_branch_datetime_operator_3', 'example_branch_datetime_operator', 'example_branch_datetime_operator_2' retrieved from /home/airflow/.local/lib/python3.12/site-packages/airflow/example_dags/example_branch_datetime_operator.py
[2026-04-12T11:14:36.174+0000] {logging_mixin.py:190} INFO - [2026-04-12T11:14:36.173+0000] {dag.py:3239} INFO - Sync 3 DAGs
[2026-04-12T11:14:36.234+0000] {logging_mixin.py:190} INFO - [2026-04-12T11:14:36.234+0000] {dag.py:4180} INFO - Setting next_dagrun for example_branch_datetime_operator to 2026-04-11 00:00:00+00:00, run_after=2026-04-12 00:00:00+00:00
[2026-04-12T11:14:36.244+0000] {logging_mixin.py:190} INFO - [2026-04-12T11:14:36.243+0000] {dag.py:4180} INFO - Setting next_dagrun for example_branch_datetime_operator_2 to 2026-04-11 00:00:00+00:00, run_after=2026-04-12 00:00:00+00:00
[2026-04-12T11:14:36.252+0000] {logging_mixin.py:190} INFO - [2026-04-12T11:14:36.252+0000] {dag.py:4180} INFO - Setting next_dagrun for example_branch_datetime_operator_3 to 2026-04-11 00:00:00+00:00, run_after=2026-04-12 00:00:00+00:00
[2026-04-12T11:14:36.469+0000] {processor.py:208} INFO - Processing /home/airflow/.local/lib/python3.12/site-packages/airflow/example_dags/example_branch_datetime_operator.py took 0.381 seconds
[2026-04-12T11:15:07.232+0000] {processor.py:186} INFO - Started process (PID=1819) to work on /home/airflow/.local/lib/python3.12/site-packages/airflow/example_dags/example_branch_datetime_operator.py
[2026-04-12T11:15:07.234+0000] {processor.py:914} INFO - Processing file /home/airflow/.local/lib/python3.12/site-packages/airflow/example_dags/example_branch_datetime_operator.py for tasks to queue
[2026-04-12T11:15:07.236+0000] {logging_mixin.py:190} INFO - [2026-04-12T11:15:07.236+0000] {dagbag.py:588} INFO - Filling up the DagBag from /home/airflow/.local/lib/python3.12/site-packages/airflow/example_dags/example_branch_datetime_operator.py
[2026-04-12T11:15:07.248+0000] {processor.py:925} INFO - DAG(s) 'example_branch_datetime_operator', 'example_branch_datetime_operator_2', 'example_branch_datetime_operator_3' retrieved from /home/airflow/.local/lib/python3.12/site-packages/airflow/example_dags/example_branch_datetime_operator.py
[2026-04-12T11:15:07.274+0000] {logging_mixin.py:190} INFO - [2026-04-12T11:15:07.274+0000] {dag.py:3239} INFO - Sync 3 DAGs
[2026-04-12T11:15:07.295+0000] {logging_mixin.py:190} INFO - [2026-04-12T11:15:07.295+0000] {dag.py:4180} INFO - Setting next_dagrun for example_branch_datetime_operator to 2026-04-11 00:00:00+00:00, run_after=2026-04-12 00:00:00+00:00
[2026-04-12T11:15:07.299+0000] {logging_mixin.py:190} INFO - [2026-04-12T11:15:07.299+0000] {dag.py:4180} INFO - Setting next_dagrun for example_branch_datetime_operator_2 to 2026-04-11 00:00:00+00:00, run_after=2026-04-12 00:00:00+00:00
[2026-04-12T11:15:07.301+0000] {logging_mixin.py:190} INFO - [2026-04-12T11:15:07.301+0000] {dag.py:4180} INFO - Setting next_dagrun for example_branch_datetime_operator_3 to 2026-04-11 00:00:00+00:00, run_after=2026-04-12 00:00:00+00:00
[2026-04-12T11:15:07.317+0000] {processor.py:208} INFO - Processing /home/airflow/.local/lib/python3.12/site-packages/airflow/example_dags/example_branch_datetime_operator.py took 0.091 seconds
[2026-04-12T11:15:37.816+0000] {processor.py:186} INFO - Started process (PID=2115) to work on /home/airflow/.local/lib/python3.12/site-packages/airflow/example_dags/example_branch_datetime_operator.py
[2026-04-12T11:15:37.818+0000] {processor.py:914} INFO - Processing file /home/airflow/.local/lib/python3.12/site-packages/airflow/example_dags/example_branch_datetime_operator.py for tasks to queue
[2026-04-12T11:15:37.820+0000] {logging_mixin.py:190} INFO - [2026-04-12T11:15:37.820+0000] {dagbag.py:588} INFO - Filling up the DagBag from /home/airflow/.local/lib/python3.12/site-packages/airflow/example_dags/example_branch_datetime_operator.py
[2026-04-12T11:15:37.833+0000] {processor.py:925} INFO - DAG(s) 'example_branch_datetime_operator_2', 'example_branch_datetime_operator', 'example_branch_datetime_operator_3' retrieved from /home/airflow/.local/lib/python3.12/site-packages/airflow/example_dags/example_branch_datetime_operator.py
[2026-04-12T11:15:37.859+0000] {logging_mixin.py:190} INFO - [2026-04-12T11:15:37.858+0000] {dag.py:3239} INFO - Sync 3 DAGs
[2026-04-12T11:15:37.883+0000] {logging_mixin.py:190} INFO - [2026-04-12T11:15:37.883+0000] {dag.py:4180} INFO - Setting next_dagrun for example_branch_datetime_operator to 2026-04-11 00:00:00+00:00, run_after=2026-04-12 00:00:00+00:00
[2026-04-12T11:15:37.889+0000] {logging_mixin.py:190} INFO - [2026-04-12T11:15:37.889+0000] {dag.py:4180} INFO - Setting next_dagrun for example_branch_datetime_operator_2 to 2026-04-11 00:00:00+00:00, run_after=2026-04-12 00:00:00+00:00
[2026-04-12T11:15:37.891+0000] {logging_mixin.py:190} INFO - [2026-04-12T11:15:37.891+0000] {dag.py:4180} INFO - Setting next_dagrun for example_branch_datetime_operator_3 to 2026-04-11 00:00:00+00:00, run_after=2026-04-12 00:00:00+00:00
[2026-04-12T11:15:37.909+0000] {processor.py:208} INFO - Processing /home/airflow/.local/lib/python3.12/site-packages/airflow/example_dags/example_branch_datetime_operator.py took 0.100 seconds
[2026-04-12T11:16:08.086+0000] {processor.py:186} INFO - Started process (PID=2414) to work on /home/airflow/.local/lib/python3.12/site-packages/airflow/example_dags/example_branch_datetime_operator.py
[2026-04-12T11:16:08.090+0000] {processor.py:914} INFO - Processing file /home/airflow/.local/lib/python3.12/site-packages/airflow/example_dags/example_branch_datetime_operator.py for tasks to queue
[2026-04-12T11:16:08.093+0000] {logging_mixin.py:190} INFO - [2026-04-12T11:16:08.093+0000] {dagbag.py:588} INFO - Filling up the DagBag from /home/airflow/.local/lib/python3.12/site-packages/airflow/example_dags/example_branch_datetime_operator.py
[2026-04-12T11:16:08.111+0000] {processor.py:925} INFO - DAG(s) 'example_branch_datetime_operator_2', 'example_branch_datetime_operator', 'example_branch_datetime_operator_3' retrieved from /home/airflow/.local/lib/python3.12/site-packages/airflow/example_dags/example_branch_datetime_operator.py
[2026-04-12T11:16:08.145+0000] {logging_mixin.py:190} INFO - [2026-04-12T11:16:08.145+0000] {dag.py:3239} INFO - Sync 3 DAGs
[2026-04-12T11:16:08.195+0000] {logging_mixin.py:190} INFO - [2026-04-12T11:16:08.195+0000] {dag.py:4180} INFO - Setting next_dagrun for example_branch_datetime_operator to 2026-04-11 00:00:00+00:00, run_after=2026-04-12 00:00:00+00:00
[2026-04-12T11:16:08.201+0000] {logging_mixin.py:190} INFO - [2026-04-12T11:16:08.201+0000] {dag.py:4180} INFO - Setting next_dagrun for example_branch_datetime_operator_2 to 2026-04-11 00:00:00+00:00, run_after=2026-04-12 00:00:00+00:00
[2026-04-12T11:16:08.205+0000] {logging_mixin.py:190} INFO - [2026-04-12T11:16:08.205+0000] {dag.py:4180} INFO - Setting next_dagrun for example_branch_datetime_operator_3 to 2026-04-11 00:00:00+00:00, run_after=2026-04-12 00:00:00+00:00
[2026-04-12T11:16:08.230+0000] {processor.py:208} INFO - Processing /home/airflow/.local/lib/python3.12/site-packages/airflow/example_dags/example_branch_datetime_operator.py took 0.154 seconds
[2026-04-12T11:16:39.197+0000] {processor.py:186} INFO - Started process (PID=2712) to work on /home/airflow/.local/lib/python3.12/site-packages/airflow/example_dags/example_branch_datetime_operator.py
[2026-04-12T11:16:39.199+0000] {processor.py:914} INFO - Processing file /home/airflow/.local/lib/python3.12/site-packages/airflow/example_dags/example_branch_datetime_operator.py for tasks to queue
[2026-04-12T11:16:39.201+0000] {logging_mixin.py:190} INFO - [2026-04-12T11:16:39.201+0000] {dagbag.py:588} INFO - Filling up the DagBag from /home/airflow/.local/lib/python3.12/site-packages/airflow/example_dags/example_branch_datetime_operator.py
[2026-04-12T11:16:39.213+0000] {processor.py:925} INFO - DAG(s) 'example_branch_datetime_operator_3', 'example_branch_datetime_operator_2', 'example_branch_datetime_operator' retrieved from /home/airflow/.local/lib/python3.12/site-packages/airflow/example_dags/example_branch_datetime_operator.py
[2026-04-12T11:16:39.251+0000] {logging_mixin.py:190} INFO - [2026-04-12T11:16:39.251+0000] {dag.py:3239} INFO - Sync 3 DAGs
[2026-04-12T11:16:39.277+0000] {logging_mixin.py:190} INFO - [2026-04-12T11:16:39.277+0000] {dag.py:4180} INFO - Setting next_dagrun for example_branch_datetime_operator to 2026-04-11 00:00:00+00:00, run_after=2026-04-12 00:00:00+00:00
[2026-04-12T11:16:39.281+0000] {logging_mixin.py:190} INFO - [2026-04-12T11:16:39.281+0000] {dag.py:4180} INFO - Setting next_dagrun for example_branch_datetime_operator_2 to 2026-04-11 00:00:00+00:00, run_after=2026-04-12 00:00:00+00:00
[2026-04-12T11:16:39.284+0000] {logging_mixin.py:190} INFO - [2026-04-12T11:16:39.283+0000] {dag.py:4180} INFO - Setting next_dagrun for example_branch_datetime_operator_3 to 2026-04-11 00:00:00+00:00, run_after=2026-04-12 00:00:00+00:00
[2026-04-12T11:16:39.299+0000] {processor.py:208} INFO - Processing /home/airflow/.local/lib/python3.12/site-packages/airflow/example_dags/example_branch_datetime_operator.py took 0.110 seconds
[2026-04-12T11:17:10.175+0000] {processor.py:186} INFO - Started process (PID=3020) to work on /home/airflow/.local/lib/python3.12/site-packages/airflow/example_dags/example_branch_datetime_operator.py
[2026-04-12T11:17:10.178+0000] {processor.py:914} INFO - Processing file /home/airflow/.local/lib/python3.12/site-packages/airflow/example_dags/example_branch_datetime_operator.py for tasks to queue
[2026-04-12T11:17:10.181+0000] {logging_mixin.py:190} INFO - [2026-04-12T11:17:10.180+0000] {dagbag.py:588} INFO - Filling up the DagBag from /home/airflow/.local/lib/python3.12/site-packages/airflow/example_dags/example_branch_datetime_operator.py
[2026-04-12T11:17:10.192+0000] {processor.py:925} INFO - DAG(s) 'example_branch_datetime_operator_2', 'example_branch_datetime_operator', 'example_branch_datetime_operator_3' retrieved from /home/airflow/.local/lib/python3.12/site-packages/airflow/example_dags/example_branch_datetime_operator.py
[2026-04-12T11:17:10.219+0000] {logging_mixin.py:190} INFO - [2026-04-12T11:17:10.218+0000] {dag.py:3239} INFO - Sync 3 DAGs
[2026-04-12T11:17:10.237+0000] {logging_mixin.py:190} INFO - [2026-04-12T11:17:10.237+0000] {dag.py:4180} INFO - Setting next_dagrun for example_branch_datetime_operator to 2026-04-11 00:00:00+00:00, run_after=2026-04-12 00:00:00+00:00
[2026-04-12T11:17:10.240+0000] {logging_mixin.py:190} INFO - [2026-04-12T11:17:10.240+0000] {dag.py:4180} INFO - Setting next_dagrun for example_branch_datetime_operator_2 to 2026-04-11 00:00:00+00:00, run_after=2026-04-12 00:00:00+00:00
[2026-04-12T11:17:10.243+0000] {logging_mixin.py:190} INFO - [2026-04-12T11:17:10.243+0000] {dag.py:4180} INFO - Setting next_dagrun for example_branch_datetime_operator_3 to 2026-04-11 00:00:00+00:00, run_after=2026-04-12 00:00:00+00:00
[2026-04-12T11:17:10.259+0000] {processor.py:208} INFO - Processing /home/airflow/.local/lib/python3.12/site-packages/airflow/example_dags/example_branch_datetime_operator.py took 0.091 seconds
[2026-04-12T11:17:41.073+0000] {processor.py:186} INFO - Started process (PID=3316) to work on /home/airflow/.local/lib/python3.12/site-packages/airflow/example_dags/example_branch_datetime_operator.py
[2026-04-12T11:17:41.074+0000] {processor.py:914} INFO - Processing file /home/airflow/.local/lib/python3.12/site-packages/airflow/example_dags/example_branch_datetime_operator.py for tasks to queue
[2026-04-12T11:17:41.076+0000] {logging_mixin.py:190} INFO - [2026-04-12T11:17:41.076+0000] {dagbag.py:588} INFO - Filling up the DagBag from /home/airflow/.local/lib/python3.12/site-packages/airflow/example_dags/example_branch_datetime_operator.py
[2026-04-12T11:17:41.085+0000] {processor.py:925} INFO - DAG(s) 'example_branch_datetime_operator', 'example_branch_datetime_operator_3', 'example_branch_datetime_operator_2' retrieved from /home/airflow/.local/lib/python3.12/site-packages/airflow/example_dags/example_branch_datetime_operator.py
[2026-04-12T11:17:41.111+0000] {logging_mixin.py:190} INFO - [2026-04-12T11:17:41.110+0000] {dag.py:3239} INFO - Sync 3 DAGs
[2026-04-12T11:17:41.127+0000] {logging_mixin.py:190} INFO - [2026-04-12T11:17:41.126+0000] {dag.py:4180} INFO - Setting next_dagrun for example_branch_datetime_operator to 2026-04-11 00:00:00+00:00, run_after=2026-04-12 00:00:00+00:00
[2026-04-12T11:17:41.130+0000] {logging_mixin.py:190} INFO - [2026-04-12T11:17:41.130+0000] {dag.py:4180} INFO - Setting next_dagrun for example_branch_datetime_operator_2 to 2026-04-11 00:00:00+00:00, run_after=2026-04-12 00:00:00+00:00
[2026-04-12T11:17:41.135+0000] {logging_mixin.py:190} INFO - [2026-04-12T11:17:41.134+0000] {dag.py:4180} INFO - Setting next_dagrun for example_branch_datetime_operator_3 to 2026-04-11 00:00:00+00:00, run_after=2026-04-12 00:00:00+00:00
[2026-04-12T11:17:41.146+0000] {processor.py:208} INFO - Processing /home/airflow/.local/lib/python3.12/site-packages/airflow/example_dags/example_branch_datetime_operator.py took 0.079 seconds
[2026-04-12T11:18:11.765+0000] {processor.py:186} INFO - Started process (PID=3620) to work on /home/airflow/.local/lib/python3.12/site-packages/airflow/example_dags/example_branch_datetime_operator.py
[2026-04-12T11:18:11.767+0000] {processor.py:914} INFO - Processing file /home/airflow/.local/lib/python3.12/site-packages/airflow/example_dags/example_branch_datetime_operator.py for tasks to queue
[2026-04-12T11:18:11.768+0000] {logging_mixin.py:190} INFO - [2026-04-12T11:18:11.768+0000] {dagbag.py:588} INFO - Filling up the DagBag from /home/airflow/.local/lib/python3.12/site-packages/airflow/example_dags/example_branch_datetime_operator.py
[2026-04-12T11:18:11.778+0000] {processor.py:925} INFO - DAG(s) 'example_branch_datetime_operator', 'example_branch_datetime_operator_2', 'example_branch_datetime_operator_3' retrieved from /home/airflow/.local/lib/python3.12/site-packages/airflow/example_dags/example_branch_datetime_operator.py
[2026-04-12T11:18:11.807+0000] {logging_mixin.py:190} INFO - [2026-04-12T11:18:11.807+0000] {dag.py:3239} INFO - Sync 3 DAGs
[2026-04-12T11:18:11.826+0000] {logging_mixin.py:190} INFO - [2026-04-12T11:18:11.825+0000] {dag.py:4180} INFO - Setting next_dagrun for example_branch_datetime_operator to 2026-04-11 00:00:00+00:00, run_after=2026-04-12 00:00:00+00:00
[2026-04-12T11:18:11.831+0000] {logging_mixin.py:190} INFO - [2026-04-12T11:18:11.831+0000] {dag.py:4180} INFO - Setting next_dagrun for example_branch_datetime_operator_2 to 2026-04-11 00:00:00+00:00, run_after=2026-04-12 00:00:00+00:00
[2026-04-12T11:18:11.833+0000] {logging_mixin.py:190} INFO - [2026-04-12T11:18:11.833+0000] {dag.py:4180} INFO - Setting next_dagrun for example_branch_datetime_operator_3 to 2026-04-11 00:00:00+00:00, run_after=2026-04-12 00:00:00+00:00
[2026-04-12T11:18:11.850+0000] {processor.py:208} INFO - Processing /home/airflow/.local/lib/python3.12/site-packages/airflow/example_dags/example_branch_datetime_operator.py took 0.091 seconds
[2026-04-12T11:18:42.259+0000] {processor.py:186} INFO - Started process (PID=3919) to work on /home/airflow/.local/lib/python3.12/site-packages/airflow/example_dags/example_branch_datetime_operator.py
[2026-04-12T11:18:42.263+0000] {processor.py:914} INFO - Processing file /home/airflow/.local/lib/python3.12/site-packages/airflow/example_dags/example_branch_datetime_operator.py for tasks to queue
[2026-04-12T11:18:42.265+0000] {logging_mixin.py:190} INFO - [2026-04-12T11:18:42.265+0000] {dagbag.py:588} INFO - Filling up the DagBag from /home/airflow/.local/lib/python3.12/site-packages/airflow/example_dags/example_branch_datetime_operator.py
[2026-04-12T11:18:42.274+0000] {processor.py:925} INFO - DAG(s) 'example_branch_datetime_operator_3', 'example_branch_datetime_operator', 'example_branch_datetime_operator_2' retrieved from /home/airflow/.local/lib/python3.12/site-packages/airflow/example_dags/example_branch_datetime_operator.py
[2026-04-12T11:18:42.293+0000] {logging_mixin.py:190} INFO - [2026-04-12T11:18:42.293+0000] {dag.py:3239} INFO - Sync 3 DAGs
[2026-04-12T11:18:42.312+0000] {logging_mixin.py:190} INFO - [2026-04-12T11:18:42.312+0000] {dag.py:4180} INFO - Setting next_dagrun for example_branch_datetime_operator to 2026-04-11 00:00:00+00:00, run_after=2026-04-12 00:00:00+00:00
[2026-04-12T11:18:42.318+0000] {logging_mixin.py:190} INFO - [2026-04-12T11:18:42.318+0000] {dag.py:4180} INFO - Setting next_dagrun for example_branch_datetime_operator_2 to 2026-04-11 00:00:00+00:00, run_after=2026-04-12 00:00:00+00:00
[2026-04-12T11:18:42.320+0000] {logging_mixin.py:190} INFO - [2026-04-12T11:18:42.320+0000] {dag.py:4180} INFO - Setting next_dagrun for example_branch_datetime_operator_3 to 2026-04-11 00:00:00+00:00, run_after=2026-04-12 00:00:00+00:00
[2026-04-12T11:18:42.336+0000] {processor.py:208} INFO - Processing /home/airflow/.local/lib/python3.12/site-packages/airflow/example_dags/example_branch_datetime_operator.py took 0.083 seconds
[2026-04-12T11:19:12.586+0000] {processor.py:186} INFO - Started process (PID=4230) to work on /home/airflow/.local/lib/python3.12/site-packages/airflow/example_dags/example_branch_datetime_operator.py
[2026-04-12T11:19:12.591+0000] {processor.py:914} INFO - Processing file /home/airflow/.local/lib/python3.12/site-packages/airflow/example_dags/example_branch_datetime_operator.py for tasks to queue
[2026-04-12T11:19:12.594+0000] {logging_mixin.py:190} INFO - [2026-04-12T11:19:12.593+0000] {dagbag.py:588} INFO - Filling up the DagBag from /home/airflow/.local/lib/python3.12/site-packages/airflow/example_dags/example_branch_datetime_operator.py
[2026-04-12T11:19:12.607+0000] {processor.py:925} INFO - DAG(s) 'example_branch_datetime_operator', 'example_branch_datetime_operator_3', 'example_branch_datetime_operator_2' retrieved from /home/airflow/.local/lib/python3.12/site-packages/airflow/example_dags/example_branch_datetime_operator.py
[2026-04-12T11:19:12.627+0000] {logging_mixin.py:190} INFO - [2026-04-12T11:19:12.627+0000] {dag.py:3239} INFO - Sync 3 DAGs
[2026-04-12T11:19:12.645+0000] {logging_mixin.py:190} INFO - [2026-04-12T11:19:12.645+0000] {dag.py:4180} INFO - Setting next_dagrun for example_branch_datetime_operator to 2026-04-11 00:00:00+00:00, run_after=2026-04-12 00:00:00+00:00
[2026-04-12T11:19:12.649+0000] {logging_mixin.py:190} INFO - [2026-04-12T11:19:12.649+0000] {dag.py:4180} INFO - Setting next_dagrun for example_branch_datetime_operator_2 to 2026-04-11 00:00:00+00:00, run_after=2026-04-12 00:00:00+00:00
[2026-04-12T11:19:12.652+0000] {logging_mixin.py:190} INFO - [2026-04-12T11:19:12.652+0000] {dag.py:4180} INFO - Setting next_dagrun for example_branch_datetime_operator_3 to 2026-04-11 00:00:00+00:00, run_after=2026-04-12 00:00:00+00:00
[2026-04-12T11:19:12.665+0000] {processor.py:208} INFO - Processing /home/airflow/.local/lib/python3.12/site-packages/airflow/example_dags/example_branch_datetime_operator.py took 0.086 seconds
[2026-04-12T11:19:43.419+0000] {processor.py:186} INFO - Started process (PID=4526) to work on /home/airflow/.local/lib/python3.12/site-packages/airflow/example_dags/example_branch_datetime_operator.py
[2026-04-12T11:19:43.421+0000] {processor.py:914} INFO - Processing file /home/airflow/.local/lib/python3.12/site-packages/airflow/example_dags/example_branch_datetime_operator.py for tasks to queue
[2026-04-12T11:19:43.423+0000] {logging_mixin.py:190} INFO - [2026-04-12T11:19:43.423+0000] {dagbag.py:588} INFO - Filling up the DagBag from /home/airflow/.local/lib/python3.12/site-packages/airflow/example_dags/example_branch_datetime_operator.py
[2026-04-12T11:19:43.433+0000] {processor.py:925} INFO - DAG(s) 'example_branch_datetime_operator_2', 'example_branch_datetime_operator', 'example_branch_datetime_operator_3' retrieved from /home/airflow/.local/lib/python3.12/site-packages/airflow/example_dags/example_branch_datetime_operator.py
[2026-04-12T11:19:43.459+0000] {logging_mixin.py:190} INFO - [2026-04-12T11:19:43.459+0000] {dag.py:3239} INFO - Sync 3 DAGs
[2026-04-12T11:19:43.482+0000] {logging_mixin.py:190} INFO - [2026-04-12T11:19:43.482+0000] {dag.py:4180} INFO - Setting next_dagrun for example_branch_datetime_operator to 2026-04-11 00:00:00+00:00, run_after=2026-04-12 00:00:00+00:00
[2026-04-12T11:19:43.487+0000] {logging_mixin.py:190} INFO - [2026-04-12T11:19:43.486+0000] {dag.py:4180} INFO - Setting next_dagrun for example_branch_datetime_operator_2 to 2026-04-11 00:00:00+00:00, run_after=2026-04-12 00:00:00+00:00
[2026-04-12T11:19:43.490+0000] {logging_mixin.py:190} INFO - [2026-04-12T11:19:43.490+0000] {dag.py:4180} INFO - Setting next_dagrun for example_branch_datetime_operator_3 to 2026-04-11 00:00:00+00:00, run_after=2026-04-12 00:00:00+00:00
[2026-04-12T11:19:43.507+0000] {processor.py:208} INFO - Processing /home/airflow/.local/lib/python3.12/site-packages/airflow/example_dags/example_branch_datetime_operator.py took 0.095 seconds
[2026-04-12T11:20:14.335+0000] {processor.py:186} INFO - Started process (PID=4822) to work on /home/airflow/.local/lib/python3.12/site-packages/airflow/example_dags/example_branch_datetime_operator.py
[2026-04-12T11:20:14.337+0000] {processor.py:914} INFO - Processing file /home/airflow/.local/lib/python3.12/site-packages/airflow/example_dags/example_branch_datetime_operator.py for tasks to queue
[2026-04-12T11:20:14.339+0000] {logging_mixin.py:190} INFO - [2026-04-12T11:20:14.338+0000] {dagbag.py:588} INFO - Filling up the DagBag from /home/airflow/.local/lib/python3.12/site-packages/airflow/example_dags/example_branch_datetime_operator.py
[2026-04-12T11:20:14.348+0000] {processor.py:925} INFO - DAG(s) 'example_branch_datetime_operator', 'example_branch_datetime_operator_3', 'example_branch_datetime_operator_2' retrieved from /home/airflow/.local/lib/python3.12/site-packages/airflow/example_dags/example_branch_datetime_operator.py
[2026-04-12T11:20:14.374+0000] {logging_mixin.py:190} INFO - [2026-04-12T11:20:14.374+0000] {dag.py:3239} INFO - Sync 3 DAGs
[2026-04-12T11:20:14.389+0000] {logging_mixin.py:190} INFO - [2026-04-12T11:20:14.389+0000] {dag.py:4180} INFO - Setting next_dagrun for example_branch_datetime_operator to 2026-04-11 00:00:00+00:00, run_after=2026-04-12 00:00:00+00:00
[2026-04-12T11:20:14.392+0000] {logging_mixin.py:190} INFO - [2026-04-12T11:20:14.392+0000] {dag.py:4180} INFO - Setting next_dagrun for example_branch_datetime_operator_2 to 2026-04-11 00:00:00+00:00, run_after=2026-04-12 00:00:00+00:00
[2026-04-12T11:20:14.394+0000] {logging_mixin.py:190} INFO - [2026-04-12T11:20:14.394+0000] {dag.py:4180} INFO - Setting next_dagrun for example_branch_datetime_operator_3 to 2026-04-11 00:00:00+00:00, run_after=2026-04-12 00:00:00+00:00
[2026-04-12T11:20:14.408+0000] {processor.py:208} INFO - Processing /home/airflow/.local/lib/python3.12/site-packages/airflow/example_dags/example_branch_datetime_operator.py took 0.079 seconds
[2026-04-12T11:20:44.515+0000] {processor.py:186} INFO - Started process (PID=5116) to work on /home/airflow/.local/lib/python3.12/site-packages/airflow/example_dags/example_branch_datetime_operator.py
[2026-04-12T11:20:44.519+0000] {processor.py:914} INFO - Processing file /home/airflow/.local/lib/python3.12/site-packages/airflow/example_dags/example_branch_datetime_operator.py for tasks to queue
[2026-04-12T11:20:44.521+0000] {logging_mixin.py:190} INFO - [2026-04-12T11:20:44.521+0000] {dagbag.py:588} INFO - Filling up the DagBag from /home/airflow/.local/lib/python3.12/site-packages/airflow/example_dags/example_branch_datetime_operator.py
[2026-04-12T11:20:44.538+0000] {processor.py:925} INFO - DAG(s) 'example_branch_datetime_operator_2', 'example_branch_datetime_operator', 'example_branch_datetime_operator_3' retrieved from /home/airflow/.local/lib/python3.12/site-packages/airflow/example_dags/example_branch_datetime_operator.py
[2026-04-12T11:20:44.574+0000] {logging_mixin.py:190} INFO - [2026-04-12T11:20:44.573+0000] {dag.py:3239} INFO - Sync 3 DAGs
[2026-04-12T11:20:44.608+0000] {logging_mixin.py:190} INFO - [2026-04-12T11:20:44.608+0000] {dag.py:4180} INFO - Setting next_dagrun for example_branch_datetime_operator to 2026-04-11 00:00:00+00:00, run_after=2026-04-12 00:00:00+00:00
[2026-04-12T11:20:44.613+0000] {logging_mixin.py:190} INFO - [2026-04-12T11:20:44.613+0000] {dag.py:4180} INFO - Setting next_dagrun for example_branch_datetime_operator_2 to 2026-04-11 00:00:00+00:00, run_after=2026-04-12 00:00:00+00:00
[2026-04-12T11:20:44.615+0000] {logging_mixin.py:190} INFO - [2026-04-12T11:20:44.615+0000] {dag.py:4180} INFO - Setting next_dagrun for example_branch_datetime_operator_3 to 2026-04-11 00:00:00+00:00, run_after=2026-04-12 00:00:00+00:00
[2026-04-12T11:20:44.639+0000] {processor.py:208} INFO - Processing /home/airflow/.local/lib/python3.12/site-packages/airflow/example_dags/example_branch_datetime_operator.py took 0.130 seconds
[2026-04-12T11:21:15.402+0000] {processor.py:186} INFO - Started process (PID=5407) to work on /home/airflow/.local/lib/python3.12/site-packages/airflow/example_dags/example_branch_datetime_operator.py
[2026-04-12T11:21:15.418+0000] {processor.py:914} INFO - Processing file /home/airflow/.local/lib/python3.12/site-packages/airflow/example_dags/example_branch_datetime_operator.py for tasks to queue
[2026-04-12T11:21:15.425+0000] {logging_mixin.py:190} INFO - [2026-04-12T11:21:15.424+0000] {dagbag.py:588} INFO - Filling up the DagBag from /home/airflow/.local/lib/python3.12/site-packages/airflow/example_dags/example_branch_datetime_operator.py
[2026-04-12T11:21:15.442+0000] {processor.py:925} INFO - DAG(s) 'example_branch_datetime_operator_2', 'example_branch_datetime_operator_3', 'example_branch_datetime_operator' retrieved from /home/airflow/.local/lib/python3.12/site-packages/airflow/example_dags/example_branch_datetime_operator.py
[2026-04-12T11:21:15.499+0000] {logging_mixin.py:190} INFO - [2026-04-12T11:21:15.498+0000] {dag.py:3239} INFO - Sync 3 DAGs
[2026-04-12T11:21:15.524+0000] {logging_mixin.py:190} INFO - [2026-04-12T11:21:15.523+0000] {dag.py:4180} INFO - Setting next_dagrun for example_branch_datetime_operator to 2026-04-11 00:00:00+00:00, run_after=2026-04-12 00:00:00+00:00
[2026-04-12T11:21:15.528+0000] {logging_mixin.py:190} INFO - [2026-04-12T11:21:15.528+0000] {dag.py:4180} INFO - Setting next_dagrun for example_branch_datetime_operator_2 to 2026-04-11 00:00:00+00:00, run_after=2026-04-12 00:00:00+00:00
[2026-04-12T11:21:15.530+0000] {logging_mixin.py:190} INFO - [2026-04-12T11:21:15.530+0000] {dag.py:4180} INFO - Setting next_dagrun for example_branch_datetime_operator_3 to 2026-04-11 00:00:00+00:00, run_after=2026-04-12 00:00:00+00:00
[2026-04-12T11:21:15.561+0000] {processor.py:208} INFO - Processing /home/airflow/.local/lib/python3.12/site-packages/airflow/example_dags/example_branch_datetime_operator.py took 0.436 seconds
[2026-04-12T11:21:45.606+0000] {processor.py:186} INFO - Started process (PID=5703) to work on /home/airflow/.local/lib/python3.12/site-packages/airflow/example_dags/example_branch_datetime_operator.py
[2026-04-12T11:21:45.608+0000] {processor.py:914} INFO - Processing file /home/airflow/.local/lib/python3.12/site-packages/airflow/example_dags/example_branch_datetime_operator.py for tasks to queue
[2026-04-12T11:21:45.610+0000] {logging_mixin.py:190} INFO - [2026-04-12T11:21:45.610+0000] {dagbag.py:588} INFO - Filling up the DagBag from /home/airflow/.local/lib/python3.12/site-packages/airflow/example_dags/example_branch_datetime_operator.py
[2026-04-12T11:21:45.620+0000] {processor.py:925} INFO - DAG(s) 'example_branch_datetime_operator_3', 'example_branch_datetime_operator', 'example_branch_datetime_operator_2' retrieved from /home/airflow/.local/lib/python3.12/site-packages/airflow/example_dags/example_branch_datetime_operator.py
[2026-04-12T11:21:45.645+0000] {logging_mixin.py:190} INFO - [2026-04-12T11:21:45.644+0000] {dag.py:3239} INFO - Sync 3 DAGs
[2026-04-12T11:21:45.661+0000] {logging_mixin.py:190} INFO - [2026-04-12T11:21:45.661+0000] {dag.py:4180} INFO - Setting next_dagrun for example_branch_datetime_operator to 2026-04-11 00:00:00+00:00, run_after=2026-04-12 00:00:00+00:00
[2026-04-12T11:21:45.665+0000] {logging_mixin.py:190} INFO - [2026-04-12T11:21:45.665+0000] {dag.py:4180} INFO - Setting next_dagrun for example_branch_datetime_operator_2 to 2026-04-11 00:00:00+00:00, run_after=2026-04-12 00:00:00+00:00
[2026-04-12T11:21:45.667+0000] {logging_mixin.py:190} INFO - [2026-04-12T11:21:45.667+0000] {dag.py:4180} INFO - Setting next_dagrun for example_branch_datetime_operator_3 to 2026-04-11 00:00:00+00:00, run_after=2026-04-12 00:00:00+00:00
[2026-04-12T11:21:45.679+0000] {processor.py:208} INFO - Processing /home/airflow/.local/lib/python3.12/site-packages/airflow/example_dags/example_branch_datetime_operator.py took 0.077 seconds
[2026-04-12T11:22:15.714+0000] {processor.py:186} INFO - Started process (PID=5999) to work on /home/airflow/.local/lib/python3.12/site-packages/airflow/example_dags/example_branch_datetime_operator.py
[2026-04-12T11:22:15.716+0000] {processor.py:914} INFO - Processing file /home/airflow/.local/lib/python3.12/site-packages/airflow/example_dags/example_branch_datetime_operator.py for tasks to queue
[2026-04-12T11:22:15.718+0000] {logging_mixin.py:190} INFO - [2026-04-12T11:22:15.718+0000] {dagbag.py:588} INFO - Filling up the DagBag from /home/airflow/.local/lib/python3.12/site-packages/airflow/example_dags/example_branch_datetime_operator.py
[2026-04-12T11:22:15.727+0000] {processor.py:925} INFO - DAG(s) 'example_branch_datetime_operator', 'example_branch_datetime_operator_3', 'example_branch_datetime_operator_2' retrieved from /home/airflow/.local/lib/python3.12/site-packages/airflow/example_dags/example_branch_datetime_operator.py
[2026-04-12T11:22:15.748+0000] {logging_mixin.py:190} INFO - [2026-04-12T11:22:15.748+0000] {dag.py:3239} INFO - Sync 3 DAGs
[2026-04-12T11:22:15.765+0000] {logging_mixin.py:190} INFO - [2026-04-12T11:22:15.765+0000] {dag.py:4180} INFO - Setting next_dagrun for example_branch_datetime_operator to 2026-04-11 00:00:00+00:00, run_after=2026-04-12 00:00:00+00:00
[2026-04-12T11:22:15.768+0000] {logging_mixin.py:190} INFO - [2026-04-12T11:22:15.768+0000] {dag.py:4180} INFO - Setting next_dagrun for example_branch_datetime_operator_2 to 2026-04-11 00:00:00+00:00, run_after=2026-04-12 00:00:00+00:00
[2026-04-12T11:22:15.772+0000] {logging_mixin.py:190} INFO - [2026-04-12T11:22:15.771+0000] {dag.py:4180} INFO - Setting next_dagrun for example_branch_datetime_operator_3 to 2026-04-11 00:00:00+00:00, run_after=2026-04-12 00:00:00+00:00
[2026-04-12T11:22:15.781+0000] {processor.py:208} INFO - Processing /home/airflow/.local/lib/python3.12/site-packages/airflow/example_dags/example_branch_datetime_operator.py took 0.071 seconds
[2026-04-12T11:22:45.954+0000] {processor.py:186} INFO - Started process (PID=6294) to work on /home/airflow/.local/lib/python3.12/site-packages/airflow/example_dags/example_branch_datetime_operator.py
[2026-04-12T11:22:45.956+0000] {processor.py:914} INFO - Processing file /home/airflow/.local/lib/python3.12/site-packages/airflow/example_dags/example_branch_datetime_operator.py for tasks to queue
[2026-04-12T11:22:45.958+0000] {logging_mixin.py:190} INFO - [2026-04-12T11:22:45.958+0000] {dagbag.py:588} INFO - Filling up the DagBag from /home/airflow/.local/lib/python3.12/site-packages/airflow/example_dags/example_branch_datetime_operator.py
[2026-04-12T11:22:45.966+0000] {processor.py:925} INFO - DAG(s) 'example_branch_datetime_operator_2', 'example_branch_datetime_operator_3', 'example_branch_datetime_operator' retrieved from /home/airflow/.local/lib/python3.12/site-packages/airflow/example_dags/example_branch_datetime_operator.py
[2026-04-12T11:22:45.983+0000] {logging_mixin.py:190} INFO - [2026-04-12T11:22:45.983+0000] {dag.py:3239} INFO - Sync 3 DAGs
[2026-04-12T11:22:45.998+0000] {logging_mixin.py:190} INFO - [2026-04-12T11:22:45.998+0000] {dag.py:4180} INFO - Setting next_dagrun for example_branch_datetime_operator to 2026-04-11 00:00:00+00:00, run_after=2026-04-12 00:00:00+00:00
[2026-04-12T11:22:46.001+0000] {logging_mixin.py:190} INFO - [2026-04-12T11:22:46.001+0000] {dag.py:4180} INFO - Setting next_dagrun for example_branch_datetime_operator_2 to 2026-04-11 00:00:00+00:00, run_after=2026-04-12 00:00:00+00:00
[2026-04-12T11:22:46.003+0000] {logging_mixin.py:190} INFO - [2026-04-12T11:22:46.002+0000] {dag.py:4180} INFO - Setting next_dagrun for example_branch_datetime_operator_3 to 2026-04-11 00:00:00+00:00, run_after=2026-04-12 00:00:00+00:00
[2026-04-12T11:22:46.012+0000] {processor.py:208} INFO - Processing /home/airflow/.local/lib/python3.12/site-packages/airflow/example_dags/example_branch_datetime_operator.py took 0.062 seconds
[2026-04-12T11:23:16.077+0000] {processor.py:186} INFO - Started process (PID=6590) to work on /home/airflow/.local/lib/python3.12/site-packages/airflow/example_dags/example_branch_datetime_operator.py
[2026-04-12T11:23:16.079+0000] {processor.py:914} INFO - Processing file /home/airflow/.local/lib/python3.12/site-packages/airflow/example_dags/example_branch_datetime_operator.py for tasks to queue
[2026-04-12T11:23:16.081+0000] {logging_mixin.py:190} INFO - [2026-04-12T11:23:16.080+0000] {dagbag.py:588} INFO - Filling up the DagBag from /home/airflow/.local/lib/python3.12/site-packages/airflow/example_dags/example_branch_datetime_operator.py
[2026-04-12T11:23:16.089+0000] {processor.py:925} INFO - DAG(s) 'example_branch_datetime_operator_3', 'example_branch_datetime_operator_2', 'example_branch_datetime_operator' retrieved from /home/airflow/.local/lib/python3.12/site-packages/airflow/example_dags/example_branch_datetime_operator.py
[2026-04-12T11:23:16.107+0000] {logging_mixin.py:190} INFO - [2026-04-12T11:23:16.107+0000] {dag.py:3239} INFO - Sync 3 DAGs
[2026-04-12T11:23:16.125+0000] {logging_mixin.py:190} INFO - [2026-04-12T11:23:16.125+0000] {dag.py:4180} INFO - Setting next_dagrun for example_branch_datetime_operator to 2026-04-11 00:00:00+00:00, run_after=2026-04-12 00:00:00+00:00
[2026-04-12T11:23:16.128+0000] {logging_mixin.py:190} INFO - [2026-04-12T11:23:16.128+0000] {dag.py:4180} INFO - Setting next_dagrun for example_branch_datetime_operator_2 to 2026-04-11 00:00:00+00:00, run_after=2026-04-12 00:00:00+00:00
[2026-04-12T11:23:16.129+0000] {logging_mixin.py:190} INFO - [2026-04-12T11:23:16.129+0000] {dag.py:4180} INFO - Setting next_dagrun for example_branch_datetime_operator_3 to 2026-04-11 00:00:00+00:00, run_after=2026-04-12 00:00:00+00:00
[2026-04-12T11:23:16.145+0000] {processor.py:208} INFO - Processing /home/airflow/.local/lib/python3.12/site-packages/airflow/example_dags/example_branch_datetime_operator.py took 0.071 seconds
[2026-04-12T11:23:46.625+0000] {processor.py:186} INFO - Started process (PID=6886) to work on /home/airflow/.local/lib/python3.12/site-packages/airflow/example_dags/example_branch_datetime_operator.py
[2026-04-12T11:23:46.630+0000] {processor.py:914} INFO - Processing file /home/airflow/.local/lib/python3.12/site-packages/airflow/example_dags/example_branch_datetime_operator.py for tasks to queue
[2026-04-12T11:23:46.632+0000] {logging_mixin.py:190} INFO - [2026-04-12T11:23:46.632+0000] {dagbag.py:588} INFO - Filling up the DagBag from /home/airflow/.local/lib/python3.12/site-packages/airflow/example_dags/example_branch_datetime_operator.py
[2026-04-12T11:23:46.640+0000] {processor.py:925} INFO - DAG(s) 'example_branch_datetime_operator_3', 'example_branch_datetime_operator_2', 'example_branch_datetime_operator' retrieved from /home/airflow/.local/lib/python3.12/site-packages/airflow/example_dags/example_branch_datetime_operator.py
[2026-04-12T11:23:46.660+0000] {logging_mixin.py:190} INFO - [2026-04-12T11:23:46.659+0000] {dag.py:3239} INFO - Sync 3 DAGs
[2026-04-12T11:23:46.677+0000] {logging_mixin.py:190} INFO - [2026-04-12T11:23:46.677+0000] {dag.py:4180} INFO - Setting next_dagrun for example_branch_datetime_operator to 2026-04-11 00:00:00+00:00, run_after=2026-04-12 00:00:00+00:00
[2026-04-12T11:23:46.681+0000] {logging_mixin.py:190} INFO - [2026-04-12T11:23:46.680+0000] {dag.py:4180} INFO - Setting next_dagrun for example_branch_datetime_operator_2 to 2026-04-11 00:00:00+00:00, run_after=2026-04-12 00:00:00+00:00
[2026-04-12T11:23:46.682+0000] {logging_mixin.py:190} INFO - [2026-04-12T11:23:46.682+0000] {dag.py:4180} INFO - Setting next_dagrun for example_branch_datetime_operator_3 to 2026-04-11 00:00:00+00:00, run_after=2026-04-12 00:00:00+00:00
[2026-04-12T11:23:46.691+0000] {processor.py:208} INFO - Processing /home/airflow/.local/lib/python3.12/site-packages/airflow/example_dags/example_branch_datetime_operator.py took 0.070 seconds
[2026-04-12T11:24:16.976+0000] {processor.py:186} INFO - Started process (PID=7184) to work on /home/airflow/.local/lib/python3.12/site-packages/airflow/example_dags/example_branch_datetime_operator.py
[2026-04-12T11:24:16.976+0000] {processor.py:914} INFO - Processing file /home/airflow/.local/lib/python3.12/site-packages/airflow/example_dags/example_branch_datetime_operator.py for tasks to queue
[2026-04-12T11:24:16.978+0000] {logging_mixin.py:190} INFO - [2026-04-12T11:24:16.978+0000] {dagbag.py:588} INFO - Filling up the DagBag from /home/airflow/.local/lib/python3.12/site-packages/airflow/example_dags/example_branch_datetime_operator.py
[2026-04-12T11:24:16.985+0000] {processor.py:925} INFO - DAG(s) 'example_branch_datetime_operator_2', 'example_branch_datetime_operator', 'example_branch_datetime_operator_3' retrieved from /home/airflow/.local/lib/python3.12/site-packages/airflow/example_dags/example_branch_datetime_operator.py
[2026-04-12T11:24:17.014+0000] {logging_mixin.py:190} INFO - [2026-04-12T11:24:17.014+0000] {dag.py:3239} INFO - Sync 3 DAGs
[2026-04-12T11:24:17.033+0000] {logging_mixin.py:190} INFO - [2026-04-12T11:24:17.033+0000] {dag.py:4180} INFO - Setting next_dagrun for example_branch_datetime_operator to 2026-04-11 00:00:00+00:00, run_after=2026-04-12 00:00:00+00:00
[2026-04-12T11:24:17.037+0000] {logging_mixin.py:190} INFO - [2026-04-12T11:24:17.037+0000] {dag.py:4180} INFO - Setting next_dagrun for example_branch_datetime_operator_2 to 2026-04-11 00:00:00+00:00, run_after=2026-04-12 00:00:00+00:00
[2026-04-12T11:24:17.039+0000] {logging_mixin.py:190} INFO - [2026-04-12T11:24:17.038+0000] {dag.py:4180} INFO - Setting next_dagrun for example_branch_datetime_operator_3 to 2026-04-11 00:00:00+00:00, run_after=2026-04-12 00:00:00+00:00
[2026-04-12T11:24:17.051+0000] {processor.py:208} INFO - Processing /home/airflow/.local/lib/python3.12/site-packages/airflow/example_dags/example_branch_datetime_operator.py took 0.079 seconds
[2026-04-12T11:24:48.069+0000] {processor.py:186} INFO - Started process (PID=7480) to work on /home/airflow/.local/lib/python3.12/site-packages/airflow/example_dags/example_branch_datetime_operator.py
[2026-04-12T11:24:48.070+0000] {processor.py:914} INFO - Processing file /home/airflow/.local/lib/python3.12/site-packages/airflow/example_dags/example_branch_datetime_operator.py for tasks to queue
[2026-04-12T11:24:48.071+0000] {logging_mixin.py:190} INFO - [2026-04-12T11:24:48.071+0000] {dagbag.py:588} INFO - Filling up the DagBag from /home/airflow/.local/lib/python3.12/site-packages/airflow/example_dags/example_branch_datetime_operator.py
[2026-04-12T11:24:48.078+0000] {processor.py:925} INFO - DAG(s) 'example_branch_datetime_operator_2', 'example_branch_datetime_operator_3', 'example_branch_datetime_operator' retrieved from /home/airflow/.local/lib/python3.12/site-packages/airflow/example_dags/example_branch_datetime_operator.py
[2026-04-12T11:24:48.094+0000] {logging_mixin.py:190} INFO - [2026-04-12T11:24:48.094+0000] {dag.py:3239} INFO - Sync 3 DAGs
[2026-04-12T11:24:48.108+0000] {logging_mixin.py:190} INFO - [2026-04-12T11:24:48.108+0000] {dag.py:4180} INFO - Setting next_dagrun for example_branch_datetime_operator to 2026-04-11 00:00:00+00:00, run_after=2026-04-12 00:00:00+00:00
[2026-04-12T11:24:48.111+0000] {logging_mixin.py:190} INFO - [2026-04-12T11:24:48.111+0000] {dag.py:4180} INFO - Setting next_dagrun for example_branch_datetime_operator_2 to 2026-04-11 00:00:00+00:00, run_after=2026-04-12 00:00:00+00:00
[2026-04-12T11:24:48.113+0000] {logging_mixin.py:190} INFO - [2026-04-12T11:24:48.112+0000] {dag.py:4180} INFO - Setting next_dagrun for example_branch_datetime_operator_3 to 2026-04-11 00:00:00+00:00, run_after=2026-04-12 00:00:00+00:00
[2026-04-12T11:24:48.121+0000] {processor.py:208} INFO - Processing /home/airflow/.local/lib/python3.12/site-packages/airflow/example_dags/example_branch_datetime_operator.py took 0.056 seconds
[2026-04-12T11:25:18.273+0000] {processor.py:186} INFO - Started process (PID=7776) to work on /home/airflow/.local/lib/python3.12/site-packages/airflow/example_dags/example_branch_datetime_operator.py
[2026-04-12T11:25:18.273+0000] {processor.py:914} INFO - Processing file /home/airflow/.local/lib/python3.12/site-packages/airflow/example_dags/example_branch_datetime_operator.py for tasks to queue
[2026-04-12T11:25:18.275+0000] {logging_mixin.py:190} INFO - [2026-04-12T11:25:18.275+0000] {dagbag.py:588} INFO - Filling up the DagBag from /home/airflow/.local/lib/python3.12/site-packages/airflow/example_dags/example_branch_datetime_operator.py
[2026-04-12T11:25:18.283+0000] {processor.py:925} INFO - DAG(s) 'example_branch_datetime_operator_3', 'example_branch_datetime_operator_2', 'example_branch_datetime_operator' retrieved from /home/airflow/.local/lib/python3.12/site-packages/airflow/example_dags/example_branch_datetime_operator.py
[2026-04-12T11:25:18.310+0000] {logging_mixin.py:190} INFO - [2026-04-12T11:25:18.310+0000] {dag.py:3239} INFO - Sync 3 DAGs
[2026-04-12T11:25:18.327+0000] {logging_mixin.py:190} INFO - [2026-04-12T11:25:18.327+0000] {dag.py:4180} INFO - Setting next_dagrun for example_branch_datetime_operator to 2026-04-11 00:00:00+00:00, run_after=2026-04-12 00:00:00+00:00
[2026-04-12T11:25:18.331+0000] {logging_mixin.py:190} INFO - [2026-04-12T11:25:18.331+0000] {dag.py:4180} INFO - Setting next_dagrun for example_branch_datetime_operator_2 to 2026-04-11 00:00:00+00:00, run_after=2026-04-12 00:00:00+00:00
[2026-04-12T11:25:18.333+0000] {logging_mixin.py:190} INFO - [2026-04-12T11:25:18.333+0000] {dag.py:4180} INFO - Setting next_dagrun for example_branch_datetime_operator_3 to 2026-04-11 00:00:00+00:00, run_after=2026-04-12 00:00:00+00:00
[2026-04-12T11:25:18.347+0000] {processor.py:208} INFO - Processing /home/airflow/.local/lib/python3.12/site-packages/airflow/example_dags/example_branch_datetime_operator.py took 0.078 seconds
[2026-04-12T11:25:48.442+0000] {processor.py:186} INFO - Started process (PID=8070) to work on /home/airflow/.local/lib/python3.12/site-packages/airflow/example_dags/example_branch_datetime_operator.py
[2026-04-12T11:25:48.443+0000] {processor.py:914} INFO - Processing file /home/airflow/.local/lib/python3.12/site-packages/airflow/example_dags/example_branch_datetime_operator.py for tasks to queue
[2026-04-12T11:25:48.446+0000] {logging_mixin.py:190} INFO - [2026-04-12T11:25:48.445+0000] {dagbag.py:588} INFO - Filling up the DagBag from /home/airflow/.local/lib/python3.12/site-packages/airflow/example_dags/example_branch_datetime_operator.py
[2026-04-12T11:25:48.454+0000] {processor.py:925} INFO - DAG(s) 'example_branch_datetime_operator', 'example_branch_datetime_operator_3', 'example_branch_datetime_operator_2' retrieved from /home/airflow/.local/lib/python3.12/site-packages/airflow/example_dags/example_branch_datetime_operator.py
[2026-04-12T11:25:48.474+0000] {logging_mixin.py:190} INFO - [2026-04-12T11:25:48.474+0000] {dag.py:3239} INFO - Sync 3 DAGs
[2026-04-12T11:25:48.489+0000] {logging_mixin.py:190} INFO - [2026-04-12T11:25:48.489+0000] {dag.py:4180} INFO - Setting next_dagrun for example_branch_datetime_operator to 2026-04-11 00:00:00+00:00, run_after=2026-04-12 00:00:00+00:00
[2026-04-12T11:25:48.493+0000] {logging_mixin.py:190} INFO - [2026-04-12T11:25:48.493+0000] {dag.py:4180} INFO - Setting next_dagrun for example_branch_datetime_operator_2 to 2026-04-11 00:00:00+00:00, run_after=2026-04-12 00:00:00+00:00
[2026-04-12T11:25:48.495+0000] {logging_mixin.py:190} INFO - [2026-04-12T11:25:48.495+0000] {dag.py:4180} INFO - Setting next_dagrun for example_branch_datetime_operator_3 to 2026-04-11 00:00:00+00:00, run_after=2026-04-12 00:00:00+00:00
[2026-04-12T11:25:48.509+0000] {processor.py:208} INFO - Processing /home/airflow/.local/lib/python3.12/site-packages/airflow/example_dags/example_branch_datetime_operator.py took 0.070 seconds
[2026-04-12T11:27:10.018+0000] {processor.py:186} INFO - Started process (PID=8242) to work on /home/airflow/.local/lib/python3.12/site-packages/airflow/example_dags/example_branch_datetime_operator.py
[2026-04-12T11:27:10.019+0000] {processor.py:914} INFO - Processing file /home/airflow/.local/lib/python3.12/site-packages/airflow/example_dags/example_branch_datetime_operator.py for tasks to queue
[2026-04-12T11:27:10.020+0000] {logging_mixin.py:190} INFO - [2026-04-12T11:27:10.020+0000] {dagbag.py:588} INFO - Filling up the DagBag from /home/airflow/.local/lib/python3.12/site-packages/airflow/example_dags/example_branch_datetime_operator.py
[2026-04-12T11:27:10.027+0000] {processor.py:925} INFO - DAG(s) 'example_branch_datetime_operator_3', 'example_branch_datetime_operator_2', 'example_branch_datetime_operator' retrieved from /home/airflow/.local/lib/python3.12/site-packages/airflow/example_dags/example_branch_datetime_operator.py
[2026-04-12T11:27:10.043+0000] {logging_mixin.py:190} INFO - [2026-04-12T11:27:10.043+0000] {dag.py:3239} INFO - Sync 3 DAGs
[2026-04-12T11:27:10.058+0000] {logging_mixin.py:190} INFO - [2026-04-12T11:27:10.058+0000] {dag.py:4180} INFO - Setting next_dagrun for example_branch_datetime_operator to 2026-04-11 00:00:00+00:00, run_after=2026-04-12 00:00:00+00:00
[2026-04-12T11:27:10.060+0000] {logging_mixin.py:190} INFO - [2026-04-12T11:27:10.060+0000] {dag.py:4180} INFO - Setting next_dagrun for example_branch_datetime_operator_2 to 2026-04-11 00:00:00+00:00, run_after=2026-04-12 00:00:00+00:00
[2026-04-12T11:27:10.062+0000] {logging_mixin.py:190} INFO - [2026-04-12T11:27:10.062+0000] {dag.py:4180} INFO - Setting next_dagrun for example_branch_datetime_operator_3 to 2026-04-11 00:00:00+00:00, run_after=2026-04-12 00:00:00+00:00
[2026-04-12T11:27:10.071+0000] {processor.py:208} INFO - Processing /home/airflow/.local/lib/python3.12/site-packages/airflow/example_dags/example_branch_datetime_operator.py took 0.057 seconds
[2026-04-12T11:29:46.175+0000] {processor.py:186} INFO - Started process (PID=8538) to work on /home/airflow/.local/lib/python3.12/site-packages/airflow/example_dags/example_branch_datetime_operator.py
[2026-04-12T11:29:46.176+0000] {processor.py:914} INFO - Processing file /home/airflow/.local/lib/python3.12/site-packages/airflow/example_dags/example_branch_datetime_operator.py for tasks to queue
[2026-04-12T11:29:46.178+0000] {logging_mixin.py:190} INFO - [2026-04-12T11:29:46.177+0000] {dagbag.py:588} INFO - Filling up the DagBag from /home/airflow/.local/lib/python3.12/site-packages/airflow/example_dags/example_branch_datetime_operator.py
[2026-04-12T11:29:46.195+0000] {processor.py:925} INFO - DAG(s) 'example_branch_datetime_operator_3', 'example_branch_datetime_operator_2', 'example_branch_datetime_operator' retrieved from /home/airflow/.local/lib/python3.12/site-packages/airflow/example_dags/example_branch_datetime_operator.py
[2026-04-12T11:29:46.221+0000] {logging_mixin.py:190} INFO - [2026-04-12T11:29:46.221+0000] {dag.py:3239} INFO - Sync 3 DAGs
[2026-04-12T11:29:46.239+0000] {logging_mixin.py:190} INFO - [2026-04-12T11:29:46.239+0000] {dag.py:4180} INFO - Setting next_dagrun for example_branch_datetime_operator to 2026-04-11 00:00:00+00:00, run_after=2026-04-12 00:00:00+00:00
[2026-04-12T11:29:46.244+0000] {logging_mixin.py:190} INFO - [2026-04-12T11:29:46.244+0000] {dag.py:4180} INFO - Setting next_dagrun for example_branch_datetime_operator_2 to 2026-04-11 00:00:00+00:00, run_after=2026-04-12 00:00:00+00:00
[2026-04-12T11:29:46.247+0000] {logging_mixin.py:190} INFO - [2026-04-12T11:29:46.247+0000] {dag.py:4180} INFO - Setting next_dagrun for example_branch_datetime_operator_3 to 2026-04-11 00:00:00+00:00, run_after=2026-04-12 00:00:00+00:00
[2026-04-12T11:29:46.263+0000] {processor.py:208} INFO - Processing /home/airflow/.local/lib/python3.12/site-packages/airflow/example_dags/example_branch_datetime_operator.py took 0.093 seconds
[2026-04-12T11:30:16.410+0000] {processor.py:186} INFO - Started process (PID=8832) to work on /home/airflow/.local/lib/python3.12/site-packages/airflow/example_dags/example_branch_datetime_operator.py
[2026-04-12T11:30:16.411+0000] {processor.py:914} INFO - Processing file /home/airflow/.local/lib/python3.12/site-packages/airflow/example_dags/example_branch_datetime_operator.py for tasks to queue
[2026-04-12T11:30:16.413+0000] {logging_mixin.py:190} INFO - [2026-04-12T11:30:16.413+0000] {dagbag.py:588} INFO - Filling up the DagBag from /home/airflow/.local/lib/python3.12/site-packages/airflow/example_dags/example_branch_datetime_operator.py
[2026-04-12T11:30:16.423+0000] {processor.py:925} INFO - DAG(s) 'example_branch_datetime_operator', 'example_branch_datetime_operator_3', 'example_branch_datetime_operator_2' retrieved from /home/airflow/.local/lib/python3.12/site-packages/airflow/example_dags/example_branch_datetime_operator.py
[2026-04-12T11:30:16.458+0000] {logging_mixin.py:190} INFO - [2026-04-12T11:30:16.457+0000] {dag.py:3239} INFO - Sync 3 DAGs
[2026-04-12T11:30:16.482+0000] {logging_mixin.py:190} INFO - [2026-04-12T11:30:16.482+0000] {dag.py:4180} INFO - Setting next_dagrun for example_branch_datetime_operator to 2026-04-11 00:00:00+00:00, run_after=2026-04-12 00:00:00+00:00
[2026-04-12T11:30:16.486+0000] {logging_mixin.py:190} INFO - [2026-04-12T11:30:16.485+0000] {dag.py:4180} INFO - Setting next_dagrun for example_branch_datetime_operator_2 to 2026-04-11 00:00:00+00:00, run_after=2026-04-12 00:00:00+00:00
[2026-04-12T11:30:16.487+0000] {logging_mixin.py:190} INFO - [2026-04-12T11:30:16.487+0000] {dag.py:4180} INFO - Setting next_dagrun for example_branch_datetime_operator_3 to 2026-04-11 00:00:00+00:00, run_after=2026-04-12 00:00:00+00:00
[2026-04-12T11:30:16.503+0000] {processor.py:208} INFO - Processing /home/airflow/.local/lib/python3.12/site-packages/airflow/example_dags/example_branch_datetime_operator.py took 0.098 seconds
[2026-04-12T11:30:46.880+0000] {processor.py:186} INFO - Started process (PID=9130) to work on /home/airflow/.local/lib/python3.12/site-packages/airflow/example_dags/example_branch_datetime_operator.py
[2026-04-12T11:30:46.881+0000] {processor.py:914} INFO - Processing file /home/airflow/.local/lib/python3.12/site-packages/airflow/example_dags/example_branch_datetime_operator.py for tasks to queue
[2026-04-12T11:30:46.883+0000] {logging_mixin.py:190} INFO - [2026-04-12T11:30:46.883+0000] {dagbag.py:588} INFO - Filling up the DagBag from /home/airflow/.local/lib/python3.12/site-packages/airflow/example_dags/example_branch_datetime_operator.py
[2026-04-12T11:30:46.891+0000] {processor.py:925} INFO - DAG(s) 'example_branch_datetime_operator_3', 'example_branch_datetime_operator', 'example_branch_datetime_operator_2' retrieved from /home/airflow/.local/lib/python3.12/site-packages/airflow/example_dags/example_branch_datetime_operator.py
[2026-04-12T11:30:46.919+0000] {logging_mixin.py:190} INFO - [2026-04-12T11:30:46.918+0000] {dag.py:3239} INFO - Sync 3 DAGs
[2026-04-12T11:30:46.935+0000] {logging_mixin.py:190} INFO - [2026-04-12T11:30:46.935+0000] {dag.py:4180} INFO - Setting next_dagrun for example_branch_datetime_operator to 2026-04-11 00:00:00+00:00, run_after=2026-04-12 00:00:00+00:00
[2026-04-12T11:30:46.939+0000] {logging_mixin.py:190} INFO - [2026-04-12T11:30:46.939+0000] {dag.py:4180} INFO - Setting next_dagrun for example_branch_datetime_operator_2 to 2026-04-11 00:00:00+00:00, run_after=2026-04-12 00:00:00+00:00
[2026-04-12T11:30:46.942+0000] {logging_mixin.py:190} INFO - [2026-04-12T11:30:46.942+0000] {dag.py:4180} INFO - Setting next_dagrun for example_branch_datetime_operator_3 to 2026-04-11 00:00:00+00:00, run_after=2026-04-12 00:00:00+00:00
[2026-04-12T11:30:46.956+0000] {processor.py:208} INFO - Processing /home/airflow/.local/lib/python3.12/site-packages/airflow/example_dags/example_branch_datetime_operator.py took 0.079 seconds
[2026-04-12T11:31:17.017+0000] {processor.py:186} INFO - Started process (PID=9425) to work on /home/airflow/.local/lib/python3.12/site-packages/airflow/example_dags/example_branch_datetime_operator.py
[2026-04-12T11:31:17.018+0000] {processor.py:914} INFO - Processing file /home/airflow/.local/lib/python3.12/site-packages/airflow/example_dags/example_branch_datetime_operator.py for tasks to queue
[2026-04-12T11:31:17.019+0000] {logging_mixin.py:190} INFO - [2026-04-12T11:31:17.019+0000] {dagbag.py:588} INFO - Filling up the DagBag from /home/airflow/.local/lib/python3.12/site-packages/airflow/example_dags/example_branch_datetime_operator.py
[2026-04-12T11:31:17.027+0000] {processor.py:925} INFO - DAG(s) 'example_branch_datetime_operator_2', 'example_branch_datetime_operator', 'example_branch_datetime_operator_3' retrieved from /home/airflow/.local/lib/python3.12/site-packages/airflow/example_dags/example_branch_datetime_operator.py
[2026-04-12T11:31:17.043+0000] {logging_mixin.py:190} INFO - [2026-04-12T11:31:17.043+0000] {dag.py:3239} INFO - Sync 3 DAGs
[2026-04-12T11:31:17.057+0000] {logging_mixin.py:190} INFO - [2026-04-12T11:31:17.057+0000] {dag.py:4180} INFO - Setting next_dagrun for example_branch_datetime_operator to 2026-04-11 00:00:00+00:00, run_after=2026-04-12 00:00:00+00:00
[2026-04-12T11:31:17.060+0000] {logging_mixin.py:190} INFO - [2026-04-12T11:31:17.060+0000] {dag.py:4180} INFO - Setting next_dagrun for example_branch_datetime_operator_2 to 2026-04-11 00:00:00+00:00, run_after=2026-04-12 00:00:00+00:00
[2026-04-12T11:31:17.062+0000] {logging_mixin.py:190} INFO - [2026-04-12T11:31:17.061+0000] {dag.py:4180} INFO - Setting next_dagrun for example_branch_datetime_operator_3 to 2026-04-11 00:00:00+00:00, run_after=2026-04-12 00:00:00+00:00
[2026-04-12T11:31:17.070+0000] {processor.py:208} INFO - Processing /home/airflow/.local/lib/python3.12/site-packages/airflow/example_dags/example_branch_datetime_operator.py took 0.058 seconds
[2026-04-12T11:31:47.406+0000] {processor.py:186} INFO - Started process (PID=9719) to work on /home/airflow/.local/lib/python3.12/site-packages/airflow/example_dags/example_branch_datetime_operator.py
[2026-04-12T11:31:47.407+0000] {processor.py:914} INFO - Processing file /home/airflow/.local/lib/python3.12/site-packages/airflow/example_dags/example_branch_datetime_operator.py for tasks to queue
[2026-04-12T11:31:47.408+0000] {logging_mixin.py:190} INFO - [2026-04-12T11:31:47.408+0000] {dagbag.py:588} INFO - Filling up the DagBag from /home/airflow/.local/lib/python3.12/site-packages/airflow/example_dags/example_branch_datetime_operator.py
[2026-04-12T11:31:47.416+0000] {processor.py:925} INFO - DAG(s) 'example_branch_datetime_operator_3', 'example_branch_datetime_operator', 'example_branch_datetime_operator_2' retrieved from /home/airflow/.local/lib/python3.12/site-packages/airflow/example_dags/example_branch_datetime_operator.py
[2026-04-12T11:31:47.433+0000] {logging_mixin.py:190} INFO - [2026-04-12T11:31:47.433+0000] {dag.py:3239} INFO - Sync 3 DAGs
[2026-04-12T11:31:47.451+0000] {logging_mixin.py:190} INFO - [2026-04-12T11:31:47.451+0000] {dag.py:4180} INFO - Setting next_dagrun for example_branch_datetime_operator to 2026-04-11 00:00:00+00:00, run_after=2026-04-12 00:00:00+00:00
[2026-04-12T11:31:47.458+0000] {logging_mixin.py:190} INFO - [2026-04-12T11:31:47.458+0000] {dag.py:4180} INFO - Setting next_dagrun for example_branch_datetime_operator_2 to 2026-04-11 00:00:00+00:00, run_after=2026-04-12 00:00:00+00:00
[2026-04-12T11:31:47.459+0000] {logging_mixin.py:190} INFO - [2026-04-12T11:31:47.459+0000] {dag.py:4180} INFO - Setting next_dagrun for example_branch_datetime_operator_3 to 2026-04-11 00:00:00+00:00, run_after=2026-04-12 00:00:00+00:00
[2026-04-12T11:31:47.475+0000] {processor.py:208} INFO - Processing /home/airflow/.local/lib/python3.12/site-packages/airflow/example_dags/example_branch_datetime_operator.py took 0.073 seconds
[2026-04-12T11:32:18.679+0000] {processor.py:186} INFO - Started process (PID=10017) to work on /home/airflow/.local/lib/python3.12/site-packages/airflow/example_dags/example_branch_datetime_operator.py
[2026-04-12T11:32:18.680+0000] {processor.py:914} INFO - Processing file /home/airflow/.local/lib/python3.12/site-packages/airflow/example_dags/example_branch_datetime_operator.py for tasks to queue
[2026-04-12T11:32:18.681+0000] {logging_mixin.py:190} INFO - [2026-04-12T11:32:18.681+0000] {dagbag.py:588} INFO - Filling up the DagBag from /home/airflow/.local/lib/python3.12/site-packages/airflow/example_dags/example_branch_datetime_operator.py
[2026-04-12T11:32:18.689+0000] {processor.py:925} INFO - DAG(s) 'example_branch_datetime_operator', 'example_branch_datetime_operator_3', 'example_branch_datetime_operator_2' retrieved from /home/airflow/.local/lib/python3.12/site-packages/airflow/example_dags/example_branch_datetime_operator.py
[2026-04-12T11:32:18.706+0000] {logging_mixin.py:190} INFO - [2026-04-12T11:32:18.706+0000] {dag.py:3239} INFO - Sync 3 DAGs
[2026-04-12T11:32:18.722+0000] {logging_mixin.py:190} INFO - [2026-04-12T11:32:18.722+0000] {dag.py:4180} INFO - Setting next_dagrun for example_branch_datetime_operator to 2026-04-11 00:00:00+00:00, run_after=2026-04-12 00:00:00+00:00
[2026-04-12T11:32:18.725+0000] {logging_mixin.py:190} INFO - [2026-04-12T11:32:18.725+0000] {dag.py:4180} INFO - Setting next_dagrun for example_branch_datetime_operator_2 to 2026-04-11 00:00:00+00:00, run_after=2026-04-12 00:00:00+00:00
[2026-04-12T11:32:18.726+0000] {logging_mixin.py:190} INFO - [2026-04-12T11:32:18.726+0000] {dag.py:4180} INFO - Setting next_dagrun for example_branch_datetime_operator_3 to 2026-04-11 00:00:00+00:00, run_after=2026-04-12 00:00:00+00:00
[2026-04-12T11:32:18.736+0000] {processor.py:208} INFO - Processing /home/airflow/.local/lib/python3.12/site-packages/airflow/example_dags/example_branch_datetime_operator.py took 0.061 seconds
[2026-04-12T11:32:49.584+0000] {processor.py:186} INFO - Started process (PID=10311) to work on /home/airflow/.local/lib/python3.12/site-packages/airflow/example_dags/example_branch_datetime_operator.py
[2026-04-12T11:32:49.585+0000] {processor.py:914} INFO - Processing file /home/airflow/.local/lib/python3.12/site-packages/airflow/example_dags/example_branch_datetime_operator.py for tasks to queue
[2026-04-12T11:32:49.587+0000] {logging_mixin.py:190} INFO - [2026-04-12T11:32:49.586+0000] {dagbag.py:588} INFO - Filling up the DagBag from /home/airflow/.local/lib/python3.12/site-packages/airflow/example_dags/example_branch_datetime_operator.py
[2026-04-12T11:32:49.594+0000] {processor.py:925} INFO - DAG(s) 'example_branch_datetime_operator_2', 'example_branch_datetime_operator_3', 'example_branch_datetime_operator' retrieved from /home/airflow/.local/lib/python3.12/site-packages/airflow/example_dags/example_branch_datetime_operator.py
[2026-04-12T11:32:49.612+0000] {logging_mixin.py:190} INFO - [2026-04-12T11:32:49.612+0000] {dag.py:3239} INFO - Sync 3 DAGs
[2026-04-12T11:32:49.630+0000] {logging_mixin.py:190} INFO - [2026-04-12T11:32:49.629+0000] {dag.py:4180} INFO - Setting next_dagrun for example_branch_datetime_operator to 2026-04-11 00:00:00+00:00, run_after=2026-04-12 00:00:00+00:00
[2026-04-12T11:32:49.634+0000] {logging_mixin.py:190} INFO - [2026-04-12T11:32:49.634+0000] {dag.py:4180} INFO - Setting next_dagrun for example_branch_datetime_operator_2 to 2026-04-11 00:00:00+00:00, run_after=2026-04-12 00:00:00+00:00
[2026-04-12T11:32:49.635+0000] {logging_mixin.py:190} INFO - [2026-04-12T11:32:49.635+0000] {dag.py:4180} INFO - Setting next_dagrun for example_branch_datetime_operator_3 to 2026-04-11 00:00:00+00:00, run_after=2026-04-12 00:00:00+00:00
[2026-04-12T11:32:49.649+0000] {processor.py:208} INFO - Processing /home/airflow/.local/lib/python3.12/site-packages/airflow/example_dags/example_branch_datetime_operator.py took 0.070 seconds
[2026-04-12T11:33:20.579+0000] {processor.py:186} INFO - Started process (PID=10607) to work on /home/airflow/.local/lib/python3.12/site-packages/airflow/example_dags/example_branch_datetime_operator.py
[2026-04-12T11:33:20.579+0000] {processor.py:914} INFO - Processing file /home/airflow/.local/lib/python3.12/site-packages/airflow/example_dags/example_branch_datetime_operator.py for tasks to queue
[2026-04-12T11:33:20.581+0000] {logging_mixin.py:190} INFO - [2026-04-12T11:33:20.581+0000] {dagbag.py:588} INFO - Filling up the DagBag from /home/airflow/.local/lib/python3.12/site-packages/airflow/example_dags/example_branch_datetime_operator.py
[2026-04-12T11:33:20.589+0000] {processor.py:925} INFO - DAG(s) 'example_branch_datetime_operator', 'example_branch_datetime_operator_2', 'example_branch_datetime_operator_3' retrieved from /home/airflow/.local/lib/python3.12/site-packages/airflow/example_dags/example_branch_datetime_operator.py
[2026-04-12T11:33:20.609+0000] {logging_mixin.py:190} INFO - [2026-04-12T11:33:20.609+0000] {dag.py:3239} INFO - Sync 3 DAGs
[2026-04-12T11:33:20.630+0000] {logging_mixin.py:190} INFO - [2026-04-12T11:33:20.630+0000] {dag.py:4180} INFO - Setting next_dagrun for example_branch_datetime_operator to 2026-04-11 00:00:00+00:00, run_after=2026-04-12 00:00:00+00:00
[2026-04-12T11:33:20.633+0000] {logging_mixin.py:190} INFO - [2026-04-12T11:33:20.633+0000] {dag.py:4180} INFO - Setting next_dagrun for example_branch_datetime_operator_2 to 2026-04-11 00:00:00+00:00, run_after=2026-04-12 00:00:00+00:00
[2026-04-12T11:33:20.634+0000] {logging_mixin.py:190} INFO - [2026-04-12T11:33:20.634+0000] {dag.py:4180} INFO - Setting next_dagrun for example_branch_datetime_operator_3 to 2026-04-11 00:00:00+00:00, run_after=2026-04-12 00:00:00+00:00
[2026-04-12T11:33:20.649+0000] {processor.py:208} INFO - Processing /home/airflow/.local/lib/python3.12/site-packages/airflow/example_dags/example_branch_datetime_operator.py took 0.074 seconds
[2026-04-12T11:33:51.651+0000] {processor.py:186} INFO - Started process (PID=10902) to work on /home/airflow/.local/lib/python3.12/site-packages/airflow/example_dags/example_branch_datetime_operator.py
[2026-04-12T11:33:51.652+0000] {processor.py:914} INFO - Processing file /home/airflow/.local/lib/python3.12/site-packages/airflow/example_dags/example_branch_datetime_operator.py for tasks to queue
[2026-04-12T11:33:51.654+0000] {logging_mixin.py:190} INFO - [2026-04-12T11:33:51.654+0000] {dagbag.py:588} INFO - Filling up the DagBag from /home/airflow/.local/lib/python3.12/site-packages/airflow/example_dags/example_branch_datetime_operator.py
[2026-04-12T11:33:51.669+0000] {processor.py:925} INFO - DAG(s) 'example_branch_datetime_operator_3', 'example_branch_datetime_operator_2', 'example_branch_datetime_operator' retrieved from /home/airflow/.local/lib/python3.12/site-packages/airflow/example_dags/example_branch_datetime_operator.py
[2026-04-12T11:33:51.690+0000] {logging_mixin.py:190} INFO - [2026-04-12T11:33:51.690+0000] {dag.py:3239} INFO - Sync 3 DAGs
[2026-04-12T11:33:51.707+0000] {logging_mixin.py:190} INFO - [2026-04-12T11:33:51.707+0000] {dag.py:4180} INFO - Setting next_dagrun for example_branch_datetime_operator to 2026-04-11 00:00:00+00:00, run_after=2026-04-12 00:00:00+00:00
[2026-04-12T11:33:51.711+0000] {logging_mixin.py:190} INFO - [2026-04-12T11:33:51.711+0000] {dag.py:4180} INFO - Setting next_dagrun for example_branch_datetime_operator_2 to 2026-04-11 00:00:00+00:00, run_after=2026-04-12 00:00:00+00:00
[2026-04-12T11:33:51.712+0000] {logging_mixin.py:190} INFO - [2026-04-12T11:33:51.712+0000] {dag.py:4180} INFO - Setting next_dagrun for example_branch_datetime_operator_3 to 2026-04-11 00:00:00+00:00, run_after=2026-04-12 00:00:00+00:00
[2026-04-12T11:33:51.723+0000] {processor.py:208} INFO - Processing /home/airflow/.local/lib/python3.12/site-packages/airflow/example_dags/example_branch_datetime_operator.py took 0.076 seconds
[2026-04-12T11:34:22.525+0000] {processor.py:186} INFO - Started process (PID=11198) to work on /home/airflow/.local/lib/python3.12/site-packages/airflow/example_dags/example_branch_datetime_operator.py
[2026-04-12T11:34:22.528+0000] {processor.py:914} INFO - Processing file /home/airflow/.local/lib/python3.12/site-packages/airflow/example_dags/example_branch_datetime_operator.py for tasks to queue
[2026-04-12T11:34:22.530+0000] {logging_mixin.py:190} INFO - [2026-04-12T11:34:22.530+0000] {dagbag.py:588} INFO - Filling up the DagBag from /home/airflow/.local/lib/python3.12/site-packages/airflow/example_dags/example_branch_datetime_operator.py
[2026-04-12T11:34:22.539+0000] {processor.py:925} INFO - DAG(s) 'example_branch_datetime_operator', 'example_branch_datetime_operator_3', 'example_branch_datetime_operator_2' retrieved from /home/airflow/.local/lib/python3.12/site-packages/airflow/example_dags/example_branch_datetime_operator.py
[2026-04-12T11:34:22.562+0000] {logging_mixin.py:190} INFO - [2026-04-12T11:34:22.562+0000] {dag.py:3239} INFO - Sync 3 DAGs
[2026-04-12T11:34:22.584+0000] {logging_mixin.py:190} INFO - [2026-04-12T11:34:22.583+0000] {dag.py:4180} INFO - Setting next_dagrun for example_branch_datetime_operator to 2026-04-11 00:00:00+00:00, run_after=2026-04-12 00:00:00+00:00
[2026-04-12T11:34:22.588+0000] {logging_mixin.py:190} INFO - [2026-04-12T11:34:22.588+0000] {dag.py:4180} INFO - Setting next_dagrun for example_branch_datetime_operator_2 to 2026-04-11 00:00:00+00:00, run_after=2026-04-12 00:00:00+00:00
[2026-04-12T11:34:22.590+0000] {logging_mixin.py:190} INFO - [2026-04-12T11:34:22.590+0000] {dag.py:4180} INFO - Setting next_dagrun for example_branch_datetime_operator_3 to 2026-04-11 00:00:00+00:00, run_after=2026-04-12 00:00:00+00:00
[2026-04-12T11:34:22.603+0000] {processor.py:208} INFO - Processing /home/airflow/.local/lib/python3.12/site-packages/airflow/example_dags/example_branch_datetime_operator.py took 0.083 seconds
[2026-04-12T11:34:53.354+0000] {processor.py:186} INFO - Started process (PID=11494) to work on /home/airflow/.local/lib/python3.12/site-packages/airflow/example_dags/example_branch_datetime_operator.py
[2026-04-12T11:34:53.357+0000] {processor.py:914} INFO - Processing file /home/airflow/.local/lib/python3.12/site-packages/airflow/example_dags/example_branch_datetime_operator.py for tasks to queue
[2026-04-12T11:34:53.358+0000] {logging_mixin.py:190} INFO - [2026-04-12T11:34:53.358+0000] {dagbag.py:588} INFO - Filling up the DagBag from /home/airflow/.local/lib/python3.12/site-packages/airflow/example_dags/example_branch_datetime_operator.py
[2026-04-12T11:34:53.365+0000] {processor.py:925} INFO - DAG(s) 'example_branch_datetime_operator_3', 'example_branch_datetime_operator', 'example_branch_datetime_operator_2' retrieved from /home/airflow/.local/lib/python3.12/site-packages/airflow/example_dags/example_branch_datetime_operator.py
[2026-04-12T11:34:53.384+0000] {logging_mixin.py:190} INFO - [2026-04-12T11:34:53.384+0000] {dag.py:3239} INFO - Sync 3 DAGs
[2026-04-12T11:34:53.401+0000] {logging_mixin.py:190} INFO - [2026-04-12T11:34:53.401+0000] {dag.py:4180} INFO - Setting next_dagrun for example_branch_datetime_operator to 2026-04-11 00:00:00+00:00, run_after=2026-04-12 00:00:00+00:00
[2026-04-12T11:34:53.404+0000] {logging_mixin.py:190} INFO - [2026-04-12T11:34:53.404+0000] {dag.py:4180} INFO - Setting next_dagrun for example_branch_datetime_operator_2 to 2026-04-11 00:00:00+00:00, run_after=2026-04-12 00:00:00+00:00
[2026-04-12T11:34:53.406+0000] {logging_mixin.py:190} INFO - [2026-04-12T11:34:53.406+0000] {dag.py:4180} INFO - Setting next_dagrun for example_branch_datetime_operator_3 to 2026-04-11 00:00:00+00:00, run_after=2026-04-12 00:00:00+00:00
[2026-04-12T11:34:53.415+0000] {processor.py:208} INFO - Processing /home/airflow/.local/lib/python3.12/site-packages/airflow/example_dags/example_branch_datetime_operator.py took 0.065 seconds
