[2026-04-12T11:12:31.959+0000] {processor.py:186} INFO - Started process (PID=311) to work on /home/airflow/.local/lib/python3.12/site-packages/airflow/example_dags/example_nested_branch_dag.py
[2026-04-12T11:12:31.960+0000] {processor.py:914} INFO - Processing file /home/airflow/.local/lib/python3.12/site-packages/airflow/example_dags/example_nested_branch_dag.py for tasks to queue
[2026-04-12T11:12:31.962+0000] {logging_mixin.py:190} INFO - [2026-04-12T11:12:31.961+0000] {dagbag.py:588} INFO - Filling up the DagBag from /home/airflow/.local/lib/python3.12/site-packages/airflow/example_dags/example_nested_branch_dag.py
[2026-04-12T11:12:31.979+0000] {processor.py:925} INFO - DAG(s) 'example_nested_branch_dag' retrieved from /home/airflow/.local/lib/python3.12/site-packages/airflow/example_dags/example_nested_branch_dag.py
[2026-04-12T11:12:32.069+0000] {logging_mixin.py:190} INFO - [2026-04-12T11:12:32.068+0000] {override.py:1912} INFO - Created Permission View: can edit on DAG:example_nested_branch_dag
[2026-04-12T11:12:32.136+0000] {logging_mixin.py:190} INFO - [2026-04-12T11:12:32.135+0000] {override.py:1912} INFO - Created Permission View: can delete on DAG:example_nested_branch_dag
[2026-04-12T11:12:32.145+0000] {logging_mixin.py:190} INFO - [2026-04-12T11:12:32.145+0000] {override.py:1912} INFO - Created Permission View: can read on DAG:example_nested_branch_dag
[2026-04-12T11:12:32.155+0000] {logging_mixin.py:190} INFO - [2026-04-12T11:12:32.154+0000] {override.py:1912} INFO - Created Permission View: can delete on DAG Run:example_nested_branch_dag
[2026-04-12T11:12:32.161+0000] {logging_mixin.py:190} INFO - [2026-04-12T11:12:32.161+0000] {override.py:1912} INFO - Created Permission View: can create on DAG Run:example_nested_branch_dag
[2026-04-12T11:12:32.167+0000] {logging_mixin.py:190} INFO - [2026-04-12T11:12:32.167+0000] {override.py:1912} INFO - Created Permission View: can read on DAG Run:example_nested_branch_dag
[2026-04-12T11:12:32.173+0000] {logging_mixin.py:190} INFO - [2026-04-12T11:12:32.173+0000] {override.py:1912} INFO - Created Permission View: menu access on DAG Run:example_nested_branch_dag
[2026-04-12T11:12:32.173+0000] {logging_mixin.py:190} INFO - [2026-04-12T11:12:32.173+0000] {dag.py:3239} INFO - Sync 1 DAGs
[2026-04-12T11:12:32.186+0000] {logging_mixin.py:190} INFO - [2026-04-12T11:12:32.186+0000] {dag.py:3262} INFO - Creating ORM DAG for example_nested_branch_dag
[2026-04-12T11:12:32.197+0000] {logging_mixin.py:190} INFO - [2026-04-12T11:12:32.197+0000] {dag.py:4180} INFO - Setting next_dagrun for example_nested_branch_dag to 2026-04-11 00:00:00+00:00, run_after=2026-04-12 00:00:00+00:00
[2026-04-12T11:12:32.212+0000] {processor.py:208} INFO - Processing /home/airflow/.local/lib/python3.12/site-packages/airflow/example_dags/example_nested_branch_dag.py took 0.259 seconds
[2026-04-12T11:13:02.583+0000] {processor.py:186} INFO - Started process (PID=606) to work on /home/airflow/.local/lib/python3.12/site-packages/airflow/example_dags/example_nested_branch_dag.py
[2026-04-12T11:13:02.584+0000] {processor.py:914} INFO - Processing file /home/airflow/.local/lib/python3.12/site-packages/airflow/example_dags/example_nested_branch_dag.py for tasks to queue
[2026-04-12T11:13:02.586+0000] {logging_mixin.py:190} INFO - [2026-04-12T11:13:02.586+0000] {dagbag.py:588} INFO - Filling up the DagBag from /home/airflow/.local/lib/python3.12/site-packages/airflow/example_dags/example_nested_branch_dag.py
[2026-04-12T11:13:02.593+0000] {processor.py:925} INFO - DAG(s) 'example_nested_branch_dag' retrieved from /home/airflow/.local/lib/python3.12/site-packages/airflow/example_dags/example_nested_branch_dag.py
[2026-04-12T11:13:02.619+0000] {logging_mixin.py:190} INFO - [2026-04-12T11:13:02.619+0000] {dag.py:3239} INFO - Sync 1 DAGs
[2026-04-12T11:13:02.639+0000] {logging_mixin.py:190} INFO - [2026-04-12T11:13:02.639+0000] {dag.py:4180} INFO - Setting next_dagrun for example_nested_branch_dag to 2026-04-11 00:00:00+00:00, run_after=2026-04-12 00:00:00+00:00
[2026-04-12T11:13:02.689+0000] {processor.py:208} INFO - Processing /home/airflow/.local/lib/python3.12/site-packages/airflow/example_dags/example_nested_branch_dag.py took 0.110 seconds
[2026-04-12T11:13:32.992+0000] {processor.py:186} INFO - Started process (PID=903) to work on /home/airflow/.local/lib/python3.12/site-packages/airflow/example_dags/example_nested_branch_dag.py
[2026-04-12T11:13:32.997+0000] {processor.py:914} INFO - Processing file /home/airflow/.local/lib/python3.12/site-packages/airflow/example_dags/example_nested_branch_dag.py for tasks to queue
[2026-04-12T11:13:32.999+0000] {logging_mixin.py:190} INFO - [2026-04-12T11:13:32.999+0000] {dagbag.py:588} INFO - Filling up the DagBag from /home/airflow/.local/lib/python3.12/site-packages/airflow/example_dags/example_nested_branch_dag.py
[2026-04-12T11:13:33.009+0000] {processor.py:925} INFO - DAG(s) 'example_nested_branch_dag' retrieved from /home/airflow/.local/lib/python3.12/site-packages/airflow/example_dags/example_nested_branch_dag.py
[2026-04-12T11:13:33.029+0000] {logging_mixin.py:190} INFO - [2026-04-12T11:13:33.028+0000] {dag.py:3239} INFO - Sync 1 DAGs
[2026-04-12T11:13:33.047+0000] {logging_mixin.py:190} INFO - [2026-04-12T11:13:33.047+0000] {dag.py:4180} INFO - Setting next_dagrun for example_nested_branch_dag to 2026-04-11 00:00:00+00:00, run_after=2026-04-12 00:00:00+00:00
[2026-04-12T11:13:33.063+0000] {processor.py:208} INFO - Processing /home/airflow/.local/lib/python3.12/site-packages/airflow/example_dags/example_nested_branch_dag.py took 0.076 seconds
[2026-04-12T11:14:03.867+0000] {processor.py:186} INFO - Started process (PID=1199) to work on /home/airflow/.local/lib/python3.12/site-packages/airflow/example_dags/example_nested_branch_dag.py
[2026-04-12T11:14:03.870+0000] {processor.py:914} INFO - Processing file /home/airflow/.local/lib/python3.12/site-packages/airflow/example_dags/example_nested_branch_dag.py for tasks to queue
[2026-04-12T11:14:03.876+0000] {logging_mixin.py:190} INFO - [2026-04-12T11:14:03.876+0000] {dagbag.py:588} INFO - Filling up the DagBag from /home/airflow/.local/lib/python3.12/site-packages/airflow/example_dags/example_nested_branch_dag.py
[2026-04-12T11:14:03.893+0000] {processor.py:925} INFO - DAG(s) 'example_nested_branch_dag' retrieved from /home/airflow/.local/lib/python3.12/site-packages/airflow/example_dags/example_nested_branch_dag.py
[2026-04-12T11:14:03.920+0000] {logging_mixin.py:190} INFO - [2026-04-12T11:14:03.920+0000] {dag.py:3239} INFO - Sync 1 DAGs
[2026-04-12T11:14:03.959+0000] {logging_mixin.py:190} INFO - [2026-04-12T11:14:03.958+0000] {dag.py:4180} INFO - Setting next_dagrun for example_nested_branch_dag to 2026-04-11 00:00:00+00:00, run_after=2026-04-12 00:00:00+00:00
[2026-04-12T11:14:03.988+0000] {processor.py:208} INFO - Processing /home/airflow/.local/lib/python3.12/site-packages/airflow/example_dags/example_nested_branch_dag.py took 0.129 seconds
[2026-04-12T11:14:34.651+0000] {processor.py:186} INFO - Started process (PID=1495) to work on /home/airflow/.local/lib/python3.12/site-packages/airflow/example_dags/example_nested_branch_dag.py
[2026-04-12T11:14:34.652+0000] {processor.py:914} INFO - Processing file /home/airflow/.local/lib/python3.12/site-packages/airflow/example_dags/example_nested_branch_dag.py for tasks to queue
[2026-04-12T11:14:34.657+0000] {logging_mixin.py:190} INFO - [2026-04-12T11:14:34.657+0000] {dagbag.py:588} INFO - Filling up the DagBag from /home/airflow/.local/lib/python3.12/site-packages/airflow/example_dags/example_nested_branch_dag.py
[2026-04-12T11:14:34.673+0000] {processor.py:925} INFO - DAG(s) 'example_nested_branch_dag' retrieved from /home/airflow/.local/lib/python3.12/site-packages/airflow/example_dags/example_nested_branch_dag.py
[2026-04-12T11:14:34.716+0000] {logging_mixin.py:190} INFO - [2026-04-12T11:14:34.715+0000] {dag.py:3239} INFO - Sync 1 DAGs
[2026-04-12T11:14:34.747+0000] {logging_mixin.py:190} INFO - [2026-04-12T11:14:34.746+0000] {dag.py:4180} INFO - Setting next_dagrun for example_nested_branch_dag to 2026-04-11 00:00:00+00:00, run_after=2026-04-12 00:00:00+00:00
[2026-04-12T11:14:34.776+0000] {processor.py:208} INFO - Processing /home/airflow/.local/lib/python3.12/site-packages/airflow/example_dags/example_nested_branch_dag.py took 0.132 seconds
[2026-04-12T11:15:04.933+0000] {processor.py:186} INFO - Started process (PID=1792) to work on /home/airflow/.local/lib/python3.12/site-packages/airflow/example_dags/example_nested_branch_dag.py
[2026-04-12T11:15:04.941+0000] {processor.py:914} INFO - Processing file /home/airflow/.local/lib/python3.12/site-packages/airflow/example_dags/example_nested_branch_dag.py for tasks to queue
[2026-04-12T11:15:04.942+0000] {logging_mixin.py:190} INFO - [2026-04-12T11:15:04.942+0000] {dagbag.py:588} INFO - Filling up the DagBag from /home/airflow/.local/lib/python3.12/site-packages/airflow/example_dags/example_nested_branch_dag.py
[2026-04-12T11:15:04.951+0000] {processor.py:925} INFO - DAG(s) 'example_nested_branch_dag' retrieved from /home/airflow/.local/lib/python3.12/site-packages/airflow/example_dags/example_nested_branch_dag.py
[2026-04-12T11:15:04.980+0000] {logging_mixin.py:190} INFO - [2026-04-12T11:15:04.980+0000] {dag.py:3239} INFO - Sync 1 DAGs
[2026-04-12T11:15:04.998+0000] {logging_mixin.py:190} INFO - [2026-04-12T11:15:04.998+0000] {dag.py:4180} INFO - Setting next_dagrun for example_nested_branch_dag to 2026-04-11 00:00:00+00:00, run_after=2026-04-12 00:00:00+00:00
[2026-04-12T11:15:05.015+0000] {processor.py:208} INFO - Processing /home/airflow/.local/lib/python3.12/site-packages/airflow/example_dags/example_nested_branch_dag.py took 0.096 seconds
[2026-04-12T11:15:35.474+0000] {processor.py:186} INFO - Started process (PID=2090) to work on /home/airflow/.local/lib/python3.12/site-packages/airflow/example_dags/example_nested_branch_dag.py
[2026-04-12T11:15:35.476+0000] {processor.py:914} INFO - Processing file /home/airflow/.local/lib/python3.12/site-packages/airflow/example_dags/example_nested_branch_dag.py for tasks to queue
[2026-04-12T11:15:35.479+0000] {logging_mixin.py:190} INFO - [2026-04-12T11:15:35.479+0000] {dagbag.py:588} INFO - Filling up the DagBag from /home/airflow/.local/lib/python3.12/site-packages/airflow/example_dags/example_nested_branch_dag.py
[2026-04-12T11:15:35.495+0000] {processor.py:925} INFO - DAG(s) 'example_nested_branch_dag' retrieved from /home/airflow/.local/lib/python3.12/site-packages/airflow/example_dags/example_nested_branch_dag.py
[2026-04-12T11:15:35.526+0000] {logging_mixin.py:190} INFO - [2026-04-12T11:15:35.526+0000] {dag.py:3239} INFO - Sync 1 DAGs
[2026-04-12T11:15:35.583+0000] {logging_mixin.py:190} INFO - [2026-04-12T11:15:35.583+0000] {dag.py:4180} INFO - Setting next_dagrun for example_nested_branch_dag to 2026-04-11 00:00:00+00:00, run_after=2026-04-12 00:00:00+00:00
[2026-04-12T11:15:35.616+0000] {processor.py:208} INFO - Processing /home/airflow/.local/lib/python3.12/site-packages/airflow/example_dags/example_nested_branch_dag.py took 0.152 seconds
[2026-04-12T11:16:05.684+0000] {processor.py:186} INFO - Started process (PID=2384) to work on /home/airflow/.local/lib/python3.12/site-packages/airflow/example_dags/example_nested_branch_dag.py
[2026-04-12T11:16:05.687+0000] {processor.py:914} INFO - Processing file /home/airflow/.local/lib/python3.12/site-packages/airflow/example_dags/example_nested_branch_dag.py for tasks to queue
[2026-04-12T11:16:05.689+0000] {logging_mixin.py:190} INFO - [2026-04-12T11:16:05.688+0000] {dagbag.py:588} INFO - Filling up the DagBag from /home/airflow/.local/lib/python3.12/site-packages/airflow/example_dags/example_nested_branch_dag.py
[2026-04-12T11:16:05.697+0000] {processor.py:925} INFO - DAG(s) 'example_nested_branch_dag' retrieved from /home/airflow/.local/lib/python3.12/site-packages/airflow/example_dags/example_nested_branch_dag.py
[2026-04-12T11:16:05.723+0000] {logging_mixin.py:190} INFO - [2026-04-12T11:16:05.722+0000] {dag.py:3239} INFO - Sync 1 DAGs
[2026-04-12T11:16:05.753+0000] {logging_mixin.py:190} INFO - [2026-04-12T11:16:05.753+0000] {dag.py:4180} INFO - Setting next_dagrun for example_nested_branch_dag to 2026-04-11 00:00:00+00:00, run_after=2026-04-12 00:00:00+00:00
[2026-04-12T11:16:05.768+0000] {processor.py:208} INFO - Processing /home/airflow/.local/lib/python3.12/site-packages/airflow/example_dags/example_nested_branch_dag.py took 0.089 seconds
[2026-04-12T11:16:35.832+0000] {processor.py:186} INFO - Started process (PID=2680) to work on /home/airflow/.local/lib/python3.12/site-packages/airflow/example_dags/example_nested_branch_dag.py
[2026-04-12T11:16:35.836+0000] {processor.py:914} INFO - Processing file /home/airflow/.local/lib/python3.12/site-packages/airflow/example_dags/example_nested_branch_dag.py for tasks to queue
[2026-04-12T11:16:35.841+0000] {logging_mixin.py:190} INFO - [2026-04-12T11:16:35.841+0000] {dagbag.py:588} INFO - Filling up the DagBag from /home/airflow/.local/lib/python3.12/site-packages/airflow/example_dags/example_nested_branch_dag.py
[2026-04-12T11:16:35.849+0000] {processor.py:925} INFO - DAG(s) 'example_nested_branch_dag' retrieved from /home/airflow/.local/lib/python3.12/site-packages/airflow/example_dags/example_nested_branch_dag.py
[2026-04-12T11:16:35.864+0000] {logging_mixin.py:190} INFO - [2026-04-12T11:16:35.864+0000] {dag.py:3239} INFO - Sync 1 DAGs
[2026-04-12T11:16:35.885+0000] {logging_mixin.py:190} INFO - [2026-04-12T11:16:35.885+0000] {dag.py:4180} INFO - Setting next_dagrun for example_nested_branch_dag to 2026-04-11 00:00:00+00:00, run_after=2026-04-12 00:00:00+00:00
[2026-04-12T11:16:35.902+0000] {processor.py:208} INFO - Processing /home/airflow/.local/lib/python3.12/site-packages/airflow/example_dags/example_nested_branch_dag.py took 0.074 seconds
[2026-04-12T11:17:06.909+0000] {processor.py:186} INFO - Started process (PID=2988) to work on /home/airflow/.local/lib/python3.12/site-packages/airflow/example_dags/example_nested_branch_dag.py
[2026-04-12T11:17:06.911+0000] {processor.py:914} INFO - Processing file /home/airflow/.local/lib/python3.12/site-packages/airflow/example_dags/example_nested_branch_dag.py for tasks to queue
[2026-04-12T11:17:06.913+0000] {logging_mixin.py:190} INFO - [2026-04-12T11:17:06.913+0000] {dagbag.py:588} INFO - Filling up the DagBag from /home/airflow/.local/lib/python3.12/site-packages/airflow/example_dags/example_nested_branch_dag.py
[2026-04-12T11:17:06.920+0000] {processor.py:925} INFO - DAG(s) 'example_nested_branch_dag' retrieved from /home/airflow/.local/lib/python3.12/site-packages/airflow/example_dags/example_nested_branch_dag.py
[2026-04-12T11:17:06.938+0000] {logging_mixin.py:190} INFO - [2026-04-12T11:17:06.938+0000] {dag.py:3239} INFO - Sync 1 DAGs
[2026-04-12T11:17:06.956+0000] {logging_mixin.py:190} INFO - [2026-04-12T11:17:06.955+0000] {dag.py:4180} INFO - Setting next_dagrun for example_nested_branch_dag to 2026-04-11 00:00:00+00:00, run_after=2026-04-12 00:00:00+00:00
[2026-04-12T11:17:06.974+0000] {processor.py:208} INFO - Processing /home/airflow/.local/lib/python3.12/site-packages/airflow/example_dags/example_nested_branch_dag.py took 0.071 seconds
[2026-04-12T11:17:37.804+0000] {processor.py:186} INFO - Started process (PID=3284) to work on /home/airflow/.local/lib/python3.12/site-packages/airflow/example_dags/example_nested_branch_dag.py
[2026-04-12T11:17:37.805+0000] {processor.py:914} INFO - Processing file /home/airflow/.local/lib/python3.12/site-packages/airflow/example_dags/example_nested_branch_dag.py for tasks to queue
[2026-04-12T11:17:37.808+0000] {logging_mixin.py:190} INFO - [2026-04-12T11:17:37.808+0000] {dagbag.py:588} INFO - Filling up the DagBag from /home/airflow/.local/lib/python3.12/site-packages/airflow/example_dags/example_nested_branch_dag.py
[2026-04-12T11:17:37.817+0000] {processor.py:925} INFO - DAG(s) 'example_nested_branch_dag' retrieved from /home/airflow/.local/lib/python3.12/site-packages/airflow/example_dags/example_nested_branch_dag.py
[2026-04-12T11:17:37.834+0000] {logging_mixin.py:190} INFO - [2026-04-12T11:17:37.834+0000] {dag.py:3239} INFO - Sync 1 DAGs
[2026-04-12T11:17:37.850+0000] {logging_mixin.py:190} INFO - [2026-04-12T11:17:37.849+0000] {dag.py:4180} INFO - Setting next_dagrun for example_nested_branch_dag to 2026-04-11 00:00:00+00:00, run_after=2026-04-12 00:00:00+00:00
[2026-04-12T11:17:37.861+0000] {processor.py:208} INFO - Processing /home/airflow/.local/lib/python3.12/site-packages/airflow/example_dags/example_nested_branch_dag.py took 0.065 seconds
[2026-04-12T11:18:08.435+0000] {processor.py:186} INFO - Started process (PID=3588) to work on /home/airflow/.local/lib/python3.12/site-packages/airflow/example_dags/example_nested_branch_dag.py
[2026-04-12T11:18:08.438+0000] {processor.py:914} INFO - Processing file /home/airflow/.local/lib/python3.12/site-packages/airflow/example_dags/example_nested_branch_dag.py for tasks to queue
[2026-04-12T11:18:08.447+0000] {logging_mixin.py:190} INFO - [2026-04-12T11:18:08.446+0000] {dagbag.py:588} INFO - Filling up the DagBag from /home/airflow/.local/lib/python3.12/site-packages/airflow/example_dags/example_nested_branch_dag.py
[2026-04-12T11:18:08.456+0000] {processor.py:925} INFO - DAG(s) 'example_nested_branch_dag' retrieved from /home/airflow/.local/lib/python3.12/site-packages/airflow/example_dags/example_nested_branch_dag.py
[2026-04-12T11:18:08.480+0000] {logging_mixin.py:190} INFO - [2026-04-12T11:18:08.479+0000] {dag.py:3239} INFO - Sync 1 DAGs
[2026-04-12T11:18:08.504+0000] {logging_mixin.py:190} INFO - [2026-04-12T11:18:08.504+0000] {dag.py:4180} INFO - Setting next_dagrun for example_nested_branch_dag to 2026-04-11 00:00:00+00:00, run_after=2026-04-12 00:00:00+00:00
[2026-04-12T11:18:08.516+0000] {processor.py:208} INFO - Processing /home/airflow/.local/lib/python3.12/site-packages/airflow/example_dags/example_nested_branch_dag.py took 0.085 seconds
[2026-04-12T11:18:38.942+0000] {processor.py:186} INFO - Started process (PID=3887) to work on /home/airflow/.local/lib/python3.12/site-packages/airflow/example_dags/example_nested_branch_dag.py
[2026-04-12T11:18:38.943+0000] {processor.py:914} INFO - Processing file /home/airflow/.local/lib/python3.12/site-packages/airflow/example_dags/example_nested_branch_dag.py for tasks to queue
[2026-04-12T11:18:38.947+0000] {logging_mixin.py:190} INFO - [2026-04-12T11:18:38.947+0000] {dagbag.py:588} INFO - Filling up the DagBag from /home/airflow/.local/lib/python3.12/site-packages/airflow/example_dags/example_nested_branch_dag.py
[2026-04-12T11:18:38.958+0000] {processor.py:925} INFO - DAG(s) 'example_nested_branch_dag' retrieved from /home/airflow/.local/lib/python3.12/site-packages/airflow/example_dags/example_nested_branch_dag.py
[2026-04-12T11:18:38.979+0000] {logging_mixin.py:190} INFO - [2026-04-12T11:18:38.979+0000] {dag.py:3239} INFO - Sync 1 DAGs
[2026-04-12T11:18:38.997+0000] {logging_mixin.py:190} INFO - [2026-04-12T11:18:38.997+0000] {dag.py:4180} INFO - Setting next_dagrun for example_nested_branch_dag to 2026-04-11 00:00:00+00:00, run_after=2026-04-12 00:00:00+00:00
[2026-04-12T11:18:39.009+0000] {processor.py:208} INFO - Processing /home/airflow/.local/lib/python3.12/site-packages/airflow/example_dags/example_nested_branch_dag.py took 0.073 seconds
[2026-04-12T11:19:09.262+0000] {processor.py:186} INFO - Started process (PID=4198) to work on /home/airflow/.local/lib/python3.12/site-packages/airflow/example_dags/example_nested_branch_dag.py
[2026-04-12T11:19:09.264+0000] {processor.py:914} INFO - Processing file /home/airflow/.local/lib/python3.12/site-packages/airflow/example_dags/example_nested_branch_dag.py for tasks to queue
[2026-04-12T11:19:09.266+0000] {logging_mixin.py:190} INFO - [2026-04-12T11:19:09.266+0000] {dagbag.py:588} INFO - Filling up the DagBag from /home/airflow/.local/lib/python3.12/site-packages/airflow/example_dags/example_nested_branch_dag.py
[2026-04-12T11:19:09.275+0000] {processor.py:925} INFO - DAG(s) 'example_nested_branch_dag' retrieved from /home/airflow/.local/lib/python3.12/site-packages/airflow/example_dags/example_nested_branch_dag.py
[2026-04-12T11:19:09.294+0000] {logging_mixin.py:190} INFO - [2026-04-12T11:19:09.294+0000] {dag.py:3239} INFO - Sync 1 DAGs
[2026-04-12T11:19:09.313+0000] {logging_mixin.py:190} INFO - [2026-04-12T11:19:09.312+0000] {dag.py:4180} INFO - Setting next_dagrun for example_nested_branch_dag to 2026-04-11 00:00:00+00:00, run_after=2026-04-12 00:00:00+00:00
[2026-04-12T11:19:09.325+0000] {processor.py:208} INFO - Processing /home/airflow/.local/lib/python3.12/site-packages/airflow/example_dags/example_nested_branch_dag.py took 0.069 seconds
[2026-04-12T11:19:40.122+0000] {processor.py:186} INFO - Started process (PID=4494) to work on /home/airflow/.local/lib/python3.12/site-packages/airflow/example_dags/example_nested_branch_dag.py
[2026-04-12T11:19:40.123+0000] {processor.py:914} INFO - Processing file /home/airflow/.local/lib/python3.12/site-packages/airflow/example_dags/example_nested_branch_dag.py for tasks to queue
[2026-04-12T11:19:40.126+0000] {logging_mixin.py:190} INFO - [2026-04-12T11:19:40.126+0000] {dagbag.py:588} INFO - Filling up the DagBag from /home/airflow/.local/lib/python3.12/site-packages/airflow/example_dags/example_nested_branch_dag.py
[2026-04-12T11:19:40.137+0000] {processor.py:925} INFO - DAG(s) 'example_nested_branch_dag' retrieved from /home/airflow/.local/lib/python3.12/site-packages/airflow/example_dags/example_nested_branch_dag.py
[2026-04-12T11:19:40.151+0000] {logging_mixin.py:190} INFO - [2026-04-12T11:19:40.151+0000] {dag.py:3239} INFO - Sync 1 DAGs
[2026-04-12T11:19:40.167+0000] {logging_mixin.py:190} INFO - [2026-04-12T11:19:40.167+0000] {dag.py:4180} INFO - Setting next_dagrun for example_nested_branch_dag to 2026-04-11 00:00:00+00:00, run_after=2026-04-12 00:00:00+00:00
[2026-04-12T11:19:40.184+0000] {processor.py:208} INFO - Processing /home/airflow/.local/lib/python3.12/site-packages/airflow/example_dags/example_nested_branch_dag.py took 0.066 seconds
[2026-04-12T11:20:11.032+0000] {processor.py:186} INFO - Started process (PID=4790) to work on /home/airflow/.local/lib/python3.12/site-packages/airflow/example_dags/example_nested_branch_dag.py
[2026-04-12T11:20:11.033+0000] {processor.py:914} INFO - Processing file /home/airflow/.local/lib/python3.12/site-packages/airflow/example_dags/example_nested_branch_dag.py for tasks to queue
[2026-04-12T11:20:11.034+0000] {logging_mixin.py:190} INFO - [2026-04-12T11:20:11.034+0000] {dagbag.py:588} INFO - Filling up the DagBag from /home/airflow/.local/lib/python3.12/site-packages/airflow/example_dags/example_nested_branch_dag.py
[2026-04-12T11:20:11.044+0000] {processor.py:925} INFO - DAG(s) 'example_nested_branch_dag' retrieved from /home/airflow/.local/lib/python3.12/site-packages/airflow/example_dags/example_nested_branch_dag.py
[2026-04-12T11:20:11.063+0000] {logging_mixin.py:190} INFO - [2026-04-12T11:20:11.063+0000] {dag.py:3239} INFO - Sync 1 DAGs
[2026-04-12T11:20:11.078+0000] {logging_mixin.py:190} INFO - [2026-04-12T11:20:11.078+0000] {dag.py:4180} INFO - Setting next_dagrun for example_nested_branch_dag to 2026-04-11 00:00:00+00:00, run_after=2026-04-12 00:00:00+00:00
[2026-04-12T11:20:11.092+0000] {processor.py:208} INFO - Processing /home/airflow/.local/lib/python3.12/site-packages/airflow/example_dags/example_nested_branch_dag.py took 0.064 seconds
[2026-04-12T11:20:44.027+0000] {processor.py:186} INFO - Started process (PID=5086) to work on /home/airflow/.local/lib/python3.12/site-packages/airflow/example_dags/example_nested_branch_dag.py
[2026-04-12T11:20:44.034+0000] {processor.py:914} INFO - Processing file /home/airflow/.local/lib/python3.12/site-packages/airflow/example_dags/example_nested_branch_dag.py for tasks to queue
[2026-04-12T11:20:44.050+0000] {logging_mixin.py:190} INFO - [2026-04-12T11:20:44.049+0000] {dagbag.py:588} INFO - Filling up the DagBag from /home/airflow/.local/lib/python3.12/site-packages/airflow/example_dags/example_nested_branch_dag.py
[2026-04-12T11:20:44.072+0000] {processor.py:925} INFO - DAG(s) 'example_nested_branch_dag' retrieved from /home/airflow/.local/lib/python3.12/site-packages/airflow/example_dags/example_nested_branch_dag.py
[2026-04-12T11:20:44.123+0000] {logging_mixin.py:190} INFO - [2026-04-12T11:20:44.123+0000] {dag.py:3239} INFO - Sync 1 DAGs
[2026-04-12T11:20:44.170+0000] {logging_mixin.py:190} INFO - [2026-04-12T11:20:44.169+0000] {dag.py:4180} INFO - Setting next_dagrun for example_nested_branch_dag to 2026-04-11 00:00:00+00:00, run_after=2026-04-12 00:00:00+00:00
[2026-04-12T11:20:44.209+0000] {processor.py:208} INFO - Processing /home/airflow/.local/lib/python3.12/site-packages/airflow/example_dags/example_nested_branch_dag.py took 0.194 seconds
[2026-04-12T11:21:14.864+0000] {processor.py:186} INFO - Started process (PID=5382) to work on /home/airflow/.local/lib/python3.12/site-packages/airflow/example_dags/example_nested_branch_dag.py
[2026-04-12T11:21:14.865+0000] {processor.py:914} INFO - Processing file /home/airflow/.local/lib/python3.12/site-packages/airflow/example_dags/example_nested_branch_dag.py for tasks to queue
[2026-04-12T11:21:14.867+0000] {logging_mixin.py:190} INFO - [2026-04-12T11:21:14.866+0000] {dagbag.py:588} INFO - Filling up the DagBag from /home/airflow/.local/lib/python3.12/site-packages/airflow/example_dags/example_nested_branch_dag.py
[2026-04-12T11:21:14.876+0000] {processor.py:925} INFO - DAG(s) 'example_nested_branch_dag' retrieved from /home/airflow/.local/lib/python3.12/site-packages/airflow/example_dags/example_nested_branch_dag.py
[2026-04-12T11:21:14.892+0000] {logging_mixin.py:190} INFO - [2026-04-12T11:21:14.891+0000] {dag.py:3239} INFO - Sync 1 DAGs
[2026-04-12T11:21:14.907+0000] {logging_mixin.py:190} INFO - [2026-04-12T11:21:14.907+0000] {dag.py:4180} INFO - Setting next_dagrun for example_nested_branch_dag to 2026-04-11 00:00:00+00:00, run_after=2026-04-12 00:00:00+00:00
[2026-04-12T11:21:14.927+0000] {processor.py:208} INFO - Processing /home/airflow/.local/lib/python3.12/site-packages/airflow/example_dags/example_nested_branch_dag.py took 0.068 seconds
[2026-04-12T11:21:45.336+0000] {processor.py:186} INFO - Started process (PID=5678) to work on /home/airflow/.local/lib/python3.12/site-packages/airflow/example_dags/example_nested_branch_dag.py
[2026-04-12T11:21:45.338+0000] {processor.py:914} INFO - Processing file /home/airflow/.local/lib/python3.12/site-packages/airflow/example_dags/example_nested_branch_dag.py for tasks to queue
[2026-04-12T11:21:45.339+0000] {logging_mixin.py:190} INFO - [2026-04-12T11:21:45.339+0000] {dagbag.py:588} INFO - Filling up the DagBag from /home/airflow/.local/lib/python3.12/site-packages/airflow/example_dags/example_nested_branch_dag.py
[2026-04-12T11:21:45.347+0000] {processor.py:925} INFO - DAG(s) 'example_nested_branch_dag' retrieved from /home/airflow/.local/lib/python3.12/site-packages/airflow/example_dags/example_nested_branch_dag.py
[2026-04-12T11:21:45.365+0000] {logging_mixin.py:190} INFO - [2026-04-12T11:21:45.365+0000] {dag.py:3239} INFO - Sync 1 DAGs
[2026-04-12T11:21:45.384+0000] {logging_mixin.py:190} INFO - [2026-04-12T11:21:45.384+0000] {dag.py:4180} INFO - Setting next_dagrun for example_nested_branch_dag to 2026-04-11 00:00:00+00:00, run_after=2026-04-12 00:00:00+00:00
[2026-04-12T11:21:45.401+0000] {processor.py:208} INFO - Processing /home/airflow/.local/lib/python3.12/site-packages/airflow/example_dags/example_nested_branch_dag.py took 0.069 seconds
[2026-04-12T11:22:15.454+0000] {processor.py:186} INFO - Started process (PID=5974) to work on /home/airflow/.local/lib/python3.12/site-packages/airflow/example_dags/example_nested_branch_dag.py
[2026-04-12T11:22:15.455+0000] {processor.py:914} INFO - Processing file /home/airflow/.local/lib/python3.12/site-packages/airflow/example_dags/example_nested_branch_dag.py for tasks to queue
[2026-04-12T11:22:15.457+0000] {logging_mixin.py:190} INFO - [2026-04-12T11:22:15.456+0000] {dagbag.py:588} INFO - Filling up the DagBag from /home/airflow/.local/lib/python3.12/site-packages/airflow/example_dags/example_nested_branch_dag.py
[2026-04-12T11:22:15.465+0000] {processor.py:925} INFO - DAG(s) 'example_nested_branch_dag' retrieved from /home/airflow/.local/lib/python3.12/site-packages/airflow/example_dags/example_nested_branch_dag.py
[2026-04-12T11:22:15.481+0000] {logging_mixin.py:190} INFO - [2026-04-12T11:22:15.481+0000] {dag.py:3239} INFO - Sync 1 DAGs
[2026-04-12T11:22:15.499+0000] {logging_mixin.py:190} INFO - [2026-04-12T11:22:15.499+0000] {dag.py:4180} INFO - Setting next_dagrun for example_nested_branch_dag to 2026-04-11 00:00:00+00:00, run_after=2026-04-12 00:00:00+00:00
[2026-04-12T11:22:15.511+0000] {processor.py:208} INFO - Processing /home/airflow/.local/lib/python3.12/site-packages/airflow/example_dags/example_nested_branch_dag.py took 0.061 seconds
[2026-04-12T11:22:45.752+0000] {processor.py:186} INFO - Started process (PID=6269) to work on /home/airflow/.local/lib/python3.12/site-packages/airflow/example_dags/example_nested_branch_dag.py
[2026-04-12T11:22:45.753+0000] {processor.py:914} INFO - Processing file /home/airflow/.local/lib/python3.12/site-packages/airflow/example_dags/example_nested_branch_dag.py for tasks to queue
[2026-04-12T11:22:45.755+0000] {logging_mixin.py:190} INFO - [2026-04-12T11:22:45.754+0000] {dagbag.py:588} INFO - Filling up the DagBag from /home/airflow/.local/lib/python3.12/site-packages/airflow/example_dags/example_nested_branch_dag.py
[2026-04-12T11:22:45.762+0000] {processor.py:925} INFO - DAG(s) 'example_nested_branch_dag' retrieved from /home/airflow/.local/lib/python3.12/site-packages/airflow/example_dags/example_nested_branch_dag.py
[2026-04-12T11:22:45.779+0000] {logging_mixin.py:190} INFO - [2026-04-12T11:22:45.779+0000] {dag.py:3239} INFO - Sync 1 DAGs
[2026-04-12T11:22:45.794+0000] {logging_mixin.py:190} INFO - [2026-04-12T11:22:45.794+0000] {dag.py:4180} INFO - Setting next_dagrun for example_nested_branch_dag to 2026-04-11 00:00:00+00:00, run_after=2026-04-12 00:00:00+00:00
[2026-04-12T11:22:45.810+0000] {processor.py:208} INFO - Processing /home/airflow/.local/lib/python3.12/site-packages/airflow/example_dags/example_nested_branch_dag.py took 0.063 seconds
[2026-04-12T11:23:15.884+0000] {processor.py:186} INFO - Started process (PID=6565) to work on /home/airflow/.local/lib/python3.12/site-packages/airflow/example_dags/example_nested_branch_dag.py
[2026-04-12T11:23:15.885+0000] {processor.py:914} INFO - Processing file /home/airflow/.local/lib/python3.12/site-packages/airflow/example_dags/example_nested_branch_dag.py for tasks to queue
[2026-04-12T11:23:15.887+0000] {logging_mixin.py:190} INFO - [2026-04-12T11:23:15.887+0000] {dagbag.py:588} INFO - Filling up the DagBag from /home/airflow/.local/lib/python3.12/site-packages/airflow/example_dags/example_nested_branch_dag.py
[2026-04-12T11:23:15.895+0000] {processor.py:925} INFO - DAG(s) 'example_nested_branch_dag' retrieved from /home/airflow/.local/lib/python3.12/site-packages/airflow/example_dags/example_nested_branch_dag.py
[2026-04-12T11:23:15.915+0000] {logging_mixin.py:190} INFO - [2026-04-12T11:23:15.915+0000] {dag.py:3239} INFO - Sync 1 DAGs
[2026-04-12T11:23:15.934+0000] {logging_mixin.py:190} INFO - [2026-04-12T11:23:15.934+0000] {dag.py:4180} INFO - Setting next_dagrun for example_nested_branch_dag to 2026-04-11 00:00:00+00:00, run_after=2026-04-12 00:00:00+00:00
[2026-04-12T11:23:15.947+0000] {processor.py:208} INFO - Processing /home/airflow/.local/lib/python3.12/site-packages/airflow/example_dags/example_nested_branch_dag.py took 0.067 seconds
[2026-04-12T11:23:46.392+0000] {processor.py:186} INFO - Started process (PID=6861) to work on /home/airflow/.local/lib/python3.12/site-packages/airflow/example_dags/example_nested_branch_dag.py
[2026-04-12T11:23:46.393+0000] {processor.py:914} INFO - Processing file /home/airflow/.local/lib/python3.12/site-packages/airflow/example_dags/example_nested_branch_dag.py for tasks to queue
[2026-04-12T11:23:46.394+0000] {logging_mixin.py:190} INFO - [2026-04-12T11:23:46.394+0000] {dagbag.py:588} INFO - Filling up the DagBag from /home/airflow/.local/lib/python3.12/site-packages/airflow/example_dags/example_nested_branch_dag.py
[2026-04-12T11:23:46.404+0000] {processor.py:925} INFO - DAG(s) 'example_nested_branch_dag' retrieved from /home/airflow/.local/lib/python3.12/site-packages/airflow/example_dags/example_nested_branch_dag.py
[2026-04-12T11:23:46.424+0000] {logging_mixin.py:190} INFO - [2026-04-12T11:23:46.424+0000] {dag.py:3239} INFO - Sync 1 DAGs
[2026-04-12T11:23:46.439+0000] {logging_mixin.py:190} INFO - [2026-04-12T11:23:46.439+0000] {dag.py:4180} INFO - Setting next_dagrun for example_nested_branch_dag to 2026-04-11 00:00:00+00:00, run_after=2026-04-12 00:00:00+00:00
[2026-04-12T11:23:46.458+0000] {processor.py:208} INFO - Processing /home/airflow/.local/lib/python3.12/site-packages/airflow/example_dags/example_nested_branch_dag.py took 0.070 seconds
[2026-04-12T11:24:16.745+0000] {processor.py:186} INFO - Started process (PID=7157) to work on /home/airflow/.local/lib/python3.12/site-packages/airflow/example_dags/example_nested_branch_dag.py
[2026-04-12T11:24:16.749+0000] {processor.py:914} INFO - Processing file /home/airflow/.local/lib/python3.12/site-packages/airflow/example_dags/example_nested_branch_dag.py for tasks to queue
[2026-04-12T11:24:16.751+0000] {logging_mixin.py:190} INFO - [2026-04-12T11:24:16.751+0000] {dagbag.py:588} INFO - Filling up the DagBag from /home/airflow/.local/lib/python3.12/site-packages/airflow/example_dags/example_nested_branch_dag.py
[2026-04-12T11:24:16.759+0000] {processor.py:925} INFO - DAG(s) 'example_nested_branch_dag' retrieved from /home/airflow/.local/lib/python3.12/site-packages/airflow/example_dags/example_nested_branch_dag.py
[2026-04-12T11:24:16.777+0000] {logging_mixin.py:190} INFO - [2026-04-12T11:24:16.777+0000] {dag.py:3239} INFO - Sync 1 DAGs
[2026-04-12T11:24:16.792+0000] {logging_mixin.py:190} INFO - [2026-04-12T11:24:16.792+0000] {dag.py:4180} INFO - Setting next_dagrun for example_nested_branch_dag to 2026-04-11 00:00:00+00:00, run_after=2026-04-12 00:00:00+00:00
[2026-04-12T11:24:16.807+0000] {processor.py:208} INFO - Processing /home/airflow/.local/lib/python3.12/site-packages/airflow/example_dags/example_nested_branch_dag.py took 0.066 seconds
[2026-04-12T11:24:47.826+0000] {processor.py:186} INFO - Started process (PID=7453) to work on /home/airflow/.local/lib/python3.12/site-packages/airflow/example_dags/example_nested_branch_dag.py
[2026-04-12T11:24:47.827+0000] {processor.py:914} INFO - Processing file /home/airflow/.local/lib/python3.12/site-packages/airflow/example_dags/example_nested_branch_dag.py for tasks to queue
[2026-04-12T11:24:47.829+0000] {logging_mixin.py:190} INFO - [2026-04-12T11:24:47.829+0000] {dagbag.py:588} INFO - Filling up the DagBag from /home/airflow/.local/lib/python3.12/site-packages/airflow/example_dags/example_nested_branch_dag.py
[2026-04-12T11:24:47.839+0000] {processor.py:925} INFO - DAG(s) 'example_nested_branch_dag' retrieved from /home/airflow/.local/lib/python3.12/site-packages/airflow/example_dags/example_nested_branch_dag.py
[2026-04-12T11:24:47.858+0000] {logging_mixin.py:190} INFO - [2026-04-12T11:24:47.858+0000] {dag.py:3239} INFO - Sync 1 DAGs
[2026-04-12T11:24:47.874+0000] {logging_mixin.py:190} INFO - [2026-04-12T11:24:47.874+0000] {dag.py:4180} INFO - Setting next_dagrun for example_nested_branch_dag to 2026-04-11 00:00:00+00:00, run_after=2026-04-12 00:00:00+00:00
[2026-04-12T11:24:47.890+0000] {processor.py:208} INFO - Processing /home/airflow/.local/lib/python3.12/site-packages/airflow/example_dags/example_nested_branch_dag.py took 0.067 seconds
[2026-04-12T11:25:18.042+0000] {processor.py:186} INFO - Started process (PID=7749) to work on /home/airflow/.local/lib/python3.12/site-packages/airflow/example_dags/example_nested_branch_dag.py
[2026-04-12T11:25:18.047+0000] {processor.py:914} INFO - Processing file /home/airflow/.local/lib/python3.12/site-packages/airflow/example_dags/example_nested_branch_dag.py for tasks to queue
[2026-04-12T11:25:18.049+0000] {logging_mixin.py:190} INFO - [2026-04-12T11:25:18.049+0000] {dagbag.py:588} INFO - Filling up the DagBag from /home/airflow/.local/lib/python3.12/site-packages/airflow/example_dags/example_nested_branch_dag.py
[2026-04-12T11:25:18.056+0000] {processor.py:925} INFO - DAG(s) 'example_nested_branch_dag' retrieved from /home/airflow/.local/lib/python3.12/site-packages/airflow/example_dags/example_nested_branch_dag.py
[2026-04-12T11:25:18.075+0000] {logging_mixin.py:190} INFO - [2026-04-12T11:25:18.075+0000] {dag.py:3239} INFO - Sync 1 DAGs
[2026-04-12T11:25:18.092+0000] {logging_mixin.py:190} INFO - [2026-04-12T11:25:18.092+0000] {dag.py:4180} INFO - Setting next_dagrun for example_nested_branch_dag to 2026-04-11 00:00:00+00:00, run_after=2026-04-12 00:00:00+00:00
[2026-04-12T11:25:18.109+0000] {processor.py:208} INFO - Processing /home/airflow/.local/lib/python3.12/site-packages/airflow/example_dags/example_nested_branch_dag.py took 0.070 seconds
[2026-04-12T11:25:48.196+0000] {processor.py:186} INFO - Started process (PID=8045) to work on /home/airflow/.local/lib/python3.12/site-packages/airflow/example_dags/example_nested_branch_dag.py
[2026-04-12T11:25:48.197+0000] {processor.py:914} INFO - Processing file /home/airflow/.local/lib/python3.12/site-packages/airflow/example_dags/example_nested_branch_dag.py for tasks to queue
[2026-04-12T11:25:48.199+0000] {logging_mixin.py:190} INFO - [2026-04-12T11:25:48.199+0000] {dagbag.py:588} INFO - Filling up the DagBag from /home/airflow/.local/lib/python3.12/site-packages/airflow/example_dags/example_nested_branch_dag.py
[2026-04-12T11:25:48.209+0000] {processor.py:925} INFO - DAG(s) 'example_nested_branch_dag' retrieved from /home/airflow/.local/lib/python3.12/site-packages/airflow/example_dags/example_nested_branch_dag.py
[2026-04-12T11:25:48.231+0000] {logging_mixin.py:190} INFO - [2026-04-12T11:25:48.231+0000] {dag.py:3239} INFO - Sync 1 DAGs
[2026-04-12T11:25:48.245+0000] {logging_mixin.py:190} INFO - [2026-04-12T11:25:48.245+0000] {dag.py:4180} INFO - Setting next_dagrun for example_nested_branch_dag to 2026-04-11 00:00:00+00:00, run_after=2026-04-12 00:00:00+00:00
[2026-04-12T11:25:48.258+0000] {processor.py:208} INFO - Processing /home/airflow/.local/lib/python3.12/site-packages/airflow/example_dags/example_nested_branch_dag.py took 0.065 seconds
[2026-04-12T11:27:09.795+0000] {processor.py:186} INFO - Started process (PID=8217) to work on /home/airflow/.local/lib/python3.12/site-packages/airflow/example_dags/example_nested_branch_dag.py
[2026-04-12T11:27:09.796+0000] {processor.py:914} INFO - Processing file /home/airflow/.local/lib/python3.12/site-packages/airflow/example_dags/example_nested_branch_dag.py for tasks to queue
[2026-04-12T11:27:09.797+0000] {logging_mixin.py:190} INFO - [2026-04-12T11:27:09.797+0000] {dagbag.py:588} INFO - Filling up the DagBag from /home/airflow/.local/lib/python3.12/site-packages/airflow/example_dags/example_nested_branch_dag.py
[2026-04-12T11:27:09.805+0000] {processor.py:925} INFO - DAG(s) 'example_nested_branch_dag' retrieved from /home/airflow/.local/lib/python3.12/site-packages/airflow/example_dags/example_nested_branch_dag.py
[2026-04-12T11:27:09.826+0000] {logging_mixin.py:190} INFO - [2026-04-12T11:27:09.825+0000] {dag.py:3239} INFO - Sync 1 DAGs
[2026-04-12T11:27:09.842+0000] {logging_mixin.py:190} INFO - [2026-04-12T11:27:09.841+0000] {dag.py:4180} INFO - Setting next_dagrun for example_nested_branch_dag to 2026-04-11 00:00:00+00:00, run_after=2026-04-12 00:00:00+00:00
[2026-04-12T11:27:09.857+0000] {processor.py:208} INFO - Processing /home/airflow/.local/lib/python3.12/site-packages/airflow/example_dags/example_nested_branch_dag.py took 0.066 seconds
[2026-04-12T11:29:45.812+0000] {processor.py:186} INFO - Started process (PID=8511) to work on /home/airflow/.local/lib/python3.12/site-packages/airflow/example_dags/example_nested_branch_dag.py
[2026-04-12T11:29:45.815+0000] {processor.py:914} INFO - Processing file /home/airflow/.local/lib/python3.12/site-packages/airflow/example_dags/example_nested_branch_dag.py for tasks to queue
[2026-04-12T11:29:45.816+0000] {logging_mixin.py:190} INFO - [2026-04-12T11:29:45.816+0000] {dagbag.py:588} INFO - Filling up the DagBag from /home/airflow/.local/lib/python3.12/site-packages/airflow/example_dags/example_nested_branch_dag.py
[2026-04-12T11:29:45.829+0000] {processor.py:925} INFO - DAG(s) 'example_nested_branch_dag' retrieved from /home/airflow/.local/lib/python3.12/site-packages/airflow/example_dags/example_nested_branch_dag.py
[2026-04-12T11:29:45.849+0000] {logging_mixin.py:190} INFO - [2026-04-12T11:29:45.849+0000] {dag.py:3239} INFO - Sync 1 DAGs
[2026-04-12T11:29:45.865+0000] {logging_mixin.py:190} INFO - [2026-04-12T11:29:45.864+0000] {dag.py:4180} INFO - Setting next_dagrun for example_nested_branch_dag to 2026-04-11 00:00:00+00:00, run_after=2026-04-12 00:00:00+00:00
[2026-04-12T11:29:45.879+0000] {processor.py:208} INFO - Processing /home/airflow/.local/lib/python3.12/site-packages/airflow/example_dags/example_nested_branch_dag.py took 0.071 seconds
[2026-04-12T11:30:16.102+0000] {processor.py:186} INFO - Started process (PID=8807) to work on /home/airflow/.local/lib/python3.12/site-packages/airflow/example_dags/example_nested_branch_dag.py
[2026-04-12T11:30:16.104+0000] {processor.py:914} INFO - Processing file /home/airflow/.local/lib/python3.12/site-packages/airflow/example_dags/example_nested_branch_dag.py for tasks to queue
[2026-04-12T11:30:16.106+0000] {logging_mixin.py:190} INFO - [2026-04-12T11:30:16.106+0000] {dagbag.py:588} INFO - Filling up the DagBag from /home/airflow/.local/lib/python3.12/site-packages/airflow/example_dags/example_nested_branch_dag.py
[2026-04-12T11:30:16.119+0000] {processor.py:925} INFO - DAG(s) 'example_nested_branch_dag' retrieved from /home/airflow/.local/lib/python3.12/site-packages/airflow/example_dags/example_nested_branch_dag.py
[2026-04-12T11:30:16.138+0000] {logging_mixin.py:190} INFO - [2026-04-12T11:30:16.137+0000] {dag.py:3239} INFO - Sync 1 DAGs
[2026-04-12T11:30:16.157+0000] {logging_mixin.py:190} INFO - [2026-04-12T11:30:16.157+0000] {dag.py:4180} INFO - Setting next_dagrun for example_nested_branch_dag to 2026-04-11 00:00:00+00:00, run_after=2026-04-12 00:00:00+00:00
[2026-04-12T11:30:16.169+0000] {processor.py:208} INFO - Processing /home/airflow/.local/lib/python3.12/site-packages/airflow/example_dags/example_nested_branch_dag.py took 0.071 seconds
[2026-04-12T11:30:46.642+0000] {processor.py:186} INFO - Started process (PID=9105) to work on /home/airflow/.local/lib/python3.12/site-packages/airflow/example_dags/example_nested_branch_dag.py
[2026-04-12T11:30:46.643+0000] {processor.py:914} INFO - Processing file /home/airflow/.local/lib/python3.12/site-packages/airflow/example_dags/example_nested_branch_dag.py for tasks to queue
[2026-04-12T11:30:46.644+0000] {logging_mixin.py:190} INFO - [2026-04-12T11:30:46.644+0000] {dagbag.py:588} INFO - Filling up the DagBag from /home/airflow/.local/lib/python3.12/site-packages/airflow/example_dags/example_nested_branch_dag.py
[2026-04-12T11:30:46.654+0000] {processor.py:925} INFO - DAG(s) 'example_nested_branch_dag' retrieved from /home/airflow/.local/lib/python3.12/site-packages/airflow/example_dags/example_nested_branch_dag.py
[2026-04-12T11:30:46.669+0000] {logging_mixin.py:190} INFO - [2026-04-12T11:30:46.669+0000] {dag.py:3239} INFO - Sync 1 DAGs
[2026-04-12T11:30:46.686+0000] {logging_mixin.py:190} INFO - [2026-04-12T11:30:46.686+0000] {dag.py:4180} INFO - Setting next_dagrun for example_nested_branch_dag to 2026-04-11 00:00:00+00:00, run_after=2026-04-12 00:00:00+00:00
[2026-04-12T11:30:46.701+0000] {processor.py:208} INFO - Processing /home/airflow/.local/lib/python3.12/site-packages/airflow/example_dags/example_nested_branch_dag.py took 0.063 seconds
[2026-04-12T11:31:16.729+0000] {processor.py:186} INFO - Started process (PID=9398) to work on /home/airflow/.local/lib/python3.12/site-packages/airflow/example_dags/example_nested_branch_dag.py
[2026-04-12T11:31:16.731+0000] {processor.py:914} INFO - Processing file /home/airflow/.local/lib/python3.12/site-packages/airflow/example_dags/example_nested_branch_dag.py for tasks to queue
[2026-04-12T11:31:16.732+0000] {logging_mixin.py:190} INFO - [2026-04-12T11:31:16.732+0000] {dagbag.py:588} INFO - Filling up the DagBag from /home/airflow/.local/lib/python3.12/site-packages/airflow/example_dags/example_nested_branch_dag.py
[2026-04-12T11:31:16.740+0000] {processor.py:925} INFO - DAG(s) 'example_nested_branch_dag' retrieved from /home/airflow/.local/lib/python3.12/site-packages/airflow/example_dags/example_nested_branch_dag.py
[2026-04-12T11:31:16.754+0000] {logging_mixin.py:190} INFO - [2026-04-12T11:31:16.753+0000] {dag.py:3239} INFO - Sync 1 DAGs
[2026-04-12T11:31:16.772+0000] {logging_mixin.py:190} INFO - [2026-04-12T11:31:16.771+0000] {dag.py:4180} INFO - Setting next_dagrun for example_nested_branch_dag to 2026-04-11 00:00:00+00:00, run_after=2026-04-12 00:00:00+00:00
[2026-04-12T11:31:16.788+0000] {processor.py:208} INFO - Processing /home/airflow/.local/lib/python3.12/site-packages/airflow/example_dags/example_nested_branch_dag.py took 0.064 seconds
[2026-04-12T11:31:47.167+0000] {processor.py:186} INFO - Started process (PID=9694) to work on /home/airflow/.local/lib/python3.12/site-packages/airflow/example_dags/example_nested_branch_dag.py
[2026-04-12T11:31:47.168+0000] {processor.py:914} INFO - Processing file /home/airflow/.local/lib/python3.12/site-packages/airflow/example_dags/example_nested_branch_dag.py for tasks to queue
[2026-04-12T11:31:47.170+0000] {logging_mixin.py:190} INFO - [2026-04-12T11:31:47.170+0000] {dagbag.py:588} INFO - Filling up the DagBag from /home/airflow/.local/lib/python3.12/site-packages/airflow/example_dags/example_nested_branch_dag.py
[2026-04-12T11:31:47.181+0000] {processor.py:925} INFO - DAG(s) 'example_nested_branch_dag' retrieved from /home/airflow/.local/lib/python3.12/site-packages/airflow/example_dags/example_nested_branch_dag.py
[2026-04-12T11:31:47.198+0000] {logging_mixin.py:190} INFO - [2026-04-12T11:31:47.198+0000] {dag.py:3239} INFO - Sync 1 DAGs
[2026-04-12T11:31:47.218+0000] {logging_mixin.py:190} INFO - [2026-04-12T11:31:47.217+0000] {dag.py:4180} INFO - Setting next_dagrun for example_nested_branch_dag to 2026-04-11 00:00:00+00:00, run_after=2026-04-12 00:00:00+00:00
[2026-04-12T11:31:47.235+0000] {processor.py:208} INFO - Processing /home/airflow/.local/lib/python3.12/site-packages/airflow/example_dags/example_nested_branch_dag.py took 0.072 seconds
[2026-04-12T11:32:18.413+0000] {processor.py:186} INFO - Started process (PID=9990) to work on /home/airflow/.local/lib/python3.12/site-packages/airflow/example_dags/example_nested_branch_dag.py
[2026-04-12T11:32:18.414+0000] {processor.py:914} INFO - Processing file /home/airflow/.local/lib/python3.12/site-packages/airflow/example_dags/example_nested_branch_dag.py for tasks to queue
[2026-04-12T11:32:18.417+0000] {logging_mixin.py:190} INFO - [2026-04-12T11:32:18.417+0000] {dagbag.py:588} INFO - Filling up the DagBag from /home/airflow/.local/lib/python3.12/site-packages/airflow/example_dags/example_nested_branch_dag.py
[2026-04-12T11:32:18.425+0000] {processor.py:925} INFO - DAG(s) 'example_nested_branch_dag' retrieved from /home/airflow/.local/lib/python3.12/site-packages/airflow/example_dags/example_nested_branch_dag.py
[2026-04-12T11:32:18.445+0000] {logging_mixin.py:190} INFO - [2026-04-12T11:32:18.444+0000] {dag.py:3239} INFO - Sync 1 DAGs
[2026-04-12T11:32:18.468+0000] {logging_mixin.py:190} INFO - [2026-04-12T11:32:18.468+0000] {dag.py:4180} INFO - Setting next_dagrun for example_nested_branch_dag to 2026-04-11 00:00:00+00:00, run_after=2026-04-12 00:00:00+00:00
[2026-04-12T11:32:18.488+0000] {processor.py:208} INFO - Processing /home/airflow/.local/lib/python3.12/site-packages/airflow/example_dags/example_nested_branch_dag.py took 0.080 seconds
[2026-04-12T11:32:49.392+0000] {processor.py:186} INFO - Started process (PID=10286) to work on /home/airflow/.local/lib/python3.12/site-packages/airflow/example_dags/example_nested_branch_dag.py
[2026-04-12T11:32:49.393+0000] {processor.py:914} INFO - Processing file /home/airflow/.local/lib/python3.12/site-packages/airflow/example_dags/example_nested_branch_dag.py for tasks to queue
[2026-04-12T11:32:49.395+0000] {logging_mixin.py:190} INFO - [2026-04-12T11:32:49.394+0000] {dagbag.py:588} INFO - Filling up the DagBag from /home/airflow/.local/lib/python3.12/site-packages/airflow/example_dags/example_nested_branch_dag.py
[2026-04-12T11:32:49.402+0000] {processor.py:925} INFO - DAG(s) 'example_nested_branch_dag' retrieved from /home/airflow/.local/lib/python3.12/site-packages/airflow/example_dags/example_nested_branch_dag.py
[2026-04-12T11:32:49.421+0000] {logging_mixin.py:190} INFO - [2026-04-12T11:32:49.421+0000] {dag.py:3239} INFO - Sync 1 DAGs
[2026-04-12T11:32:49.440+0000] {logging_mixin.py:190} INFO - [2026-04-12T11:32:49.440+0000] {dag.py:4180} INFO - Setting next_dagrun for example_nested_branch_dag to 2026-04-11 00:00:00+00:00, run_after=2026-04-12 00:00:00+00:00
[2026-04-12T11:32:49.462+0000] {processor.py:208} INFO - Processing /home/airflow/.local/lib/python3.12/site-packages/airflow/example_dags/example_nested_branch_dag.py took 0.074 seconds
[2026-04-12T11:33:20.337+0000] {processor.py:186} INFO - Started process (PID=10582) to work on /home/airflow/.local/lib/python3.12/site-packages/airflow/example_dags/example_nested_branch_dag.py
[2026-04-12T11:33:20.339+0000] {processor.py:914} INFO - Processing file /home/airflow/.local/lib/python3.12/site-packages/airflow/example_dags/example_nested_branch_dag.py for tasks to queue
[2026-04-12T11:33:20.342+0000] {logging_mixin.py:190} INFO - [2026-04-12T11:33:20.342+0000] {dagbag.py:588} INFO - Filling up the DagBag from /home/airflow/.local/lib/python3.12/site-packages/airflow/example_dags/example_nested_branch_dag.py
[2026-04-12T11:33:20.351+0000] {processor.py:925} INFO - DAG(s) 'example_nested_branch_dag' retrieved from /home/airflow/.local/lib/python3.12/site-packages/airflow/example_dags/example_nested_branch_dag.py
[2026-04-12T11:33:20.373+0000] {logging_mixin.py:190} INFO - [2026-04-12T11:33:20.373+0000] {dag.py:3239} INFO - Sync 1 DAGs
[2026-04-12T11:33:20.391+0000] {logging_mixin.py:190} INFO - [2026-04-12T11:33:20.391+0000] {dag.py:4180} INFO - Setting next_dagrun for example_nested_branch_dag to 2026-04-11 00:00:00+00:00, run_after=2026-04-12 00:00:00+00:00
[2026-04-12T11:33:20.402+0000] {processor.py:208} INFO - Processing /home/airflow/.local/lib/python3.12/site-packages/airflow/example_dags/example_nested_branch_dag.py took 0.069 seconds
[2026-04-12T11:33:51.408+0000] {processor.py:186} INFO - Started process (PID=10877) to work on /home/airflow/.local/lib/python3.12/site-packages/airflow/example_dags/example_nested_branch_dag.py
[2026-04-12T11:33:51.409+0000] {processor.py:914} INFO - Processing file /home/airflow/.local/lib/python3.12/site-packages/airflow/example_dags/example_nested_branch_dag.py for tasks to queue
[2026-04-12T11:33:51.410+0000] {logging_mixin.py:190} INFO - [2026-04-12T11:33:51.410+0000] {dagbag.py:588} INFO - Filling up the DagBag from /home/airflow/.local/lib/python3.12/site-packages/airflow/example_dags/example_nested_branch_dag.py
[2026-04-12T11:33:51.420+0000] {processor.py:925} INFO - DAG(s) 'example_nested_branch_dag' retrieved from /home/airflow/.local/lib/python3.12/site-packages/airflow/example_dags/example_nested_branch_dag.py
[2026-04-12T11:33:51.441+0000] {logging_mixin.py:190} INFO - [2026-04-12T11:33:51.441+0000] {dag.py:3239} INFO - Sync 1 DAGs
[2026-04-12T11:33:51.461+0000] {logging_mixin.py:190} INFO - [2026-04-12T11:33:51.461+0000] {dag.py:4180} INFO - Setting next_dagrun for example_nested_branch_dag to 2026-04-11 00:00:00+00:00, run_after=2026-04-12 00:00:00+00:00
[2026-04-12T11:33:51.481+0000] {processor.py:208} INFO - Processing /home/airflow/.local/lib/python3.12/site-packages/airflow/example_dags/example_nested_branch_dag.py took 0.077 seconds
[2026-04-12T11:34:22.253+0000] {processor.py:186} INFO - Started process (PID=11173) to work on /home/airflow/.local/lib/python3.12/site-packages/airflow/example_dags/example_nested_branch_dag.py
[2026-04-12T11:34:22.260+0000] {processor.py:914} INFO - Processing file /home/airflow/.local/lib/python3.12/site-packages/airflow/example_dags/example_nested_branch_dag.py for tasks to queue
[2026-04-12T11:34:22.262+0000] {logging_mixin.py:190} INFO - [2026-04-12T11:34:22.262+0000] {dagbag.py:588} INFO - Filling up the DagBag from /home/airflow/.local/lib/python3.12/site-packages/airflow/example_dags/example_nested_branch_dag.py
[2026-04-12T11:34:22.273+0000] {processor.py:925} INFO - DAG(s) 'example_nested_branch_dag' retrieved from /home/airflow/.local/lib/python3.12/site-packages/airflow/example_dags/example_nested_branch_dag.py
[2026-04-12T11:34:22.296+0000] {logging_mixin.py:190} INFO - [2026-04-12T11:34:22.295+0000] {dag.py:3239} INFO - Sync 1 DAGs
[2026-04-12T11:34:22.313+0000] {logging_mixin.py:190} INFO - [2026-04-12T11:34:22.313+0000] {dag.py:4180} INFO - Setting next_dagrun for example_nested_branch_dag to 2026-04-11 00:00:00+00:00, run_after=2026-04-12 00:00:00+00:00
[2026-04-12T11:34:22.328+0000] {processor.py:208} INFO - Processing /home/airflow/.local/lib/python3.12/site-packages/airflow/example_dags/example_nested_branch_dag.py took 0.079 seconds
[2026-04-12T11:34:53.155+0000] {processor.py:186} INFO - Started process (PID=11469) to work on /home/airflow/.local/lib/python3.12/site-packages/airflow/example_dags/example_nested_branch_dag.py
[2026-04-12T11:34:53.156+0000] {processor.py:914} INFO - Processing file /home/airflow/.local/lib/python3.12/site-packages/airflow/example_dags/example_nested_branch_dag.py for tasks to queue
[2026-04-12T11:34:53.158+0000] {logging_mixin.py:190} INFO - [2026-04-12T11:34:53.158+0000] {dagbag.py:588} INFO - Filling up the DagBag from /home/airflow/.local/lib/python3.12/site-packages/airflow/example_dags/example_nested_branch_dag.py
[2026-04-12T11:34:53.166+0000] {processor.py:925} INFO - DAG(s) 'example_nested_branch_dag' retrieved from /home/airflow/.local/lib/python3.12/site-packages/airflow/example_dags/example_nested_branch_dag.py
[2026-04-12T11:34:53.184+0000] {logging_mixin.py:190} INFO - [2026-04-12T11:34:53.184+0000] {dag.py:3239} INFO - Sync 1 DAGs
[2026-04-12T11:34:53.202+0000] {logging_mixin.py:190} INFO - [2026-04-12T11:34:53.202+0000] {dag.py:4180} INFO - Setting next_dagrun for example_nested_branch_dag to 2026-04-11 00:00:00+00:00, run_after=2026-04-12 00:00:00+00:00
[2026-04-12T11:34:53.213+0000] {processor.py:208} INFO - Processing /home/airflow/.local/lib/python3.12/site-packages/airflow/example_dags/example_nested_branch_dag.py took 0.062 seconds
