[2026-04-12T11:12:31.309+0000] {processor.py:186} INFO - Started process (PID=286) to work on /home/airflow/.local/lib/python3.12/site-packages/airflow/example_dags/example_display_name.py
[2026-04-12T11:12:31.309+0000] {processor.py:914} INFO - Processing file /home/airflow/.local/lib/python3.12/site-packages/airflow/example_dags/example_display_name.py for tasks to queue
[2026-04-12T11:12:31.311+0000] {logging_mixin.py:190} INFO - [2026-04-12T11:12:31.311+0000] {dagbag.py:588} INFO - Filling up the DagBag from /home/airflow/.local/lib/python3.12/site-packages/airflow/example_dags/example_display_name.py
[2026-04-12T11:12:31.318+0000] {processor.py:925} INFO - DAG(s) 'example_display_name' retrieved from /home/airflow/.local/lib/python3.12/site-packages/airflow/example_dags/example_display_name.py
[2026-04-12T11:12:31.429+0000] {logging_mixin.py:190} INFO - [2026-04-12T11:12:31.429+0000] {override.py:1912} INFO - Created Permission View: can edit on DAG:example_display_name
[2026-04-12T11:12:31.440+0000] {logging_mixin.py:190} INFO - [2026-04-12T11:12:31.440+0000] {override.py:1912} INFO - Created Permission View: can delete on DAG:example_display_name
[2026-04-12T11:12:31.447+0000] {logging_mixin.py:190} INFO - [2026-04-12T11:12:31.446+0000] {override.py:1912} INFO - Created Permission View: can read on DAG:example_display_name
[2026-04-12T11:12:31.455+0000] {logging_mixin.py:190} INFO - [2026-04-12T11:12:31.455+0000] {override.py:1912} INFO - Created Permission View: can delete on DAG Run:example_display_name
[2026-04-12T11:12:31.466+0000] {logging_mixin.py:190} INFO - [2026-04-12T11:12:31.466+0000] {override.py:1912} INFO - Created Permission View: can create on DAG Run:example_display_name
[2026-04-12T11:12:31.470+0000] {logging_mixin.py:190} INFO - [2026-04-12T11:12:31.470+0000] {override.py:1912} INFO - Created Permission View: can read on DAG Run:example_display_name
[2026-04-12T11:12:31.474+0000] {logging_mixin.py:190} INFO - [2026-04-12T11:12:31.474+0000] {override.py:1912} INFO - Created Permission View: menu access on DAG Run:example_display_name
[2026-04-12T11:12:31.475+0000] {logging_mixin.py:190} INFO - [2026-04-12T11:12:31.475+0000] {dag.py:3239} INFO - Sync 1 DAGs
[2026-04-12T11:12:31.484+0000] {logging_mixin.py:190} INFO - [2026-04-12T11:12:31.484+0000] {dag.py:3262} INFO - Creating ORM DAG for example_display_name
[2026-04-12T11:12:31.485+0000] {logging_mixin.py:190} INFO - [2026-04-12T11:12:31.485+0000] {dag.py:4180} INFO - Setting next_dagrun for example_display_name to None, run_after=None
[2026-04-12T11:12:31.495+0000] {processor.py:208} INFO - Processing /home/airflow/.local/lib/python3.12/site-packages/airflow/example_dags/example_display_name.py took 0.192 seconds
[2026-04-12T11:13:02.370+0000] {processor.py:186} INFO - Started process (PID=583) to work on /home/airflow/.local/lib/python3.12/site-packages/airflow/example_dags/example_display_name.py
[2026-04-12T11:13:02.371+0000] {processor.py:914} INFO - Processing file /home/airflow/.local/lib/python3.12/site-packages/airflow/example_dags/example_display_name.py for tasks to queue
[2026-04-12T11:13:02.372+0000] {logging_mixin.py:190} INFO - [2026-04-12T11:13:02.372+0000] {dagbag.py:588} INFO - Filling up the DagBag from /home/airflow/.local/lib/python3.12/site-packages/airflow/example_dags/example_display_name.py
[2026-04-12T11:13:02.378+0000] {processor.py:925} INFO - DAG(s) 'example_display_name' retrieved from /home/airflow/.local/lib/python3.12/site-packages/airflow/example_dags/example_display_name.py
[2026-04-12T11:13:02.394+0000] {logging_mixin.py:190} INFO - [2026-04-12T11:13:02.394+0000] {dag.py:3239} INFO - Sync 1 DAGs
[2026-04-12T11:13:02.405+0000] {logging_mixin.py:190} INFO - [2026-04-12T11:13:02.405+0000] {dag.py:4180} INFO - Setting next_dagrun for example_display_name to None, run_after=None
[2026-04-12T11:13:02.425+0000] {processor.py:208} INFO - Processing /home/airflow/.local/lib/python3.12/site-packages/airflow/example_dags/example_display_name.py took 0.059 seconds
[2026-04-12T11:13:32.747+0000] {processor.py:186} INFO - Started process (PID=880) to work on /home/airflow/.local/lib/python3.12/site-packages/airflow/example_dags/example_display_name.py
[2026-04-12T11:13:32.749+0000] {processor.py:914} INFO - Processing file /home/airflow/.local/lib/python3.12/site-packages/airflow/example_dags/example_display_name.py for tasks to queue
[2026-04-12T11:13:32.751+0000] {logging_mixin.py:190} INFO - [2026-04-12T11:13:32.751+0000] {dagbag.py:588} INFO - Filling up the DagBag from /home/airflow/.local/lib/python3.12/site-packages/airflow/example_dags/example_display_name.py
[2026-04-12T11:13:32.756+0000] {processor.py:925} INFO - DAG(s) 'example_display_name' retrieved from /home/airflow/.local/lib/python3.12/site-packages/airflow/example_dags/example_display_name.py
[2026-04-12T11:13:32.777+0000] {logging_mixin.py:190} INFO - [2026-04-12T11:13:32.777+0000] {dag.py:3239} INFO - Sync 1 DAGs
[2026-04-12T11:13:32.798+0000] {logging_mixin.py:190} INFO - [2026-04-12T11:13:32.798+0000] {dag.py:4180} INFO - Setting next_dagrun for example_display_name to None, run_after=None
[2026-04-12T11:13:32.820+0000] {processor.py:208} INFO - Processing /home/airflow/.local/lib/python3.12/site-packages/airflow/example_dags/example_display_name.py took 0.077 seconds
[2026-04-12T11:14:03.467+0000] {processor.py:186} INFO - Started process (PID=1176) to work on /home/airflow/.local/lib/python3.12/site-packages/airflow/example_dags/example_display_name.py
[2026-04-12T11:14:03.468+0000] {processor.py:914} INFO - Processing file /home/airflow/.local/lib/python3.12/site-packages/airflow/example_dags/example_display_name.py for tasks to queue
[2026-04-12T11:14:03.471+0000] {logging_mixin.py:190} INFO - [2026-04-12T11:14:03.470+0000] {dagbag.py:588} INFO - Filling up the DagBag from /home/airflow/.local/lib/python3.12/site-packages/airflow/example_dags/example_display_name.py
[2026-04-12T11:14:03.480+0000] {processor.py:925} INFO - DAG(s) 'example_display_name' retrieved from /home/airflow/.local/lib/python3.12/site-packages/airflow/example_dags/example_display_name.py
[2026-04-12T11:14:03.524+0000] {logging_mixin.py:190} INFO - [2026-04-12T11:14:03.523+0000] {dag.py:3239} INFO - Sync 1 DAGs
[2026-04-12T11:14:03.542+0000] {logging_mixin.py:190} INFO - [2026-04-12T11:14:03.542+0000] {dag.py:4180} INFO - Setting next_dagrun for example_display_name to None, run_after=None
[2026-04-12T11:14:03.564+0000] {processor.py:208} INFO - Processing /home/airflow/.local/lib/python3.12/site-packages/airflow/example_dags/example_display_name.py took 0.105 seconds
[2026-04-12T11:14:34.388+0000] {processor.py:186} INFO - Started process (PID=1472) to work on /home/airflow/.local/lib/python3.12/site-packages/airflow/example_dags/example_display_name.py
[2026-04-12T11:14:34.389+0000] {processor.py:914} INFO - Processing file /home/airflow/.local/lib/python3.12/site-packages/airflow/example_dags/example_display_name.py for tasks to queue
[2026-04-12T11:14:34.391+0000] {logging_mixin.py:190} INFO - [2026-04-12T11:14:34.391+0000] {dagbag.py:588} INFO - Filling up the DagBag from /home/airflow/.local/lib/python3.12/site-packages/airflow/example_dags/example_display_name.py
[2026-04-12T11:14:34.399+0000] {processor.py:925} INFO - DAG(s) 'example_display_name' retrieved from /home/airflow/.local/lib/python3.12/site-packages/airflow/example_dags/example_display_name.py
[2026-04-12T11:14:34.426+0000] {logging_mixin.py:190} INFO - [2026-04-12T11:14:34.425+0000] {dag.py:3239} INFO - Sync 1 DAGs
[2026-04-12T11:14:34.443+0000] {logging_mixin.py:190} INFO - [2026-04-12T11:14:34.442+0000] {dag.py:4180} INFO - Setting next_dagrun for example_display_name to None, run_after=None
[2026-04-12T11:14:34.468+0000] {processor.py:208} INFO - Processing /home/airflow/.local/lib/python3.12/site-packages/airflow/example_dags/example_display_name.py took 0.085 seconds
[2026-04-12T11:15:04.689+0000] {processor.py:186} INFO - Started process (PID=1769) to work on /home/airflow/.local/lib/python3.12/site-packages/airflow/example_dags/example_display_name.py
[2026-04-12T11:15:04.690+0000] {processor.py:914} INFO - Processing file /home/airflow/.local/lib/python3.12/site-packages/airflow/example_dags/example_display_name.py for tasks to queue
[2026-04-12T11:15:04.691+0000] {logging_mixin.py:190} INFO - [2026-04-12T11:15:04.691+0000] {dagbag.py:588} INFO - Filling up the DagBag from /home/airflow/.local/lib/python3.12/site-packages/airflow/example_dags/example_display_name.py
[2026-04-12T11:15:04.697+0000] {processor.py:925} INFO - DAG(s) 'example_display_name' retrieved from /home/airflow/.local/lib/python3.12/site-packages/airflow/example_dags/example_display_name.py
[2026-04-12T11:15:04.714+0000] {logging_mixin.py:190} INFO - [2026-04-12T11:15:04.714+0000] {dag.py:3239} INFO - Sync 1 DAGs
[2026-04-12T11:15:04.727+0000] {logging_mixin.py:190} INFO - [2026-04-12T11:15:04.727+0000] {dag.py:4180} INFO - Setting next_dagrun for example_display_name to None, run_after=None
[2026-04-12T11:15:04.749+0000] {processor.py:208} INFO - Processing /home/airflow/.local/lib/python3.12/site-packages/airflow/example_dags/example_display_name.py took 0.066 seconds
[2026-04-12T11:15:35.015+0000] {processor.py:186} INFO - Started process (PID=2063) to work on /home/airflow/.local/lib/python3.12/site-packages/airflow/example_dags/example_display_name.py
[2026-04-12T11:15:35.020+0000] {processor.py:914} INFO - Processing file /home/airflow/.local/lib/python3.12/site-packages/airflow/example_dags/example_display_name.py for tasks to queue
[2026-04-12T11:15:35.024+0000] {logging_mixin.py:190} INFO - [2026-04-12T11:15:35.023+0000] {dagbag.py:588} INFO - Filling up the DagBag from /home/airflow/.local/lib/python3.12/site-packages/airflow/example_dags/example_display_name.py
[2026-04-12T11:15:35.041+0000] {processor.py:925} INFO - DAG(s) 'example_display_name' retrieved from /home/airflow/.local/lib/python3.12/site-packages/airflow/example_dags/example_display_name.py
[2026-04-12T11:15:35.074+0000] {logging_mixin.py:190} INFO - [2026-04-12T11:15:35.074+0000] {dag.py:3239} INFO - Sync 1 DAGs
[2026-04-12T11:15:35.095+0000] {logging_mixin.py:190} INFO - [2026-04-12T11:15:35.094+0000] {dag.py:4180} INFO - Setting next_dagrun for example_display_name to None, run_after=None
[2026-04-12T11:15:35.122+0000] {processor.py:208} INFO - Processing /home/airflow/.local/lib/python3.12/site-packages/airflow/example_dags/example_display_name.py took 0.121 seconds
[2026-04-12T11:16:05.433+0000] {processor.py:186} INFO - Started process (PID=2361) to work on /home/airflow/.local/lib/python3.12/site-packages/airflow/example_dags/example_display_name.py
[2026-04-12T11:16:05.434+0000] {processor.py:914} INFO - Processing file /home/airflow/.local/lib/python3.12/site-packages/airflow/example_dags/example_display_name.py for tasks to queue
[2026-04-12T11:16:05.435+0000] {logging_mixin.py:190} INFO - [2026-04-12T11:16:05.435+0000] {dagbag.py:588} INFO - Filling up the DagBag from /home/airflow/.local/lib/python3.12/site-packages/airflow/example_dags/example_display_name.py
[2026-04-12T11:16:05.440+0000] {processor.py:925} INFO - DAG(s) 'example_display_name' retrieved from /home/airflow/.local/lib/python3.12/site-packages/airflow/example_dags/example_display_name.py
[2026-04-12T11:16:05.455+0000] {logging_mixin.py:190} INFO - [2026-04-12T11:16:05.455+0000] {dag.py:3239} INFO - Sync 1 DAGs
[2026-04-12T11:16:05.465+0000] {logging_mixin.py:190} INFO - [2026-04-12T11:16:05.465+0000] {dag.py:4180} INFO - Setting next_dagrun for example_display_name to None, run_after=None
[2026-04-12T11:16:05.479+0000] {processor.py:208} INFO - Processing /home/airflow/.local/lib/python3.12/site-packages/airflow/example_dags/example_display_name.py took 0.049 seconds
[2026-04-12T11:16:35.623+0000] {processor.py:186} INFO - Started process (PID=2657) to work on /home/airflow/.local/lib/python3.12/site-packages/airflow/example_dags/example_display_name.py
[2026-04-12T11:16:35.624+0000] {processor.py:914} INFO - Processing file /home/airflow/.local/lib/python3.12/site-packages/airflow/example_dags/example_display_name.py for tasks to queue
[2026-04-12T11:16:35.626+0000] {logging_mixin.py:190} INFO - [2026-04-12T11:16:35.625+0000] {dagbag.py:588} INFO - Filling up the DagBag from /home/airflow/.local/lib/python3.12/site-packages/airflow/example_dags/example_display_name.py
[2026-04-12T11:16:35.631+0000] {processor.py:925} INFO - DAG(s) 'example_display_name' retrieved from /home/airflow/.local/lib/python3.12/site-packages/airflow/example_dags/example_display_name.py
[2026-04-12T11:16:35.657+0000] {logging_mixin.py:190} INFO - [2026-04-12T11:16:35.657+0000] {dag.py:3239} INFO - Sync 1 DAGs
[2026-04-12T11:16:35.667+0000] {logging_mixin.py:190} INFO - [2026-04-12T11:16:35.667+0000] {dag.py:4180} INFO - Setting next_dagrun for example_display_name to None, run_after=None
[2026-04-12T11:16:35.681+0000] {processor.py:208} INFO - Processing /home/airflow/.local/lib/python3.12/site-packages/airflow/example_dags/example_display_name.py took 0.063 seconds
[2026-04-12T11:17:06.654+0000] {processor.py:186} INFO - Started process (PID=2965) to work on /home/airflow/.local/lib/python3.12/site-packages/airflow/example_dags/example_display_name.py
[2026-04-12T11:17:06.655+0000] {processor.py:914} INFO - Processing file /home/airflow/.local/lib/python3.12/site-packages/airflow/example_dags/example_display_name.py for tasks to queue
[2026-04-12T11:17:06.657+0000] {logging_mixin.py:190} INFO - [2026-04-12T11:17:06.657+0000] {dagbag.py:588} INFO - Filling up the DagBag from /home/airflow/.local/lib/python3.12/site-packages/airflow/example_dags/example_display_name.py
[2026-04-12T11:17:06.665+0000] {processor.py:925} INFO - DAG(s) 'example_display_name' retrieved from /home/airflow/.local/lib/python3.12/site-packages/airflow/example_dags/example_display_name.py
[2026-04-12T11:17:06.688+0000] {logging_mixin.py:190} INFO - [2026-04-12T11:17:06.688+0000] {dag.py:3239} INFO - Sync 1 DAGs
[2026-04-12T11:17:06.708+0000] {logging_mixin.py:190} INFO - [2026-04-12T11:17:06.707+0000] {dag.py:4180} INFO - Setting next_dagrun for example_display_name to None, run_after=None
[2026-04-12T11:17:06.736+0000] {processor.py:208} INFO - Processing /home/airflow/.local/lib/python3.12/site-packages/airflow/example_dags/example_display_name.py took 0.088 seconds
[2026-04-12T11:17:37.575+0000] {processor.py:186} INFO - Started process (PID=3261) to work on /home/airflow/.local/lib/python3.12/site-packages/airflow/example_dags/example_display_name.py
[2026-04-12T11:17:37.576+0000] {processor.py:914} INFO - Processing file /home/airflow/.local/lib/python3.12/site-packages/airflow/example_dags/example_display_name.py for tasks to queue
[2026-04-12T11:17:37.579+0000] {logging_mixin.py:190} INFO - [2026-04-12T11:17:37.579+0000] {dagbag.py:588} INFO - Filling up the DagBag from /home/airflow/.local/lib/python3.12/site-packages/airflow/example_dags/example_display_name.py
[2026-04-12T11:17:37.588+0000] {processor.py:925} INFO - DAG(s) 'example_display_name' retrieved from /home/airflow/.local/lib/python3.12/site-packages/airflow/example_dags/example_display_name.py
[2026-04-12T11:17:37.603+0000] {logging_mixin.py:190} INFO - [2026-04-12T11:17:37.603+0000] {dag.py:3239} INFO - Sync 1 DAGs
[2026-04-12T11:17:37.614+0000] {logging_mixin.py:190} INFO - [2026-04-12T11:17:37.614+0000] {dag.py:4180} INFO - Setting next_dagrun for example_display_name to None, run_after=None
[2026-04-12T11:17:37.631+0000] {processor.py:208} INFO - Processing /home/airflow/.local/lib/python3.12/site-packages/airflow/example_dags/example_display_name.py took 0.063 seconds
[2026-04-12T11:18:08.151+0000] {processor.py:186} INFO - Started process (PID=3563) to work on /home/airflow/.local/lib/python3.12/site-packages/airflow/example_dags/example_display_name.py
[2026-04-12T11:18:08.152+0000] {processor.py:914} INFO - Processing file /home/airflow/.local/lib/python3.12/site-packages/airflow/example_dags/example_display_name.py for tasks to queue
[2026-04-12T11:18:08.156+0000] {logging_mixin.py:190} INFO - [2026-04-12T11:18:08.155+0000] {dagbag.py:588} INFO - Filling up the DagBag from /home/airflow/.local/lib/python3.12/site-packages/airflow/example_dags/example_display_name.py
[2026-04-12T11:18:08.163+0000] {processor.py:925} INFO - DAG(s) 'example_display_name' retrieved from /home/airflow/.local/lib/python3.12/site-packages/airflow/example_dags/example_display_name.py
[2026-04-12T11:18:08.188+0000] {logging_mixin.py:190} INFO - [2026-04-12T11:18:08.188+0000] {dag.py:3239} INFO - Sync 1 DAGs
[2026-04-12T11:18:08.212+0000] {logging_mixin.py:190} INFO - [2026-04-12T11:18:08.211+0000] {dag.py:4180} INFO - Setting next_dagrun for example_display_name to None, run_after=None
[2026-04-12T11:18:08.236+0000] {processor.py:208} INFO - Processing /home/airflow/.local/lib/python3.12/site-packages/airflow/example_dags/example_display_name.py took 0.093 seconds
[2026-04-12T11:18:38.721+0000] {processor.py:186} INFO - Started process (PID=3862) to work on /home/airflow/.local/lib/python3.12/site-packages/airflow/example_dags/example_display_name.py
[2026-04-12T11:18:38.722+0000] {processor.py:914} INFO - Processing file /home/airflow/.local/lib/python3.12/site-packages/airflow/example_dags/example_display_name.py for tasks to queue
[2026-04-12T11:18:38.724+0000] {logging_mixin.py:190} INFO - [2026-04-12T11:18:38.724+0000] {dagbag.py:588} INFO - Filling up the DagBag from /home/airflow/.local/lib/python3.12/site-packages/airflow/example_dags/example_display_name.py
[2026-04-12T11:18:38.732+0000] {processor.py:925} INFO - DAG(s) 'example_display_name' retrieved from /home/airflow/.local/lib/python3.12/site-packages/airflow/example_dags/example_display_name.py
[2026-04-12T11:18:38.758+0000] {logging_mixin.py:190} INFO - [2026-04-12T11:18:38.758+0000] {dag.py:3239} INFO - Sync 1 DAGs
[2026-04-12T11:18:38.770+0000] {logging_mixin.py:190} INFO - [2026-04-12T11:18:38.770+0000] {dag.py:4180} INFO - Setting next_dagrun for example_display_name to None, run_after=None
[2026-04-12T11:18:38.787+0000] {processor.py:208} INFO - Processing /home/airflow/.local/lib/python3.12/site-packages/airflow/example_dags/example_display_name.py took 0.072 seconds
[2026-04-12T11:19:09.096+0000] {processor.py:186} INFO - Started process (PID=4173) to work on /home/airflow/.local/lib/python3.12/site-packages/airflow/example_dags/example_display_name.py
[2026-04-12T11:19:09.097+0000] {processor.py:914} INFO - Processing file /home/airflow/.local/lib/python3.12/site-packages/airflow/example_dags/example_display_name.py for tasks to queue
[2026-04-12T11:19:09.099+0000] {logging_mixin.py:190} INFO - [2026-04-12T11:19:09.099+0000] {dagbag.py:588} INFO - Filling up the DagBag from /home/airflow/.local/lib/python3.12/site-packages/airflow/example_dags/example_display_name.py
[2026-04-12T11:19:09.106+0000] {processor.py:925} INFO - DAG(s) 'example_display_name' retrieved from /home/airflow/.local/lib/python3.12/site-packages/airflow/example_dags/example_display_name.py
[2026-04-12T11:19:09.123+0000] {logging_mixin.py:190} INFO - [2026-04-12T11:19:09.122+0000] {dag.py:3239} INFO - Sync 1 DAGs
[2026-04-12T11:19:09.132+0000] {logging_mixin.py:190} INFO - [2026-04-12T11:19:09.132+0000] {dag.py:4180} INFO - Setting next_dagrun for example_display_name to None, run_after=None
[2026-04-12T11:19:09.142+0000] {processor.py:208} INFO - Processing /home/airflow/.local/lib/python3.12/site-packages/airflow/example_dags/example_display_name.py took 0.051 seconds
[2026-04-12T11:19:39.927+0000] {processor.py:186} INFO - Started process (PID=4469) to work on /home/airflow/.local/lib/python3.12/site-packages/airflow/example_dags/example_display_name.py
[2026-04-12T11:19:39.928+0000] {processor.py:914} INFO - Processing file /home/airflow/.local/lib/python3.12/site-packages/airflow/example_dags/example_display_name.py for tasks to queue
[2026-04-12T11:19:39.930+0000] {logging_mixin.py:190} INFO - [2026-04-12T11:19:39.930+0000] {dagbag.py:588} INFO - Filling up the DagBag from /home/airflow/.local/lib/python3.12/site-packages/airflow/example_dags/example_display_name.py
[2026-04-12T11:19:39.938+0000] {processor.py:925} INFO - DAG(s) 'example_display_name' retrieved from /home/airflow/.local/lib/python3.12/site-packages/airflow/example_dags/example_display_name.py
[2026-04-12T11:19:39.954+0000] {logging_mixin.py:190} INFO - [2026-04-12T11:19:39.954+0000] {dag.py:3239} INFO - Sync 1 DAGs
[2026-04-12T11:19:39.964+0000] {logging_mixin.py:190} INFO - [2026-04-12T11:19:39.964+0000] {dag.py:4180} INFO - Setting next_dagrun for example_display_name to None, run_after=None
[2026-04-12T11:19:39.980+0000] {processor.py:208} INFO - Processing /home/airflow/.local/lib/python3.12/site-packages/airflow/example_dags/example_display_name.py took 0.058 seconds
[2026-04-12T11:20:10.833+0000] {processor.py:186} INFO - Started process (PID=4765) to work on /home/airflow/.local/lib/python3.12/site-packages/airflow/example_dags/example_display_name.py
[2026-04-12T11:20:10.837+0000] {processor.py:914} INFO - Processing file /home/airflow/.local/lib/python3.12/site-packages/airflow/example_dags/example_display_name.py for tasks to queue
[2026-04-12T11:20:10.838+0000] {logging_mixin.py:190} INFO - [2026-04-12T11:20:10.838+0000] {dagbag.py:588} INFO - Filling up the DagBag from /home/airflow/.local/lib/python3.12/site-packages/airflow/example_dags/example_display_name.py
[2026-04-12T11:20:10.844+0000] {processor.py:925} INFO - DAG(s) 'example_display_name' retrieved from /home/airflow/.local/lib/python3.12/site-packages/airflow/example_dags/example_display_name.py
[2026-04-12T11:20:10.863+0000] {logging_mixin.py:190} INFO - [2026-04-12T11:20:10.862+0000] {dag.py:3239} INFO - Sync 1 DAGs
[2026-04-12T11:20:10.879+0000] {logging_mixin.py:190} INFO - [2026-04-12T11:20:10.878+0000] {dag.py:4180} INFO - Setting next_dagrun for example_display_name to None, run_after=None
[2026-04-12T11:20:10.892+0000] {processor.py:208} INFO - Processing /home/airflow/.local/lib/python3.12/site-packages/airflow/example_dags/example_display_name.py took 0.062 seconds
[2026-04-12T11:20:43.645+0000] {processor.py:186} INFO - Started process (PID=5061) to work on /home/airflow/.local/lib/python3.12/site-packages/airflow/example_dags/example_display_name.py
[2026-04-12T11:20:43.650+0000] {processor.py:914} INFO - Processing file /home/airflow/.local/lib/python3.12/site-packages/airflow/example_dags/example_display_name.py for tasks to queue
[2026-04-12T11:20:43.657+0000] {logging_mixin.py:190} INFO - [2026-04-12T11:20:43.657+0000] {dagbag.py:588} INFO - Filling up the DagBag from /home/airflow/.local/lib/python3.12/site-packages/airflow/example_dags/example_display_name.py
[2026-04-12T11:20:43.669+0000] {processor.py:925} INFO - DAG(s) 'example_display_name' retrieved from /home/airflow/.local/lib/python3.12/site-packages/airflow/example_dags/example_display_name.py
[2026-04-12T11:20:43.707+0000] {logging_mixin.py:190} INFO - [2026-04-12T11:20:43.706+0000] {dag.py:3239} INFO - Sync 1 DAGs
[2026-04-12T11:20:43.736+0000] {logging_mixin.py:190} INFO - [2026-04-12T11:20:43.736+0000] {dag.py:4180} INFO - Setting next_dagrun for example_display_name to None, run_after=None
[2026-04-12T11:20:43.764+0000] {processor.py:208} INFO - Processing /home/airflow/.local/lib/python3.12/site-packages/airflow/example_dags/example_display_name.py took 0.130 seconds
[2026-04-12T11:21:14.536+0000] {processor.py:186} INFO - Started process (PID=5359) to work on /home/airflow/.local/lib/python3.12/site-packages/airflow/example_dags/example_display_name.py
[2026-04-12T11:21:14.538+0000] {processor.py:914} INFO - Processing file /home/airflow/.local/lib/python3.12/site-packages/airflow/example_dags/example_display_name.py for tasks to queue
[2026-04-12T11:21:14.540+0000] {logging_mixin.py:190} INFO - [2026-04-12T11:21:14.540+0000] {dagbag.py:588} INFO - Filling up the DagBag from /home/airflow/.local/lib/python3.12/site-packages/airflow/example_dags/example_display_name.py
[2026-04-12T11:21:14.549+0000] {processor.py:925} INFO - DAG(s) 'example_display_name' retrieved from /home/airflow/.local/lib/python3.12/site-packages/airflow/example_dags/example_display_name.py
[2026-04-12T11:21:14.579+0000] {logging_mixin.py:190} INFO - [2026-04-12T11:21:14.579+0000] {dag.py:3239} INFO - Sync 1 DAGs
[2026-04-12T11:21:14.616+0000] {logging_mixin.py:190} INFO - [2026-04-12T11:21:14.615+0000] {dag.py:4180} INFO - Setting next_dagrun for example_display_name to None, run_after=None
[2026-04-12T11:21:14.644+0000] {processor.py:208} INFO - Processing /home/airflow/.local/lib/python3.12/site-packages/airflow/example_dags/example_display_name.py took 0.116 seconds
[2026-04-12T11:21:45.121+0000] {processor.py:186} INFO - Started process (PID=5655) to work on /home/airflow/.local/lib/python3.12/site-packages/airflow/example_dags/example_display_name.py
[2026-04-12T11:21:45.122+0000] {processor.py:914} INFO - Processing file /home/airflow/.local/lib/python3.12/site-packages/airflow/example_dags/example_display_name.py for tasks to queue
[2026-04-12T11:21:45.124+0000] {logging_mixin.py:190} INFO - [2026-04-12T11:21:45.124+0000] {dagbag.py:588} INFO - Filling up the DagBag from /home/airflow/.local/lib/python3.12/site-packages/airflow/example_dags/example_display_name.py
[2026-04-12T11:21:45.129+0000] {processor.py:925} INFO - DAG(s) 'example_display_name' retrieved from /home/airflow/.local/lib/python3.12/site-packages/airflow/example_dags/example_display_name.py
[2026-04-12T11:21:45.142+0000] {logging_mixin.py:190} INFO - [2026-04-12T11:21:45.141+0000] {dag.py:3239} INFO - Sync 1 DAGs
[2026-04-12T11:21:45.150+0000] {logging_mixin.py:190} INFO - [2026-04-12T11:21:45.150+0000] {dag.py:4180} INFO - Setting next_dagrun for example_display_name to None, run_after=None
[2026-04-12T11:21:45.161+0000] {processor.py:208} INFO - Processing /home/airflow/.local/lib/python3.12/site-packages/airflow/example_dags/example_display_name.py took 0.045 seconds
[2026-04-12T11:22:15.256+0000] {processor.py:186} INFO - Started process (PID=5951) to work on /home/airflow/.local/lib/python3.12/site-packages/airflow/example_dags/example_display_name.py
[2026-04-12T11:22:15.257+0000] {processor.py:914} INFO - Processing file /home/airflow/.local/lib/python3.12/site-packages/airflow/example_dags/example_display_name.py for tasks to queue
[2026-04-12T11:22:15.258+0000] {logging_mixin.py:190} INFO - [2026-04-12T11:22:15.258+0000] {dagbag.py:588} INFO - Filling up the DagBag from /home/airflow/.local/lib/python3.12/site-packages/airflow/example_dags/example_display_name.py
[2026-04-12T11:22:15.263+0000] {processor.py:925} INFO - DAG(s) 'example_display_name' retrieved from /home/airflow/.local/lib/python3.12/site-packages/airflow/example_dags/example_display_name.py
[2026-04-12T11:22:15.279+0000] {logging_mixin.py:190} INFO - [2026-04-12T11:22:15.279+0000] {dag.py:3239} INFO - Sync 1 DAGs
[2026-04-12T11:22:15.289+0000] {logging_mixin.py:190} INFO - [2026-04-12T11:22:15.289+0000] {dag.py:4180} INFO - Setting next_dagrun for example_display_name to None, run_after=None
[2026-04-12T11:22:15.302+0000] {processor.py:208} INFO - Processing /home/airflow/.local/lib/python3.12/site-packages/airflow/example_dags/example_display_name.py took 0.050 seconds
[2026-04-12T11:22:45.496+0000] {processor.py:186} INFO - Started process (PID=6246) to work on /home/airflow/.local/lib/python3.12/site-packages/airflow/example_dags/example_display_name.py
[2026-04-12T11:22:45.496+0000] {processor.py:914} INFO - Processing file /home/airflow/.local/lib/python3.12/site-packages/airflow/example_dags/example_display_name.py for tasks to queue
[2026-04-12T11:22:45.498+0000] {logging_mixin.py:190} INFO - [2026-04-12T11:22:45.498+0000] {dagbag.py:588} INFO - Filling up the DagBag from /home/airflow/.local/lib/python3.12/site-packages/airflow/example_dags/example_display_name.py
[2026-04-12T11:22:45.508+0000] {processor.py:925} INFO - DAG(s) 'example_display_name' retrieved from /home/airflow/.local/lib/python3.12/site-packages/airflow/example_dags/example_display_name.py
[2026-04-12T11:22:45.527+0000] {logging_mixin.py:190} INFO - [2026-04-12T11:22:45.527+0000] {dag.py:3239} INFO - Sync 1 DAGs
[2026-04-12T11:22:45.539+0000] {logging_mixin.py:190} INFO - [2026-04-12T11:22:45.539+0000] {dag.py:4180} INFO - Setting next_dagrun for example_display_name to None, run_after=None
[2026-04-12T11:22:45.558+0000] {processor.py:208} INFO - Processing /home/airflow/.local/lib/python3.12/site-packages/airflow/example_dags/example_display_name.py took 0.067 seconds
[2026-04-12T11:23:15.668+0000] {processor.py:186} INFO - Started process (PID=6542) to work on /home/airflow/.local/lib/python3.12/site-packages/airflow/example_dags/example_display_name.py
[2026-04-12T11:23:15.669+0000] {processor.py:914} INFO - Processing file /home/airflow/.local/lib/python3.12/site-packages/airflow/example_dags/example_display_name.py for tasks to queue
[2026-04-12T11:23:15.670+0000] {logging_mixin.py:190} INFO - [2026-04-12T11:23:15.670+0000] {dagbag.py:588} INFO - Filling up the DagBag from /home/airflow/.local/lib/python3.12/site-packages/airflow/example_dags/example_display_name.py
[2026-04-12T11:23:15.679+0000] {processor.py:925} INFO - DAG(s) 'example_display_name' retrieved from /home/airflow/.local/lib/python3.12/site-packages/airflow/example_dags/example_display_name.py
[2026-04-12T11:23:15.697+0000] {logging_mixin.py:190} INFO - [2026-04-12T11:23:15.697+0000] {dag.py:3239} INFO - Sync 1 DAGs
[2026-04-12T11:23:15.706+0000] {logging_mixin.py:190} INFO - [2026-04-12T11:23:15.706+0000] {dag.py:4180} INFO - Setting next_dagrun for example_display_name to None, run_after=None
[2026-04-12T11:23:15.722+0000] {processor.py:208} INFO - Processing /home/airflow/.local/lib/python3.12/site-packages/airflow/example_dags/example_display_name.py took 0.060 seconds
[2026-04-12T11:23:46.232+0000] {processor.py:186} INFO - Started process (PID=6836) to work on /home/airflow/.local/lib/python3.12/site-packages/airflow/example_dags/example_display_name.py
[2026-04-12T11:23:46.233+0000] {processor.py:914} INFO - Processing file /home/airflow/.local/lib/python3.12/site-packages/airflow/example_dags/example_display_name.py for tasks to queue
[2026-04-12T11:23:46.236+0000] {logging_mixin.py:190} INFO - [2026-04-12T11:23:46.235+0000] {dagbag.py:588} INFO - Filling up the DagBag from /home/airflow/.local/lib/python3.12/site-packages/airflow/example_dags/example_display_name.py
[2026-04-12T11:23:46.241+0000] {processor.py:925} INFO - DAG(s) 'example_display_name' retrieved from /home/airflow/.local/lib/python3.12/site-packages/airflow/example_dags/example_display_name.py
[2026-04-12T11:23:46.253+0000] {logging_mixin.py:190} INFO - [2026-04-12T11:23:46.253+0000] {dag.py:3239} INFO - Sync 1 DAGs
[2026-04-12T11:23:46.261+0000] {logging_mixin.py:190} INFO - [2026-04-12T11:23:46.261+0000] {dag.py:4180} INFO - Setting next_dagrun for example_display_name to None, run_after=None
[2026-04-12T11:23:46.283+0000] {processor.py:208} INFO - Processing /home/airflow/.local/lib/python3.12/site-packages/airflow/example_dags/example_display_name.py took 0.055 seconds
[2026-04-12T11:24:16.536+0000] {processor.py:186} INFO - Started process (PID=7132) to work on /home/airflow/.local/lib/python3.12/site-packages/airflow/example_dags/example_display_name.py
[2026-04-12T11:24:16.540+0000] {processor.py:914} INFO - Processing file /home/airflow/.local/lib/python3.12/site-packages/airflow/example_dags/example_display_name.py for tasks to queue
[2026-04-12T11:24:16.541+0000] {logging_mixin.py:190} INFO - [2026-04-12T11:24:16.541+0000] {dagbag.py:588} INFO - Filling up the DagBag from /home/airflow/.local/lib/python3.12/site-packages/airflow/example_dags/example_display_name.py
[2026-04-12T11:24:16.547+0000] {processor.py:925} INFO - DAG(s) 'example_display_name' retrieved from /home/airflow/.local/lib/python3.12/site-packages/airflow/example_dags/example_display_name.py
[2026-04-12T11:24:16.561+0000] {logging_mixin.py:190} INFO - [2026-04-12T11:24:16.561+0000] {dag.py:3239} INFO - Sync 1 DAGs
[2026-04-12T11:24:16.570+0000] {logging_mixin.py:190} INFO - [2026-04-12T11:24:16.570+0000] {dag.py:4180} INFO - Setting next_dagrun for example_display_name to None, run_after=None
[2026-04-12T11:24:16.586+0000] {processor.py:208} INFO - Processing /home/airflow/.local/lib/python3.12/site-packages/airflow/example_dags/example_display_name.py took 0.054 seconds
[2026-04-12T11:24:47.641+0000] {processor.py:186} INFO - Started process (PID=7428) to work on /home/airflow/.local/lib/python3.12/site-packages/airflow/example_dags/example_display_name.py
[2026-04-12T11:24:47.645+0000] {processor.py:914} INFO - Processing file /home/airflow/.local/lib/python3.12/site-packages/airflow/example_dags/example_display_name.py for tasks to queue
[2026-04-12T11:24:47.647+0000] {logging_mixin.py:190} INFO - [2026-04-12T11:24:47.646+0000] {dagbag.py:588} INFO - Filling up the DagBag from /home/airflow/.local/lib/python3.12/site-packages/airflow/example_dags/example_display_name.py
[2026-04-12T11:24:47.652+0000] {processor.py:925} INFO - DAG(s) 'example_display_name' retrieved from /home/airflow/.local/lib/python3.12/site-packages/airflow/example_dags/example_display_name.py
[2026-04-12T11:24:47.668+0000] {logging_mixin.py:190} INFO - [2026-04-12T11:24:47.668+0000] {dag.py:3239} INFO - Sync 1 DAGs
[2026-04-12T11:24:47.680+0000] {logging_mixin.py:190} INFO - [2026-04-12T11:24:47.679+0000] {dag.py:4180} INFO - Setting next_dagrun for example_display_name to None, run_after=None
[2026-04-12T11:24:47.691+0000] {processor.py:208} INFO - Processing /home/airflow/.local/lib/python3.12/site-packages/airflow/example_dags/example_display_name.py took 0.054 seconds
[2026-04-12T11:25:17.838+0000] {processor.py:186} INFO - Started process (PID=7724) to work on /home/airflow/.local/lib/python3.12/site-packages/airflow/example_dags/example_display_name.py
[2026-04-12T11:25:17.843+0000] {processor.py:914} INFO - Processing file /home/airflow/.local/lib/python3.12/site-packages/airflow/example_dags/example_display_name.py for tasks to queue
[2026-04-12T11:25:17.845+0000] {logging_mixin.py:190} INFO - [2026-04-12T11:25:17.845+0000] {dagbag.py:588} INFO - Filling up the DagBag from /home/airflow/.local/lib/python3.12/site-packages/airflow/example_dags/example_display_name.py
[2026-04-12T11:25:17.852+0000] {processor.py:925} INFO - DAG(s) 'example_display_name' retrieved from /home/airflow/.local/lib/python3.12/site-packages/airflow/example_dags/example_display_name.py
[2026-04-12T11:25:17.870+0000] {logging_mixin.py:190} INFO - [2026-04-12T11:25:17.870+0000] {dag.py:3239} INFO - Sync 1 DAGs
[2026-04-12T11:25:17.879+0000] {logging_mixin.py:190} INFO - [2026-04-12T11:25:17.879+0000] {dag.py:4180} INFO - Setting next_dagrun for example_display_name to None, run_after=None
[2026-04-12T11:25:17.893+0000] {processor.py:208} INFO - Processing /home/airflow/.local/lib/python3.12/site-packages/airflow/example_dags/example_display_name.py took 0.059 seconds
[2026-04-12T11:25:48.027+0000] {processor.py:186} INFO - Started process (PID=8020) to work on /home/airflow/.local/lib/python3.12/site-packages/airflow/example_dags/example_display_name.py
[2026-04-12T11:25:48.028+0000] {processor.py:914} INFO - Processing file /home/airflow/.local/lib/python3.12/site-packages/airflow/example_dags/example_display_name.py for tasks to queue
[2026-04-12T11:25:48.029+0000] {logging_mixin.py:190} INFO - [2026-04-12T11:25:48.029+0000] {dagbag.py:588} INFO - Filling up the DagBag from /home/airflow/.local/lib/python3.12/site-packages/airflow/example_dags/example_display_name.py
[2026-04-12T11:25:48.034+0000] {processor.py:925} INFO - DAG(s) 'example_display_name' retrieved from /home/airflow/.local/lib/python3.12/site-packages/airflow/example_dags/example_display_name.py
[2026-04-12T11:25:48.050+0000] {logging_mixin.py:190} INFO - [2026-04-12T11:25:48.050+0000] {dag.py:3239} INFO - Sync 1 DAGs
[2026-04-12T11:25:48.060+0000] {logging_mixin.py:190} INFO - [2026-04-12T11:25:48.059+0000] {dag.py:4180} INFO - Setting next_dagrun for example_display_name to None, run_after=None
[2026-04-12T11:25:48.076+0000] {processor.py:208} INFO - Processing /home/airflow/.local/lib/python3.12/site-packages/airflow/example_dags/example_display_name.py took 0.053 seconds
[2026-04-12T11:27:09.557+0000] {processor.py:186} INFO - Started process (PID=8190) to work on /home/airflow/.local/lib/python3.12/site-packages/airflow/example_dags/example_display_name.py
[2026-04-12T11:27:09.558+0000] {processor.py:914} INFO - Processing file /home/airflow/.local/lib/python3.12/site-packages/airflow/example_dags/example_display_name.py for tasks to queue
[2026-04-12T11:27:09.559+0000] {logging_mixin.py:190} INFO - [2026-04-12T11:27:09.559+0000] {dagbag.py:588} INFO - Filling up the DagBag from /home/airflow/.local/lib/python3.12/site-packages/airflow/example_dags/example_display_name.py
[2026-04-12T11:27:09.564+0000] {processor.py:925} INFO - DAG(s) 'example_display_name' retrieved from /home/airflow/.local/lib/python3.12/site-packages/airflow/example_dags/example_display_name.py
[2026-04-12T11:27:09.579+0000] {logging_mixin.py:190} INFO - [2026-04-12T11:27:09.579+0000] {dag.py:3239} INFO - Sync 1 DAGs
[2026-04-12T11:27:09.590+0000] {logging_mixin.py:190} INFO - [2026-04-12T11:27:09.589+0000] {dag.py:4180} INFO - Setting next_dagrun for example_display_name to None, run_after=None
[2026-04-12T11:27:09.605+0000] {processor.py:208} INFO - Processing /home/airflow/.local/lib/python3.12/site-packages/airflow/example_dags/example_display_name.py took 0.052 seconds
[2026-04-12T11:29:45.610+0000] {processor.py:186} INFO - Started process (PID=8486) to work on /home/airflow/.local/lib/python3.12/site-packages/airflow/example_dags/example_display_name.py
[2026-04-12T11:29:45.613+0000] {processor.py:914} INFO - Processing file /home/airflow/.local/lib/python3.12/site-packages/airflow/example_dags/example_display_name.py for tasks to queue
[2026-04-12T11:29:45.616+0000] {logging_mixin.py:190} INFO - [2026-04-12T11:29:45.615+0000] {dagbag.py:588} INFO - Filling up the DagBag from /home/airflow/.local/lib/python3.12/site-packages/airflow/example_dags/example_display_name.py
[2026-04-12T11:29:45.623+0000] {processor.py:925} INFO - DAG(s) 'example_display_name' retrieved from /home/airflow/.local/lib/python3.12/site-packages/airflow/example_dags/example_display_name.py
[2026-04-12T11:29:45.641+0000] {logging_mixin.py:190} INFO - [2026-04-12T11:29:45.641+0000] {dag.py:3239} INFO - Sync 1 DAGs
[2026-04-12T11:29:45.652+0000] {logging_mixin.py:190} INFO - [2026-04-12T11:29:45.651+0000] {dag.py:4180} INFO - Setting next_dagrun for example_display_name to None, run_after=None
[2026-04-12T11:29:45.675+0000] {processor.py:208} INFO - Processing /home/airflow/.local/lib/python3.12/site-packages/airflow/example_dags/example_display_name.py took 0.071 seconds
[2026-04-12T11:30:15.880+0000] {processor.py:186} INFO - Started process (PID=8782) to work on /home/airflow/.local/lib/python3.12/site-packages/airflow/example_dags/example_display_name.py
[2026-04-12T11:30:15.881+0000] {processor.py:914} INFO - Processing file /home/airflow/.local/lib/python3.12/site-packages/airflow/example_dags/example_display_name.py for tasks to queue
[2026-04-12T11:30:15.886+0000] {logging_mixin.py:190} INFO - [2026-04-12T11:30:15.886+0000] {dagbag.py:588} INFO - Filling up the DagBag from /home/airflow/.local/lib/python3.12/site-packages/airflow/example_dags/example_display_name.py
[2026-04-12T11:30:15.892+0000] {processor.py:925} INFO - DAG(s) 'example_display_name' retrieved from /home/airflow/.local/lib/python3.12/site-packages/airflow/example_dags/example_display_name.py
[2026-04-12T11:30:15.923+0000] {logging_mixin.py:190} INFO - [2026-04-12T11:30:15.922+0000] {dag.py:3239} INFO - Sync 1 DAGs
[2026-04-12T11:30:15.942+0000] {logging_mixin.py:190} INFO - [2026-04-12T11:30:15.942+0000] {dag.py:4180} INFO - Setting next_dagrun for example_display_name to None, run_after=None
[2026-04-12T11:30:15.955+0000] {processor.py:208} INFO - Processing /home/airflow/.local/lib/python3.12/site-packages/airflow/example_dags/example_display_name.py took 0.079 seconds
[2026-04-12T11:30:46.410+0000] {processor.py:186} INFO - Started process (PID=9078) to work on /home/airflow/.local/lib/python3.12/site-packages/airflow/example_dags/example_display_name.py
[2026-04-12T11:30:46.411+0000] {processor.py:914} INFO - Processing file /home/airflow/.local/lib/python3.12/site-packages/airflow/example_dags/example_display_name.py for tasks to queue
[2026-04-12T11:30:46.412+0000] {logging_mixin.py:190} INFO - [2026-04-12T11:30:46.412+0000] {dagbag.py:588} INFO - Filling up the DagBag from /home/airflow/.local/lib/python3.12/site-packages/airflow/example_dags/example_display_name.py
[2026-04-12T11:30:46.417+0000] {processor.py:925} INFO - DAG(s) 'example_display_name' retrieved from /home/airflow/.local/lib/python3.12/site-packages/airflow/example_dags/example_display_name.py
[2026-04-12T11:30:46.434+0000] {logging_mixin.py:190} INFO - [2026-04-12T11:30:46.434+0000] {dag.py:3239} INFO - Sync 1 DAGs
[2026-04-12T11:30:46.443+0000] {logging_mixin.py:190} INFO - [2026-04-12T11:30:46.443+0000] {dag.py:4180} INFO - Setting next_dagrun for example_display_name to None, run_after=None
[2026-04-12T11:30:46.462+0000] {processor.py:208} INFO - Processing /home/airflow/.local/lib/python3.12/site-packages/airflow/example_dags/example_display_name.py took 0.056 seconds
[2026-04-12T11:31:16.563+0000] {processor.py:186} INFO - Started process (PID=9373) to work on /home/airflow/.local/lib/python3.12/site-packages/airflow/example_dags/example_display_name.py
[2026-04-12T11:31:16.565+0000] {processor.py:914} INFO - Processing file /home/airflow/.local/lib/python3.12/site-packages/airflow/example_dags/example_display_name.py for tasks to queue
[2026-04-12T11:31:16.567+0000] {logging_mixin.py:190} INFO - [2026-04-12T11:31:16.567+0000] {dagbag.py:588} INFO - Filling up the DagBag from /home/airflow/.local/lib/python3.12/site-packages/airflow/example_dags/example_display_name.py
[2026-04-12T11:31:16.572+0000] {processor.py:925} INFO - DAG(s) 'example_display_name' retrieved from /home/airflow/.local/lib/python3.12/site-packages/airflow/example_dags/example_display_name.py
[2026-04-12T11:31:16.590+0000] {logging_mixin.py:190} INFO - [2026-04-12T11:31:16.590+0000] {dag.py:3239} INFO - Sync 1 DAGs
[2026-04-12T11:31:16.599+0000] {logging_mixin.py:190} INFO - [2026-04-12T11:31:16.599+0000] {dag.py:4180} INFO - Setting next_dagrun for example_display_name to None, run_after=None
[2026-04-12T11:31:16.610+0000] {processor.py:208} INFO - Processing /home/airflow/.local/lib/python3.12/site-packages/airflow/example_dags/example_display_name.py took 0.051 seconds
[2026-04-12T11:31:46.961+0000] {processor.py:186} INFO - Started process (PID=9669) to work on /home/airflow/.local/lib/python3.12/site-packages/airflow/example_dags/example_display_name.py
[2026-04-12T11:31:46.964+0000] {processor.py:914} INFO - Processing file /home/airflow/.local/lib/python3.12/site-packages/airflow/example_dags/example_display_name.py for tasks to queue
[2026-04-12T11:31:46.965+0000] {logging_mixin.py:190} INFO - [2026-04-12T11:31:46.965+0000] {dagbag.py:588} INFO - Filling up the DagBag from /home/airflow/.local/lib/python3.12/site-packages/airflow/example_dags/example_display_name.py
[2026-04-12T11:31:46.970+0000] {processor.py:925} INFO - DAG(s) 'example_display_name' retrieved from /home/airflow/.local/lib/python3.12/site-packages/airflow/example_dags/example_display_name.py
[2026-04-12T11:31:46.991+0000] {logging_mixin.py:190} INFO - [2026-04-12T11:31:46.991+0000] {dag.py:3239} INFO - Sync 1 DAGs
[2026-04-12T11:31:47.007+0000] {logging_mixin.py:190} INFO - [2026-04-12T11:31:47.007+0000] {dag.py:4180} INFO - Setting next_dagrun for example_display_name to None, run_after=None
[2026-04-12T11:31:47.021+0000] {processor.py:208} INFO - Processing /home/airflow/.local/lib/python3.12/site-packages/airflow/example_dags/example_display_name.py took 0.063 seconds
[2026-04-12T11:32:18.212+0000] {processor.py:186} INFO - Started process (PID=9965) to work on /home/airflow/.local/lib/python3.12/site-packages/airflow/example_dags/example_display_name.py
[2026-04-12T11:32:18.215+0000] {processor.py:914} INFO - Processing file /home/airflow/.local/lib/python3.12/site-packages/airflow/example_dags/example_display_name.py for tasks to queue
[2026-04-12T11:32:18.217+0000] {logging_mixin.py:190} INFO - [2026-04-12T11:32:18.217+0000] {dagbag.py:588} INFO - Filling up the DagBag from /home/airflow/.local/lib/python3.12/site-packages/airflow/example_dags/example_display_name.py
[2026-04-12T11:32:18.223+0000] {processor.py:925} INFO - DAG(s) 'example_display_name' retrieved from /home/airflow/.local/lib/python3.12/site-packages/airflow/example_dags/example_display_name.py
[2026-04-12T11:32:18.243+0000] {logging_mixin.py:190} INFO - [2026-04-12T11:32:18.243+0000] {dag.py:3239} INFO - Sync 1 DAGs
[2026-04-12T11:32:18.252+0000] {logging_mixin.py:190} INFO - [2026-04-12T11:32:18.252+0000] {dag.py:4180} INFO - Setting next_dagrun for example_display_name to None, run_after=None
[2026-04-12T11:32:18.263+0000] {processor.py:208} INFO - Processing /home/airflow/.local/lib/python3.12/site-packages/airflow/example_dags/example_display_name.py took 0.054 seconds
[2026-04-12T11:32:49.168+0000] {processor.py:186} INFO - Started process (PID=10263) to work on /home/airflow/.local/lib/python3.12/site-packages/airflow/example_dags/example_display_name.py
[2026-04-12T11:32:49.169+0000] {processor.py:914} INFO - Processing file /home/airflow/.local/lib/python3.12/site-packages/airflow/example_dags/example_display_name.py for tasks to queue
[2026-04-12T11:32:49.171+0000] {logging_mixin.py:190} INFO - [2026-04-12T11:32:49.170+0000] {dagbag.py:588} INFO - Filling up the DagBag from /home/airflow/.local/lib/python3.12/site-packages/airflow/example_dags/example_display_name.py
[2026-04-12T11:32:49.176+0000] {processor.py:925} INFO - DAG(s) 'example_display_name' retrieved from /home/airflow/.local/lib/python3.12/site-packages/airflow/example_dags/example_display_name.py
[2026-04-12T11:32:49.190+0000] {logging_mixin.py:190} INFO - [2026-04-12T11:32:49.190+0000] {dag.py:3239} INFO - Sync 1 DAGs
[2026-04-12T11:32:49.207+0000] {logging_mixin.py:190} INFO - [2026-04-12T11:32:49.207+0000] {dag.py:4180} INFO - Setting next_dagrun for example_display_name to None, run_after=None
[2026-04-12T11:32:49.224+0000] {processor.py:208} INFO - Processing /home/airflow/.local/lib/python3.12/site-packages/airflow/example_dags/example_display_name.py took 0.060 seconds
[2026-04-12T11:33:20.122+0000] {processor.py:186} INFO - Started process (PID=10557) to work on /home/airflow/.local/lib/python3.12/site-packages/airflow/example_dags/example_display_name.py
[2026-04-12T11:33:20.126+0000] {processor.py:914} INFO - Processing file /home/airflow/.local/lib/python3.12/site-packages/airflow/example_dags/example_display_name.py for tasks to queue
[2026-04-12T11:33:20.127+0000] {logging_mixin.py:190} INFO - [2026-04-12T11:33:20.127+0000] {dagbag.py:588} INFO - Filling up the DagBag from /home/airflow/.local/lib/python3.12/site-packages/airflow/example_dags/example_display_name.py
[2026-04-12T11:33:20.132+0000] {processor.py:925} INFO - DAG(s) 'example_display_name' retrieved from /home/airflow/.local/lib/python3.12/site-packages/airflow/example_dags/example_display_name.py
[2026-04-12T11:33:20.147+0000] {logging_mixin.py:190} INFO - [2026-04-12T11:33:20.147+0000] {dag.py:3239} INFO - Sync 1 DAGs
[2026-04-12T11:33:20.157+0000] {logging_mixin.py:190} INFO - [2026-04-12T11:33:20.157+0000] {dag.py:4180} INFO - Setting next_dagrun for example_display_name to None, run_after=None
[2026-04-12T11:33:20.167+0000] {processor.py:208} INFO - Processing /home/airflow/.local/lib/python3.12/site-packages/airflow/example_dags/example_display_name.py took 0.050 seconds
[2026-04-12T11:33:51.120+0000] {processor.py:186} INFO - Started process (PID=10852) to work on /home/airflow/.local/lib/python3.12/site-packages/airflow/example_dags/example_display_name.py
[2026-04-12T11:33:51.122+0000] {processor.py:914} INFO - Processing file /home/airflow/.local/lib/python3.12/site-packages/airflow/example_dags/example_display_name.py for tasks to queue
[2026-04-12T11:33:51.124+0000] {logging_mixin.py:190} INFO - [2026-04-12T11:33:51.124+0000] {dagbag.py:588} INFO - Filling up the DagBag from /home/airflow/.local/lib/python3.12/site-packages/airflow/example_dags/example_display_name.py
[2026-04-12T11:33:51.132+0000] {processor.py:925} INFO - DAG(s) 'example_display_name' retrieved from /home/airflow/.local/lib/python3.12/site-packages/airflow/example_dags/example_display_name.py
[2026-04-12T11:33:51.154+0000] {logging_mixin.py:190} INFO - [2026-04-12T11:33:51.154+0000] {dag.py:3239} INFO - Sync 1 DAGs
[2026-04-12T11:33:51.166+0000] {logging_mixin.py:190} INFO - [2026-04-12T11:33:51.165+0000] {dag.py:4180} INFO - Setting next_dagrun for example_display_name to None, run_after=None
[2026-04-12T11:33:51.184+0000] {processor.py:208} INFO - Processing /home/airflow/.local/lib/python3.12/site-packages/airflow/example_dags/example_display_name.py took 0.068 seconds
[2026-04-12T11:34:22.031+0000] {processor.py:186} INFO - Started process (PID=11148) to work on /home/airflow/.local/lib/python3.12/site-packages/airflow/example_dags/example_display_name.py
[2026-04-12T11:34:22.034+0000] {processor.py:914} INFO - Processing file /home/airflow/.local/lib/python3.12/site-packages/airflow/example_dags/example_display_name.py for tasks to queue
[2026-04-12T11:34:22.038+0000] {logging_mixin.py:190} INFO - [2026-04-12T11:34:22.037+0000] {dagbag.py:588} INFO - Filling up the DagBag from /home/airflow/.local/lib/python3.12/site-packages/airflow/example_dags/example_display_name.py
[2026-04-12T11:34:22.043+0000] {processor.py:925} INFO - DAG(s) 'example_display_name' retrieved from /home/airflow/.local/lib/python3.12/site-packages/airflow/example_dags/example_display_name.py
[2026-04-12T11:34:22.062+0000] {logging_mixin.py:190} INFO - [2026-04-12T11:34:22.061+0000] {dag.py:3239} INFO - Sync 1 DAGs
[2026-04-12T11:34:22.075+0000] {logging_mixin.py:190} INFO - [2026-04-12T11:34:22.075+0000] {dag.py:4180} INFO - Setting next_dagrun for example_display_name to None, run_after=None
[2026-04-12T11:34:22.088+0000] {processor.py:208} INFO - Processing /home/airflow/.local/lib/python3.12/site-packages/airflow/example_dags/example_display_name.py took 0.061 seconds
[2026-04-12T11:34:52.956+0000] {processor.py:186} INFO - Started process (PID=11446) to work on /home/airflow/.local/lib/python3.12/site-packages/airflow/example_dags/example_display_name.py
[2026-04-12T11:34:52.957+0000] {processor.py:914} INFO - Processing file /home/airflow/.local/lib/python3.12/site-packages/airflow/example_dags/example_display_name.py for tasks to queue
[2026-04-12T11:34:52.958+0000] {logging_mixin.py:190} INFO - [2026-04-12T11:34:52.958+0000] {dagbag.py:588} INFO - Filling up the DagBag from /home/airflow/.local/lib/python3.12/site-packages/airflow/example_dags/example_display_name.py
[2026-04-12T11:34:52.963+0000] {processor.py:925} INFO - DAG(s) 'example_display_name' retrieved from /home/airflow/.local/lib/python3.12/site-packages/airflow/example_dags/example_display_name.py
[2026-04-12T11:34:52.980+0000] {logging_mixin.py:190} INFO - [2026-04-12T11:34:52.980+0000] {dag.py:3239} INFO - Sync 1 DAGs
[2026-04-12T11:34:52.992+0000] {logging_mixin.py:190} INFO - [2026-04-12T11:34:52.992+0000] {dag.py:4180} INFO - Setting next_dagrun for example_display_name to None, run_after=None
[2026-04-12T11:34:53.005+0000] {processor.py:208} INFO - Processing /home/airflow/.local/lib/python3.12/site-packages/airflow/example_dags/example_display_name.py took 0.054 seconds
