[2026-04-12T11:12:33.499+0000] {processor.py:186} INFO - Started process (PID=361) to work on /home/airflow/.local/lib/python3.12/site-packages/airflow/example_dags/example_workday_timetable.py
[2026-04-12T11:12:33.500+0000] {processor.py:914} INFO - Processing file /home/airflow/.local/lib/python3.12/site-packages/airflow/example_dags/example_workday_timetable.py for tasks to queue
[2026-04-12T11:12:33.503+0000] {logging_mixin.py:190} INFO - [2026-04-12T11:12:33.503+0000] {dagbag.py:588} INFO - Filling up the DagBag from /home/airflow/.local/lib/python3.12/site-packages/airflow/example_dags/example_workday_timetable.py
[2026-04-12T11:12:33.510+0000] {processor.py:925} INFO - DAG(s) 'example_workday_timetable' retrieved from /home/airflow/.local/lib/python3.12/site-packages/airflow/example_dags/example_workday_timetable.py
[2026-04-12T11:12:33.610+0000] {logging_mixin.py:190} INFO - [2026-04-12T11:12:33.610+0000] {override.py:1912} INFO - Created Permission View: can edit on DAG:example_workday_timetable
[2026-04-12T11:12:33.619+0000] {logging_mixin.py:190} INFO - [2026-04-12T11:12:33.619+0000] {override.py:1912} INFO - Created Permission View: can delete on DAG:example_workday_timetable
[2026-04-12T11:12:33.630+0000] {logging_mixin.py:190} INFO - [2026-04-12T11:12:33.630+0000] {override.py:1912} INFO - Created Permission View: can read on DAG:example_workday_timetable
[2026-04-12T11:12:33.642+0000] {logging_mixin.py:190} INFO - [2026-04-12T11:12:33.641+0000] {override.py:1912} INFO - Created Permission View: can delete on DAG Run:example_workday_timetable
[2026-04-12T11:12:33.653+0000] {logging_mixin.py:190} INFO - [2026-04-12T11:12:33.652+0000] {override.py:1912} INFO - Created Permission View: can create on DAG Run:example_workday_timetable
[2026-04-12T11:12:33.662+0000] {logging_mixin.py:190} INFO - [2026-04-12T11:12:33.661+0000] {override.py:1912} INFO - Created Permission View: can read on DAG Run:example_workday_timetable
[2026-04-12T11:12:33.671+0000] {logging_mixin.py:190} INFO - [2026-04-12T11:12:33.671+0000] {override.py:1912} INFO - Created Permission View: menu access on DAG Run:example_workday_timetable
[2026-04-12T11:12:33.672+0000] {logging_mixin.py:190} INFO - [2026-04-12T11:12:33.672+0000] {dag.py:3239} INFO - Sync 1 DAGs
[2026-04-12T11:12:33.689+0000] {logging_mixin.py:190} INFO - [2026-04-12T11:12:33.689+0000] {dag.py:3262} INFO - Creating ORM DAG for example_workday_timetable
[2026-04-12T11:12:33.787+0000] {logging_mixin.py:190} INFO - [2026-04-12T11:12:33.786+0000] {dag.py:4180} INFO - Setting next_dagrun for example_workday_timetable to 2021-01-04 00:00:00+00:00, run_after=2021-01-05 00:00:00+00:00
[2026-04-12T11:12:33.839+0000] {processor.py:208} INFO - Processing /home/airflow/.local/lib/python3.12/site-packages/airflow/example_dags/example_workday_timetable.py took 0.347 seconds
[2026-04-12T11:13:04.186+0000] {processor.py:186} INFO - Started process (PID=653) to work on /home/airflow/.local/lib/python3.12/site-packages/airflow/example_dags/example_workday_timetable.py
[2026-04-12T11:13:04.187+0000] {processor.py:914} INFO - Processing file /home/airflow/.local/lib/python3.12/site-packages/airflow/example_dags/example_workday_timetable.py for tasks to queue
[2026-04-12T11:13:04.189+0000] {logging_mixin.py:190} INFO - [2026-04-12T11:13:04.188+0000] {dagbag.py:588} INFO - Filling up the DagBag from /home/airflow/.local/lib/python3.12/site-packages/airflow/example_dags/example_workday_timetable.py
[2026-04-12T11:13:04.193+0000] {processor.py:925} INFO - DAG(s) 'example_workday_timetable' retrieved from /home/airflow/.local/lib/python3.12/site-packages/airflow/example_dags/example_workday_timetable.py
[2026-04-12T11:13:04.209+0000] {logging_mixin.py:190} INFO - [2026-04-12T11:13:04.209+0000] {dag.py:3239} INFO - Sync 1 DAGs
[2026-04-12T11:13:04.260+0000] {logging_mixin.py:190} INFO - [2026-04-12T11:13:04.260+0000] {dag.py:4180} INFO - Setting next_dagrun for example_workday_timetable to 2021-01-04 00:00:00+00:00, run_after=2021-01-05 00:00:00+00:00
[2026-04-12T11:13:04.273+0000] {processor.py:208} INFO - Processing /home/airflow/.local/lib/python3.12/site-packages/airflow/example_dags/example_workday_timetable.py took 0.093 seconds
[2026-04-12T11:13:34.594+0000] {processor.py:186} INFO - Started process (PID=950) to work on /home/airflow/.local/lib/python3.12/site-packages/airflow/example_dags/example_workday_timetable.py
[2026-04-12T11:13:34.595+0000] {processor.py:914} INFO - Processing file /home/airflow/.local/lib/python3.12/site-packages/airflow/example_dags/example_workday_timetable.py for tasks to queue
[2026-04-12T11:13:34.598+0000] {logging_mixin.py:190} INFO - [2026-04-12T11:13:34.597+0000] {dagbag.py:588} INFO - Filling up the DagBag from /home/airflow/.local/lib/python3.12/site-packages/airflow/example_dags/example_workday_timetable.py
[2026-04-12T11:13:34.604+0000] {processor.py:925} INFO - DAG(s) 'example_workday_timetable' retrieved from /home/airflow/.local/lib/python3.12/site-packages/airflow/example_dags/example_workday_timetable.py
[2026-04-12T11:13:34.620+0000] {logging_mixin.py:190} INFO - [2026-04-12T11:13:34.620+0000] {dag.py:3239} INFO - Sync 1 DAGs
[2026-04-12T11:13:34.671+0000] {logging_mixin.py:190} INFO - [2026-04-12T11:13:34.670+0000] {dag.py:4180} INFO - Setting next_dagrun for example_workday_timetable to 2021-01-04 00:00:00+00:00, run_after=2021-01-05 00:00:00+00:00
[2026-04-12T11:13:34.687+0000] {processor.py:208} INFO - Processing /home/airflow/.local/lib/python3.12/site-packages/airflow/example_dags/example_workday_timetable.py took 0.098 seconds
[2026-04-12T11:14:05.533+0000] {processor.py:186} INFO - Started process (PID=1246) to work on /home/airflow/.local/lib/python3.12/site-packages/airflow/example_dags/example_workday_timetable.py
[2026-04-12T11:14:05.535+0000] {processor.py:914} INFO - Processing file /home/airflow/.local/lib/python3.12/site-packages/airflow/example_dags/example_workday_timetable.py for tasks to queue
[2026-04-12T11:14:05.537+0000] {logging_mixin.py:190} INFO - [2026-04-12T11:14:05.536+0000] {dagbag.py:588} INFO - Filling up the DagBag from /home/airflow/.local/lib/python3.12/site-packages/airflow/example_dags/example_workday_timetable.py
[2026-04-12T11:14:05.540+0000] {processor.py:925} INFO - DAG(s) 'example_workday_timetable' retrieved from /home/airflow/.local/lib/python3.12/site-packages/airflow/example_dags/example_workday_timetable.py
[2026-04-12T11:14:05.553+0000] {logging_mixin.py:190} INFO - [2026-04-12T11:14:05.553+0000] {dag.py:3239} INFO - Sync 1 DAGs
[2026-04-12T11:14:05.599+0000] {logging_mixin.py:190} INFO - [2026-04-12T11:14:05.598+0000] {dag.py:4180} INFO - Setting next_dagrun for example_workday_timetable to 2021-01-04 00:00:00+00:00, run_after=2021-01-05 00:00:00+00:00
[2026-04-12T11:14:05.611+0000] {processor.py:208} INFO - Processing /home/airflow/.local/lib/python3.12/site-packages/airflow/example_dags/example_workday_timetable.py took 0.081 seconds
[2026-04-12T11:14:36.684+0000] {processor.py:186} INFO - Started process (PID=1540) to work on /home/airflow/.local/lib/python3.12/site-packages/airflow/example_dags/example_workday_timetable.py
[2026-04-12T11:14:36.689+0000] {processor.py:914} INFO - Processing file /home/airflow/.local/lib/python3.12/site-packages/airflow/example_dags/example_workday_timetable.py for tasks to queue
[2026-04-12T11:14:36.693+0000] {logging_mixin.py:190} INFO - [2026-04-12T11:14:36.693+0000] {dagbag.py:588} INFO - Filling up the DagBag from /home/airflow/.local/lib/python3.12/site-packages/airflow/example_dags/example_workday_timetable.py
[2026-04-12T11:14:36.701+0000] {processor.py:925} INFO - DAG(s) 'example_workday_timetable' retrieved from /home/airflow/.local/lib/python3.12/site-packages/airflow/example_dags/example_workday_timetable.py
[2026-04-12T11:14:36.744+0000] {logging_mixin.py:190} INFO - [2026-04-12T11:14:36.744+0000] {dag.py:3239} INFO - Sync 1 DAGs
[2026-04-12T11:14:36.880+0000] {logging_mixin.py:190} INFO - [2026-04-12T11:14:36.880+0000] {dag.py:4180} INFO - Setting next_dagrun for example_workday_timetable to 2021-01-04 00:00:00+00:00, run_after=2021-01-05 00:00:00+00:00
[2026-04-12T11:14:36.944+0000] {processor.py:208} INFO - Processing /home/airflow/.local/lib/python3.12/site-packages/airflow/example_dags/example_workday_timetable.py took 0.266 seconds
[2026-04-12T11:15:07.442+0000] {processor.py:186} INFO - Started process (PID=1838) to work on /home/airflow/.local/lib/python3.12/site-packages/airflow/example_dags/example_workday_timetable.py
[2026-04-12T11:15:07.444+0000] {processor.py:914} INFO - Processing file /home/airflow/.local/lib/python3.12/site-packages/airflow/example_dags/example_workday_timetable.py for tasks to queue
[2026-04-12T11:15:07.445+0000] {logging_mixin.py:190} INFO - [2026-04-12T11:15:07.445+0000] {dagbag.py:588} INFO - Filling up the DagBag from /home/airflow/.local/lib/python3.12/site-packages/airflow/example_dags/example_workday_timetable.py
[2026-04-12T11:15:07.449+0000] {processor.py:925} INFO - DAG(s) 'example_workday_timetable' retrieved from /home/airflow/.local/lib/python3.12/site-packages/airflow/example_dags/example_workday_timetable.py
[2026-04-12T11:15:07.463+0000] {logging_mixin.py:190} INFO - [2026-04-12T11:15:07.463+0000] {dag.py:3239} INFO - Sync 1 DAGs
[2026-04-12T11:15:07.526+0000] {logging_mixin.py:190} INFO - [2026-04-12T11:15:07.526+0000] {dag.py:4180} INFO - Setting next_dagrun for example_workday_timetable to 2021-01-04 00:00:00+00:00, run_after=2021-01-05 00:00:00+00:00
[2026-04-12T11:15:07.541+0000] {processor.py:208} INFO - Processing /home/airflow/.local/lib/python3.12/site-packages/airflow/example_dags/example_workday_timetable.py took 0.104 seconds
[2026-04-12T11:15:38.016+0000] {processor.py:186} INFO - Started process (PID=2133) to work on /home/airflow/.local/lib/python3.12/site-packages/airflow/example_dags/example_workday_timetable.py
[2026-04-12T11:15:38.018+0000] {processor.py:914} INFO - Processing file /home/airflow/.local/lib/python3.12/site-packages/airflow/example_dags/example_workday_timetable.py for tasks to queue
[2026-04-12T11:15:38.020+0000] {logging_mixin.py:190} INFO - [2026-04-12T11:15:38.020+0000] {dagbag.py:588} INFO - Filling up the DagBag from /home/airflow/.local/lib/python3.12/site-packages/airflow/example_dags/example_workday_timetable.py
[2026-04-12T11:15:38.027+0000] {processor.py:925} INFO - DAG(s) 'example_workday_timetable' retrieved from /home/airflow/.local/lib/python3.12/site-packages/airflow/example_dags/example_workday_timetable.py
[2026-04-12T11:15:38.043+0000] {logging_mixin.py:190} INFO - [2026-04-12T11:15:38.043+0000] {dag.py:3239} INFO - Sync 1 DAGs
[2026-04-12T11:15:38.097+0000] {logging_mixin.py:190} INFO - [2026-04-12T11:15:38.096+0000] {dag.py:4180} INFO - Setting next_dagrun for example_workday_timetable to 2021-01-04 00:00:00+00:00, run_after=2021-01-05 00:00:00+00:00
[2026-04-12T11:15:38.109+0000] {processor.py:208} INFO - Processing /home/airflow/.local/lib/python3.12/site-packages/airflow/example_dags/example_workday_timetable.py took 0.099 seconds
[2026-04-12T11:16:08.282+0000] {processor.py:186} INFO - Started process (PID=2429) to work on /home/airflow/.local/lib/python3.12/site-packages/airflow/example_dags/example_workday_timetable.py
[2026-04-12T11:16:08.283+0000] {processor.py:914} INFO - Processing file /home/airflow/.local/lib/python3.12/site-packages/airflow/example_dags/example_workday_timetable.py for tasks to queue
[2026-04-12T11:16:08.286+0000] {logging_mixin.py:190} INFO - [2026-04-12T11:16:08.286+0000] {dagbag.py:588} INFO - Filling up the DagBag from /home/airflow/.local/lib/python3.12/site-packages/airflow/example_dags/example_workday_timetable.py
[2026-04-12T11:16:08.294+0000] {processor.py:925} INFO - DAG(s) 'example_workday_timetable' retrieved from /home/airflow/.local/lib/python3.12/site-packages/airflow/example_dags/example_workday_timetable.py
[2026-04-12T11:16:08.322+0000] {logging_mixin.py:190} INFO - [2026-04-12T11:16:08.321+0000] {dag.py:3239} INFO - Sync 1 DAGs
[2026-04-12T11:16:08.388+0000] {logging_mixin.py:190} INFO - [2026-04-12T11:16:08.388+0000] {dag.py:4180} INFO - Setting next_dagrun for example_workday_timetable to 2021-01-04 00:00:00+00:00, run_after=2021-01-05 00:00:00+00:00
[2026-04-12T11:16:08.407+0000] {processor.py:208} INFO - Processing /home/airflow/.local/lib/python3.12/site-packages/airflow/example_dags/example_workday_timetable.py took 0.131 seconds
[2026-04-12T11:16:39.391+0000] {processor.py:186} INFO - Started process (PID=2727) to work on /home/airflow/.local/lib/python3.12/site-packages/airflow/example_dags/example_workday_timetable.py
[2026-04-12T11:16:39.392+0000] {processor.py:914} INFO - Processing file /home/airflow/.local/lib/python3.12/site-packages/airflow/example_dags/example_workday_timetable.py for tasks to queue
[2026-04-12T11:16:39.394+0000] {logging_mixin.py:190} INFO - [2026-04-12T11:16:39.394+0000] {dagbag.py:588} INFO - Filling up the DagBag from /home/airflow/.local/lib/python3.12/site-packages/airflow/example_dags/example_workday_timetable.py
[2026-04-12T11:16:39.398+0000] {processor.py:925} INFO - DAG(s) 'example_workday_timetable' retrieved from /home/airflow/.local/lib/python3.12/site-packages/airflow/example_dags/example_workday_timetable.py
[2026-04-12T11:16:39.418+0000] {logging_mixin.py:190} INFO - [2026-04-12T11:16:39.418+0000] {dag.py:3239} INFO - Sync 1 DAGs
[2026-04-12T11:16:39.476+0000] {logging_mixin.py:190} INFO - [2026-04-12T11:16:39.476+0000] {dag.py:4180} INFO - Setting next_dagrun for example_workday_timetable to 2021-01-04 00:00:00+00:00, run_after=2021-01-05 00:00:00+00:00
[2026-04-12T11:16:39.488+0000] {processor.py:208} INFO - Processing /home/airflow/.local/lib/python3.12/site-packages/airflow/example_dags/example_workday_timetable.py took 0.102 seconds
[2026-04-12T11:17:10.410+0000] {processor.py:186} INFO - Started process (PID=3035) to work on /home/airflow/.local/lib/python3.12/site-packages/airflow/example_dags/example_workday_timetable.py
[2026-04-12T11:17:10.414+0000] {processor.py:914} INFO - Processing file /home/airflow/.local/lib/python3.12/site-packages/airflow/example_dags/example_workday_timetable.py for tasks to queue
[2026-04-12T11:17:10.418+0000] {logging_mixin.py:190} INFO - [2026-04-12T11:17:10.417+0000] {dagbag.py:588} INFO - Filling up the DagBag from /home/airflow/.local/lib/python3.12/site-packages/airflow/example_dags/example_workday_timetable.py
[2026-04-12T11:17:10.426+0000] {processor.py:925} INFO - DAG(s) 'example_workday_timetable' retrieved from /home/airflow/.local/lib/python3.12/site-packages/airflow/example_dags/example_workday_timetable.py
[2026-04-12T11:17:10.521+0000] {logging_mixin.py:190} INFO - [2026-04-12T11:17:10.520+0000] {dag.py:3239} INFO - Sync 1 DAGs
[2026-04-12T11:17:10.631+0000] {logging_mixin.py:190} INFO - [2026-04-12T11:17:10.630+0000] {dag.py:4180} INFO - Setting next_dagrun for example_workday_timetable to 2021-01-04 00:00:00+00:00, run_after=2021-01-05 00:00:00+00:00
[2026-04-12T11:17:10.649+0000] {processor.py:208} INFO - Processing /home/airflow/.local/lib/python3.12/site-packages/airflow/example_dags/example_workday_timetable.py took 0.260 seconds
[2026-04-12T11:17:41.226+0000] {processor.py:186} INFO - Started process (PID=3331) to work on /home/airflow/.local/lib/python3.12/site-packages/airflow/example_dags/example_workday_timetable.py
[2026-04-12T11:17:41.227+0000] {processor.py:914} INFO - Processing file /home/airflow/.local/lib/python3.12/site-packages/airflow/example_dags/example_workday_timetable.py for tasks to queue
[2026-04-12T11:17:41.229+0000] {logging_mixin.py:190} INFO - [2026-04-12T11:17:41.229+0000] {dagbag.py:588} INFO - Filling up the DagBag from /home/airflow/.local/lib/python3.12/site-packages/airflow/example_dags/example_workday_timetable.py
[2026-04-12T11:17:41.233+0000] {processor.py:925} INFO - DAG(s) 'example_workday_timetable' retrieved from /home/airflow/.local/lib/python3.12/site-packages/airflow/example_dags/example_workday_timetable.py
[2026-04-12T11:17:41.251+0000] {logging_mixin.py:190} INFO - [2026-04-12T11:17:41.251+0000] {dag.py:3239} INFO - Sync 1 DAGs
[2026-04-12T11:17:41.297+0000] {logging_mixin.py:190} INFO - [2026-04-12T11:17:41.296+0000] {dag.py:4180} INFO - Setting next_dagrun for example_workday_timetable to 2021-01-04 00:00:00+00:00, run_after=2021-01-05 00:00:00+00:00
[2026-04-12T11:17:41.309+0000] {processor.py:208} INFO - Processing /home/airflow/.local/lib/python3.12/site-packages/airflow/example_dags/example_workday_timetable.py took 0.087 seconds
[2026-04-12T11:18:11.995+0000] {processor.py:186} INFO - Started process (PID=3635) to work on /home/airflow/.local/lib/python3.12/site-packages/airflow/example_dags/example_workday_timetable.py
[2026-04-12T11:18:11.996+0000] {processor.py:914} INFO - Processing file /home/airflow/.local/lib/python3.12/site-packages/airflow/example_dags/example_workday_timetable.py for tasks to queue
[2026-04-12T11:18:11.997+0000] {logging_mixin.py:190} INFO - [2026-04-12T11:18:11.997+0000] {dagbag.py:588} INFO - Filling up the DagBag from /home/airflow/.local/lib/python3.12/site-packages/airflow/example_dags/example_workday_timetable.py
[2026-04-12T11:18:12.001+0000] {processor.py:925} INFO - DAG(s) 'example_workday_timetable' retrieved from /home/airflow/.local/lib/python3.12/site-packages/airflow/example_dags/example_workday_timetable.py
[2026-04-12T11:18:12.023+0000] {logging_mixin.py:190} INFO - [2026-04-12T11:18:12.023+0000] {dag.py:3239} INFO - Sync 1 DAGs
[2026-04-12T11:18:12.078+0000] {logging_mixin.py:190} INFO - [2026-04-12T11:18:12.078+0000] {dag.py:4180} INFO - Setting next_dagrun for example_workday_timetable to 2021-01-04 00:00:00+00:00, run_after=2021-01-05 00:00:00+00:00
[2026-04-12T11:18:12.091+0000] {processor.py:208} INFO - Processing /home/airflow/.local/lib/python3.12/site-packages/airflow/example_dags/example_workday_timetable.py took 0.101 seconds
[2026-04-12T11:18:42.375+0000] {processor.py:186} INFO - Started process (PID=3932) to work on /home/airflow/.local/lib/python3.12/site-packages/airflow/example_dags/example_workday_timetable.py
[2026-04-12T11:18:42.383+0000] {processor.py:914} INFO - Processing file /home/airflow/.local/lib/python3.12/site-packages/airflow/example_dags/example_workday_timetable.py for tasks to queue
[2026-04-12T11:18:42.385+0000] {logging_mixin.py:190} INFO - [2026-04-12T11:18:42.385+0000] {dagbag.py:588} INFO - Filling up the DagBag from /home/airflow/.local/lib/python3.12/site-packages/airflow/example_dags/example_workday_timetable.py
[2026-04-12T11:18:42.389+0000] {processor.py:925} INFO - DAG(s) 'example_workday_timetable' retrieved from /home/airflow/.local/lib/python3.12/site-packages/airflow/example_dags/example_workday_timetable.py
[2026-04-12T11:18:42.403+0000] {logging_mixin.py:190} INFO - [2026-04-12T11:18:42.403+0000] {dag.py:3239} INFO - Sync 1 DAGs
[2026-04-12T11:18:42.451+0000] {logging_mixin.py:190} INFO - [2026-04-12T11:18:42.451+0000] {dag.py:4180} INFO - Setting next_dagrun for example_workday_timetable to 2021-01-04 00:00:00+00:00, run_after=2021-01-05 00:00:00+00:00
[2026-04-12T11:18:42.470+0000] {processor.py:208} INFO - Processing /home/airflow/.local/lib/python3.12/site-packages/airflow/example_dags/example_workday_timetable.py took 0.100 seconds
[2026-04-12T11:19:12.752+0000] {processor.py:186} INFO - Started process (PID=4245) to work on /home/airflow/.local/lib/python3.12/site-packages/airflow/example_dags/example_workday_timetable.py
[2026-04-12T11:19:12.753+0000] {processor.py:914} INFO - Processing file /home/airflow/.local/lib/python3.12/site-packages/airflow/example_dags/example_workday_timetable.py for tasks to queue
[2026-04-12T11:19:12.755+0000] {logging_mixin.py:190} INFO - [2026-04-12T11:19:12.755+0000] {dagbag.py:588} INFO - Filling up the DagBag from /home/airflow/.local/lib/python3.12/site-packages/airflow/example_dags/example_workday_timetable.py
[2026-04-12T11:19:12.759+0000] {processor.py:925} INFO - DAG(s) 'example_workday_timetable' retrieved from /home/airflow/.local/lib/python3.12/site-packages/airflow/example_dags/example_workday_timetable.py
[2026-04-12T11:19:12.777+0000] {logging_mixin.py:190} INFO - [2026-04-12T11:19:12.776+0000] {dag.py:3239} INFO - Sync 1 DAGs
[2026-04-12T11:19:12.821+0000] {logging_mixin.py:190} INFO - [2026-04-12T11:19:12.821+0000] {dag.py:4180} INFO - Setting next_dagrun for example_workday_timetable to 2021-01-04 00:00:00+00:00, run_after=2021-01-05 00:00:00+00:00
[2026-04-12T11:19:12.834+0000] {processor.py:208} INFO - Processing /home/airflow/.local/lib/python3.12/site-packages/airflow/example_dags/example_workday_timetable.py took 0.086 seconds
[2026-04-12T11:19:43.603+0000] {processor.py:186} INFO - Started process (PID=4541) to work on /home/airflow/.local/lib/python3.12/site-packages/airflow/example_dags/example_workday_timetable.py
[2026-04-12T11:19:43.604+0000] {processor.py:914} INFO - Processing file /home/airflow/.local/lib/python3.12/site-packages/airflow/example_dags/example_workday_timetable.py for tasks to queue
[2026-04-12T11:19:43.607+0000] {logging_mixin.py:190} INFO - [2026-04-12T11:19:43.607+0000] {dagbag.py:588} INFO - Filling up the DagBag from /home/airflow/.local/lib/python3.12/site-packages/airflow/example_dags/example_workday_timetable.py
[2026-04-12T11:19:43.611+0000] {processor.py:925} INFO - DAG(s) 'example_workday_timetable' retrieved from /home/airflow/.local/lib/python3.12/site-packages/airflow/example_dags/example_workday_timetable.py
[2026-04-12T11:19:43.628+0000] {logging_mixin.py:190} INFO - [2026-04-12T11:19:43.628+0000] {dag.py:3239} INFO - Sync 1 DAGs
[2026-04-12T11:19:43.684+0000] {logging_mixin.py:190} INFO - [2026-04-12T11:19:43.684+0000] {dag.py:4180} INFO - Setting next_dagrun for example_workday_timetable to 2021-01-04 00:00:00+00:00, run_after=2021-01-05 00:00:00+00:00
[2026-04-12T11:19:43.695+0000] {processor.py:208} INFO - Processing /home/airflow/.local/lib/python3.12/site-packages/airflow/example_dags/example_workday_timetable.py took 0.098 seconds
[2026-04-12T11:20:14.441+0000] {processor.py:186} INFO - Started process (PID=4835) to work on /home/airflow/.local/lib/python3.12/site-packages/airflow/example_dags/example_workday_timetable.py
[2026-04-12T11:20:14.442+0000] {processor.py:914} INFO - Processing file /home/airflow/.local/lib/python3.12/site-packages/airflow/example_dags/example_workday_timetable.py for tasks to queue
[2026-04-12T11:20:14.445+0000] {logging_mixin.py:190} INFO - [2026-04-12T11:20:14.444+0000] {dagbag.py:588} INFO - Filling up the DagBag from /home/airflow/.local/lib/python3.12/site-packages/airflow/example_dags/example_workday_timetable.py
[2026-04-12T11:20:14.450+0000] {processor.py:925} INFO - DAG(s) 'example_workday_timetable' retrieved from /home/airflow/.local/lib/python3.12/site-packages/airflow/example_dags/example_workday_timetable.py
[2026-04-12T11:20:14.464+0000] {logging_mixin.py:190} INFO - [2026-04-12T11:20:14.464+0000] {dag.py:3239} INFO - Sync 1 DAGs
[2026-04-12T11:20:14.507+0000] {logging_mixin.py:190} INFO - [2026-04-12T11:20:14.507+0000] {dag.py:4180} INFO - Setting next_dagrun for example_workday_timetable to 2021-01-04 00:00:00+00:00, run_after=2021-01-05 00:00:00+00:00
[2026-04-12T11:20:14.523+0000] {processor.py:208} INFO - Processing /home/airflow/.local/lib/python3.12/site-packages/airflow/example_dags/example_workday_timetable.py took 0.086 seconds
[2026-04-12T11:20:44.768+0000] {processor.py:186} INFO - Started process (PID=5131) to work on /home/airflow/.local/lib/python3.12/site-packages/airflow/example_dags/example_workday_timetable.py
[2026-04-12T11:20:44.770+0000] {processor.py:914} INFO - Processing file /home/airflow/.local/lib/python3.12/site-packages/airflow/example_dags/example_workday_timetable.py for tasks to queue
[2026-04-12T11:20:44.774+0000] {logging_mixin.py:190} INFO - [2026-04-12T11:20:44.773+0000] {dagbag.py:588} INFO - Filling up the DagBag from /home/airflow/.local/lib/python3.12/site-packages/airflow/example_dags/example_workday_timetable.py
[2026-04-12T11:20:44.788+0000] {processor.py:925} INFO - DAG(s) 'example_workday_timetable' retrieved from /home/airflow/.local/lib/python3.12/site-packages/airflow/example_dags/example_workday_timetable.py
[2026-04-12T11:20:44.817+0000] {logging_mixin.py:190} INFO - [2026-04-12T11:20:44.817+0000] {dag.py:3239} INFO - Sync 1 DAGs
[2026-04-12T11:20:44.905+0000] {logging_mixin.py:190} INFO - [2026-04-12T11:20:44.904+0000] {dag.py:4180} INFO - Setting next_dagrun for example_workday_timetable to 2021-01-04 00:00:00+00:00, run_after=2021-01-05 00:00:00+00:00
[2026-04-12T11:20:44.921+0000] {processor.py:208} INFO - Processing /home/airflow/.local/lib/python3.12/site-packages/airflow/example_dags/example_workday_timetable.py took 0.162 seconds
[2026-04-12T11:21:15.693+0000] {processor.py:186} INFO - Started process (PID=5429) to work on /home/airflow/.local/lib/python3.12/site-packages/airflow/example_dags/example_workday_timetable.py
[2026-04-12T11:21:15.693+0000] {processor.py:914} INFO - Processing file /home/airflow/.local/lib/python3.12/site-packages/airflow/example_dags/example_workday_timetable.py for tasks to queue
[2026-04-12T11:21:15.695+0000] {logging_mixin.py:190} INFO - [2026-04-12T11:21:15.695+0000] {dagbag.py:588} INFO - Filling up the DagBag from /home/airflow/.local/lib/python3.12/site-packages/airflow/example_dags/example_workday_timetable.py
[2026-04-12T11:21:15.699+0000] {processor.py:925} INFO - DAG(s) 'example_workday_timetable' retrieved from /home/airflow/.local/lib/python3.12/site-packages/airflow/example_dags/example_workday_timetable.py
[2026-04-12T11:21:15.711+0000] {logging_mixin.py:190} INFO - [2026-04-12T11:21:15.711+0000] {dag.py:3239} INFO - Sync 1 DAGs
[2026-04-12T11:21:15.760+0000] {logging_mixin.py:190} INFO - [2026-04-12T11:21:15.760+0000] {dag.py:4180} INFO - Setting next_dagrun for example_workday_timetable to 2021-01-04 00:00:00+00:00, run_after=2021-01-05 00:00:00+00:00
[2026-04-12T11:21:15.771+0000] {processor.py:208} INFO - Processing /home/airflow/.local/lib/python3.12/site-packages/airflow/example_dags/example_workday_timetable.py took 0.084 seconds
[2026-04-12T11:21:45.790+0000] {processor.py:186} INFO - Started process (PID=5725) to work on /home/airflow/.local/lib/python3.12/site-packages/airflow/example_dags/example_workday_timetable.py
[2026-04-12T11:21:45.791+0000] {processor.py:914} INFO - Processing file /home/airflow/.local/lib/python3.12/site-packages/airflow/example_dags/example_workday_timetable.py for tasks to queue
[2026-04-12T11:21:45.792+0000] {logging_mixin.py:190} INFO - [2026-04-12T11:21:45.792+0000] {dagbag.py:588} INFO - Filling up the DagBag from /home/airflow/.local/lib/python3.12/site-packages/airflow/example_dags/example_workday_timetable.py
[2026-04-12T11:21:45.796+0000] {processor.py:925} INFO - DAG(s) 'example_workday_timetable' retrieved from /home/airflow/.local/lib/python3.12/site-packages/airflow/example_dags/example_workday_timetable.py
[2026-04-12T11:21:45.808+0000] {logging_mixin.py:190} INFO - [2026-04-12T11:21:45.808+0000] {dag.py:3239} INFO - Sync 1 DAGs
[2026-04-12T11:21:45.846+0000] {logging_mixin.py:190} INFO - [2026-04-12T11:21:45.846+0000] {dag.py:4180} INFO - Setting next_dagrun for example_workday_timetable to 2021-01-04 00:00:00+00:00, run_after=2021-01-05 00:00:00+00:00
[2026-04-12T11:21:45.857+0000] {processor.py:208} INFO - Processing /home/airflow/.local/lib/python3.12/site-packages/airflow/example_dags/example_workday_timetable.py took 0.071 seconds
[2026-04-12T11:22:15.888+0000] {processor.py:186} INFO - Started process (PID=6019) to work on /home/airflow/.local/lib/python3.12/site-packages/airflow/example_dags/example_workday_timetable.py
[2026-04-12T11:22:15.889+0000] {processor.py:914} INFO - Processing file /home/airflow/.local/lib/python3.12/site-packages/airflow/example_dags/example_workday_timetable.py for tasks to queue
[2026-04-12T11:22:15.891+0000] {logging_mixin.py:190} INFO - [2026-04-12T11:22:15.890+0000] {dagbag.py:588} INFO - Filling up the DagBag from /home/airflow/.local/lib/python3.12/site-packages/airflow/example_dags/example_workday_timetable.py
[2026-04-12T11:22:15.894+0000] {processor.py:925} INFO - DAG(s) 'example_workday_timetable' retrieved from /home/airflow/.local/lib/python3.12/site-packages/airflow/example_dags/example_workday_timetable.py
[2026-04-12T11:22:15.909+0000] {logging_mixin.py:190} INFO - [2026-04-12T11:22:15.909+0000] {dag.py:3239} INFO - Sync 1 DAGs
[2026-04-12T11:22:15.950+0000] {logging_mixin.py:190} INFO - [2026-04-12T11:22:15.950+0000] {dag.py:4180} INFO - Setting next_dagrun for example_workday_timetable to 2021-01-04 00:00:00+00:00, run_after=2021-01-05 00:00:00+00:00
[2026-04-12T11:22:15.963+0000] {processor.py:208} INFO - Processing /home/airflow/.local/lib/python3.12/site-packages/airflow/example_dags/example_workday_timetable.py took 0.079 seconds
[2026-04-12T11:22:46.126+0000] {processor.py:186} INFO - Started process (PID=6316) to work on /home/airflow/.local/lib/python3.12/site-packages/airflow/example_dags/example_workday_timetable.py
[2026-04-12T11:22:46.127+0000] {processor.py:914} INFO - Processing file /home/airflow/.local/lib/python3.12/site-packages/airflow/example_dags/example_workday_timetable.py for tasks to queue
[2026-04-12T11:22:46.128+0000] {logging_mixin.py:190} INFO - [2026-04-12T11:22:46.128+0000] {dagbag.py:588} INFO - Filling up the DagBag from /home/airflow/.local/lib/python3.12/site-packages/airflow/example_dags/example_workday_timetable.py
[2026-04-12T11:22:46.132+0000] {processor.py:925} INFO - DAG(s) 'example_workday_timetable' retrieved from /home/airflow/.local/lib/python3.12/site-packages/airflow/example_dags/example_workday_timetable.py
[2026-04-12T11:22:46.143+0000] {logging_mixin.py:190} INFO - [2026-04-12T11:22:46.143+0000] {dag.py:3239} INFO - Sync 1 DAGs
[2026-04-12T11:22:46.184+0000] {logging_mixin.py:190} INFO - [2026-04-12T11:22:46.183+0000] {dag.py:4180} INFO - Setting next_dagrun for example_workday_timetable to 2021-01-04 00:00:00+00:00, run_after=2021-01-05 00:00:00+00:00
[2026-04-12T11:22:46.194+0000] {processor.py:208} INFO - Processing /home/airflow/.local/lib/python3.12/site-packages/airflow/example_dags/example_workday_timetable.py took 0.071 seconds
[2026-04-12T11:23:16.252+0000] {processor.py:186} INFO - Started process (PID=6610) to work on /home/airflow/.local/lib/python3.12/site-packages/airflow/example_dags/example_workday_timetable.py
[2026-04-12T11:23:16.254+0000] {processor.py:914} INFO - Processing file /home/airflow/.local/lib/python3.12/site-packages/airflow/example_dags/example_workday_timetable.py for tasks to queue
[2026-04-12T11:23:16.256+0000] {logging_mixin.py:190} INFO - [2026-04-12T11:23:16.255+0000] {dagbag.py:588} INFO - Filling up the DagBag from /home/airflow/.local/lib/python3.12/site-packages/airflow/example_dags/example_workday_timetable.py
[2026-04-12T11:23:16.261+0000] {processor.py:925} INFO - DAG(s) 'example_workday_timetable' retrieved from /home/airflow/.local/lib/python3.12/site-packages/airflow/example_dags/example_workday_timetable.py
[2026-04-12T11:23:16.275+0000] {logging_mixin.py:190} INFO - [2026-04-12T11:23:16.275+0000] {dag.py:3239} INFO - Sync 1 DAGs
[2026-04-12T11:23:16.318+0000] {logging_mixin.py:190} INFO - [2026-04-12T11:23:16.318+0000] {dag.py:4180} INFO - Setting next_dagrun for example_workday_timetable to 2021-01-04 00:00:00+00:00, run_after=2021-01-05 00:00:00+00:00
[2026-04-12T11:23:16.333+0000] {processor.py:208} INFO - Processing /home/airflow/.local/lib/python3.12/site-packages/airflow/example_dags/example_workday_timetable.py took 0.085 seconds
[2026-04-12T11:23:46.809+0000] {processor.py:186} INFO - Started process (PID=6906) to work on /home/airflow/.local/lib/python3.12/site-packages/airflow/example_dags/example_workday_timetable.py
[2026-04-12T11:23:46.810+0000] {processor.py:914} INFO - Processing file /home/airflow/.local/lib/python3.12/site-packages/airflow/example_dags/example_workday_timetable.py for tasks to queue
[2026-04-12T11:23:46.811+0000] {logging_mixin.py:190} INFO - [2026-04-12T11:23:46.811+0000] {dagbag.py:588} INFO - Filling up the DagBag from /home/airflow/.local/lib/python3.12/site-packages/airflow/example_dags/example_workday_timetable.py
[2026-04-12T11:23:46.815+0000] {processor.py:925} INFO - DAG(s) 'example_workday_timetable' retrieved from /home/airflow/.local/lib/python3.12/site-packages/airflow/example_dags/example_workday_timetable.py
[2026-04-12T11:23:46.829+0000] {logging_mixin.py:190} INFO - [2026-04-12T11:23:46.829+0000] {dag.py:3239} INFO - Sync 1 DAGs
[2026-04-12T11:23:46.868+0000] {logging_mixin.py:190} INFO - [2026-04-12T11:23:46.868+0000] {dag.py:4180} INFO - Setting next_dagrun for example_workday_timetable to 2021-01-04 00:00:00+00:00, run_after=2021-01-05 00:00:00+00:00
[2026-04-12T11:23:46.880+0000] {processor.py:208} INFO - Processing /home/airflow/.local/lib/python3.12/site-packages/airflow/example_dags/example_workday_timetable.py took 0.076 seconds
[2026-04-12T11:24:17.139+0000] {processor.py:186} INFO - Started process (PID=7204) to work on /home/airflow/.local/lib/python3.12/site-packages/airflow/example_dags/example_workday_timetable.py
[2026-04-12T11:24:17.139+0000] {processor.py:914} INFO - Processing file /home/airflow/.local/lib/python3.12/site-packages/airflow/example_dags/example_workday_timetable.py for tasks to queue
[2026-04-12T11:24:17.141+0000] {logging_mixin.py:190} INFO - [2026-04-12T11:24:17.140+0000] {dagbag.py:588} INFO - Filling up the DagBag from /home/airflow/.local/lib/python3.12/site-packages/airflow/example_dags/example_workday_timetable.py
[2026-04-12T11:24:17.144+0000] {processor.py:925} INFO - DAG(s) 'example_workday_timetable' retrieved from /home/airflow/.local/lib/python3.12/site-packages/airflow/example_dags/example_workday_timetable.py
[2026-04-12T11:24:17.155+0000] {logging_mixin.py:190} INFO - [2026-04-12T11:24:17.155+0000] {dag.py:3239} INFO - Sync 1 DAGs
[2026-04-12T11:24:17.191+0000] {logging_mixin.py:190} INFO - [2026-04-12T11:24:17.191+0000] {dag.py:4180} INFO - Setting next_dagrun for example_workday_timetable to 2021-01-04 00:00:00+00:00, run_after=2021-01-05 00:00:00+00:00
[2026-04-12T11:24:17.201+0000] {processor.py:208} INFO - Processing /home/airflow/.local/lib/python3.12/site-packages/airflow/example_dags/example_workday_timetable.py took 0.066 seconds
[2026-04-12T11:24:48.230+0000] {processor.py:186} INFO - Started process (PID=7498) to work on /home/airflow/.local/lib/python3.12/site-packages/airflow/example_dags/example_workday_timetable.py
[2026-04-12T11:24:48.231+0000] {processor.py:914} INFO - Processing file /home/airflow/.local/lib/python3.12/site-packages/airflow/example_dags/example_workday_timetable.py for tasks to queue
[2026-04-12T11:24:48.232+0000] {logging_mixin.py:190} INFO - [2026-04-12T11:24:48.232+0000] {dagbag.py:588} INFO - Filling up the DagBag from /home/airflow/.local/lib/python3.12/site-packages/airflow/example_dags/example_workday_timetable.py
[2026-04-12T11:24:48.236+0000] {processor.py:925} INFO - DAG(s) 'example_workday_timetable' retrieved from /home/airflow/.local/lib/python3.12/site-packages/airflow/example_dags/example_workday_timetable.py
[2026-04-12T11:24:48.256+0000] {logging_mixin.py:190} INFO - [2026-04-12T11:24:48.256+0000] {dag.py:3239} INFO - Sync 1 DAGs
[2026-04-12T11:24:48.302+0000] {logging_mixin.py:190} INFO - [2026-04-12T11:24:48.302+0000] {dag.py:4180} INFO - Setting next_dagrun for example_workday_timetable to 2021-01-04 00:00:00+00:00, run_after=2021-01-05 00:00:00+00:00
[2026-04-12T11:24:48.317+0000] {processor.py:208} INFO - Processing /home/airflow/.local/lib/python3.12/site-packages/airflow/example_dags/example_workday_timetable.py took 0.090 seconds
[2026-04-12T11:25:18.430+0000] {processor.py:186} INFO - Started process (PID=7794) to work on /home/airflow/.local/lib/python3.12/site-packages/airflow/example_dags/example_workday_timetable.py
[2026-04-12T11:25:18.432+0000] {processor.py:914} INFO - Processing file /home/airflow/.local/lib/python3.12/site-packages/airflow/example_dags/example_workday_timetable.py for tasks to queue
[2026-04-12T11:25:18.437+0000] {logging_mixin.py:190} INFO - [2026-04-12T11:25:18.436+0000] {dagbag.py:588} INFO - Filling up the DagBag from /home/airflow/.local/lib/python3.12/site-packages/airflow/example_dags/example_workday_timetable.py
[2026-04-12T11:25:18.440+0000] {processor.py:925} INFO - DAG(s) 'example_workday_timetable' retrieved from /home/airflow/.local/lib/python3.12/site-packages/airflow/example_dags/example_workday_timetable.py
[2026-04-12T11:25:18.461+0000] {logging_mixin.py:190} INFO - [2026-04-12T11:25:18.460+0000] {dag.py:3239} INFO - Sync 1 DAGs
[2026-04-12T11:25:18.510+0000] {logging_mixin.py:190} INFO - [2026-04-12T11:25:18.510+0000] {dag.py:4180} INFO - Setting next_dagrun for example_workday_timetable to 2021-01-04 00:00:00+00:00, run_after=2021-01-05 00:00:00+00:00
[2026-04-12T11:25:18.525+0000] {processor.py:208} INFO - Processing /home/airflow/.local/lib/python3.12/site-packages/airflow/example_dags/example_workday_timetable.py took 0.098 seconds
[2026-04-12T11:25:48.611+0000] {processor.py:186} INFO - Started process (PID=8090) to work on /home/airflow/.local/lib/python3.12/site-packages/airflow/example_dags/example_workday_timetable.py
[2026-04-12T11:25:48.612+0000] {processor.py:914} INFO - Processing file /home/airflow/.local/lib/python3.12/site-packages/airflow/example_dags/example_workday_timetable.py for tasks to queue
[2026-04-12T11:25:48.615+0000] {logging_mixin.py:190} INFO - [2026-04-12T11:25:48.615+0000] {dagbag.py:588} INFO - Filling up the DagBag from /home/airflow/.local/lib/python3.12/site-packages/airflow/example_dags/example_workday_timetable.py
[2026-04-12T11:25:48.619+0000] {processor.py:925} INFO - DAG(s) 'example_workday_timetable' retrieved from /home/airflow/.local/lib/python3.12/site-packages/airflow/example_dags/example_workday_timetable.py
[2026-04-12T11:25:48.633+0000] {logging_mixin.py:190} INFO - [2026-04-12T11:25:48.633+0000] {dag.py:3239} INFO - Sync 1 DAGs
[2026-04-12T11:25:48.680+0000] {logging_mixin.py:190} INFO - [2026-04-12T11:25:48.680+0000] {dag.py:4180} INFO - Setting next_dagrun for example_workday_timetable to 2021-01-04 00:00:00+00:00, run_after=2021-01-05 00:00:00+00:00
[2026-04-12T11:25:48.695+0000] {processor.py:208} INFO - Processing /home/airflow/.local/lib/python3.12/site-packages/airflow/example_dags/example_workday_timetable.py took 0.089 seconds
[2026-04-12T11:27:10.353+0000] {processor.py:186} INFO - Started process (PID=8265) to work on /home/airflow/.local/lib/python3.12/site-packages/airflow/example_dags/example_workday_timetable.py
[2026-04-12T11:27:10.354+0000] {processor.py:914} INFO - Processing file /home/airflow/.local/lib/python3.12/site-packages/airflow/example_dags/example_workday_timetable.py for tasks to queue
[2026-04-12T11:27:10.356+0000] {logging_mixin.py:190} INFO - [2026-04-12T11:27:10.356+0000] {dagbag.py:588} INFO - Filling up the DagBag from /home/airflow/.local/lib/python3.12/site-packages/airflow/example_dags/example_workday_timetable.py
[2026-04-12T11:27:10.362+0000] {processor.py:925} INFO - DAG(s) 'example_workday_timetable' retrieved from /home/airflow/.local/lib/python3.12/site-packages/airflow/example_dags/example_workday_timetable.py
[2026-04-12T11:27:10.382+0000] {logging_mixin.py:190} INFO - [2026-04-12T11:27:10.382+0000] {dag.py:3239} INFO - Sync 1 DAGs
[2026-04-12T11:27:10.439+0000] {logging_mixin.py:190} INFO - [2026-04-12T11:27:10.438+0000] {dag.py:4180} INFO - Setting next_dagrun for example_workday_timetable to 2021-01-04 00:00:00+00:00, run_after=2021-01-05 00:00:00+00:00
[2026-04-12T11:27:10.457+0000] {processor.py:208} INFO - Processing /home/airflow/.local/lib/python3.12/site-packages/airflow/example_dags/example_workday_timetable.py took 0.115 seconds
[2026-04-12T11:29:46.442+0000] {processor.py:186} INFO - Started process (PID=8561) to work on /home/airflow/.local/lib/python3.12/site-packages/airflow/example_dags/example_workday_timetable.py
[2026-04-12T11:29:46.443+0000] {processor.py:914} INFO - Processing file /home/airflow/.local/lib/python3.12/site-packages/airflow/example_dags/example_workday_timetable.py for tasks to queue
[2026-04-12T11:29:46.444+0000] {logging_mixin.py:190} INFO - [2026-04-12T11:29:46.444+0000] {dagbag.py:588} INFO - Filling up the DagBag from /home/airflow/.local/lib/python3.12/site-packages/airflow/example_dags/example_workday_timetable.py
[2026-04-12T11:29:46.449+0000] {processor.py:925} INFO - DAG(s) 'example_workday_timetable' retrieved from /home/airflow/.local/lib/python3.12/site-packages/airflow/example_dags/example_workday_timetable.py
[2026-04-12T11:29:46.463+0000] {logging_mixin.py:190} INFO - [2026-04-12T11:29:46.463+0000] {dag.py:3239} INFO - Sync 1 DAGs
[2026-04-12T11:29:46.524+0000] {logging_mixin.py:190} INFO - [2026-04-12T11:29:46.523+0000] {dag.py:4180} INFO - Setting next_dagrun for example_workday_timetable to 2021-01-04 00:00:00+00:00, run_after=2021-01-05 00:00:00+00:00
[2026-04-12T11:29:46.540+0000] {processor.py:208} INFO - Processing /home/airflow/.local/lib/python3.12/site-packages/airflow/example_dags/example_workday_timetable.py took 0.103 seconds
[2026-04-12T11:30:16.616+0000] {processor.py:186} INFO - Started process (PID=8854) to work on /home/airflow/.local/lib/python3.12/site-packages/airflow/example_dags/example_workday_timetable.py
[2026-04-12T11:30:16.616+0000] {processor.py:914} INFO - Processing file /home/airflow/.local/lib/python3.12/site-packages/airflow/example_dags/example_workday_timetable.py for tasks to queue
[2026-04-12T11:30:16.618+0000] {logging_mixin.py:190} INFO - [2026-04-12T11:30:16.618+0000] {dagbag.py:588} INFO - Filling up the DagBag from /home/airflow/.local/lib/python3.12/site-packages/airflow/example_dags/example_workday_timetable.py
[2026-04-12T11:30:16.622+0000] {processor.py:925} INFO - DAG(s) 'example_workday_timetable' retrieved from /home/airflow/.local/lib/python3.12/site-packages/airflow/example_dags/example_workday_timetable.py
[2026-04-12T11:30:16.635+0000] {logging_mixin.py:190} INFO - [2026-04-12T11:30:16.635+0000] {dag.py:3239} INFO - Sync 1 DAGs
[2026-04-12T11:30:16.677+0000] {logging_mixin.py:190} INFO - [2026-04-12T11:30:16.676+0000] {dag.py:4180} INFO - Setting next_dagrun for example_workday_timetable to 2021-01-04 00:00:00+00:00, run_after=2021-01-05 00:00:00+00:00
[2026-04-12T11:30:16.687+0000] {processor.py:208} INFO - Processing /home/airflow/.local/lib/python3.12/site-packages/airflow/example_dags/example_workday_timetable.py took 0.076 seconds
[2026-04-12T11:30:47.075+0000] {processor.py:186} INFO - Started process (PID=9150) to work on /home/airflow/.local/lib/python3.12/site-packages/airflow/example_dags/example_workday_timetable.py
[2026-04-12T11:30:47.076+0000] {processor.py:914} INFO - Processing file /home/airflow/.local/lib/python3.12/site-packages/airflow/example_dags/example_workday_timetable.py for tasks to queue
[2026-04-12T11:30:47.078+0000] {logging_mixin.py:190} INFO - [2026-04-12T11:30:47.077+0000] {dagbag.py:588} INFO - Filling up the DagBag from /home/airflow/.local/lib/python3.12/site-packages/airflow/example_dags/example_workday_timetable.py
[2026-04-12T11:30:47.082+0000] {processor.py:925} INFO - DAG(s) 'example_workday_timetable' retrieved from /home/airflow/.local/lib/python3.12/site-packages/airflow/example_dags/example_workday_timetable.py
[2026-04-12T11:30:47.100+0000] {logging_mixin.py:190} INFO - [2026-04-12T11:30:47.099+0000] {dag.py:3239} INFO - Sync 1 DAGs
[2026-04-12T11:30:47.149+0000] {logging_mixin.py:190} INFO - [2026-04-12T11:30:47.148+0000] {dag.py:4180} INFO - Setting next_dagrun for example_workday_timetable to 2021-01-04 00:00:00+00:00, run_after=2021-01-05 00:00:00+00:00
[2026-04-12T11:30:47.159+0000] {processor.py:208} INFO - Processing /home/airflow/.local/lib/python3.12/site-packages/airflow/example_dags/example_workday_timetable.py took 0.089 seconds
[2026-04-12T11:31:17.227+0000] {processor.py:186} INFO - Started process (PID=9444) to work on /home/airflow/.local/lib/python3.12/site-packages/airflow/example_dags/example_workday_timetable.py
[2026-04-12T11:31:17.228+0000] {processor.py:914} INFO - Processing file /home/airflow/.local/lib/python3.12/site-packages/airflow/example_dags/example_workday_timetable.py for tasks to queue
[2026-04-12T11:31:17.229+0000] {logging_mixin.py:190} INFO - [2026-04-12T11:31:17.229+0000] {dagbag.py:588} INFO - Filling up the DagBag from /home/airflow/.local/lib/python3.12/site-packages/airflow/example_dags/example_workday_timetable.py
[2026-04-12T11:31:17.233+0000] {processor.py:925} INFO - DAG(s) 'example_workday_timetable' retrieved from /home/airflow/.local/lib/python3.12/site-packages/airflow/example_dags/example_workday_timetable.py
[2026-04-12T11:31:17.248+0000] {logging_mixin.py:190} INFO - [2026-04-12T11:31:17.248+0000] {dag.py:3239} INFO - Sync 1 DAGs
[2026-04-12T11:31:17.296+0000] {logging_mixin.py:190} INFO - [2026-04-12T11:31:17.296+0000] {dag.py:4180} INFO - Setting next_dagrun for example_workday_timetable to 2021-01-04 00:00:00+00:00, run_after=2021-01-05 00:00:00+00:00
[2026-04-12T11:31:17.306+0000] {processor.py:208} INFO - Processing /home/airflow/.local/lib/python3.12/site-packages/airflow/example_dags/example_workday_timetable.py took 0.083 seconds
[2026-04-12T11:31:47.623+0000] {processor.py:186} INFO - Started process (PID=9741) to work on /home/airflow/.local/lib/python3.12/site-packages/airflow/example_dags/example_workday_timetable.py
[2026-04-12T11:31:47.623+0000] {processor.py:914} INFO - Processing file /home/airflow/.local/lib/python3.12/site-packages/airflow/example_dags/example_workday_timetable.py for tasks to queue
[2026-04-12T11:31:47.625+0000] {logging_mixin.py:190} INFO - [2026-04-12T11:31:47.625+0000] {dagbag.py:588} INFO - Filling up the DagBag from /home/airflow/.local/lib/python3.12/site-packages/airflow/example_dags/example_workday_timetable.py
[2026-04-12T11:31:47.628+0000] {processor.py:925} INFO - DAG(s) 'example_workday_timetable' retrieved from /home/airflow/.local/lib/python3.12/site-packages/airflow/example_dags/example_workday_timetable.py
[2026-04-12T11:31:47.646+0000] {logging_mixin.py:190} INFO - [2026-04-12T11:31:47.646+0000] {dag.py:3239} INFO - Sync 1 DAGs
[2026-04-12T11:31:47.696+0000] {logging_mixin.py:190} INFO - [2026-04-12T11:31:47.696+0000] {dag.py:4180} INFO - Setting next_dagrun for example_workday_timetable to 2021-01-04 00:00:00+00:00, run_after=2021-01-05 00:00:00+00:00
[2026-04-12T11:31:47.707+0000] {processor.py:208} INFO - Processing /home/airflow/.local/lib/python3.12/site-packages/airflow/example_dags/example_workday_timetable.py took 0.088 seconds
[2026-04-12T11:32:18.873+0000] {processor.py:186} INFO - Started process (PID=10035) to work on /home/airflow/.local/lib/python3.12/site-packages/airflow/example_dags/example_workday_timetable.py
[2026-04-12T11:32:18.875+0000] {processor.py:914} INFO - Processing file /home/airflow/.local/lib/python3.12/site-packages/airflow/example_dags/example_workday_timetable.py for tasks to queue
[2026-04-12T11:32:18.877+0000] {logging_mixin.py:190} INFO - [2026-04-12T11:32:18.877+0000] {dagbag.py:588} INFO - Filling up the DagBag from /home/airflow/.local/lib/python3.12/site-packages/airflow/example_dags/example_workday_timetable.py
[2026-04-12T11:32:18.885+0000] {processor.py:925} INFO - DAG(s) 'example_workday_timetable' retrieved from /home/airflow/.local/lib/python3.12/site-packages/airflow/example_dags/example_workday_timetable.py
[2026-04-12T11:32:18.902+0000] {logging_mixin.py:190} INFO - [2026-04-12T11:32:18.902+0000] {dag.py:3239} INFO - Sync 1 DAGs
[2026-04-12T11:32:18.951+0000] {logging_mixin.py:190} INFO - [2026-04-12T11:32:18.951+0000] {dag.py:4180} INFO - Setting next_dagrun for example_workday_timetable to 2021-01-04 00:00:00+00:00, run_after=2021-01-05 00:00:00+00:00
[2026-04-12T11:32:18.968+0000] {processor.py:208} INFO - Processing /home/airflow/.local/lib/python3.12/site-packages/airflow/example_dags/example_workday_timetable.py took 0.099 seconds
[2026-04-12T11:32:49.759+0000] {processor.py:186} INFO - Started process (PID=10331) to work on /home/airflow/.local/lib/python3.12/site-packages/airflow/example_dags/example_workday_timetable.py
[2026-04-12T11:32:49.760+0000] {processor.py:914} INFO - Processing file /home/airflow/.local/lib/python3.12/site-packages/airflow/example_dags/example_workday_timetable.py for tasks to queue
[2026-04-12T11:32:49.762+0000] {logging_mixin.py:190} INFO - [2026-04-12T11:32:49.762+0000] {dagbag.py:588} INFO - Filling up the DagBag from /home/airflow/.local/lib/python3.12/site-packages/airflow/example_dags/example_workday_timetable.py
[2026-04-12T11:32:49.768+0000] {processor.py:925} INFO - DAG(s) 'example_workday_timetable' retrieved from /home/airflow/.local/lib/python3.12/site-packages/airflow/example_dags/example_workday_timetable.py
[2026-04-12T11:32:49.786+0000] {logging_mixin.py:190} INFO - [2026-04-12T11:32:49.786+0000] {dag.py:3239} INFO - Sync 1 DAGs
[2026-04-12T11:32:49.834+0000] {logging_mixin.py:190} INFO - [2026-04-12T11:32:49.834+0000] {dag.py:4180} INFO - Setting next_dagrun for example_workday_timetable to 2021-01-04 00:00:00+00:00, run_after=2021-01-05 00:00:00+00:00
[2026-04-12T11:32:49.852+0000] {processor.py:208} INFO - Processing /home/airflow/.local/lib/python3.12/site-packages/airflow/example_dags/example_workday_timetable.py took 0.097 seconds
[2026-04-12T11:33:20.742+0000] {processor.py:186} INFO - Started process (PID=10627) to work on /home/airflow/.local/lib/python3.12/site-packages/airflow/example_dags/example_workday_timetable.py
[2026-04-12T11:33:20.743+0000] {processor.py:914} INFO - Processing file /home/airflow/.local/lib/python3.12/site-packages/airflow/example_dags/example_workday_timetable.py for tasks to queue
[2026-04-12T11:33:20.745+0000] {logging_mixin.py:190} INFO - [2026-04-12T11:33:20.745+0000] {dagbag.py:588} INFO - Filling up the DagBag from /home/airflow/.local/lib/python3.12/site-packages/airflow/example_dags/example_workday_timetable.py
[2026-04-12T11:33:20.751+0000] {processor.py:925} INFO - DAG(s) 'example_workday_timetable' retrieved from /home/airflow/.local/lib/python3.12/site-packages/airflow/example_dags/example_workday_timetable.py
[2026-04-12T11:33:20.765+0000] {logging_mixin.py:190} INFO - [2026-04-12T11:33:20.765+0000] {dag.py:3239} INFO - Sync 1 DAGs
[2026-04-12T11:33:20.810+0000] {logging_mixin.py:190} INFO - [2026-04-12T11:33:20.810+0000] {dag.py:4180} INFO - Setting next_dagrun for example_workday_timetable to 2021-01-04 00:00:00+00:00, run_after=2021-01-05 00:00:00+00:00
[2026-04-12T11:33:20.822+0000] {processor.py:208} INFO - Processing /home/airflow/.local/lib/python3.12/site-packages/airflow/example_dags/example_workday_timetable.py took 0.083 seconds
[2026-04-12T11:33:51.836+0000] {processor.py:186} INFO - Started process (PID=10924) to work on /home/airflow/.local/lib/python3.12/site-packages/airflow/example_dags/example_workday_timetable.py
[2026-04-12T11:33:51.837+0000] {processor.py:914} INFO - Processing file /home/airflow/.local/lib/python3.12/site-packages/airflow/example_dags/example_workday_timetable.py for tasks to queue
[2026-04-12T11:33:51.838+0000] {logging_mixin.py:190} INFO - [2026-04-12T11:33:51.838+0000] {dagbag.py:588} INFO - Filling up the DagBag from /home/airflow/.local/lib/python3.12/site-packages/airflow/example_dags/example_workday_timetable.py
[2026-04-12T11:33:51.842+0000] {processor.py:925} INFO - DAG(s) 'example_workday_timetable' retrieved from /home/airflow/.local/lib/python3.12/site-packages/airflow/example_dags/example_workday_timetable.py
[2026-04-12T11:33:51.854+0000] {logging_mixin.py:190} INFO - [2026-04-12T11:33:51.854+0000] {dag.py:3239} INFO - Sync 1 DAGs
[2026-04-12T11:33:51.892+0000] {logging_mixin.py:190} INFO - [2026-04-12T11:33:51.892+0000] {dag.py:4180} INFO - Setting next_dagrun for example_workday_timetable to 2021-01-04 00:00:00+00:00, run_after=2021-01-05 00:00:00+00:00
[2026-04-12T11:33:51.903+0000] {processor.py:208} INFO - Processing /home/airflow/.local/lib/python3.12/site-packages/airflow/example_dags/example_workday_timetable.py took 0.071 seconds
[2026-04-12T11:34:22.706+0000] {processor.py:186} INFO - Started process (PID=11218) to work on /home/airflow/.local/lib/python3.12/site-packages/airflow/example_dags/example_workday_timetable.py
[2026-04-12T11:34:22.711+0000] {processor.py:914} INFO - Processing file /home/airflow/.local/lib/python3.12/site-packages/airflow/example_dags/example_workday_timetable.py for tasks to queue
[2026-04-12T11:34:22.712+0000] {logging_mixin.py:190} INFO - [2026-04-12T11:34:22.712+0000] {dagbag.py:588} INFO - Filling up the DagBag from /home/airflow/.local/lib/python3.12/site-packages/airflow/example_dags/example_workday_timetable.py
[2026-04-12T11:34:22.716+0000] {processor.py:925} INFO - DAG(s) 'example_workday_timetable' retrieved from /home/airflow/.local/lib/python3.12/site-packages/airflow/example_dags/example_workday_timetable.py
[2026-04-12T11:34:22.736+0000] {logging_mixin.py:190} INFO - [2026-04-12T11:34:22.736+0000] {dag.py:3239} INFO - Sync 1 DAGs
[2026-04-12T11:34:22.775+0000] {logging_mixin.py:190} INFO - [2026-04-12T11:34:22.775+0000] {dag.py:4180} INFO - Setting next_dagrun for example_workday_timetable to 2021-01-04 00:00:00+00:00, run_after=2021-01-05 00:00:00+00:00
[2026-04-12T11:34:22.788+0000] {processor.py:208} INFO - Processing /home/airflow/.local/lib/python3.12/site-packages/airflow/example_dags/example_workday_timetable.py took 0.086 seconds
[2026-04-12T11:34:53.516+0000] {processor.py:186} INFO - Started process (PID=11514) to work on /home/airflow/.local/lib/python3.12/site-packages/airflow/example_dags/example_workday_timetable.py
[2026-04-12T11:34:53.517+0000] {processor.py:914} INFO - Processing file /home/airflow/.local/lib/python3.12/site-packages/airflow/example_dags/example_workday_timetable.py for tasks to queue
[2026-04-12T11:34:53.519+0000] {logging_mixin.py:190} INFO - [2026-04-12T11:34:53.518+0000] {dagbag.py:588} INFO - Filling up the DagBag from /home/airflow/.local/lib/python3.12/site-packages/airflow/example_dags/example_workday_timetable.py
[2026-04-12T11:34:53.522+0000] {processor.py:925} INFO - DAG(s) 'example_workday_timetable' retrieved from /home/airflow/.local/lib/python3.12/site-packages/airflow/example_dags/example_workday_timetable.py
[2026-04-12T11:34:53.540+0000] {logging_mixin.py:190} INFO - [2026-04-12T11:34:53.539+0000] {dag.py:3239} INFO - Sync 1 DAGs
[2026-04-12T11:34:53.584+0000] {logging_mixin.py:190} INFO - [2026-04-12T11:34:53.584+0000] {dag.py:4180} INFO - Setting next_dagrun for example_workday_timetable to 2021-01-04 00:00:00+00:00, run_after=2021-01-05 00:00:00+00:00
[2026-04-12T11:34:53.601+0000] {processor.py:208} INFO - Processing /home/airflow/.local/lib/python3.12/site-packages/airflow/example_dags/example_workday_timetable.py took 0.089 seconds
