[2026-04-12T11:12:30.723+0000] {processor.py:186} INFO - Started process (PID=266) to work on /home/airflow/.local/lib/python3.12/site-packages/airflow/example_dags/example_xcom.py
[2026-04-12T11:12:30.725+0000] {processor.py:914} INFO - Processing file /home/airflow/.local/lib/python3.12/site-packages/airflow/example_dags/example_xcom.py for tasks to queue
[2026-04-12T11:12:30.727+0000] {logging_mixin.py:190} INFO - [2026-04-12T11:12:30.727+0000] {dagbag.py:588} INFO - Filling up the DagBag from /home/airflow/.local/lib/python3.12/site-packages/airflow/example_dags/example_xcom.py
[2026-04-12T11:12:30.742+0000] {processor.py:925} INFO - DAG(s) 'example_xcom' retrieved from /home/airflow/.local/lib/python3.12/site-packages/airflow/example_dags/example_xcom.py
[2026-04-12T11:12:30.949+0000] {logging_mixin.py:190} INFO - [2026-04-12T11:12:30.947+0000] {override.py:1912} INFO - Created Permission View: can edit on DAG:example_xcom
[2026-04-12T11:12:30.964+0000] {logging_mixin.py:190} INFO - [2026-04-12T11:12:30.963+0000] {override.py:1912} INFO - Created Permission View: can delete on DAG:example_xcom
[2026-04-12T11:12:30.972+0000] {logging_mixin.py:190} INFO - [2026-04-12T11:12:30.972+0000] {override.py:1912} INFO - Created Permission View: can read on DAG:example_xcom
[2026-04-12T11:12:30.983+0000] {logging_mixin.py:190} INFO - [2026-04-12T11:12:30.983+0000] {override.py:1912} INFO - Created Permission View: can delete on DAG Run:example_xcom
[2026-04-12T11:12:30.992+0000] {logging_mixin.py:190} INFO - [2026-04-12T11:12:30.991+0000] {override.py:1912} INFO - Created Permission View: can create on DAG Run:example_xcom
[2026-04-12T11:12:31.000+0000] {logging_mixin.py:190} INFO - [2026-04-12T11:12:30.999+0000] {override.py:1912} INFO - Created Permission View: can read on DAG Run:example_xcom
[2026-04-12T11:12:31.011+0000] {logging_mixin.py:190} INFO - [2026-04-12T11:12:31.011+0000] {override.py:1912} INFO - Created Permission View: menu access on DAG Run:example_xcom
[2026-04-12T11:12:31.012+0000] {logging_mixin.py:190} INFO - [2026-04-12T11:12:31.012+0000] {dag.py:3239} INFO - Sync 1 DAGs
[2026-04-12T11:12:31.029+0000] {logging_mixin.py:190} INFO - [2026-04-12T11:12:31.029+0000] {dag.py:3262} INFO - Creating ORM DAG for example_xcom
[2026-04-12T11:12:31.038+0000] {logging_mixin.py:190} INFO - [2026-04-12T11:12:31.038+0000] {dag.py:4180} INFO - Setting next_dagrun for example_xcom to 2021-01-01 00:00:00+00:00, run_after=2021-01-01 00:00:00+00:00
[2026-04-12T11:12:31.063+0000] {processor.py:208} INFO - Processing /home/airflow/.local/lib/python3.12/site-packages/airflow/example_dags/example_xcom.py took 0.347 seconds
[2026-04-12T11:13:01.180+0000] {processor.py:186} INFO - Started process (PID=561) to work on /home/airflow/.local/lib/python3.12/site-packages/airflow/example_dags/example_xcom.py
[2026-04-12T11:13:01.181+0000] {processor.py:914} INFO - Processing file /home/airflow/.local/lib/python3.12/site-packages/airflow/example_dags/example_xcom.py for tasks to queue
[2026-04-12T11:13:01.182+0000] {logging_mixin.py:190} INFO - [2026-04-12T11:13:01.182+0000] {dagbag.py:588} INFO - Filling up the DagBag from /home/airflow/.local/lib/python3.12/site-packages/airflow/example_dags/example_xcom.py
[2026-04-12T11:13:01.189+0000] {processor.py:925} INFO - DAG(s) 'example_xcom' retrieved from /home/airflow/.local/lib/python3.12/site-packages/airflow/example_dags/example_xcom.py
[2026-04-12T11:13:01.201+0000] {logging_mixin.py:190} INFO - [2026-04-12T11:13:01.201+0000] {dag.py:3239} INFO - Sync 1 DAGs
[2026-04-12T11:13:01.216+0000] {logging_mixin.py:190} INFO - [2026-04-12T11:13:01.215+0000] {dag.py:4180} INFO - Setting next_dagrun for example_xcom to 2021-01-01 00:00:00+00:00, run_after=2021-01-01 00:00:00+00:00
[2026-04-12T11:13:01.225+0000] {processor.py:208} INFO - Processing /home/airflow/.local/lib/python3.12/site-packages/airflow/example_dags/example_xcom.py took 0.050 seconds
[2026-04-12T11:13:31.532+0000] {processor.py:186} INFO - Started process (PID=858) to work on /home/airflow/.local/lib/python3.12/site-packages/airflow/example_dags/example_xcom.py
[2026-04-12T11:13:31.534+0000] {processor.py:914} INFO - Processing file /home/airflow/.local/lib/python3.12/site-packages/airflow/example_dags/example_xcom.py for tasks to queue
[2026-04-12T11:13:31.535+0000] {logging_mixin.py:190} INFO - [2026-04-12T11:13:31.535+0000] {dagbag.py:588} INFO - Filling up the DagBag from /home/airflow/.local/lib/python3.12/site-packages/airflow/example_dags/example_xcom.py
[2026-04-12T11:13:31.548+0000] {processor.py:925} INFO - DAG(s) 'example_xcom' retrieved from /home/airflow/.local/lib/python3.12/site-packages/airflow/example_dags/example_xcom.py
[2026-04-12T11:13:31.573+0000] {logging_mixin.py:190} INFO - [2026-04-12T11:13:31.573+0000] {dag.py:3239} INFO - Sync 1 DAGs
[2026-04-12T11:13:31.596+0000] {logging_mixin.py:190} INFO - [2026-04-12T11:13:31.596+0000] {dag.py:4180} INFO - Setting next_dagrun for example_xcom to 2021-01-01 00:00:00+00:00, run_after=2021-01-01 00:00:00+00:00
[2026-04-12T11:13:31.614+0000] {processor.py:208} INFO - Processing /home/airflow/.local/lib/python3.12/site-packages/airflow/example_dags/example_xcom.py took 0.087 seconds
[2026-04-12T11:14:02.171+0000] {processor.py:186} INFO - Started process (PID=1154) to work on /home/airflow/.local/lib/python3.12/site-packages/airflow/example_dags/example_xcom.py
[2026-04-12T11:14:02.179+0000] {processor.py:914} INFO - Processing file /home/airflow/.local/lib/python3.12/site-packages/airflow/example_dags/example_xcom.py for tasks to queue
[2026-04-12T11:14:02.181+0000] {logging_mixin.py:190} INFO - [2026-04-12T11:14:02.181+0000] {dagbag.py:588} INFO - Filling up the DagBag from /home/airflow/.local/lib/python3.12/site-packages/airflow/example_dags/example_xcom.py
[2026-04-12T11:14:02.187+0000] {processor.py:925} INFO - DAG(s) 'example_xcom' retrieved from /home/airflow/.local/lib/python3.12/site-packages/airflow/example_dags/example_xcom.py
[2026-04-12T11:14:02.201+0000] {logging_mixin.py:190} INFO - [2026-04-12T11:14:02.201+0000] {dag.py:3239} INFO - Sync 1 DAGs
[2026-04-12T11:14:02.217+0000] {logging_mixin.py:190} INFO - [2026-04-12T11:14:02.217+0000] {dag.py:4180} INFO - Setting next_dagrun for example_xcom to 2021-01-01 00:00:00+00:00, run_after=2021-01-01 00:00:00+00:00
[2026-04-12T11:14:02.229+0000] {processor.py:208} INFO - Processing /home/airflow/.local/lib/python3.12/site-packages/airflow/example_dags/example_xcom.py took 0.062 seconds
[2026-04-12T11:14:33.000+0000] {processor.py:186} INFO - Started process (PID=1450) to work on /home/airflow/.local/lib/python3.12/site-packages/airflow/example_dags/example_xcom.py
[2026-04-12T11:14:33.002+0000] {processor.py:914} INFO - Processing file /home/airflow/.local/lib/python3.12/site-packages/airflow/example_dags/example_xcom.py for tasks to queue
[2026-04-12T11:14:33.005+0000] {logging_mixin.py:190} INFO - [2026-04-12T11:14:33.005+0000] {dagbag.py:588} INFO - Filling up the DagBag from /home/airflow/.local/lib/python3.12/site-packages/airflow/example_dags/example_xcom.py
[2026-04-12T11:14:33.015+0000] {processor.py:925} INFO - DAG(s) 'example_xcom' retrieved from /home/airflow/.local/lib/python3.12/site-packages/airflow/example_dags/example_xcom.py
[2026-04-12T11:14:33.045+0000] {logging_mixin.py:190} INFO - [2026-04-12T11:14:33.044+0000] {dag.py:3239} INFO - Sync 1 DAGs
[2026-04-12T11:14:33.073+0000] {logging_mixin.py:190} INFO - [2026-04-12T11:14:33.073+0000] {dag.py:4180} INFO - Setting next_dagrun for example_xcom to 2021-01-01 00:00:00+00:00, run_after=2021-01-01 00:00:00+00:00
[2026-04-12T11:14:33.109+0000] {processor.py:208} INFO - Processing /home/airflow/.local/lib/python3.12/site-packages/airflow/example_dags/example_xcom.py took 0.116 seconds
[2026-04-12T11:15:03.364+0000] {processor.py:186} INFO - Started process (PID=1747) to work on /home/airflow/.local/lib/python3.12/site-packages/airflow/example_dags/example_xcom.py
[2026-04-12T11:15:03.365+0000] {processor.py:914} INFO - Processing file /home/airflow/.local/lib/python3.12/site-packages/airflow/example_dags/example_xcom.py for tasks to queue
[2026-04-12T11:15:03.366+0000] {logging_mixin.py:190} INFO - [2026-04-12T11:15:03.366+0000] {dagbag.py:588} INFO - Filling up the DagBag from /home/airflow/.local/lib/python3.12/site-packages/airflow/example_dags/example_xcom.py
[2026-04-12T11:15:03.373+0000] {processor.py:925} INFO - DAG(s) 'example_xcom' retrieved from /home/airflow/.local/lib/python3.12/site-packages/airflow/example_dags/example_xcom.py
[2026-04-12T11:15:03.388+0000] {logging_mixin.py:190} INFO - [2026-04-12T11:15:03.388+0000] {dag.py:3239} INFO - Sync 1 DAGs
[2026-04-12T11:15:03.401+0000] {logging_mixin.py:190} INFO - [2026-04-12T11:15:03.401+0000] {dag.py:4180} INFO - Setting next_dagrun for example_xcom to 2021-01-01 00:00:00+00:00, run_after=2021-01-01 00:00:00+00:00
[2026-04-12T11:15:03.412+0000] {processor.py:208} INFO - Processing /home/airflow/.local/lib/python3.12/site-packages/airflow/example_dags/example_xcom.py took 0.052 seconds
[2026-04-12T11:15:33.657+0000] {processor.py:186} INFO - Started process (PID=2043) to work on /home/airflow/.local/lib/python3.12/site-packages/airflow/example_dags/example_xcom.py
[2026-04-12T11:15:33.658+0000] {processor.py:914} INFO - Processing file /home/airflow/.local/lib/python3.12/site-packages/airflow/example_dags/example_xcom.py for tasks to queue
[2026-04-12T11:15:33.659+0000] {logging_mixin.py:190} INFO - [2026-04-12T11:15:33.659+0000] {dagbag.py:588} INFO - Filling up the DagBag from /home/airflow/.local/lib/python3.12/site-packages/airflow/example_dags/example_xcom.py
[2026-04-12T11:15:33.672+0000] {processor.py:925} INFO - DAG(s) 'example_xcom' retrieved from /home/airflow/.local/lib/python3.12/site-packages/airflow/example_dags/example_xcom.py
[2026-04-12T11:15:33.693+0000] {logging_mixin.py:190} INFO - [2026-04-12T11:15:33.693+0000] {dag.py:3239} INFO - Sync 1 DAGs
[2026-04-12T11:15:33.716+0000] {logging_mixin.py:190} INFO - [2026-04-12T11:15:33.716+0000] {dag.py:4180} INFO - Setting next_dagrun for example_xcom to 2021-01-01 00:00:00+00:00, run_after=2021-01-01 00:00:00+00:00
[2026-04-12T11:15:33.740+0000] {processor.py:208} INFO - Processing /home/airflow/.local/lib/python3.12/site-packages/airflow/example_dags/example_xcom.py took 0.088 seconds
[2026-04-12T11:16:04.101+0000] {processor.py:186} INFO - Started process (PID=2339) to work on /home/airflow/.local/lib/python3.12/site-packages/airflow/example_dags/example_xcom.py
[2026-04-12T11:16:04.104+0000] {processor.py:914} INFO - Processing file /home/airflow/.local/lib/python3.12/site-packages/airflow/example_dags/example_xcom.py for tasks to queue
[2026-04-12T11:16:04.109+0000] {logging_mixin.py:190} INFO - [2026-04-12T11:16:04.109+0000] {dagbag.py:588} INFO - Filling up the DagBag from /home/airflow/.local/lib/python3.12/site-packages/airflow/example_dags/example_xcom.py
[2026-04-12T11:16:04.133+0000] {processor.py:925} INFO - DAG(s) 'example_xcom' retrieved from /home/airflow/.local/lib/python3.12/site-packages/airflow/example_dags/example_xcom.py
[2026-04-12T11:16:04.213+0000] {logging_mixin.py:190} INFO - [2026-04-12T11:16:04.213+0000] {dag.py:3239} INFO - Sync 1 DAGs
[2026-04-12T11:16:04.236+0000] {logging_mixin.py:190} INFO - [2026-04-12T11:16:04.236+0000] {dag.py:4180} INFO - Setting next_dagrun for example_xcom to 2021-01-01 00:00:00+00:00, run_after=2021-01-01 00:00:00+00:00
[2026-04-12T11:16:04.264+0000] {processor.py:208} INFO - Processing /home/airflow/.local/lib/python3.12/site-packages/airflow/example_dags/example_xcom.py took 0.176 seconds
[2026-04-12T11:16:34.318+0000] {processor.py:186} INFO - Started process (PID=2637) to work on /home/airflow/.local/lib/python3.12/site-packages/airflow/example_dags/example_xcom.py
[2026-04-12T11:16:34.319+0000] {processor.py:914} INFO - Processing file /home/airflow/.local/lib/python3.12/site-packages/airflow/example_dags/example_xcom.py for tasks to queue
[2026-04-12T11:16:34.320+0000] {logging_mixin.py:190} INFO - [2026-04-12T11:16:34.320+0000] {dagbag.py:588} INFO - Filling up the DagBag from /home/airflow/.local/lib/python3.12/site-packages/airflow/example_dags/example_xcom.py
[2026-04-12T11:16:34.326+0000] {processor.py:925} INFO - DAG(s) 'example_xcom' retrieved from /home/airflow/.local/lib/python3.12/site-packages/airflow/example_dags/example_xcom.py
[2026-04-12T11:16:34.339+0000] {logging_mixin.py:190} INFO - [2026-04-12T11:16:34.338+0000] {dag.py:3239} INFO - Sync 1 DAGs
[2026-04-12T11:16:34.351+0000] {logging_mixin.py:190} INFO - [2026-04-12T11:16:34.351+0000] {dag.py:4180} INFO - Setting next_dagrun for example_xcom to 2021-01-01 00:00:00+00:00, run_after=2021-01-01 00:00:00+00:00
[2026-04-12T11:16:34.363+0000] {processor.py:208} INFO - Processing /home/airflow/.local/lib/python3.12/site-packages/airflow/example_dags/example_xcom.py took 0.048 seconds
[2026-04-12T11:17:04.508+0000] {processor.py:186} INFO - Started process (PID=2943) to work on /home/airflow/.local/lib/python3.12/site-packages/airflow/example_dags/example_xcom.py
[2026-04-12T11:17:04.508+0000] {processor.py:914} INFO - Processing file /home/airflow/.local/lib/python3.12/site-packages/airflow/example_dags/example_xcom.py for tasks to queue
[2026-04-12T11:17:04.510+0000] {logging_mixin.py:190} INFO - [2026-04-12T11:17:04.509+0000] {dagbag.py:588} INFO - Filling up the DagBag from /home/airflow/.local/lib/python3.12/site-packages/airflow/example_dags/example_xcom.py
[2026-04-12T11:17:04.516+0000] {processor.py:925} INFO - DAG(s) 'example_xcom' retrieved from /home/airflow/.local/lib/python3.12/site-packages/airflow/example_dags/example_xcom.py
[2026-04-12T11:17:04.528+0000] {logging_mixin.py:190} INFO - [2026-04-12T11:17:04.528+0000] {dag.py:3239} INFO - Sync 1 DAGs
[2026-04-12T11:17:04.541+0000] {logging_mixin.py:190} INFO - [2026-04-12T11:17:04.541+0000] {dag.py:4180} INFO - Setting next_dagrun for example_xcom to 2021-01-01 00:00:00+00:00, run_after=2021-01-01 00:00:00+00:00
[2026-04-12T11:17:04.551+0000] {processor.py:208} INFO - Processing /home/airflow/.local/lib/python3.12/site-packages/airflow/example_dags/example_xcom.py took 0.047 seconds
[2026-04-12T11:17:35.385+0000] {processor.py:186} INFO - Started process (PID=3239) to work on /home/airflow/.local/lib/python3.12/site-packages/airflow/example_dags/example_xcom.py
[2026-04-12T11:17:35.386+0000] {processor.py:914} INFO - Processing file /home/airflow/.local/lib/python3.12/site-packages/airflow/example_dags/example_xcom.py for tasks to queue
[2026-04-12T11:17:35.387+0000] {logging_mixin.py:190} INFO - [2026-04-12T11:17:35.387+0000] {dagbag.py:588} INFO - Filling up the DagBag from /home/airflow/.local/lib/python3.12/site-packages/airflow/example_dags/example_xcom.py
[2026-04-12T11:17:35.394+0000] {processor.py:925} INFO - DAG(s) 'example_xcom' retrieved from /home/airflow/.local/lib/python3.12/site-packages/airflow/example_dags/example_xcom.py
[2026-04-12T11:17:35.414+0000] {logging_mixin.py:190} INFO - [2026-04-12T11:17:35.413+0000] {dag.py:3239} INFO - Sync 1 DAGs
[2026-04-12T11:17:35.428+0000] {logging_mixin.py:190} INFO - [2026-04-12T11:17:35.428+0000] {dag.py:4180} INFO - Setting next_dagrun for example_xcom to 2021-01-01 00:00:00+00:00, run_after=2021-01-01 00:00:00+00:00
[2026-04-12T11:17:35.439+0000] {processor.py:208} INFO - Processing /home/airflow/.local/lib/python3.12/site-packages/airflow/example_dags/example_xcom.py took 0.059 seconds
[2026-04-12T11:18:07.638+0000] {processor.py:186} INFO - Started process (PID=3538) to work on /home/airflow/.local/lib/python3.12/site-packages/airflow/example_dags/example_xcom.py
[2026-04-12T11:18:07.640+0000] {processor.py:914} INFO - Processing file /home/airflow/.local/lib/python3.12/site-packages/airflow/example_dags/example_xcom.py for tasks to queue
[2026-04-12T11:18:07.645+0000] {logging_mixin.py:190} INFO - [2026-04-12T11:18:07.645+0000] {dagbag.py:588} INFO - Filling up the DagBag from /home/airflow/.local/lib/python3.12/site-packages/airflow/example_dags/example_xcom.py
[2026-04-12T11:18:07.663+0000] {processor.py:925} INFO - DAG(s) 'example_xcom' retrieved from /home/airflow/.local/lib/python3.12/site-packages/airflow/example_dags/example_xcom.py
[2026-04-12T11:18:07.708+0000] {logging_mixin.py:190} INFO - [2026-04-12T11:18:07.708+0000] {dag.py:3239} INFO - Sync 1 DAGs
[2026-04-12T11:18:07.741+0000] {logging_mixin.py:190} INFO - [2026-04-12T11:18:07.741+0000] {dag.py:4180} INFO - Setting next_dagrun for example_xcom to 2021-01-01 00:00:00+00:00, run_after=2021-01-01 00:00:00+00:00
[2026-04-12T11:18:07.762+0000] {processor.py:208} INFO - Processing /home/airflow/.local/lib/python3.12/site-packages/airflow/example_dags/example_xcom.py took 0.141 seconds
[2026-04-12T11:18:38.524+0000] {processor.py:186} INFO - Started process (PID=3842) to work on /home/airflow/.local/lib/python3.12/site-packages/airflow/example_dags/example_xcom.py
[2026-04-12T11:18:38.526+0000] {processor.py:914} INFO - Processing file /home/airflow/.local/lib/python3.12/site-packages/airflow/example_dags/example_xcom.py for tasks to queue
[2026-04-12T11:18:38.529+0000] {logging_mixin.py:190} INFO - [2026-04-12T11:18:38.529+0000] {dagbag.py:588} INFO - Filling up the DagBag from /home/airflow/.local/lib/python3.12/site-packages/airflow/example_dags/example_xcom.py
[2026-04-12T11:18:38.537+0000] {processor.py:925} INFO - DAG(s) 'example_xcom' retrieved from /home/airflow/.local/lib/python3.12/site-packages/airflow/example_dags/example_xcom.py
[2026-04-12T11:18:38.555+0000] {logging_mixin.py:190} INFO - [2026-04-12T11:18:38.555+0000] {dag.py:3239} INFO - Sync 1 DAGs
[2026-04-12T11:18:38.572+0000] {logging_mixin.py:190} INFO - [2026-04-12T11:18:38.571+0000] {dag.py:4180} INFO - Setting next_dagrun for example_xcom to 2021-01-01 00:00:00+00:00, run_after=2021-01-01 00:00:00+00:00
[2026-04-12T11:18:38.591+0000] {processor.py:208} INFO - Processing /home/airflow/.local/lib/python3.12/site-packages/airflow/example_dags/example_xcom.py took 0.072 seconds
[2026-04-12T11:19:08.935+0000] {processor.py:186} INFO - Started process (PID=4153) to work on /home/airflow/.local/lib/python3.12/site-packages/airflow/example_dags/example_xcom.py
[2026-04-12T11:19:08.936+0000] {processor.py:914} INFO - Processing file /home/airflow/.local/lib/python3.12/site-packages/airflow/example_dags/example_xcom.py for tasks to queue
[2026-04-12T11:19:08.938+0000] {logging_mixin.py:190} INFO - [2026-04-12T11:19:08.938+0000] {dagbag.py:588} INFO - Filling up the DagBag from /home/airflow/.local/lib/python3.12/site-packages/airflow/example_dags/example_xcom.py
[2026-04-12T11:19:08.951+0000] {processor.py:925} INFO - DAG(s) 'example_xcom' retrieved from /home/airflow/.local/lib/python3.12/site-packages/airflow/example_dags/example_xcom.py
[2026-04-12T11:19:08.967+0000] {logging_mixin.py:190} INFO - [2026-04-12T11:19:08.967+0000] {dag.py:3239} INFO - Sync 1 DAGs
[2026-04-12T11:19:08.982+0000] {logging_mixin.py:190} INFO - [2026-04-12T11:19:08.982+0000] {dag.py:4180} INFO - Setting next_dagrun for example_xcom to 2021-01-01 00:00:00+00:00, run_after=2021-01-01 00:00:00+00:00
[2026-04-12T11:19:08.995+0000] {processor.py:208} INFO - Processing /home/airflow/.local/lib/python3.12/site-packages/airflow/example_dags/example_xcom.py took 0.066 seconds
[2026-04-12T11:19:39.778+0000] {processor.py:186} INFO - Started process (PID=4449) to work on /home/airflow/.local/lib/python3.12/site-packages/airflow/example_dags/example_xcom.py
[2026-04-12T11:19:39.778+0000] {processor.py:914} INFO - Processing file /home/airflow/.local/lib/python3.12/site-packages/airflow/example_dags/example_xcom.py for tasks to queue
[2026-04-12T11:19:39.780+0000] {logging_mixin.py:190} INFO - [2026-04-12T11:19:39.780+0000] {dagbag.py:588} INFO - Filling up the DagBag from /home/airflow/.local/lib/python3.12/site-packages/airflow/example_dags/example_xcom.py
[2026-04-12T11:19:39.787+0000] {processor.py:925} INFO - DAG(s) 'example_xcom' retrieved from /home/airflow/.local/lib/python3.12/site-packages/airflow/example_dags/example_xcom.py
[2026-04-12T11:19:39.801+0000] {logging_mixin.py:190} INFO - [2026-04-12T11:19:39.801+0000] {dag.py:3239} INFO - Sync 1 DAGs
[2026-04-12T11:19:39.815+0000] {logging_mixin.py:190} INFO - [2026-04-12T11:19:39.815+0000] {dag.py:4180} INFO - Setting next_dagrun for example_xcom to 2021-01-01 00:00:00+00:00, run_after=2021-01-01 00:00:00+00:00
[2026-04-12T11:19:39.827+0000] {processor.py:208} INFO - Processing /home/airflow/.local/lib/python3.12/site-packages/airflow/example_dags/example_xcom.py took 0.053 seconds
[2026-04-12T11:20:10.673+0000] {processor.py:186} INFO - Started process (PID=4745) to work on /home/airflow/.local/lib/python3.12/site-packages/airflow/example_dags/example_xcom.py
[2026-04-12T11:20:10.674+0000] {processor.py:914} INFO - Processing file /home/airflow/.local/lib/python3.12/site-packages/airflow/example_dags/example_xcom.py for tasks to queue
[2026-04-12T11:20:10.675+0000] {logging_mixin.py:190} INFO - [2026-04-12T11:20:10.675+0000] {dagbag.py:588} INFO - Filling up the DagBag from /home/airflow/.local/lib/python3.12/site-packages/airflow/example_dags/example_xcom.py
[2026-04-12T11:20:10.685+0000] {processor.py:925} INFO - DAG(s) 'example_xcom' retrieved from /home/airflow/.local/lib/python3.12/site-packages/airflow/example_dags/example_xcom.py
[2026-04-12T11:20:10.703+0000] {logging_mixin.py:190} INFO - [2026-04-12T11:20:10.702+0000] {dag.py:3239} INFO - Sync 1 DAGs
[2026-04-12T11:20:10.718+0000] {logging_mixin.py:190} INFO - [2026-04-12T11:20:10.718+0000] {dag.py:4180} INFO - Setting next_dagrun for example_xcom to 2021-01-01 00:00:00+00:00, run_after=2021-01-01 00:00:00+00:00
[2026-04-12T11:20:10.736+0000] {processor.py:208} INFO - Processing /home/airflow/.local/lib/python3.12/site-packages/airflow/example_dags/example_xcom.py took 0.068 seconds
[2026-04-12T11:20:43.276+0000] {processor.py:186} INFO - Started process (PID=5041) to work on /home/airflow/.local/lib/python3.12/site-packages/airflow/example_dags/example_xcom.py
[2026-04-12T11:20:43.278+0000] {processor.py:914} INFO - Processing file /home/airflow/.local/lib/python3.12/site-packages/airflow/example_dags/example_xcom.py for tasks to queue
[2026-04-12T11:20:43.281+0000] {logging_mixin.py:190} INFO - [2026-04-12T11:20:43.281+0000] {dagbag.py:588} INFO - Filling up the DagBag from /home/airflow/.local/lib/python3.12/site-packages/airflow/example_dags/example_xcom.py
[2026-04-12T11:20:43.296+0000] {processor.py:925} INFO - DAG(s) 'example_xcom' retrieved from /home/airflow/.local/lib/python3.12/site-packages/airflow/example_dags/example_xcom.py
[2026-04-12T11:20:43.328+0000] {logging_mixin.py:190} INFO - [2026-04-12T11:20:43.328+0000] {dag.py:3239} INFO - Sync 1 DAGs
[2026-04-12T11:20:43.370+0000] {logging_mixin.py:190} INFO - [2026-04-12T11:20:43.370+0000] {dag.py:4180} INFO - Setting next_dagrun for example_xcom to 2021-01-01 00:00:00+00:00, run_after=2021-01-01 00:00:00+00:00
[2026-04-12T11:20:43.416+0000] {processor.py:208} INFO - Processing /home/airflow/.local/lib/python3.12/site-packages/airflow/example_dags/example_xcom.py took 0.150 seconds
[2026-04-12T11:21:14.311+0000] {processor.py:186} INFO - Started process (PID=5339) to work on /home/airflow/.local/lib/python3.12/site-packages/airflow/example_dags/example_xcom.py
[2026-04-12T11:21:14.312+0000] {processor.py:914} INFO - Processing file /home/airflow/.local/lib/python3.12/site-packages/airflow/example_dags/example_xcom.py for tasks to queue
[2026-04-12T11:21:14.313+0000] {logging_mixin.py:190} INFO - [2026-04-12T11:21:14.313+0000] {dagbag.py:588} INFO - Filling up the DagBag from /home/airflow/.local/lib/python3.12/site-packages/airflow/example_dags/example_xcom.py
[2026-04-12T11:21:14.320+0000] {processor.py:925} INFO - DAG(s) 'example_xcom' retrieved from /home/airflow/.local/lib/python3.12/site-packages/airflow/example_dags/example_xcom.py
[2026-04-12T11:21:14.347+0000] {logging_mixin.py:190} INFO - [2026-04-12T11:21:14.347+0000] {dag.py:3239} INFO - Sync 1 DAGs
[2026-04-12T11:21:14.363+0000] {logging_mixin.py:190} INFO - [2026-04-12T11:21:14.363+0000] {dag.py:4180} INFO - Setting next_dagrun for example_xcom to 2021-01-01 00:00:00+00:00, run_after=2021-01-01 00:00:00+00:00
[2026-04-12T11:21:14.374+0000] {processor.py:208} INFO - Processing /home/airflow/.local/lib/python3.12/site-packages/airflow/example_dags/example_xcom.py took 0.067 seconds
[2026-04-12T11:21:44.952+0000] {processor.py:186} INFO - Started process (PID=5635) to work on /home/airflow/.local/lib/python3.12/site-packages/airflow/example_dags/example_xcom.py
[2026-04-12T11:21:44.954+0000] {processor.py:914} INFO - Processing file /home/airflow/.local/lib/python3.12/site-packages/airflow/example_dags/example_xcom.py for tasks to queue
[2026-04-12T11:21:44.955+0000] {logging_mixin.py:190} INFO - [2026-04-12T11:21:44.955+0000] {dagbag.py:588} INFO - Filling up the DagBag from /home/airflow/.local/lib/python3.12/site-packages/airflow/example_dags/example_xcom.py
[2026-04-12T11:21:44.962+0000] {processor.py:925} INFO - DAG(s) 'example_xcom' retrieved from /home/airflow/.local/lib/python3.12/site-packages/airflow/example_dags/example_xcom.py
[2026-04-12T11:21:44.978+0000] {logging_mixin.py:190} INFO - [2026-04-12T11:21:44.978+0000] {dag.py:3239} INFO - Sync 1 DAGs
[2026-04-12T11:21:45.005+0000] {logging_mixin.py:190} INFO - [2026-04-12T11:21:45.005+0000] {dag.py:4180} INFO - Setting next_dagrun for example_xcom to 2021-01-01 00:00:00+00:00, run_after=2021-01-01 00:00:00+00:00
[2026-04-12T11:21:45.023+0000] {processor.py:208} INFO - Processing /home/airflow/.local/lib/python3.12/site-packages/airflow/example_dags/example_xcom.py took 0.076 seconds
[2026-04-12T11:22:15.069+0000] {processor.py:186} INFO - Started process (PID=5931) to work on /home/airflow/.local/lib/python3.12/site-packages/airflow/example_dags/example_xcom.py
[2026-04-12T11:22:15.070+0000] {processor.py:914} INFO - Processing file /home/airflow/.local/lib/python3.12/site-packages/airflow/example_dags/example_xcom.py for tasks to queue
[2026-04-12T11:22:15.072+0000] {logging_mixin.py:190} INFO - [2026-04-12T11:22:15.071+0000] {dagbag.py:588} INFO - Filling up the DagBag from /home/airflow/.local/lib/python3.12/site-packages/airflow/example_dags/example_xcom.py
[2026-04-12T11:22:15.077+0000] {processor.py:925} INFO - DAG(s) 'example_xcom' retrieved from /home/airflow/.local/lib/python3.12/site-packages/airflow/example_dags/example_xcom.py
[2026-04-12T11:22:15.090+0000] {logging_mixin.py:190} INFO - [2026-04-12T11:22:15.090+0000] {dag.py:3239} INFO - Sync 1 DAGs
[2026-04-12T11:22:15.103+0000] {logging_mixin.py:190} INFO - [2026-04-12T11:22:15.103+0000] {dag.py:4180} INFO - Setting next_dagrun for example_xcom to 2021-01-01 00:00:00+00:00, run_after=2021-01-01 00:00:00+00:00
[2026-04-12T11:22:15.114+0000] {processor.py:208} INFO - Processing /home/airflow/.local/lib/python3.12/site-packages/airflow/example_dags/example_xcom.py took 0.048 seconds
[2026-04-12T11:22:45.301+0000] {processor.py:186} INFO - Started process (PID=6226) to work on /home/airflow/.local/lib/python3.12/site-packages/airflow/example_dags/example_xcom.py
[2026-04-12T11:22:45.302+0000] {processor.py:914} INFO - Processing file /home/airflow/.local/lib/python3.12/site-packages/airflow/example_dags/example_xcom.py for tasks to queue
[2026-04-12T11:22:45.303+0000] {logging_mixin.py:190} INFO - [2026-04-12T11:22:45.303+0000] {dagbag.py:588} INFO - Filling up the DagBag from /home/airflow/.local/lib/python3.12/site-packages/airflow/example_dags/example_xcom.py
[2026-04-12T11:22:45.309+0000] {processor.py:925} INFO - DAG(s) 'example_xcom' retrieved from /home/airflow/.local/lib/python3.12/site-packages/airflow/example_dags/example_xcom.py
[2026-04-12T11:22:45.321+0000] {logging_mixin.py:190} INFO - [2026-04-12T11:22:45.321+0000] {dag.py:3239} INFO - Sync 1 DAGs
[2026-04-12T11:22:45.335+0000] {logging_mixin.py:190} INFO - [2026-04-12T11:22:45.335+0000] {dag.py:4180} INFO - Setting next_dagrun for example_xcom to 2021-01-01 00:00:00+00:00, run_after=2021-01-01 00:00:00+00:00
[2026-04-12T11:22:45.346+0000] {processor.py:208} INFO - Processing /home/airflow/.local/lib/python3.12/site-packages/airflow/example_dags/example_xcom.py took 0.048 seconds
[2026-04-12T11:23:15.406+0000] {processor.py:186} INFO - Started process (PID=6520) to work on /home/airflow/.local/lib/python3.12/site-packages/airflow/example_dags/example_xcom.py
[2026-04-12T11:23:15.409+0000] {processor.py:914} INFO - Processing file /home/airflow/.local/lib/python3.12/site-packages/airflow/example_dags/example_xcom.py for tasks to queue
[2026-04-12T11:23:15.411+0000] {logging_mixin.py:190} INFO - [2026-04-12T11:23:15.410+0000] {dagbag.py:588} INFO - Filling up the DagBag from /home/airflow/.local/lib/python3.12/site-packages/airflow/example_dags/example_xcom.py
[2026-04-12T11:23:15.417+0000] {processor.py:925} INFO - DAG(s) 'example_xcom' retrieved from /home/airflow/.local/lib/python3.12/site-packages/airflow/example_dags/example_xcom.py
[2026-04-12T11:23:15.431+0000] {logging_mixin.py:190} INFO - [2026-04-12T11:23:15.431+0000] {dag.py:3239} INFO - Sync 1 DAGs
[2026-04-12T11:23:15.447+0000] {logging_mixin.py:190} INFO - [2026-04-12T11:23:15.447+0000] {dag.py:4180} INFO - Setting next_dagrun for example_xcom to 2021-01-01 00:00:00+00:00, run_after=2021-01-01 00:00:00+00:00
[2026-04-12T11:23:15.463+0000] {processor.py:208} INFO - Processing /home/airflow/.local/lib/python3.12/site-packages/airflow/example_dags/example_xcom.py took 0.063 seconds
[2026-04-12T11:23:46.075+0000] {processor.py:186} INFO - Started process (PID=6816) to work on /home/airflow/.local/lib/python3.12/site-packages/airflow/example_dags/example_xcom.py
[2026-04-12T11:23:46.076+0000] {processor.py:914} INFO - Processing file /home/airflow/.local/lib/python3.12/site-packages/airflow/example_dags/example_xcom.py for tasks to queue
[2026-04-12T11:23:46.078+0000] {logging_mixin.py:190} INFO - [2026-04-12T11:23:46.078+0000] {dagbag.py:588} INFO - Filling up the DagBag from /home/airflow/.local/lib/python3.12/site-packages/airflow/example_dags/example_xcom.py
[2026-04-12T11:23:46.084+0000] {processor.py:925} INFO - DAG(s) 'example_xcom' retrieved from /home/airflow/.local/lib/python3.12/site-packages/airflow/example_dags/example_xcom.py
[2026-04-12T11:23:46.104+0000] {logging_mixin.py:190} INFO - [2026-04-12T11:23:46.104+0000] {dag.py:3239} INFO - Sync 1 DAGs
[2026-04-12T11:23:46.120+0000] {logging_mixin.py:190} INFO - [2026-04-12T11:23:46.120+0000] {dag.py:4180} INFO - Setting next_dagrun for example_xcom to 2021-01-01 00:00:00+00:00, run_after=2021-01-01 00:00:00+00:00
[2026-04-12T11:23:46.132+0000] {processor.py:208} INFO - Processing /home/airflow/.local/lib/python3.12/site-packages/airflow/example_dags/example_xcom.py took 0.061 seconds
[2026-04-12T11:24:16.397+0000] {processor.py:186} INFO - Started process (PID=7112) to work on /home/airflow/.local/lib/python3.12/site-packages/airflow/example_dags/example_xcom.py
[2026-04-12T11:24:16.398+0000] {processor.py:914} INFO - Processing file /home/airflow/.local/lib/python3.12/site-packages/airflow/example_dags/example_xcom.py for tasks to queue
[2026-04-12T11:24:16.399+0000] {logging_mixin.py:190} INFO - [2026-04-12T11:24:16.399+0000] {dagbag.py:588} INFO - Filling up the DagBag from /home/airflow/.local/lib/python3.12/site-packages/airflow/example_dags/example_xcom.py
[2026-04-12T11:24:16.406+0000] {processor.py:925} INFO - DAG(s) 'example_xcom' retrieved from /home/airflow/.local/lib/python3.12/site-packages/airflow/example_dags/example_xcom.py
[2026-04-12T11:24:16.424+0000] {logging_mixin.py:190} INFO - [2026-04-12T11:24:16.423+0000] {dag.py:3239} INFO - Sync 1 DAGs
[2026-04-12T11:24:16.445+0000] {logging_mixin.py:190} INFO - [2026-04-12T11:24:16.445+0000] {dag.py:4180} INFO - Setting next_dagrun for example_xcom to 2021-01-01 00:00:00+00:00, run_after=2021-01-01 00:00:00+00:00
[2026-04-12T11:24:16.459+0000] {processor.py:208} INFO - Processing /home/airflow/.local/lib/python3.12/site-packages/airflow/example_dags/example_xcom.py took 0.066 seconds
[2026-04-12T11:24:47.478+0000] {processor.py:186} INFO - Started process (PID=7408) to work on /home/airflow/.local/lib/python3.12/site-packages/airflow/example_dags/example_xcom.py
[2026-04-12T11:24:47.480+0000] {processor.py:914} INFO - Processing file /home/airflow/.local/lib/python3.12/site-packages/airflow/example_dags/example_xcom.py for tasks to queue
[2026-04-12T11:24:47.481+0000] {logging_mixin.py:190} INFO - [2026-04-12T11:24:47.481+0000] {dagbag.py:588} INFO - Filling up the DagBag from /home/airflow/.local/lib/python3.12/site-packages/airflow/example_dags/example_xcom.py
[2026-04-12T11:24:47.488+0000] {processor.py:925} INFO - DAG(s) 'example_xcom' retrieved from /home/airflow/.local/lib/python3.12/site-packages/airflow/example_dags/example_xcom.py
[2026-04-12T11:24:47.505+0000] {logging_mixin.py:190} INFO - [2026-04-12T11:24:47.504+0000] {dag.py:3239} INFO - Sync 1 DAGs
[2026-04-12T11:24:47.518+0000] {logging_mixin.py:190} INFO - [2026-04-12T11:24:47.518+0000] {dag.py:4180} INFO - Setting next_dagrun for example_xcom to 2021-01-01 00:00:00+00:00, run_after=2021-01-01 00:00:00+00:00
[2026-04-12T11:24:47.529+0000] {processor.py:208} INFO - Processing /home/airflow/.local/lib/python3.12/site-packages/airflow/example_dags/example_xcom.py took 0.056 seconds
[2026-04-12T11:25:17.671+0000] {processor.py:186} INFO - Started process (PID=7704) to work on /home/airflow/.local/lib/python3.12/site-packages/airflow/example_dags/example_xcom.py
[2026-04-12T11:25:17.674+0000] {processor.py:914} INFO - Processing file /home/airflow/.local/lib/python3.12/site-packages/airflow/example_dags/example_xcom.py for tasks to queue
[2026-04-12T11:25:17.679+0000] {logging_mixin.py:190} INFO - [2026-04-12T11:25:17.679+0000] {dagbag.py:588} INFO - Filling up the DagBag from /home/airflow/.local/lib/python3.12/site-packages/airflow/example_dags/example_xcom.py
[2026-04-12T11:25:17.686+0000] {processor.py:925} INFO - DAG(s) 'example_xcom' retrieved from /home/airflow/.local/lib/python3.12/site-packages/airflow/example_dags/example_xcom.py
[2026-04-12T11:25:17.707+0000] {logging_mixin.py:190} INFO - [2026-04-12T11:25:17.707+0000] {dag.py:3239} INFO - Sync 1 DAGs
[2026-04-12T11:25:17.724+0000] {logging_mixin.py:190} INFO - [2026-04-12T11:25:17.724+0000] {dag.py:4180} INFO - Setting next_dagrun for example_xcom to 2021-01-01 00:00:00+00:00, run_after=2021-01-01 00:00:00+00:00
[2026-04-12T11:25:17.736+0000] {processor.py:208} INFO - Processing /home/airflow/.local/lib/python3.12/site-packages/airflow/example_dags/example_xcom.py took 0.070 seconds
[2026-04-12T11:25:47.878+0000] {processor.py:186} INFO - Started process (PID=8000) to work on /home/airflow/.local/lib/python3.12/site-packages/airflow/example_dags/example_xcom.py
[2026-04-12T11:25:47.879+0000] {processor.py:914} INFO - Processing file /home/airflow/.local/lib/python3.12/site-packages/airflow/example_dags/example_xcom.py for tasks to queue
[2026-04-12T11:25:47.880+0000] {logging_mixin.py:190} INFO - [2026-04-12T11:25:47.880+0000] {dagbag.py:588} INFO - Filling up the DagBag from /home/airflow/.local/lib/python3.12/site-packages/airflow/example_dags/example_xcom.py
[2026-04-12T11:25:47.886+0000] {processor.py:925} INFO - DAG(s) 'example_xcom' retrieved from /home/airflow/.local/lib/python3.12/site-packages/airflow/example_dags/example_xcom.py
[2026-04-12T11:25:47.900+0000] {logging_mixin.py:190} INFO - [2026-04-12T11:25:47.900+0000] {dag.py:3239} INFO - Sync 1 DAGs
[2026-04-12T11:25:47.915+0000] {logging_mixin.py:190} INFO - [2026-04-12T11:25:47.915+0000] {dag.py:4180} INFO - Setting next_dagrun for example_xcom to 2021-01-01 00:00:00+00:00, run_after=2021-01-01 00:00:00+00:00
[2026-04-12T11:25:47.936+0000] {processor.py:208} INFO - Processing /home/airflow/.local/lib/python3.12/site-packages/airflow/example_dags/example_xcom.py took 0.062 seconds
[2026-04-12T11:27:09.405+0000] {processor.py:186} INFO - Started process (PID=8170) to work on /home/airflow/.local/lib/python3.12/site-packages/airflow/example_dags/example_xcom.py
[2026-04-12T11:27:09.408+0000] {processor.py:914} INFO - Processing file /home/airflow/.local/lib/python3.12/site-packages/airflow/example_dags/example_xcom.py for tasks to queue
[2026-04-12T11:27:09.409+0000] {logging_mixin.py:190} INFO - [2026-04-12T11:27:09.409+0000] {dagbag.py:588} INFO - Filling up the DagBag from /home/airflow/.local/lib/python3.12/site-packages/airflow/example_dags/example_xcom.py
[2026-04-12T11:27:09.415+0000] {processor.py:925} INFO - DAG(s) 'example_xcom' retrieved from /home/airflow/.local/lib/python3.12/site-packages/airflow/example_dags/example_xcom.py
[2026-04-12T11:27:09.431+0000] {logging_mixin.py:190} INFO - [2026-04-12T11:27:09.431+0000] {dag.py:3239} INFO - Sync 1 DAGs
[2026-04-12T11:27:09.448+0000] {logging_mixin.py:190} INFO - [2026-04-12T11:27:09.448+0000] {dag.py:4180} INFO - Setting next_dagrun for example_xcom to 2021-01-01 00:00:00+00:00, run_after=2021-01-01 00:00:00+00:00
[2026-04-12T11:27:09.464+0000] {processor.py:208} INFO - Processing /home/airflow/.local/lib/python3.12/site-packages/airflow/example_dags/example_xcom.py took 0.063 seconds
[2026-04-12T11:29:45.428+0000] {processor.py:186} INFO - Started process (PID=8466) to work on /home/airflow/.local/lib/python3.12/site-packages/airflow/example_dags/example_xcom.py
[2026-04-12T11:29:45.429+0000] {processor.py:914} INFO - Processing file /home/airflow/.local/lib/python3.12/site-packages/airflow/example_dags/example_xcom.py for tasks to queue
[2026-04-12T11:29:45.432+0000] {logging_mixin.py:190} INFO - [2026-04-12T11:29:45.431+0000] {dagbag.py:588} INFO - Filling up the DagBag from /home/airflow/.local/lib/python3.12/site-packages/airflow/example_dags/example_xcom.py
[2026-04-12T11:29:45.443+0000] {processor.py:925} INFO - DAG(s) 'example_xcom' retrieved from /home/airflow/.local/lib/python3.12/site-packages/airflow/example_dags/example_xcom.py
[2026-04-12T11:29:45.462+0000] {logging_mixin.py:190} INFO - [2026-04-12T11:29:45.462+0000] {dag.py:3239} INFO - Sync 1 DAGs
[2026-04-12T11:29:45.476+0000] {logging_mixin.py:190} INFO - [2026-04-12T11:29:45.476+0000] {dag.py:4180} INFO - Setting next_dagrun for example_xcom to 2021-01-01 00:00:00+00:00, run_after=2021-01-01 00:00:00+00:00
[2026-04-12T11:29:45.489+0000] {processor.py:208} INFO - Processing /home/airflow/.local/lib/python3.12/site-packages/airflow/example_dags/example_xcom.py took 0.067 seconds
[2026-04-12T11:30:15.714+0000] {processor.py:186} INFO - Started process (PID=8762) to work on /home/airflow/.local/lib/python3.12/site-packages/airflow/example_dags/example_xcom.py
[2026-04-12T11:30:15.716+0000] {processor.py:914} INFO - Processing file /home/airflow/.local/lib/python3.12/site-packages/airflow/example_dags/example_xcom.py for tasks to queue
[2026-04-12T11:30:15.720+0000] {logging_mixin.py:190} INFO - [2026-04-12T11:30:15.720+0000] {dagbag.py:588} INFO - Filling up the DagBag from /home/airflow/.local/lib/python3.12/site-packages/airflow/example_dags/example_xcom.py
[2026-04-12T11:30:15.729+0000] {processor.py:925} INFO - DAG(s) 'example_xcom' retrieved from /home/airflow/.local/lib/python3.12/site-packages/airflow/example_dags/example_xcom.py
[2026-04-12T11:30:15.755+0000] {logging_mixin.py:190} INFO - [2026-04-12T11:30:15.755+0000] {dag.py:3239} INFO - Sync 1 DAGs
[2026-04-12T11:30:15.770+0000] {logging_mixin.py:190} INFO - [2026-04-12T11:30:15.769+0000] {dag.py:4180} INFO - Setting next_dagrun for example_xcom to 2021-01-01 00:00:00+00:00, run_after=2021-01-01 00:00:00+00:00
[2026-04-12T11:30:15.780+0000] {processor.py:208} INFO - Processing /home/airflow/.local/lib/python3.12/site-packages/airflow/example_dags/example_xcom.py took 0.071 seconds
[2026-04-12T11:30:46.191+0000] {processor.py:186} INFO - Started process (PID=9058) to work on /home/airflow/.local/lib/python3.12/site-packages/airflow/example_dags/example_xcom.py
[2026-04-12T11:30:46.193+0000] {processor.py:914} INFO - Processing file /home/airflow/.local/lib/python3.12/site-packages/airflow/example_dags/example_xcom.py for tasks to queue
[2026-04-12T11:30:46.196+0000] {logging_mixin.py:190} INFO - [2026-04-12T11:30:46.195+0000] {dagbag.py:588} INFO - Filling up the DagBag from /home/airflow/.local/lib/python3.12/site-packages/airflow/example_dags/example_xcom.py
[2026-04-12T11:30:46.204+0000] {processor.py:925} INFO - DAG(s) 'example_xcom' retrieved from /home/airflow/.local/lib/python3.12/site-packages/airflow/example_dags/example_xcom.py
[2026-04-12T11:30:46.222+0000] {logging_mixin.py:190} INFO - [2026-04-12T11:30:46.222+0000] {dag.py:3239} INFO - Sync 1 DAGs
[2026-04-12T11:30:46.238+0000] {logging_mixin.py:190} INFO - [2026-04-12T11:30:46.238+0000] {dag.py:4180} INFO - Setting next_dagrun for example_xcom to 2021-01-01 00:00:00+00:00, run_after=2021-01-01 00:00:00+00:00
[2026-04-12T11:30:46.258+0000] {processor.py:208} INFO - Processing /home/airflow/.local/lib/python3.12/site-packages/airflow/example_dags/example_xcom.py took 0.071 seconds
[2026-04-12T11:31:16.402+0000] {processor.py:186} INFO - Started process (PID=9353) to work on /home/airflow/.local/lib/python3.12/site-packages/airflow/example_dags/example_xcom.py
[2026-04-12T11:31:16.403+0000] {processor.py:914} INFO - Processing file /home/airflow/.local/lib/python3.12/site-packages/airflow/example_dags/example_xcom.py for tasks to queue
[2026-04-12T11:31:16.406+0000] {logging_mixin.py:190} INFO - [2026-04-12T11:31:16.406+0000] {dagbag.py:588} INFO - Filling up the DagBag from /home/airflow/.local/lib/python3.12/site-packages/airflow/example_dags/example_xcom.py
[2026-04-12T11:31:16.414+0000] {processor.py:925} INFO - DAG(s) 'example_xcom' retrieved from /home/airflow/.local/lib/python3.12/site-packages/airflow/example_dags/example_xcom.py
[2026-04-12T11:31:16.433+0000] {logging_mixin.py:190} INFO - [2026-04-12T11:31:16.433+0000] {dag.py:3239} INFO - Sync 1 DAGs
[2026-04-12T11:31:16.448+0000] {logging_mixin.py:190} INFO - [2026-04-12T11:31:16.448+0000] {dag.py:4180} INFO - Setting next_dagrun for example_xcom to 2021-01-01 00:00:00+00:00, run_after=2021-01-01 00:00:00+00:00
[2026-04-12T11:31:16.464+0000] {processor.py:208} INFO - Processing /home/airflow/.local/lib/python3.12/site-packages/airflow/example_dags/example_xcom.py took 0.066 seconds
[2026-04-12T11:31:46.791+0000] {processor.py:186} INFO - Started process (PID=9649) to work on /home/airflow/.local/lib/python3.12/site-packages/airflow/example_dags/example_xcom.py
[2026-04-12T11:31:46.792+0000] {processor.py:914} INFO - Processing file /home/airflow/.local/lib/python3.12/site-packages/airflow/example_dags/example_xcom.py for tasks to queue
[2026-04-12T11:31:46.796+0000] {logging_mixin.py:190} INFO - [2026-04-12T11:31:46.796+0000] {dagbag.py:588} INFO - Filling up the DagBag from /home/airflow/.local/lib/python3.12/site-packages/airflow/example_dags/example_xcom.py
[2026-04-12T11:31:46.803+0000] {processor.py:925} INFO - DAG(s) 'example_xcom' retrieved from /home/airflow/.local/lib/python3.12/site-packages/airflow/example_dags/example_xcom.py
[2026-04-12T11:31:46.824+0000] {logging_mixin.py:190} INFO - [2026-04-12T11:31:46.824+0000] {dag.py:3239} INFO - Sync 1 DAGs
[2026-04-12T11:31:46.842+0000] {logging_mixin.py:190} INFO - [2026-04-12T11:31:46.842+0000] {dag.py:4180} INFO - Setting next_dagrun for example_xcom to 2021-01-01 00:00:00+00:00, run_after=2021-01-01 00:00:00+00:00
[2026-04-12T11:31:46.853+0000] {processor.py:208} INFO - Processing /home/airflow/.local/lib/python3.12/site-packages/airflow/example_dags/example_xcom.py took 0.068 seconds
[2026-04-12T11:32:18.043+0000] {processor.py:186} INFO - Started process (PID=9945) to work on /home/airflow/.local/lib/python3.12/site-packages/airflow/example_dags/example_xcom.py
[2026-04-12T11:32:18.043+0000] {processor.py:914} INFO - Processing file /home/airflow/.local/lib/python3.12/site-packages/airflow/example_dags/example_xcom.py for tasks to queue
[2026-04-12T11:32:18.045+0000] {logging_mixin.py:190} INFO - [2026-04-12T11:32:18.045+0000] {dagbag.py:588} INFO - Filling up the DagBag from /home/airflow/.local/lib/python3.12/site-packages/airflow/example_dags/example_xcom.py
[2026-04-12T11:32:18.054+0000] {processor.py:925} INFO - DAG(s) 'example_xcom' retrieved from /home/airflow/.local/lib/python3.12/site-packages/airflow/example_dags/example_xcom.py
[2026-04-12T11:32:18.072+0000] {logging_mixin.py:190} INFO - [2026-04-12T11:32:18.072+0000] {dag.py:3239} INFO - Sync 1 DAGs
[2026-04-12T11:32:18.087+0000] {logging_mixin.py:190} INFO - [2026-04-12T11:32:18.087+0000] {dag.py:4180} INFO - Setting next_dagrun for example_xcom to 2021-01-01 00:00:00+00:00, run_after=2021-01-01 00:00:00+00:00
[2026-04-12T11:32:18.101+0000] {processor.py:208} INFO - Processing /home/airflow/.local/lib/python3.12/site-packages/airflow/example_dags/example_xcom.py took 0.063 seconds
[2026-04-12T11:32:49.012+0000] {processor.py:186} INFO - Started process (PID=10241) to work on /home/airflow/.local/lib/python3.12/site-packages/airflow/example_dags/example_xcom.py
[2026-04-12T11:32:49.013+0000] {processor.py:914} INFO - Processing file /home/airflow/.local/lib/python3.12/site-packages/airflow/example_dags/example_xcom.py for tasks to queue
[2026-04-12T11:32:49.015+0000] {logging_mixin.py:190} INFO - [2026-04-12T11:32:49.015+0000] {dagbag.py:588} INFO - Filling up the DagBag from /home/airflow/.local/lib/python3.12/site-packages/airflow/example_dags/example_xcom.py
[2026-04-12T11:32:49.021+0000] {processor.py:925} INFO - DAG(s) 'example_xcom' retrieved from /home/airflow/.local/lib/python3.12/site-packages/airflow/example_dags/example_xcom.py
[2026-04-12T11:32:49.034+0000] {logging_mixin.py:190} INFO - [2026-04-12T11:32:49.034+0000] {dag.py:3239} INFO - Sync 1 DAGs
[2026-04-12T11:32:49.047+0000] {logging_mixin.py:190} INFO - [2026-04-12T11:32:49.047+0000] {dag.py:4180} INFO - Setting next_dagrun for example_xcom to 2021-01-01 00:00:00+00:00, run_after=2021-01-01 00:00:00+00:00
[2026-04-12T11:32:49.065+0000] {processor.py:208} INFO - Processing /home/airflow/.local/lib/python3.12/site-packages/airflow/example_dags/example_xcom.py took 0.057 seconds
[2026-04-12T11:33:19.955+0000] {processor.py:186} INFO - Started process (PID=10537) to work on /home/airflow/.local/lib/python3.12/site-packages/airflow/example_dags/example_xcom.py
[2026-04-12T11:33:19.957+0000] {processor.py:914} INFO - Processing file /home/airflow/.local/lib/python3.12/site-packages/airflow/example_dags/example_xcom.py for tasks to queue
[2026-04-12T11:33:19.962+0000] {logging_mixin.py:190} INFO - [2026-04-12T11:33:19.962+0000] {dagbag.py:588} INFO - Filling up the DagBag from /home/airflow/.local/lib/python3.12/site-packages/airflow/example_dags/example_xcom.py
[2026-04-12T11:33:19.970+0000] {processor.py:925} INFO - DAG(s) 'example_xcom' retrieved from /home/airflow/.local/lib/python3.12/site-packages/airflow/example_dags/example_xcom.py
[2026-04-12T11:33:19.989+0000] {logging_mixin.py:190} INFO - [2026-04-12T11:33:19.989+0000] {dag.py:3239} INFO - Sync 1 DAGs
[2026-04-12T11:33:20.007+0000] {logging_mixin.py:190} INFO - [2026-04-12T11:33:20.007+0000] {dag.py:4180} INFO - Setting next_dagrun for example_xcom to 2021-01-01 00:00:00+00:00, run_after=2021-01-01 00:00:00+00:00
[2026-04-12T11:33:20.018+0000] {processor.py:208} INFO - Processing /home/airflow/.local/lib/python3.12/site-packages/airflow/example_dags/example_xcom.py took 0.066 seconds
[2026-04-12T11:33:50.875+0000] {processor.py:186} INFO - Started process (PID=10832) to work on /home/airflow/.local/lib/python3.12/site-packages/airflow/example_dags/example_xcom.py
[2026-04-12T11:33:50.877+0000] {processor.py:914} INFO - Processing file /home/airflow/.local/lib/python3.12/site-packages/airflow/example_dags/example_xcom.py for tasks to queue
[2026-04-12T11:33:50.879+0000] {logging_mixin.py:190} INFO - [2026-04-12T11:33:50.879+0000] {dagbag.py:588} INFO - Filling up the DagBag from /home/airflow/.local/lib/python3.12/site-packages/airflow/example_dags/example_xcom.py
[2026-04-12T11:33:50.888+0000] {processor.py:925} INFO - DAG(s) 'example_xcom' retrieved from /home/airflow/.local/lib/python3.12/site-packages/airflow/example_dags/example_xcom.py
[2026-04-12T11:33:50.911+0000] {logging_mixin.py:190} INFO - [2026-04-12T11:33:50.911+0000] {dag.py:3239} INFO - Sync 1 DAGs
[2026-04-12T11:33:50.933+0000] {logging_mixin.py:190} INFO - [2026-04-12T11:33:50.932+0000] {dag.py:4180} INFO - Setting next_dagrun for example_xcom to 2021-01-01 00:00:00+00:00, run_after=2021-01-01 00:00:00+00:00
[2026-04-12T11:33:50.951+0000] {processor.py:208} INFO - Processing /home/airflow/.local/lib/python3.12/site-packages/airflow/example_dags/example_xcom.py took 0.082 seconds
[2026-04-12T11:34:21.855+0000] {processor.py:186} INFO - Started process (PID=11128) to work on /home/airflow/.local/lib/python3.12/site-packages/airflow/example_dags/example_xcom.py
[2026-04-12T11:34:21.857+0000] {processor.py:914} INFO - Processing file /home/airflow/.local/lib/python3.12/site-packages/airflow/example_dags/example_xcom.py for tasks to queue
[2026-04-12T11:34:21.860+0000] {logging_mixin.py:190} INFO - [2026-04-12T11:34:21.859+0000] {dagbag.py:588} INFO - Filling up the DagBag from /home/airflow/.local/lib/python3.12/site-packages/airflow/example_dags/example_xcom.py
[2026-04-12T11:34:21.867+0000] {processor.py:925} INFO - DAG(s) 'example_xcom' retrieved from /home/airflow/.local/lib/python3.12/site-packages/airflow/example_dags/example_xcom.py
[2026-04-12T11:34:21.889+0000] {logging_mixin.py:190} INFO - [2026-04-12T11:34:21.889+0000] {dag.py:3239} INFO - Sync 1 DAGs
[2026-04-12T11:34:21.906+0000] {logging_mixin.py:190} INFO - [2026-04-12T11:34:21.906+0000] {dag.py:4180} INFO - Setting next_dagrun for example_xcom to 2021-01-01 00:00:00+00:00, run_after=2021-01-01 00:00:00+00:00
[2026-04-12T11:34:21.927+0000] {processor.py:208} INFO - Processing /home/airflow/.local/lib/python3.12/site-packages/airflow/example_dags/example_xcom.py took 0.077 seconds
[2026-04-12T11:34:52.758+0000] {processor.py:186} INFO - Started process (PID=11426) to work on /home/airflow/.local/lib/python3.12/site-packages/airflow/example_dags/example_xcom.py
[2026-04-12T11:34:52.759+0000] {processor.py:914} INFO - Processing file /home/airflow/.local/lib/python3.12/site-packages/airflow/example_dags/example_xcom.py for tasks to queue
[2026-04-12T11:34:52.760+0000] {logging_mixin.py:190} INFO - [2026-04-12T11:34:52.760+0000] {dagbag.py:588} INFO - Filling up the DagBag from /home/airflow/.local/lib/python3.12/site-packages/airflow/example_dags/example_xcom.py
[2026-04-12T11:34:52.766+0000] {processor.py:925} INFO - DAG(s) 'example_xcom' retrieved from /home/airflow/.local/lib/python3.12/site-packages/airflow/example_dags/example_xcom.py
[2026-04-12T11:34:52.779+0000] {logging_mixin.py:190} INFO - [2026-04-12T11:34:52.779+0000] {dag.py:3239} INFO - Sync 1 DAGs
[2026-04-12T11:34:52.792+0000] {logging_mixin.py:190} INFO - [2026-04-12T11:34:52.792+0000] {dag.py:4180} INFO - Setting next_dagrun for example_xcom to 2021-01-01 00:00:00+00:00, run_after=2021-01-01 00:00:00+00:00
[2026-04-12T11:34:52.803+0000] {processor.py:208} INFO - Processing /home/airflow/.local/lib/python3.12/site-packages/airflow/example_dags/example_xcom.py took 0.049 seconds
