[2026-04-12T11:12:46.764+0000] {processor.py:186} INFO - Started process (PID=456) to work on /home/airflow/.local/lib/python3.12/site-packages/airflow/example_dags/example_sla_dag.py
[2026-04-12T11:12:46.766+0000] {processor.py:914} INFO - Processing file /home/airflow/.local/lib/python3.12/site-packages/airflow/example_dags/example_sla_dag.py for tasks to queue
[2026-04-12T11:12:46.769+0000] {logging_mixin.py:190} INFO - [2026-04-12T11:12:46.769+0000] {dagbag.py:588} INFO - Filling up the DagBag from /home/airflow/.local/lib/python3.12/site-packages/airflow/example_dags/example_sla_dag.py
[2026-04-12T11:12:46.788+0000] {processor.py:925} INFO - DAG(s) 'example_sla_dag' retrieved from /home/airflow/.local/lib/python3.12/site-packages/airflow/example_dags/example_sla_dag.py
[2026-04-12T11:12:47.329+0000] {logging_mixin.py:190} INFO - [2026-04-12T11:12:47.325+0000] {override.py:1912} INFO - Created Permission View: can edit on DAG:example_sla_dag
[2026-04-12T11:12:47.365+0000] {logging_mixin.py:190} INFO - [2026-04-12T11:12:47.364+0000] {override.py:1912} INFO - Created Permission View: can delete on DAG:example_sla_dag
[2026-04-12T11:12:47.390+0000] {logging_mixin.py:190} INFO - [2026-04-12T11:12:47.390+0000] {override.py:1912} INFO - Created Permission View: can read on DAG:example_sla_dag
[2026-04-12T11:12:47.408+0000] {logging_mixin.py:190} INFO - [2026-04-12T11:12:47.407+0000] {override.py:1912} INFO - Created Permission View: can delete on DAG Run:example_sla_dag
[2026-04-12T11:12:47.424+0000] {logging_mixin.py:190} INFO - [2026-04-12T11:12:47.423+0000] {override.py:1912} INFO - Created Permission View: can create on DAG Run:example_sla_dag
[2026-04-12T11:12:47.441+0000] {logging_mixin.py:190} INFO - [2026-04-12T11:12:47.440+0000] {override.py:1912} INFO - Created Permission View: can read on DAG Run:example_sla_dag
[2026-04-12T11:12:47.465+0000] {logging_mixin.py:190} INFO - [2026-04-12T11:12:47.465+0000] {override.py:1912} INFO - Created Permission View: menu access on DAG Run:example_sla_dag
[2026-04-12T11:12:47.466+0000] {logging_mixin.py:190} INFO - [2026-04-12T11:12:47.466+0000] {dag.py:3239} INFO - Sync 1 DAGs
[2026-04-12T11:12:47.493+0000] {logging_mixin.py:190} INFO - [2026-04-12T11:12:47.492+0000] {dag.py:3262} INFO - Creating ORM DAG for example_sla_dag
[2026-04-12T11:12:47.534+0000] {logging_mixin.py:190} INFO - [2026-04-12T11:12:47.534+0000] {dag.py:4180} INFO - Setting next_dagrun for example_sla_dag to 2026-04-12 11:10:00+00:00, run_after=2026-04-12 11:12:00+00:00
[2026-04-12T11:12:47.560+0000] {processor.py:208} INFO - Processing /home/airflow/.local/lib/python3.12/site-packages/airflow/example_dags/example_sla_dag.py took 0.804 seconds
[2026-04-12T11:13:19.365+0000] {processor.py:186} INFO - Started process (PID=749) to work on /home/airflow/.local/lib/python3.12/site-packages/airflow/example_dags/example_sla_dag.py
[2026-04-12T11:13:19.370+0000] {processor.py:914} INFO - Processing file /home/airflow/.local/lib/python3.12/site-packages/airflow/example_dags/example_sla_dag.py for tasks to queue
[2026-04-12T11:13:19.396+0000] {logging_mixin.py:190} INFO - [2026-04-12T11:13:19.393+0000] {dagbag.py:588} INFO - Filling up the DagBag from /home/airflow/.local/lib/python3.12/site-packages/airflow/example_dags/example_sla_dag.py
[2026-04-12T11:13:19.469+0000] {processor.py:925} INFO - DAG(s) 'example_sla_dag' retrieved from /home/airflow/.local/lib/python3.12/site-packages/airflow/example_dags/example_sla_dag.py
[2026-04-12T11:13:19.659+0000] {logging_mixin.py:190} INFO - [2026-04-12T11:13:19.658+0000] {dag.py:3239} INFO - Sync 1 DAGs
[2026-04-12T11:13:19.736+0000] {logging_mixin.py:190} INFO - [2026-04-12T11:13:19.735+0000] {dag.py:4180} INFO - Setting next_dagrun for example_sla_dag to 2026-04-12 11:10:00+00:00, run_after=2026-04-12 11:12:00+00:00
[2026-04-12T11:13:19.776+0000] {processor.py:208} INFO - Processing /home/airflow/.local/lib/python3.12/site-packages/airflow/example_dags/example_sla_dag.py took 0.488 seconds
[2026-04-12T11:13:50.228+0000] {processor.py:186} INFO - Started process (PID=1048) to work on /home/airflow/.local/lib/python3.12/site-packages/airflow/example_dags/example_sla_dag.py
[2026-04-12T11:13:50.232+0000] {processor.py:914} INFO - Processing file /home/airflow/.local/lib/python3.12/site-packages/airflow/example_dags/example_sla_dag.py for tasks to queue
[2026-04-12T11:13:50.234+0000] {logging_mixin.py:190} INFO - [2026-04-12T11:13:50.233+0000] {dagbag.py:588} INFO - Filling up the DagBag from /home/airflow/.local/lib/python3.12/site-packages/airflow/example_dags/example_sla_dag.py
[2026-04-12T11:13:50.244+0000] {processor.py:925} INFO - DAG(s) 'example_sla_dag' retrieved from /home/airflow/.local/lib/python3.12/site-packages/airflow/example_dags/example_sla_dag.py
[2026-04-12T11:13:50.269+0000] {logging_mixin.py:190} INFO - [2026-04-12T11:13:50.268+0000] {dag.py:3239} INFO - Sync 1 DAGs
[2026-04-12T11:13:50.297+0000] {logging_mixin.py:190} INFO - [2026-04-12T11:13:50.297+0000] {dag.py:4180} INFO - Setting next_dagrun for example_sla_dag to 2026-04-12 11:10:00+00:00, run_after=2026-04-12 11:12:00+00:00
[2026-04-12T11:13:50.337+0000] {processor.py:208} INFO - Processing /home/airflow/.local/lib/python3.12/site-packages/airflow/example_dags/example_sla_dag.py took 0.114 seconds
[2026-04-12T11:14:20.475+0000] {processor.py:186} INFO - Started process (PID=1344) to work on /home/airflow/.local/lib/python3.12/site-packages/airflow/example_dags/example_sla_dag.py
[2026-04-12T11:14:20.480+0000] {processor.py:914} INFO - Processing file /home/airflow/.local/lib/python3.12/site-packages/airflow/example_dags/example_sla_dag.py for tasks to queue
[2026-04-12T11:14:20.481+0000] {logging_mixin.py:190} INFO - [2026-04-12T11:14:20.481+0000] {dagbag.py:588} INFO - Filling up the DagBag from /home/airflow/.local/lib/python3.12/site-packages/airflow/example_dags/example_sla_dag.py
[2026-04-12T11:14:20.488+0000] {processor.py:925} INFO - DAG(s) 'example_sla_dag' retrieved from /home/airflow/.local/lib/python3.12/site-packages/airflow/example_dags/example_sla_dag.py
[2026-04-12T11:14:20.504+0000] {logging_mixin.py:190} INFO - [2026-04-12T11:14:20.504+0000] {dag.py:3239} INFO - Sync 1 DAGs
[2026-04-12T11:14:20.523+0000] {logging_mixin.py:190} INFO - [2026-04-12T11:14:20.523+0000] {dag.py:4180} INFO - Setting next_dagrun for example_sla_dag to 2026-04-12 11:12:00+00:00, run_after=2026-04-12 11:14:00+00:00
[2026-04-12T11:14:20.538+0000] {processor.py:208} INFO - Processing /home/airflow/.local/lib/python3.12/site-packages/airflow/example_dags/example_sla_dag.py took 0.068 seconds
[2026-04-12T11:14:50.921+0000] {processor.py:186} INFO - Started process (PID=1640) to work on /home/airflow/.local/lib/python3.12/site-packages/airflow/example_dags/example_sla_dag.py
[2026-04-12T11:14:50.921+0000] {processor.py:914} INFO - Processing file /home/airflow/.local/lib/python3.12/site-packages/airflow/example_dags/example_sla_dag.py for tasks to queue
[2026-04-12T11:14:50.923+0000] {logging_mixin.py:190} INFO - [2026-04-12T11:14:50.923+0000] {dagbag.py:588} INFO - Filling up the DagBag from /home/airflow/.local/lib/python3.12/site-packages/airflow/example_dags/example_sla_dag.py
[2026-04-12T11:14:50.930+0000] {processor.py:925} INFO - DAG(s) 'example_sla_dag' retrieved from /home/airflow/.local/lib/python3.12/site-packages/airflow/example_dags/example_sla_dag.py
[2026-04-12T11:14:50.950+0000] {logging_mixin.py:190} INFO - [2026-04-12T11:14:50.950+0000] {dag.py:3239} INFO - Sync 1 DAGs
[2026-04-12T11:14:50.969+0000] {logging_mixin.py:190} INFO - [2026-04-12T11:14:50.969+0000] {dag.py:4180} INFO - Setting next_dagrun for example_sla_dag to 2026-04-12 11:12:00+00:00, run_after=2026-04-12 11:14:00+00:00
[2026-04-12T11:14:50.985+0000] {processor.py:208} INFO - Processing /home/airflow/.local/lib/python3.12/site-packages/airflow/example_dags/example_sla_dag.py took 0.068 seconds
[2026-04-12T11:15:21.534+0000] {processor.py:186} INFO - Started process (PID=1937) to work on /home/airflow/.local/lib/python3.12/site-packages/airflow/example_dags/example_sla_dag.py
[2026-04-12T11:15:21.535+0000] {processor.py:914} INFO - Processing file /home/airflow/.local/lib/python3.12/site-packages/airflow/example_dags/example_sla_dag.py for tasks to queue
[2026-04-12T11:15:21.537+0000] {logging_mixin.py:190} INFO - [2026-04-12T11:15:21.537+0000] {dagbag.py:588} INFO - Filling up the DagBag from /home/airflow/.local/lib/python3.12/site-packages/airflow/example_dags/example_sla_dag.py
[2026-04-12T11:15:21.547+0000] {processor.py:925} INFO - DAG(s) 'example_sla_dag' retrieved from /home/airflow/.local/lib/python3.12/site-packages/airflow/example_dags/example_sla_dag.py
[2026-04-12T11:15:21.570+0000] {logging_mixin.py:190} INFO - [2026-04-12T11:15:21.570+0000] {dag.py:3239} INFO - Sync 1 DAGs
[2026-04-12T11:15:21.589+0000] {logging_mixin.py:190} INFO - [2026-04-12T11:15:21.589+0000] {dag.py:4180} INFO - Setting next_dagrun for example_sla_dag to 2026-04-12 11:12:00+00:00, run_after=2026-04-12 11:14:00+00:00
[2026-04-12T11:15:21.609+0000] {processor.py:208} INFO - Processing /home/airflow/.local/lib/python3.12/site-packages/airflow/example_dags/example_sla_dag.py took 0.080 seconds
[2026-04-12T11:15:52.490+0000] {processor.py:186} INFO - Started process (PID=2235) to work on /home/airflow/.local/lib/python3.12/site-packages/airflow/example_dags/example_sla_dag.py
[2026-04-12T11:15:52.491+0000] {processor.py:914} INFO - Processing file /home/airflow/.local/lib/python3.12/site-packages/airflow/example_dags/example_sla_dag.py for tasks to queue
[2026-04-12T11:15:52.492+0000] {logging_mixin.py:190} INFO - [2026-04-12T11:15:52.492+0000] {dagbag.py:588} INFO - Filling up the DagBag from /home/airflow/.local/lib/python3.12/site-packages/airflow/example_dags/example_sla_dag.py
[2026-04-12T11:15:52.499+0000] {processor.py:925} INFO - DAG(s) 'example_sla_dag' retrieved from /home/airflow/.local/lib/python3.12/site-packages/airflow/example_dags/example_sla_dag.py
[2026-04-12T11:15:52.510+0000] {logging_mixin.py:190} INFO - [2026-04-12T11:15:52.510+0000] {dag.py:3239} INFO - Sync 1 DAGs
[2026-04-12T11:15:52.526+0000] {logging_mixin.py:190} INFO - [2026-04-12T11:15:52.526+0000] {dag.py:4180} INFO - Setting next_dagrun for example_sla_dag to 2026-04-12 11:12:00+00:00, run_after=2026-04-12 11:14:00+00:00
[2026-04-12T11:15:52.536+0000] {processor.py:208} INFO - Processing /home/airflow/.local/lib/python3.12/site-packages/airflow/example_dags/example_sla_dag.py took 0.050 seconds
[2026-04-12T11:16:23.308+0000] {processor.py:186} INFO - Started process (PID=2531) to work on /home/airflow/.local/lib/python3.12/site-packages/airflow/example_dags/example_sla_dag.py
[2026-04-12T11:16:23.309+0000] {processor.py:914} INFO - Processing file /home/airflow/.local/lib/python3.12/site-packages/airflow/example_dags/example_sla_dag.py for tasks to queue
[2026-04-12T11:16:23.310+0000] {logging_mixin.py:190} INFO - [2026-04-12T11:16:23.310+0000] {dagbag.py:588} INFO - Filling up the DagBag from /home/airflow/.local/lib/python3.12/site-packages/airflow/example_dags/example_sla_dag.py
[2026-04-12T11:16:23.317+0000] {processor.py:925} INFO - DAG(s) 'example_sla_dag' retrieved from /home/airflow/.local/lib/python3.12/site-packages/airflow/example_dags/example_sla_dag.py
[2026-04-12T11:16:23.331+0000] {logging_mixin.py:190} INFO - [2026-04-12T11:16:23.331+0000] {dag.py:3239} INFO - Sync 1 DAGs
[2026-04-12T11:16:23.346+0000] {logging_mixin.py:190} INFO - [2026-04-12T11:16:23.346+0000] {dag.py:4180} INFO - Setting next_dagrun for example_sla_dag to 2026-04-12 11:14:00+00:00, run_after=2026-04-12 11:16:00+00:00
[2026-04-12T11:16:23.356+0000] {processor.py:208} INFO - Processing /home/airflow/.local/lib/python3.12/site-packages/airflow/example_dags/example_sla_dag.py took 0.052 seconds
[2026-04-12T11:16:54.594+0000] {processor.py:186} INFO - Started process (PID=2825) to work on /home/airflow/.local/lib/python3.12/site-packages/airflow/example_dags/example_sla_dag.py
[2026-04-12T11:16:54.596+0000] {processor.py:914} INFO - Processing file /home/airflow/.local/lib/python3.12/site-packages/airflow/example_dags/example_sla_dag.py for tasks to queue
[2026-04-12T11:16:54.598+0000] {logging_mixin.py:190} INFO - [2026-04-12T11:16:54.597+0000] {dagbag.py:588} INFO - Filling up the DagBag from /home/airflow/.local/lib/python3.12/site-packages/airflow/example_dags/example_sla_dag.py
[2026-04-12T11:16:54.608+0000] {processor.py:925} INFO - DAG(s) 'example_sla_dag' retrieved from /home/airflow/.local/lib/python3.12/site-packages/airflow/example_dags/example_sla_dag.py
[2026-04-12T11:16:54.624+0000] {logging_mixin.py:190} INFO - [2026-04-12T11:16:54.623+0000] {dag.py:3239} INFO - Sync 1 DAGs
[2026-04-12T11:16:54.649+0000] {logging_mixin.py:190} INFO - [2026-04-12T11:16:54.649+0000] {dag.py:4180} INFO - Setting next_dagrun for example_sla_dag to 2026-04-12 11:14:00+00:00, run_after=2026-04-12 11:16:00+00:00
[2026-04-12T11:16:54.665+0000] {processor.py:208} INFO - Processing /home/airflow/.local/lib/python3.12/site-packages/airflow/example_dags/example_sla_dag.py took 0.080 seconds
[2026-04-12T11:17:25.342+0000] {processor.py:186} INFO - Started process (PID=3135) to work on /home/airflow/.local/lib/python3.12/site-packages/airflow/example_dags/example_sla_dag.py
[2026-04-12T11:17:25.343+0000] {processor.py:914} INFO - Processing file /home/airflow/.local/lib/python3.12/site-packages/airflow/example_dags/example_sla_dag.py for tasks to queue
[2026-04-12T11:17:25.345+0000] {logging_mixin.py:190} INFO - [2026-04-12T11:17:25.345+0000] {dagbag.py:588} INFO - Filling up the DagBag from /home/airflow/.local/lib/python3.12/site-packages/airflow/example_dags/example_sla_dag.py
[2026-04-12T11:17:25.352+0000] {processor.py:925} INFO - DAG(s) 'example_sla_dag' retrieved from /home/airflow/.local/lib/python3.12/site-packages/airflow/example_dags/example_sla_dag.py
[2026-04-12T11:17:25.370+0000] {logging_mixin.py:190} INFO - [2026-04-12T11:17:25.370+0000] {dag.py:3239} INFO - Sync 1 DAGs
[2026-04-12T11:17:25.386+0000] {logging_mixin.py:190} INFO - [2026-04-12T11:17:25.386+0000] {dag.py:4180} INFO - Setting next_dagrun for example_sla_dag to 2026-04-12 11:14:00+00:00, run_after=2026-04-12 11:16:00+00:00
[2026-04-12T11:17:25.399+0000] {processor.py:208} INFO - Processing /home/airflow/.local/lib/python3.12/site-packages/airflow/example_dags/example_sla_dag.py took 0.061 seconds
[2026-04-12T11:17:56.234+0000] {processor.py:186} INFO - Started process (PID=3431) to work on /home/airflow/.local/lib/python3.12/site-packages/airflow/example_dags/example_sla_dag.py
[2026-04-12T11:17:56.235+0000] {processor.py:914} INFO - Processing file /home/airflow/.local/lib/python3.12/site-packages/airflow/example_dags/example_sla_dag.py for tasks to queue
[2026-04-12T11:17:56.236+0000] {logging_mixin.py:190} INFO - [2026-04-12T11:17:56.236+0000] {dagbag.py:588} INFO - Filling up the DagBag from /home/airflow/.local/lib/python3.12/site-packages/airflow/example_dags/example_sla_dag.py
[2026-04-12T11:17:56.245+0000] {processor.py:925} INFO - DAG(s) 'example_sla_dag' retrieved from /home/airflow/.local/lib/python3.12/site-packages/airflow/example_dags/example_sla_dag.py
[2026-04-12T11:17:56.283+0000] {logging_mixin.py:190} INFO - [2026-04-12T11:17:56.283+0000] {dag.py:3239} INFO - Sync 1 DAGs
[2026-04-12T11:17:56.303+0000] {logging_mixin.py:190} INFO - [2026-04-12T11:17:56.303+0000] {dag.py:4180} INFO - Setting next_dagrun for example_sla_dag to 2026-04-12 11:14:00+00:00, run_after=2026-04-12 11:16:00+00:00
[2026-04-12T11:17:56.318+0000] {processor.py:208} INFO - Processing /home/airflow/.local/lib/python3.12/site-packages/airflow/example_dags/example_sla_dag.py took 0.089 seconds
[2026-04-12T11:18:27.197+0000] {processor.py:186} INFO - Started process (PID=3736) to work on /home/airflow/.local/lib/python3.12/site-packages/airflow/example_dags/example_sla_dag.py
[2026-04-12T11:18:27.199+0000] {processor.py:914} INFO - Processing file /home/airflow/.local/lib/python3.12/site-packages/airflow/example_dags/example_sla_dag.py for tasks to queue
[2026-04-12T11:18:27.205+0000] {logging_mixin.py:190} INFO - [2026-04-12T11:18:27.204+0000] {dagbag.py:588} INFO - Filling up the DagBag from /home/airflow/.local/lib/python3.12/site-packages/airflow/example_dags/example_sla_dag.py
[2026-04-12T11:18:27.212+0000] {processor.py:925} INFO - DAG(s) 'example_sla_dag' retrieved from /home/airflow/.local/lib/python3.12/site-packages/airflow/example_dags/example_sla_dag.py
[2026-04-12T11:18:27.229+0000] {logging_mixin.py:190} INFO - [2026-04-12T11:18:27.229+0000] {dag.py:3239} INFO - Sync 1 DAGs
[2026-04-12T11:18:27.250+0000] {logging_mixin.py:190} INFO - [2026-04-12T11:18:27.250+0000] {dag.py:4180} INFO - Setting next_dagrun for example_sla_dag to 2026-04-12 11:16:00+00:00, run_after=2026-04-12 11:18:00+00:00
[2026-04-12T11:18:27.261+0000] {processor.py:208} INFO - Processing /home/airflow/.local/lib/python3.12/site-packages/airflow/example_dags/example_sla_dag.py took 0.069 seconds
[2026-04-12T11:18:57.915+0000] {processor.py:186} INFO - Started process (PID=4040) to work on /home/airflow/.local/lib/python3.12/site-packages/airflow/example_dags/example_sla_dag.py
[2026-04-12T11:18:57.916+0000] {processor.py:914} INFO - Processing file /home/airflow/.local/lib/python3.12/site-packages/airflow/example_dags/example_sla_dag.py for tasks to queue
[2026-04-12T11:18:57.917+0000] {logging_mixin.py:190} INFO - [2026-04-12T11:18:57.917+0000] {dagbag.py:588} INFO - Filling up the DagBag from /home/airflow/.local/lib/python3.12/site-packages/airflow/example_dags/example_sla_dag.py
[2026-04-12T11:18:57.928+0000] {processor.py:925} INFO - DAG(s) 'example_sla_dag' retrieved from /home/airflow/.local/lib/python3.12/site-packages/airflow/example_dags/example_sla_dag.py
[2026-04-12T11:18:57.944+0000] {logging_mixin.py:190} INFO - [2026-04-12T11:18:57.942+0000] {dag.py:3239} INFO - Sync 1 DAGs
[2026-04-12T11:18:57.962+0000] {logging_mixin.py:190} INFO - [2026-04-12T11:18:57.962+0000] {dag.py:4180} INFO - Setting next_dagrun for example_sla_dag to 2026-04-12 11:16:00+00:00, run_after=2026-04-12 11:18:00+00:00
[2026-04-12T11:18:57.978+0000] {processor.py:208} INFO - Processing /home/airflow/.local/lib/python3.12/site-packages/airflow/example_dags/example_sla_dag.py took 0.067 seconds
[2026-04-12T11:19:28.820+0000] {processor.py:186} INFO - Started process (PID=4345) to work on /home/airflow/.local/lib/python3.12/site-packages/airflow/example_dags/example_sla_dag.py
[2026-04-12T11:19:28.821+0000] {processor.py:914} INFO - Processing file /home/airflow/.local/lib/python3.12/site-packages/airflow/example_dags/example_sla_dag.py for tasks to queue
[2026-04-12T11:19:28.822+0000] {logging_mixin.py:190} INFO - [2026-04-12T11:19:28.822+0000] {dagbag.py:588} INFO - Filling up the DagBag from /home/airflow/.local/lib/python3.12/site-packages/airflow/example_dags/example_sla_dag.py
[2026-04-12T11:19:28.829+0000] {processor.py:925} INFO - DAG(s) 'example_sla_dag' retrieved from /home/airflow/.local/lib/python3.12/site-packages/airflow/example_dags/example_sla_dag.py
[2026-04-12T11:19:28.842+0000] {logging_mixin.py:190} INFO - [2026-04-12T11:19:28.842+0000] {dag.py:3239} INFO - Sync 1 DAGs
[2026-04-12T11:19:28.857+0000] {logging_mixin.py:190} INFO - [2026-04-12T11:19:28.857+0000] {dag.py:4180} INFO - Setting next_dagrun for example_sla_dag to 2026-04-12 11:16:00+00:00, run_after=2026-04-12 11:18:00+00:00
[2026-04-12T11:19:28.867+0000] {processor.py:208} INFO - Processing /home/airflow/.local/lib/python3.12/site-packages/airflow/example_dags/example_sla_dag.py took 0.052 seconds
[2026-04-12T11:19:59.690+0000] {processor.py:186} INFO - Started process (PID=4641) to work on /home/airflow/.local/lib/python3.12/site-packages/airflow/example_dags/example_sla_dag.py
[2026-04-12T11:19:59.691+0000] {processor.py:914} INFO - Processing file /home/airflow/.local/lib/python3.12/site-packages/airflow/example_dags/example_sla_dag.py for tasks to queue
[2026-04-12T11:19:59.692+0000] {logging_mixin.py:190} INFO - [2026-04-12T11:19:59.692+0000] {dagbag.py:588} INFO - Filling up the DagBag from /home/airflow/.local/lib/python3.12/site-packages/airflow/example_dags/example_sla_dag.py
[2026-04-12T11:19:59.699+0000] {processor.py:925} INFO - DAG(s) 'example_sla_dag' retrieved from /home/airflow/.local/lib/python3.12/site-packages/airflow/example_dags/example_sla_dag.py
[2026-04-12T11:19:59.710+0000] {logging_mixin.py:190} INFO - [2026-04-12T11:19:59.710+0000] {dag.py:3239} INFO - Sync 1 DAGs
[2026-04-12T11:19:59.725+0000] {logging_mixin.py:190} INFO - [2026-04-12T11:19:59.725+0000] {dag.py:4180} INFO - Setting next_dagrun for example_sla_dag to 2026-04-12 11:16:00+00:00, run_after=2026-04-12 11:18:00+00:00
[2026-04-12T11:19:59.735+0000] {processor.py:208} INFO - Processing /home/airflow/.local/lib/python3.12/site-packages/airflow/example_dags/example_sla_dag.py took 0.049 seconds
[2026-04-12T11:20:30.418+0000] {processor.py:186} INFO - Started process (PID=4935) to work on /home/airflow/.local/lib/python3.12/site-packages/airflow/example_dags/example_sla_dag.py
[2026-04-12T11:20:30.419+0000] {processor.py:914} INFO - Processing file /home/airflow/.local/lib/python3.12/site-packages/airflow/example_dags/example_sla_dag.py for tasks to queue
[2026-04-12T11:20:30.420+0000] {logging_mixin.py:190} INFO - [2026-04-12T11:20:30.420+0000] {dagbag.py:588} INFO - Filling up the DagBag from /home/airflow/.local/lib/python3.12/site-packages/airflow/example_dags/example_sla_dag.py
[2026-04-12T11:20:30.427+0000] {processor.py:925} INFO - DAG(s) 'example_sla_dag' retrieved from /home/airflow/.local/lib/python3.12/site-packages/airflow/example_dags/example_sla_dag.py
[2026-04-12T11:20:30.442+0000] {logging_mixin.py:190} INFO - [2026-04-12T11:20:30.441+0000] {dag.py:3239} INFO - Sync 1 DAGs
[2026-04-12T11:20:30.458+0000] {logging_mixin.py:190} INFO - [2026-04-12T11:20:30.458+0000] {dag.py:4180} INFO - Setting next_dagrun for example_sla_dag to 2026-04-12 11:18:00+00:00, run_after=2026-04-12 11:20:00+00:00
[2026-04-12T11:20:30.469+0000] {processor.py:208} INFO - Processing /home/airflow/.local/lib/python3.12/site-packages/airflow/example_dags/example_sla_dag.py took 0.055 seconds
[2026-04-12T11:21:01.205+0000] {processor.py:186} INFO - Started process (PID=5231) to work on /home/airflow/.local/lib/python3.12/site-packages/airflow/example_dags/example_sla_dag.py
[2026-04-12T11:21:01.206+0000] {processor.py:914} INFO - Processing file /home/airflow/.local/lib/python3.12/site-packages/airflow/example_dags/example_sla_dag.py for tasks to queue
[2026-04-12T11:21:01.208+0000] {logging_mixin.py:190} INFO - [2026-04-12T11:21:01.207+0000] {dagbag.py:588} INFO - Filling up the DagBag from /home/airflow/.local/lib/python3.12/site-packages/airflow/example_dags/example_sla_dag.py
[2026-04-12T11:21:01.218+0000] {processor.py:925} INFO - DAG(s) 'example_sla_dag' retrieved from /home/airflow/.local/lib/python3.12/site-packages/airflow/example_dags/example_sla_dag.py
[2026-04-12T11:21:01.235+0000] {logging_mixin.py:190} INFO - [2026-04-12T11:21:01.235+0000] {dag.py:3239} INFO - Sync 1 DAGs
[2026-04-12T11:21:01.253+0000] {logging_mixin.py:190} INFO - [2026-04-12T11:21:01.253+0000] {dag.py:4180} INFO - Setting next_dagrun for example_sla_dag to 2026-04-12 11:18:00+00:00, run_after=2026-04-12 11:20:00+00:00
[2026-04-12T11:21:01.265+0000] {processor.py:208} INFO - Processing /home/airflow/.local/lib/python3.12/site-packages/airflow/example_dags/example_sla_dag.py took 0.065 seconds
[2026-04-12T11:21:31.816+0000] {processor.py:186} INFO - Started process (PID=5527) to work on /home/airflow/.local/lib/python3.12/site-packages/airflow/example_dags/example_sla_dag.py
[2026-04-12T11:21:31.817+0000] {processor.py:914} INFO - Processing file /home/airflow/.local/lib/python3.12/site-packages/airflow/example_dags/example_sla_dag.py for tasks to queue
[2026-04-12T11:21:31.820+0000] {logging_mixin.py:190} INFO - [2026-04-12T11:21:31.820+0000] {dagbag.py:588} INFO - Filling up the DagBag from /home/airflow/.local/lib/python3.12/site-packages/airflow/example_dags/example_sla_dag.py
[2026-04-12T11:21:31.827+0000] {processor.py:925} INFO - DAG(s) 'example_sla_dag' retrieved from /home/airflow/.local/lib/python3.12/site-packages/airflow/example_dags/example_sla_dag.py
[2026-04-12T11:21:31.844+0000] {logging_mixin.py:190} INFO - [2026-04-12T11:21:31.844+0000] {dag.py:3239} INFO - Sync 1 DAGs
[2026-04-12T11:21:31.862+0000] {logging_mixin.py:190} INFO - [2026-04-12T11:21:31.862+0000] {dag.py:4180} INFO - Setting next_dagrun for example_sla_dag to 2026-04-12 11:18:00+00:00, run_after=2026-04-12 11:20:00+00:00
[2026-04-12T11:21:31.877+0000] {processor.py:208} INFO - Processing /home/airflow/.local/lib/python3.12/site-packages/airflow/example_dags/example_sla_dag.py took 0.065 seconds
[2026-04-12T11:22:03.026+0000] {processor.py:186} INFO - Started process (PID=5829) to work on /home/airflow/.local/lib/python3.12/site-packages/airflow/example_dags/example_sla_dag.py
[2026-04-12T11:22:03.027+0000] {processor.py:914} INFO - Processing file /home/airflow/.local/lib/python3.12/site-packages/airflow/example_dags/example_sla_dag.py for tasks to queue
[2026-04-12T11:22:03.029+0000] {logging_mixin.py:190} INFO - [2026-04-12T11:22:03.028+0000] {dagbag.py:588} INFO - Filling up the DagBag from /home/airflow/.local/lib/python3.12/site-packages/airflow/example_dags/example_sla_dag.py
[2026-04-12T11:22:03.039+0000] {processor.py:925} INFO - DAG(s) 'example_sla_dag' retrieved from /home/airflow/.local/lib/python3.12/site-packages/airflow/example_dags/example_sla_dag.py
[2026-04-12T11:22:03.054+0000] {logging_mixin.py:190} INFO - [2026-04-12T11:22:03.053+0000] {dag.py:3239} INFO - Sync 1 DAGs
[2026-04-12T11:22:03.069+0000] {logging_mixin.py:190} INFO - [2026-04-12T11:22:03.069+0000] {dag.py:4180} INFO - Setting next_dagrun for example_sla_dag to 2026-04-12 11:20:00+00:00, run_after=2026-04-12 11:22:00+00:00
[2026-04-12T11:22:03.080+0000] {processor.py:208} INFO - Processing /home/airflow/.local/lib/python3.12/site-packages/airflow/example_dags/example_sla_dag.py took 0.058 seconds
[2026-04-12T11:22:34.315+0000] {processor.py:186} INFO - Started process (PID=6124) to work on /home/airflow/.local/lib/python3.12/site-packages/airflow/example_dags/example_sla_dag.py
[2026-04-12T11:22:34.316+0000] {processor.py:914} INFO - Processing file /home/airflow/.local/lib/python3.12/site-packages/airflow/example_dags/example_sla_dag.py for tasks to queue
[2026-04-12T11:22:34.317+0000] {logging_mixin.py:190} INFO - [2026-04-12T11:22:34.317+0000] {dagbag.py:588} INFO - Filling up the DagBag from /home/airflow/.local/lib/python3.12/site-packages/airflow/example_dags/example_sla_dag.py
[2026-04-12T11:22:34.329+0000] {processor.py:925} INFO - DAG(s) 'example_sla_dag' retrieved from /home/airflow/.local/lib/python3.12/site-packages/airflow/example_dags/example_sla_dag.py
[2026-04-12T11:22:34.344+0000] {logging_mixin.py:190} INFO - [2026-04-12T11:22:34.344+0000] {dag.py:3239} INFO - Sync 1 DAGs
[2026-04-12T11:22:34.361+0000] {logging_mixin.py:190} INFO - [2026-04-12T11:22:34.361+0000] {dag.py:4180} INFO - Setting next_dagrun for example_sla_dag to 2026-04-12 11:20:00+00:00, run_after=2026-04-12 11:22:00+00:00
[2026-04-12T11:22:34.371+0000] {processor.py:208} INFO - Processing /home/airflow/.local/lib/python3.12/site-packages/airflow/example_dags/example_sla_dag.py took 0.061 seconds
[2026-04-12T11:23:06.164+0000] {processor.py:186} INFO - Started process (PID=6420) to work on /home/airflow/.local/lib/python3.12/site-packages/airflow/example_dags/example_sla_dag.py
[2026-04-12T11:23:06.166+0000] {processor.py:914} INFO - Processing file /home/airflow/.local/lib/python3.12/site-packages/airflow/example_dags/example_sla_dag.py for tasks to queue
[2026-04-12T11:23:06.167+0000] {logging_mixin.py:190} INFO - [2026-04-12T11:23:06.167+0000] {dagbag.py:588} INFO - Filling up the DagBag from /home/airflow/.local/lib/python3.12/site-packages/airflow/example_dags/example_sla_dag.py
[2026-04-12T11:23:06.182+0000] {processor.py:925} INFO - DAG(s) 'example_sla_dag' retrieved from /home/airflow/.local/lib/python3.12/site-packages/airflow/example_dags/example_sla_dag.py
[2026-04-12T11:23:06.200+0000] {logging_mixin.py:190} INFO - [2026-04-12T11:23:06.199+0000] {dag.py:3239} INFO - Sync 1 DAGs
[2026-04-12T11:23:06.228+0000] {logging_mixin.py:190} INFO - [2026-04-12T11:23:06.228+0000] {dag.py:4180} INFO - Setting next_dagrun for example_sla_dag to 2026-04-12 11:20:00+00:00, run_after=2026-04-12 11:22:00+00:00
[2026-04-12T11:23:06.247+0000] {processor.py:208} INFO - Processing /home/airflow/.local/lib/python3.12/site-packages/airflow/example_dags/example_sla_dag.py took 0.091 seconds
[2026-04-12T11:23:37.033+0000] {processor.py:186} INFO - Started process (PID=6716) to work on /home/airflow/.local/lib/python3.12/site-packages/airflow/example_dags/example_sla_dag.py
[2026-04-12T11:23:37.034+0000] {processor.py:914} INFO - Processing file /home/airflow/.local/lib/python3.12/site-packages/airflow/example_dags/example_sla_dag.py for tasks to queue
[2026-04-12T11:23:37.035+0000] {logging_mixin.py:190} INFO - [2026-04-12T11:23:37.035+0000] {dagbag.py:588} INFO - Filling up the DagBag from /home/airflow/.local/lib/python3.12/site-packages/airflow/example_dags/example_sla_dag.py
[2026-04-12T11:23:37.043+0000] {processor.py:925} INFO - DAG(s) 'example_sla_dag' retrieved from /home/airflow/.local/lib/python3.12/site-packages/airflow/example_dags/example_sla_dag.py
[2026-04-12T11:23:37.057+0000] {logging_mixin.py:190} INFO - [2026-04-12T11:23:37.057+0000] {dag.py:3239} INFO - Sync 1 DAGs
[2026-04-12T11:23:37.076+0000] {logging_mixin.py:190} INFO - [2026-04-12T11:23:37.076+0000] {dag.py:4180} INFO - Setting next_dagrun for example_sla_dag to 2026-04-12 11:20:00+00:00, run_after=2026-04-12 11:22:00+00:00
[2026-04-12T11:23:37.088+0000] {processor.py:208} INFO - Processing /home/airflow/.local/lib/python3.12/site-packages/airflow/example_dags/example_sla_dag.py took 0.060 seconds
[2026-04-12T11:24:07.935+0000] {processor.py:186} INFO - Started process (PID=7007) to work on /home/airflow/.local/lib/python3.12/site-packages/airflow/example_dags/example_sla_dag.py
[2026-04-12T11:24:07.936+0000] {processor.py:914} INFO - Processing file /home/airflow/.local/lib/python3.12/site-packages/airflow/example_dags/example_sla_dag.py for tasks to queue
[2026-04-12T11:24:07.938+0000] {logging_mixin.py:190} INFO - [2026-04-12T11:24:07.937+0000] {dagbag.py:588} INFO - Filling up the DagBag from /home/airflow/.local/lib/python3.12/site-packages/airflow/example_dags/example_sla_dag.py
[2026-04-12T11:24:07.944+0000] {processor.py:925} INFO - DAG(s) 'example_sla_dag' retrieved from /home/airflow/.local/lib/python3.12/site-packages/airflow/example_dags/example_sla_dag.py
[2026-04-12T11:24:07.961+0000] {logging_mixin.py:190} INFO - [2026-04-12T11:24:07.961+0000] {dag.py:3239} INFO - Sync 1 DAGs
[2026-04-12T11:24:07.982+0000] {logging_mixin.py:190} INFO - [2026-04-12T11:24:07.981+0000] {dag.py:4180} INFO - Setting next_dagrun for example_sla_dag to 2026-04-12 11:22:00+00:00, run_after=2026-04-12 11:24:00+00:00
[2026-04-12T11:24:07.992+0000] {processor.py:208} INFO - Processing /home/airflow/.local/lib/python3.12/site-packages/airflow/example_dags/example_sla_dag.py took 0.064 seconds
[2026-04-12T11:24:39.480+0000] {processor.py:186} INFO - Started process (PID=7305) to work on /home/airflow/.local/lib/python3.12/site-packages/airflow/example_dags/example_sla_dag.py
[2026-04-12T11:24:39.481+0000] {processor.py:914} INFO - Processing file /home/airflow/.local/lib/python3.12/site-packages/airflow/example_dags/example_sla_dag.py for tasks to queue
[2026-04-12T11:24:39.483+0000] {logging_mixin.py:190} INFO - [2026-04-12T11:24:39.483+0000] {dagbag.py:588} INFO - Filling up the DagBag from /home/airflow/.local/lib/python3.12/site-packages/airflow/example_dags/example_sla_dag.py
[2026-04-12T11:24:39.490+0000] {processor.py:925} INFO - DAG(s) 'example_sla_dag' retrieved from /home/airflow/.local/lib/python3.12/site-packages/airflow/example_dags/example_sla_dag.py
[2026-04-12T11:24:39.505+0000] {logging_mixin.py:190} INFO - [2026-04-12T11:24:39.505+0000] {dag.py:3239} INFO - Sync 1 DAGs
[2026-04-12T11:24:39.525+0000] {logging_mixin.py:190} INFO - [2026-04-12T11:24:39.524+0000] {dag.py:4180} INFO - Setting next_dagrun for example_sla_dag to 2026-04-12 11:22:00+00:00, run_after=2026-04-12 11:24:00+00:00
[2026-04-12T11:24:39.537+0000] {processor.py:208} INFO - Processing /home/airflow/.local/lib/python3.12/site-packages/airflow/example_dags/example_sla_dag.py took 0.061 seconds
[2026-04-12T11:25:10.364+0000] {processor.py:186} INFO - Started process (PID=7599) to work on /home/airflow/.local/lib/python3.12/site-packages/airflow/example_dags/example_sla_dag.py
[2026-04-12T11:25:10.365+0000] {processor.py:914} INFO - Processing file /home/airflow/.local/lib/python3.12/site-packages/airflow/example_dags/example_sla_dag.py for tasks to queue
[2026-04-12T11:25:10.367+0000] {logging_mixin.py:190} INFO - [2026-04-12T11:25:10.366+0000] {dagbag.py:588} INFO - Filling up the DagBag from /home/airflow/.local/lib/python3.12/site-packages/airflow/example_dags/example_sla_dag.py
[2026-04-12T11:25:10.373+0000] {processor.py:925} INFO - DAG(s) 'example_sla_dag' retrieved from /home/airflow/.local/lib/python3.12/site-packages/airflow/example_dags/example_sla_dag.py
[2026-04-12T11:25:10.386+0000] {logging_mixin.py:190} INFO - [2026-04-12T11:25:10.386+0000] {dag.py:3239} INFO - Sync 1 DAGs
[2026-04-12T11:25:10.401+0000] {logging_mixin.py:190} INFO - [2026-04-12T11:25:10.401+0000] {dag.py:4180} INFO - Setting next_dagrun for example_sla_dag to 2026-04-12 11:22:00+00:00, run_after=2026-04-12 11:24:00+00:00
[2026-04-12T11:25:10.414+0000] {processor.py:208} INFO - Processing /home/airflow/.local/lib/python3.12/site-packages/airflow/example_dags/example_sla_dag.py took 0.054 seconds
[2026-04-12T11:25:41.550+0000] {processor.py:186} INFO - Started process (PID=7897) to work on /home/airflow/.local/lib/python3.12/site-packages/airflow/example_dags/example_sla_dag.py
[2026-04-12T11:25:41.551+0000] {processor.py:914} INFO - Processing file /home/airflow/.local/lib/python3.12/site-packages/airflow/example_dags/example_sla_dag.py for tasks to queue
[2026-04-12T11:25:41.553+0000] {logging_mixin.py:190} INFO - [2026-04-12T11:25:41.552+0000] {dagbag.py:588} INFO - Filling up the DagBag from /home/airflow/.local/lib/python3.12/site-packages/airflow/example_dags/example_sla_dag.py
[2026-04-12T11:25:41.562+0000] {processor.py:925} INFO - DAG(s) 'example_sla_dag' retrieved from /home/airflow/.local/lib/python3.12/site-packages/airflow/example_dags/example_sla_dag.py
[2026-04-12T11:25:41.577+0000] {logging_mixin.py:190} INFO - [2026-04-12T11:25:41.576+0000] {dag.py:3239} INFO - Sync 1 DAGs
[2026-04-12T11:25:41.598+0000] {logging_mixin.py:190} INFO - [2026-04-12T11:25:41.597+0000] {dag.py:4180} INFO - Setting next_dagrun for example_sla_dag to 2026-04-12 11:22:00+00:00, run_after=2026-04-12 11:24:00+00:00
[2026-04-12T11:25:41.616+0000] {processor.py:208} INFO - Processing /home/airflow/.local/lib/python3.12/site-packages/airflow/example_dags/example_sla_dag.py took 0.071 seconds
[2026-04-12T11:27:12.096+0000] {processor.py:186} INFO - Started process (PID=8360) to work on /home/airflow/.local/lib/python3.12/site-packages/airflow/example_dags/example_sla_dag.py
[2026-04-12T11:27:12.097+0000] {processor.py:914} INFO - Processing file /home/airflow/.local/lib/python3.12/site-packages/airflow/example_dags/example_sla_dag.py for tasks to queue
[2026-04-12T11:27:12.099+0000] {logging_mixin.py:190} INFO - [2026-04-12T11:27:12.098+0000] {dagbag.py:588} INFO - Filling up the DagBag from /home/airflow/.local/lib/python3.12/site-packages/airflow/example_dags/example_sla_dag.py
[2026-04-12T11:27:12.106+0000] {processor.py:925} INFO - DAG(s) 'example_sla_dag' retrieved from /home/airflow/.local/lib/python3.12/site-packages/airflow/example_dags/example_sla_dag.py
[2026-04-12T11:27:12.126+0000] {logging_mixin.py:190} INFO - [2026-04-12T11:27:12.126+0000] {dag.py:3239} INFO - Sync 1 DAGs
[2026-04-12T11:27:12.143+0000] {logging_mixin.py:190} INFO - [2026-04-12T11:27:12.142+0000] {dag.py:4180} INFO - Setting next_dagrun for example_sla_dag to 2026-04-12 11:24:00+00:00, run_after=2026-04-12 11:26:00+00:00
[2026-04-12T11:27:12.153+0000] {processor.py:208} INFO - Processing /home/airflow/.local/lib/python3.12/site-packages/airflow/example_dags/example_sla_dag.py took 0.061 seconds
[2026-04-12T11:29:48.341+0000] {processor.py:186} INFO - Started process (PID=8656) to work on /home/airflow/.local/lib/python3.12/site-packages/airflow/example_dags/example_sla_dag.py
[2026-04-12T11:29:48.341+0000] {processor.py:914} INFO - Processing file /home/airflow/.local/lib/python3.12/site-packages/airflow/example_dags/example_sla_dag.py for tasks to queue
[2026-04-12T11:29:48.343+0000] {logging_mixin.py:190} INFO - [2026-04-12T11:29:48.343+0000] {dagbag.py:588} INFO - Filling up the DagBag from /home/airflow/.local/lib/python3.12/site-packages/airflow/example_dags/example_sla_dag.py
[2026-04-12T11:29:48.350+0000] {processor.py:925} INFO - DAG(s) 'example_sla_dag' retrieved from /home/airflow/.local/lib/python3.12/site-packages/airflow/example_dags/example_sla_dag.py
[2026-04-12T11:29:48.367+0000] {logging_mixin.py:190} INFO - [2026-04-12T11:29:48.367+0000] {dag.py:3239} INFO - Sync 1 DAGs
[2026-04-12T11:29:48.385+0000] {logging_mixin.py:190} INFO - [2026-04-12T11:29:48.385+0000] {dag.py:4180} INFO - Setting next_dagrun for example_sla_dag to 2026-04-12 11:26:00+00:00, run_after=2026-04-12 11:28:00+00:00
[2026-04-12T11:29:48.400+0000] {processor.py:208} INFO - Processing /home/airflow/.local/lib/python3.12/site-packages/airflow/example_dags/example_sla_dag.py took 0.063 seconds
[2026-04-12T11:30:19.710+0000] {processor.py:186} INFO - Started process (PID=8954) to work on /home/airflow/.local/lib/python3.12/site-packages/airflow/example_dags/example_sla_dag.py
[2026-04-12T11:30:19.712+0000] {processor.py:914} INFO - Processing file /home/airflow/.local/lib/python3.12/site-packages/airflow/example_dags/example_sla_dag.py for tasks to queue
[2026-04-12T11:30:19.713+0000] {logging_mixin.py:190} INFO - [2026-04-12T11:30:19.713+0000] {dagbag.py:588} INFO - Filling up the DagBag from /home/airflow/.local/lib/python3.12/site-packages/airflow/example_dags/example_sla_dag.py
[2026-04-12T11:30:19.720+0000] {processor.py:925} INFO - DAG(s) 'example_sla_dag' retrieved from /home/airflow/.local/lib/python3.12/site-packages/airflow/example_dags/example_sla_dag.py
[2026-04-12T11:30:19.735+0000] {logging_mixin.py:190} INFO - [2026-04-12T11:30:19.735+0000] {dag.py:3239} INFO - Sync 1 DAGs
[2026-04-12T11:30:19.754+0000] {logging_mixin.py:190} INFO - [2026-04-12T11:30:19.754+0000] {dag.py:4180} INFO - Setting next_dagrun for example_sla_dag to 2026-04-12 11:28:00+00:00, run_after=2026-04-12 11:30:00+00:00
[2026-04-12T11:30:19.770+0000] {processor.py:208} INFO - Processing /home/airflow/.local/lib/python3.12/site-packages/airflow/example_dags/example_sla_dag.py took 0.064 seconds
[2026-04-12T11:30:51.141+0000] {processor.py:186} INFO - Started process (PID=9249) to work on /home/airflow/.local/lib/python3.12/site-packages/airflow/example_dags/example_sla_dag.py
[2026-04-12T11:30:51.142+0000] {processor.py:914} INFO - Processing file /home/airflow/.local/lib/python3.12/site-packages/airflow/example_dags/example_sla_dag.py for tasks to queue
[2026-04-12T11:30:51.143+0000] {logging_mixin.py:190} INFO - [2026-04-12T11:30:51.143+0000] {dagbag.py:588} INFO - Filling up the DagBag from /home/airflow/.local/lib/python3.12/site-packages/airflow/example_dags/example_sla_dag.py
[2026-04-12T11:30:51.151+0000] {processor.py:925} INFO - DAG(s) 'example_sla_dag' retrieved from /home/airflow/.local/lib/python3.12/site-packages/airflow/example_dags/example_sla_dag.py
[2026-04-12T11:30:51.167+0000] {logging_mixin.py:190} INFO - [2026-04-12T11:30:51.167+0000] {dag.py:3239} INFO - Sync 1 DAGs
[2026-04-12T11:30:51.189+0000] {logging_mixin.py:190} INFO - [2026-04-12T11:30:51.188+0000] {dag.py:4180} INFO - Setting next_dagrun for example_sla_dag to 2026-04-12 11:28:00+00:00, run_after=2026-04-12 11:30:00+00:00
[2026-04-12T11:30:51.199+0000] {processor.py:208} INFO - Processing /home/airflow/.local/lib/python3.12/site-packages/airflow/example_dags/example_sla_dag.py took 0.063 seconds
[2026-04-12T11:31:22.303+0000] {processor.py:186} INFO - Started process (PID=9545) to work on /home/airflow/.local/lib/python3.12/site-packages/airflow/example_dags/example_sla_dag.py
[2026-04-12T11:31:22.303+0000] {processor.py:914} INFO - Processing file /home/airflow/.local/lib/python3.12/site-packages/airflow/example_dags/example_sla_dag.py for tasks to queue
[2026-04-12T11:31:22.305+0000] {logging_mixin.py:190} INFO - [2026-04-12T11:31:22.305+0000] {dagbag.py:588} INFO - Filling up the DagBag from /home/airflow/.local/lib/python3.12/site-packages/airflow/example_dags/example_sla_dag.py
[2026-04-12T11:31:22.311+0000] {processor.py:925} INFO - DAG(s) 'example_sla_dag' retrieved from /home/airflow/.local/lib/python3.12/site-packages/airflow/example_dags/example_sla_dag.py
[2026-04-12T11:31:22.323+0000] {logging_mixin.py:190} INFO - [2026-04-12T11:31:22.323+0000] {dag.py:3239} INFO - Sync 1 DAGs
[2026-04-12T11:31:22.338+0000] {logging_mixin.py:190} INFO - [2026-04-12T11:31:22.338+0000] {dag.py:4180} INFO - Setting next_dagrun for example_sla_dag to 2026-04-12 11:28:00+00:00, run_after=2026-04-12 11:30:00+00:00
[2026-04-12T11:31:22.348+0000] {processor.py:208} INFO - Processing /home/airflow/.local/lib/python3.12/site-packages/airflow/example_dags/example_sla_dag.py took 0.049 seconds
[2026-04-12T11:31:53.529+0000] {processor.py:186} INFO - Started process (PID=9839) to work on /home/airflow/.local/lib/python3.12/site-packages/airflow/example_dags/example_sla_dag.py
[2026-04-12T11:31:53.530+0000] {processor.py:914} INFO - Processing file /home/airflow/.local/lib/python3.12/site-packages/airflow/example_dags/example_sla_dag.py for tasks to queue
[2026-04-12T11:31:53.531+0000] {logging_mixin.py:190} INFO - [2026-04-12T11:31:53.531+0000] {dagbag.py:588} INFO - Filling up the DagBag from /home/airflow/.local/lib/python3.12/site-packages/airflow/example_dags/example_sla_dag.py
[2026-04-12T11:31:53.538+0000] {processor.py:925} INFO - DAG(s) 'example_sla_dag' retrieved from /home/airflow/.local/lib/python3.12/site-packages/airflow/example_dags/example_sla_dag.py
[2026-04-12T11:31:53.550+0000] {logging_mixin.py:190} INFO - [2026-04-12T11:31:53.550+0000] {dag.py:3239} INFO - Sync 1 DAGs
[2026-04-12T11:31:53.566+0000] {logging_mixin.py:190} INFO - [2026-04-12T11:31:53.566+0000] {dag.py:4180} INFO - Setting next_dagrun for example_sla_dag to 2026-04-12 11:28:00+00:00, run_after=2026-04-12 11:30:00+00:00
[2026-04-12T11:31:53.576+0000] {processor.py:208} INFO - Processing /home/airflow/.local/lib/python3.12/site-packages/airflow/example_dags/example_sla_dag.py took 0.051 seconds
[2026-04-12T11:32:25.716+0000] {processor.py:186} INFO - Started process (PID=10141) to work on /home/airflow/.local/lib/python3.12/site-packages/airflow/example_dags/example_sla_dag.py
[2026-04-12T11:32:25.722+0000] {processor.py:914} INFO - Processing file /home/airflow/.local/lib/python3.12/site-packages/airflow/example_dags/example_sla_dag.py for tasks to queue
[2026-04-12T11:32:25.725+0000] {logging_mixin.py:190} INFO - [2026-04-12T11:32:25.724+0000] {dagbag.py:588} INFO - Filling up the DagBag from /home/airflow/.local/lib/python3.12/site-packages/airflow/example_dags/example_sla_dag.py
[2026-04-12T11:32:25.739+0000] {processor.py:925} INFO - DAG(s) 'example_sla_dag' retrieved from /home/airflow/.local/lib/python3.12/site-packages/airflow/example_dags/example_sla_dag.py
[2026-04-12T11:32:25.757+0000] {logging_mixin.py:190} INFO - [2026-04-12T11:32:25.757+0000] {dag.py:3239} INFO - Sync 1 DAGs
[2026-04-12T11:32:25.776+0000] {logging_mixin.py:190} INFO - [2026-04-12T11:32:25.776+0000] {dag.py:4180} INFO - Setting next_dagrun for example_sla_dag to 2026-04-12 11:30:00+00:00, run_after=2026-04-12 11:32:00+00:00
[2026-04-12T11:32:25.791+0000] {processor.py:208} INFO - Processing /home/airflow/.local/lib/python3.12/site-packages/airflow/example_dags/example_sla_dag.py took 0.080 seconds
[2026-04-12T11:32:56.738+0000] {processor.py:186} INFO - Started process (PID=10437) to work on /home/airflow/.local/lib/python3.12/site-packages/airflow/example_dags/example_sla_dag.py
[2026-04-12T11:32:56.739+0000] {processor.py:914} INFO - Processing file /home/airflow/.local/lib/python3.12/site-packages/airflow/example_dags/example_sla_dag.py for tasks to queue
[2026-04-12T11:32:56.740+0000] {logging_mixin.py:190} INFO - [2026-04-12T11:32:56.740+0000] {dagbag.py:588} INFO - Filling up the DagBag from /home/airflow/.local/lib/python3.12/site-packages/airflow/example_dags/example_sla_dag.py
[2026-04-12T11:32:56.747+0000] {processor.py:925} INFO - DAG(s) 'example_sla_dag' retrieved from /home/airflow/.local/lib/python3.12/site-packages/airflow/example_dags/example_sla_dag.py
[2026-04-12T11:32:56.767+0000] {logging_mixin.py:190} INFO - [2026-04-12T11:32:56.767+0000] {dag.py:3239} INFO - Sync 1 DAGs
[2026-04-12T11:32:56.786+0000] {logging_mixin.py:190} INFO - [2026-04-12T11:32:56.786+0000] {dag.py:4180} INFO - Setting next_dagrun for example_sla_dag to 2026-04-12 11:30:00+00:00, run_after=2026-04-12 11:32:00+00:00
[2026-04-12T11:32:56.800+0000] {processor.py:208} INFO - Processing /home/airflow/.local/lib/python3.12/site-packages/airflow/example_dags/example_sla_dag.py took 0.066 seconds
[2026-04-12T11:33:27.563+0000] {processor.py:186} INFO - Started process (PID=10732) to work on /home/airflow/.local/lib/python3.12/site-packages/airflow/example_dags/example_sla_dag.py
[2026-04-12T11:33:27.564+0000] {processor.py:914} INFO - Processing file /home/airflow/.local/lib/python3.12/site-packages/airflow/example_dags/example_sla_dag.py for tasks to queue
[2026-04-12T11:33:27.565+0000] {logging_mixin.py:190} INFO - [2026-04-12T11:33:27.565+0000] {dagbag.py:588} INFO - Filling up the DagBag from /home/airflow/.local/lib/python3.12/site-packages/airflow/example_dags/example_sla_dag.py
[2026-04-12T11:33:27.573+0000] {processor.py:925} INFO - DAG(s) 'example_sla_dag' retrieved from /home/airflow/.local/lib/python3.12/site-packages/airflow/example_dags/example_sla_dag.py
[2026-04-12T11:33:27.592+0000] {logging_mixin.py:190} INFO - [2026-04-12T11:33:27.592+0000] {dag.py:3239} INFO - Sync 1 DAGs
[2026-04-12T11:33:27.616+0000] {logging_mixin.py:190} INFO - [2026-04-12T11:33:27.615+0000] {dag.py:4180} INFO - Setting next_dagrun for example_sla_dag to 2026-04-12 11:30:00+00:00, run_after=2026-04-12 11:32:00+00:00
[2026-04-12T11:33:27.626+0000] {processor.py:208} INFO - Processing /home/airflow/.local/lib/python3.12/site-packages/airflow/example_dags/example_sla_dag.py took 0.067 seconds
[2026-04-12T11:33:58.482+0000] {processor.py:186} INFO - Started process (PID=11028) to work on /home/airflow/.local/lib/python3.12/site-packages/airflow/example_dags/example_sla_dag.py
[2026-04-12T11:33:58.483+0000] {processor.py:914} INFO - Processing file /home/airflow/.local/lib/python3.12/site-packages/airflow/example_dags/example_sla_dag.py for tasks to queue
[2026-04-12T11:33:58.485+0000] {logging_mixin.py:190} INFO - [2026-04-12T11:33:58.485+0000] {dagbag.py:588} INFO - Filling up the DagBag from /home/airflow/.local/lib/python3.12/site-packages/airflow/example_dags/example_sla_dag.py
[2026-04-12T11:33:58.494+0000] {processor.py:925} INFO - DAG(s) 'example_sla_dag' retrieved from /home/airflow/.local/lib/python3.12/site-packages/airflow/example_dags/example_sla_dag.py
[2026-04-12T11:33:58.509+0000] {logging_mixin.py:190} INFO - [2026-04-12T11:33:58.509+0000] {dag.py:3239} INFO - Sync 1 DAGs
[2026-04-12T11:33:58.528+0000] {logging_mixin.py:190} INFO - [2026-04-12T11:33:58.527+0000] {dag.py:4180} INFO - Setting next_dagrun for example_sla_dag to 2026-04-12 11:30:00+00:00, run_after=2026-04-12 11:32:00+00:00
[2026-04-12T11:33:58.541+0000] {processor.py:208} INFO - Processing /home/airflow/.local/lib/python3.12/site-packages/airflow/example_dags/example_sla_dag.py took 0.063 seconds
[2026-04-12T11:34:29.591+0000] {processor.py:186} INFO - Started process (PID=11324) to work on /home/airflow/.local/lib/python3.12/site-packages/airflow/example_dags/example_sla_dag.py
[2026-04-12T11:34:29.592+0000] {processor.py:914} INFO - Processing file /home/airflow/.local/lib/python3.12/site-packages/airflow/example_dags/example_sla_dag.py for tasks to queue
[2026-04-12T11:34:29.593+0000] {logging_mixin.py:190} INFO - [2026-04-12T11:34:29.593+0000] {dagbag.py:588} INFO - Filling up the DagBag from /home/airflow/.local/lib/python3.12/site-packages/airflow/example_dags/example_sla_dag.py
[2026-04-12T11:34:29.600+0000] {processor.py:925} INFO - DAG(s) 'example_sla_dag' retrieved from /home/airflow/.local/lib/python3.12/site-packages/airflow/example_dags/example_sla_dag.py
[2026-04-12T11:34:29.612+0000] {logging_mixin.py:190} INFO - [2026-04-12T11:34:29.612+0000] {dag.py:3239} INFO - Sync 1 DAGs
[2026-04-12T11:34:29.627+0000] {logging_mixin.py:190} INFO - [2026-04-12T11:34:29.627+0000] {dag.py:4180} INFO - Setting next_dagrun for example_sla_dag to 2026-04-12 11:32:00+00:00, run_after=2026-04-12 11:34:00+00:00
[2026-04-12T11:34:29.640+0000] {processor.py:208} INFO - Processing /home/airflow/.local/lib/python3.12/site-packages/airflow/example_dags/example_sla_dag.py took 0.053 seconds
[2026-04-12T11:35:00.194+0000] {processor.py:186} INFO - Started process (PID=11621) to work on /home/airflow/.local/lib/python3.12/site-packages/airflow/example_dags/example_sla_dag.py
[2026-04-12T11:35:00.195+0000] {processor.py:914} INFO - Processing file /home/airflow/.local/lib/python3.12/site-packages/airflow/example_dags/example_sla_dag.py for tasks to queue
[2026-04-12T11:35:00.196+0000] {logging_mixin.py:190} INFO - [2026-04-12T11:35:00.196+0000] {dagbag.py:588} INFO - Filling up the DagBag from /home/airflow/.local/lib/python3.12/site-packages/airflow/example_dags/example_sla_dag.py
[2026-04-12T11:35:00.202+0000] {processor.py:925} INFO - DAG(s) 'example_sla_dag' retrieved from /home/airflow/.local/lib/python3.12/site-packages/airflow/example_dags/example_sla_dag.py
[2026-04-12T11:35:00.214+0000] {logging_mixin.py:190} INFO - [2026-04-12T11:35:00.214+0000] {dag.py:3239} INFO - Sync 1 DAGs
[2026-04-12T11:35:00.229+0000] {logging_mixin.py:190} INFO - [2026-04-12T11:35:00.229+0000] {dag.py:4180} INFO - Setting next_dagrun for example_sla_dag to 2026-04-12 11:32:00+00:00, run_after=2026-04-12 11:34:00+00:00
[2026-04-12T11:35:00.239+0000] {processor.py:208} INFO - Processing /home/airflow/.local/lib/python3.12/site-packages/airflow/example_dags/example_sla_dag.py took 0.049 seconds
