[2026-04-12T11:12:32.051+0000] {processor.py:186} INFO - Started process (PID=316) to work on /home/airflow/.local/lib/python3.12/site-packages/airflow/example_dags/example_latest_only.py
[2026-04-12T11:12:32.052+0000] {processor.py:914} INFO - Processing file /home/airflow/.local/lib/python3.12/site-packages/airflow/example_dags/example_latest_only.py for tasks to queue
[2026-04-12T11:12:32.054+0000] {logging_mixin.py:190} INFO - [2026-04-12T11:12:32.054+0000] {dagbag.py:588} INFO - Filling up the DagBag from /home/airflow/.local/lib/python3.12/site-packages/airflow/example_dags/example_latest_only.py
[2026-04-12T11:12:32.060+0000] {processor.py:925} INFO - DAG(s) 'latest_only' retrieved from /home/airflow/.local/lib/python3.12/site-packages/airflow/example_dags/example_latest_only.py
[2026-04-12T11:12:32.220+0000] {logging_mixin.py:190} INFO - [2026-04-12T11:12:32.219+0000] {override.py:1912} INFO - Created Permission View: can edit on DAG:latest_only
[2026-04-12T11:12:32.234+0000] {logging_mixin.py:190} INFO - [2026-04-12T11:12:32.234+0000] {override.py:1912} INFO - Created Permission View: can delete on DAG:latest_only
[2026-04-12T11:12:32.242+0000] {logging_mixin.py:190} INFO - [2026-04-12T11:12:32.241+0000] {override.py:1912} INFO - Created Permission View: can read on DAG:latest_only
[2026-04-12T11:12:32.259+0000] {logging_mixin.py:190} INFO - [2026-04-12T11:12:32.254+0000] {override.py:1912} INFO - Created Permission View: can delete on DAG Run:latest_only
[2026-04-12T11:12:32.275+0000] {logging_mixin.py:190} INFO - [2026-04-12T11:12:32.274+0000] {override.py:1912} INFO - Created Permission View: can create on DAG Run:latest_only
[2026-04-12T11:12:32.287+0000] {logging_mixin.py:190} INFO - [2026-04-12T11:12:32.286+0000] {override.py:1912} INFO - Created Permission View: can read on DAG Run:latest_only
[2026-04-12T11:12:32.297+0000] {logging_mixin.py:190} INFO - [2026-04-12T11:12:32.296+0000] {override.py:1912} INFO - Created Permission View: menu access on DAG Run:latest_only
[2026-04-12T11:12:32.298+0000] {logging_mixin.py:190} INFO - [2026-04-12T11:12:32.297+0000] {dag.py:3239} INFO - Sync 1 DAGs
[2026-04-12T11:12:32.326+0000] {logging_mixin.py:190} INFO - [2026-04-12T11:12:32.326+0000] {dag.py:3262} INFO - Creating ORM DAG for latest_only
[2026-04-12T11:12:32.346+0000] {logging_mixin.py:190} INFO - [2026-04-12T11:12:32.346+0000] {dag.py:4180} INFO - Setting next_dagrun for latest_only to 2026-04-12 04:00:00+00:00, run_after=2026-04-12 08:00:00+00:00
[2026-04-12T11:12:32.369+0000] {processor.py:208} INFO - Processing /home/airflow/.local/lib/python3.12/site-packages/airflow/example_dags/example_latest_only.py took 0.322 seconds
[2026-04-12T11:13:02.623+0000] {processor.py:186} INFO - Started process (PID=611) to work on /home/airflow/.local/lib/python3.12/site-packages/airflow/example_dags/example_latest_only.py
[2026-04-12T11:13:02.627+0000] {processor.py:914} INFO - Processing file /home/airflow/.local/lib/python3.12/site-packages/airflow/example_dags/example_latest_only.py for tasks to queue
[2026-04-12T11:13:02.629+0000] {logging_mixin.py:190} INFO - [2026-04-12T11:13:02.629+0000] {dagbag.py:588} INFO - Filling up the DagBag from /home/airflow/.local/lib/python3.12/site-packages/airflow/example_dags/example_latest_only.py
[2026-04-12T11:13:02.638+0000] {processor.py:925} INFO - DAG(s) 'latest_only' retrieved from /home/airflow/.local/lib/python3.12/site-packages/airflow/example_dags/example_latest_only.py
[2026-04-12T11:13:02.655+0000] {logging_mixin.py:190} INFO - [2026-04-12T11:13:02.655+0000] {dag.py:3239} INFO - Sync 1 DAGs
[2026-04-12T11:13:02.670+0000] {logging_mixin.py:190} INFO - [2026-04-12T11:13:02.670+0000] {dag.py:4180} INFO - Setting next_dagrun for latest_only to 2026-04-12 04:00:00+00:00, run_after=2026-04-12 08:00:00+00:00
[2026-04-12T11:13:02.690+0000] {processor.py:208} INFO - Processing /home/airflow/.local/lib/python3.12/site-packages/airflow/example_dags/example_latest_only.py took 0.071 seconds
[2026-04-12T11:13:33.083+0000] {processor.py:186} INFO - Started process (PID=910) to work on /home/airflow/.local/lib/python3.12/site-packages/airflow/example_dags/example_latest_only.py
[2026-04-12T11:13:33.084+0000] {processor.py:914} INFO - Processing file /home/airflow/.local/lib/python3.12/site-packages/airflow/example_dags/example_latest_only.py for tasks to queue
[2026-04-12T11:13:33.085+0000] {logging_mixin.py:190} INFO - [2026-04-12T11:13:33.085+0000] {dagbag.py:588} INFO - Filling up the DagBag from /home/airflow/.local/lib/python3.12/site-packages/airflow/example_dags/example_latest_only.py
[2026-04-12T11:13:33.091+0000] {processor.py:925} INFO - DAG(s) 'latest_only' retrieved from /home/airflow/.local/lib/python3.12/site-packages/airflow/example_dags/example_latest_only.py
[2026-04-12T11:13:33.104+0000] {logging_mixin.py:190} INFO - [2026-04-12T11:13:33.104+0000] {dag.py:3239} INFO - Sync 1 DAGs
[2026-04-12T11:13:33.120+0000] {logging_mixin.py:190} INFO - [2026-04-12T11:13:33.120+0000] {dag.py:4180} INFO - Setting next_dagrun for latest_only to 2026-04-12 04:00:00+00:00, run_after=2026-04-12 08:00:00+00:00
[2026-04-12T11:13:33.134+0000] {processor.py:208} INFO - Processing /home/airflow/.local/lib/python3.12/site-packages/airflow/example_dags/example_latest_only.py took 0.055 seconds
[2026-04-12T11:14:03.920+0000] {processor.py:186} INFO - Started process (PID=1204) to work on /home/airflow/.local/lib/python3.12/site-packages/airflow/example_dags/example_latest_only.py
[2026-04-12T11:14:03.924+0000] {processor.py:914} INFO - Processing file /home/airflow/.local/lib/python3.12/site-packages/airflow/example_dags/example_latest_only.py for tasks to queue
[2026-04-12T11:14:03.927+0000] {logging_mixin.py:190} INFO - [2026-04-12T11:14:03.927+0000] {dagbag.py:588} INFO - Filling up the DagBag from /home/airflow/.local/lib/python3.12/site-packages/airflow/example_dags/example_latest_only.py
[2026-04-12T11:14:03.936+0000] {processor.py:925} INFO - DAG(s) 'latest_only' retrieved from /home/airflow/.local/lib/python3.12/site-packages/airflow/example_dags/example_latest_only.py
[2026-04-12T11:14:03.972+0000] {logging_mixin.py:190} INFO - [2026-04-12T11:14:03.971+0000] {dag.py:3239} INFO - Sync 1 DAGs
[2026-04-12T11:14:04.021+0000] {logging_mixin.py:190} INFO - [2026-04-12T11:14:04.020+0000] {dag.py:4180} INFO - Setting next_dagrun for latest_only to 2026-04-12 04:00:00+00:00, run_after=2026-04-12 08:00:00+00:00
[2026-04-12T11:14:04.044+0000] {processor.py:208} INFO - Processing /home/airflow/.local/lib/python3.12/site-packages/airflow/example_dags/example_latest_only.py took 0.130 seconds
[2026-04-12T11:14:34.810+0000] {processor.py:186} INFO - Started process (PID=1502) to work on /home/airflow/.local/lib/python3.12/site-packages/airflow/example_dags/example_latest_only.py
[2026-04-12T11:14:34.811+0000] {processor.py:914} INFO - Processing file /home/airflow/.local/lib/python3.12/site-packages/airflow/example_dags/example_latest_only.py for tasks to queue
[2026-04-12T11:14:34.814+0000] {logging_mixin.py:190} INFO - [2026-04-12T11:14:34.813+0000] {dagbag.py:588} INFO - Filling up the DagBag from /home/airflow/.local/lib/python3.12/site-packages/airflow/example_dags/example_latest_only.py
[2026-04-12T11:14:34.822+0000] {processor.py:925} INFO - DAG(s) 'latest_only' retrieved from /home/airflow/.local/lib/python3.12/site-packages/airflow/example_dags/example_latest_only.py
[2026-04-12T11:14:34.849+0000] {logging_mixin.py:190} INFO - [2026-04-12T11:14:34.848+0000] {dag.py:3239} INFO - Sync 1 DAGs
[2026-04-12T11:14:34.884+0000] {logging_mixin.py:190} INFO - [2026-04-12T11:14:34.883+0000] {dag.py:4180} INFO - Setting next_dagrun for latest_only to 2026-04-12 04:00:00+00:00, run_after=2026-04-12 08:00:00+00:00
[2026-04-12T11:14:34.908+0000] {processor.py:208} INFO - Processing /home/airflow/.local/lib/python3.12/site-packages/airflow/example_dags/example_latest_only.py took 0.105 seconds
[2026-04-12T11:15:05.030+0000] {processor.py:186} INFO - Started process (PID=1799) to work on /home/airflow/.local/lib/python3.12/site-packages/airflow/example_dags/example_latest_only.py
[2026-04-12T11:15:05.031+0000] {processor.py:914} INFO - Processing file /home/airflow/.local/lib/python3.12/site-packages/airflow/example_dags/example_latest_only.py for tasks to queue
[2026-04-12T11:15:05.032+0000] {logging_mixin.py:190} INFO - [2026-04-12T11:15:05.032+0000] {dagbag.py:588} INFO - Filling up the DagBag from /home/airflow/.local/lib/python3.12/site-packages/airflow/example_dags/example_latest_only.py
[2026-04-12T11:15:05.037+0000] {processor.py:925} INFO - DAG(s) 'latest_only' retrieved from /home/airflow/.local/lib/python3.12/site-packages/airflow/example_dags/example_latest_only.py
[2026-04-12T11:15:05.050+0000] {logging_mixin.py:190} INFO - [2026-04-12T11:15:05.050+0000] {dag.py:3239} INFO - Sync 1 DAGs
[2026-04-12T11:15:05.065+0000] {logging_mixin.py:190} INFO - [2026-04-12T11:15:05.065+0000] {dag.py:4180} INFO - Setting next_dagrun for latest_only to 2026-04-12 04:00:00+00:00, run_after=2026-04-12 08:00:00+00:00
[2026-04-12T11:15:05.077+0000] {processor.py:208} INFO - Processing /home/airflow/.local/lib/python3.12/site-packages/airflow/example_dags/example_latest_only.py took 0.052 seconds
[2026-04-12T11:15:35.490+0000] {processor.py:186} INFO - Started process (PID=2093) to work on /home/airflow/.local/lib/python3.12/site-packages/airflow/example_dags/example_latest_only.py
[2026-04-12T11:15:35.494+0000] {processor.py:914} INFO - Processing file /home/airflow/.local/lib/python3.12/site-packages/airflow/example_dags/example_latest_only.py for tasks to queue
[2026-04-12T11:15:35.499+0000] {logging_mixin.py:190} INFO - [2026-04-12T11:15:35.499+0000] {dagbag.py:588} INFO - Filling up the DagBag from /home/airflow/.local/lib/python3.12/site-packages/airflow/example_dags/example_latest_only.py
[2026-04-12T11:15:35.508+0000] {processor.py:925} INFO - DAG(s) 'latest_only' retrieved from /home/airflow/.local/lib/python3.12/site-packages/airflow/example_dags/example_latest_only.py
[2026-04-12T11:15:35.540+0000] {logging_mixin.py:190} INFO - [2026-04-12T11:15:35.540+0000] {dag.py:3239} INFO - Sync 1 DAGs
[2026-04-12T11:15:35.603+0000] {logging_mixin.py:190} INFO - [2026-04-12T11:15:35.602+0000] {dag.py:4180} INFO - Setting next_dagrun for latest_only to 2026-04-12 04:00:00+00:00, run_after=2026-04-12 08:00:00+00:00
[2026-04-12T11:15:35.629+0000] {processor.py:208} INFO - Processing /home/airflow/.local/lib/python3.12/site-packages/airflow/example_dags/example_latest_only.py took 0.159 seconds
[2026-04-12T11:16:05.773+0000] {processor.py:186} INFO - Started process (PID=2389) to work on /home/airflow/.local/lib/python3.12/site-packages/airflow/example_dags/example_latest_only.py
[2026-04-12T11:16:05.776+0000] {processor.py:914} INFO - Processing file /home/airflow/.local/lib/python3.12/site-packages/airflow/example_dags/example_latest_only.py for tasks to queue
[2026-04-12T11:16:05.778+0000] {logging_mixin.py:190} INFO - [2026-04-12T11:16:05.777+0000] {dagbag.py:588} INFO - Filling up the DagBag from /home/airflow/.local/lib/python3.12/site-packages/airflow/example_dags/example_latest_only.py
[2026-04-12T11:16:05.783+0000] {processor.py:925} INFO - DAG(s) 'latest_only' retrieved from /home/airflow/.local/lib/python3.12/site-packages/airflow/example_dags/example_latest_only.py
[2026-04-12T11:16:05.797+0000] {logging_mixin.py:190} INFO - [2026-04-12T11:16:05.797+0000] {dag.py:3239} INFO - Sync 1 DAGs
[2026-04-12T11:16:05.814+0000] {logging_mixin.py:190} INFO - [2026-04-12T11:16:05.814+0000] {dag.py:4180} INFO - Setting next_dagrun for latest_only to 2026-04-12 04:00:00+00:00, run_after=2026-04-12 08:00:00+00:00
[2026-04-12T11:16:05.835+0000] {processor.py:208} INFO - Processing /home/airflow/.local/lib/python3.12/site-packages/airflow/example_dags/example_latest_only.py took 0.066 seconds
[2026-04-12T11:16:35.922+0000] {processor.py:186} INFO - Started process (PID=2687) to work on /home/airflow/.local/lib/python3.12/site-packages/airflow/example_dags/example_latest_only.py
[2026-04-12T11:16:35.923+0000] {processor.py:914} INFO - Processing file /home/airflow/.local/lib/python3.12/site-packages/airflow/example_dags/example_latest_only.py for tasks to queue
[2026-04-12T11:16:35.925+0000] {logging_mixin.py:190} INFO - [2026-04-12T11:16:35.924+0000] {dagbag.py:588} INFO - Filling up the DagBag from /home/airflow/.local/lib/python3.12/site-packages/airflow/example_dags/example_latest_only.py
[2026-04-12T11:16:35.929+0000] {processor.py:925} INFO - DAG(s) 'latest_only' retrieved from /home/airflow/.local/lib/python3.12/site-packages/airflow/example_dags/example_latest_only.py
[2026-04-12T11:16:35.941+0000] {logging_mixin.py:190} INFO - [2026-04-12T11:16:35.941+0000] {dag.py:3239} INFO - Sync 1 DAGs
[2026-04-12T11:16:35.955+0000] {logging_mixin.py:190} INFO - [2026-04-12T11:16:35.954+0000] {dag.py:4180} INFO - Setting next_dagrun for latest_only to 2026-04-12 04:00:00+00:00, run_after=2026-04-12 08:00:00+00:00
[2026-04-12T11:16:35.965+0000] {processor.py:208} INFO - Processing /home/airflow/.local/lib/python3.12/site-packages/airflow/example_dags/example_latest_only.py took 0.047 seconds
[2026-04-12T11:17:06.943+0000] {processor.py:186} INFO - Started process (PID=2993) to work on /home/airflow/.local/lib/python3.12/site-packages/airflow/example_dags/example_latest_only.py
[2026-04-12T11:17:06.945+0000] {processor.py:914} INFO - Processing file /home/airflow/.local/lib/python3.12/site-packages/airflow/example_dags/example_latest_only.py for tasks to queue
[2026-04-12T11:17:06.946+0000] {logging_mixin.py:190} INFO - [2026-04-12T11:17:06.946+0000] {dagbag.py:588} INFO - Filling up the DagBag from /home/airflow/.local/lib/python3.12/site-packages/airflow/example_dags/example_latest_only.py
[2026-04-12T11:17:06.951+0000] {processor.py:925} INFO - DAG(s) 'latest_only' retrieved from /home/airflow/.local/lib/python3.12/site-packages/airflow/example_dags/example_latest_only.py
[2026-04-12T11:17:06.968+0000] {logging_mixin.py:190} INFO - [2026-04-12T11:17:06.968+0000] {dag.py:3239} INFO - Sync 1 DAGs
[2026-04-12T11:17:06.985+0000] {logging_mixin.py:190} INFO - [2026-04-12T11:17:06.985+0000] {dag.py:4180} INFO - Setting next_dagrun for latest_only to 2026-04-12 04:00:00+00:00, run_after=2026-04-12 08:00:00+00:00
[2026-04-12T11:17:06.996+0000] {processor.py:208} INFO - Processing /home/airflow/.local/lib/python3.12/site-packages/airflow/example_dags/example_latest_only.py took 0.057 seconds
[2026-04-12T11:17:37.837+0000] {processor.py:186} INFO - Started process (PID=3289) to work on /home/airflow/.local/lib/python3.12/site-packages/airflow/example_dags/example_latest_only.py
[2026-04-12T11:17:37.839+0000] {processor.py:914} INFO - Processing file /home/airflow/.local/lib/python3.12/site-packages/airflow/example_dags/example_latest_only.py for tasks to queue
[2026-04-12T11:17:37.842+0000] {logging_mixin.py:190} INFO - [2026-04-12T11:17:37.841+0000] {dagbag.py:588} INFO - Filling up the DagBag from /home/airflow/.local/lib/python3.12/site-packages/airflow/example_dags/example_latest_only.py
[2026-04-12T11:17:37.846+0000] {processor.py:925} INFO - DAG(s) 'latest_only' retrieved from /home/airflow/.local/lib/python3.12/site-packages/airflow/example_dags/example_latest_only.py
[2026-04-12T11:17:37.859+0000] {logging_mixin.py:190} INFO - [2026-04-12T11:17:37.859+0000] {dag.py:3239} INFO - Sync 1 DAGs
[2026-04-12T11:17:37.876+0000] {logging_mixin.py:190} INFO - [2026-04-12T11:17:37.875+0000] {dag.py:4180} INFO - Setting next_dagrun for latest_only to 2026-04-12 04:00:00+00:00, run_after=2026-04-12 08:00:00+00:00
[2026-04-12T11:17:37.887+0000] {processor.py:208} INFO - Processing /home/airflow/.local/lib/python3.12/site-packages/airflow/example_dags/example_latest_only.py took 0.056 seconds
[2026-04-12T11:18:08.508+0000] {processor.py:186} INFO - Started process (PID=3593) to work on /home/airflow/.local/lib/python3.12/site-packages/airflow/example_dags/example_latest_only.py
[2026-04-12T11:18:08.510+0000] {processor.py:914} INFO - Processing file /home/airflow/.local/lib/python3.12/site-packages/airflow/example_dags/example_latest_only.py for tasks to queue
[2026-04-12T11:18:08.511+0000] {logging_mixin.py:190} INFO - [2026-04-12T11:18:08.511+0000] {dagbag.py:588} INFO - Filling up the DagBag from /home/airflow/.local/lib/python3.12/site-packages/airflow/example_dags/example_latest_only.py
[2026-04-12T11:18:08.517+0000] {processor.py:925} INFO - DAG(s) 'latest_only' retrieved from /home/airflow/.local/lib/python3.12/site-packages/airflow/example_dags/example_latest_only.py
[2026-04-12T11:18:08.534+0000] {logging_mixin.py:190} INFO - [2026-04-12T11:18:08.534+0000] {dag.py:3239} INFO - Sync 1 DAGs
[2026-04-12T11:18:08.553+0000] {logging_mixin.py:190} INFO - [2026-04-12T11:18:08.553+0000] {dag.py:4180} INFO - Setting next_dagrun for latest_only to 2026-04-12 04:00:00+00:00, run_after=2026-04-12 08:00:00+00:00
[2026-04-12T11:18:08.569+0000] {processor.py:208} INFO - Processing /home/airflow/.local/lib/python3.12/site-packages/airflow/example_dags/example_latest_only.py took 0.065 seconds
[2026-04-12T11:18:39.011+0000] {processor.py:186} INFO - Started process (PID=3892) to work on /home/airflow/.local/lib/python3.12/site-packages/airflow/example_dags/example_latest_only.py
[2026-04-12T11:18:39.016+0000] {processor.py:914} INFO - Processing file /home/airflow/.local/lib/python3.12/site-packages/airflow/example_dags/example_latest_only.py for tasks to queue
[2026-04-12T11:18:39.017+0000] {logging_mixin.py:190} INFO - [2026-04-12T11:18:39.017+0000] {dagbag.py:588} INFO - Filling up the DagBag from /home/airflow/.local/lib/python3.12/site-packages/airflow/example_dags/example_latest_only.py
[2026-04-12T11:18:39.023+0000] {processor.py:925} INFO - DAG(s) 'latest_only' retrieved from /home/airflow/.local/lib/python3.12/site-packages/airflow/example_dags/example_latest_only.py
[2026-04-12T11:18:39.039+0000] {logging_mixin.py:190} INFO - [2026-04-12T11:18:39.039+0000] {dag.py:3239} INFO - Sync 1 DAGs
[2026-04-12T11:18:39.057+0000] {logging_mixin.py:190} INFO - [2026-04-12T11:18:39.057+0000] {dag.py:4180} INFO - Setting next_dagrun for latest_only to 2026-04-12 04:00:00+00:00, run_after=2026-04-12 08:00:00+00:00
[2026-04-12T11:18:39.077+0000] {processor.py:208} INFO - Processing /home/airflow/.local/lib/python3.12/site-packages/airflow/example_dags/example_latest_only.py took 0.072 seconds
[2026-04-12T11:19:09.345+0000] {processor.py:186} INFO - Started process (PID=4205) to work on /home/airflow/.local/lib/python3.12/site-packages/airflow/example_dags/example_latest_only.py
[2026-04-12T11:19:09.346+0000] {processor.py:914} INFO - Processing file /home/airflow/.local/lib/python3.12/site-packages/airflow/example_dags/example_latest_only.py for tasks to queue
[2026-04-12T11:19:09.347+0000] {logging_mixin.py:190} INFO - [2026-04-12T11:19:09.347+0000] {dagbag.py:588} INFO - Filling up the DagBag from /home/airflow/.local/lib/python3.12/site-packages/airflow/example_dags/example_latest_only.py
[2026-04-12T11:19:09.351+0000] {processor.py:925} INFO - DAG(s) 'latest_only' retrieved from /home/airflow/.local/lib/python3.12/site-packages/airflow/example_dags/example_latest_only.py
[2026-04-12T11:19:09.363+0000] {logging_mixin.py:190} INFO - [2026-04-12T11:19:09.363+0000] {dag.py:3239} INFO - Sync 1 DAGs
[2026-04-12T11:19:09.377+0000] {logging_mixin.py:190} INFO - [2026-04-12T11:19:09.376+0000] {dag.py:4180} INFO - Setting next_dagrun for latest_only to 2026-04-12 04:00:00+00:00, run_after=2026-04-12 08:00:00+00:00
[2026-04-12T11:19:09.386+0000] {processor.py:208} INFO - Processing /home/airflow/.local/lib/python3.12/site-packages/airflow/example_dags/example_latest_only.py took 0.045 seconds
[2026-04-12T11:19:40.199+0000] {processor.py:186} INFO - Started process (PID=4501) to work on /home/airflow/.local/lib/python3.12/site-packages/airflow/example_dags/example_latest_only.py
[2026-04-12T11:19:40.200+0000] {processor.py:914} INFO - Processing file /home/airflow/.local/lib/python3.12/site-packages/airflow/example_dags/example_latest_only.py for tasks to queue
[2026-04-12T11:19:40.201+0000] {logging_mixin.py:190} INFO - [2026-04-12T11:19:40.201+0000] {dagbag.py:588} INFO - Filling up the DagBag from /home/airflow/.local/lib/python3.12/site-packages/airflow/example_dags/example_latest_only.py
[2026-04-12T11:19:40.206+0000] {processor.py:925} INFO - DAG(s) 'latest_only' retrieved from /home/airflow/.local/lib/python3.12/site-packages/airflow/example_dags/example_latest_only.py
[2026-04-12T11:19:40.218+0000] {logging_mixin.py:190} INFO - [2026-04-12T11:19:40.218+0000] {dag.py:3239} INFO - Sync 1 DAGs
[2026-04-12T11:19:40.231+0000] {logging_mixin.py:190} INFO - [2026-04-12T11:19:40.231+0000] {dag.py:4180} INFO - Setting next_dagrun for latest_only to 2026-04-12 04:00:00+00:00, run_after=2026-04-12 08:00:00+00:00
[2026-04-12T11:19:40.241+0000] {processor.py:208} INFO - Processing /home/airflow/.local/lib/python3.12/site-packages/airflow/example_dags/example_latest_only.py took 0.046 seconds
[2026-04-12T11:20:11.110+0000] {processor.py:186} INFO - Started process (PID=4797) to work on /home/airflow/.local/lib/python3.12/site-packages/airflow/example_dags/example_latest_only.py
[2026-04-12T11:20:11.111+0000] {processor.py:914} INFO - Processing file /home/airflow/.local/lib/python3.12/site-packages/airflow/example_dags/example_latest_only.py for tasks to queue
[2026-04-12T11:20:11.113+0000] {logging_mixin.py:190} INFO - [2026-04-12T11:20:11.112+0000] {dagbag.py:588} INFO - Filling up the DagBag from /home/airflow/.local/lib/python3.12/site-packages/airflow/example_dags/example_latest_only.py
[2026-04-12T11:20:11.117+0000] {processor.py:925} INFO - DAG(s) 'latest_only' retrieved from /home/airflow/.local/lib/python3.12/site-packages/airflow/example_dags/example_latest_only.py
[2026-04-12T11:20:11.129+0000] {logging_mixin.py:190} INFO - [2026-04-12T11:20:11.128+0000] {dag.py:3239} INFO - Sync 1 DAGs
[2026-04-12T11:20:11.142+0000] {logging_mixin.py:190} INFO - [2026-04-12T11:20:11.142+0000] {dag.py:4180} INFO - Setting next_dagrun for latest_only to 2026-04-12 04:00:00+00:00, run_after=2026-04-12 08:00:00+00:00
[2026-04-12T11:20:11.152+0000] {processor.py:208} INFO - Processing /home/airflow/.local/lib/python3.12/site-packages/airflow/example_dags/example_latest_only.py took 0.045 seconds
[2026-04-12T11:20:44.158+0000] {processor.py:186} INFO - Started process (PID=5091) to work on /home/airflow/.local/lib/python3.12/site-packages/airflow/example_dags/example_latest_only.py
[2026-04-12T11:20:44.165+0000] {processor.py:914} INFO - Processing file /home/airflow/.local/lib/python3.12/site-packages/airflow/example_dags/example_latest_only.py for tasks to queue
[2026-04-12T11:20:44.173+0000] {logging_mixin.py:190} INFO - [2026-04-12T11:20:44.173+0000] {dagbag.py:588} INFO - Filling up the DagBag from /home/airflow/.local/lib/python3.12/site-packages/airflow/example_dags/example_latest_only.py
[2026-04-12T11:20:44.187+0000] {processor.py:925} INFO - DAG(s) 'latest_only' retrieved from /home/airflow/.local/lib/python3.12/site-packages/airflow/example_dags/example_latest_only.py
[2026-04-12T11:20:44.230+0000] {logging_mixin.py:190} INFO - [2026-04-12T11:20:44.229+0000] {dag.py:3239} INFO - Sync 1 DAGs
[2026-04-12T11:20:44.264+0000] {logging_mixin.py:190} INFO - [2026-04-12T11:20:44.264+0000] {dag.py:4180} INFO - Setting next_dagrun for latest_only to 2026-04-12 04:00:00+00:00, run_after=2026-04-12 08:00:00+00:00
[2026-04-12T11:20:44.286+0000] {processor.py:208} INFO - Processing /home/airflow/.local/lib/python3.12/site-packages/airflow/example_dags/example_latest_only.py took 0.143 seconds
[2026-04-12T11:21:14.883+0000] {processor.py:186} INFO - Started process (PID=5387) to work on /home/airflow/.local/lib/python3.12/site-packages/airflow/example_dags/example_latest_only.py
[2026-04-12T11:21:14.884+0000] {processor.py:914} INFO - Processing file /home/airflow/.local/lib/python3.12/site-packages/airflow/example_dags/example_latest_only.py for tasks to queue
[2026-04-12T11:21:14.885+0000] {logging_mixin.py:190} INFO - [2026-04-12T11:21:14.885+0000] {dagbag.py:588} INFO - Filling up the DagBag from /home/airflow/.local/lib/python3.12/site-packages/airflow/example_dags/example_latest_only.py
[2026-04-12T11:21:14.890+0000] {processor.py:925} INFO - DAG(s) 'latest_only' retrieved from /home/airflow/.local/lib/python3.12/site-packages/airflow/example_dags/example_latest_only.py
[2026-04-12T11:21:14.903+0000] {logging_mixin.py:190} INFO - [2026-04-12T11:21:14.903+0000] {dag.py:3239} INFO - Sync 1 DAGs
[2026-04-12T11:21:14.922+0000] {logging_mixin.py:190} INFO - [2026-04-12T11:21:14.922+0000] {dag.py:4180} INFO - Setting next_dagrun for latest_only to 2026-04-12 04:00:00+00:00, run_after=2026-04-12 08:00:00+00:00
[2026-04-12T11:21:14.935+0000] {processor.py:208} INFO - Processing /home/airflow/.local/lib/python3.12/site-packages/airflow/example_dags/example_latest_only.py took 0.058 seconds
[2026-04-12T11:21:45.370+0000] {processor.py:186} INFO - Started process (PID=5683) to work on /home/airflow/.local/lib/python3.12/site-packages/airflow/example_dags/example_latest_only.py
[2026-04-12T11:21:45.371+0000] {processor.py:914} INFO - Processing file /home/airflow/.local/lib/python3.12/site-packages/airflow/example_dags/example_latest_only.py for tasks to queue
[2026-04-12T11:21:45.373+0000] {logging_mixin.py:190} INFO - [2026-04-12T11:21:45.373+0000] {dagbag.py:588} INFO - Filling up the DagBag from /home/airflow/.local/lib/python3.12/site-packages/airflow/example_dags/example_latest_only.py
[2026-04-12T11:21:45.381+0000] {processor.py:925} INFO - DAG(s) 'latest_only' retrieved from /home/airflow/.local/lib/python3.12/site-packages/airflow/example_dags/example_latest_only.py
[2026-04-12T11:21:45.402+0000] {logging_mixin.py:190} INFO - [2026-04-12T11:21:45.402+0000] {dag.py:3239} INFO - Sync 1 DAGs
[2026-04-12T11:21:45.420+0000] {logging_mixin.py:190} INFO - [2026-04-12T11:21:45.420+0000] {dag.py:4180} INFO - Setting next_dagrun for latest_only to 2026-04-12 04:00:00+00:00, run_after=2026-04-12 08:00:00+00:00
[2026-04-12T11:21:45.436+0000] {processor.py:208} INFO - Processing /home/airflow/.local/lib/python3.12/site-packages/airflow/example_dags/example_latest_only.py took 0.071 seconds
[2026-04-12T11:22:15.483+0000] {processor.py:186} INFO - Started process (PID=5979) to work on /home/airflow/.local/lib/python3.12/site-packages/airflow/example_dags/example_latest_only.py
[2026-04-12T11:22:15.485+0000] {processor.py:914} INFO - Processing file /home/airflow/.local/lib/python3.12/site-packages/airflow/example_dags/example_latest_only.py for tasks to queue
[2026-04-12T11:22:15.487+0000] {logging_mixin.py:190} INFO - [2026-04-12T11:22:15.487+0000] {dagbag.py:588} INFO - Filling up the DagBag from /home/airflow/.local/lib/python3.12/site-packages/airflow/example_dags/example_latest_only.py
[2026-04-12T11:22:15.491+0000] {processor.py:925} INFO - DAG(s) 'latest_only' retrieved from /home/airflow/.local/lib/python3.12/site-packages/airflow/example_dags/example_latest_only.py
[2026-04-12T11:22:15.508+0000] {logging_mixin.py:190} INFO - [2026-04-12T11:22:15.508+0000] {dag.py:3239} INFO - Sync 1 DAGs
[2026-04-12T11:22:15.528+0000] {logging_mixin.py:190} INFO - [2026-04-12T11:22:15.528+0000] {dag.py:4180} INFO - Setting next_dagrun for latest_only to 2026-04-12 04:00:00+00:00, run_after=2026-04-12 08:00:00+00:00
[2026-04-12T11:22:15.555+0000] {processor.py:208} INFO - Processing /home/airflow/.local/lib/python3.12/site-packages/airflow/example_dags/example_latest_only.py took 0.077 seconds
[2026-04-12T11:22:45.784+0000] {processor.py:186} INFO - Started process (PID=6274) to work on /home/airflow/.local/lib/python3.12/site-packages/airflow/example_dags/example_latest_only.py
[2026-04-12T11:22:45.785+0000] {processor.py:914} INFO - Processing file /home/airflow/.local/lib/python3.12/site-packages/airflow/example_dags/example_latest_only.py for tasks to queue
[2026-04-12T11:22:45.787+0000] {logging_mixin.py:190} INFO - [2026-04-12T11:22:45.786+0000] {dagbag.py:588} INFO - Filling up the DagBag from /home/airflow/.local/lib/python3.12/site-packages/airflow/example_dags/example_latest_only.py
[2026-04-12T11:22:45.791+0000] {processor.py:925} INFO - DAG(s) 'latest_only' retrieved from /home/airflow/.local/lib/python3.12/site-packages/airflow/example_dags/example_latest_only.py
[2026-04-12T11:22:45.812+0000] {logging_mixin.py:190} INFO - [2026-04-12T11:22:45.812+0000] {dag.py:3239} INFO - Sync 1 DAGs
[2026-04-12T11:22:45.828+0000] {logging_mixin.py:190} INFO - [2026-04-12T11:22:45.828+0000] {dag.py:4180} INFO - Setting next_dagrun for latest_only to 2026-04-12 04:00:00+00:00, run_after=2026-04-12 08:00:00+00:00
[2026-04-12T11:22:45.840+0000] {processor.py:208} INFO - Processing /home/airflow/.local/lib/python3.12/site-packages/airflow/example_dags/example_latest_only.py took 0.060 seconds
[2026-04-12T11:23:15.903+0000] {processor.py:186} INFO - Started process (PID=6570) to work on /home/airflow/.local/lib/python3.12/site-packages/airflow/example_dags/example_latest_only.py
[2026-04-12T11:23:15.904+0000] {processor.py:914} INFO - Processing file /home/airflow/.local/lib/python3.12/site-packages/airflow/example_dags/example_latest_only.py for tasks to queue
[2026-04-12T11:23:15.906+0000] {logging_mixin.py:190} INFO - [2026-04-12T11:23:15.905+0000] {dagbag.py:588} INFO - Filling up the DagBag from /home/airflow/.local/lib/python3.12/site-packages/airflow/example_dags/example_latest_only.py
[2026-04-12T11:23:15.911+0000] {processor.py:925} INFO - DAG(s) 'latest_only' retrieved from /home/airflow/.local/lib/python3.12/site-packages/airflow/example_dags/example_latest_only.py
[2026-04-12T11:23:15.927+0000] {logging_mixin.py:190} INFO - [2026-04-12T11:23:15.927+0000] {dag.py:3239} INFO - Sync 1 DAGs
[2026-04-12T11:23:15.944+0000] {logging_mixin.py:190} INFO - [2026-04-12T11:23:15.944+0000] {dag.py:4180} INFO - Setting next_dagrun for latest_only to 2026-04-12 04:00:00+00:00, run_after=2026-04-12 08:00:00+00:00
[2026-04-12T11:23:15.957+0000] {processor.py:208} INFO - Processing /home/airflow/.local/lib/python3.12/site-packages/airflow/example_dags/example_latest_only.py took 0.057 seconds
[2026-04-12T11:23:46.471+0000] {processor.py:186} INFO - Started process (PID=6868) to work on /home/airflow/.local/lib/python3.12/site-packages/airflow/example_dags/example_latest_only.py
[2026-04-12T11:23:46.472+0000] {processor.py:914} INFO - Processing file /home/airflow/.local/lib/python3.12/site-packages/airflow/example_dags/example_latest_only.py for tasks to queue
[2026-04-12T11:23:46.473+0000] {logging_mixin.py:190} INFO - [2026-04-12T11:23:46.473+0000] {dagbag.py:588} INFO - Filling up the DagBag from /home/airflow/.local/lib/python3.12/site-packages/airflow/example_dags/example_latest_only.py
[2026-04-12T11:23:46.478+0000] {processor.py:925} INFO - DAG(s) 'latest_only' retrieved from /home/airflow/.local/lib/python3.12/site-packages/airflow/example_dags/example_latest_only.py
[2026-04-12T11:23:46.490+0000] {logging_mixin.py:190} INFO - [2026-04-12T11:23:46.489+0000] {dag.py:3239} INFO - Sync 1 DAGs
[2026-04-12T11:23:46.503+0000] {logging_mixin.py:190} INFO - [2026-04-12T11:23:46.503+0000] {dag.py:4180} INFO - Setting next_dagrun for latest_only to 2026-04-12 04:00:00+00:00, run_after=2026-04-12 08:00:00+00:00
[2026-04-12T11:23:46.513+0000] {processor.py:208} INFO - Processing /home/airflow/.local/lib/python3.12/site-packages/airflow/example_dags/example_latest_only.py took 0.046 seconds
[2026-04-12T11:24:16.827+0000] {processor.py:186} INFO - Started process (PID=7164) to work on /home/airflow/.local/lib/python3.12/site-packages/airflow/example_dags/example_latest_only.py
[2026-04-12T11:24:16.828+0000] {processor.py:914} INFO - Processing file /home/airflow/.local/lib/python3.12/site-packages/airflow/example_dags/example_latest_only.py for tasks to queue
[2026-04-12T11:24:16.829+0000] {logging_mixin.py:190} INFO - [2026-04-12T11:24:16.829+0000] {dagbag.py:588} INFO - Filling up the DagBag from /home/airflow/.local/lib/python3.12/site-packages/airflow/example_dags/example_latest_only.py
[2026-04-12T11:24:16.834+0000] {processor.py:925} INFO - DAG(s) 'latest_only' retrieved from /home/airflow/.local/lib/python3.12/site-packages/airflow/example_dags/example_latest_only.py
[2026-04-12T11:24:16.853+0000] {logging_mixin.py:190} INFO - [2026-04-12T11:24:16.853+0000] {dag.py:3239} INFO - Sync 1 DAGs
[2026-04-12T11:24:16.867+0000] {logging_mixin.py:190} INFO - [2026-04-12T11:24:16.867+0000] {dag.py:4180} INFO - Setting next_dagrun for latest_only to 2026-04-12 04:00:00+00:00, run_after=2026-04-12 08:00:00+00:00
[2026-04-12T11:24:16.883+0000] {processor.py:208} INFO - Processing /home/airflow/.local/lib/python3.12/site-packages/airflow/example_dags/example_latest_only.py took 0.059 seconds
[2026-04-12T11:24:47.902+0000] {processor.py:186} INFO - Started process (PID=7460) to work on /home/airflow/.local/lib/python3.12/site-packages/airflow/example_dags/example_latest_only.py
[2026-04-12T11:24:47.903+0000] {processor.py:914} INFO - Processing file /home/airflow/.local/lib/python3.12/site-packages/airflow/example_dags/example_latest_only.py for tasks to queue
[2026-04-12T11:24:47.904+0000] {logging_mixin.py:190} INFO - [2026-04-12T11:24:47.904+0000] {dagbag.py:588} INFO - Filling up the DagBag from /home/airflow/.local/lib/python3.12/site-packages/airflow/example_dags/example_latest_only.py
[2026-04-12T11:24:47.908+0000] {processor.py:925} INFO - DAG(s) 'latest_only' retrieved from /home/airflow/.local/lib/python3.12/site-packages/airflow/example_dags/example_latest_only.py
[2026-04-12T11:24:47.926+0000] {logging_mixin.py:190} INFO - [2026-04-12T11:24:47.926+0000] {dag.py:3239} INFO - Sync 1 DAGs
[2026-04-12T11:24:47.945+0000] {logging_mixin.py:190} INFO - [2026-04-12T11:24:47.945+0000] {dag.py:4180} INFO - Setting next_dagrun for latest_only to 2026-04-12 04:00:00+00:00, run_after=2026-04-12 08:00:00+00:00
[2026-04-12T11:24:47.962+0000] {processor.py:208} INFO - Processing /home/airflow/.local/lib/python3.12/site-packages/airflow/example_dags/example_latest_only.py took 0.065 seconds
[2026-04-12T11:25:18.098+0000] {processor.py:186} INFO - Started process (PID=7754) to work on /home/airflow/.local/lib/python3.12/site-packages/airflow/example_dags/example_latest_only.py
[2026-04-12T11:25:18.099+0000] {processor.py:914} INFO - Processing file /home/airflow/.local/lib/python3.12/site-packages/airflow/example_dags/example_latest_only.py for tasks to queue
[2026-04-12T11:25:18.101+0000] {logging_mixin.py:190} INFO - [2026-04-12T11:25:18.101+0000] {dagbag.py:588} INFO - Filling up the DagBag from /home/airflow/.local/lib/python3.12/site-packages/airflow/example_dags/example_latest_only.py
[2026-04-12T11:25:18.106+0000] {processor.py:925} INFO - DAG(s) 'latest_only' retrieved from /home/airflow/.local/lib/python3.12/site-packages/airflow/example_dags/example_latest_only.py
[2026-04-12T11:25:18.125+0000] {logging_mixin.py:190} INFO - [2026-04-12T11:25:18.124+0000] {dag.py:3239} INFO - Sync 1 DAGs
[2026-04-12T11:25:18.144+0000] {logging_mixin.py:190} INFO - [2026-04-12T11:25:18.144+0000] {dag.py:4180} INFO - Setting next_dagrun for latest_only to 2026-04-12 04:00:00+00:00, run_after=2026-04-12 08:00:00+00:00
[2026-04-12T11:25:18.162+0000] {processor.py:208} INFO - Processing /home/airflow/.local/lib/python3.12/site-packages/airflow/example_dags/example_latest_only.py took 0.069 seconds
[2026-04-12T11:25:48.275+0000] {processor.py:186} INFO - Started process (PID=8052) to work on /home/airflow/.local/lib/python3.12/site-packages/airflow/example_dags/example_latest_only.py
[2026-04-12T11:25:48.276+0000] {processor.py:914} INFO - Processing file /home/airflow/.local/lib/python3.12/site-packages/airflow/example_dags/example_latest_only.py for tasks to queue
[2026-04-12T11:25:48.277+0000] {logging_mixin.py:190} INFO - [2026-04-12T11:25:48.277+0000] {dagbag.py:588} INFO - Filling up the DagBag from /home/airflow/.local/lib/python3.12/site-packages/airflow/example_dags/example_latest_only.py
[2026-04-12T11:25:48.282+0000] {processor.py:925} INFO - DAG(s) 'latest_only' retrieved from /home/airflow/.local/lib/python3.12/site-packages/airflow/example_dags/example_latest_only.py
[2026-04-12T11:25:48.294+0000] {logging_mixin.py:190} INFO - [2026-04-12T11:25:48.293+0000] {dag.py:3239} INFO - Sync 1 DAGs
[2026-04-12T11:25:48.307+0000] {logging_mixin.py:190} INFO - [2026-04-12T11:25:48.307+0000] {dag.py:4180} INFO - Setting next_dagrun for latest_only to 2026-04-12 04:00:00+00:00, run_after=2026-04-12 08:00:00+00:00
[2026-04-12T11:25:48.316+0000] {processor.py:208} INFO - Processing /home/airflow/.local/lib/python3.12/site-packages/airflow/example_dags/example_latest_only.py took 0.045 seconds
[2026-04-12T11:27:09.798+0000] {processor.py:186} INFO - Started process (PID=8220) to work on /home/airflow/.local/lib/python3.12/site-packages/airflow/example_dags/example_latest_only.py
[2026-04-12T11:27:09.804+0000] {processor.py:914} INFO - Processing file /home/airflow/.local/lib/python3.12/site-packages/airflow/example_dags/example_latest_only.py for tasks to queue
[2026-04-12T11:27:09.806+0000] {logging_mixin.py:190} INFO - [2026-04-12T11:27:09.806+0000] {dagbag.py:588} INFO - Filling up the DagBag from /home/airflow/.local/lib/python3.12/site-packages/airflow/example_dags/example_latest_only.py
[2026-04-12T11:27:09.810+0000] {processor.py:925} INFO - DAG(s) 'latest_only' retrieved from /home/airflow/.local/lib/python3.12/site-packages/airflow/example_dags/example_latest_only.py
[2026-04-12T11:27:09.825+0000] {logging_mixin.py:190} INFO - [2026-04-12T11:27:09.825+0000] {dag.py:3239} INFO - Sync 1 DAGs
[2026-04-12T11:27:09.840+0000] {logging_mixin.py:190} INFO - [2026-04-12T11:27:09.840+0000] {dag.py:4180} INFO - Setting next_dagrun for latest_only to 2026-04-12 04:00:00+00:00, run_after=2026-04-12 08:00:00+00:00
[2026-04-12T11:27:09.855+0000] {processor.py:208} INFO - Processing /home/airflow/.local/lib/python3.12/site-packages/airflow/example_dags/example_latest_only.py took 0.061 seconds
[2026-04-12T11:29:45.931+0000] {processor.py:186} INFO - Started process (PID=8518) to work on /home/airflow/.local/lib/python3.12/site-packages/airflow/example_dags/example_latest_only.py
[2026-04-12T11:29:45.933+0000] {processor.py:914} INFO - Processing file /home/airflow/.local/lib/python3.12/site-packages/airflow/example_dags/example_latest_only.py for tasks to queue
[2026-04-12T11:29:45.936+0000] {logging_mixin.py:190} INFO - [2026-04-12T11:29:45.936+0000] {dagbag.py:588} INFO - Filling up the DagBag from /home/airflow/.local/lib/python3.12/site-packages/airflow/example_dags/example_latest_only.py
[2026-04-12T11:29:45.952+0000] {processor.py:925} INFO - DAG(s) 'latest_only' retrieved from /home/airflow/.local/lib/python3.12/site-packages/airflow/example_dags/example_latest_only.py
[2026-04-12T11:29:45.966+0000] {logging_mixin.py:190} INFO - [2026-04-12T11:29:45.966+0000] {dag.py:3239} INFO - Sync 1 DAGs
[2026-04-12T11:29:45.981+0000] {logging_mixin.py:190} INFO - [2026-04-12T11:29:45.981+0000] {dag.py:4180} INFO - Setting next_dagrun for latest_only to 2026-04-12 04:00:00+00:00, run_after=2026-04-12 08:00:00+00:00
[2026-04-12T11:29:45.991+0000] {processor.py:208} INFO - Processing /home/airflow/.local/lib/python3.12/site-packages/airflow/example_dags/example_latest_only.py took 0.068 seconds
[2026-04-12T11:30:16.167+0000] {processor.py:186} INFO - Started process (PID=8812) to work on /home/airflow/.local/lib/python3.12/site-packages/airflow/example_dags/example_latest_only.py
[2026-04-12T11:30:16.168+0000] {processor.py:914} INFO - Processing file /home/airflow/.local/lib/python3.12/site-packages/airflow/example_dags/example_latest_only.py for tasks to queue
[2026-04-12T11:30:16.170+0000] {logging_mixin.py:190} INFO - [2026-04-12T11:30:16.170+0000] {dagbag.py:588} INFO - Filling up the DagBag from /home/airflow/.local/lib/python3.12/site-packages/airflow/example_dags/example_latest_only.py
[2026-04-12T11:30:16.177+0000] {processor.py:925} INFO - DAG(s) 'latest_only' retrieved from /home/airflow/.local/lib/python3.12/site-packages/airflow/example_dags/example_latest_only.py
[2026-04-12T11:30:16.192+0000] {logging_mixin.py:190} INFO - [2026-04-12T11:30:16.191+0000] {dag.py:3239} INFO - Sync 1 DAGs
[2026-04-12T11:30:16.206+0000] {logging_mixin.py:190} INFO - [2026-04-12T11:30:16.206+0000] {dag.py:4180} INFO - Setting next_dagrun for latest_only to 2026-04-12 04:00:00+00:00, run_after=2026-04-12 08:00:00+00:00
[2026-04-12T11:30:16.227+0000] {processor.py:208} INFO - Processing /home/airflow/.local/lib/python3.12/site-packages/airflow/example_dags/example_latest_only.py took 0.064 seconds
[2026-04-12T11:30:46.647+0000] {processor.py:186} INFO - Started process (PID=9108) to work on /home/airflow/.local/lib/python3.12/site-packages/airflow/example_dags/example_latest_only.py
[2026-04-12T11:30:46.649+0000] {processor.py:914} INFO - Processing file /home/airflow/.local/lib/python3.12/site-packages/airflow/example_dags/example_latest_only.py for tasks to queue
[2026-04-12T11:30:46.650+0000] {logging_mixin.py:190} INFO - [2026-04-12T11:30:46.650+0000] {dagbag.py:588} INFO - Filling up the DagBag from /home/airflow/.local/lib/python3.12/site-packages/airflow/example_dags/example_latest_only.py
[2026-04-12T11:30:46.656+0000] {processor.py:925} INFO - DAG(s) 'latest_only' retrieved from /home/airflow/.local/lib/python3.12/site-packages/airflow/example_dags/example_latest_only.py
[2026-04-12T11:30:46.672+0000] {logging_mixin.py:190} INFO - [2026-04-12T11:30:46.672+0000] {dag.py:3239} INFO - Sync 1 DAGs
[2026-04-12T11:30:46.690+0000] {logging_mixin.py:190} INFO - [2026-04-12T11:30:46.690+0000] {dag.py:4180} INFO - Setting next_dagrun for latest_only to 2026-04-12 04:00:00+00:00, run_after=2026-04-12 08:00:00+00:00
[2026-04-12T11:30:46.705+0000] {processor.py:208} INFO - Processing /home/airflow/.local/lib/python3.12/site-packages/airflow/example_dags/example_latest_only.py took 0.062 seconds
[2026-04-12T11:31:16.808+0000] {processor.py:186} INFO - Started process (PID=9405) to work on /home/airflow/.local/lib/python3.12/site-packages/airflow/example_dags/example_latest_only.py
[2026-04-12T11:31:16.809+0000] {processor.py:914} INFO - Processing file /home/airflow/.local/lib/python3.12/site-packages/airflow/example_dags/example_latest_only.py for tasks to queue
[2026-04-12T11:31:16.810+0000] {logging_mixin.py:190} INFO - [2026-04-12T11:31:16.810+0000] {dagbag.py:588} INFO - Filling up the DagBag from /home/airflow/.local/lib/python3.12/site-packages/airflow/example_dags/example_latest_only.py
[2026-04-12T11:31:16.815+0000] {processor.py:925} INFO - DAG(s) 'latest_only' retrieved from /home/airflow/.local/lib/python3.12/site-packages/airflow/example_dags/example_latest_only.py
[2026-04-12T11:31:16.826+0000] {logging_mixin.py:190} INFO - [2026-04-12T11:31:16.826+0000] {dag.py:3239} INFO - Sync 1 DAGs
[2026-04-12T11:31:16.840+0000] {logging_mixin.py:190} INFO - [2026-04-12T11:31:16.839+0000] {dag.py:4180} INFO - Setting next_dagrun for latest_only to 2026-04-12 04:00:00+00:00, run_after=2026-04-12 08:00:00+00:00
[2026-04-12T11:31:16.849+0000] {processor.py:208} INFO - Processing /home/airflow/.local/lib/python3.12/site-packages/airflow/example_dags/example_latest_only.py took 0.045 seconds
[2026-04-12T11:31:47.223+0000] {processor.py:186} INFO - Started process (PID=9699) to work on /home/airflow/.local/lib/python3.12/site-packages/airflow/example_dags/example_latest_only.py
[2026-04-12T11:31:47.224+0000] {processor.py:914} INFO - Processing file /home/airflow/.local/lib/python3.12/site-packages/airflow/example_dags/example_latest_only.py for tasks to queue
[2026-04-12T11:31:47.225+0000] {logging_mixin.py:190} INFO - [2026-04-12T11:31:47.225+0000] {dagbag.py:588} INFO - Filling up the DagBag from /home/airflow/.local/lib/python3.12/site-packages/airflow/example_dags/example_latest_only.py
[2026-04-12T11:31:47.231+0000] {processor.py:925} INFO - DAG(s) 'latest_only' retrieved from /home/airflow/.local/lib/python3.12/site-packages/airflow/example_dags/example_latest_only.py
[2026-04-12T11:31:47.247+0000] {logging_mixin.py:190} INFO - [2026-04-12T11:31:47.246+0000] {dag.py:3239} INFO - Sync 1 DAGs
[2026-04-12T11:31:47.261+0000] {logging_mixin.py:190} INFO - [2026-04-12T11:31:47.261+0000] {dag.py:4180} INFO - Setting next_dagrun for latest_only to 2026-04-12 04:00:00+00:00, run_after=2026-04-12 08:00:00+00:00
[2026-04-12T11:31:47.280+0000] {processor.py:208} INFO - Processing /home/airflow/.local/lib/python3.12/site-packages/airflow/example_dags/example_latest_only.py took 0.061 seconds
[2026-04-12T11:32:18.501+0000] {processor.py:186} INFO - Started process (PID=9997) to work on /home/airflow/.local/lib/python3.12/site-packages/airflow/example_dags/example_latest_only.py
[2026-04-12T11:32:18.502+0000] {processor.py:914} INFO - Processing file /home/airflow/.local/lib/python3.12/site-packages/airflow/example_dags/example_latest_only.py for tasks to queue
[2026-04-12T11:32:18.504+0000] {logging_mixin.py:190} INFO - [2026-04-12T11:32:18.504+0000] {dagbag.py:588} INFO - Filling up the DagBag from /home/airflow/.local/lib/python3.12/site-packages/airflow/example_dags/example_latest_only.py
[2026-04-12T11:32:18.509+0000] {processor.py:925} INFO - DAG(s) 'latest_only' retrieved from /home/airflow/.local/lib/python3.12/site-packages/airflow/example_dags/example_latest_only.py
[2026-04-12T11:32:18.529+0000] {logging_mixin.py:190} INFO - [2026-04-12T11:32:18.529+0000] {dag.py:3239} INFO - Sync 1 DAGs
[2026-04-12T11:32:18.549+0000] {logging_mixin.py:190} INFO - [2026-04-12T11:32:18.548+0000] {dag.py:4180} INFO - Setting next_dagrun for latest_only to 2026-04-12 04:00:00+00:00, run_after=2026-04-12 08:00:00+00:00
[2026-04-12T11:32:18.565+0000] {processor.py:208} INFO - Processing /home/airflow/.local/lib/python3.12/site-packages/airflow/example_dags/example_latest_only.py took 0.068 seconds
[2026-04-12T11:32:49.411+0000] {processor.py:186} INFO - Started process (PID=10291) to work on /home/airflow/.local/lib/python3.12/site-packages/airflow/example_dags/example_latest_only.py
[2026-04-12T11:32:49.413+0000] {processor.py:914} INFO - Processing file /home/airflow/.local/lib/python3.12/site-packages/airflow/example_dags/example_latest_only.py for tasks to queue
[2026-04-12T11:32:49.416+0000] {logging_mixin.py:190} INFO - [2026-04-12T11:32:49.416+0000] {dagbag.py:588} INFO - Filling up the DagBag from /home/airflow/.local/lib/python3.12/site-packages/airflow/example_dags/example_latest_only.py
[2026-04-12T11:32:49.421+0000] {processor.py:925} INFO - DAG(s) 'latest_only' retrieved from /home/airflow/.local/lib/python3.12/site-packages/airflow/example_dags/example_latest_only.py
[2026-04-12T11:32:49.442+0000] {logging_mixin.py:190} INFO - [2026-04-12T11:32:49.442+0000] {dag.py:3239} INFO - Sync 1 DAGs
[2026-04-12T11:32:49.458+0000] {logging_mixin.py:190} INFO - [2026-04-12T11:32:49.458+0000] {dag.py:4180} INFO - Setting next_dagrun for latest_only to 2026-04-12 04:00:00+00:00, run_after=2026-04-12 08:00:00+00:00
[2026-04-12T11:32:49.474+0000] {processor.py:208} INFO - Processing /home/airflow/.local/lib/python3.12/site-packages/airflow/example_dags/example_latest_only.py took 0.067 seconds
[2026-04-12T11:33:20.396+0000] {processor.py:186} INFO - Started process (PID=10587) to work on /home/airflow/.local/lib/python3.12/site-packages/airflow/example_dags/example_latest_only.py
[2026-04-12T11:33:20.397+0000] {processor.py:914} INFO - Processing file /home/airflow/.local/lib/python3.12/site-packages/airflow/example_dags/example_latest_only.py for tasks to queue
[2026-04-12T11:33:20.399+0000] {logging_mixin.py:190} INFO - [2026-04-12T11:33:20.398+0000] {dagbag.py:588} INFO - Filling up the DagBag from /home/airflow/.local/lib/python3.12/site-packages/airflow/example_dags/example_latest_only.py
[2026-04-12T11:33:20.403+0000] {processor.py:925} INFO - DAG(s) 'latest_only' retrieved from /home/airflow/.local/lib/python3.12/site-packages/airflow/example_dags/example_latest_only.py
[2026-04-12T11:33:20.420+0000] {logging_mixin.py:190} INFO - [2026-04-12T11:33:20.419+0000] {dag.py:3239} INFO - Sync 1 DAGs
[2026-04-12T11:33:20.441+0000] {logging_mixin.py:190} INFO - [2026-04-12T11:33:20.441+0000] {dag.py:4180} INFO - Setting next_dagrun for latest_only to 2026-04-12 04:00:00+00:00, run_after=2026-04-12 08:00:00+00:00
[2026-04-12T11:33:20.452+0000] {processor.py:208} INFO - Processing /home/airflow/.local/lib/python3.12/site-packages/airflow/example_dags/example_latest_only.py took 0.060 seconds
[2026-04-12T11:33:51.459+0000] {processor.py:186} INFO - Started process (PID=10882) to work on /home/airflow/.local/lib/python3.12/site-packages/airflow/example_dags/example_latest_only.py
[2026-04-12T11:33:51.461+0000] {processor.py:914} INFO - Processing file /home/airflow/.local/lib/python3.12/site-packages/airflow/example_dags/example_latest_only.py for tasks to queue
[2026-04-12T11:33:51.464+0000] {logging_mixin.py:190} INFO - [2026-04-12T11:33:51.464+0000] {dagbag.py:588} INFO - Filling up the DagBag from /home/airflow/.local/lib/python3.12/site-packages/airflow/example_dags/example_latest_only.py
[2026-04-12T11:33:51.471+0000] {processor.py:925} INFO - DAG(s) 'latest_only' retrieved from /home/airflow/.local/lib/python3.12/site-packages/airflow/example_dags/example_latest_only.py
[2026-04-12T11:33:51.491+0000] {logging_mixin.py:190} INFO - [2026-04-12T11:33:51.491+0000] {dag.py:3239} INFO - Sync 1 DAGs
[2026-04-12T11:33:51.509+0000] {logging_mixin.py:190} INFO - [2026-04-12T11:33:51.509+0000] {dag.py:4180} INFO - Setting next_dagrun for latest_only to 2026-04-12 04:00:00+00:00, run_after=2026-04-12 08:00:00+00:00
[2026-04-12T11:33:51.521+0000] {processor.py:208} INFO - Processing /home/airflow/.local/lib/python3.12/site-packages/airflow/example_dags/example_latest_only.py took 0.066 seconds
[2026-04-12T11:34:22.340+0000] {processor.py:186} INFO - Started process (PID=11178) to work on /home/airflow/.local/lib/python3.12/site-packages/airflow/example_dags/example_latest_only.py
[2026-04-12T11:34:22.341+0000] {processor.py:914} INFO - Processing file /home/airflow/.local/lib/python3.12/site-packages/airflow/example_dags/example_latest_only.py for tasks to queue
[2026-04-12T11:34:22.342+0000] {logging_mixin.py:190} INFO - [2026-04-12T11:34:22.342+0000] {dagbag.py:588} INFO - Filling up the DagBag from /home/airflow/.local/lib/python3.12/site-packages/airflow/example_dags/example_latest_only.py
[2026-04-12T11:34:22.348+0000] {processor.py:925} INFO - DAG(s) 'latest_only' retrieved from /home/airflow/.local/lib/python3.12/site-packages/airflow/example_dags/example_latest_only.py
[2026-04-12T11:34:22.366+0000] {logging_mixin.py:190} INFO - [2026-04-12T11:34:22.366+0000] {dag.py:3239} INFO - Sync 1 DAGs
[2026-04-12T11:34:22.385+0000] {logging_mixin.py:190} INFO - [2026-04-12T11:34:22.385+0000] {dag.py:4180} INFO - Setting next_dagrun for latest_only to 2026-04-12 04:00:00+00:00, run_after=2026-04-12 08:00:00+00:00
[2026-04-12T11:34:22.402+0000] {processor.py:208} INFO - Processing /home/airflow/.local/lib/python3.12/site-packages/airflow/example_dags/example_latest_only.py took 0.066 seconds
[2026-04-12T11:34:53.193+0000] {processor.py:186} INFO - Started process (PID=11474) to work on /home/airflow/.local/lib/python3.12/site-packages/airflow/example_dags/example_latest_only.py
[2026-04-12T11:34:53.194+0000] {processor.py:914} INFO - Processing file /home/airflow/.local/lib/python3.12/site-packages/airflow/example_dags/example_latest_only.py for tasks to queue
[2026-04-12T11:34:53.196+0000] {logging_mixin.py:190} INFO - [2026-04-12T11:34:53.196+0000] {dagbag.py:588} INFO - Filling up the DagBag from /home/airflow/.local/lib/python3.12/site-packages/airflow/example_dags/example_latest_only.py
[2026-04-12T11:34:53.201+0000] {processor.py:925} INFO - DAG(s) 'latest_only' retrieved from /home/airflow/.local/lib/python3.12/site-packages/airflow/example_dags/example_latest_only.py
[2026-04-12T11:34:53.213+0000] {logging_mixin.py:190} INFO - [2026-04-12T11:34:53.213+0000] {dag.py:3239} INFO - Sync 1 DAGs
[2026-04-12T11:34:53.228+0000] {logging_mixin.py:190} INFO - [2026-04-12T11:34:53.228+0000] {dag.py:4180} INFO - Setting next_dagrun for latest_only to 2026-04-12 04:00:00+00:00, run_after=2026-04-12 08:00:00+00:00
[2026-04-12T11:34:53.247+0000] {processor.py:208} INFO - Processing /home/airflow/.local/lib/python3.12/site-packages/airflow/example_dags/example_latest_only.py took 0.058 seconds
