[2026-04-12T11:12:31.102+0000] {processor.py:186} INFO - Started process (PID=276) to work on /home/airflow/.local/lib/python3.12/site-packages/airflow/example_dags/example_setup_teardown.py
[2026-04-12T11:12:31.103+0000] {processor.py:914} INFO - Processing file /home/airflow/.local/lib/python3.12/site-packages/airflow/example_dags/example_setup_teardown.py for tasks to queue
[2026-04-12T11:12:31.105+0000] {logging_mixin.py:190} INFO - [2026-04-12T11:12:31.105+0000] {dagbag.py:588} INFO - Filling up the DagBag from /home/airflow/.local/lib/python3.12/site-packages/airflow/example_dags/example_setup_teardown.py
[2026-04-12T11:12:31.113+0000] {processor.py:925} INFO - DAG(s) 'example_setup_teardown' retrieved from /home/airflow/.local/lib/python3.12/site-packages/airflow/example_dags/example_setup_teardown.py
[2026-04-12T11:12:31.218+0000] {logging_mixin.py:190} INFO - [2026-04-12T11:12:31.218+0000] {override.py:1912} INFO - Created Permission View: can edit on DAG:example_setup_teardown
[2026-04-12T11:12:31.230+0000] {logging_mixin.py:190} INFO - [2026-04-12T11:12:31.230+0000] {override.py:1912} INFO - Created Permission View: can delete on DAG:example_setup_teardown
[2026-04-12T11:12:31.235+0000] {logging_mixin.py:190} INFO - [2026-04-12T11:12:31.235+0000] {override.py:1912} INFO - Created Permission View: can read on DAG:example_setup_teardown
[2026-04-12T11:12:31.239+0000] {logging_mixin.py:190} INFO - [2026-04-12T11:12:31.239+0000] {override.py:1912} INFO - Created Permission View: can delete on DAG Run:example_setup_teardown
[2026-04-12T11:12:31.243+0000] {logging_mixin.py:190} INFO - [2026-04-12T11:12:31.243+0000] {override.py:1912} INFO - Created Permission View: can create on DAG Run:example_setup_teardown
[2026-04-12T11:12:31.248+0000] {logging_mixin.py:190} INFO - [2026-04-12T11:12:31.248+0000] {override.py:1912} INFO - Created Permission View: can read on DAG Run:example_setup_teardown
[2026-04-12T11:12:31.252+0000] {logging_mixin.py:190} INFO - [2026-04-12T11:12:31.252+0000] {override.py:1912} INFO - Created Permission View: menu access on DAG Run:example_setup_teardown
[2026-04-12T11:12:31.252+0000] {logging_mixin.py:190} INFO - [2026-04-12T11:12:31.252+0000] {dag.py:3239} INFO - Sync 1 DAGs
[2026-04-12T11:12:31.262+0000] {logging_mixin.py:190} INFO - [2026-04-12T11:12:31.262+0000] {dag.py:3262} INFO - Creating ORM DAG for example_setup_teardown
[2026-04-12T11:12:31.267+0000] {logging_mixin.py:190} INFO - [2026-04-12T11:12:31.267+0000] {dag.py:4180} INFO - Setting next_dagrun for example_setup_teardown to None, run_after=None
[2026-04-12T11:12:31.281+0000] {processor.py:208} INFO - Processing /home/airflow/.local/lib/python3.12/site-packages/airflow/example_dags/example_setup_teardown.py took 0.184 seconds
[2026-04-12T11:13:02.223+0000] {processor.py:186} INFO - Started process (PID=571) to work on /home/airflow/.local/lib/python3.12/site-packages/airflow/example_dags/example_setup_teardown.py
[2026-04-12T11:13:02.225+0000] {processor.py:914} INFO - Processing file /home/airflow/.local/lib/python3.12/site-packages/airflow/example_dags/example_setup_teardown.py for tasks to queue
[2026-04-12T11:13:02.228+0000] {logging_mixin.py:190} INFO - [2026-04-12T11:13:02.228+0000] {dagbag.py:588} INFO - Filling up the DagBag from /home/airflow/.local/lib/python3.12/site-packages/airflow/example_dags/example_setup_teardown.py
[2026-04-12T11:13:02.237+0000] {processor.py:925} INFO - DAG(s) 'example_setup_teardown' retrieved from /home/airflow/.local/lib/python3.12/site-packages/airflow/example_dags/example_setup_teardown.py
[2026-04-12T11:13:02.257+0000] {logging_mixin.py:190} INFO - [2026-04-12T11:13:02.257+0000] {dag.py:3239} INFO - Sync 1 DAGs
[2026-04-12T11:13:02.266+0000] {logging_mixin.py:190} INFO - [2026-04-12T11:13:02.266+0000] {dag.py:4180} INFO - Setting next_dagrun for example_setup_teardown to None, run_after=None
[2026-04-12T11:13:02.283+0000] {processor.py:208} INFO - Processing /home/airflow/.local/lib/python3.12/site-packages/airflow/example_dags/example_setup_teardown.py took 0.065 seconds
[2026-04-12T11:13:32.587+0000] {processor.py:186} INFO - Started process (PID=868) to work on /home/airflow/.local/lib/python3.12/site-packages/airflow/example_dags/example_setup_teardown.py
[2026-04-12T11:13:32.590+0000] {processor.py:914} INFO - Processing file /home/airflow/.local/lib/python3.12/site-packages/airflow/example_dags/example_setup_teardown.py for tasks to queue
[2026-04-12T11:13:32.595+0000] {logging_mixin.py:190} INFO - [2026-04-12T11:13:32.595+0000] {dagbag.py:588} INFO - Filling up the DagBag from /home/airflow/.local/lib/python3.12/site-packages/airflow/example_dags/example_setup_teardown.py
[2026-04-12T11:13:32.602+0000] {processor.py:925} INFO - DAG(s) 'example_setup_teardown' retrieved from /home/airflow/.local/lib/python3.12/site-packages/airflow/example_dags/example_setup_teardown.py
[2026-04-12T11:13:32.623+0000] {logging_mixin.py:190} INFO - [2026-04-12T11:13:32.623+0000] {dag.py:3239} INFO - Sync 1 DAGs
[2026-04-12T11:13:32.635+0000] {logging_mixin.py:190} INFO - [2026-04-12T11:13:32.635+0000] {dag.py:4180} INFO - Setting next_dagrun for example_setup_teardown to None, run_after=None
[2026-04-12T11:13:32.659+0000] {processor.py:208} INFO - Processing /home/airflow/.local/lib/python3.12/site-packages/airflow/example_dags/example_setup_teardown.py took 0.077 seconds
[2026-04-12T11:14:03.244+0000] {processor.py:186} INFO - Started process (PID=1164) to work on /home/airflow/.local/lib/python3.12/site-packages/airflow/example_dags/example_setup_teardown.py
[2026-04-12T11:14:03.248+0000] {processor.py:914} INFO - Processing file /home/airflow/.local/lib/python3.12/site-packages/airflow/example_dags/example_setup_teardown.py for tasks to queue
[2026-04-12T11:14:03.250+0000] {logging_mixin.py:190} INFO - [2026-04-12T11:14:03.249+0000] {dagbag.py:588} INFO - Filling up the DagBag from /home/airflow/.local/lib/python3.12/site-packages/airflow/example_dags/example_setup_teardown.py
[2026-04-12T11:14:03.259+0000] {processor.py:925} INFO - DAG(s) 'example_setup_teardown' retrieved from /home/airflow/.local/lib/python3.12/site-packages/airflow/example_dags/example_setup_teardown.py
[2026-04-12T11:14:03.289+0000] {logging_mixin.py:190} INFO - [2026-04-12T11:14:03.288+0000] {dag.py:3239} INFO - Sync 1 DAGs
[2026-04-12T11:14:03.309+0000] {logging_mixin.py:190} INFO - [2026-04-12T11:14:03.308+0000] {dag.py:4180} INFO - Setting next_dagrun for example_setup_teardown to None, run_after=None
[2026-04-12T11:14:03.333+0000] {processor.py:208} INFO - Processing /home/airflow/.local/lib/python3.12/site-packages/airflow/example_dags/example_setup_teardown.py took 0.094 seconds
[2026-04-12T11:14:34.138+0000] {processor.py:186} INFO - Started process (PID=1460) to work on /home/airflow/.local/lib/python3.12/site-packages/airflow/example_dags/example_setup_teardown.py
[2026-04-12T11:14:34.141+0000] {processor.py:914} INFO - Processing file /home/airflow/.local/lib/python3.12/site-packages/airflow/example_dags/example_setup_teardown.py for tasks to queue
[2026-04-12T11:14:34.144+0000] {logging_mixin.py:190} INFO - [2026-04-12T11:14:34.144+0000] {dagbag.py:588} INFO - Filling up the DagBag from /home/airflow/.local/lib/python3.12/site-packages/airflow/example_dags/example_setup_teardown.py
[2026-04-12T11:14:34.166+0000] {processor.py:925} INFO - DAG(s) 'example_setup_teardown' retrieved from /home/airflow/.local/lib/python3.12/site-packages/airflow/example_dags/example_setup_teardown.py
[2026-04-12T11:14:34.204+0000] {logging_mixin.py:190} INFO - [2026-04-12T11:14:34.204+0000] {dag.py:3239} INFO - Sync 1 DAGs
[2026-04-12T11:14:34.220+0000] {logging_mixin.py:190} INFO - [2026-04-12T11:14:34.220+0000] {dag.py:4180} INFO - Setting next_dagrun for example_setup_teardown to None, run_after=None
[2026-04-12T11:14:34.251+0000] {processor.py:208} INFO - Processing /home/airflow/.local/lib/python3.12/site-packages/airflow/example_dags/example_setup_teardown.py took 0.117 seconds
[2026-04-12T11:15:04.502+0000] {processor.py:186} INFO - Started process (PID=1757) to work on /home/airflow/.local/lib/python3.12/site-packages/airflow/example_dags/example_setup_teardown.py
[2026-04-12T11:15:04.509+0000] {processor.py:914} INFO - Processing file /home/airflow/.local/lib/python3.12/site-packages/airflow/example_dags/example_setup_teardown.py for tasks to queue
[2026-04-12T11:15:04.510+0000] {logging_mixin.py:190} INFO - [2026-04-12T11:15:04.510+0000] {dagbag.py:588} INFO - Filling up the DagBag from /home/airflow/.local/lib/python3.12/site-packages/airflow/example_dags/example_setup_teardown.py
[2026-04-12T11:15:04.526+0000] {processor.py:925} INFO - DAG(s) 'example_setup_teardown' retrieved from /home/airflow/.local/lib/python3.12/site-packages/airflow/example_dags/example_setup_teardown.py
[2026-04-12T11:15:04.550+0000] {logging_mixin.py:190} INFO - [2026-04-12T11:15:04.550+0000] {dag.py:3239} INFO - Sync 1 DAGs
[2026-04-12T11:15:04.564+0000] {logging_mixin.py:190} INFO - [2026-04-12T11:15:04.564+0000] {dag.py:4180} INFO - Setting next_dagrun for example_setup_teardown to None, run_after=None
[2026-04-12T11:15:04.582+0000] {processor.py:208} INFO - Processing /home/airflow/.local/lib/python3.12/site-packages/airflow/example_dags/example_setup_teardown.py took 0.084 seconds
[2026-04-12T11:15:34.768+0000] {processor.py:186} INFO - Started process (PID=2053) to work on /home/airflow/.local/lib/python3.12/site-packages/airflow/example_dags/example_setup_teardown.py
[2026-04-12T11:15:34.773+0000] {processor.py:914} INFO - Processing file /home/airflow/.local/lib/python3.12/site-packages/airflow/example_dags/example_setup_teardown.py for tasks to queue
[2026-04-12T11:15:34.775+0000] {logging_mixin.py:190} INFO - [2026-04-12T11:15:34.774+0000] {dagbag.py:588} INFO - Filling up the DagBag from /home/airflow/.local/lib/python3.12/site-packages/airflow/example_dags/example_setup_teardown.py
[2026-04-12T11:15:34.785+0000] {processor.py:925} INFO - DAG(s) 'example_setup_teardown' retrieved from /home/airflow/.local/lib/python3.12/site-packages/airflow/example_dags/example_setup_teardown.py
[2026-04-12T11:15:34.805+0000] {logging_mixin.py:190} INFO - [2026-04-12T11:15:34.805+0000] {dag.py:3239} INFO - Sync 1 DAGs
[2026-04-12T11:15:34.818+0000] {logging_mixin.py:190} INFO - [2026-04-12T11:15:34.818+0000] {dag.py:4180} INFO - Setting next_dagrun for example_setup_teardown to None, run_after=None
[2026-04-12T11:15:34.865+0000] {processor.py:208} INFO - Processing /home/airflow/.local/lib/python3.12/site-packages/airflow/example_dags/example_setup_teardown.py took 0.101 seconds
[2026-04-12T11:16:05.233+0000] {processor.py:186} INFO - Started process (PID=2349) to work on /home/airflow/.local/lib/python3.12/site-packages/airflow/example_dags/example_setup_teardown.py
[2026-04-12T11:16:05.235+0000] {processor.py:914} INFO - Processing file /home/airflow/.local/lib/python3.12/site-packages/airflow/example_dags/example_setup_teardown.py for tasks to queue
[2026-04-12T11:16:05.239+0000] {logging_mixin.py:190} INFO - [2026-04-12T11:16:05.238+0000] {dagbag.py:588} INFO - Filling up the DagBag from /home/airflow/.local/lib/python3.12/site-packages/airflow/example_dags/example_setup_teardown.py
[2026-04-12T11:16:05.251+0000] {processor.py:925} INFO - DAG(s) 'example_setup_teardown' retrieved from /home/airflow/.local/lib/python3.12/site-packages/airflow/example_dags/example_setup_teardown.py
[2026-04-12T11:16:05.280+0000] {logging_mixin.py:190} INFO - [2026-04-12T11:16:05.280+0000] {dag.py:3239} INFO - Sync 1 DAGs
[2026-04-12T11:16:05.299+0000] {logging_mixin.py:190} INFO - [2026-04-12T11:16:05.299+0000] {dag.py:4180} INFO - Setting next_dagrun for example_setup_teardown to None, run_after=None
[2026-04-12T11:16:05.327+0000] {processor.py:208} INFO - Processing /home/airflow/.local/lib/python3.12/site-packages/airflow/example_dags/example_setup_teardown.py took 0.105 seconds
[2026-04-12T11:16:35.403+0000] {processor.py:186} INFO - Started process (PID=2645) to work on /home/airflow/.local/lib/python3.12/site-packages/airflow/example_dags/example_setup_teardown.py
[2026-04-12T11:16:35.406+0000] {processor.py:914} INFO - Processing file /home/airflow/.local/lib/python3.12/site-packages/airflow/example_dags/example_setup_teardown.py for tasks to queue
[2026-04-12T11:16:35.410+0000] {logging_mixin.py:190} INFO - [2026-04-12T11:16:35.410+0000] {dagbag.py:588} INFO - Filling up the DagBag from /home/airflow/.local/lib/python3.12/site-packages/airflow/example_dags/example_setup_teardown.py
[2026-04-12T11:16:35.418+0000] {processor.py:925} INFO - DAG(s) 'example_setup_teardown' retrieved from /home/airflow/.local/lib/python3.12/site-packages/airflow/example_dags/example_setup_teardown.py
[2026-04-12T11:16:35.436+0000] {logging_mixin.py:190} INFO - [2026-04-12T11:16:35.436+0000] {dag.py:3239} INFO - Sync 1 DAGs
[2026-04-12T11:16:35.447+0000] {logging_mixin.py:190} INFO - [2026-04-12T11:16:35.447+0000] {dag.py:4180} INFO - Setting next_dagrun for example_setup_teardown to None, run_after=None
[2026-04-12T11:16:35.470+0000] {processor.py:208} INFO - Processing /home/airflow/.local/lib/python3.12/site-packages/airflow/example_dags/example_setup_teardown.py took 0.069 seconds
[2026-04-12T11:17:05.556+0000] {processor.py:186} INFO - Started process (PID=2953) to work on /home/airflow/.local/lib/python3.12/site-packages/airflow/example_dags/example_setup_teardown.py
[2026-04-12T11:17:05.560+0000] {processor.py:914} INFO - Processing file /home/airflow/.local/lib/python3.12/site-packages/airflow/example_dags/example_setup_teardown.py for tasks to queue
[2026-04-12T11:17:05.562+0000] {logging_mixin.py:190} INFO - [2026-04-12T11:17:05.562+0000] {dagbag.py:588} INFO - Filling up the DagBag from /home/airflow/.local/lib/python3.12/site-packages/airflow/example_dags/example_setup_teardown.py
[2026-04-12T11:17:05.570+0000] {processor.py:925} INFO - DAG(s) 'example_setup_teardown' retrieved from /home/airflow/.local/lib/python3.12/site-packages/airflow/example_dags/example_setup_teardown.py
[2026-04-12T11:17:05.591+0000] {logging_mixin.py:190} INFO - [2026-04-12T11:17:05.591+0000] {dag.py:3239} INFO - Sync 1 DAGs
[2026-04-12T11:17:05.602+0000] {logging_mixin.py:190} INFO - [2026-04-12T11:17:05.602+0000] {dag.py:4180} INFO - Setting next_dagrun for example_setup_teardown to None, run_after=None
[2026-04-12T11:17:05.623+0000] {processor.py:208} INFO - Processing /home/airflow/.local/lib/python3.12/site-packages/airflow/example_dags/example_setup_teardown.py took 0.072 seconds
[2026-04-12T11:17:36.464+0000] {processor.py:186} INFO - Started process (PID=3249) to work on /home/airflow/.local/lib/python3.12/site-packages/airflow/example_dags/example_setup_teardown.py
[2026-04-12T11:17:36.467+0000] {processor.py:914} INFO - Processing file /home/airflow/.local/lib/python3.12/site-packages/airflow/example_dags/example_setup_teardown.py for tasks to queue
[2026-04-12T11:17:36.470+0000] {logging_mixin.py:190} INFO - [2026-04-12T11:17:36.470+0000] {dagbag.py:588} INFO - Filling up the DagBag from /home/airflow/.local/lib/python3.12/site-packages/airflow/example_dags/example_setup_teardown.py
[2026-04-12T11:17:36.480+0000] {processor.py:925} INFO - DAG(s) 'example_setup_teardown' retrieved from /home/airflow/.local/lib/python3.12/site-packages/airflow/example_dags/example_setup_teardown.py
[2026-04-12T11:17:36.498+0000] {logging_mixin.py:190} INFO - [2026-04-12T11:17:36.497+0000] {dag.py:3239} INFO - Sync 1 DAGs
[2026-04-12T11:17:36.509+0000] {logging_mixin.py:190} INFO - [2026-04-12T11:17:36.509+0000] {dag.py:4180} INFO - Setting next_dagrun for example_setup_teardown to None, run_after=None
[2026-04-12T11:17:36.525+0000] {processor.py:208} INFO - Processing /home/airflow/.local/lib/python3.12/site-packages/airflow/example_dags/example_setup_teardown.py took 0.067 seconds
[2026-04-12T11:18:07.944+0000] {processor.py:186} INFO - Started process (PID=3553) to work on /home/airflow/.local/lib/python3.12/site-packages/airflow/example_dags/example_setup_teardown.py
[2026-04-12T11:18:07.946+0000] {processor.py:914} INFO - Processing file /home/airflow/.local/lib/python3.12/site-packages/airflow/example_dags/example_setup_teardown.py for tasks to queue
[2026-04-12T11:18:07.949+0000] {logging_mixin.py:190} INFO - [2026-04-12T11:18:07.949+0000] {dagbag.py:588} INFO - Filling up the DagBag from /home/airflow/.local/lib/python3.12/site-packages/airflow/example_dags/example_setup_teardown.py
[2026-04-12T11:18:07.962+0000] {processor.py:925} INFO - DAG(s) 'example_setup_teardown' retrieved from /home/airflow/.local/lib/python3.12/site-packages/airflow/example_dags/example_setup_teardown.py
[2026-04-12T11:18:07.986+0000] {logging_mixin.py:190} INFO - [2026-04-12T11:18:07.986+0000] {dag.py:3239} INFO - Sync 1 DAGs
[2026-04-12T11:18:08.005+0000] {logging_mixin.py:190} INFO - [2026-04-12T11:18:08.005+0000] {dag.py:4180} INFO - Setting next_dagrun for example_setup_teardown to None, run_after=None
[2026-04-12T11:18:08.039+0000] {processor.py:208} INFO - Processing /home/airflow/.local/lib/python3.12/site-packages/airflow/example_dags/example_setup_teardown.py took 0.104 seconds
[2026-04-12T11:18:38.618+0000] {processor.py:186} INFO - Started process (PID=3852) to work on /home/airflow/.local/lib/python3.12/site-packages/airflow/example_dags/example_setup_teardown.py
[2026-04-12T11:18:38.620+0000] {processor.py:914} INFO - Processing file /home/airflow/.local/lib/python3.12/site-packages/airflow/example_dags/example_setup_teardown.py for tasks to queue
[2026-04-12T11:18:38.622+0000] {logging_mixin.py:190} INFO - [2026-04-12T11:18:38.622+0000] {dagbag.py:588} INFO - Filling up the DagBag from /home/airflow/.local/lib/python3.12/site-packages/airflow/example_dags/example_setup_teardown.py
[2026-04-12T11:18:38.628+0000] {processor.py:925} INFO - DAG(s) 'example_setup_teardown' retrieved from /home/airflow/.local/lib/python3.12/site-packages/airflow/example_dags/example_setup_teardown.py
[2026-04-12T11:18:38.646+0000] {logging_mixin.py:190} INFO - [2026-04-12T11:18:38.646+0000] {dag.py:3239} INFO - Sync 1 DAGs
[2026-04-12T11:18:38.657+0000] {logging_mixin.py:190} INFO - [2026-04-12T11:18:38.657+0000] {dag.py:4180} INFO - Setting next_dagrun for example_setup_teardown to None, run_after=None
[2026-04-12T11:18:38.680+0000] {processor.py:208} INFO - Processing /home/airflow/.local/lib/python3.12/site-packages/airflow/example_dags/example_setup_teardown.py took 0.066 seconds
[2026-04-12T11:19:09.019+0000] {processor.py:186} INFO - Started process (PID=4163) to work on /home/airflow/.local/lib/python3.12/site-packages/airflow/example_dags/example_setup_teardown.py
[2026-04-12T11:19:09.020+0000] {processor.py:914} INFO - Processing file /home/airflow/.local/lib/python3.12/site-packages/airflow/example_dags/example_setup_teardown.py for tasks to queue
[2026-04-12T11:19:09.021+0000] {logging_mixin.py:190} INFO - [2026-04-12T11:19:09.021+0000] {dagbag.py:588} INFO - Filling up the DagBag from /home/airflow/.local/lib/python3.12/site-packages/airflow/example_dags/example_setup_teardown.py
[2026-04-12T11:19:09.030+0000] {processor.py:925} INFO - DAG(s) 'example_setup_teardown' retrieved from /home/airflow/.local/lib/python3.12/site-packages/airflow/example_dags/example_setup_teardown.py
[2026-04-12T11:19:09.045+0000] {logging_mixin.py:190} INFO - [2026-04-12T11:19:09.045+0000] {dag.py:3239} INFO - Sync 1 DAGs
[2026-04-12T11:19:09.056+0000] {logging_mixin.py:190} INFO - [2026-04-12T11:19:09.056+0000] {dag.py:4180} INFO - Setting next_dagrun for example_setup_teardown to None, run_after=None
[2026-04-12T11:19:09.071+0000] {processor.py:208} INFO - Processing /home/airflow/.local/lib/python3.12/site-packages/airflow/example_dags/example_setup_teardown.py took 0.057 seconds
[2026-04-12T11:19:39.846+0000] {processor.py:186} INFO - Started process (PID=4459) to work on /home/airflow/.local/lib/python3.12/site-packages/airflow/example_dags/example_setup_teardown.py
[2026-04-12T11:19:39.847+0000] {processor.py:914} INFO - Processing file /home/airflow/.local/lib/python3.12/site-packages/airflow/example_dags/example_setup_teardown.py for tasks to queue
[2026-04-12T11:19:39.849+0000] {logging_mixin.py:190} INFO - [2026-04-12T11:19:39.849+0000] {dagbag.py:588} INFO - Filling up the DagBag from /home/airflow/.local/lib/python3.12/site-packages/airflow/example_dags/example_setup_teardown.py
[2026-04-12T11:19:39.857+0000] {processor.py:925} INFO - DAG(s) 'example_setup_teardown' retrieved from /home/airflow/.local/lib/python3.12/site-packages/airflow/example_dags/example_setup_teardown.py
[2026-04-12T11:19:39.871+0000] {logging_mixin.py:190} INFO - [2026-04-12T11:19:39.871+0000] {dag.py:3239} INFO - Sync 1 DAGs
[2026-04-12T11:19:39.880+0000] {logging_mixin.py:190} INFO - [2026-04-12T11:19:39.880+0000] {dag.py:4180} INFO - Setting next_dagrun for example_setup_teardown to None, run_after=None
[2026-04-12T11:19:39.897+0000] {processor.py:208} INFO - Processing /home/airflow/.local/lib/python3.12/site-packages/airflow/example_dags/example_setup_teardown.py took 0.055 seconds
[2026-04-12T11:20:10.760+0000] {processor.py:186} INFO - Started process (PID=4755) to work on /home/airflow/.local/lib/python3.12/site-packages/airflow/example_dags/example_setup_teardown.py
[2026-04-12T11:20:10.761+0000] {processor.py:914} INFO - Processing file /home/airflow/.local/lib/python3.12/site-packages/airflow/example_dags/example_setup_teardown.py for tasks to queue
[2026-04-12T11:20:10.764+0000] {logging_mixin.py:190} INFO - [2026-04-12T11:20:10.764+0000] {dagbag.py:588} INFO - Filling up the DagBag from /home/airflow/.local/lib/python3.12/site-packages/airflow/example_dags/example_setup_teardown.py
[2026-04-12T11:20:10.771+0000] {processor.py:925} INFO - DAG(s) 'example_setup_teardown' retrieved from /home/airflow/.local/lib/python3.12/site-packages/airflow/example_dags/example_setup_teardown.py
[2026-04-12T11:20:10.784+0000] {logging_mixin.py:190} INFO - [2026-04-12T11:20:10.784+0000] {dag.py:3239} INFO - Sync 1 DAGs
[2026-04-12T11:20:10.794+0000] {logging_mixin.py:190} INFO - [2026-04-12T11:20:10.793+0000] {dag.py:4180} INFO - Setting next_dagrun for example_setup_teardown to None, run_after=None
[2026-04-12T11:20:10.809+0000] {processor.py:208} INFO - Processing /home/airflow/.local/lib/python3.12/site-packages/airflow/example_dags/example_setup_teardown.py took 0.053 seconds
[2026-04-12T11:20:43.477+0000] {processor.py:186} INFO - Started process (PID=5051) to work on /home/airflow/.local/lib/python3.12/site-packages/airflow/example_dags/example_setup_teardown.py
[2026-04-12T11:20:43.478+0000] {processor.py:914} INFO - Processing file /home/airflow/.local/lib/python3.12/site-packages/airflow/example_dags/example_setup_teardown.py for tasks to queue
[2026-04-12T11:20:43.481+0000] {logging_mixin.py:190} INFO - [2026-04-12T11:20:43.480+0000] {dagbag.py:588} INFO - Filling up the DagBag from /home/airflow/.local/lib/python3.12/site-packages/airflow/example_dags/example_setup_teardown.py
[2026-04-12T11:20:43.495+0000] {processor.py:925} INFO - DAG(s) 'example_setup_teardown' retrieved from /home/airflow/.local/lib/python3.12/site-packages/airflow/example_dags/example_setup_teardown.py
[2026-04-12T11:20:43.534+0000] {logging_mixin.py:190} INFO - [2026-04-12T11:20:43.534+0000] {dag.py:3239} INFO - Sync 1 DAGs
[2026-04-12T11:20:43.556+0000] {logging_mixin.py:190} INFO - [2026-04-12T11:20:43.555+0000] {dag.py:4180} INFO - Setting next_dagrun for example_setup_teardown to None, run_after=None
[2026-04-12T11:20:43.583+0000] {processor.py:208} INFO - Processing /home/airflow/.local/lib/python3.12/site-packages/airflow/example_dags/example_setup_teardown.py took 0.114 seconds
[2026-04-12T11:21:14.397+0000] {processor.py:186} INFO - Started process (PID=5347) to work on /home/airflow/.local/lib/python3.12/site-packages/airflow/example_dags/example_setup_teardown.py
[2026-04-12T11:21:14.400+0000] {processor.py:914} INFO - Processing file /home/airflow/.local/lib/python3.12/site-packages/airflow/example_dags/example_setup_teardown.py for tasks to queue
[2026-04-12T11:21:14.402+0000] {logging_mixin.py:190} INFO - [2026-04-12T11:21:14.402+0000] {dagbag.py:588} INFO - Filling up the DagBag from /home/airflow/.local/lib/python3.12/site-packages/airflow/example_dags/example_setup_teardown.py
[2026-04-12T11:21:14.410+0000] {processor.py:925} INFO - DAG(s) 'example_setup_teardown' retrieved from /home/airflow/.local/lib/python3.12/site-packages/airflow/example_dags/example_setup_teardown.py
[2026-04-12T11:21:14.424+0000] {logging_mixin.py:190} INFO - [2026-04-12T11:21:14.424+0000] {dag.py:3239} INFO - Sync 1 DAGs
[2026-04-12T11:21:14.433+0000] {logging_mixin.py:190} INFO - [2026-04-12T11:21:14.433+0000] {dag.py:4180} INFO - Setting next_dagrun for example_setup_teardown to None, run_after=None
[2026-04-12T11:21:14.445+0000] {processor.py:208} INFO - Processing /home/airflow/.local/lib/python3.12/site-packages/airflow/example_dags/example_setup_teardown.py took 0.052 seconds
[2026-04-12T11:21:45.048+0000] {processor.py:186} INFO - Started process (PID=5645) to work on /home/airflow/.local/lib/python3.12/site-packages/airflow/example_dags/example_setup_teardown.py
[2026-04-12T11:21:45.052+0000] {processor.py:914} INFO - Processing file /home/airflow/.local/lib/python3.12/site-packages/airflow/example_dags/example_setup_teardown.py for tasks to queue
[2026-04-12T11:21:45.054+0000] {logging_mixin.py:190} INFO - [2026-04-12T11:21:45.054+0000] {dagbag.py:588} INFO - Filling up the DagBag from /home/airflow/.local/lib/python3.12/site-packages/airflow/example_dags/example_setup_teardown.py
[2026-04-12T11:21:45.062+0000] {processor.py:925} INFO - DAG(s) 'example_setup_teardown' retrieved from /home/airflow/.local/lib/python3.12/site-packages/airflow/example_dags/example_setup_teardown.py
[2026-04-12T11:21:45.077+0000] {logging_mixin.py:190} INFO - [2026-04-12T11:21:45.076+0000] {dag.py:3239} INFO - Sync 1 DAGs
[2026-04-12T11:21:45.086+0000] {logging_mixin.py:190} INFO - [2026-04-12T11:21:45.086+0000] {dag.py:4180} INFO - Setting next_dagrun for example_setup_teardown to None, run_after=None
[2026-04-12T11:21:45.101+0000] {processor.py:208} INFO - Processing /home/airflow/.local/lib/python3.12/site-packages/airflow/example_dags/example_setup_teardown.py took 0.057 seconds
[2026-04-12T11:22:15.189+0000] {processor.py:186} INFO - Started process (PID=5941) to work on /home/airflow/.local/lib/python3.12/site-packages/airflow/example_dags/example_setup_teardown.py
[2026-04-12T11:22:15.190+0000] {processor.py:914} INFO - Processing file /home/airflow/.local/lib/python3.12/site-packages/airflow/example_dags/example_setup_teardown.py for tasks to queue
[2026-04-12T11:22:15.193+0000] {logging_mixin.py:190} INFO - [2026-04-12T11:22:15.192+0000] {dagbag.py:588} INFO - Filling up the DagBag from /home/airflow/.local/lib/python3.12/site-packages/airflow/example_dags/example_setup_teardown.py
[2026-04-12T11:22:15.199+0000] {processor.py:925} INFO - DAG(s) 'example_setup_teardown' retrieved from /home/airflow/.local/lib/python3.12/site-packages/airflow/example_dags/example_setup_teardown.py
[2026-04-12T11:22:15.214+0000] {logging_mixin.py:190} INFO - [2026-04-12T11:22:15.214+0000] {dag.py:3239} INFO - Sync 1 DAGs
[2026-04-12T11:22:15.223+0000] {logging_mixin.py:190} INFO - [2026-04-12T11:22:15.223+0000] {dag.py:4180} INFO - Setting next_dagrun for example_setup_teardown to None, run_after=None
[2026-04-12T11:22:15.235+0000] {processor.py:208} INFO - Processing /home/airflow/.local/lib/python3.12/site-packages/airflow/example_dags/example_setup_teardown.py took 0.051 seconds
[2026-04-12T11:22:45.419+0000] {processor.py:186} INFO - Started process (PID=6236) to work on /home/airflow/.local/lib/python3.12/site-packages/airflow/example_dags/example_setup_teardown.py
[2026-04-12T11:22:45.419+0000] {processor.py:914} INFO - Processing file /home/airflow/.local/lib/python3.12/site-packages/airflow/example_dags/example_setup_teardown.py for tasks to queue
[2026-04-12T11:22:45.421+0000] {logging_mixin.py:190} INFO - [2026-04-12T11:22:45.421+0000] {dagbag.py:588} INFO - Filling up the DagBag from /home/airflow/.local/lib/python3.12/site-packages/airflow/example_dags/example_setup_teardown.py
[2026-04-12T11:22:45.427+0000] {processor.py:925} INFO - DAG(s) 'example_setup_teardown' retrieved from /home/airflow/.local/lib/python3.12/site-packages/airflow/example_dags/example_setup_teardown.py
[2026-04-12T11:22:45.440+0000] {logging_mixin.py:190} INFO - [2026-04-12T11:22:45.440+0000] {dag.py:3239} INFO - Sync 1 DAGs
[2026-04-12T11:22:45.452+0000] {logging_mixin.py:190} INFO - [2026-04-12T11:22:45.452+0000] {dag.py:4180} INFO - Setting next_dagrun for example_setup_teardown to None, run_after=None
[2026-04-12T11:22:45.470+0000] {processor.py:208} INFO - Processing /home/airflow/.local/lib/python3.12/site-packages/airflow/example_dags/example_setup_teardown.py took 0.055 seconds
[2026-04-12T11:23:15.491+0000] {processor.py:186} INFO - Started process (PID=6532) to work on /home/airflow/.local/lib/python3.12/site-packages/airflow/example_dags/example_setup_teardown.py
[2026-04-12T11:23:15.491+0000] {processor.py:914} INFO - Processing file /home/airflow/.local/lib/python3.12/site-packages/airflow/example_dags/example_setup_teardown.py for tasks to queue
[2026-04-12T11:23:15.493+0000] {logging_mixin.py:190} INFO - [2026-04-12T11:23:15.493+0000] {dagbag.py:588} INFO - Filling up the DagBag from /home/airflow/.local/lib/python3.12/site-packages/airflow/example_dags/example_setup_teardown.py
[2026-04-12T11:23:15.498+0000] {processor.py:925} INFO - DAG(s) 'example_setup_teardown' retrieved from /home/airflow/.local/lib/python3.12/site-packages/airflow/example_dags/example_setup_teardown.py
[2026-04-12T11:23:15.511+0000] {logging_mixin.py:190} INFO - [2026-04-12T11:23:15.511+0000] {dag.py:3239} INFO - Sync 1 DAGs
[2026-04-12T11:23:15.519+0000] {logging_mixin.py:190} INFO - [2026-04-12T11:23:15.519+0000] {dag.py:4180} INFO - Setting next_dagrun for example_setup_teardown to None, run_after=None
[2026-04-12T11:23:15.535+0000] {processor.py:208} INFO - Processing /home/airflow/.local/lib/python3.12/site-packages/airflow/example_dags/example_setup_teardown.py took 0.048 seconds
[2026-04-12T11:23:46.159+0000] {processor.py:186} INFO - Started process (PID=6826) to work on /home/airflow/.local/lib/python3.12/site-packages/airflow/example_dags/example_setup_teardown.py
[2026-04-12T11:23:46.160+0000] {processor.py:914} INFO - Processing file /home/airflow/.local/lib/python3.12/site-packages/airflow/example_dags/example_setup_teardown.py for tasks to queue
[2026-04-12T11:23:46.162+0000] {logging_mixin.py:190} INFO - [2026-04-12T11:23:46.162+0000] {dagbag.py:588} INFO - Filling up the DagBag from /home/airflow/.local/lib/python3.12/site-packages/airflow/example_dags/example_setup_teardown.py
[2026-04-12T11:23:46.168+0000] {processor.py:925} INFO - DAG(s) 'example_setup_teardown' retrieved from /home/airflow/.local/lib/python3.12/site-packages/airflow/example_dags/example_setup_teardown.py
[2026-04-12T11:23:46.181+0000] {logging_mixin.py:190} INFO - [2026-04-12T11:23:46.181+0000] {dag.py:3239} INFO - Sync 1 DAGs
[2026-04-12T11:23:46.191+0000] {logging_mixin.py:190} INFO - [2026-04-12T11:23:46.191+0000] {dag.py:4180} INFO - Setting next_dagrun for example_setup_teardown to None, run_after=None
[2026-04-12T11:23:46.206+0000] {processor.py:208} INFO - Processing /home/airflow/.local/lib/python3.12/site-packages/airflow/example_dags/example_setup_teardown.py took 0.052 seconds
[2026-04-12T11:24:16.475+0000] {processor.py:186} INFO - Started process (PID=7124) to work on /home/airflow/.local/lib/python3.12/site-packages/airflow/example_dags/example_setup_teardown.py
[2026-04-12T11:24:16.476+0000] {processor.py:914} INFO - Processing file /home/airflow/.local/lib/python3.12/site-packages/airflow/example_dags/example_setup_teardown.py for tasks to queue
[2026-04-12T11:24:16.477+0000] {logging_mixin.py:190} INFO - [2026-04-12T11:24:16.477+0000] {dagbag.py:588} INFO - Filling up the DagBag from /home/airflow/.local/lib/python3.12/site-packages/airflow/example_dags/example_setup_teardown.py
[2026-04-12T11:24:16.482+0000] {processor.py:925} INFO - DAG(s) 'example_setup_teardown' retrieved from /home/airflow/.local/lib/python3.12/site-packages/airflow/example_dags/example_setup_teardown.py
[2026-04-12T11:24:16.495+0000] {logging_mixin.py:190} INFO - [2026-04-12T11:24:16.495+0000] {dag.py:3239} INFO - Sync 1 DAGs
[2026-04-12T11:24:16.505+0000] {logging_mixin.py:190} INFO - [2026-04-12T11:24:16.504+0000] {dag.py:4180} INFO - Setting next_dagrun for example_setup_teardown to None, run_after=None
[2026-04-12T11:24:16.514+0000] {processor.py:208} INFO - Processing /home/airflow/.local/lib/python3.12/site-packages/airflow/example_dags/example_setup_teardown.py took 0.044 seconds
[2026-04-12T11:24:47.553+0000] {processor.py:186} INFO - Started process (PID=7418) to work on /home/airflow/.local/lib/python3.12/site-packages/airflow/example_dags/example_setup_teardown.py
[2026-04-12T11:24:47.555+0000] {processor.py:914} INFO - Processing file /home/airflow/.local/lib/python3.12/site-packages/airflow/example_dags/example_setup_teardown.py for tasks to queue
[2026-04-12T11:24:47.556+0000] {logging_mixin.py:190} INFO - [2026-04-12T11:24:47.556+0000] {dagbag.py:588} INFO - Filling up the DagBag from /home/airflow/.local/lib/python3.12/site-packages/airflow/example_dags/example_setup_teardown.py
[2026-04-12T11:24:47.564+0000] {processor.py:925} INFO - DAG(s) 'example_setup_teardown' retrieved from /home/airflow/.local/lib/python3.12/site-packages/airflow/example_dags/example_setup_teardown.py
[2026-04-12T11:24:47.584+0000] {logging_mixin.py:190} INFO - [2026-04-12T11:24:47.583+0000] {dag.py:3239} INFO - Sync 1 DAGs
[2026-04-12T11:24:47.597+0000] {logging_mixin.py:190} INFO - [2026-04-12T11:24:47.596+0000] {dag.py:4180} INFO - Setting next_dagrun for example_setup_teardown to None, run_after=None
[2026-04-12T11:24:47.613+0000] {processor.py:208} INFO - Processing /home/airflow/.local/lib/python3.12/site-packages/airflow/example_dags/example_setup_teardown.py took 0.064 seconds
[2026-04-12T11:25:17.759+0000] {processor.py:186} INFO - Started process (PID=7714) to work on /home/airflow/.local/lib/python3.12/site-packages/airflow/example_dags/example_setup_teardown.py
[2026-04-12T11:25:17.762+0000] {processor.py:914} INFO - Processing file /home/airflow/.local/lib/python3.12/site-packages/airflow/example_dags/example_setup_teardown.py for tasks to queue
[2026-04-12T11:25:17.763+0000] {logging_mixin.py:190} INFO - [2026-04-12T11:25:17.763+0000] {dagbag.py:588} INFO - Filling up the DagBag from /home/airflow/.local/lib/python3.12/site-packages/airflow/example_dags/example_setup_teardown.py
[2026-04-12T11:25:17.770+0000] {processor.py:925} INFO - DAG(s) 'example_setup_teardown' retrieved from /home/airflow/.local/lib/python3.12/site-packages/airflow/example_dags/example_setup_teardown.py
[2026-04-12T11:25:17.790+0000] {logging_mixin.py:190} INFO - [2026-04-12T11:25:17.790+0000] {dag.py:3239} INFO - Sync 1 DAGs
[2026-04-12T11:25:17.802+0000] {logging_mixin.py:190} INFO - [2026-04-12T11:25:17.802+0000] {dag.py:4180} INFO - Setting next_dagrun for example_setup_teardown to None, run_after=None
[2026-04-12T11:25:17.813+0000] {processor.py:208} INFO - Processing /home/airflow/.local/lib/python3.12/site-packages/airflow/example_dags/example_setup_teardown.py took 0.059 seconds
[2026-04-12T11:25:47.957+0000] {processor.py:186} INFO - Started process (PID=8010) to work on /home/airflow/.local/lib/python3.12/site-packages/airflow/example_dags/example_setup_teardown.py
[2026-04-12T11:25:47.958+0000] {processor.py:914} INFO - Processing file /home/airflow/.local/lib/python3.12/site-packages/airflow/example_dags/example_setup_teardown.py for tasks to queue
[2026-04-12T11:25:47.959+0000] {logging_mixin.py:190} INFO - [2026-04-12T11:25:47.959+0000] {dagbag.py:588} INFO - Filling up the DagBag from /home/airflow/.local/lib/python3.12/site-packages/airflow/example_dags/example_setup_teardown.py
[2026-04-12T11:25:47.965+0000] {processor.py:925} INFO - DAG(s) 'example_setup_teardown' retrieved from /home/airflow/.local/lib/python3.12/site-packages/airflow/example_dags/example_setup_teardown.py
[2026-04-12T11:25:47.978+0000] {logging_mixin.py:190} INFO - [2026-04-12T11:25:47.978+0000] {dag.py:3239} INFO - Sync 1 DAGs
[2026-04-12T11:25:47.989+0000] {logging_mixin.py:190} INFO - [2026-04-12T11:25:47.989+0000] {dag.py:4180} INFO - Setting next_dagrun for example_setup_teardown to None, run_after=None
[2026-04-12T11:25:48.006+0000] {processor.py:208} INFO - Processing /home/airflow/.local/lib/python3.12/site-packages/airflow/example_dags/example_setup_teardown.py took 0.054 seconds
[2026-04-12T11:27:09.486+0000] {processor.py:186} INFO - Started process (PID=8180) to work on /home/airflow/.local/lib/python3.12/site-packages/airflow/example_dags/example_setup_teardown.py
[2026-04-12T11:27:09.488+0000] {processor.py:914} INFO - Processing file /home/airflow/.local/lib/python3.12/site-packages/airflow/example_dags/example_setup_teardown.py for tasks to queue
[2026-04-12T11:27:09.489+0000] {logging_mixin.py:190} INFO - [2026-04-12T11:27:09.489+0000] {dagbag.py:588} INFO - Filling up the DagBag from /home/airflow/.local/lib/python3.12/site-packages/airflow/example_dags/example_setup_teardown.py
[2026-04-12T11:27:09.495+0000] {processor.py:925} INFO - DAG(s) 'example_setup_teardown' retrieved from /home/airflow/.local/lib/python3.12/site-packages/airflow/example_dags/example_setup_teardown.py
[2026-04-12T11:27:09.508+0000] {logging_mixin.py:190} INFO - [2026-04-12T11:27:09.508+0000] {dag.py:3239} INFO - Sync 1 DAGs
[2026-04-12T11:27:09.519+0000] {logging_mixin.py:190} INFO - [2026-04-12T11:27:09.519+0000] {dag.py:4180} INFO - Setting next_dagrun for example_setup_teardown to None, run_after=None
[2026-04-12T11:27:09.536+0000] {processor.py:208} INFO - Processing /home/airflow/.local/lib/python3.12/site-packages/airflow/example_dags/example_setup_teardown.py took 0.054 seconds
[2026-04-12T11:29:45.517+0000] {processor.py:186} INFO - Started process (PID=8476) to work on /home/airflow/.local/lib/python3.12/site-packages/airflow/example_dags/example_setup_teardown.py
[2026-04-12T11:29:45.518+0000] {processor.py:914} INFO - Processing file /home/airflow/.local/lib/python3.12/site-packages/airflow/example_dags/example_setup_teardown.py for tasks to queue
[2026-04-12T11:29:45.521+0000] {logging_mixin.py:190} INFO - [2026-04-12T11:29:45.521+0000] {dagbag.py:588} INFO - Filling up the DagBag from /home/airflow/.local/lib/python3.12/site-packages/airflow/example_dags/example_setup_teardown.py
[2026-04-12T11:29:45.534+0000] {processor.py:925} INFO - DAG(s) 'example_setup_teardown' retrieved from /home/airflow/.local/lib/python3.12/site-packages/airflow/example_dags/example_setup_teardown.py
[2026-04-12T11:29:45.551+0000] {logging_mixin.py:190} INFO - [2026-04-12T11:29:45.551+0000] {dag.py:3239} INFO - Sync 1 DAGs
[2026-04-12T11:29:45.561+0000] {logging_mixin.py:190} INFO - [2026-04-12T11:29:45.561+0000] {dag.py:4180} INFO - Setting next_dagrun for example_setup_teardown to None, run_after=None
[2026-04-12T11:29:45.578+0000] {processor.py:208} INFO - Processing /home/airflow/.local/lib/python3.12/site-packages/airflow/example_dags/example_setup_teardown.py took 0.070 seconds
[2026-04-12T11:30:15.803+0000] {processor.py:186} INFO - Started process (PID=8772) to work on /home/airflow/.local/lib/python3.12/site-packages/airflow/example_dags/example_setup_teardown.py
[2026-04-12T11:30:15.805+0000] {processor.py:914} INFO - Processing file /home/airflow/.local/lib/python3.12/site-packages/airflow/example_dags/example_setup_teardown.py for tasks to queue
[2026-04-12T11:30:15.807+0000] {logging_mixin.py:190} INFO - [2026-04-12T11:30:15.806+0000] {dagbag.py:588} INFO - Filling up the DagBag from /home/airflow/.local/lib/python3.12/site-packages/airflow/example_dags/example_setup_teardown.py
[2026-04-12T11:30:15.816+0000] {processor.py:925} INFO - DAG(s) 'example_setup_teardown' retrieved from /home/airflow/.local/lib/python3.12/site-packages/airflow/example_dags/example_setup_teardown.py
[2026-04-12T11:30:15.835+0000] {logging_mixin.py:190} INFO - [2026-04-12T11:30:15.835+0000] {dag.py:3239} INFO - Sync 1 DAGs
[2026-04-12T11:30:15.844+0000] {logging_mixin.py:190} INFO - [2026-04-12T11:30:15.844+0000] {dag.py:4180} INFO - Setting next_dagrun for example_setup_teardown to None, run_after=None
[2026-04-12T11:30:15.856+0000] {processor.py:208} INFO - Processing /home/airflow/.local/lib/python3.12/site-packages/airflow/example_dags/example_setup_teardown.py took 0.056 seconds
[2026-04-12T11:30:46.335+0000] {processor.py:186} INFO - Started process (PID=9070) to work on /home/airflow/.local/lib/python3.12/site-packages/airflow/example_dags/example_setup_teardown.py
[2026-04-12T11:30:46.336+0000] {processor.py:914} INFO - Processing file /home/airflow/.local/lib/python3.12/site-packages/airflow/example_dags/example_setup_teardown.py for tasks to queue
[2026-04-12T11:30:46.337+0000] {logging_mixin.py:190} INFO - [2026-04-12T11:30:46.337+0000] {dagbag.py:588} INFO - Filling up the DagBag from /home/airflow/.local/lib/python3.12/site-packages/airflow/example_dags/example_setup_teardown.py
[2026-04-12T11:30:46.343+0000] {processor.py:925} INFO - DAG(s) 'example_setup_teardown' retrieved from /home/airflow/.local/lib/python3.12/site-packages/airflow/example_dags/example_setup_teardown.py
[2026-04-12T11:30:46.362+0000] {logging_mixin.py:190} INFO - [2026-04-12T11:30:46.362+0000] {dag.py:3239} INFO - Sync 1 DAGs
[2026-04-12T11:30:46.371+0000] {logging_mixin.py:190} INFO - [2026-04-12T11:30:46.371+0000] {dag.py:4180} INFO - Setting next_dagrun for example_setup_teardown to None, run_after=None
[2026-04-12T11:30:46.387+0000] {processor.py:208} INFO - Processing /home/airflow/.local/lib/python3.12/site-packages/airflow/example_dags/example_setup_teardown.py took 0.056 seconds
[2026-04-12T11:31:16.490+0000] {processor.py:186} INFO - Started process (PID=9363) to work on /home/airflow/.local/lib/python3.12/site-packages/airflow/example_dags/example_setup_teardown.py
[2026-04-12T11:31:16.491+0000] {processor.py:914} INFO - Processing file /home/airflow/.local/lib/python3.12/site-packages/airflow/example_dags/example_setup_teardown.py for tasks to queue
[2026-04-12T11:31:16.493+0000] {logging_mixin.py:190} INFO - [2026-04-12T11:31:16.493+0000] {dagbag.py:588} INFO - Filling up the DagBag from /home/airflow/.local/lib/python3.12/site-packages/airflow/example_dags/example_setup_teardown.py
[2026-04-12T11:31:16.500+0000] {processor.py:925} INFO - DAG(s) 'example_setup_teardown' retrieved from /home/airflow/.local/lib/python3.12/site-packages/airflow/example_dags/example_setup_teardown.py
[2026-04-12T11:31:16.514+0000] {logging_mixin.py:190} INFO - [2026-04-12T11:31:16.514+0000] {dag.py:3239} INFO - Sync 1 DAGs
[2026-04-12T11:31:16.524+0000] {logging_mixin.py:190} INFO - [2026-04-12T11:31:16.523+0000] {dag.py:4180} INFO - Setting next_dagrun for example_setup_teardown to None, run_after=None
[2026-04-12T11:31:16.539+0000] {processor.py:208} INFO - Processing /home/airflow/.local/lib/python3.12/site-packages/airflow/example_dags/example_setup_teardown.py took 0.052 seconds
[2026-04-12T11:31:46.877+0000] {processor.py:186} INFO - Started process (PID=9659) to work on /home/airflow/.local/lib/python3.12/site-packages/airflow/example_dags/example_setup_teardown.py
[2026-04-12T11:31:46.882+0000] {processor.py:914} INFO - Processing file /home/airflow/.local/lib/python3.12/site-packages/airflow/example_dags/example_setup_teardown.py for tasks to queue
[2026-04-12T11:31:46.883+0000] {logging_mixin.py:190} INFO - [2026-04-12T11:31:46.883+0000] {dagbag.py:588} INFO - Filling up the DagBag from /home/airflow/.local/lib/python3.12/site-packages/airflow/example_dags/example_setup_teardown.py
[2026-04-12T11:31:46.891+0000] {processor.py:925} INFO - DAG(s) 'example_setup_teardown' retrieved from /home/airflow/.local/lib/python3.12/site-packages/airflow/example_dags/example_setup_teardown.py
[2026-04-12T11:31:46.913+0000] {logging_mixin.py:190} INFO - [2026-04-12T11:31:46.913+0000] {dag.py:3239} INFO - Sync 1 DAGs
[2026-04-12T11:31:46.926+0000] {logging_mixin.py:190} INFO - [2026-04-12T11:31:46.926+0000] {dag.py:4180} INFO - Setting next_dagrun for example_setup_teardown to None, run_after=None
[2026-04-12T11:31:46.937+0000] {processor.py:208} INFO - Processing /home/airflow/.local/lib/python3.12/site-packages/airflow/example_dags/example_setup_teardown.py took 0.065 seconds
[2026-04-12T11:32:18.134+0000] {processor.py:186} INFO - Started process (PID=9955) to work on /home/airflow/.local/lib/python3.12/site-packages/airflow/example_dags/example_setup_teardown.py
[2026-04-12T11:32:18.135+0000] {processor.py:914} INFO - Processing file /home/airflow/.local/lib/python3.12/site-packages/airflow/example_dags/example_setup_teardown.py for tasks to queue
[2026-04-12T11:32:18.137+0000] {logging_mixin.py:190} INFO - [2026-04-12T11:32:18.137+0000] {dagbag.py:588} INFO - Filling up the DagBag from /home/airflow/.local/lib/python3.12/site-packages/airflow/example_dags/example_setup_teardown.py
[2026-04-12T11:32:18.142+0000] {processor.py:925} INFO - DAG(s) 'example_setup_teardown' retrieved from /home/airflow/.local/lib/python3.12/site-packages/airflow/example_dags/example_setup_teardown.py
[2026-04-12T11:32:18.162+0000] {logging_mixin.py:190} INFO - [2026-04-12T11:32:18.162+0000] {dag.py:3239} INFO - Sync 1 DAGs
[2026-04-12T11:32:18.172+0000] {logging_mixin.py:190} INFO - [2026-04-12T11:32:18.172+0000] {dag.py:4180} INFO - Setting next_dagrun for example_setup_teardown to None, run_after=None
[2026-04-12T11:32:18.184+0000] {processor.py:208} INFO - Processing /home/airflow/.local/lib/python3.12/site-packages/airflow/example_dags/example_setup_teardown.py took 0.054 seconds
[2026-04-12T11:32:49.092+0000] {processor.py:186} INFO - Started process (PID=10251) to work on /home/airflow/.local/lib/python3.12/site-packages/airflow/example_dags/example_setup_teardown.py
[2026-04-12T11:32:49.092+0000] {processor.py:914} INFO - Processing file /home/airflow/.local/lib/python3.12/site-packages/airflow/example_dags/example_setup_teardown.py for tasks to queue
[2026-04-12T11:32:49.094+0000] {logging_mixin.py:190} INFO - [2026-04-12T11:32:49.094+0000] {dagbag.py:588} INFO - Filling up the DagBag from /home/airflow/.local/lib/python3.12/site-packages/airflow/example_dags/example_setup_teardown.py
[2026-04-12T11:32:49.100+0000] {processor.py:925} INFO - DAG(s) 'example_setup_teardown' retrieved from /home/airflow/.local/lib/python3.12/site-packages/airflow/example_dags/example_setup_teardown.py
[2026-04-12T11:32:49.117+0000] {logging_mixin.py:190} INFO - [2026-04-12T11:32:49.117+0000] {dag.py:3239} INFO - Sync 1 DAGs
[2026-04-12T11:32:49.130+0000] {logging_mixin.py:190} INFO - [2026-04-12T11:32:49.130+0000] {dag.py:4180} INFO - Setting next_dagrun for example_setup_teardown to None, run_after=None
[2026-04-12T11:32:49.149+0000] {processor.py:208} INFO - Processing /home/airflow/.local/lib/python3.12/site-packages/airflow/example_dags/example_setup_teardown.py took 0.061 seconds
[2026-04-12T11:33:20.045+0000] {processor.py:186} INFO - Started process (PID=10547) to work on /home/airflow/.local/lib/python3.12/site-packages/airflow/example_dags/example_setup_teardown.py
[2026-04-12T11:33:20.048+0000] {processor.py:914} INFO - Processing file /home/airflow/.local/lib/python3.12/site-packages/airflow/example_dags/example_setup_teardown.py for tasks to queue
[2026-04-12T11:33:20.049+0000] {logging_mixin.py:190} INFO - [2026-04-12T11:33:20.049+0000] {dagbag.py:588} INFO - Filling up the DagBag from /home/airflow/.local/lib/python3.12/site-packages/airflow/example_dags/example_setup_teardown.py
[2026-04-12T11:33:20.054+0000] {processor.py:925} INFO - DAG(s) 'example_setup_teardown' retrieved from /home/airflow/.local/lib/python3.12/site-packages/airflow/example_dags/example_setup_teardown.py
[2026-04-12T11:33:20.073+0000] {logging_mixin.py:190} INFO - [2026-04-12T11:33:20.073+0000] {dag.py:3239} INFO - Sync 1 DAGs
[2026-04-12T11:33:20.082+0000] {logging_mixin.py:190} INFO - [2026-04-12T11:33:20.082+0000] {dag.py:4180} INFO - Setting next_dagrun for example_setup_teardown to None, run_after=None
[2026-04-12T11:33:20.099+0000] {processor.py:208} INFO - Processing /home/airflow/.local/lib/python3.12/site-packages/airflow/example_dags/example_setup_teardown.py took 0.058 seconds
[2026-04-12T11:33:51.004+0000] {processor.py:186} INFO - Started process (PID=10842) to work on /home/airflow/.local/lib/python3.12/site-packages/airflow/example_dags/example_setup_teardown.py
[2026-04-12T11:33:51.005+0000] {processor.py:914} INFO - Processing file /home/airflow/.local/lib/python3.12/site-packages/airflow/example_dags/example_setup_teardown.py for tasks to queue
[2026-04-12T11:33:51.008+0000] {logging_mixin.py:190} INFO - [2026-04-12T11:33:51.008+0000] {dagbag.py:588} INFO - Filling up the DagBag from /home/airflow/.local/lib/python3.12/site-packages/airflow/example_dags/example_setup_teardown.py
[2026-04-12T11:33:51.027+0000] {processor.py:925} INFO - DAG(s) 'example_setup_teardown' retrieved from /home/airflow/.local/lib/python3.12/site-packages/airflow/example_dags/example_setup_teardown.py
[2026-04-12T11:33:51.066+0000] {logging_mixin.py:190} INFO - [2026-04-12T11:33:51.065+0000] {dag.py:3239} INFO - Sync 1 DAGs
[2026-04-12T11:33:51.079+0000] {logging_mixin.py:190} INFO - [2026-04-12T11:33:51.079+0000] {dag.py:4180} INFO - Setting next_dagrun for example_setup_teardown to None, run_after=None
[2026-04-12T11:33:51.095+0000] {processor.py:208} INFO - Processing /home/airflow/.local/lib/python3.12/site-packages/airflow/example_dags/example_setup_teardown.py took 0.121 seconds
[2026-04-12T11:34:21.951+0000] {processor.py:186} INFO - Started process (PID=11138) to work on /home/airflow/.local/lib/python3.12/site-packages/airflow/example_dags/example_setup_teardown.py
[2026-04-12T11:34:21.953+0000] {processor.py:914} INFO - Processing file /home/airflow/.local/lib/python3.12/site-packages/airflow/example_dags/example_setup_teardown.py for tasks to queue
[2026-04-12T11:34:21.956+0000] {logging_mixin.py:190} INFO - [2026-04-12T11:34:21.956+0000] {dagbag.py:588} INFO - Filling up the DagBag from /home/airflow/.local/lib/python3.12/site-packages/airflow/example_dags/example_setup_teardown.py
[2026-04-12T11:34:21.964+0000] {processor.py:925} INFO - DAG(s) 'example_setup_teardown' retrieved from /home/airflow/.local/lib/python3.12/site-packages/airflow/example_dags/example_setup_teardown.py
[2026-04-12T11:34:21.983+0000] {logging_mixin.py:190} INFO - [2026-04-12T11:34:21.983+0000] {dag.py:3239} INFO - Sync 1 DAGs
[2026-04-12T11:34:21.994+0000] {logging_mixin.py:190} INFO - [2026-04-12T11:34:21.993+0000] {dag.py:4180} INFO - Setting next_dagrun for example_setup_teardown to None, run_after=None
[2026-04-12T11:34:22.006+0000] {processor.py:208} INFO - Processing /home/airflow/.local/lib/python3.12/site-packages/airflow/example_dags/example_setup_teardown.py took 0.059 seconds
[2026-04-12T11:34:52.825+0000] {processor.py:186} INFO - Started process (PID=11434) to work on /home/airflow/.local/lib/python3.12/site-packages/airflow/example_dags/example_setup_teardown.py
[2026-04-12T11:34:52.826+0000] {processor.py:914} INFO - Processing file /home/airflow/.local/lib/python3.12/site-packages/airflow/example_dags/example_setup_teardown.py for tasks to queue
[2026-04-12T11:34:52.828+0000] {logging_mixin.py:190} INFO - [2026-04-12T11:34:52.828+0000] {dagbag.py:588} INFO - Filling up the DagBag from /home/airflow/.local/lib/python3.12/site-packages/airflow/example_dags/example_setup_teardown.py
[2026-04-12T11:34:52.835+0000] {processor.py:925} INFO - DAG(s) 'example_setup_teardown' retrieved from /home/airflow/.local/lib/python3.12/site-packages/airflow/example_dags/example_setup_teardown.py
[2026-04-12T11:34:52.853+0000] {logging_mixin.py:190} INFO - [2026-04-12T11:34:52.853+0000] {dag.py:3239} INFO - Sync 1 DAGs
[2026-04-12T11:34:52.863+0000] {logging_mixin.py:190} INFO - [2026-04-12T11:34:52.863+0000] {dag.py:4180} INFO - Setting next_dagrun for example_setup_teardown to None, run_after=None
[2026-04-12T11:34:52.876+0000] {processor.py:208} INFO - Processing /home/airflow/.local/lib/python3.12/site-packages/airflow/example_dags/example_setup_teardown.py took 0.056 seconds
