[2026-04-12T11:12:33.253+0000] {processor.py:186} INFO - Started process (PID=356) to work on /home/airflow/.local/lib/python3.12/site-packages/airflow/example_dags/example_latest_only_with_trigger.py
[2026-04-12T11:12:33.254+0000] {processor.py:914} INFO - Processing file /home/airflow/.local/lib/python3.12/site-packages/airflow/example_dags/example_latest_only_with_trigger.py for tasks to queue
[2026-04-12T11:12:33.256+0000] {logging_mixin.py:190} INFO - [2026-04-12T11:12:33.255+0000] {dagbag.py:588} INFO - Filling up the DagBag from /home/airflow/.local/lib/python3.12/site-packages/airflow/example_dags/example_latest_only_with_trigger.py
[2026-04-12T11:12:33.264+0000] {processor.py:925} INFO - DAG(s) 'latest_only_with_trigger' retrieved from /home/airflow/.local/lib/python3.12/site-packages/airflow/example_dags/example_latest_only_with_trigger.py
[2026-04-12T11:12:33.375+0000] {logging_mixin.py:190} INFO - [2026-04-12T11:12:33.374+0000] {override.py:1912} INFO - Created Permission View: can edit on DAG:latest_only_with_trigger
[2026-04-12T11:12:33.390+0000] {logging_mixin.py:190} INFO - [2026-04-12T11:12:33.390+0000] {override.py:1912} INFO - Created Permission View: can delete on DAG:latest_only_with_trigger
[2026-04-12T11:12:33.397+0000] {logging_mixin.py:190} INFO - [2026-04-12T11:12:33.397+0000] {override.py:1912} INFO - Created Permission View: can read on DAG:latest_only_with_trigger
[2026-04-12T11:12:33.404+0000] {logging_mixin.py:190} INFO - [2026-04-12T11:12:33.404+0000] {override.py:1912} INFO - Created Permission View: can delete on DAG Run:latest_only_with_trigger
[2026-04-12T11:12:33.410+0000] {logging_mixin.py:190} INFO - [2026-04-12T11:12:33.410+0000] {override.py:1912} INFO - Created Permission View: can create on DAG Run:latest_only_with_trigger
[2026-04-12T11:12:33.416+0000] {logging_mixin.py:190} INFO - [2026-04-12T11:12:33.416+0000] {override.py:1912} INFO - Created Permission View: can read on DAG Run:latest_only_with_trigger
[2026-04-12T11:12:33.422+0000] {logging_mixin.py:190} INFO - [2026-04-12T11:12:33.422+0000] {override.py:1912} INFO - Created Permission View: menu access on DAG Run:latest_only_with_trigger
[2026-04-12T11:12:33.423+0000] {logging_mixin.py:190} INFO - [2026-04-12T11:12:33.423+0000] {dag.py:3239} INFO - Sync 1 DAGs
[2026-04-12T11:12:33.437+0000] {logging_mixin.py:190} INFO - [2026-04-12T11:12:33.436+0000] {dag.py:3262} INFO - Creating ORM DAG for latest_only_with_trigger
[2026-04-12T11:12:33.448+0000] {logging_mixin.py:190} INFO - [2026-04-12T11:12:33.448+0000] {dag.py:4180} INFO - Setting next_dagrun for latest_only_with_trigger to 2026-04-12 04:00:00+00:00, run_after=2026-04-12 08:00:00+00:00
[2026-04-12T11:12:33.466+0000] {processor.py:208} INFO - Processing /home/airflow/.local/lib/python3.12/site-packages/airflow/example_dags/example_latest_only_with_trigger.py took 0.219 seconds
[2026-04-12T11:13:04.080+0000] {processor.py:186} INFO - Started process (PID=646) to work on /home/airflow/.local/lib/python3.12/site-packages/airflow/example_dags/example_latest_only_with_trigger.py
[2026-04-12T11:13:04.083+0000] {processor.py:914} INFO - Processing file /home/airflow/.local/lib/python3.12/site-packages/airflow/example_dags/example_latest_only_with_trigger.py for tasks to queue
[2026-04-12T11:13:04.086+0000] {logging_mixin.py:190} INFO - [2026-04-12T11:13:04.085+0000] {dagbag.py:588} INFO - Filling up the DagBag from /home/airflow/.local/lib/python3.12/site-packages/airflow/example_dags/example_latest_only_with_trigger.py
[2026-04-12T11:13:04.093+0000] {processor.py:925} INFO - DAG(s) 'latest_only_with_trigger' retrieved from /home/airflow/.local/lib/python3.12/site-packages/airflow/example_dags/example_latest_only_with_trigger.py
[2026-04-12T11:13:04.114+0000] {logging_mixin.py:190} INFO - [2026-04-12T11:13:04.113+0000] {dag.py:3239} INFO - Sync 1 DAGs
[2026-04-12T11:13:04.136+0000] {logging_mixin.py:190} INFO - [2026-04-12T11:13:04.135+0000] {dag.py:4180} INFO - Setting next_dagrun for latest_only_with_trigger to 2026-04-12 04:00:00+00:00, run_after=2026-04-12 08:00:00+00:00
[2026-04-12T11:13:04.156+0000] {processor.py:208} INFO - Processing /home/airflow/.local/lib/python3.12/site-packages/airflow/example_dags/example_latest_only_with_trigger.py took 0.080 seconds
[2026-04-12T11:13:34.461+0000] {processor.py:186} INFO - Started process (PID=943) to work on /home/airflow/.local/lib/python3.12/site-packages/airflow/example_dags/example_latest_only_with_trigger.py
[2026-04-12T11:13:34.462+0000] {processor.py:914} INFO - Processing file /home/airflow/.local/lib/python3.12/site-packages/airflow/example_dags/example_latest_only_with_trigger.py for tasks to queue
[2026-04-12T11:13:34.464+0000] {logging_mixin.py:190} INFO - [2026-04-12T11:13:34.463+0000] {dagbag.py:588} INFO - Filling up the DagBag from /home/airflow/.local/lib/python3.12/site-packages/airflow/example_dags/example_latest_only_with_trigger.py
[2026-04-12T11:13:34.469+0000] {processor.py:925} INFO - DAG(s) 'latest_only_with_trigger' retrieved from /home/airflow/.local/lib/python3.12/site-packages/airflow/example_dags/example_latest_only_with_trigger.py
[2026-04-12T11:13:34.490+0000] {logging_mixin.py:190} INFO - [2026-04-12T11:13:34.489+0000] {dag.py:3239} INFO - Sync 1 DAGs
[2026-04-12T11:13:34.536+0000] {logging_mixin.py:190} INFO - [2026-04-12T11:13:34.535+0000] {dag.py:4180} INFO - Setting next_dagrun for latest_only_with_trigger to 2026-04-12 04:00:00+00:00, run_after=2026-04-12 08:00:00+00:00
[2026-04-12T11:13:34.568+0000] {processor.py:208} INFO - Processing /home/airflow/.local/lib/python3.12/site-packages/airflow/example_dags/example_latest_only_with_trigger.py took 0.111 seconds
[2026-04-12T11:14:05.444+0000] {processor.py:186} INFO - Started process (PID=1239) to work on /home/airflow/.local/lib/python3.12/site-packages/airflow/example_dags/example_latest_only_with_trigger.py
[2026-04-12T11:14:05.445+0000] {processor.py:914} INFO - Processing file /home/airflow/.local/lib/python3.12/site-packages/airflow/example_dags/example_latest_only_with_trigger.py for tasks to queue
[2026-04-12T11:14:05.446+0000] {logging_mixin.py:190} INFO - [2026-04-12T11:14:05.446+0000] {dagbag.py:588} INFO - Filling up the DagBag from /home/airflow/.local/lib/python3.12/site-packages/airflow/example_dags/example_latest_only_with_trigger.py
[2026-04-12T11:14:05.455+0000] {processor.py:925} INFO - DAG(s) 'latest_only_with_trigger' retrieved from /home/airflow/.local/lib/python3.12/site-packages/airflow/example_dags/example_latest_only_with_trigger.py
[2026-04-12T11:14:05.476+0000] {logging_mixin.py:190} INFO - [2026-04-12T11:14:05.476+0000] {dag.py:3239} INFO - Sync 1 DAGs
[2026-04-12T11:14:05.498+0000] {logging_mixin.py:190} INFO - [2026-04-12T11:14:05.498+0000] {dag.py:4180} INFO - Setting next_dagrun for latest_only_with_trigger to 2026-04-12 04:00:00+00:00, run_after=2026-04-12 08:00:00+00:00
[2026-04-12T11:14:05.518+0000] {processor.py:208} INFO - Processing /home/airflow/.local/lib/python3.12/site-packages/airflow/example_dags/example_latest_only_with_trigger.py took 0.078 seconds
[2026-04-12T11:14:36.680+0000] {processor.py:186} INFO - Started process (PID=1537) to work on /home/airflow/.local/lib/python3.12/site-packages/airflow/example_dags/example_latest_only_with_trigger.py
[2026-04-12T11:14:36.682+0000] {processor.py:914} INFO - Processing file /home/airflow/.local/lib/python3.12/site-packages/airflow/example_dags/example_latest_only_with_trigger.py for tasks to queue
[2026-04-12T11:14:36.685+0000] {logging_mixin.py:190} INFO - [2026-04-12T11:14:36.685+0000] {dagbag.py:588} INFO - Filling up the DagBag from /home/airflow/.local/lib/python3.12/site-packages/airflow/example_dags/example_latest_only_with_trigger.py
[2026-04-12T11:14:36.700+0000] {processor.py:925} INFO - DAG(s) 'latest_only_with_trigger' retrieved from /home/airflow/.local/lib/python3.12/site-packages/airflow/example_dags/example_latest_only_with_trigger.py
[2026-04-12T11:14:36.756+0000] {logging_mixin.py:190} INFO - [2026-04-12T11:14:36.755+0000] {dag.py:3239} INFO - Sync 1 DAGs
[2026-04-12T11:14:36.804+0000] {logging_mixin.py:190} INFO - [2026-04-12T11:14:36.804+0000] {dag.py:4180} INFO - Setting next_dagrun for latest_only_with_trigger to 2026-04-12 04:00:00+00:00, run_after=2026-04-12 08:00:00+00:00
[2026-04-12T11:14:36.836+0000] {processor.py:208} INFO - Processing /home/airflow/.local/lib/python3.12/site-packages/airflow/example_dags/example_latest_only_with_trigger.py took 0.163 seconds
[2026-04-12T11:15:07.348+0000] {processor.py:186} INFO - Started process (PID=1832) to work on /home/airflow/.local/lib/python3.12/site-packages/airflow/example_dags/example_latest_only_with_trigger.py
[2026-04-12T11:15:07.349+0000] {processor.py:914} INFO - Processing file /home/airflow/.local/lib/python3.12/site-packages/airflow/example_dags/example_latest_only_with_trigger.py for tasks to queue
[2026-04-12T11:15:07.353+0000] {logging_mixin.py:190} INFO - [2026-04-12T11:15:07.353+0000] {dagbag.py:588} INFO - Filling up the DagBag from /home/airflow/.local/lib/python3.12/site-packages/airflow/example_dags/example_latest_only_with_trigger.py
[2026-04-12T11:15:07.359+0000] {processor.py:925} INFO - DAG(s) 'latest_only_with_trigger' retrieved from /home/airflow/.local/lib/python3.12/site-packages/airflow/example_dags/example_latest_only_with_trigger.py
[2026-04-12T11:15:07.378+0000] {logging_mixin.py:190} INFO - [2026-04-12T11:15:07.377+0000] {dag.py:3239} INFO - Sync 1 DAGs
[2026-04-12T11:15:07.398+0000] {logging_mixin.py:190} INFO - [2026-04-12T11:15:07.398+0000] {dag.py:4180} INFO - Setting next_dagrun for latest_only_with_trigger to 2026-04-12 04:00:00+00:00, run_after=2026-04-12 08:00:00+00:00
[2026-04-12T11:15:07.416+0000] {processor.py:208} INFO - Processing /home/airflow/.local/lib/python3.12/site-packages/airflow/example_dags/example_latest_only_with_trigger.py took 0.074 seconds
[2026-04-12T11:15:38.014+0000] {processor.py:186} INFO - Started process (PID=2130) to work on /home/airflow/.local/lib/python3.12/site-packages/airflow/example_dags/example_latest_only_with_trigger.py
[2026-04-12T11:15:38.017+0000] {processor.py:914} INFO - Processing file /home/airflow/.local/lib/python3.12/site-packages/airflow/example_dags/example_latest_only_with_trigger.py for tasks to queue
[2026-04-12T11:15:38.020+0000] {logging_mixin.py:190} INFO - [2026-04-12T11:15:38.019+0000] {dagbag.py:588} INFO - Filling up the DagBag from /home/airflow/.local/lib/python3.12/site-packages/airflow/example_dags/example_latest_only_with_trigger.py
[2026-04-12T11:15:38.027+0000] {processor.py:925} INFO - DAG(s) 'latest_only_with_trigger' retrieved from /home/airflow/.local/lib/python3.12/site-packages/airflow/example_dags/example_latest_only_with_trigger.py
[2026-04-12T11:15:38.044+0000] {logging_mixin.py:190} INFO - [2026-04-12T11:15:38.043+0000] {dag.py:3239} INFO - Sync 1 DAGs
[2026-04-12T11:15:38.060+0000] {logging_mixin.py:190} INFO - [2026-04-12T11:15:38.060+0000] {dag.py:4180} INFO - Setting next_dagrun for latest_only_with_trigger to 2026-04-12 04:00:00+00:00, run_after=2026-04-12 08:00:00+00:00
[2026-04-12T11:15:38.074+0000] {processor.py:208} INFO - Processing /home/airflow/.local/lib/python3.12/site-packages/airflow/example_dags/example_latest_only_with_trigger.py took 0.066 seconds
[2026-04-12T11:16:08.267+0000] {processor.py:186} INFO - Started process (PID=2426) to work on /home/airflow/.local/lib/python3.12/site-packages/airflow/example_dags/example_latest_only_with_trigger.py
[2026-04-12T11:16:08.268+0000] {processor.py:914} INFO - Processing file /home/airflow/.local/lib/python3.12/site-packages/airflow/example_dags/example_latest_only_with_trigger.py for tasks to queue
[2026-04-12T11:16:08.271+0000] {logging_mixin.py:190} INFO - [2026-04-12T11:16:08.270+0000] {dagbag.py:588} INFO - Filling up the DagBag from /home/airflow/.local/lib/python3.12/site-packages/airflow/example_dags/example_latest_only_with_trigger.py
[2026-04-12T11:16:08.277+0000] {processor.py:925} INFO - DAG(s) 'latest_only_with_trigger' retrieved from /home/airflow/.local/lib/python3.12/site-packages/airflow/example_dags/example_latest_only_with_trigger.py
[2026-04-12T11:16:08.298+0000] {logging_mixin.py:190} INFO - [2026-04-12T11:16:08.298+0000] {dag.py:3239} INFO - Sync 1 DAGs
[2026-04-12T11:16:08.323+0000] {logging_mixin.py:190} INFO - [2026-04-12T11:16:08.323+0000] {dag.py:4180} INFO - Setting next_dagrun for latest_only_with_trigger to 2026-04-12 04:00:00+00:00, run_after=2026-04-12 08:00:00+00:00
[2026-04-12T11:16:08.349+0000] {processor.py:208} INFO - Processing /home/airflow/.local/lib/python3.12/site-packages/airflow/example_dags/example_latest_only_with_trigger.py took 0.086 seconds
[2026-04-12T11:16:39.322+0000] {processor.py:186} INFO - Started process (PID=2722) to work on /home/airflow/.local/lib/python3.12/site-packages/airflow/example_dags/example_latest_only_with_trigger.py
[2026-04-12T11:16:39.323+0000] {processor.py:914} INFO - Processing file /home/airflow/.local/lib/python3.12/site-packages/airflow/example_dags/example_latest_only_with_trigger.py for tasks to queue
[2026-04-12T11:16:39.325+0000] {logging_mixin.py:190} INFO - [2026-04-12T11:16:39.325+0000] {dagbag.py:588} INFO - Filling up the DagBag from /home/airflow/.local/lib/python3.12/site-packages/airflow/example_dags/example_latest_only_with_trigger.py
[2026-04-12T11:16:39.330+0000] {processor.py:925} INFO - DAG(s) 'latest_only_with_trigger' retrieved from /home/airflow/.local/lib/python3.12/site-packages/airflow/example_dags/example_latest_only_with_trigger.py
[2026-04-12T11:16:39.344+0000] {logging_mixin.py:190} INFO - [2026-04-12T11:16:39.344+0000] {dag.py:3239} INFO - Sync 1 DAGs
[2026-04-12T11:16:39.359+0000] {logging_mixin.py:190} INFO - [2026-04-12T11:16:39.359+0000] {dag.py:4180} INFO - Setting next_dagrun for latest_only_with_trigger to 2026-04-12 04:00:00+00:00, run_after=2026-04-12 08:00:00+00:00
[2026-04-12T11:16:39.370+0000] {processor.py:208} INFO - Processing /home/airflow/.local/lib/python3.12/site-packages/airflow/example_dags/example_latest_only_with_trigger.py took 0.052 seconds
[2026-04-12T11:17:10.280+0000] {processor.py:186} INFO - Started process (PID=3030) to work on /home/airflow/.local/lib/python3.12/site-packages/airflow/example_dags/example_latest_only_with_trigger.py
[2026-04-12T11:17:10.281+0000] {processor.py:914} INFO - Processing file /home/airflow/.local/lib/python3.12/site-packages/airflow/example_dags/example_latest_only_with_trigger.py for tasks to queue
[2026-04-12T11:17:10.282+0000] {logging_mixin.py:190} INFO - [2026-04-12T11:17:10.282+0000] {dagbag.py:588} INFO - Filling up the DagBag from /home/airflow/.local/lib/python3.12/site-packages/airflow/example_dags/example_latest_only_with_trigger.py
[2026-04-12T11:17:10.287+0000] {processor.py:925} INFO - DAG(s) 'latest_only_with_trigger' retrieved from /home/airflow/.local/lib/python3.12/site-packages/airflow/example_dags/example_latest_only_with_trigger.py
[2026-04-12T11:17:10.301+0000] {logging_mixin.py:190} INFO - [2026-04-12T11:17:10.301+0000] {dag.py:3239} INFO - Sync 1 DAGs
[2026-04-12T11:17:10.321+0000] {logging_mixin.py:190} INFO - [2026-04-12T11:17:10.321+0000] {dag.py:4180} INFO - Setting next_dagrun for latest_only_with_trigger to 2026-04-12 04:00:00+00:00, run_after=2026-04-12 08:00:00+00:00
[2026-04-12T11:17:10.350+0000] {processor.py:208} INFO - Processing /home/airflow/.local/lib/python3.12/site-packages/airflow/example_dags/example_latest_only_with_trigger.py took 0.074 seconds
[2026-04-12T11:17:41.165+0000] {processor.py:186} INFO - Started process (PID=3326) to work on /home/airflow/.local/lib/python3.12/site-packages/airflow/example_dags/example_latest_only_with_trigger.py
[2026-04-12T11:17:41.166+0000] {processor.py:914} INFO - Processing file /home/airflow/.local/lib/python3.12/site-packages/airflow/example_dags/example_latest_only_with_trigger.py for tasks to queue
[2026-04-12T11:17:41.167+0000] {logging_mixin.py:190} INFO - [2026-04-12T11:17:41.167+0000] {dagbag.py:588} INFO - Filling up the DagBag from /home/airflow/.local/lib/python3.12/site-packages/airflow/example_dags/example_latest_only_with_trigger.py
[2026-04-12T11:17:41.172+0000] {processor.py:925} INFO - DAG(s) 'latest_only_with_trigger' retrieved from /home/airflow/.local/lib/python3.12/site-packages/airflow/example_dags/example_latest_only_with_trigger.py
[2026-04-12T11:17:41.185+0000] {logging_mixin.py:190} INFO - [2026-04-12T11:17:41.185+0000] {dag.py:3239} INFO - Sync 1 DAGs
[2026-04-12T11:17:41.198+0000] {logging_mixin.py:190} INFO - [2026-04-12T11:17:41.198+0000] {dag.py:4180} INFO - Setting next_dagrun for latest_only_with_trigger to 2026-04-12 04:00:00+00:00, run_after=2026-04-12 08:00:00+00:00
[2026-04-12T11:17:41.208+0000] {processor.py:208} INFO - Processing /home/airflow/.local/lib/python3.12/site-packages/airflow/example_dags/example_latest_only_with_trigger.py took 0.048 seconds
[2026-04-12T11:18:11.895+0000] {processor.py:186} INFO - Started process (PID=3630) to work on /home/airflow/.local/lib/python3.12/site-packages/airflow/example_dags/example_latest_only_with_trigger.py
[2026-04-12T11:18:11.900+0000] {processor.py:914} INFO - Processing file /home/airflow/.local/lib/python3.12/site-packages/airflow/example_dags/example_latest_only_with_trigger.py for tasks to queue
[2026-04-12T11:18:11.903+0000] {logging_mixin.py:190} INFO - [2026-04-12T11:18:11.902+0000] {dagbag.py:588} INFO - Filling up the DagBag from /home/airflow/.local/lib/python3.12/site-packages/airflow/example_dags/example_latest_only_with_trigger.py
[2026-04-12T11:18:11.910+0000] {processor.py:925} INFO - DAG(s) 'latest_only_with_trigger' retrieved from /home/airflow/.local/lib/python3.12/site-packages/airflow/example_dags/example_latest_only_with_trigger.py
[2026-04-12T11:18:11.934+0000] {logging_mixin.py:190} INFO - [2026-04-12T11:18:11.934+0000] {dag.py:3239} INFO - Sync 1 DAGs
[2026-04-12T11:18:11.959+0000] {logging_mixin.py:190} INFO - [2026-04-12T11:18:11.959+0000] {dag.py:4180} INFO - Setting next_dagrun for latest_only_with_trigger to 2026-04-12 04:00:00+00:00, run_after=2026-04-12 08:00:00+00:00
[2026-04-12T11:18:11.972+0000] {processor.py:208} INFO - Processing /home/airflow/.local/lib/python3.12/site-packages/airflow/example_dags/example_latest_only_with_trigger.py took 0.083 seconds
[2026-04-12T11:18:42.357+0000] {processor.py:186} INFO - Started process (PID=3927) to work on /home/airflow/.local/lib/python3.12/site-packages/airflow/example_dags/example_latest_only_with_trigger.py
[2026-04-12T11:18:42.359+0000] {processor.py:914} INFO - Processing file /home/airflow/.local/lib/python3.12/site-packages/airflow/example_dags/example_latest_only_with_trigger.py for tasks to queue
[2026-04-12T11:18:42.361+0000] {logging_mixin.py:190} INFO - [2026-04-12T11:18:42.360+0000] {dagbag.py:588} INFO - Filling up the DagBag from /home/airflow/.local/lib/python3.12/site-packages/airflow/example_dags/example_latest_only_with_trigger.py
[2026-04-12T11:18:42.366+0000] {processor.py:925} INFO - DAG(s) 'latest_only_with_trigger' retrieved from /home/airflow/.local/lib/python3.12/site-packages/airflow/example_dags/example_latest_only_with_trigger.py
[2026-04-12T11:18:42.379+0000] {logging_mixin.py:190} INFO - [2026-04-12T11:18:42.379+0000] {dag.py:3239} INFO - Sync 1 DAGs
[2026-04-12T11:18:42.394+0000] {logging_mixin.py:190} INFO - [2026-04-12T11:18:42.394+0000] {dag.py:4180} INFO - Setting next_dagrun for latest_only_with_trigger to 2026-04-12 04:00:00+00:00, run_after=2026-04-12 08:00:00+00:00
[2026-04-12T11:18:42.405+0000] {processor.py:208} INFO - Processing /home/airflow/.local/lib/python3.12/site-packages/airflow/example_dags/example_latest_only_with_trigger.py took 0.052 seconds
[2026-04-12T11:19:12.687+0000] {processor.py:186} INFO - Started process (PID=4240) to work on /home/airflow/.local/lib/python3.12/site-packages/airflow/example_dags/example_latest_only_with_trigger.py
[2026-04-12T11:19:12.688+0000] {processor.py:914} INFO - Processing file /home/airflow/.local/lib/python3.12/site-packages/airflow/example_dags/example_latest_only_with_trigger.py for tasks to queue
[2026-04-12T11:19:12.689+0000] {logging_mixin.py:190} INFO - [2026-04-12T11:19:12.689+0000] {dagbag.py:588} INFO - Filling up the DagBag from /home/airflow/.local/lib/python3.12/site-packages/airflow/example_dags/example_latest_only_with_trigger.py
[2026-04-12T11:19:12.694+0000] {processor.py:925} INFO - DAG(s) 'latest_only_with_trigger' retrieved from /home/airflow/.local/lib/python3.12/site-packages/airflow/example_dags/example_latest_only_with_trigger.py
[2026-04-12T11:19:12.707+0000] {logging_mixin.py:190} INFO - [2026-04-12T11:19:12.707+0000] {dag.py:3239} INFO - Sync 1 DAGs
[2026-04-12T11:19:12.721+0000] {logging_mixin.py:190} INFO - [2026-04-12T11:19:12.721+0000] {dag.py:4180} INFO - Setting next_dagrun for latest_only_with_trigger to 2026-04-12 04:00:00+00:00, run_after=2026-04-12 08:00:00+00:00
[2026-04-12T11:19:12.733+0000] {processor.py:208} INFO - Processing /home/airflow/.local/lib/python3.12/site-packages/airflow/example_dags/example_latest_only_with_trigger.py took 0.050 seconds
[2026-04-12T11:19:43.527+0000] {processor.py:186} INFO - Started process (PID=4536) to work on /home/airflow/.local/lib/python3.12/site-packages/airflow/example_dags/example_latest_only_with_trigger.py
[2026-04-12T11:19:43.528+0000] {processor.py:914} INFO - Processing file /home/airflow/.local/lib/python3.12/site-packages/airflow/example_dags/example_latest_only_with_trigger.py for tasks to queue
[2026-04-12T11:19:43.529+0000] {logging_mixin.py:190} INFO - [2026-04-12T11:19:43.529+0000] {dagbag.py:588} INFO - Filling up the DagBag from /home/airflow/.local/lib/python3.12/site-packages/airflow/example_dags/example_latest_only_with_trigger.py
[2026-04-12T11:19:43.534+0000] {processor.py:925} INFO - DAG(s) 'latest_only_with_trigger' retrieved from /home/airflow/.local/lib/python3.12/site-packages/airflow/example_dags/example_latest_only_with_trigger.py
[2026-04-12T11:19:43.547+0000] {logging_mixin.py:190} INFO - [2026-04-12T11:19:43.547+0000] {dag.py:3239} INFO - Sync 1 DAGs
[2026-04-12T11:19:43.560+0000] {logging_mixin.py:190} INFO - [2026-04-12T11:19:43.560+0000] {dag.py:4180} INFO - Setting next_dagrun for latest_only_with_trigger to 2026-04-12 04:00:00+00:00, run_after=2026-04-12 08:00:00+00:00
[2026-04-12T11:19:43.571+0000] {processor.py:208} INFO - Processing /home/airflow/.local/lib/python3.12/site-packages/airflow/example_dags/example_latest_only_with_trigger.py took 0.048 seconds
[2026-04-12T11:20:14.429+0000] {processor.py:186} INFO - Started process (PID=4831) to work on /home/airflow/.local/lib/python3.12/site-packages/airflow/example_dags/example_latest_only_with_trigger.py
[2026-04-12T11:20:14.430+0000] {processor.py:914} INFO - Processing file /home/airflow/.local/lib/python3.12/site-packages/airflow/example_dags/example_latest_only_with_trigger.py for tasks to queue
[2026-04-12T11:20:14.432+0000] {logging_mixin.py:190} INFO - [2026-04-12T11:20:14.432+0000] {dagbag.py:588} INFO - Filling up the DagBag from /home/airflow/.local/lib/python3.12/site-packages/airflow/example_dags/example_latest_only_with_trigger.py
[2026-04-12T11:20:14.437+0000] {processor.py:925} INFO - DAG(s) 'latest_only_with_trigger' retrieved from /home/airflow/.local/lib/python3.12/site-packages/airflow/example_dags/example_latest_only_with_trigger.py
[2026-04-12T11:20:14.452+0000] {logging_mixin.py:190} INFO - [2026-04-12T11:20:14.452+0000] {dag.py:3239} INFO - Sync 1 DAGs
[2026-04-12T11:20:14.469+0000] {logging_mixin.py:190} INFO - [2026-04-12T11:20:14.468+0000] {dag.py:4180} INFO - Setting next_dagrun for latest_only_with_trigger to 2026-04-12 04:00:00+00:00, run_after=2026-04-12 08:00:00+00:00
[2026-04-12T11:20:14.480+0000] {processor.py:208} INFO - Processing /home/airflow/.local/lib/python3.12/site-packages/airflow/example_dags/example_latest_only_with_trigger.py took 0.056 seconds
[2026-04-12T11:20:44.674+0000] {processor.py:186} INFO - Started process (PID=5126) to work on /home/airflow/.local/lib/python3.12/site-packages/airflow/example_dags/example_latest_only_with_trigger.py
[2026-04-12T11:20:44.675+0000] {processor.py:914} INFO - Processing file /home/airflow/.local/lib/python3.12/site-packages/airflow/example_dags/example_latest_only_with_trigger.py for tasks to queue
[2026-04-12T11:20:44.678+0000] {logging_mixin.py:190} INFO - [2026-04-12T11:20:44.677+0000] {dagbag.py:588} INFO - Filling up the DagBag from /home/airflow/.local/lib/python3.12/site-packages/airflow/example_dags/example_latest_only_with_trigger.py
[2026-04-12T11:20:44.688+0000] {processor.py:925} INFO - DAG(s) 'latest_only_with_trigger' retrieved from /home/airflow/.local/lib/python3.12/site-packages/airflow/example_dags/example_latest_only_with_trigger.py
[2026-04-12T11:20:44.730+0000] {logging_mixin.py:190} INFO - [2026-04-12T11:20:44.729+0000] {dag.py:3239} INFO - Sync 1 DAGs
[2026-04-12T11:20:44.773+0000] {logging_mixin.py:190} INFO - [2026-04-12T11:20:44.773+0000] {dag.py:4180} INFO - Setting next_dagrun for latest_only_with_trigger to 2026-04-12 04:00:00+00:00, run_after=2026-04-12 08:00:00+00:00
[2026-04-12T11:20:44.801+0000] {processor.py:208} INFO - Processing /home/airflow/.local/lib/python3.12/site-packages/airflow/example_dags/example_latest_only_with_trigger.py took 0.135 seconds
[2026-04-12T11:21:15.612+0000] {processor.py:186} INFO - Started process (PID=5422) to work on /home/airflow/.local/lib/python3.12/site-packages/airflow/example_dags/example_latest_only_with_trigger.py
[2026-04-12T11:21:15.613+0000] {processor.py:914} INFO - Processing file /home/airflow/.local/lib/python3.12/site-packages/airflow/example_dags/example_latest_only_with_trigger.py for tasks to queue
[2026-04-12T11:21:15.615+0000] {logging_mixin.py:190} INFO - [2026-04-12T11:21:15.614+0000] {dagbag.py:588} INFO - Filling up the DagBag from /home/airflow/.local/lib/python3.12/site-packages/airflow/example_dags/example_latest_only_with_trigger.py
[2026-04-12T11:21:15.622+0000] {processor.py:925} INFO - DAG(s) 'latest_only_with_trigger' retrieved from /home/airflow/.local/lib/python3.12/site-packages/airflow/example_dags/example_latest_only_with_trigger.py
[2026-04-12T11:21:15.643+0000] {logging_mixin.py:190} INFO - [2026-04-12T11:21:15.643+0000] {dag.py:3239} INFO - Sync 1 DAGs
[2026-04-12T11:21:15.661+0000] {logging_mixin.py:190} INFO - [2026-04-12T11:21:15.661+0000] {dag.py:4180} INFO - Setting next_dagrun for latest_only_with_trigger to 2026-04-12 04:00:00+00:00, run_after=2026-04-12 08:00:00+00:00
[2026-04-12T11:21:15.674+0000] {processor.py:208} INFO - Processing /home/airflow/.local/lib/python3.12/site-packages/airflow/example_dags/example_latest_only_with_trigger.py took 0.067 seconds
[2026-04-12T11:21:45.722+0000] {processor.py:186} INFO - Started process (PID=5718) to work on /home/airflow/.local/lib/python3.12/site-packages/airflow/example_dags/example_latest_only_with_trigger.py
[2026-04-12T11:21:45.724+0000] {processor.py:914} INFO - Processing file /home/airflow/.local/lib/python3.12/site-packages/airflow/example_dags/example_latest_only_with_trigger.py for tasks to queue
[2026-04-12T11:21:45.728+0000] {logging_mixin.py:190} INFO - [2026-04-12T11:21:45.728+0000] {dagbag.py:588} INFO - Filling up the DagBag from /home/airflow/.local/lib/python3.12/site-packages/airflow/example_dags/example_latest_only_with_trigger.py
[2026-04-12T11:21:45.733+0000] {processor.py:925} INFO - DAG(s) 'latest_only_with_trigger' retrieved from /home/airflow/.local/lib/python3.12/site-packages/airflow/example_dags/example_latest_only_with_trigger.py
[2026-04-12T11:21:45.748+0000] {logging_mixin.py:190} INFO - [2026-04-12T11:21:45.748+0000] {dag.py:3239} INFO - Sync 1 DAGs
[2026-04-12T11:21:45.763+0000] {logging_mixin.py:190} INFO - [2026-04-12T11:21:45.763+0000] {dag.py:4180} INFO - Setting next_dagrun for latest_only_with_trigger to 2026-04-12 04:00:00+00:00, run_after=2026-04-12 08:00:00+00:00
[2026-04-12T11:21:45.774+0000] {processor.py:208} INFO - Processing /home/airflow/.local/lib/python3.12/site-packages/airflow/example_dags/example_latest_only_with_trigger.py took 0.056 seconds
[2026-04-12T11:22:15.853+0000] {processor.py:186} INFO - Started process (PID=6014) to work on /home/airflow/.local/lib/python3.12/site-packages/airflow/example_dags/example_latest_only_with_trigger.py
[2026-04-12T11:22:15.854+0000] {processor.py:914} INFO - Processing file /home/airflow/.local/lib/python3.12/site-packages/airflow/example_dags/example_latest_only_with_trigger.py for tasks to queue
[2026-04-12T11:22:15.857+0000] {logging_mixin.py:190} INFO - [2026-04-12T11:22:15.856+0000] {dagbag.py:588} INFO - Filling up the DagBag from /home/airflow/.local/lib/python3.12/site-packages/airflow/example_dags/example_latest_only_with_trigger.py
[2026-04-12T11:22:15.862+0000] {processor.py:925} INFO - DAG(s) 'latest_only_with_trigger' retrieved from /home/airflow/.local/lib/python3.12/site-packages/airflow/example_dags/example_latest_only_with_trigger.py
[2026-04-12T11:22:15.876+0000] {logging_mixin.py:190} INFO - [2026-04-12T11:22:15.876+0000] {dag.py:3239} INFO - Sync 1 DAGs
[2026-04-12T11:22:15.892+0000] {logging_mixin.py:190} INFO - [2026-04-12T11:22:15.891+0000] {dag.py:4180} INFO - Setting next_dagrun for latest_only_with_trigger to 2026-04-12 04:00:00+00:00, run_after=2026-04-12 08:00:00+00:00
[2026-04-12T11:22:15.909+0000] {processor.py:208} INFO - Processing /home/airflow/.local/lib/python3.12/site-packages/airflow/example_dags/example_latest_only_with_trigger.py took 0.060 seconds
[2026-04-12T11:22:46.051+0000] {processor.py:186} INFO - Started process (PID=6309) to work on /home/airflow/.local/lib/python3.12/site-packages/airflow/example_dags/example_latest_only_with_trigger.py
[2026-04-12T11:22:46.052+0000] {processor.py:914} INFO - Processing file /home/airflow/.local/lib/python3.12/site-packages/airflow/example_dags/example_latest_only_with_trigger.py for tasks to queue
[2026-04-12T11:22:46.054+0000] {logging_mixin.py:190} INFO - [2026-04-12T11:22:46.053+0000] {dagbag.py:588} INFO - Filling up the DagBag from /home/airflow/.local/lib/python3.12/site-packages/airflow/example_dags/example_latest_only_with_trigger.py
[2026-04-12T11:22:46.060+0000] {processor.py:925} INFO - DAG(s) 'latest_only_with_trigger' retrieved from /home/airflow/.local/lib/python3.12/site-packages/airflow/example_dags/example_latest_only_with_trigger.py
[2026-04-12T11:22:46.080+0000] {logging_mixin.py:190} INFO - [2026-04-12T11:22:46.079+0000] {dag.py:3239} INFO - Sync 1 DAGs
[2026-04-12T11:22:46.097+0000] {logging_mixin.py:190} INFO - [2026-04-12T11:22:46.097+0000] {dag.py:4180} INFO - Setting next_dagrun for latest_only_with_trigger to 2026-04-12 04:00:00+00:00, run_after=2026-04-12 08:00:00+00:00
[2026-04-12T11:22:46.110+0000] {processor.py:208} INFO - Processing /home/airflow/.local/lib/python3.12/site-packages/airflow/example_dags/example_latest_only_with_trigger.py took 0.062 seconds
[2026-04-12T11:23:16.217+0000] {processor.py:186} INFO - Started process (PID=6605) to work on /home/airflow/.local/lib/python3.12/site-packages/airflow/example_dags/example_latest_only_with_trigger.py
[2026-04-12T11:23:16.218+0000] {processor.py:914} INFO - Processing file /home/airflow/.local/lib/python3.12/site-packages/airflow/example_dags/example_latest_only_with_trigger.py for tasks to queue
[2026-04-12T11:23:16.221+0000] {logging_mixin.py:190} INFO - [2026-04-12T11:23:16.221+0000] {dagbag.py:588} INFO - Filling up the DagBag from /home/airflow/.local/lib/python3.12/site-packages/airflow/example_dags/example_latest_only_with_trigger.py
[2026-04-12T11:23:16.226+0000] {processor.py:925} INFO - DAG(s) 'latest_only_with_trigger' retrieved from /home/airflow/.local/lib/python3.12/site-packages/airflow/example_dags/example_latest_only_with_trigger.py
[2026-04-12T11:23:16.241+0000] {logging_mixin.py:190} INFO - [2026-04-12T11:23:16.241+0000] {dag.py:3239} INFO - Sync 1 DAGs
[2026-04-12T11:23:16.256+0000] {logging_mixin.py:190} INFO - [2026-04-12T11:23:16.255+0000] {dag.py:4180} INFO - Setting next_dagrun for latest_only_with_trigger to 2026-04-12 04:00:00+00:00, run_after=2026-04-12 08:00:00+00:00
[2026-04-12T11:23:16.270+0000] {processor.py:208} INFO - Processing /home/airflow/.local/lib/python3.12/site-packages/airflow/example_dags/example_latest_only_with_trigger.py took 0.057 seconds
[2026-04-12T11:23:46.753+0000] {processor.py:186} INFO - Started process (PID=6901) to work on /home/airflow/.local/lib/python3.12/site-packages/airflow/example_dags/example_latest_only_with_trigger.py
[2026-04-12T11:23:46.754+0000] {processor.py:914} INFO - Processing file /home/airflow/.local/lib/python3.12/site-packages/airflow/example_dags/example_latest_only_with_trigger.py for tasks to queue
[2026-04-12T11:23:46.756+0000] {logging_mixin.py:190} INFO - [2026-04-12T11:23:46.756+0000] {dagbag.py:588} INFO - Filling up the DagBag from /home/airflow/.local/lib/python3.12/site-packages/airflow/example_dags/example_latest_only_with_trigger.py
[2026-04-12T11:23:46.764+0000] {processor.py:925} INFO - DAG(s) 'latest_only_with_trigger' retrieved from /home/airflow/.local/lib/python3.12/site-packages/airflow/example_dags/example_latest_only_with_trigger.py
[2026-04-12T11:23:46.782+0000] {logging_mixin.py:190} INFO - [2026-04-12T11:23:46.782+0000] {dag.py:3239} INFO - Sync 1 DAGs
[2026-04-12T11:23:46.798+0000] {logging_mixin.py:190} INFO - [2026-04-12T11:23:46.798+0000] {dag.py:4180} INFO - Setting next_dagrun for latest_only_with_trigger to 2026-04-12 04:00:00+00:00, run_after=2026-04-12 08:00:00+00:00
[2026-04-12T11:23:46.809+0000] {processor.py:208} INFO - Processing /home/airflow/.local/lib/python3.12/site-packages/airflow/example_dags/example_latest_only_with_trigger.py took 0.060 seconds
[2026-04-12T11:24:17.071+0000] {processor.py:186} INFO - Started process (PID=7197) to work on /home/airflow/.local/lib/python3.12/site-packages/airflow/example_dags/example_latest_only_with_trigger.py
[2026-04-12T11:24:17.073+0000] {processor.py:914} INFO - Processing file /home/airflow/.local/lib/python3.12/site-packages/airflow/example_dags/example_latest_only_with_trigger.py for tasks to queue
[2026-04-12T11:24:17.074+0000] {logging_mixin.py:190} INFO - [2026-04-12T11:24:17.074+0000] {dagbag.py:588} INFO - Filling up the DagBag from /home/airflow/.local/lib/python3.12/site-packages/airflow/example_dags/example_latest_only_with_trigger.py
[2026-04-12T11:24:17.080+0000] {processor.py:925} INFO - DAG(s) 'latest_only_with_trigger' retrieved from /home/airflow/.local/lib/python3.12/site-packages/airflow/example_dags/example_latest_only_with_trigger.py
[2026-04-12T11:24:17.092+0000] {logging_mixin.py:190} INFO - [2026-04-12T11:24:17.092+0000] {dag.py:3239} INFO - Sync 1 DAGs
[2026-04-12T11:24:17.107+0000] {logging_mixin.py:190} INFO - [2026-04-12T11:24:17.107+0000] {dag.py:4180} INFO - Setting next_dagrun for latest_only_with_trigger to 2026-04-12 04:00:00+00:00, run_after=2026-04-12 08:00:00+00:00
[2026-04-12T11:24:17.121+0000] {processor.py:208} INFO - Processing /home/airflow/.local/lib/python3.12/site-packages/airflow/example_dags/example_latest_only_with_trigger.py took 0.053 seconds
[2026-04-12T11:24:48.220+0000] {processor.py:186} INFO - Started process (PID=7495) to work on /home/airflow/.local/lib/python3.12/site-packages/airflow/example_dags/example_latest_only_with_trigger.py
[2026-04-12T11:24:48.220+0000] {processor.py:914} INFO - Processing file /home/airflow/.local/lib/python3.12/site-packages/airflow/example_dags/example_latest_only_with_trigger.py for tasks to queue
[2026-04-12T11:24:48.222+0000] {logging_mixin.py:190} INFO - [2026-04-12T11:24:48.221+0000] {dagbag.py:588} INFO - Filling up the DagBag from /home/airflow/.local/lib/python3.12/site-packages/airflow/example_dags/example_latest_only_with_trigger.py
[2026-04-12T11:24:48.226+0000] {processor.py:925} INFO - DAG(s) 'latest_only_with_trigger' retrieved from /home/airflow/.local/lib/python3.12/site-packages/airflow/example_dags/example_latest_only_with_trigger.py
[2026-04-12T11:24:48.243+0000] {logging_mixin.py:190} INFO - [2026-04-12T11:24:48.243+0000] {dag.py:3239} INFO - Sync 1 DAGs
[2026-04-12T11:24:48.263+0000] {logging_mixin.py:190} INFO - [2026-04-12T11:24:48.263+0000] {dag.py:4180} INFO - Setting next_dagrun for latest_only_with_trigger to 2026-04-12 04:00:00+00:00, run_after=2026-04-12 08:00:00+00:00
[2026-04-12T11:24:48.281+0000] {processor.py:208} INFO - Processing /home/airflow/.local/lib/python3.12/site-packages/airflow/example_dags/example_latest_only_with_trigger.py took 0.066 seconds
[2026-04-12T11:25:18.429+0000] {processor.py:186} INFO - Started process (PID=7791) to work on /home/airflow/.local/lib/python3.12/site-packages/airflow/example_dags/example_latest_only_with_trigger.py
[2026-04-12T11:25:18.431+0000] {processor.py:914} INFO - Processing file /home/airflow/.local/lib/python3.12/site-packages/airflow/example_dags/example_latest_only_with_trigger.py for tasks to queue
[2026-04-12T11:25:18.433+0000] {logging_mixin.py:190} INFO - [2026-04-12T11:25:18.433+0000] {dagbag.py:588} INFO - Filling up the DagBag from /home/airflow/.local/lib/python3.12/site-packages/airflow/example_dags/example_latest_only_with_trigger.py
[2026-04-12T11:25:18.441+0000] {processor.py:925} INFO - DAG(s) 'latest_only_with_trigger' retrieved from /home/airflow/.local/lib/python3.12/site-packages/airflow/example_dags/example_latest_only_with_trigger.py
[2026-04-12T11:25:18.458+0000] {logging_mixin.py:190} INFO - [2026-04-12T11:25:18.457+0000] {dag.py:3239} INFO - Sync 1 DAGs
[2026-04-12T11:25:18.474+0000] {logging_mixin.py:190} INFO - [2026-04-12T11:25:18.474+0000] {dag.py:4180} INFO - Setting next_dagrun for latest_only_with_trigger to 2026-04-12 04:00:00+00:00, run_after=2026-04-12 08:00:00+00:00
[2026-04-12T11:25:18.494+0000] {processor.py:208} INFO - Processing /home/airflow/.local/lib/python3.12/site-packages/airflow/example_dags/example_latest_only_with_trigger.py took 0.069 seconds
[2026-04-12T11:25:48.569+0000] {processor.py:186} INFO - Started process (PID=8085) to work on /home/airflow/.local/lib/python3.12/site-packages/airflow/example_dags/example_latest_only_with_trigger.py
[2026-04-12T11:25:48.570+0000] {processor.py:914} INFO - Processing file /home/airflow/.local/lib/python3.12/site-packages/airflow/example_dags/example_latest_only_with_trigger.py for tasks to queue
[2026-04-12T11:25:48.573+0000] {logging_mixin.py:190} INFO - [2026-04-12T11:25:48.573+0000] {dagbag.py:588} INFO - Filling up the DagBag from /home/airflow/.local/lib/python3.12/site-packages/airflow/example_dags/example_latest_only_with_trigger.py
[2026-04-12T11:25:48.578+0000] {processor.py:925} INFO - DAG(s) 'latest_only_with_trigger' retrieved from /home/airflow/.local/lib/python3.12/site-packages/airflow/example_dags/example_latest_only_with_trigger.py
[2026-04-12T11:25:48.594+0000] {logging_mixin.py:190} INFO - [2026-04-12T11:25:48.594+0000] {dag.py:3239} INFO - Sync 1 DAGs
[2026-04-12T11:25:48.613+0000] {logging_mixin.py:190} INFO - [2026-04-12T11:25:48.613+0000] {dag.py:4180} INFO - Setting next_dagrun for latest_only_with_trigger to 2026-04-12 04:00:00+00:00, run_after=2026-04-12 08:00:00+00:00
[2026-04-12T11:25:48.626+0000] {processor.py:208} INFO - Processing /home/airflow/.local/lib/python3.12/site-packages/airflow/example_dags/example_latest_only_with_trigger.py took 0.060 seconds
[2026-04-12T11:27:10.249+0000] {processor.py:186} INFO - Started process (PID=8260) to work on /home/airflow/.local/lib/python3.12/site-packages/airflow/example_dags/example_latest_only_with_trigger.py
[2026-04-12T11:27:10.250+0000] {processor.py:914} INFO - Processing file /home/airflow/.local/lib/python3.12/site-packages/airflow/example_dags/example_latest_only_with_trigger.py for tasks to queue
[2026-04-12T11:27:10.251+0000] {logging_mixin.py:190} INFO - [2026-04-12T11:27:10.251+0000] {dagbag.py:588} INFO - Filling up the DagBag from /home/airflow/.local/lib/python3.12/site-packages/airflow/example_dags/example_latest_only_with_trigger.py
[2026-04-12T11:27:10.257+0000] {processor.py:925} INFO - DAG(s) 'latest_only_with_trigger' retrieved from /home/airflow/.local/lib/python3.12/site-packages/airflow/example_dags/example_latest_only_with_trigger.py
[2026-04-12T11:27:10.271+0000] {logging_mixin.py:190} INFO - [2026-04-12T11:27:10.271+0000] {dag.py:3239} INFO - Sync 1 DAGs
[2026-04-12T11:27:10.298+0000] {logging_mixin.py:190} INFO - [2026-04-12T11:27:10.298+0000] {dag.py:4180} INFO - Setting next_dagrun for latest_only_with_trigger to 2026-04-12 04:00:00+00:00, run_after=2026-04-12 08:00:00+00:00
[2026-04-12T11:27:10.313+0000] {processor.py:208} INFO - Processing /home/airflow/.local/lib/python3.12/site-packages/airflow/example_dags/example_latest_only_with_trigger.py took 0.069 seconds
[2026-04-12T11:29:46.375+0000] {processor.py:186} INFO - Started process (PID=8556) to work on /home/airflow/.local/lib/python3.12/site-packages/airflow/example_dags/example_latest_only_with_trigger.py
[2026-04-12T11:29:46.376+0000] {processor.py:914} INFO - Processing file /home/airflow/.local/lib/python3.12/site-packages/airflow/example_dags/example_latest_only_with_trigger.py for tasks to queue
[2026-04-12T11:29:46.377+0000] {logging_mixin.py:190} INFO - [2026-04-12T11:29:46.377+0000] {dagbag.py:588} INFO - Filling up the DagBag from /home/airflow/.local/lib/python3.12/site-packages/airflow/example_dags/example_latest_only_with_trigger.py
[2026-04-12T11:29:46.382+0000] {processor.py:925} INFO - DAG(s) 'latest_only_with_trigger' retrieved from /home/airflow/.local/lib/python3.12/site-packages/airflow/example_dags/example_latest_only_with_trigger.py
[2026-04-12T11:29:46.395+0000] {logging_mixin.py:190} INFO - [2026-04-12T11:29:46.395+0000] {dag.py:3239} INFO - Sync 1 DAGs
[2026-04-12T11:29:46.411+0000] {logging_mixin.py:190} INFO - [2026-04-12T11:29:46.411+0000] {dag.py:4180} INFO - Setting next_dagrun for latest_only_with_trigger to 2026-04-12 04:00:00+00:00, run_after=2026-04-12 08:00:00+00:00
[2026-04-12T11:29:46.423+0000] {processor.py:208} INFO - Processing /home/airflow/.local/lib/python3.12/site-packages/airflow/example_dags/example_latest_only_with_trigger.py took 0.051 seconds
[2026-04-12T11:30:16.529+0000] {processor.py:186} INFO - Started process (PID=8847) to work on /home/airflow/.local/lib/python3.12/site-packages/airflow/example_dags/example_latest_only_with_trigger.py
[2026-04-12T11:30:16.530+0000] {processor.py:914} INFO - Processing file /home/airflow/.local/lib/python3.12/site-packages/airflow/example_dags/example_latest_only_with_trigger.py for tasks to queue
[2026-04-12T11:30:16.532+0000] {logging_mixin.py:190} INFO - [2026-04-12T11:30:16.532+0000] {dagbag.py:588} INFO - Filling up the DagBag from /home/airflow/.local/lib/python3.12/site-packages/airflow/example_dags/example_latest_only_with_trigger.py
[2026-04-12T11:30:16.540+0000] {processor.py:925} INFO - DAG(s) 'latest_only_with_trigger' retrieved from /home/airflow/.local/lib/python3.12/site-packages/airflow/example_dags/example_latest_only_with_trigger.py
[2026-04-12T11:30:16.559+0000] {logging_mixin.py:190} INFO - [2026-04-12T11:30:16.559+0000] {dag.py:3239} INFO - Sync 1 DAGs
[2026-04-12T11:30:16.577+0000] {logging_mixin.py:190} INFO - [2026-04-12T11:30:16.577+0000] {dag.py:4180} INFO - Setting next_dagrun for latest_only_with_trigger to 2026-04-12 04:00:00+00:00, run_after=2026-04-12 08:00:00+00:00
[2026-04-12T11:30:16.594+0000] {processor.py:208} INFO - Processing /home/airflow/.local/lib/python3.12/site-packages/airflow/example_dags/example_latest_only_with_trigger.py took 0.070 seconds
[2026-04-12T11:30:46.976+0000] {processor.py:186} INFO - Started process (PID=9143) to work on /home/airflow/.local/lib/python3.12/site-packages/airflow/example_dags/example_latest_only_with_trigger.py
[2026-04-12T11:30:46.977+0000] {processor.py:914} INFO - Processing file /home/airflow/.local/lib/python3.12/site-packages/airflow/example_dags/example_latest_only_with_trigger.py for tasks to queue
[2026-04-12T11:30:46.979+0000] {logging_mixin.py:190} INFO - [2026-04-12T11:30:46.979+0000] {dagbag.py:588} INFO - Filling up the DagBag from /home/airflow/.local/lib/python3.12/site-packages/airflow/example_dags/example_latest_only_with_trigger.py
[2026-04-12T11:30:46.985+0000] {processor.py:925} INFO - DAG(s) 'latest_only_with_trigger' retrieved from /home/airflow/.local/lib/python3.12/site-packages/airflow/example_dags/example_latest_only_with_trigger.py
[2026-04-12T11:30:47.014+0000] {logging_mixin.py:190} INFO - [2026-04-12T11:30:47.014+0000] {dag.py:3239} INFO - Sync 1 DAGs
[2026-04-12T11:30:47.037+0000] {logging_mixin.py:190} INFO - [2026-04-12T11:30:47.037+0000] {dag.py:4180} INFO - Setting next_dagrun for latest_only_with_trigger to 2026-04-12 04:00:00+00:00, run_after=2026-04-12 08:00:00+00:00
[2026-04-12T11:30:47.054+0000] {processor.py:208} INFO - Processing /home/airflow/.local/lib/python3.12/site-packages/airflow/example_dags/example_latest_only_with_trigger.py took 0.081 seconds
[2026-04-12T11:31:17.149+0000] {processor.py:186} INFO - Started process (PID=9438) to work on /home/airflow/.local/lib/python3.12/site-packages/airflow/example_dags/example_latest_only_with_trigger.py
[2026-04-12T11:31:17.149+0000] {processor.py:914} INFO - Processing file /home/airflow/.local/lib/python3.12/site-packages/airflow/example_dags/example_latest_only_with_trigger.py for tasks to queue
[2026-04-12T11:31:17.151+0000] {logging_mixin.py:190} INFO - [2026-04-12T11:31:17.151+0000] {dagbag.py:588} INFO - Filling up the DagBag from /home/airflow/.local/lib/python3.12/site-packages/airflow/example_dags/example_latest_only_with_trigger.py
[2026-04-12T11:31:17.156+0000] {processor.py:925} INFO - DAG(s) 'latest_only_with_trigger' retrieved from /home/airflow/.local/lib/python3.12/site-packages/airflow/example_dags/example_latest_only_with_trigger.py
[2026-04-12T11:31:17.173+0000] {logging_mixin.py:190} INFO - [2026-04-12T11:31:17.173+0000] {dag.py:3239} INFO - Sync 1 DAGs
[2026-04-12T11:31:17.190+0000] {logging_mixin.py:190} INFO - [2026-04-12T11:31:17.190+0000] {dag.py:4180} INFO - Setting next_dagrun for latest_only_with_trigger to 2026-04-12 04:00:00+00:00, run_after=2026-04-12 08:00:00+00:00
[2026-04-12T11:31:17.204+0000] {processor.py:208} INFO - Processing /home/airflow/.local/lib/python3.12/site-packages/airflow/example_dags/example_latest_only_with_trigger.py took 0.059 seconds
[2026-04-12T11:31:47.562+0000] {processor.py:186} INFO - Started process (PID=9736) to work on /home/airflow/.local/lib/python3.12/site-packages/airflow/example_dags/example_latest_only_with_trigger.py
[2026-04-12T11:31:47.563+0000] {processor.py:914} INFO - Processing file /home/airflow/.local/lib/python3.12/site-packages/airflow/example_dags/example_latest_only_with_trigger.py for tasks to queue
[2026-04-12T11:31:47.564+0000] {logging_mixin.py:190} INFO - [2026-04-12T11:31:47.564+0000] {dagbag.py:588} INFO - Filling up the DagBag from /home/airflow/.local/lib/python3.12/site-packages/airflow/example_dags/example_latest_only_with_trigger.py
[2026-04-12T11:31:47.569+0000] {processor.py:925} INFO - DAG(s) 'latest_only_with_trigger' retrieved from /home/airflow/.local/lib/python3.12/site-packages/airflow/example_dags/example_latest_only_with_trigger.py
[2026-04-12T11:31:47.581+0000] {logging_mixin.py:190} INFO - [2026-04-12T11:31:47.581+0000] {dag.py:3239} INFO - Sync 1 DAGs
[2026-04-12T11:31:47.595+0000] {logging_mixin.py:190} INFO - [2026-04-12T11:31:47.595+0000] {dag.py:4180} INFO - Setting next_dagrun for latest_only_with_trigger to 2026-04-12 04:00:00+00:00, run_after=2026-04-12 08:00:00+00:00
[2026-04-12T11:31:47.605+0000] {processor.py:208} INFO - Processing /home/airflow/.local/lib/python3.12/site-packages/airflow/example_dags/example_latest_only_with_trigger.py took 0.046 seconds
[2026-04-12T11:32:18.843+0000] {processor.py:186} INFO - Started process (PID=10030) to work on /home/airflow/.local/lib/python3.12/site-packages/airflow/example_dags/example_latest_only_with_trigger.py
[2026-04-12T11:32:18.844+0000] {processor.py:914} INFO - Processing file /home/airflow/.local/lib/python3.12/site-packages/airflow/example_dags/example_latest_only_with_trigger.py for tasks to queue
[2026-04-12T11:32:18.846+0000] {logging_mixin.py:190} INFO - [2026-04-12T11:32:18.846+0000] {dagbag.py:588} INFO - Filling up the DagBag from /home/airflow/.local/lib/python3.12/site-packages/airflow/example_dags/example_latest_only_with_trigger.py
[2026-04-12T11:32:18.851+0000] {processor.py:925} INFO - DAG(s) 'latest_only_with_trigger' retrieved from /home/airflow/.local/lib/python3.12/site-packages/airflow/example_dags/example_latest_only_with_trigger.py
[2026-04-12T11:32:18.868+0000] {logging_mixin.py:190} INFO - [2026-04-12T11:32:18.868+0000] {dag.py:3239} INFO - Sync 1 DAGs
[2026-04-12T11:32:18.884+0000] {logging_mixin.py:190} INFO - [2026-04-12T11:32:18.884+0000] {dag.py:4180} INFO - Setting next_dagrun for latest_only_with_trigger to 2026-04-12 04:00:00+00:00, run_after=2026-04-12 08:00:00+00:00
[2026-04-12T11:32:18.900+0000] {processor.py:208} INFO - Processing /home/airflow/.local/lib/python3.12/site-packages/airflow/example_dags/example_latest_only_with_trigger.py took 0.061 seconds
[2026-04-12T11:32:49.730+0000] {processor.py:186} INFO - Started process (PID=10326) to work on /home/airflow/.local/lib/python3.12/site-packages/airflow/example_dags/example_latest_only_with_trigger.py
[2026-04-12T11:32:49.731+0000] {processor.py:914} INFO - Processing file /home/airflow/.local/lib/python3.12/site-packages/airflow/example_dags/example_latest_only_with_trigger.py for tasks to queue
[2026-04-12T11:32:49.732+0000] {logging_mixin.py:190} INFO - [2026-04-12T11:32:49.732+0000] {dagbag.py:588} INFO - Filling up the DagBag from /home/airflow/.local/lib/python3.12/site-packages/airflow/example_dags/example_latest_only_with_trigger.py
[2026-04-12T11:32:49.737+0000] {processor.py:925} INFO - DAG(s) 'latest_only_with_trigger' retrieved from /home/airflow/.local/lib/python3.12/site-packages/airflow/example_dags/example_latest_only_with_trigger.py
[2026-04-12T11:32:49.750+0000] {logging_mixin.py:190} INFO - [2026-04-12T11:32:49.750+0000] {dag.py:3239} INFO - Sync 1 DAGs
[2026-04-12T11:32:49.768+0000] {logging_mixin.py:190} INFO - [2026-04-12T11:32:49.768+0000] {dag.py:4180} INFO - Setting next_dagrun for latest_only_with_trigger to 2026-04-12 04:00:00+00:00, run_after=2026-04-12 08:00:00+00:00
[2026-04-12T11:32:49.785+0000] {processor.py:208} INFO - Processing /home/airflow/.local/lib/python3.12/site-packages/airflow/example_dags/example_latest_only_with_trigger.py took 0.059 seconds
[2026-04-12T11:33:20.742+0000] {processor.py:186} INFO - Started process (PID=10624) to work on /home/airflow/.local/lib/python3.12/site-packages/airflow/example_dags/example_latest_only_with_trigger.py
[2026-04-12T11:33:20.743+0000] {processor.py:914} INFO - Processing file /home/airflow/.local/lib/python3.12/site-packages/airflow/example_dags/example_latest_only_with_trigger.py for tasks to queue
[2026-04-12T11:33:20.745+0000] {logging_mixin.py:190} INFO - [2026-04-12T11:33:20.745+0000] {dagbag.py:588} INFO - Filling up the DagBag from /home/airflow/.local/lib/python3.12/site-packages/airflow/example_dags/example_latest_only_with_trigger.py
[2026-04-12T11:33:20.750+0000] {processor.py:925} INFO - DAG(s) 'latest_only_with_trigger' retrieved from /home/airflow/.local/lib/python3.12/site-packages/airflow/example_dags/example_latest_only_with_trigger.py
[2026-04-12T11:33:20.769+0000] {logging_mixin.py:190} INFO - [2026-04-12T11:33:20.769+0000] {dag.py:3239} INFO - Sync 1 DAGs
[2026-04-12T11:33:20.787+0000] {logging_mixin.py:190} INFO - [2026-04-12T11:33:20.787+0000] {dag.py:4180} INFO - Setting next_dagrun for latest_only_with_trigger to 2026-04-12 04:00:00+00:00, run_after=2026-04-12 08:00:00+00:00
[2026-04-12T11:33:20.797+0000] {processor.py:208} INFO - Processing /home/airflow/.local/lib/python3.12/site-packages/airflow/example_dags/example_latest_only_with_trigger.py took 0.059 seconds
[2026-04-12T11:33:51.769+0000] {processor.py:186} INFO - Started process (PID=10917) to work on /home/airflow/.local/lib/python3.12/site-packages/airflow/example_dags/example_latest_only_with_trigger.py
[2026-04-12T11:33:51.770+0000] {processor.py:914} INFO - Processing file /home/airflow/.local/lib/python3.12/site-packages/airflow/example_dags/example_latest_only_with_trigger.py for tasks to queue
[2026-04-12T11:33:51.771+0000] {logging_mixin.py:190} INFO - [2026-04-12T11:33:51.771+0000] {dagbag.py:588} INFO - Filling up the DagBag from /home/airflow/.local/lib/python3.12/site-packages/airflow/example_dags/example_latest_only_with_trigger.py
[2026-04-12T11:33:51.776+0000] {processor.py:925} INFO - DAG(s) 'latest_only_with_trigger' retrieved from /home/airflow/.local/lib/python3.12/site-packages/airflow/example_dags/example_latest_only_with_trigger.py
[2026-04-12T11:33:51.790+0000] {logging_mixin.py:190} INFO - [2026-04-12T11:33:51.790+0000] {dag.py:3239} INFO - Sync 1 DAGs
[2026-04-12T11:33:51.806+0000] {logging_mixin.py:190} INFO - [2026-04-12T11:33:51.806+0000] {dag.py:4180} INFO - Setting next_dagrun for latest_only_with_trigger to 2026-04-12 04:00:00+00:00, run_after=2026-04-12 08:00:00+00:00
[2026-04-12T11:33:51.818+0000] {processor.py:208} INFO - Processing /home/airflow/.local/lib/python3.12/site-packages/airflow/example_dags/example_latest_only_with_trigger.py took 0.054 seconds
[2026-04-12T11:34:22.703+0000] {processor.py:186} INFO - Started process (PID=11215) to work on /home/airflow/.local/lib/python3.12/site-packages/airflow/example_dags/example_latest_only_with_trigger.py
[2026-04-12T11:34:22.704+0000] {processor.py:914} INFO - Processing file /home/airflow/.local/lib/python3.12/site-packages/airflow/example_dags/example_latest_only_with_trigger.py for tasks to queue
[2026-04-12T11:34:22.705+0000] {logging_mixin.py:190} INFO - [2026-04-12T11:34:22.705+0000] {dagbag.py:588} INFO - Filling up the DagBag from /home/airflow/.local/lib/python3.12/site-packages/airflow/example_dags/example_latest_only_with_trigger.py
[2026-04-12T11:34:22.711+0000] {processor.py:925} INFO - DAG(s) 'latest_only_with_trigger' retrieved from /home/airflow/.local/lib/python3.12/site-packages/airflow/example_dags/example_latest_only_with_trigger.py
[2026-04-12T11:34:22.728+0000] {logging_mixin.py:190} INFO - [2026-04-12T11:34:22.728+0000] {dag.py:3239} INFO - Sync 1 DAGs
[2026-04-12T11:34:22.748+0000] {logging_mixin.py:190} INFO - [2026-04-12T11:34:22.748+0000] {dag.py:4180} INFO - Setting next_dagrun for latest_only_with_trigger to 2026-04-12 04:00:00+00:00, run_after=2026-04-12 08:00:00+00:00
[2026-04-12T11:34:22.765+0000] {processor.py:208} INFO - Processing /home/airflow/.local/lib/python3.12/site-packages/airflow/example_dags/example_latest_only_with_trigger.py took 0.067 seconds
[2026-04-12T11:34:53.484+0000] {processor.py:186} INFO - Started process (PID=11509) to work on /home/airflow/.local/lib/python3.12/site-packages/airflow/example_dags/example_latest_only_with_trigger.py
[2026-04-12T11:34:53.487+0000] {processor.py:914} INFO - Processing file /home/airflow/.local/lib/python3.12/site-packages/airflow/example_dags/example_latest_only_with_trigger.py for tasks to queue
[2026-04-12T11:34:53.488+0000] {logging_mixin.py:190} INFO - [2026-04-12T11:34:53.488+0000] {dagbag.py:588} INFO - Filling up the DagBag from /home/airflow/.local/lib/python3.12/site-packages/airflow/example_dags/example_latest_only_with_trigger.py
[2026-04-12T11:34:53.494+0000] {processor.py:925} INFO - DAG(s) 'latest_only_with_trigger' retrieved from /home/airflow/.local/lib/python3.12/site-packages/airflow/example_dags/example_latest_only_with_trigger.py
[2026-04-12T11:34:53.511+0000] {logging_mixin.py:190} INFO - [2026-04-12T11:34:53.511+0000] {dag.py:3239} INFO - Sync 1 DAGs
[2026-04-12T11:34:53.529+0000] {logging_mixin.py:190} INFO - [2026-04-12T11:34:53.529+0000] {dag.py:4180} INFO - Setting next_dagrun for latest_only_with_trigger to 2026-04-12 04:00:00+00:00, run_after=2026-04-12 08:00:00+00:00
[2026-04-12T11:34:53.544+0000] {processor.py:208} INFO - Processing /home/airflow/.local/lib/python3.12/site-packages/airflow/example_dags/example_latest_only_with_trigger.py took 0.064 seconds
