[2026-04-12T11:12:43.344+0000] {processor.py:186} INFO - Started process (PID=421) to work on /home/airflow/.local/lib/python3.12/site-packages/airflow/example_dags/example_bash_decorator.py
[2026-04-12T11:12:43.345+0000] {processor.py:914} INFO - Processing file /home/airflow/.local/lib/python3.12/site-packages/airflow/example_dags/example_bash_decorator.py for tasks to queue
[2026-04-12T11:12:43.347+0000] {logging_mixin.py:190} INFO - [2026-04-12T11:12:43.347+0000] {dagbag.py:588} INFO - Filling up the DagBag from /home/airflow/.local/lib/python3.12/site-packages/airflow/example_dags/example_bash_decorator.py
[2026-04-12T11:12:43.374+0000] {processor.py:925} INFO - DAG(s) 'example_bash_decorator' retrieved from /home/airflow/.local/lib/python3.12/site-packages/airflow/example_dags/example_bash_decorator.py
[2026-04-12T11:12:43.978+0000] {logging_mixin.py:190} INFO - [2026-04-12T11:12:43.976+0000] {override.py:1912} INFO - Created Permission View: can edit on DAG:example_bash_decorator
[2026-04-12T11:12:44.005+0000] {logging_mixin.py:190} INFO - [2026-04-12T11:12:44.004+0000] {override.py:1912} INFO - Created Permission View: can delete on DAG:example_bash_decorator
[2026-04-12T11:12:44.014+0000] {logging_mixin.py:190} INFO - [2026-04-12T11:12:44.014+0000] {override.py:1912} INFO - Created Permission View: can read on DAG:example_bash_decorator
[2026-04-12T11:12:44.025+0000] {logging_mixin.py:190} INFO - [2026-04-12T11:12:44.025+0000] {override.py:1912} INFO - Created Permission View: can delete on DAG Run:example_bash_decorator
[2026-04-12T11:12:44.034+0000] {logging_mixin.py:190} INFO - [2026-04-12T11:12:44.033+0000] {override.py:1912} INFO - Created Permission View: can create on DAG Run:example_bash_decorator
[2026-04-12T11:12:44.054+0000] {logging_mixin.py:190} INFO - [2026-04-12T11:12:44.054+0000] {override.py:1912} INFO - Created Permission View: can read on DAG Run:example_bash_decorator
[2026-04-12T11:12:44.062+0000] {logging_mixin.py:190} INFO - [2026-04-12T11:12:44.062+0000] {override.py:1912} INFO - Created Permission View: menu access on DAG Run:example_bash_decorator
[2026-04-12T11:12:44.062+0000] {logging_mixin.py:190} INFO - [2026-04-12T11:12:44.062+0000] {dag.py:3239} INFO - Sync 1 DAGs
[2026-04-12T11:12:44.087+0000] {logging_mixin.py:190} INFO - [2026-04-12T11:12:44.087+0000] {dag.py:3262} INFO - Creating ORM DAG for example_bash_decorator
[2026-04-12T11:12:44.088+0000] {logging_mixin.py:190} INFO - [2026-04-12T11:12:44.088+0000] {dag.py:4180} INFO - Setting next_dagrun for example_bash_decorator to None, run_after=None
[2026-04-12T11:12:44.112+0000] {processor.py:208} INFO - Processing /home/airflow/.local/lib/python3.12/site-packages/airflow/example_dags/example_bash_decorator.py took 0.775 seconds
[2026-04-12T11:13:14.974+0000] {processor.py:186} INFO - Started process (PID=718) to work on /home/airflow/.local/lib/python3.12/site-packages/airflow/example_dags/example_bash_decorator.py
[2026-04-12T11:13:14.976+0000] {processor.py:914} INFO - Processing file /home/airflow/.local/lib/python3.12/site-packages/airflow/example_dags/example_bash_decorator.py for tasks to queue
[2026-04-12T11:13:14.978+0000] {logging_mixin.py:190} INFO - [2026-04-12T11:13:14.977+0000] {dagbag.py:588} INFO - Filling up the DagBag from /home/airflow/.local/lib/python3.12/site-packages/airflow/example_dags/example_bash_decorator.py
[2026-04-12T11:13:14.991+0000] {processor.py:925} INFO - DAG(s) 'example_bash_decorator' retrieved from /home/airflow/.local/lib/python3.12/site-packages/airflow/example_dags/example_bash_decorator.py
[2026-04-12T11:13:15.010+0000] {logging_mixin.py:190} INFO - [2026-04-12T11:13:15.010+0000] {dag.py:3239} INFO - Sync 1 DAGs
[2026-04-12T11:13:15.020+0000] {logging_mixin.py:190} INFO - [2026-04-12T11:13:15.020+0000] {dag.py:4180} INFO - Setting next_dagrun for example_bash_decorator to None, run_after=None
[2026-04-12T11:13:15.031+0000] {processor.py:208} INFO - Processing /home/airflow/.local/lib/python3.12/site-packages/airflow/example_dags/example_bash_decorator.py took 0.062 seconds
[2026-04-12T11:13:45.554+0000] {processor.py:186} INFO - Started process (PID=1015) to work on /home/airflow/.local/lib/python3.12/site-packages/airflow/example_dags/example_bash_decorator.py
[2026-04-12T11:13:45.557+0000] {processor.py:914} INFO - Processing file /home/airflow/.local/lib/python3.12/site-packages/airflow/example_dags/example_bash_decorator.py for tasks to queue
[2026-04-12T11:13:45.559+0000] {logging_mixin.py:190} INFO - [2026-04-12T11:13:45.559+0000] {dagbag.py:588} INFO - Filling up the DagBag from /home/airflow/.local/lib/python3.12/site-packages/airflow/example_dags/example_bash_decorator.py
[2026-04-12T11:13:45.570+0000] {processor.py:925} INFO - DAG(s) 'example_bash_decorator' retrieved from /home/airflow/.local/lib/python3.12/site-packages/airflow/example_dags/example_bash_decorator.py
[2026-04-12T11:13:45.588+0000] {logging_mixin.py:190} INFO - [2026-04-12T11:13:45.587+0000] {dag.py:3239} INFO - Sync 1 DAGs
[2026-04-12T11:13:45.598+0000] {logging_mixin.py:190} INFO - [2026-04-12T11:13:45.598+0000] {dag.py:4180} INFO - Setting next_dagrun for example_bash_decorator to None, run_after=None
[2026-04-12T11:13:45.613+0000] {processor.py:208} INFO - Processing /home/airflow/.local/lib/python3.12/site-packages/airflow/example_dags/example_bash_decorator.py took 0.064 seconds
[2026-04-12T11:14:15.731+0000] {processor.py:186} INFO - Started process (PID=1309) to work on /home/airflow/.local/lib/python3.12/site-packages/airflow/example_dags/example_bash_decorator.py
[2026-04-12T11:14:15.732+0000] {processor.py:914} INFO - Processing file /home/airflow/.local/lib/python3.12/site-packages/airflow/example_dags/example_bash_decorator.py for tasks to queue
[2026-04-12T11:14:15.733+0000] {logging_mixin.py:190} INFO - [2026-04-12T11:14:15.733+0000] {dagbag.py:588} INFO - Filling up the DagBag from /home/airflow/.local/lib/python3.12/site-packages/airflow/example_dags/example_bash_decorator.py
[2026-04-12T11:14:15.744+0000] {processor.py:925} INFO - DAG(s) 'example_bash_decorator' retrieved from /home/airflow/.local/lib/python3.12/site-packages/airflow/example_dags/example_bash_decorator.py
[2026-04-12T11:14:15.760+0000] {logging_mixin.py:190} INFO - [2026-04-12T11:14:15.759+0000] {dag.py:3239} INFO - Sync 1 DAGs
[2026-04-12T11:14:15.769+0000] {logging_mixin.py:190} INFO - [2026-04-12T11:14:15.769+0000] {dag.py:4180} INFO - Setting next_dagrun for example_bash_decorator to None, run_after=None
[2026-04-12T11:14:15.780+0000] {processor.py:208} INFO - Processing /home/airflow/.local/lib/python3.12/site-packages/airflow/example_dags/example_bash_decorator.py took 0.053 seconds
[2026-04-12T11:14:46.150+0000] {processor.py:186} INFO - Started process (PID=1602) to work on /home/airflow/.local/lib/python3.12/site-packages/airflow/example_dags/example_bash_decorator.py
[2026-04-12T11:14:46.151+0000] {processor.py:914} INFO - Processing file /home/airflow/.local/lib/python3.12/site-packages/airflow/example_dags/example_bash_decorator.py for tasks to queue
[2026-04-12T11:14:46.156+0000] {logging_mixin.py:190} INFO - [2026-04-12T11:14:46.155+0000] {dagbag.py:588} INFO - Filling up the DagBag from /home/airflow/.local/lib/python3.12/site-packages/airflow/example_dags/example_bash_decorator.py
[2026-04-12T11:14:46.181+0000] {processor.py:925} INFO - DAG(s) 'example_bash_decorator' retrieved from /home/airflow/.local/lib/python3.12/site-packages/airflow/example_dags/example_bash_decorator.py
[2026-04-12T11:14:46.212+0000] {logging_mixin.py:190} INFO - [2026-04-12T11:14:46.212+0000] {dag.py:3239} INFO - Sync 1 DAGs
[2026-04-12T11:14:46.229+0000] {logging_mixin.py:190} INFO - [2026-04-12T11:14:46.229+0000] {dag.py:4180} INFO - Setting next_dagrun for example_bash_decorator to None, run_after=None
[2026-04-12T11:14:46.245+0000] {processor.py:208} INFO - Processing /home/airflow/.local/lib/python3.12/site-packages/airflow/example_dags/example_bash_decorator.py took 0.105 seconds
[2026-04-12T11:15:16.624+0000] {processor.py:186} INFO - Started process (PID=1897) to work on /home/airflow/.local/lib/python3.12/site-packages/airflow/example_dags/example_bash_decorator.py
[2026-04-12T11:15:16.626+0000] {processor.py:914} INFO - Processing file /home/airflow/.local/lib/python3.12/site-packages/airflow/example_dags/example_bash_decorator.py for tasks to queue
[2026-04-12T11:15:16.633+0000] {logging_mixin.py:190} INFO - [2026-04-12T11:15:16.633+0000] {dagbag.py:588} INFO - Filling up the DagBag from /home/airflow/.local/lib/python3.12/site-packages/airflow/example_dags/example_bash_decorator.py
[2026-04-12T11:15:16.647+0000] {processor.py:925} INFO - DAG(s) 'example_bash_decorator' retrieved from /home/airflow/.local/lib/python3.12/site-packages/airflow/example_dags/example_bash_decorator.py
[2026-04-12T11:15:16.675+0000] {logging_mixin.py:190} INFO - [2026-04-12T11:15:16.675+0000] {dag.py:3239} INFO - Sync 1 DAGs
[2026-04-12T11:15:16.692+0000] {logging_mixin.py:190} INFO - [2026-04-12T11:15:16.692+0000] {dag.py:4180} INFO - Setting next_dagrun for example_bash_decorator to None, run_after=None
[2026-04-12T11:15:16.717+0000] {processor.py:208} INFO - Processing /home/airflow/.local/lib/python3.12/site-packages/airflow/example_dags/example_bash_decorator.py took 0.098 seconds
[2026-04-12T11:15:47.610+0000] {processor.py:186} INFO - Started process (PID=2193) to work on /home/airflow/.local/lib/python3.12/site-packages/airflow/example_dags/example_bash_decorator.py
[2026-04-12T11:15:47.611+0000] {processor.py:914} INFO - Processing file /home/airflow/.local/lib/python3.12/site-packages/airflow/example_dags/example_bash_decorator.py for tasks to queue
[2026-04-12T11:15:47.613+0000] {logging_mixin.py:190} INFO - [2026-04-12T11:15:47.613+0000] {dagbag.py:588} INFO - Filling up the DagBag from /home/airflow/.local/lib/python3.12/site-packages/airflow/example_dags/example_bash_decorator.py
[2026-04-12T11:15:47.622+0000] {processor.py:925} INFO - DAG(s) 'example_bash_decorator' retrieved from /home/airflow/.local/lib/python3.12/site-packages/airflow/example_dags/example_bash_decorator.py
[2026-04-12T11:15:47.636+0000] {logging_mixin.py:190} INFO - [2026-04-12T11:15:47.635+0000] {dag.py:3239} INFO - Sync 1 DAGs
[2026-04-12T11:15:47.644+0000] {logging_mixin.py:190} INFO - [2026-04-12T11:15:47.643+0000] {dag.py:4180} INFO - Setting next_dagrun for example_bash_decorator to None, run_after=None
[2026-04-12T11:15:47.653+0000] {processor.py:208} INFO - Processing /home/airflow/.local/lib/python3.12/site-packages/airflow/example_dags/example_bash_decorator.py took 0.047 seconds
[2026-04-12T11:16:19.392+0000] {processor.py:186} INFO - Started process (PID=2489) to work on /home/airflow/.local/lib/python3.12/site-packages/airflow/example_dags/example_bash_decorator.py
[2026-04-12T11:16:19.395+0000] {processor.py:914} INFO - Processing file /home/airflow/.local/lib/python3.12/site-packages/airflow/example_dags/example_bash_decorator.py for tasks to queue
[2026-04-12T11:16:19.399+0000] {logging_mixin.py:190} INFO - [2026-04-12T11:16:19.398+0000] {dagbag.py:588} INFO - Filling up the DagBag from /home/airflow/.local/lib/python3.12/site-packages/airflow/example_dags/example_bash_decorator.py
[2026-04-12T11:16:19.425+0000] {processor.py:925} INFO - DAG(s) 'example_bash_decorator' retrieved from /home/airflow/.local/lib/python3.12/site-packages/airflow/example_dags/example_bash_decorator.py
[2026-04-12T11:16:19.473+0000] {logging_mixin.py:190} INFO - [2026-04-12T11:16:19.472+0000] {dag.py:3239} INFO - Sync 1 DAGs
[2026-04-12T11:16:19.496+0000] {logging_mixin.py:190} INFO - [2026-04-12T11:16:19.495+0000] {dag.py:4180} INFO - Setting next_dagrun for example_bash_decorator to None, run_after=None
[2026-04-12T11:16:19.523+0000] {processor.py:208} INFO - Processing /home/airflow/.local/lib/python3.12/site-packages/airflow/example_dags/example_bash_decorator.py took 0.139 seconds
[2026-04-12T11:16:50.074+0000] {processor.py:186} INFO - Started process (PID=2780) to work on /home/airflow/.local/lib/python3.12/site-packages/airflow/example_dags/example_bash_decorator.py
[2026-04-12T11:16:50.075+0000] {processor.py:914} INFO - Processing file /home/airflow/.local/lib/python3.12/site-packages/airflow/example_dags/example_bash_decorator.py for tasks to queue
[2026-04-12T11:16:50.079+0000] {logging_mixin.py:190} INFO - [2026-04-12T11:16:50.079+0000] {dagbag.py:588} INFO - Filling up the DagBag from /home/airflow/.local/lib/python3.12/site-packages/airflow/example_dags/example_bash_decorator.py
[2026-04-12T11:16:50.092+0000] {processor.py:925} INFO - DAG(s) 'example_bash_decorator' retrieved from /home/airflow/.local/lib/python3.12/site-packages/airflow/example_dags/example_bash_decorator.py
[2026-04-12T11:16:50.112+0000] {logging_mixin.py:190} INFO - [2026-04-12T11:16:50.111+0000] {dag.py:3239} INFO - Sync 1 DAGs
[2026-04-12T11:16:50.123+0000] {logging_mixin.py:190} INFO - [2026-04-12T11:16:50.122+0000] {dag.py:4180} INFO - Setting next_dagrun for example_bash_decorator to None, run_after=None
[2026-04-12T11:16:50.136+0000] {processor.py:208} INFO - Processing /home/airflow/.local/lib/python3.12/site-packages/airflow/example_dags/example_bash_decorator.py took 0.069 seconds
[2026-04-12T11:17:20.179+0000] {processor.py:186} INFO - Started process (PID=3083) to work on /home/airflow/.local/lib/python3.12/site-packages/airflow/example_dags/example_bash_decorator.py
[2026-04-12T11:17:20.180+0000] {processor.py:914} INFO - Processing file /home/airflow/.local/lib/python3.12/site-packages/airflow/example_dags/example_bash_decorator.py for tasks to queue
[2026-04-12T11:17:20.183+0000] {logging_mixin.py:190} INFO - [2026-04-12T11:17:20.182+0000] {dagbag.py:588} INFO - Filling up the DagBag from /home/airflow/.local/lib/python3.12/site-packages/airflow/example_dags/example_bash_decorator.py
[2026-04-12T11:17:20.196+0000] {processor.py:925} INFO - DAG(s) 'example_bash_decorator' retrieved from /home/airflow/.local/lib/python3.12/site-packages/airflow/example_dags/example_bash_decorator.py
[2026-04-12T11:17:20.226+0000] {logging_mixin.py:190} INFO - [2026-04-12T11:17:20.226+0000] {dag.py:3239} INFO - Sync 1 DAGs
[2026-04-12T11:17:20.236+0000] {logging_mixin.py:190} INFO - [2026-04-12T11:17:20.236+0000] {dag.py:4180} INFO - Setting next_dagrun for example_bash_decorator to None, run_after=None
[2026-04-12T11:17:20.247+0000] {processor.py:208} INFO - Processing /home/airflow/.local/lib/python3.12/site-packages/airflow/example_dags/example_bash_decorator.py took 0.072 seconds
[2026-04-12T11:17:50.799+0000] {processor.py:186} INFO - Started process (PID=3381) to work on /home/airflow/.local/lib/python3.12/site-packages/airflow/example_dags/example_bash_decorator.py
[2026-04-12T11:17:50.800+0000] {processor.py:914} INFO - Processing file /home/airflow/.local/lib/python3.12/site-packages/airflow/example_dags/example_bash_decorator.py for tasks to queue
[2026-04-12T11:17:50.804+0000] {logging_mixin.py:190} INFO - [2026-04-12T11:17:50.803+0000] {dagbag.py:588} INFO - Filling up the DagBag from /home/airflow/.local/lib/python3.12/site-packages/airflow/example_dags/example_bash_decorator.py
[2026-04-12T11:17:50.819+0000] {processor.py:925} INFO - DAG(s) 'example_bash_decorator' retrieved from /home/airflow/.local/lib/python3.12/site-packages/airflow/example_dags/example_bash_decorator.py
[2026-04-12T11:17:50.836+0000] {logging_mixin.py:190} INFO - [2026-04-12T11:17:50.835+0000] {dag.py:3239} INFO - Sync 1 DAGs
[2026-04-12T11:17:50.846+0000] {logging_mixin.py:190} INFO - [2026-04-12T11:17:50.846+0000] {dag.py:4180} INFO - Setting next_dagrun for example_bash_decorator to None, run_after=None
[2026-04-12T11:17:50.857+0000] {processor.py:208} INFO - Processing /home/airflow/.local/lib/python3.12/site-packages/airflow/example_dags/example_bash_decorator.py took 0.063 seconds
[2026-04-12T11:18:21.670+0000] {processor.py:186} INFO - Started process (PID=3688) to work on /home/airflow/.local/lib/python3.12/site-packages/airflow/example_dags/example_bash_decorator.py
[2026-04-12T11:18:21.672+0000] {processor.py:914} INFO - Processing file /home/airflow/.local/lib/python3.12/site-packages/airflow/example_dags/example_bash_decorator.py for tasks to queue
[2026-04-12T11:18:21.674+0000] {logging_mixin.py:190} INFO - [2026-04-12T11:18:21.674+0000] {dagbag.py:588} INFO - Filling up the DagBag from /home/airflow/.local/lib/python3.12/site-packages/airflow/example_dags/example_bash_decorator.py
[2026-04-12T11:18:21.685+0000] {processor.py:925} INFO - DAG(s) 'example_bash_decorator' retrieved from /home/airflow/.local/lib/python3.12/site-packages/airflow/example_dags/example_bash_decorator.py
[2026-04-12T11:18:21.702+0000] {logging_mixin.py:190} INFO - [2026-04-12T11:18:21.702+0000] {dag.py:3239} INFO - Sync 1 DAGs
[2026-04-12T11:18:21.714+0000] {logging_mixin.py:190} INFO - [2026-04-12T11:18:21.713+0000] {dag.py:4180} INFO - Setting next_dagrun for example_bash_decorator to None, run_after=None
[2026-04-12T11:18:21.728+0000] {processor.py:208} INFO - Processing /home/airflow/.local/lib/python3.12/site-packages/airflow/example_dags/example_bash_decorator.py took 0.064 seconds
[2026-04-12T11:18:52.026+0000] {processor.py:186} INFO - Started process (PID=3984) to work on /home/airflow/.local/lib/python3.12/site-packages/airflow/example_dags/example_bash_decorator.py
[2026-04-12T11:18:52.027+0000] {processor.py:914} INFO - Processing file /home/airflow/.local/lib/python3.12/site-packages/airflow/example_dags/example_bash_decorator.py for tasks to queue
[2026-04-12T11:18:52.028+0000] {logging_mixin.py:190} INFO - [2026-04-12T11:18:52.028+0000] {dagbag.py:588} INFO - Filling up the DagBag from /home/airflow/.local/lib/python3.12/site-packages/airflow/example_dags/example_bash_decorator.py
[2026-04-12T11:18:52.037+0000] {processor.py:925} INFO - DAG(s) 'example_bash_decorator' retrieved from /home/airflow/.local/lib/python3.12/site-packages/airflow/example_dags/example_bash_decorator.py
[2026-04-12T11:18:52.053+0000] {logging_mixin.py:190} INFO - [2026-04-12T11:18:52.053+0000] {dag.py:3239} INFO - Sync 1 DAGs
[2026-04-12T11:18:52.062+0000] {logging_mixin.py:190} INFO - [2026-04-12T11:18:52.062+0000] {dag.py:4180} INFO - Setting next_dagrun for example_bash_decorator to None, run_after=None
[2026-04-12T11:18:52.073+0000] {processor.py:208} INFO - Processing /home/airflow/.local/lib/python3.12/site-packages/airflow/example_dags/example_bash_decorator.py took 0.052 seconds
[2026-04-12T11:19:22.275+0000] {processor.py:186} INFO - Started process (PID=4293) to work on /home/airflow/.local/lib/python3.12/site-packages/airflow/example_dags/example_bash_decorator.py
[2026-04-12T11:19:22.282+0000] {processor.py:914} INFO - Processing file /home/airflow/.local/lib/python3.12/site-packages/airflow/example_dags/example_bash_decorator.py for tasks to queue
[2026-04-12T11:19:22.284+0000] {logging_mixin.py:190} INFO - [2026-04-12T11:19:22.283+0000] {dagbag.py:588} INFO - Filling up the DagBag from /home/airflow/.local/lib/python3.12/site-packages/airflow/example_dags/example_bash_decorator.py
[2026-04-12T11:19:22.293+0000] {processor.py:925} INFO - DAG(s) 'example_bash_decorator' retrieved from /home/airflow/.local/lib/python3.12/site-packages/airflow/example_dags/example_bash_decorator.py
[2026-04-12T11:19:22.319+0000] {logging_mixin.py:190} INFO - [2026-04-12T11:19:22.319+0000] {dag.py:3239} INFO - Sync 1 DAGs
[2026-04-12T11:19:22.330+0000] {logging_mixin.py:190} INFO - [2026-04-12T11:19:22.330+0000] {dag.py:4180} INFO - Setting next_dagrun for example_bash_decorator to None, run_after=None
[2026-04-12T11:19:22.340+0000] {processor.py:208} INFO - Processing /home/airflow/.local/lib/python3.12/site-packages/airflow/example_dags/example_bash_decorator.py took 0.072 seconds
[2026-04-12T11:19:53.213+0000] {processor.py:186} INFO - Started process (PID=4591) to work on /home/airflow/.local/lib/python3.12/site-packages/airflow/example_dags/example_bash_decorator.py
[2026-04-12T11:19:53.214+0000] {processor.py:914} INFO - Processing file /home/airflow/.local/lib/python3.12/site-packages/airflow/example_dags/example_bash_decorator.py for tasks to queue
[2026-04-12T11:19:53.215+0000] {logging_mixin.py:190} INFO - [2026-04-12T11:19:53.215+0000] {dagbag.py:588} INFO - Filling up the DagBag from /home/airflow/.local/lib/python3.12/site-packages/airflow/example_dags/example_bash_decorator.py
[2026-04-12T11:19:53.224+0000] {processor.py:925} INFO - DAG(s) 'example_bash_decorator' retrieved from /home/airflow/.local/lib/python3.12/site-packages/airflow/example_dags/example_bash_decorator.py
[2026-04-12T11:19:53.239+0000] {logging_mixin.py:190} INFO - [2026-04-12T11:19:53.239+0000] {dag.py:3239} INFO - Sync 1 DAGs
[2026-04-12T11:19:53.247+0000] {logging_mixin.py:190} INFO - [2026-04-12T11:19:53.247+0000] {dag.py:4180} INFO - Setting next_dagrun for example_bash_decorator to None, run_after=None
[2026-04-12T11:19:53.257+0000] {processor.py:208} INFO - Processing /home/airflow/.local/lib/python3.12/site-packages/airflow/example_dags/example_bash_decorator.py took 0.048 seconds
[2026-04-12T11:20:23.971+0000] {processor.py:186} INFO - Started process (PID=4885) to work on /home/airflow/.local/lib/python3.12/site-packages/airflow/example_dags/example_bash_decorator.py
[2026-04-12T11:20:23.972+0000] {processor.py:914} INFO - Processing file /home/airflow/.local/lib/python3.12/site-packages/airflow/example_dags/example_bash_decorator.py for tasks to queue
[2026-04-12T11:20:23.973+0000] {logging_mixin.py:190} INFO - [2026-04-12T11:20:23.973+0000] {dagbag.py:588} INFO - Filling up the DagBag from /home/airflow/.local/lib/python3.12/site-packages/airflow/example_dags/example_bash_decorator.py
[2026-04-12T11:20:23.987+0000] {processor.py:925} INFO - DAG(s) 'example_bash_decorator' retrieved from /home/airflow/.local/lib/python3.12/site-packages/airflow/example_dags/example_bash_decorator.py
[2026-04-12T11:20:24.009+0000] {logging_mixin.py:190} INFO - [2026-04-12T11:20:24.009+0000] {dag.py:3239} INFO - Sync 1 DAGs
[2026-04-12T11:20:24.019+0000] {logging_mixin.py:190} INFO - [2026-04-12T11:20:24.019+0000] {dag.py:4180} INFO - Setting next_dagrun for example_bash_decorator to None, run_after=None
[2026-04-12T11:20:24.032+0000] {processor.py:208} INFO - Processing /home/airflow/.local/lib/python3.12/site-packages/airflow/example_dags/example_bash_decorator.py took 0.065 seconds
[2026-04-12T11:20:54.506+0000] {processor.py:186} INFO - Started process (PID=5181) to work on /home/airflow/.local/lib/python3.12/site-packages/airflow/example_dags/example_bash_decorator.py
[2026-04-12T11:20:54.508+0000] {processor.py:914} INFO - Processing file /home/airflow/.local/lib/python3.12/site-packages/airflow/example_dags/example_bash_decorator.py for tasks to queue
[2026-04-12T11:20:54.509+0000] {logging_mixin.py:190} INFO - [2026-04-12T11:20:54.509+0000] {dagbag.py:588} INFO - Filling up the DagBag from /home/airflow/.local/lib/python3.12/site-packages/airflow/example_dags/example_bash_decorator.py
[2026-04-12T11:20:54.523+0000] {processor.py:925} INFO - DAG(s) 'example_bash_decorator' retrieved from /home/airflow/.local/lib/python3.12/site-packages/airflow/example_dags/example_bash_decorator.py
[2026-04-12T11:20:54.538+0000] {logging_mixin.py:190} INFO - [2026-04-12T11:20:54.538+0000] {dag.py:3239} INFO - Sync 1 DAGs
[2026-04-12T11:20:54.548+0000] {logging_mixin.py:190} INFO - [2026-04-12T11:20:54.547+0000] {dag.py:4180} INFO - Setting next_dagrun for example_bash_decorator to None, run_after=None
[2026-04-12T11:20:54.560+0000] {processor.py:208} INFO - Processing /home/airflow/.local/lib/python3.12/site-packages/airflow/example_dags/example_bash_decorator.py took 0.060 seconds
[2026-04-12T11:21:25.320+0000] {processor.py:186} INFO - Started process (PID=5479) to work on /home/airflow/.local/lib/python3.12/site-packages/airflow/example_dags/example_bash_decorator.py
[2026-04-12T11:21:25.321+0000] {processor.py:914} INFO - Processing file /home/airflow/.local/lib/python3.12/site-packages/airflow/example_dags/example_bash_decorator.py for tasks to queue
[2026-04-12T11:21:25.322+0000] {logging_mixin.py:190} INFO - [2026-04-12T11:21:25.322+0000] {dagbag.py:588} INFO - Filling up the DagBag from /home/airflow/.local/lib/python3.12/site-packages/airflow/example_dags/example_bash_decorator.py
[2026-04-12T11:21:25.331+0000] {processor.py:925} INFO - DAG(s) 'example_bash_decorator' retrieved from /home/airflow/.local/lib/python3.12/site-packages/airflow/example_dags/example_bash_decorator.py
[2026-04-12T11:21:25.345+0000] {logging_mixin.py:190} INFO - [2026-04-12T11:21:25.345+0000] {dag.py:3239} INFO - Sync 1 DAGs
[2026-04-12T11:21:25.353+0000] {logging_mixin.py:190} INFO - [2026-04-12T11:21:25.353+0000] {dag.py:4180} INFO - Setting next_dagrun for example_bash_decorator to None, run_after=None
[2026-04-12T11:21:25.363+0000] {processor.py:208} INFO - Processing /home/airflow/.local/lib/python3.12/site-packages/airflow/example_dags/example_bash_decorator.py took 0.047 seconds
[2026-04-12T11:21:55.421+0000] {processor.py:186} INFO - Started process (PID=5773) to work on /home/airflow/.local/lib/python3.12/site-packages/airflow/example_dags/example_bash_decorator.py
[2026-04-12T11:21:55.422+0000] {processor.py:914} INFO - Processing file /home/airflow/.local/lib/python3.12/site-packages/airflow/example_dags/example_bash_decorator.py for tasks to queue
[2026-04-12T11:21:55.425+0000] {logging_mixin.py:190} INFO - [2026-04-12T11:21:55.425+0000] {dagbag.py:588} INFO - Filling up the DagBag from /home/airflow/.local/lib/python3.12/site-packages/airflow/example_dags/example_bash_decorator.py
[2026-04-12T11:21:55.445+0000] {processor.py:925} INFO - DAG(s) 'example_bash_decorator' retrieved from /home/airflow/.local/lib/python3.12/site-packages/airflow/example_dags/example_bash_decorator.py
[2026-04-12T11:21:55.465+0000] {logging_mixin.py:190} INFO - [2026-04-12T11:21:55.465+0000] {dag.py:3239} INFO - Sync 1 DAGs
[2026-04-12T11:21:55.474+0000] {logging_mixin.py:190} INFO - [2026-04-12T11:21:55.474+0000] {dag.py:4180} INFO - Setting next_dagrun for example_bash_decorator to None, run_after=None
[2026-04-12T11:21:55.484+0000] {processor.py:208} INFO - Processing /home/airflow/.local/lib/python3.12/site-packages/airflow/example_dags/example_bash_decorator.py took 0.068 seconds
[2026-04-12T11:22:25.600+0000] {processor.py:186} INFO - Started process (PID=6069) to work on /home/airflow/.local/lib/python3.12/site-packages/airflow/example_dags/example_bash_decorator.py
[2026-04-12T11:22:25.602+0000] {processor.py:914} INFO - Processing file /home/airflow/.local/lib/python3.12/site-packages/airflow/example_dags/example_bash_decorator.py for tasks to queue
[2026-04-12T11:22:25.605+0000] {logging_mixin.py:190} INFO - [2026-04-12T11:22:25.605+0000] {dagbag.py:588} INFO - Filling up the DagBag from /home/airflow/.local/lib/python3.12/site-packages/airflow/example_dags/example_bash_decorator.py
[2026-04-12T11:22:25.618+0000] {processor.py:925} INFO - DAG(s) 'example_bash_decorator' retrieved from /home/airflow/.local/lib/python3.12/site-packages/airflow/example_dags/example_bash_decorator.py
[2026-04-12T11:22:25.661+0000] {logging_mixin.py:190} INFO - [2026-04-12T11:22:25.660+0000] {dag.py:3239} INFO - Sync 1 DAGs
[2026-04-12T11:22:25.679+0000] {logging_mixin.py:190} INFO - [2026-04-12T11:22:25.679+0000] {dag.py:4180} INFO - Setting next_dagrun for example_bash_decorator to None, run_after=None
[2026-04-12T11:22:25.697+0000] {processor.py:208} INFO - Processing /home/airflow/.local/lib/python3.12/site-packages/airflow/example_dags/example_bash_decorator.py took 0.102 seconds
[2026-04-12T11:22:55.762+0000] {processor.py:186} INFO - Started process (PID=6364) to work on /home/airflow/.local/lib/python3.12/site-packages/airflow/example_dags/example_bash_decorator.py
[2026-04-12T11:22:55.764+0000] {processor.py:914} INFO - Processing file /home/airflow/.local/lib/python3.12/site-packages/airflow/example_dags/example_bash_decorator.py for tasks to queue
[2026-04-12T11:22:55.766+0000] {logging_mixin.py:190} INFO - [2026-04-12T11:22:55.765+0000] {dagbag.py:588} INFO - Filling up the DagBag from /home/airflow/.local/lib/python3.12/site-packages/airflow/example_dags/example_bash_decorator.py
[2026-04-12T11:22:55.778+0000] {processor.py:925} INFO - DAG(s) 'example_bash_decorator' retrieved from /home/airflow/.local/lib/python3.12/site-packages/airflow/example_dags/example_bash_decorator.py
[2026-04-12T11:22:55.797+0000] {logging_mixin.py:190} INFO - [2026-04-12T11:22:55.797+0000] {dag.py:3239} INFO - Sync 1 DAGs
[2026-04-12T11:22:55.807+0000] {logging_mixin.py:190} INFO - [2026-04-12T11:22:55.806+0000] {dag.py:4180} INFO - Setting next_dagrun for example_bash_decorator to None, run_after=None
[2026-04-12T11:22:55.817+0000] {processor.py:208} INFO - Processing /home/airflow/.local/lib/python3.12/site-packages/airflow/example_dags/example_bash_decorator.py took 0.058 seconds
[2026-04-12T11:23:25.942+0000] {processor.py:186} INFO - Started process (PID=6660) to work on /home/airflow/.local/lib/python3.12/site-packages/airflow/example_dags/example_bash_decorator.py
[2026-04-12T11:23:25.946+0000] {processor.py:914} INFO - Processing file /home/airflow/.local/lib/python3.12/site-packages/airflow/example_dags/example_bash_decorator.py for tasks to queue
[2026-04-12T11:23:25.947+0000] {logging_mixin.py:190} INFO - [2026-04-12T11:23:25.947+0000] {dagbag.py:588} INFO - Filling up the DagBag from /home/airflow/.local/lib/python3.12/site-packages/airflow/example_dags/example_bash_decorator.py
[2026-04-12T11:23:25.960+0000] {processor.py:925} INFO - DAG(s) 'example_bash_decorator' retrieved from /home/airflow/.local/lib/python3.12/site-packages/airflow/example_dags/example_bash_decorator.py
[2026-04-12T11:23:25.983+0000] {logging_mixin.py:190} INFO - [2026-04-12T11:23:25.983+0000] {dag.py:3239} INFO - Sync 1 DAGs
[2026-04-12T11:23:25.995+0000] {logging_mixin.py:190} INFO - [2026-04-12T11:23:25.995+0000] {dag.py:4180} INFO - Setting next_dagrun for example_bash_decorator to None, run_after=None
[2026-04-12T11:23:26.009+0000] {processor.py:208} INFO - Processing /home/airflow/.local/lib/python3.12/site-packages/airflow/example_dags/example_bash_decorator.py took 0.071 seconds
[2026-04-12T11:23:56.415+0000] {processor.py:186} INFO - Started process (PID=6956) to work on /home/airflow/.local/lib/python3.12/site-packages/airflow/example_dags/example_bash_decorator.py
[2026-04-12T11:23:56.418+0000] {processor.py:914} INFO - Processing file /home/airflow/.local/lib/python3.12/site-packages/airflow/example_dags/example_bash_decorator.py for tasks to queue
[2026-04-12T11:23:56.421+0000] {logging_mixin.py:190} INFO - [2026-04-12T11:23:56.421+0000] {dagbag.py:588} INFO - Filling up the DagBag from /home/airflow/.local/lib/python3.12/site-packages/airflow/example_dags/example_bash_decorator.py
[2026-04-12T11:23:56.442+0000] {processor.py:925} INFO - DAG(s) 'example_bash_decorator' retrieved from /home/airflow/.local/lib/python3.12/site-packages/airflow/example_dags/example_bash_decorator.py
[2026-04-12T11:23:56.466+0000] {logging_mixin.py:190} INFO - [2026-04-12T11:23:56.466+0000] {dag.py:3239} INFO - Sync 1 DAGs
[2026-04-12T11:23:56.477+0000] {logging_mixin.py:190} INFO - [2026-04-12T11:23:56.476+0000] {dag.py:4180} INFO - Setting next_dagrun for example_bash_decorator to None, run_after=None
[2026-04-12T11:23:56.487+0000] {processor.py:208} INFO - Processing /home/airflow/.local/lib/python3.12/site-packages/airflow/example_dags/example_bash_decorator.py took 0.080 seconds
[2026-04-12T11:24:26.788+0000] {processor.py:186} INFO - Started process (PID=7252) to work on /home/airflow/.local/lib/python3.12/site-packages/airflow/example_dags/example_bash_decorator.py
[2026-04-12T11:24:26.797+0000] {processor.py:914} INFO - Processing file /home/airflow/.local/lib/python3.12/site-packages/airflow/example_dags/example_bash_decorator.py for tasks to queue
[2026-04-12T11:24:26.805+0000] {logging_mixin.py:190} INFO - [2026-04-12T11:24:26.804+0000] {dagbag.py:588} INFO - Filling up the DagBag from /home/airflow/.local/lib/python3.12/site-packages/airflow/example_dags/example_bash_decorator.py
[2026-04-12T11:24:26.831+0000] {processor.py:925} INFO - DAG(s) 'example_bash_decorator' retrieved from /home/airflow/.local/lib/python3.12/site-packages/airflow/example_dags/example_bash_decorator.py
[2026-04-12T11:24:26.892+0000] {logging_mixin.py:190} INFO - [2026-04-12T11:24:26.892+0000] {dag.py:3239} INFO - Sync 1 DAGs
[2026-04-12T11:24:26.943+0000] {logging_mixin.py:190} INFO - [2026-04-12T11:24:26.943+0000] {dag.py:4180} INFO - Setting next_dagrun for example_bash_decorator to None, run_after=None
[2026-04-12T11:24:26.984+0000] {processor.py:208} INFO - Processing /home/airflow/.local/lib/python3.12/site-packages/airflow/example_dags/example_bash_decorator.py took 0.207 seconds
[2026-04-12T11:24:57.867+0000] {processor.py:186} INFO - Started process (PID=7548) to work on /home/airflow/.local/lib/python3.12/site-packages/airflow/example_dags/example_bash_decorator.py
[2026-04-12T11:24:57.868+0000] {processor.py:914} INFO - Processing file /home/airflow/.local/lib/python3.12/site-packages/airflow/example_dags/example_bash_decorator.py for tasks to queue
[2026-04-12T11:24:57.871+0000] {logging_mixin.py:190} INFO - [2026-04-12T11:24:57.871+0000] {dagbag.py:588} INFO - Filling up the DagBag from /home/airflow/.local/lib/python3.12/site-packages/airflow/example_dags/example_bash_decorator.py
[2026-04-12T11:24:57.885+0000] {processor.py:925} INFO - DAG(s) 'example_bash_decorator' retrieved from /home/airflow/.local/lib/python3.12/site-packages/airflow/example_dags/example_bash_decorator.py
[2026-04-12T11:24:57.908+0000] {logging_mixin.py:190} INFO - [2026-04-12T11:24:57.907+0000] {dag.py:3239} INFO - Sync 1 DAGs
[2026-04-12T11:24:57.921+0000] {logging_mixin.py:190} INFO - [2026-04-12T11:24:57.921+0000] {dag.py:4180} INFO - Setting next_dagrun for example_bash_decorator to None, run_after=None
[2026-04-12T11:24:57.935+0000] {processor.py:208} INFO - Processing /home/airflow/.local/lib/python3.12/site-packages/airflow/example_dags/example_bash_decorator.py took 0.075 seconds
[2026-04-12T11:25:28.804+0000] {processor.py:186} INFO - Started process (PID=7844) to work on /home/airflow/.local/lib/python3.12/site-packages/airflow/example_dags/example_bash_decorator.py
[2026-04-12T11:25:28.807+0000] {processor.py:914} INFO - Processing file /home/airflow/.local/lib/python3.12/site-packages/airflow/example_dags/example_bash_decorator.py for tasks to queue
[2026-04-12T11:25:28.809+0000] {logging_mixin.py:190} INFO - [2026-04-12T11:25:28.809+0000] {dagbag.py:588} INFO - Filling up the DagBag from /home/airflow/.local/lib/python3.12/site-packages/airflow/example_dags/example_bash_decorator.py
[2026-04-12T11:25:28.837+0000] {processor.py:925} INFO - DAG(s) 'example_bash_decorator' retrieved from /home/airflow/.local/lib/python3.12/site-packages/airflow/example_dags/example_bash_decorator.py
[2026-04-12T11:25:28.918+0000] {logging_mixin.py:190} INFO - [2026-04-12T11:25:28.917+0000] {dag.py:3239} INFO - Sync 1 DAGs
[2026-04-12T11:25:28.941+0000] {logging_mixin.py:190} INFO - [2026-04-12T11:25:28.941+0000] {dag.py:4180} INFO - Setting next_dagrun for example_bash_decorator to None, run_after=None
[2026-04-12T11:25:28.957+0000] {processor.py:208} INFO - Processing /home/airflow/.local/lib/python3.12/site-packages/airflow/example_dags/example_bash_decorator.py took 0.162 seconds
[2026-04-12T11:27:11.462+0000] {processor.py:186} INFO - Started process (PID=8327) to work on /home/airflow/.local/lib/python3.12/site-packages/airflow/example_dags/example_bash_decorator.py
[2026-04-12T11:27:11.463+0000] {processor.py:914} INFO - Processing file /home/airflow/.local/lib/python3.12/site-packages/airflow/example_dags/example_bash_decorator.py for tasks to queue
[2026-04-12T11:27:11.464+0000] {logging_mixin.py:190} INFO - [2026-04-12T11:27:11.464+0000] {dagbag.py:588} INFO - Filling up the DagBag from /home/airflow/.local/lib/python3.12/site-packages/airflow/example_dags/example_bash_decorator.py
[2026-04-12T11:27:11.476+0000] {processor.py:925} INFO - DAG(s) 'example_bash_decorator' retrieved from /home/airflow/.local/lib/python3.12/site-packages/airflow/example_dags/example_bash_decorator.py
[2026-04-12T11:27:11.502+0000] {logging_mixin.py:190} INFO - [2026-04-12T11:27:11.502+0000] {dag.py:3239} INFO - Sync 1 DAGs
[2026-04-12T11:27:11.510+0000] {logging_mixin.py:190} INFO - [2026-04-12T11:27:11.510+0000] {dag.py:4180} INFO - Setting next_dagrun for example_bash_decorator to None, run_after=None
[2026-04-12T11:27:11.520+0000] {processor.py:208} INFO - Processing /home/airflow/.local/lib/python3.12/site-packages/airflow/example_dags/example_bash_decorator.py took 0.063 seconds
[2026-04-12T11:29:47.593+0000] {processor.py:186} INFO - Started process (PID=8621) to work on /home/airflow/.local/lib/python3.12/site-packages/airflow/example_dags/example_bash_decorator.py
[2026-04-12T11:29:47.595+0000] {processor.py:914} INFO - Processing file /home/airflow/.local/lib/python3.12/site-packages/airflow/example_dags/example_bash_decorator.py for tasks to queue
[2026-04-12T11:29:47.596+0000] {logging_mixin.py:190} INFO - [2026-04-12T11:29:47.596+0000] {dagbag.py:588} INFO - Filling up the DagBag from /home/airflow/.local/lib/python3.12/site-packages/airflow/example_dags/example_bash_decorator.py
[2026-04-12T11:29:47.605+0000] {processor.py:925} INFO - DAG(s) 'example_bash_decorator' retrieved from /home/airflow/.local/lib/python3.12/site-packages/airflow/example_dags/example_bash_decorator.py
[2026-04-12T11:29:47.625+0000] {logging_mixin.py:190} INFO - [2026-04-12T11:29:47.625+0000] {dag.py:3239} INFO - Sync 1 DAGs
[2026-04-12T11:29:47.637+0000] {logging_mixin.py:190} INFO - [2026-04-12T11:29:47.636+0000] {dag.py:4180} INFO - Setting next_dagrun for example_bash_decorator to None, run_after=None
[2026-04-12T11:29:47.648+0000] {processor.py:208} INFO - Processing /home/airflow/.local/lib/python3.12/site-packages/airflow/example_dags/example_bash_decorator.py took 0.059 seconds
[2026-04-12T11:30:18.975+0000] {processor.py:186} INFO - Started process (PID=8917) to work on /home/airflow/.local/lib/python3.12/site-packages/airflow/example_dags/example_bash_decorator.py
[2026-04-12T11:30:18.978+0000] {processor.py:914} INFO - Processing file /home/airflow/.local/lib/python3.12/site-packages/airflow/example_dags/example_bash_decorator.py for tasks to queue
[2026-04-12T11:30:18.979+0000] {logging_mixin.py:190} INFO - [2026-04-12T11:30:18.979+0000] {dagbag.py:588} INFO - Filling up the DagBag from /home/airflow/.local/lib/python3.12/site-packages/airflow/example_dags/example_bash_decorator.py
[2026-04-12T11:30:18.989+0000] {processor.py:925} INFO - DAG(s) 'example_bash_decorator' retrieved from /home/airflow/.local/lib/python3.12/site-packages/airflow/example_dags/example_bash_decorator.py
[2026-04-12T11:30:19.010+0000] {logging_mixin.py:190} INFO - [2026-04-12T11:30:19.010+0000] {dag.py:3239} INFO - Sync 1 DAGs
[2026-04-12T11:30:19.022+0000] {logging_mixin.py:190} INFO - [2026-04-12T11:30:19.022+0000] {dag.py:4180} INFO - Setting next_dagrun for example_bash_decorator to None, run_after=None
[2026-04-12T11:30:19.035+0000] {processor.py:208} INFO - Processing /home/airflow/.local/lib/python3.12/site-packages/airflow/example_dags/example_bash_decorator.py took 0.063 seconds
[2026-04-12T11:30:50.440+0000] {processor.py:186} INFO - Started process (PID=9213) to work on /home/airflow/.local/lib/python3.12/site-packages/airflow/example_dags/example_bash_decorator.py
[2026-04-12T11:30:50.441+0000] {processor.py:914} INFO - Processing file /home/airflow/.local/lib/python3.12/site-packages/airflow/example_dags/example_bash_decorator.py for tasks to queue
[2026-04-12T11:30:50.442+0000] {logging_mixin.py:190} INFO - [2026-04-12T11:30:50.442+0000] {dagbag.py:588} INFO - Filling up the DagBag from /home/airflow/.local/lib/python3.12/site-packages/airflow/example_dags/example_bash_decorator.py
[2026-04-12T11:30:50.456+0000] {processor.py:925} INFO - DAG(s) 'example_bash_decorator' retrieved from /home/airflow/.local/lib/python3.12/site-packages/airflow/example_dags/example_bash_decorator.py
[2026-04-12T11:30:50.480+0000] {logging_mixin.py:190} INFO - [2026-04-12T11:30:50.480+0000] {dag.py:3239} INFO - Sync 1 DAGs
[2026-04-12T11:30:50.493+0000] {logging_mixin.py:190} INFO - [2026-04-12T11:30:50.493+0000] {dag.py:4180} INFO - Setting next_dagrun for example_bash_decorator to None, run_after=None
[2026-04-12T11:30:50.504+0000] {processor.py:208} INFO - Processing /home/airflow/.local/lib/python3.12/site-packages/airflow/example_dags/example_bash_decorator.py took 0.068 seconds
[2026-04-12T11:31:21.433+0000] {processor.py:186} INFO - Started process (PID=9508) to work on /home/airflow/.local/lib/python3.12/site-packages/airflow/example_dags/example_bash_decorator.py
[2026-04-12T11:31:21.434+0000] {processor.py:914} INFO - Processing file /home/airflow/.local/lib/python3.12/site-packages/airflow/example_dags/example_bash_decorator.py for tasks to queue
[2026-04-12T11:31:21.436+0000] {logging_mixin.py:190} INFO - [2026-04-12T11:31:21.436+0000] {dagbag.py:588} INFO - Filling up the DagBag from /home/airflow/.local/lib/python3.12/site-packages/airflow/example_dags/example_bash_decorator.py
[2026-04-12T11:31:21.452+0000] {processor.py:925} INFO - DAG(s) 'example_bash_decorator' retrieved from /home/airflow/.local/lib/python3.12/site-packages/airflow/example_dags/example_bash_decorator.py
[2026-04-12T11:31:21.470+0000] {logging_mixin.py:190} INFO - [2026-04-12T11:31:21.470+0000] {dag.py:3239} INFO - Sync 1 DAGs
[2026-04-12T11:31:21.478+0000] {logging_mixin.py:190} INFO - [2026-04-12T11:31:21.478+0000] {dag.py:4180} INFO - Setting next_dagrun for example_bash_decorator to None, run_after=None
[2026-04-12T11:31:21.488+0000] {processor.py:208} INFO - Processing /home/airflow/.local/lib/python3.12/site-packages/airflow/example_dags/example_bash_decorator.py took 0.059 seconds
[2026-04-12T11:31:52.877+0000] {processor.py:186} INFO - Started process (PID=9804) to work on /home/airflow/.local/lib/python3.12/site-packages/airflow/example_dags/example_bash_decorator.py
[2026-04-12T11:31:52.878+0000] {processor.py:914} INFO - Processing file /home/airflow/.local/lib/python3.12/site-packages/airflow/example_dags/example_bash_decorator.py for tasks to queue
[2026-04-12T11:31:52.880+0000] {logging_mixin.py:190} INFO - [2026-04-12T11:31:52.880+0000] {dagbag.py:588} INFO - Filling up the DagBag from /home/airflow/.local/lib/python3.12/site-packages/airflow/example_dags/example_bash_decorator.py
[2026-04-12T11:31:52.893+0000] {processor.py:925} INFO - DAG(s) 'example_bash_decorator' retrieved from /home/airflow/.local/lib/python3.12/site-packages/airflow/example_dags/example_bash_decorator.py
[2026-04-12T11:31:52.914+0000] {logging_mixin.py:190} INFO - [2026-04-12T11:31:52.914+0000] {dag.py:3239} INFO - Sync 1 DAGs
[2026-04-12T11:31:52.926+0000] {logging_mixin.py:190} INFO - [2026-04-12T11:31:52.926+0000] {dag.py:4180} INFO - Setting next_dagrun for example_bash_decorator to None, run_after=None
[2026-04-12T11:31:52.938+0000] {processor.py:208} INFO - Processing /home/airflow/.local/lib/python3.12/site-packages/airflow/example_dags/example_bash_decorator.py took 0.065 seconds
[2026-04-12T11:32:24.735+0000] {processor.py:186} INFO - Started process (PID=10100) to work on /home/airflow/.local/lib/python3.12/site-packages/airflow/example_dags/example_bash_decorator.py
[2026-04-12T11:32:24.737+0000] {processor.py:914} INFO - Processing file /home/airflow/.local/lib/python3.12/site-packages/airflow/example_dags/example_bash_decorator.py for tasks to queue
[2026-04-12T11:32:24.739+0000] {logging_mixin.py:190} INFO - [2026-04-12T11:32:24.739+0000] {dagbag.py:588} INFO - Filling up the DagBag from /home/airflow/.local/lib/python3.12/site-packages/airflow/example_dags/example_bash_decorator.py
[2026-04-12T11:32:24.752+0000] {processor.py:925} INFO - DAG(s) 'example_bash_decorator' retrieved from /home/airflow/.local/lib/python3.12/site-packages/airflow/example_dags/example_bash_decorator.py
[2026-04-12T11:32:24.778+0000] {logging_mixin.py:190} INFO - [2026-04-12T11:32:24.778+0000] {dag.py:3239} INFO - Sync 1 DAGs
[2026-04-12T11:32:24.790+0000] {logging_mixin.py:190} INFO - [2026-04-12T11:32:24.789+0000] {dag.py:4180} INFO - Setting next_dagrun for example_bash_decorator to None, run_after=None
[2026-04-12T11:32:24.813+0000] {processor.py:208} INFO - Processing /home/airflow/.local/lib/python3.12/site-packages/airflow/example_dags/example_bash_decorator.py took 0.083 seconds
[2026-04-12T11:32:54.973+0000] {processor.py:186} INFO - Started process (PID=10396) to work on /home/airflow/.local/lib/python3.12/site-packages/airflow/example_dags/example_bash_decorator.py
[2026-04-12T11:32:54.975+0000] {processor.py:914} INFO - Processing file /home/airflow/.local/lib/python3.12/site-packages/airflow/example_dags/example_bash_decorator.py for tasks to queue
[2026-04-12T11:32:54.977+0000] {logging_mixin.py:190} INFO - [2026-04-12T11:32:54.977+0000] {dagbag.py:588} INFO - Filling up the DagBag from /home/airflow/.local/lib/python3.12/site-packages/airflow/example_dags/example_bash_decorator.py
[2026-04-12T11:32:54.989+0000] {processor.py:925} INFO - DAG(s) 'example_bash_decorator' retrieved from /home/airflow/.local/lib/python3.12/site-packages/airflow/example_dags/example_bash_decorator.py
[2026-04-12T11:32:55.006+0000] {logging_mixin.py:190} INFO - [2026-04-12T11:32:55.006+0000] {dag.py:3239} INFO - Sync 1 DAGs
[2026-04-12T11:32:55.017+0000] {logging_mixin.py:190} INFO - [2026-04-12T11:32:55.017+0000] {dag.py:4180} INFO - Setting next_dagrun for example_bash_decorator to None, run_after=None
[2026-04-12T11:32:55.029+0000] {processor.py:208} INFO - Processing /home/airflow/.local/lib/python3.12/site-packages/airflow/example_dags/example_bash_decorator.py took 0.063 seconds
[2026-04-12T11:33:25.856+0000] {processor.py:186} INFO - Started process (PID=10697) to work on /home/airflow/.local/lib/python3.12/site-packages/airflow/example_dags/example_bash_decorator.py
[2026-04-12T11:33:25.857+0000] {processor.py:914} INFO - Processing file /home/airflow/.local/lib/python3.12/site-packages/airflow/example_dags/example_bash_decorator.py for tasks to queue
[2026-04-12T11:33:25.858+0000] {logging_mixin.py:190} INFO - [2026-04-12T11:33:25.858+0000] {dagbag.py:588} INFO - Filling up the DagBag from /home/airflow/.local/lib/python3.12/site-packages/airflow/example_dags/example_bash_decorator.py
[2026-04-12T11:33:25.867+0000] {processor.py:925} INFO - DAG(s) 'example_bash_decorator' retrieved from /home/airflow/.local/lib/python3.12/site-packages/airflow/example_dags/example_bash_decorator.py
[2026-04-12T11:33:25.883+0000] {logging_mixin.py:190} INFO - [2026-04-12T11:33:25.883+0000] {dag.py:3239} INFO - Sync 1 DAGs
[2026-04-12T11:33:25.893+0000] {logging_mixin.py:190} INFO - [2026-04-12T11:33:25.893+0000] {dag.py:4180} INFO - Setting next_dagrun for example_bash_decorator to None, run_after=None
[2026-04-12T11:33:25.905+0000] {processor.py:208} INFO - Processing /home/airflow/.local/lib/python3.12/site-packages/airflow/example_dags/example_bash_decorator.py took 0.053 seconds
[2026-04-12T11:33:56.768+0000] {processor.py:186} INFO - Started process (PID=10988) to work on /home/airflow/.local/lib/python3.12/site-packages/airflow/example_dags/example_bash_decorator.py
[2026-04-12T11:33:56.770+0000] {processor.py:914} INFO - Processing file /home/airflow/.local/lib/python3.12/site-packages/airflow/example_dags/example_bash_decorator.py for tasks to queue
[2026-04-12T11:33:56.772+0000] {logging_mixin.py:190} INFO - [2026-04-12T11:33:56.772+0000] {dagbag.py:588} INFO - Filling up the DagBag from /home/airflow/.local/lib/python3.12/site-packages/airflow/example_dags/example_bash_decorator.py
[2026-04-12T11:33:56.781+0000] {processor.py:925} INFO - DAG(s) 'example_bash_decorator' retrieved from /home/airflow/.local/lib/python3.12/site-packages/airflow/example_dags/example_bash_decorator.py
[2026-04-12T11:33:56.806+0000] {logging_mixin.py:190} INFO - [2026-04-12T11:33:56.806+0000] {dag.py:3239} INFO - Sync 1 DAGs
[2026-04-12T11:33:56.814+0000] {logging_mixin.py:190} INFO - [2026-04-12T11:33:56.814+0000] {dag.py:4180} INFO - Setting next_dagrun for example_bash_decorator to None, run_after=None
[2026-04-12T11:33:56.828+0000] {processor.py:208} INFO - Processing /home/airflow/.local/lib/python3.12/site-packages/airflow/example_dags/example_bash_decorator.py took 0.064 seconds
[2026-04-12T11:34:27.844+0000] {processor.py:186} INFO - Started process (PID=11285) to work on /home/airflow/.local/lib/python3.12/site-packages/airflow/example_dags/example_bash_decorator.py
[2026-04-12T11:34:27.845+0000] {processor.py:914} INFO - Processing file /home/airflow/.local/lib/python3.12/site-packages/airflow/example_dags/example_bash_decorator.py for tasks to queue
[2026-04-12T11:34:27.846+0000] {logging_mixin.py:190} INFO - [2026-04-12T11:34:27.846+0000] {dagbag.py:588} INFO - Filling up the DagBag from /home/airflow/.local/lib/python3.12/site-packages/airflow/example_dags/example_bash_decorator.py
[2026-04-12T11:34:27.857+0000] {processor.py:925} INFO - DAG(s) 'example_bash_decorator' retrieved from /home/airflow/.local/lib/python3.12/site-packages/airflow/example_dags/example_bash_decorator.py
[2026-04-12T11:34:27.876+0000] {logging_mixin.py:190} INFO - [2026-04-12T11:34:27.876+0000] {dag.py:3239} INFO - Sync 1 DAGs
[2026-04-12T11:34:27.885+0000] {logging_mixin.py:190} INFO - [2026-04-12T11:34:27.885+0000] {dag.py:4180} INFO - Setting next_dagrun for example_bash_decorator to None, run_after=None
[2026-04-12T11:34:27.904+0000] {processor.py:208} INFO - Processing /home/airflow/.local/lib/python3.12/site-packages/airflow/example_dags/example_bash_decorator.py took 0.065 seconds
[2026-04-12T11:34:58.486+0000] {processor.py:186} INFO - Started process (PID=11581) to work on /home/airflow/.local/lib/python3.12/site-packages/airflow/example_dags/example_bash_decorator.py
[2026-04-12T11:34:58.486+0000] {processor.py:914} INFO - Processing file /home/airflow/.local/lib/python3.12/site-packages/airflow/example_dags/example_bash_decorator.py for tasks to queue
[2026-04-12T11:34:58.488+0000] {logging_mixin.py:190} INFO - [2026-04-12T11:34:58.488+0000] {dagbag.py:588} INFO - Filling up the DagBag from /home/airflow/.local/lib/python3.12/site-packages/airflow/example_dags/example_bash_decorator.py
[2026-04-12T11:34:58.497+0000] {processor.py:925} INFO - DAG(s) 'example_bash_decorator' retrieved from /home/airflow/.local/lib/python3.12/site-packages/airflow/example_dags/example_bash_decorator.py
[2026-04-12T11:34:58.519+0000] {logging_mixin.py:190} INFO - [2026-04-12T11:34:58.519+0000] {dag.py:3239} INFO - Sync 1 DAGs
[2026-04-12T11:34:58.527+0000] {logging_mixin.py:190} INFO - [2026-04-12T11:34:58.527+0000] {dag.py:4180} INFO - Setting next_dagrun for example_bash_decorator to None, run_after=None
[2026-04-12T11:34:58.538+0000] {processor.py:208} INFO - Processing /home/airflow/.local/lib/python3.12/site-packages/airflow/example_dags/example_bash_decorator.py took 0.056 seconds
