[2026-04-12T11:12:28.827+0000] {processor.py:186} INFO - Started process (PID=200) to work on /home/airflow/.local/lib/python3.12/site-packages/airflow/example_dags/example_dag_decorator.py
[2026-04-12T11:12:28.830+0000] {processor.py:914} INFO - Processing file /home/airflow/.local/lib/python3.12/site-packages/airflow/example_dags/example_dag_decorator.py for tasks to queue
[2026-04-12T11:12:28.833+0000] {logging_mixin.py:190} INFO - [2026-04-12T11:12:28.832+0000] {dagbag.py:588} INFO - Filling up the DagBag from /home/airflow/.local/lib/python3.12/site-packages/airflow/example_dags/example_dag_decorator.py
[2026-04-12T11:12:29.352+0000] {processor.py:925} INFO - DAG(s) 'example_dag_decorator' retrieved from /home/airflow/.local/lib/python3.12/site-packages/airflow/example_dags/example_dag_decorator.py
[2026-04-12T11:12:29.455+0000] {logging_mixin.py:190} INFO - [2026-04-12T11:12:29.455+0000] {override.py:1912} INFO - Created Permission View: can edit on DAG:example_dag_decorator
[2026-04-12T11:12:29.468+0000] {logging_mixin.py:190} INFO - [2026-04-12T11:12:29.468+0000] {override.py:1912} INFO - Created Permission View: can delete on DAG:example_dag_decorator
[2026-04-12T11:12:29.473+0000] {logging_mixin.py:190} INFO - [2026-04-12T11:12:29.473+0000] {override.py:1912} INFO - Created Permission View: can read on DAG:example_dag_decorator
[2026-04-12T11:12:29.478+0000] {logging_mixin.py:190} INFO - [2026-04-12T11:12:29.478+0000] {override.py:1912} INFO - Created Permission View: can delete on DAG Run:example_dag_decorator
[2026-04-12T11:12:29.482+0000] {logging_mixin.py:190} INFO - [2026-04-12T11:12:29.482+0000] {override.py:1912} INFO - Created Permission View: can create on DAG Run:example_dag_decorator
[2026-04-12T11:12:29.488+0000] {logging_mixin.py:190} INFO - [2026-04-12T11:12:29.488+0000] {override.py:1912} INFO - Created Permission View: can read on DAG Run:example_dag_decorator
[2026-04-12T11:12:29.494+0000] {logging_mixin.py:190} INFO - [2026-04-12T11:12:29.494+0000] {override.py:1912} INFO - Created Permission View: menu access on DAG Run:example_dag_decorator
[2026-04-12T11:12:29.494+0000] {logging_mixin.py:190} INFO - [2026-04-12T11:12:29.494+0000] {dag.py:3239} INFO - Sync 1 DAGs
[2026-04-12T11:12:29.506+0000] {logging_mixin.py:190} INFO - [2026-04-12T11:12:29.506+0000] {dag.py:3262} INFO - Creating ORM DAG for example_dag_decorator
[2026-04-12T11:12:29.506+0000] {logging_mixin.py:190} INFO - [2026-04-12T11:12:29.506+0000] {dag.py:4180} INFO - Setting next_dagrun for example_dag_decorator to None, run_after=None
[2026-04-12T11:12:29.518+0000] {processor.py:208} INFO - Processing /home/airflow/.local/lib/python3.12/site-packages/airflow/example_dags/example_dag_decorator.py took 0.699 seconds
[2026-04-12T11:13:00.398+0000] {processor.py:186} INFO - Started process (PID=503) to work on /home/airflow/.local/lib/python3.12/site-packages/airflow/example_dags/example_dag_decorator.py
[2026-04-12T11:13:00.400+0000] {processor.py:914} INFO - Processing file /home/airflow/.local/lib/python3.12/site-packages/airflow/example_dags/example_dag_decorator.py for tasks to queue
[2026-04-12T11:13:00.402+0000] {logging_mixin.py:190} INFO - [2026-04-12T11:13:00.402+0000] {dagbag.py:588} INFO - Filling up the DagBag from /home/airflow/.local/lib/python3.12/site-packages/airflow/example_dags/example_dag_decorator.py
[2026-04-12T11:13:00.481+0000] {processor.py:925} INFO - DAG(s) 'example_dag_decorator' retrieved from /home/airflow/.local/lib/python3.12/site-packages/airflow/example_dags/example_dag_decorator.py
[2026-04-12T11:13:00.590+0000] {logging_mixin.py:190} INFO - [2026-04-12T11:13:00.590+0000] {dag.py:3239} INFO - Sync 1 DAGs
[2026-04-12T11:13:00.599+0000] {logging_mixin.py:190} INFO - [2026-04-12T11:13:00.599+0000] {dag.py:4180} INFO - Setting next_dagrun for example_dag_decorator to None, run_after=None
[2026-04-12T11:13:00.621+0000] {processor.py:208} INFO - Processing /home/airflow/.local/lib/python3.12/site-packages/airflow/example_dags/example_dag_decorator.py took 0.229 seconds
[2026-04-12T11:13:30.838+0000] {processor.py:186} INFO - Started process (PID=815) to work on /home/airflow/.local/lib/python3.12/site-packages/airflow/example_dags/example_dag_decorator.py
[2026-04-12T11:13:30.840+0000] {processor.py:914} INFO - Processing file /home/airflow/.local/lib/python3.12/site-packages/airflow/example_dags/example_dag_decorator.py for tasks to queue
[2026-04-12T11:13:30.841+0000] {logging_mixin.py:190} INFO - [2026-04-12T11:13:30.841+0000] {dagbag.py:588} INFO - Filling up the DagBag from /home/airflow/.local/lib/python3.12/site-packages/airflow/example_dags/example_dag_decorator.py
[2026-04-12T11:13:30.935+0000] {processor.py:925} INFO - DAG(s) 'example_dag_decorator' retrieved from /home/airflow/.local/lib/python3.12/site-packages/airflow/example_dags/example_dag_decorator.py
[2026-04-12T11:13:31.023+0000] {logging_mixin.py:190} INFO - [2026-04-12T11:13:31.023+0000] {dag.py:3239} INFO - Sync 1 DAGs
[2026-04-12T11:13:31.034+0000] {logging_mixin.py:190} INFO - [2026-04-12T11:13:31.034+0000] {dag.py:4180} INFO - Setting next_dagrun for example_dag_decorator to None, run_after=None
[2026-04-12T11:13:31.049+0000] {processor.py:208} INFO - Processing /home/airflow/.local/lib/python3.12/site-packages/airflow/example_dags/example_dag_decorator.py took 0.217 seconds
[2026-04-12T11:14:01.552+0000] {processor.py:186} INFO - Started process (PID=1101) to work on /home/airflow/.local/lib/python3.12/site-packages/airflow/example_dags/example_dag_decorator.py
[2026-04-12T11:14:01.556+0000] {processor.py:914} INFO - Processing file /home/airflow/.local/lib/python3.12/site-packages/airflow/example_dags/example_dag_decorator.py for tasks to queue
[2026-04-12T11:14:01.558+0000] {logging_mixin.py:190} INFO - [2026-04-12T11:14:01.557+0000] {dagbag.py:588} INFO - Filling up the DagBag from /home/airflow/.local/lib/python3.12/site-packages/airflow/example_dags/example_dag_decorator.py
[2026-04-12T11:14:01.655+0000] {processor.py:925} INFO - DAG(s) 'example_dag_decorator' retrieved from /home/airflow/.local/lib/python3.12/site-packages/airflow/example_dags/example_dag_decorator.py
[2026-04-12T11:14:01.797+0000] {logging_mixin.py:190} INFO - [2026-04-12T11:14:01.796+0000] {dag.py:3239} INFO - Sync 1 DAGs
[2026-04-12T11:14:01.812+0000] {logging_mixin.py:190} INFO - [2026-04-12T11:14:01.812+0000] {dag.py:4180} INFO - Setting next_dagrun for example_dag_decorator to None, run_after=None
[2026-04-12T11:14:01.835+0000] {processor.py:208} INFO - Processing /home/airflow/.local/lib/python3.12/site-packages/airflow/example_dags/example_dag_decorator.py took 0.287 seconds
[2026-04-12T11:14:32.101+0000] {processor.py:186} INFO - Started process (PID=1397) to work on /home/airflow/.local/lib/python3.12/site-packages/airflow/example_dags/example_dag_decorator.py
[2026-04-12T11:14:32.102+0000] {processor.py:914} INFO - Processing file /home/airflow/.local/lib/python3.12/site-packages/airflow/example_dags/example_dag_decorator.py for tasks to queue
[2026-04-12T11:14:32.104+0000] {logging_mixin.py:190} INFO - [2026-04-12T11:14:32.104+0000] {dagbag.py:588} INFO - Filling up the DagBag from /home/airflow/.local/lib/python3.12/site-packages/airflow/example_dags/example_dag_decorator.py
[2026-04-12T11:14:32.206+0000] {processor.py:925} INFO - DAG(s) 'example_dag_decorator' retrieved from /home/airflow/.local/lib/python3.12/site-packages/airflow/example_dags/example_dag_decorator.py
[2026-04-12T11:14:32.355+0000] {logging_mixin.py:190} INFO - [2026-04-12T11:14:32.355+0000] {dag.py:3239} INFO - Sync 1 DAGs
[2026-04-12T11:14:32.368+0000] {logging_mixin.py:190} INFO - [2026-04-12T11:14:32.368+0000] {dag.py:4180} INFO - Setting next_dagrun for example_dag_decorator to None, run_after=None
[2026-04-12T11:14:32.392+0000] {processor.py:208} INFO - Processing /home/airflow/.local/lib/python3.12/site-packages/airflow/example_dags/example_dag_decorator.py took 0.296 seconds
[2026-04-12T11:15:02.638+0000] {processor.py:186} INFO - Started process (PID=1694) to work on /home/airflow/.local/lib/python3.12/site-packages/airflow/example_dags/example_dag_decorator.py
[2026-04-12T11:15:02.639+0000] {processor.py:914} INFO - Processing file /home/airflow/.local/lib/python3.12/site-packages/airflow/example_dags/example_dag_decorator.py for tasks to queue
[2026-04-12T11:15:02.640+0000] {logging_mixin.py:190} INFO - [2026-04-12T11:15:02.640+0000] {dagbag.py:588} INFO - Filling up the DagBag from /home/airflow/.local/lib/python3.12/site-packages/airflow/example_dags/example_dag_decorator.py
[2026-04-12T11:15:02.749+0000] {processor.py:925} INFO - DAG(s) 'example_dag_decorator' retrieved from /home/airflow/.local/lib/python3.12/site-packages/airflow/example_dags/example_dag_decorator.py
[2026-04-12T11:15:02.862+0000] {logging_mixin.py:190} INFO - [2026-04-12T11:15:02.861+0000] {dag.py:3239} INFO - Sync 1 DAGs
[2026-04-12T11:15:02.874+0000] {logging_mixin.py:190} INFO - [2026-04-12T11:15:02.874+0000] {dag.py:4180} INFO - Setting next_dagrun for example_dag_decorator to None, run_after=None
[2026-04-12T11:15:02.886+0000] {processor.py:208} INFO - Processing /home/airflow/.local/lib/python3.12/site-packages/airflow/example_dags/example_dag_decorator.py took 0.253 seconds
[2026-04-12T11:15:33.060+0000] {processor.py:186} INFO - Started process (PID=1990) to work on /home/airflow/.local/lib/python3.12/site-packages/airflow/example_dags/example_dag_decorator.py
[2026-04-12T11:15:33.062+0000] {processor.py:914} INFO - Processing file /home/airflow/.local/lib/python3.12/site-packages/airflow/example_dags/example_dag_decorator.py for tasks to queue
[2026-04-12T11:15:33.064+0000] {logging_mixin.py:190} INFO - [2026-04-12T11:15:33.064+0000] {dagbag.py:588} INFO - Filling up the DagBag from /home/airflow/.local/lib/python3.12/site-packages/airflow/example_dags/example_dag_decorator.py
[2026-04-12T11:15:33.154+0000] {processor.py:925} INFO - DAG(s) 'example_dag_decorator' retrieved from /home/airflow/.local/lib/python3.12/site-packages/airflow/example_dags/example_dag_decorator.py
[2026-04-12T11:15:33.272+0000] {logging_mixin.py:190} INFO - [2026-04-12T11:15:33.272+0000] {dag.py:3239} INFO - Sync 1 DAGs
[2026-04-12T11:15:33.281+0000] {logging_mixin.py:190} INFO - [2026-04-12T11:15:33.281+0000] {dag.py:4180} INFO - Setting next_dagrun for example_dag_decorator to None, run_after=None
[2026-04-12T11:15:33.296+0000] {processor.py:208} INFO - Processing /home/airflow/.local/lib/python3.12/site-packages/airflow/example_dags/example_dag_decorator.py took 0.244 seconds
[2026-04-12T11:16:03.382+0000] {processor.py:186} INFO - Started process (PID=2296) to work on /home/airflow/.local/lib/python3.12/site-packages/airflow/example_dags/example_dag_decorator.py
[2026-04-12T11:16:03.383+0000] {processor.py:914} INFO - Processing file /home/airflow/.local/lib/python3.12/site-packages/airflow/example_dags/example_dag_decorator.py for tasks to queue
[2026-04-12T11:16:03.386+0000] {logging_mixin.py:190} INFO - [2026-04-12T11:16:03.385+0000] {dagbag.py:588} INFO - Filling up the DagBag from /home/airflow/.local/lib/python3.12/site-packages/airflow/example_dags/example_dag_decorator.py
[2026-04-12T11:16:03.489+0000] {processor.py:925} INFO - DAG(s) 'example_dag_decorator' retrieved from /home/airflow/.local/lib/python3.12/site-packages/airflow/example_dags/example_dag_decorator.py
[2026-04-12T11:16:03.630+0000] {logging_mixin.py:190} INFO - [2026-04-12T11:16:03.630+0000] {dag.py:3239} INFO - Sync 1 DAGs
[2026-04-12T11:16:03.643+0000] {logging_mixin.py:190} INFO - [2026-04-12T11:16:03.643+0000] {dag.py:4180} INFO - Setting next_dagrun for example_dag_decorator to None, run_after=None
[2026-04-12T11:16:03.664+0000] {processor.py:208} INFO - Processing /home/airflow/.local/lib/python3.12/site-packages/airflow/example_dags/example_dag_decorator.py took 0.289 seconds
[2026-04-12T11:16:33.871+0000] {processor.py:186} INFO - Started process (PID=2595) to work on /home/airflow/.local/lib/python3.12/site-packages/airflow/example_dags/example_dag_decorator.py
[2026-04-12T11:16:33.872+0000] {processor.py:914} INFO - Processing file /home/airflow/.local/lib/python3.12/site-packages/airflow/example_dags/example_dag_decorator.py for tasks to queue
[2026-04-12T11:16:33.875+0000] {logging_mixin.py:190} INFO - [2026-04-12T11:16:33.875+0000] {dagbag.py:588} INFO - Filling up the DagBag from /home/airflow/.local/lib/python3.12/site-packages/airflow/example_dags/example_dag_decorator.py
[2026-04-12T11:16:33.964+0000] {processor.py:925} INFO - DAG(s) 'example_dag_decorator' retrieved from /home/airflow/.local/lib/python3.12/site-packages/airflow/example_dags/example_dag_decorator.py
[2026-04-12T11:16:34.052+0000] {logging_mixin.py:190} INFO - [2026-04-12T11:16:34.052+0000] {dag.py:3239} INFO - Sync 1 DAGs
[2026-04-12T11:16:34.060+0000] {logging_mixin.py:190} INFO - [2026-04-12T11:16:34.059+0000] {dag.py:4180} INFO - Setting next_dagrun for example_dag_decorator to None, run_after=None
[2026-04-12T11:16:34.071+0000] {processor.py:208} INFO - Processing /home/airflow/.local/lib/python3.12/site-packages/airflow/example_dags/example_dag_decorator.py took 0.204 seconds
[2026-04-12T11:17:04.126+0000] {processor.py:186} INFO - Started process (PID=2898) to work on /home/airflow/.local/lib/python3.12/site-packages/airflow/example_dags/example_dag_decorator.py
[2026-04-12T11:17:04.127+0000] {processor.py:914} INFO - Processing file /home/airflow/.local/lib/python3.12/site-packages/airflow/example_dags/example_dag_decorator.py for tasks to queue
[2026-04-12T11:17:04.128+0000] {logging_mixin.py:190} INFO - [2026-04-12T11:17:04.128+0000] {dagbag.py:588} INFO - Filling up the DagBag from /home/airflow/.local/lib/python3.12/site-packages/airflow/example_dags/example_dag_decorator.py
[2026-04-12T11:17:04.214+0000] {processor.py:925} INFO - DAG(s) 'example_dag_decorator' retrieved from /home/airflow/.local/lib/python3.12/site-packages/airflow/example_dags/example_dag_decorator.py
[2026-04-12T11:17:04.287+0000] {logging_mixin.py:190} INFO - [2026-04-12T11:17:04.287+0000] {dag.py:3239} INFO - Sync 1 DAGs
[2026-04-12T11:17:04.294+0000] {logging_mixin.py:190} INFO - [2026-04-12T11:17:04.294+0000] {dag.py:4180} INFO - Setting next_dagrun for example_dag_decorator to None, run_after=None
[2026-04-12T11:17:04.304+0000] {processor.py:208} INFO - Processing /home/airflow/.local/lib/python3.12/site-packages/airflow/example_dags/example_dag_decorator.py took 0.183 seconds
[2026-04-12T11:17:34.690+0000] {processor.py:186} INFO - Started process (PID=3179) to work on /home/airflow/.local/lib/python3.12/site-packages/airflow/example_dags/example_dag_decorator.py
[2026-04-12T11:17:34.691+0000] {processor.py:914} INFO - Processing file /home/airflow/.local/lib/python3.12/site-packages/airflow/example_dags/example_dag_decorator.py for tasks to queue
[2026-04-12T11:17:34.693+0000] {logging_mixin.py:190} INFO - [2026-04-12T11:17:34.692+0000] {dagbag.py:588} INFO - Filling up the DagBag from /home/airflow/.local/lib/python3.12/site-packages/airflow/example_dags/example_dag_decorator.py
[2026-04-12T11:17:34.780+0000] {processor.py:925} INFO - DAG(s) 'example_dag_decorator' retrieved from /home/airflow/.local/lib/python3.12/site-packages/airflow/example_dags/example_dag_decorator.py
[2026-04-12T11:17:34.887+0000] {logging_mixin.py:190} INFO - [2026-04-12T11:17:34.887+0000] {dag.py:3239} INFO - Sync 1 DAGs
[2026-04-12T11:17:34.895+0000] {logging_mixin.py:190} INFO - [2026-04-12T11:17:34.895+0000] {dag.py:4180} INFO - Setting next_dagrun for example_dag_decorator to None, run_after=None
[2026-04-12T11:17:34.911+0000] {processor.py:208} INFO - Processing /home/airflow/.local/lib/python3.12/site-packages/airflow/example_dags/example_dag_decorator.py took 0.226 seconds
[2026-04-12T11:18:05.612+0000] {processor.py:186} INFO - Started process (PID=3478) to work on /home/airflow/.local/lib/python3.12/site-packages/airflow/example_dags/example_dag_decorator.py
[2026-04-12T11:18:05.614+0000] {processor.py:914} INFO - Processing file /home/airflow/.local/lib/python3.12/site-packages/airflow/example_dags/example_dag_decorator.py for tasks to queue
[2026-04-12T11:18:05.615+0000] {logging_mixin.py:190} INFO - [2026-04-12T11:18:05.615+0000] {dagbag.py:588} INFO - Filling up the DagBag from /home/airflow/.local/lib/python3.12/site-packages/airflow/example_dags/example_dag_decorator.py
[2026-04-12T11:18:05.685+0000] {processor.py:925} INFO - DAG(s) 'example_dag_decorator' retrieved from /home/airflow/.local/lib/python3.12/site-packages/airflow/example_dags/example_dag_decorator.py
[2026-04-12T11:18:05.822+0000] {logging_mixin.py:190} INFO - [2026-04-12T11:18:05.822+0000] {dag.py:3239} INFO - Sync 1 DAGs
[2026-04-12T11:18:05.853+0000] {logging_mixin.py:190} INFO - [2026-04-12T11:18:05.852+0000] {dag.py:4180} INFO - Setting next_dagrun for example_dag_decorator to None, run_after=None
[2026-04-12T11:18:05.882+0000] {processor.py:208} INFO - Processing /home/airflow/.local/lib/python3.12/site-packages/airflow/example_dags/example_dag_decorator.py took 0.275 seconds
[2026-04-12T11:18:36.626+0000] {processor.py:186} INFO - Started process (PID=3777) to work on /home/airflow/.local/lib/python3.12/site-packages/airflow/example_dags/example_dag_decorator.py
[2026-04-12T11:18:36.628+0000] {processor.py:914} INFO - Processing file /home/airflow/.local/lib/python3.12/site-packages/airflow/example_dags/example_dag_decorator.py for tasks to queue
[2026-04-12T11:18:36.640+0000] {logging_mixin.py:190} INFO - [2026-04-12T11:18:36.640+0000] {dagbag.py:588} INFO - Filling up the DagBag from /home/airflow/.local/lib/python3.12/site-packages/airflow/example_dags/example_dag_decorator.py
[2026-04-12T11:18:36.786+0000] {processor.py:925} INFO - DAG(s) 'example_dag_decorator' retrieved from /home/airflow/.local/lib/python3.12/site-packages/airflow/example_dags/example_dag_decorator.py
[2026-04-12T11:18:36.811+0000] {logging_mixin.py:190} INFO - [2026-04-12T11:18:36.811+0000] {dag.py:3239} INFO - Sync 1 DAGs
[2026-04-12T11:18:36.827+0000] {logging_mixin.py:190} INFO - [2026-04-12T11:18:36.827+0000] {dag.py:4180} INFO - Setting next_dagrun for example_dag_decorator to None, run_after=None
[2026-04-12T11:18:36.844+0000] {processor.py:208} INFO - Processing /home/airflow/.local/lib/python3.12/site-packages/airflow/example_dags/example_dag_decorator.py took 0.231 seconds
[2026-04-12T11:19:07.171+0000] {processor.py:186} INFO - Started process (PID=4088) to work on /home/airflow/.local/lib/python3.12/site-packages/airflow/example_dags/example_dag_decorator.py
[2026-04-12T11:19:07.173+0000] {processor.py:914} INFO - Processing file /home/airflow/.local/lib/python3.12/site-packages/airflow/example_dags/example_dag_decorator.py for tasks to queue
[2026-04-12T11:19:07.176+0000] {logging_mixin.py:190} INFO - [2026-04-12T11:19:07.175+0000] {dagbag.py:588} INFO - Filling up the DagBag from /home/airflow/.local/lib/python3.12/site-packages/airflow/example_dags/example_dag_decorator.py
[2026-04-12T11:19:07.265+0000] {processor.py:925} INFO - DAG(s) 'example_dag_decorator' retrieved from /home/airflow/.local/lib/python3.12/site-packages/airflow/example_dags/example_dag_decorator.py
[2026-04-12T11:19:07.360+0000] {logging_mixin.py:190} INFO - [2026-04-12T11:19:07.360+0000] {dag.py:3239} INFO - Sync 1 DAGs
[2026-04-12T11:19:07.375+0000] {logging_mixin.py:190} INFO - [2026-04-12T11:19:07.374+0000] {dag.py:4180} INFO - Setting next_dagrun for example_dag_decorator to None, run_after=None
[2026-04-12T11:19:07.397+0000] {processor.py:208} INFO - Processing /home/airflow/.local/lib/python3.12/site-packages/airflow/example_dags/example_dag_decorator.py took 0.233 seconds
[2026-04-12T11:19:38.072+0000] {processor.py:186} INFO - Started process (PID=4384) to work on /home/airflow/.local/lib/python3.12/site-packages/airflow/example_dags/example_dag_decorator.py
[2026-04-12T11:19:38.075+0000] {processor.py:914} INFO - Processing file /home/airflow/.local/lib/python3.12/site-packages/airflow/example_dags/example_dag_decorator.py for tasks to queue
[2026-04-12T11:19:38.077+0000] {logging_mixin.py:190} INFO - [2026-04-12T11:19:38.077+0000] {dagbag.py:588} INFO - Filling up the DagBag from /home/airflow/.local/lib/python3.12/site-packages/airflow/example_dags/example_dag_decorator.py
[2026-04-12T11:19:38.151+0000] {processor.py:925} INFO - DAG(s) 'example_dag_decorator' retrieved from /home/airflow/.local/lib/python3.12/site-packages/airflow/example_dags/example_dag_decorator.py
[2026-04-12T11:19:38.243+0000] {logging_mixin.py:190} INFO - [2026-04-12T11:19:38.243+0000] {dag.py:3239} INFO - Sync 1 DAGs
[2026-04-12T11:19:38.252+0000] {logging_mixin.py:190} INFO - [2026-04-12T11:19:38.251+0000] {dag.py:4180} INFO - Setting next_dagrun for example_dag_decorator to None, run_after=None
[2026-04-12T11:19:38.270+0000] {processor.py:208} INFO - Processing /home/airflow/.local/lib/python3.12/site-packages/airflow/example_dags/example_dag_decorator.py took 0.203 seconds
[2026-04-12T11:20:08.958+0000] {processor.py:186} INFO - Started process (PID=4680) to work on /home/airflow/.local/lib/python3.12/site-packages/airflow/example_dags/example_dag_decorator.py
[2026-04-12T11:20:08.959+0000] {processor.py:914} INFO - Processing file /home/airflow/.local/lib/python3.12/site-packages/airflow/example_dags/example_dag_decorator.py for tasks to queue
[2026-04-12T11:20:08.963+0000] {logging_mixin.py:190} INFO - [2026-04-12T11:20:08.963+0000] {dagbag.py:588} INFO - Filling up the DagBag from /home/airflow/.local/lib/python3.12/site-packages/airflow/example_dags/example_dag_decorator.py
[2026-04-12T11:20:09.056+0000] {processor.py:925} INFO - DAG(s) 'example_dag_decorator' retrieved from /home/airflow/.local/lib/python3.12/site-packages/airflow/example_dags/example_dag_decorator.py
[2026-04-12T11:20:09.135+0000] {logging_mixin.py:190} INFO - [2026-04-12T11:20:09.135+0000] {dag.py:3239} INFO - Sync 1 DAGs
[2026-04-12T11:20:09.145+0000] {logging_mixin.py:190} INFO - [2026-04-12T11:20:09.145+0000] {dag.py:4180} INFO - Setting next_dagrun for example_dag_decorator to None, run_after=None
[2026-04-12T11:20:09.161+0000] {processor.py:208} INFO - Processing /home/airflow/.local/lib/python3.12/site-packages/airflow/example_dags/example_dag_decorator.py took 0.210 seconds
[2026-04-12T11:20:39.657+0000] {processor.py:186} INFO - Started process (PID=4976) to work on /home/airflow/.local/lib/python3.12/site-packages/airflow/example_dags/example_dag_decorator.py
[2026-04-12T11:20:39.659+0000] {processor.py:914} INFO - Processing file /home/airflow/.local/lib/python3.12/site-packages/airflow/example_dags/example_dag_decorator.py for tasks to queue
[2026-04-12T11:20:39.662+0000] {logging_mixin.py:190} INFO - [2026-04-12T11:20:39.662+0000] {dagbag.py:588} INFO - Filling up the DagBag from /home/airflow/.local/lib/python3.12/site-packages/airflow/example_dags/example_dag_decorator.py
[2026-04-12T11:20:39.816+0000] {processor.py:925} INFO - DAG(s) 'example_dag_decorator' retrieved from /home/airflow/.local/lib/python3.12/site-packages/airflow/example_dags/example_dag_decorator.py
[2026-04-12T11:20:39.973+0000] {logging_mixin.py:190} INFO - [2026-04-12T11:20:39.973+0000] {dag.py:3239} INFO - Sync 1 DAGs
[2026-04-12T11:20:39.988+0000] {logging_mixin.py:190} INFO - [2026-04-12T11:20:39.988+0000] {dag.py:4180} INFO - Setting next_dagrun for example_dag_decorator to None, run_after=None
[2026-04-12T11:20:40.012+0000] {processor.py:208} INFO - Processing /home/airflow/.local/lib/python3.12/site-packages/airflow/example_dags/example_dag_decorator.py took 0.366 seconds
[2026-04-12T11:21:10.515+0000] {processor.py:186} INFO - Started process (PID=5272) to work on /home/airflow/.local/lib/python3.12/site-packages/airflow/example_dags/example_dag_decorator.py
[2026-04-12T11:21:10.519+0000] {processor.py:914} INFO - Processing file /home/airflow/.local/lib/python3.12/site-packages/airflow/example_dags/example_dag_decorator.py for tasks to queue
[2026-04-12T11:21:10.521+0000] {logging_mixin.py:190} INFO - [2026-04-12T11:21:10.521+0000] {dagbag.py:588} INFO - Filling up the DagBag from /home/airflow/.local/lib/python3.12/site-packages/airflow/example_dags/example_dag_decorator.py
[2026-04-12T11:21:10.602+0000] {processor.py:925} INFO - DAG(s) 'example_dag_decorator' retrieved from /home/airflow/.local/lib/python3.12/site-packages/airflow/example_dags/example_dag_decorator.py
[2026-04-12T11:21:10.687+0000] {logging_mixin.py:190} INFO - [2026-04-12T11:21:10.687+0000] {dag.py:3239} INFO - Sync 1 DAGs
[2026-04-12T11:21:10.703+0000] {logging_mixin.py:190} INFO - [2026-04-12T11:21:10.702+0000] {dag.py:4180} INFO - Setting next_dagrun for example_dag_decorator to None, run_after=None
[2026-04-12T11:21:10.716+0000] {processor.py:208} INFO - Processing /home/airflow/.local/lib/python3.12/site-packages/airflow/example_dags/example_dag_decorator.py took 0.207 seconds
[2026-04-12T11:21:41.208+0000] {processor.py:186} INFO - Started process (PID=5568) to work on /home/airflow/.local/lib/python3.12/site-packages/airflow/example_dags/example_dag_decorator.py
[2026-04-12T11:21:41.210+0000] {processor.py:914} INFO - Processing file /home/airflow/.local/lib/python3.12/site-packages/airflow/example_dags/example_dag_decorator.py for tasks to queue
[2026-04-12T11:21:41.211+0000] {logging_mixin.py:190} INFO - [2026-04-12T11:21:41.211+0000] {dagbag.py:588} INFO - Filling up the DagBag from /home/airflow/.local/lib/python3.12/site-packages/airflow/example_dags/example_dag_decorator.py
[2026-04-12T11:21:41.289+0000] {processor.py:925} INFO - DAG(s) 'example_dag_decorator' retrieved from /home/airflow/.local/lib/python3.12/site-packages/airflow/example_dags/example_dag_decorator.py
[2026-04-12T11:21:41.370+0000] {logging_mixin.py:190} INFO - [2026-04-12T11:21:41.370+0000] {dag.py:3239} INFO - Sync 1 DAGs
[2026-04-12T11:21:41.381+0000] {logging_mixin.py:190} INFO - [2026-04-12T11:21:41.380+0000] {dag.py:4180} INFO - Setting next_dagrun for example_dag_decorator to None, run_after=None
[2026-04-12T11:21:41.397+0000] {processor.py:208} INFO - Processing /home/airflow/.local/lib/python3.12/site-packages/airflow/example_dags/example_dag_decorator.py took 0.194 seconds
[2026-04-12T11:22:11.436+0000] {processor.py:186} INFO - Started process (PID=5866) to work on /home/airflow/.local/lib/python3.12/site-packages/airflow/example_dags/example_dag_decorator.py
[2026-04-12T11:22:11.437+0000] {processor.py:914} INFO - Processing file /home/airflow/.local/lib/python3.12/site-packages/airflow/example_dags/example_dag_decorator.py for tasks to queue
[2026-04-12T11:22:11.439+0000] {logging_mixin.py:190} INFO - [2026-04-12T11:22:11.439+0000] {dagbag.py:588} INFO - Filling up the DagBag from /home/airflow/.local/lib/python3.12/site-packages/airflow/example_dags/example_dag_decorator.py
[2026-04-12T11:22:11.518+0000] {processor.py:925} INFO - DAG(s) 'example_dag_decorator' retrieved from /home/airflow/.local/lib/python3.12/site-packages/airflow/example_dags/example_dag_decorator.py
[2026-04-12T11:22:11.605+0000] {logging_mixin.py:190} INFO - [2026-04-12T11:22:11.605+0000] {dag.py:3239} INFO - Sync 1 DAGs
[2026-04-12T11:22:11.614+0000] {logging_mixin.py:190} INFO - [2026-04-12T11:22:11.614+0000] {dag.py:4180} INFO - Setting next_dagrun for example_dag_decorator to None, run_after=None
[2026-04-12T11:22:11.627+0000] {processor.py:208} INFO - Processing /home/airflow/.local/lib/python3.12/site-packages/airflow/example_dags/example_dag_decorator.py took 0.196 seconds
[2026-04-12T11:22:41.776+0000] {processor.py:186} INFO - Started process (PID=6171) to work on /home/airflow/.local/lib/python3.12/site-packages/airflow/example_dags/example_dag_decorator.py
[2026-04-12T11:22:41.777+0000] {processor.py:914} INFO - Processing file /home/airflow/.local/lib/python3.12/site-packages/airflow/example_dags/example_dag_decorator.py for tasks to queue
[2026-04-12T11:22:41.779+0000] {logging_mixin.py:190} INFO - [2026-04-12T11:22:41.779+0000] {dagbag.py:588} INFO - Filling up the DagBag from /home/airflow/.local/lib/python3.12/site-packages/airflow/example_dags/example_dag_decorator.py
[2026-04-12T11:22:41.855+0000] {processor.py:925} INFO - DAG(s) 'example_dag_decorator' retrieved from /home/airflow/.local/lib/python3.12/site-packages/airflow/example_dags/example_dag_decorator.py
[2026-04-12T11:22:41.946+0000] {logging_mixin.py:190} INFO - [2026-04-12T11:22:41.946+0000] {dag.py:3239} INFO - Sync 1 DAGs
[2026-04-12T11:22:41.963+0000] {logging_mixin.py:190} INFO - [2026-04-12T11:22:41.962+0000] {dag.py:4180} INFO - Setting next_dagrun for example_dag_decorator to None, run_after=None
[2026-04-12T11:22:41.977+0000] {processor.py:208} INFO - Processing /home/airflow/.local/lib/python3.12/site-packages/airflow/example_dags/example_dag_decorator.py took 0.206 seconds
[2026-04-12T11:23:12.611+0000] {processor.py:186} INFO - Started process (PID=6455) to work on /home/airflow/.local/lib/python3.12/site-packages/airflow/example_dags/example_dag_decorator.py
[2026-04-12T11:23:12.612+0000] {processor.py:914} INFO - Processing file /home/airflow/.local/lib/python3.12/site-packages/airflow/example_dags/example_dag_decorator.py for tasks to queue
[2026-04-12T11:23:12.615+0000] {logging_mixin.py:190} INFO - [2026-04-12T11:23:12.615+0000] {dagbag.py:588} INFO - Filling up the DagBag from /home/airflow/.local/lib/python3.12/site-packages/airflow/example_dags/example_dag_decorator.py
[2026-04-12T11:23:12.716+0000] {processor.py:925} INFO - DAG(s) 'example_dag_decorator' retrieved from /home/airflow/.local/lib/python3.12/site-packages/airflow/example_dags/example_dag_decorator.py
[2026-04-12T11:23:12.815+0000] {logging_mixin.py:190} INFO - [2026-04-12T11:23:12.815+0000] {dag.py:3239} INFO - Sync 1 DAGs
[2026-04-12T11:23:12.824+0000] {logging_mixin.py:190} INFO - [2026-04-12T11:23:12.824+0000] {dag.py:4180} INFO - Setting next_dagrun for example_dag_decorator to None, run_after=None
[2026-04-12T11:23:12.842+0000] {processor.py:208} INFO - Processing /home/airflow/.local/lib/python3.12/site-packages/airflow/example_dags/example_dag_decorator.py took 0.237 seconds
[2026-04-12T11:23:43.390+0000] {processor.py:186} INFO - Started process (PID=6751) to work on /home/airflow/.local/lib/python3.12/site-packages/airflow/example_dags/example_dag_decorator.py
[2026-04-12T11:23:43.391+0000] {processor.py:914} INFO - Processing file /home/airflow/.local/lib/python3.12/site-packages/airflow/example_dags/example_dag_decorator.py for tasks to queue
[2026-04-12T11:23:43.394+0000] {logging_mixin.py:190} INFO - [2026-04-12T11:23:43.394+0000] {dagbag.py:588} INFO - Filling up the DagBag from /home/airflow/.local/lib/python3.12/site-packages/airflow/example_dags/example_dag_decorator.py
[2026-04-12T11:23:43.465+0000] {processor.py:925} INFO - DAG(s) 'example_dag_decorator' retrieved from /home/airflow/.local/lib/python3.12/site-packages/airflow/example_dags/example_dag_decorator.py
[2026-04-12T11:23:43.542+0000] {logging_mixin.py:190} INFO - [2026-04-12T11:23:43.542+0000] {dag.py:3239} INFO - Sync 1 DAGs
[2026-04-12T11:23:43.554+0000] {logging_mixin.py:190} INFO - [2026-04-12T11:23:43.554+0000] {dag.py:4180} INFO - Setting next_dagrun for example_dag_decorator to None, run_after=None
[2026-04-12T11:23:43.568+0000] {processor.py:208} INFO - Processing /home/airflow/.local/lib/python3.12/site-packages/airflow/example_dags/example_dag_decorator.py took 0.182 seconds
[2026-04-12T11:24:13.679+0000] {processor.py:186} INFO - Started process (PID=7054) to work on /home/airflow/.local/lib/python3.12/site-packages/airflow/example_dags/example_dag_decorator.py
[2026-04-12T11:24:13.681+0000] {processor.py:914} INFO - Processing file /home/airflow/.local/lib/python3.12/site-packages/airflow/example_dags/example_dag_decorator.py for tasks to queue
[2026-04-12T11:24:13.682+0000] {logging_mixin.py:190} INFO - [2026-04-12T11:24:13.682+0000] {dagbag.py:588} INFO - Filling up the DagBag from /home/airflow/.local/lib/python3.12/site-packages/airflow/example_dags/example_dag_decorator.py
[2026-04-12T11:24:13.763+0000] {processor.py:925} INFO - DAG(s) 'example_dag_decorator' retrieved from /home/airflow/.local/lib/python3.12/site-packages/airflow/example_dags/example_dag_decorator.py
[2026-04-12T11:24:13.833+0000] {logging_mixin.py:190} INFO - [2026-04-12T11:24:13.833+0000] {dag.py:3239} INFO - Sync 1 DAGs
[2026-04-12T11:24:13.841+0000] {logging_mixin.py:190} INFO - [2026-04-12T11:24:13.841+0000] {dag.py:4180} INFO - Setting next_dagrun for example_dag_decorator to None, run_after=None
[2026-04-12T11:24:13.852+0000] {processor.py:208} INFO - Processing /home/airflow/.local/lib/python3.12/site-packages/airflow/example_dags/example_dag_decorator.py took 0.177 seconds
[2026-04-12T11:24:44.814+0000] {processor.py:186} INFO - Started process (PID=7350) to work on /home/airflow/.local/lib/python3.12/site-packages/airflow/example_dags/example_dag_decorator.py
[2026-04-12T11:24:44.816+0000] {processor.py:914} INFO - Processing file /home/airflow/.local/lib/python3.12/site-packages/airflow/example_dags/example_dag_decorator.py for tasks to queue
[2026-04-12T11:24:44.818+0000] {logging_mixin.py:190} INFO - [2026-04-12T11:24:44.818+0000] {dagbag.py:588} INFO - Filling up the DagBag from /home/airflow/.local/lib/python3.12/site-packages/airflow/example_dags/example_dag_decorator.py
[2026-04-12T11:24:44.900+0000] {processor.py:925} INFO - DAG(s) 'example_dag_decorator' retrieved from /home/airflow/.local/lib/python3.12/site-packages/airflow/example_dags/example_dag_decorator.py
[2026-04-12T11:24:44.977+0000] {logging_mixin.py:190} INFO - [2026-04-12T11:24:44.977+0000] {dag.py:3239} INFO - Sync 1 DAGs
[2026-04-12T11:24:44.989+0000] {logging_mixin.py:190} INFO - [2026-04-12T11:24:44.989+0000] {dag.py:4180} INFO - Setting next_dagrun for example_dag_decorator to None, run_after=None
[2026-04-12T11:24:45.006+0000] {processor.py:208} INFO - Processing /home/airflow/.local/lib/python3.12/site-packages/airflow/example_dags/example_dag_decorator.py took 0.200 seconds
[2026-04-12T11:25:15.034+0000] {processor.py:186} INFO - Started process (PID=7649) to work on /home/airflow/.local/lib/python3.12/site-packages/airflow/example_dags/example_dag_decorator.py
[2026-04-12T11:25:15.034+0000] {processor.py:914} INFO - Processing file /home/airflow/.local/lib/python3.12/site-packages/airflow/example_dags/example_dag_decorator.py for tasks to queue
[2026-04-12T11:25:15.036+0000] {logging_mixin.py:190} INFO - [2026-04-12T11:25:15.036+0000] {dagbag.py:588} INFO - Filling up the DagBag from /home/airflow/.local/lib/python3.12/site-packages/airflow/example_dags/example_dag_decorator.py
[2026-04-12T11:25:15.113+0000] {processor.py:925} INFO - DAG(s) 'example_dag_decorator' retrieved from /home/airflow/.local/lib/python3.12/site-packages/airflow/example_dags/example_dag_decorator.py
[2026-04-12T11:25:15.198+0000] {logging_mixin.py:190} INFO - [2026-04-12T11:25:15.198+0000] {dag.py:3239} INFO - Sync 1 DAGs
[2026-04-12T11:25:15.206+0000] {logging_mixin.py:190} INFO - [2026-04-12T11:25:15.206+0000] {dag.py:4180} INFO - Setting next_dagrun for example_dag_decorator to None, run_after=None
[2026-04-12T11:25:15.225+0000] {processor.py:208} INFO - Processing /home/airflow/.local/lib/python3.12/site-packages/airflow/example_dags/example_dag_decorator.py took 0.195 seconds
[2026-04-12T11:25:45.328+0000] {processor.py:186} INFO - Started process (PID=7955) to work on /home/airflow/.local/lib/python3.12/site-packages/airflow/example_dags/example_dag_decorator.py
[2026-04-12T11:25:45.329+0000] {processor.py:914} INFO - Processing file /home/airflow/.local/lib/python3.12/site-packages/airflow/example_dags/example_dag_decorator.py for tasks to queue
[2026-04-12T11:25:45.332+0000] {logging_mixin.py:190} INFO - [2026-04-12T11:25:45.331+0000] {dagbag.py:588} INFO - Filling up the DagBag from /home/airflow/.local/lib/python3.12/site-packages/airflow/example_dags/example_dag_decorator.py
[2026-04-12T11:25:45.421+0000] {processor.py:925} INFO - DAG(s) 'example_dag_decorator' retrieved from /home/airflow/.local/lib/python3.12/site-packages/airflow/example_dags/example_dag_decorator.py
[2026-04-12T11:25:45.505+0000] {logging_mixin.py:190} INFO - [2026-04-12T11:25:45.505+0000] {dag.py:3239} INFO - Sync 1 DAGs
[2026-04-12T11:25:45.513+0000] {logging_mixin.py:190} INFO - [2026-04-12T11:25:45.513+0000] {dag.py:4180} INFO - Setting next_dagrun for example_dag_decorator to None, run_after=None
[2026-04-12T11:25:45.526+0000] {processor.py:208} INFO - Processing /home/airflow/.local/lib/python3.12/site-packages/airflow/example_dags/example_dag_decorator.py took 0.202 seconds
[2026-04-12T11:27:08.769+0000] {processor.py:186} INFO - Started process (PID=8110) to work on /home/airflow/.local/lib/python3.12/site-packages/airflow/example_dags/example_dag_decorator.py
[2026-04-12T11:27:08.771+0000] {processor.py:914} INFO - Processing file /home/airflow/.local/lib/python3.12/site-packages/airflow/example_dags/example_dag_decorator.py for tasks to queue
[2026-04-12T11:27:08.772+0000] {logging_mixin.py:190} INFO - [2026-04-12T11:27:08.772+0000] {dagbag.py:588} INFO - Filling up the DagBag from /home/airflow/.local/lib/python3.12/site-packages/airflow/example_dags/example_dag_decorator.py
[2026-04-12T11:27:08.853+0000] {processor.py:925} INFO - DAG(s) 'example_dag_decorator' retrieved from /home/airflow/.local/lib/python3.12/site-packages/airflow/example_dags/example_dag_decorator.py
[2026-04-12T11:27:08.957+0000] {logging_mixin.py:190} INFO - [2026-04-12T11:27:08.957+0000] {dag.py:3239} INFO - Sync 1 DAGs
[2026-04-12T11:27:08.968+0000] {logging_mixin.py:190} INFO - [2026-04-12T11:27:08.967+0000] {dag.py:4180} INFO - Setting next_dagrun for example_dag_decorator to None, run_after=None
[2026-04-12T11:27:08.981+0000] {processor.py:208} INFO - Processing /home/airflow/.local/lib/python3.12/site-packages/airflow/example_dags/example_dag_decorator.py took 0.218 seconds
[2026-04-12T11:29:44.686+0000] {processor.py:186} INFO - Started process (PID=8406) to work on /home/airflow/.local/lib/python3.12/site-packages/airflow/example_dags/example_dag_decorator.py
[2026-04-12T11:29:44.687+0000] {processor.py:914} INFO - Processing file /home/airflow/.local/lib/python3.12/site-packages/airflow/example_dags/example_dag_decorator.py for tasks to queue
[2026-04-12T11:29:44.688+0000] {logging_mixin.py:190} INFO - [2026-04-12T11:29:44.688+0000] {dagbag.py:588} INFO - Filling up the DagBag from /home/airflow/.local/lib/python3.12/site-packages/airflow/example_dags/example_dag_decorator.py
[2026-04-12T11:29:44.776+0000] {processor.py:925} INFO - DAG(s) 'example_dag_decorator' retrieved from /home/airflow/.local/lib/python3.12/site-packages/airflow/example_dags/example_dag_decorator.py
[2026-04-12T11:29:44.905+0000] {logging_mixin.py:190} INFO - [2026-04-12T11:29:44.905+0000] {dag.py:3239} INFO - Sync 1 DAGs
[2026-04-12T11:29:44.916+0000] {logging_mixin.py:190} INFO - [2026-04-12T11:29:44.916+0000] {dag.py:4180} INFO - Setting next_dagrun for example_dag_decorator to None, run_after=None
[2026-04-12T11:29:44.932+0000] {processor.py:208} INFO - Processing /home/airflow/.local/lib/python3.12/site-packages/airflow/example_dags/example_dag_decorator.py took 0.258 seconds
[2026-04-12T11:30:15.116+0000] {processor.py:186} INFO - Started process (PID=8704) to work on /home/airflow/.local/lib/python3.12/site-packages/airflow/example_dags/example_dag_decorator.py
[2026-04-12T11:30:15.118+0000] {processor.py:914} INFO - Processing file /home/airflow/.local/lib/python3.12/site-packages/airflow/example_dags/example_dag_decorator.py for tasks to queue
[2026-04-12T11:30:15.119+0000] {logging_mixin.py:190} INFO - [2026-04-12T11:30:15.119+0000] {dagbag.py:588} INFO - Filling up the DagBag from /home/airflow/.local/lib/python3.12/site-packages/airflow/example_dags/example_dag_decorator.py
[2026-04-12T11:30:15.195+0000] {processor.py:925} INFO - DAG(s) 'example_dag_decorator' retrieved from /home/airflow/.local/lib/python3.12/site-packages/airflow/example_dags/example_dag_decorator.py
[2026-04-12T11:30:15.282+0000] {logging_mixin.py:190} INFO - [2026-04-12T11:30:15.282+0000] {dag.py:3239} INFO - Sync 1 DAGs
[2026-04-12T11:30:15.293+0000] {logging_mixin.py:190} INFO - [2026-04-12T11:30:15.293+0000] {dag.py:4180} INFO - Setting next_dagrun for example_dag_decorator to None, run_after=None
[2026-04-12T11:30:15.310+0000] {processor.py:208} INFO - Processing /home/airflow/.local/lib/python3.12/site-packages/airflow/example_dags/example_dag_decorator.py took 0.199 seconds
[2026-04-12T11:30:45.467+0000] {processor.py:186} INFO - Started process (PID=9003) to work on /home/airflow/.local/lib/python3.12/site-packages/airflow/example_dags/example_dag_decorator.py
[2026-04-12T11:30:45.469+0000] {processor.py:914} INFO - Processing file /home/airflow/.local/lib/python3.12/site-packages/airflow/example_dags/example_dag_decorator.py for tasks to queue
[2026-04-12T11:30:45.470+0000] {logging_mixin.py:190} INFO - [2026-04-12T11:30:45.470+0000] {dagbag.py:588} INFO - Filling up the DagBag from /home/airflow/.local/lib/python3.12/site-packages/airflow/example_dags/example_dag_decorator.py
[2026-04-12T11:30:45.573+0000] {processor.py:925} INFO - DAG(s) 'example_dag_decorator' retrieved from /home/airflow/.local/lib/python3.12/site-packages/airflow/example_dags/example_dag_decorator.py
[2026-04-12T11:30:45.669+0000] {logging_mixin.py:190} INFO - [2026-04-12T11:30:45.669+0000] {dag.py:3239} INFO - Sync 1 DAGs
[2026-04-12T11:30:45.681+0000] {logging_mixin.py:190} INFO - [2026-04-12T11:30:45.681+0000] {dag.py:4180} INFO - Setting next_dagrun for example_dag_decorator to None, run_after=None
[2026-04-12T11:30:45.694+0000] {processor.py:208} INFO - Processing /home/airflow/.local/lib/python3.12/site-packages/airflow/example_dags/example_dag_decorator.py took 0.233 seconds
[2026-04-12T11:31:15.765+0000] {processor.py:186} INFO - Started process (PID=9298) to work on /home/airflow/.local/lib/python3.12/site-packages/airflow/example_dags/example_dag_decorator.py
[2026-04-12T11:31:15.769+0000] {processor.py:914} INFO - Processing file /home/airflow/.local/lib/python3.12/site-packages/airflow/example_dags/example_dag_decorator.py for tasks to queue
[2026-04-12T11:31:15.771+0000] {logging_mixin.py:190} INFO - [2026-04-12T11:31:15.771+0000] {dagbag.py:588} INFO - Filling up the DagBag from /home/airflow/.local/lib/python3.12/site-packages/airflow/example_dags/example_dag_decorator.py
[2026-04-12T11:31:15.876+0000] {processor.py:925} INFO - DAG(s) 'example_dag_decorator' retrieved from /home/airflow/.local/lib/python3.12/site-packages/airflow/example_dags/example_dag_decorator.py
[2026-04-12T11:31:16.001+0000] {logging_mixin.py:190} INFO - [2026-04-12T11:31:16.001+0000] {dag.py:3239} INFO - Sync 1 DAGs
[2026-04-12T11:31:16.012+0000] {logging_mixin.py:190} INFO - [2026-04-12T11:31:16.011+0000] {dag.py:4180} INFO - Setting next_dagrun for example_dag_decorator to None, run_after=None
[2026-04-12T11:31:16.029+0000] {processor.py:208} INFO - Processing /home/airflow/.local/lib/python3.12/site-packages/airflow/example_dags/example_dag_decorator.py took 0.270 seconds
[2026-04-12T11:31:46.244+0000] {processor.py:186} INFO - Started process (PID=9596) to work on /home/airflow/.local/lib/python3.12/site-packages/airflow/example_dags/example_dag_decorator.py
[2026-04-12T11:31:46.248+0000] {processor.py:914} INFO - Processing file /home/airflow/.local/lib/python3.12/site-packages/airflow/example_dags/example_dag_decorator.py for tasks to queue
[2026-04-12T11:31:46.249+0000] {logging_mixin.py:190} INFO - [2026-04-12T11:31:46.249+0000] {dagbag.py:588} INFO - Filling up the DagBag from /home/airflow/.local/lib/python3.12/site-packages/airflow/example_dags/example_dag_decorator.py
[2026-04-12T11:31:46.328+0000] {processor.py:925} INFO - DAG(s) 'example_dag_decorator' retrieved from /home/airflow/.local/lib/python3.12/site-packages/airflow/example_dags/example_dag_decorator.py
[2026-04-12T11:31:46.418+0000] {logging_mixin.py:190} INFO - [2026-04-12T11:31:46.418+0000] {dag.py:3239} INFO - Sync 1 DAGs
[2026-04-12T11:31:46.427+0000] {logging_mixin.py:190} INFO - [2026-04-12T11:31:46.427+0000] {dag.py:4180} INFO - Setting next_dagrun for example_dag_decorator to None, run_after=None
[2026-04-12T11:31:46.445+0000] {processor.py:208} INFO - Processing /home/airflow/.local/lib/python3.12/site-packages/airflow/example_dags/example_dag_decorator.py took 0.206 seconds
[2026-04-12T11:32:17.179+0000] {processor.py:186} INFO - Started process (PID=9885) to work on /home/airflow/.local/lib/python3.12/site-packages/airflow/example_dags/example_dag_decorator.py
[2026-04-12T11:32:17.182+0000] {processor.py:914} INFO - Processing file /home/airflow/.local/lib/python3.12/site-packages/airflow/example_dags/example_dag_decorator.py for tasks to queue
[2026-04-12T11:32:17.184+0000] {logging_mixin.py:190} INFO - [2026-04-12T11:32:17.184+0000] {dagbag.py:588} INFO - Filling up the DagBag from /home/airflow/.local/lib/python3.12/site-packages/airflow/example_dags/example_dag_decorator.py
[2026-04-12T11:32:17.279+0000] {processor.py:925} INFO - DAG(s) 'example_dag_decorator' retrieved from /home/airflow/.local/lib/python3.12/site-packages/airflow/example_dags/example_dag_decorator.py
[2026-04-12T11:32:17.393+0000] {logging_mixin.py:190} INFO - [2026-04-12T11:32:17.393+0000] {dag.py:3239} INFO - Sync 1 DAGs
[2026-04-12T11:32:17.402+0000] {logging_mixin.py:190} INFO - [2026-04-12T11:32:17.402+0000] {dag.py:4180} INFO - Setting next_dagrun for example_dag_decorator to None, run_after=None
[2026-04-12T11:32:17.420+0000] {processor.py:208} INFO - Processing /home/airflow/.local/lib/python3.12/site-packages/airflow/example_dags/example_dag_decorator.py took 0.246 seconds
[2026-04-12T11:32:48.315+0000] {processor.py:186} INFO - Started process (PID=10181) to work on /home/airflow/.local/lib/python3.12/site-packages/airflow/example_dags/example_dag_decorator.py
[2026-04-12T11:32:48.316+0000] {processor.py:914} INFO - Processing file /home/airflow/.local/lib/python3.12/site-packages/airflow/example_dags/example_dag_decorator.py for tasks to queue
[2026-04-12T11:32:48.318+0000] {logging_mixin.py:190} INFO - [2026-04-12T11:32:48.318+0000] {dagbag.py:588} INFO - Filling up the DagBag from /home/airflow/.local/lib/python3.12/site-packages/airflow/example_dags/example_dag_decorator.py
[2026-04-12T11:32:48.393+0000] {processor.py:925} INFO - DAG(s) 'example_dag_decorator' retrieved from /home/airflow/.local/lib/python3.12/site-packages/airflow/example_dags/example_dag_decorator.py
[2026-04-12T11:32:48.494+0000] {logging_mixin.py:190} INFO - [2026-04-12T11:32:48.493+0000] {dag.py:3239} INFO - Sync 1 DAGs
[2026-04-12T11:32:48.502+0000] {logging_mixin.py:190} INFO - [2026-04-12T11:32:48.501+0000] {dag.py:4180} INFO - Setting next_dagrun for example_dag_decorator to None, run_after=None
[2026-04-12T11:32:48.516+0000] {processor.py:208} INFO - Processing /home/airflow/.local/lib/python3.12/site-packages/airflow/example_dags/example_dag_decorator.py took 0.206 seconds
[2026-04-12T11:33:19.265+0000] {processor.py:186} INFO - Started process (PID=10477) to work on /home/airflow/.local/lib/python3.12/site-packages/airflow/example_dags/example_dag_decorator.py
[2026-04-12T11:33:19.266+0000] {processor.py:914} INFO - Processing file /home/airflow/.local/lib/python3.12/site-packages/airflow/example_dags/example_dag_decorator.py for tasks to queue
[2026-04-12T11:33:19.267+0000] {logging_mixin.py:190} INFO - [2026-04-12T11:33:19.267+0000] {dagbag.py:588} INFO - Filling up the DagBag from /home/airflow/.local/lib/python3.12/site-packages/airflow/example_dags/example_dag_decorator.py
[2026-04-12T11:33:19.359+0000] {processor.py:925} INFO - DAG(s) 'example_dag_decorator' retrieved from /home/airflow/.local/lib/python3.12/site-packages/airflow/example_dags/example_dag_decorator.py
[2026-04-12T11:33:19.471+0000] {logging_mixin.py:190} INFO - [2026-04-12T11:33:19.471+0000] {dag.py:3239} INFO - Sync 1 DAGs
[2026-04-12T11:33:19.482+0000] {logging_mixin.py:190} INFO - [2026-04-12T11:33:19.481+0000] {dag.py:4180} INFO - Setting next_dagrun for example_dag_decorator to None, run_after=None
[2026-04-12T11:33:19.498+0000] {processor.py:208} INFO - Processing /home/airflow/.local/lib/python3.12/site-packages/airflow/example_dags/example_dag_decorator.py took 0.238 seconds
[2026-04-12T11:33:50.079+0000] {processor.py:186} INFO - Started process (PID=10772) to work on /home/airflow/.local/lib/python3.12/site-packages/airflow/example_dags/example_dag_decorator.py
[2026-04-12T11:33:50.080+0000] {processor.py:914} INFO - Processing file /home/airflow/.local/lib/python3.12/site-packages/airflow/example_dags/example_dag_decorator.py for tasks to queue
[2026-04-12T11:33:50.082+0000] {logging_mixin.py:190} INFO - [2026-04-12T11:33:50.082+0000] {dagbag.py:588} INFO - Filling up the DagBag from /home/airflow/.local/lib/python3.12/site-packages/airflow/example_dags/example_dag_decorator.py
[2026-04-12T11:33:50.166+0000] {processor.py:925} INFO - DAG(s) 'example_dag_decorator' retrieved from /home/airflow/.local/lib/python3.12/site-packages/airflow/example_dags/example_dag_decorator.py
[2026-04-12T11:33:50.276+0000] {logging_mixin.py:190} INFO - [2026-04-12T11:33:50.276+0000] {dag.py:3239} INFO - Sync 1 DAGs
[2026-04-12T11:33:50.286+0000] {logging_mixin.py:190} INFO - [2026-04-12T11:33:50.285+0000] {dag.py:4180} INFO - Setting next_dagrun for example_dag_decorator to None, run_after=None
[2026-04-12T11:33:50.301+0000] {processor.py:208} INFO - Processing /home/airflow/.local/lib/python3.12/site-packages/airflow/example_dags/example_dag_decorator.py took 0.227 seconds
[2026-04-12T11:34:21.027+0000] {processor.py:186} INFO - Started process (PID=11068) to work on /home/airflow/.local/lib/python3.12/site-packages/airflow/example_dags/example_dag_decorator.py
[2026-04-12T11:34:21.028+0000] {processor.py:914} INFO - Processing file /home/airflow/.local/lib/python3.12/site-packages/airflow/example_dags/example_dag_decorator.py for tasks to queue
[2026-04-12T11:34:21.030+0000] {logging_mixin.py:190} INFO - [2026-04-12T11:34:21.030+0000] {dagbag.py:588} INFO - Filling up the DagBag from /home/airflow/.local/lib/python3.12/site-packages/airflow/example_dags/example_dag_decorator.py
[2026-04-12T11:34:21.108+0000] {processor.py:925} INFO - DAG(s) 'example_dag_decorator' retrieved from /home/airflow/.local/lib/python3.12/site-packages/airflow/example_dags/example_dag_decorator.py
[2026-04-12T11:34:21.236+0000] {logging_mixin.py:190} INFO - [2026-04-12T11:34:21.236+0000] {dag.py:3239} INFO - Sync 1 DAGs
[2026-04-12T11:34:21.250+0000] {logging_mixin.py:190} INFO - [2026-04-12T11:34:21.250+0000] {dag.py:4180} INFO - Setting next_dagrun for example_dag_decorator to None, run_after=None
[2026-04-12T11:34:21.265+0000] {processor.py:208} INFO - Processing /home/airflow/.local/lib/python3.12/site-packages/airflow/example_dags/example_dag_decorator.py took 0.242 seconds
[2026-04-12T11:34:52.075+0000] {processor.py:186} INFO - Started process (PID=11364) to work on /home/airflow/.local/lib/python3.12/site-packages/airflow/example_dags/example_dag_decorator.py
[2026-04-12T11:34:52.076+0000] {processor.py:914} INFO - Processing file /home/airflow/.local/lib/python3.12/site-packages/airflow/example_dags/example_dag_decorator.py for tasks to queue
[2026-04-12T11:34:52.077+0000] {logging_mixin.py:190} INFO - [2026-04-12T11:34:52.077+0000] {dagbag.py:588} INFO - Filling up the DagBag from /home/airflow/.local/lib/python3.12/site-packages/airflow/example_dags/example_dag_decorator.py
[2026-04-12T11:34:52.157+0000] {processor.py:925} INFO - DAG(s) 'example_dag_decorator' retrieved from /home/airflow/.local/lib/python3.12/site-packages/airflow/example_dags/example_dag_decorator.py
[2026-04-12T11:34:52.251+0000] {logging_mixin.py:190} INFO - [2026-04-12T11:34:52.250+0000] {dag.py:3239} INFO - Sync 1 DAGs
[2026-04-12T11:34:52.260+0000] {logging_mixin.py:190} INFO - [2026-04-12T11:34:52.260+0000] {dag.py:4180} INFO - Setting next_dagrun for example_dag_decorator to None, run_after=None
[2026-04-12T11:34:52.275+0000] {processor.py:208} INFO - Processing /home/airflow/.local/lib/python3.12/site-packages/airflow/example_dags/example_dag_decorator.py took 0.204 seconds
