[2026-04-12T11:12:46.576+0000] {processor.py:186} INFO - Started process (PID=451) to work on /home/airflow/.local/lib/python3.12/site-packages/airflow/example_dags/example_external_task_marker_dag.py
[2026-04-12T11:12:46.579+0000] {processor.py:914} INFO - Processing file /home/airflow/.local/lib/python3.12/site-packages/airflow/example_dags/example_external_task_marker_dag.py for tasks to queue
[2026-04-12T11:12:46.585+0000] {logging_mixin.py:190} INFO - [2026-04-12T11:12:46.584+0000] {dagbag.py:588} INFO - Filling up the DagBag from /home/airflow/.local/lib/python3.12/site-packages/airflow/example_dags/example_external_task_marker_dag.py
[2026-04-12T11:12:46.615+0000] {processor.py:925} INFO - DAG(s) 'example_external_task_marker_child', 'example_external_task_marker_parent' retrieved from /home/airflow/.local/lib/python3.12/site-packages/airflow/example_dags/example_external_task_marker_dag.py
[2026-04-12T11:12:47.022+0000] {logging_mixin.py:190} INFO - [2026-04-12T11:12:47.019+0000] {override.py:1912} INFO - Created Permission View: can edit on DAG:example_external_task_marker_child
[2026-04-12T11:12:47.062+0000] {logging_mixin.py:190} INFO - [2026-04-12T11:12:47.062+0000] {override.py:1912} INFO - Created Permission View: can delete on DAG:example_external_task_marker_child
[2026-04-12T11:12:47.085+0000] {logging_mixin.py:190} INFO - [2026-04-12T11:12:47.084+0000] {override.py:1912} INFO - Created Permission View: can read on DAG:example_external_task_marker_child
[2026-04-12T11:12:47.101+0000] {logging_mixin.py:190} INFO - [2026-04-12T11:12:47.100+0000] {override.py:1912} INFO - Created Permission View: can delete on DAG Run:example_external_task_marker_child
[2026-04-12T11:12:47.110+0000] {logging_mixin.py:190} INFO - [2026-04-12T11:12:47.110+0000] {override.py:1912} INFO - Created Permission View: can create on DAG Run:example_external_task_marker_child
[2026-04-12T11:12:47.119+0000] {logging_mixin.py:190} INFO - [2026-04-12T11:12:47.118+0000] {override.py:1912} INFO - Created Permission View: can read on DAG Run:example_external_task_marker_child
[2026-04-12T11:12:47.135+0000] {logging_mixin.py:190} INFO - [2026-04-12T11:12:47.134+0000] {override.py:1912} INFO - Created Permission View: menu access on DAG Run:example_external_task_marker_child
[2026-04-12T11:12:47.185+0000] {logging_mixin.py:190} INFO - [2026-04-12T11:12:47.182+0000] {override.py:1912} INFO - Created Permission View: can edit on DAG:example_external_task_marker_parent
[2026-04-12T11:12:47.269+0000] {logging_mixin.py:190} INFO - [2026-04-12T11:12:47.262+0000] {override.py:1912} INFO - Created Permission View: can delete on DAG:example_external_task_marker_parent
[2026-04-12T11:12:47.311+0000] {logging_mixin.py:190} INFO - [2026-04-12T11:12:47.311+0000] {override.py:1912} INFO - Created Permission View: can read on DAG:example_external_task_marker_parent
[2026-04-12T11:12:47.353+0000] {logging_mixin.py:190} INFO - [2026-04-12T11:12:47.352+0000] {override.py:1912} INFO - Created Permission View: can delete on DAG Run:example_external_task_marker_parent
[2026-04-12T11:12:47.371+0000] {logging_mixin.py:190} INFO - [2026-04-12T11:12:47.370+0000] {override.py:1912} INFO - Created Permission View: can create on DAG Run:example_external_task_marker_parent
[2026-04-12T11:12:47.393+0000] {logging_mixin.py:190} INFO - [2026-04-12T11:12:47.393+0000] {override.py:1912} INFO - Created Permission View: can read on DAG Run:example_external_task_marker_parent
[2026-04-12T11:12:47.408+0000] {logging_mixin.py:190} INFO - [2026-04-12T11:12:47.408+0000] {override.py:1912} INFO - Created Permission View: menu access on DAG Run:example_external_task_marker_parent
[2026-04-12T11:12:47.409+0000] {logging_mixin.py:190} INFO - [2026-04-12T11:12:47.409+0000] {dag.py:3239} INFO - Sync 2 DAGs
[2026-04-12T11:12:47.453+0000] {logging_mixin.py:190} INFO - [2026-04-12T11:12:47.452+0000] {dag.py:3262} INFO - Creating ORM DAG for example_external_task_marker_parent
[2026-04-12T11:12:47.455+0000] {logging_mixin.py:190} INFO - [2026-04-12T11:12:47.455+0000] {dag.py:3262} INFO - Creating ORM DAG for example_external_task_marker_child
[2026-04-12T11:12:47.459+0000] {logging_mixin.py:190} INFO - [2026-04-12T11:12:47.458+0000] {dag.py:4180} INFO - Setting next_dagrun for example_external_task_marker_child to None, run_after=None
[2026-04-12T11:12:47.461+0000] {logging_mixin.py:190} INFO - [2026-04-12T11:12:47.460+0000] {dag.py:4180} INFO - Setting next_dagrun for example_external_task_marker_parent to None, run_after=None
[2026-04-12T11:12:47.495+0000] {processor.py:208} INFO - Processing /home/airflow/.local/lib/python3.12/site-packages/airflow/example_dags/example_external_task_marker_dag.py took 0.931 seconds
[2026-04-12T11:13:19.365+0000] {processor.py:186} INFO - Started process (PID=748) to work on /home/airflow/.local/lib/python3.12/site-packages/airflow/example_dags/example_external_task_marker_dag.py
[2026-04-12T11:13:19.370+0000] {processor.py:914} INFO - Processing file /home/airflow/.local/lib/python3.12/site-packages/airflow/example_dags/example_external_task_marker_dag.py for tasks to queue
[2026-04-12T11:13:19.396+0000] {logging_mixin.py:190} INFO - [2026-04-12T11:13:19.394+0000] {dagbag.py:588} INFO - Filling up the DagBag from /home/airflow/.local/lib/python3.12/site-packages/airflow/example_dags/example_external_task_marker_dag.py
[2026-04-12T11:13:19.469+0000] {processor.py:925} INFO - DAG(s) 'example_external_task_marker_parent', 'example_external_task_marker_child' retrieved from /home/airflow/.local/lib/python3.12/site-packages/airflow/example_dags/example_external_task_marker_dag.py
[2026-04-12T11:13:19.670+0000] {logging_mixin.py:190} INFO - [2026-04-12T11:13:19.664+0000] {dag.py:3239} INFO - Sync 2 DAGs
[2026-04-12T11:13:19.705+0000] {logging_mixin.py:190} INFO - [2026-04-12T11:13:19.705+0000] {dag.py:4180} INFO - Setting next_dagrun for example_external_task_marker_child to None, run_after=None
[2026-04-12T11:13:19.713+0000] {logging_mixin.py:190} INFO - [2026-04-12T11:13:19.713+0000] {dag.py:4180} INFO - Setting next_dagrun for example_external_task_marker_parent to None, run_after=None
[2026-04-12T11:13:19.771+0000] {processor.py:208} INFO - Processing /home/airflow/.local/lib/python3.12/site-packages/airflow/example_dags/example_external_task_marker_dag.py took 0.487 seconds
[2026-04-12T11:13:50.223+0000] {processor.py:186} INFO - Started process (PID=1045) to work on /home/airflow/.local/lib/python3.12/site-packages/airflow/example_dags/example_external_task_marker_dag.py
[2026-04-12T11:13:50.226+0000] {processor.py:914} INFO - Processing file /home/airflow/.local/lib/python3.12/site-packages/airflow/example_dags/example_external_task_marker_dag.py for tasks to queue
[2026-04-12T11:13:50.228+0000] {logging_mixin.py:190} INFO - [2026-04-12T11:13:50.228+0000] {dagbag.py:588} INFO - Filling up the DagBag from /home/airflow/.local/lib/python3.12/site-packages/airflow/example_dags/example_external_task_marker_dag.py
[2026-04-12T11:13:50.239+0000] {processor.py:925} INFO - DAG(s) 'example_external_task_marker_child', 'example_external_task_marker_parent' retrieved from /home/airflow/.local/lib/python3.12/site-packages/airflow/example_dags/example_external_task_marker_dag.py
[2026-04-12T11:13:50.264+0000] {logging_mixin.py:190} INFO - [2026-04-12T11:13:50.264+0000] {dag.py:3239} INFO - Sync 2 DAGs
[2026-04-12T11:13:50.281+0000] {logging_mixin.py:190} INFO - [2026-04-12T11:13:50.281+0000] {dag.py:4180} INFO - Setting next_dagrun for example_external_task_marker_child to None, run_after=None
[2026-04-12T11:13:50.285+0000] {logging_mixin.py:190} INFO - [2026-04-12T11:13:50.285+0000] {dag.py:4180} INFO - Setting next_dagrun for example_external_task_marker_parent to None, run_after=None
[2026-04-12T11:13:50.312+0000] {processor.py:208} INFO - Processing /home/airflow/.local/lib/python3.12/site-packages/airflow/example_dags/example_external_task_marker_dag.py took 0.094 seconds
[2026-04-12T11:14:20.471+0000] {processor.py:186} INFO - Started process (PID=1341) to work on /home/airflow/.local/lib/python3.12/site-packages/airflow/example_dags/example_external_task_marker_dag.py
[2026-04-12T11:14:20.473+0000] {processor.py:914} INFO - Processing file /home/airflow/.local/lib/python3.12/site-packages/airflow/example_dags/example_external_task_marker_dag.py for tasks to queue
[2026-04-12T11:14:20.475+0000] {logging_mixin.py:190} INFO - [2026-04-12T11:14:20.474+0000] {dagbag.py:588} INFO - Filling up the DagBag from /home/airflow/.local/lib/python3.12/site-packages/airflow/example_dags/example_external_task_marker_dag.py
[2026-04-12T11:14:20.480+0000] {processor.py:925} INFO - DAG(s) 'example_external_task_marker_child', 'example_external_task_marker_parent' retrieved from /home/airflow/.local/lib/python3.12/site-packages/airflow/example_dags/example_external_task_marker_dag.py
[2026-04-12T11:14:20.502+0000] {logging_mixin.py:190} INFO - [2026-04-12T11:14:20.502+0000] {dag.py:3239} INFO - Sync 2 DAGs
[2026-04-12T11:14:20.512+0000] {logging_mixin.py:190} INFO - [2026-04-12T11:14:20.512+0000] {dag.py:4180} INFO - Setting next_dagrun for example_external_task_marker_child to None, run_after=None
[2026-04-12T11:14:20.519+0000] {logging_mixin.py:190} INFO - [2026-04-12T11:14:20.519+0000] {dag.py:4180} INFO - Setting next_dagrun for example_external_task_marker_parent to None, run_after=None
[2026-04-12T11:14:20.533+0000] {processor.py:208} INFO - Processing /home/airflow/.local/lib/python3.12/site-packages/airflow/example_dags/example_external_task_marker_dag.py took 0.067 seconds
[2026-04-12T11:14:50.909+0000] {processor.py:186} INFO - Started process (PID=1635) to work on /home/airflow/.local/lib/python3.12/site-packages/airflow/example_dags/example_external_task_marker_dag.py
[2026-04-12T11:14:50.910+0000] {processor.py:914} INFO - Processing file /home/airflow/.local/lib/python3.12/site-packages/airflow/example_dags/example_external_task_marker_dag.py for tasks to queue
[2026-04-12T11:14:50.911+0000] {logging_mixin.py:190} INFO - [2026-04-12T11:14:50.911+0000] {dagbag.py:588} INFO - Filling up the DagBag from /home/airflow/.local/lib/python3.12/site-packages/airflow/example_dags/example_external_task_marker_dag.py
[2026-04-12T11:14:50.918+0000] {processor.py:925} INFO - DAG(s) 'example_external_task_marker_parent', 'example_external_task_marker_child' retrieved from /home/airflow/.local/lib/python3.12/site-packages/airflow/example_dags/example_external_task_marker_dag.py
[2026-04-12T11:14:50.939+0000] {logging_mixin.py:190} INFO - [2026-04-12T11:14:50.939+0000] {dag.py:3239} INFO - Sync 2 DAGs
[2026-04-12T11:14:50.950+0000] {logging_mixin.py:190} INFO - [2026-04-12T11:14:50.950+0000] {dag.py:4180} INFO - Setting next_dagrun for example_external_task_marker_child to None, run_after=None
[2026-04-12T11:14:50.954+0000] {logging_mixin.py:190} INFO - [2026-04-12T11:14:50.954+0000] {dag.py:4180} INFO - Setting next_dagrun for example_external_task_marker_parent to None, run_after=None
[2026-04-12T11:14:50.973+0000] {processor.py:208} INFO - Processing /home/airflow/.local/lib/python3.12/site-packages/airflow/example_dags/example_external_task_marker_dag.py took 0.068 seconds
[2026-04-12T11:15:21.518+0000] {processor.py:186} INFO - Started process (PID=1932) to work on /home/airflow/.local/lib/python3.12/site-packages/airflow/example_dags/example_external_task_marker_dag.py
[2026-04-12T11:15:21.519+0000] {processor.py:914} INFO - Processing file /home/airflow/.local/lib/python3.12/site-packages/airflow/example_dags/example_external_task_marker_dag.py for tasks to queue
[2026-04-12T11:15:21.520+0000] {logging_mixin.py:190} INFO - [2026-04-12T11:15:21.520+0000] {dagbag.py:588} INFO - Filling up the DagBag from /home/airflow/.local/lib/python3.12/site-packages/airflow/example_dags/example_external_task_marker_dag.py
[2026-04-12T11:15:21.528+0000] {processor.py:925} INFO - DAG(s) 'example_external_task_marker_parent', 'example_external_task_marker_child' retrieved from /home/airflow/.local/lib/python3.12/site-packages/airflow/example_dags/example_external_task_marker_dag.py
[2026-04-12T11:15:21.558+0000] {logging_mixin.py:190} INFO - [2026-04-12T11:15:21.557+0000] {dag.py:3239} INFO - Sync 2 DAGs
[2026-04-12T11:15:21.574+0000] {logging_mixin.py:190} INFO - [2026-04-12T11:15:21.574+0000] {dag.py:4180} INFO - Setting next_dagrun for example_external_task_marker_child to None, run_after=None
[2026-04-12T11:15:21.582+0000] {logging_mixin.py:190} INFO - [2026-04-12T11:15:21.581+0000] {dag.py:4180} INFO - Setting next_dagrun for example_external_task_marker_parent to None, run_after=None
[2026-04-12T11:15:21.601+0000] {processor.py:208} INFO - Processing /home/airflow/.local/lib/python3.12/site-packages/airflow/example_dags/example_external_task_marker_dag.py took 0.087 seconds
[2026-04-12T11:15:52.407+0000] {processor.py:186} INFO - Started process (PID=2228) to work on /home/airflow/.local/lib/python3.12/site-packages/airflow/example_dags/example_external_task_marker_dag.py
[2026-04-12T11:15:52.409+0000] {processor.py:914} INFO - Processing file /home/airflow/.local/lib/python3.12/site-packages/airflow/example_dags/example_external_task_marker_dag.py for tasks to queue
[2026-04-12T11:15:52.411+0000] {logging_mixin.py:190} INFO - [2026-04-12T11:15:52.411+0000] {dagbag.py:588} INFO - Filling up the DagBag from /home/airflow/.local/lib/python3.12/site-packages/airflow/example_dags/example_external_task_marker_dag.py
[2026-04-12T11:15:52.418+0000] {processor.py:925} INFO - DAG(s) 'example_external_task_marker_parent', 'example_external_task_marker_child' retrieved from /home/airflow/.local/lib/python3.12/site-packages/airflow/example_dags/example_external_task_marker_dag.py
[2026-04-12T11:15:52.440+0000] {logging_mixin.py:190} INFO - [2026-04-12T11:15:52.439+0000] {dag.py:3239} INFO - Sync 2 DAGs
[2026-04-12T11:15:52.450+0000] {logging_mixin.py:190} INFO - [2026-04-12T11:15:52.450+0000] {dag.py:4180} INFO - Setting next_dagrun for example_external_task_marker_child to None, run_after=None
[2026-04-12T11:15:52.453+0000] {logging_mixin.py:190} INFO - [2026-04-12T11:15:52.453+0000] {dag.py:4180} INFO - Setting next_dagrun for example_external_task_marker_parent to None, run_after=None
[2026-04-12T11:15:52.471+0000] {processor.py:208} INFO - Processing /home/airflow/.local/lib/python3.12/site-packages/airflow/example_dags/example_external_task_marker_dag.py took 0.067 seconds
[2026-04-12T11:16:23.212+0000] {processor.py:186} INFO - Started process (PID=2524) to work on /home/airflow/.local/lib/python3.12/site-packages/airflow/example_dags/example_external_task_marker_dag.py
[2026-04-12T11:16:23.217+0000] {processor.py:914} INFO - Processing file /home/airflow/.local/lib/python3.12/site-packages/airflow/example_dags/example_external_task_marker_dag.py for tasks to queue
[2026-04-12T11:16:23.220+0000] {logging_mixin.py:190} INFO - [2026-04-12T11:16:23.220+0000] {dagbag.py:588} INFO - Filling up the DagBag from /home/airflow/.local/lib/python3.12/site-packages/airflow/example_dags/example_external_task_marker_dag.py
[2026-04-12T11:16:23.230+0000] {processor.py:925} INFO - DAG(s) 'example_external_task_marker_parent', 'example_external_task_marker_child' retrieved from /home/airflow/.local/lib/python3.12/site-packages/airflow/example_dags/example_external_task_marker_dag.py
[2026-04-12T11:16:23.258+0000] {logging_mixin.py:190} INFO - [2026-04-12T11:16:23.258+0000] {dag.py:3239} INFO - Sync 2 DAGs
[2026-04-12T11:16:23.271+0000] {logging_mixin.py:190} INFO - [2026-04-12T11:16:23.271+0000] {dag.py:4180} INFO - Setting next_dagrun for example_external_task_marker_child to None, run_after=None
[2026-04-12T11:16:23.273+0000] {logging_mixin.py:190} INFO - [2026-04-12T11:16:23.273+0000] {dag.py:4180} INFO - Setting next_dagrun for example_external_task_marker_parent to None, run_after=None
[2026-04-12T11:16:23.288+0000] {processor.py:208} INFO - Processing /home/airflow/.local/lib/python3.12/site-packages/airflow/example_dags/example_external_task_marker_dag.py took 0.085 seconds
[2026-04-12T11:16:54.517+0000] {processor.py:186} INFO - Started process (PID=2820) to work on /home/airflow/.local/lib/python3.12/site-packages/airflow/example_dags/example_external_task_marker_dag.py
[2026-04-12T11:16:54.519+0000] {processor.py:914} INFO - Processing file /home/airflow/.local/lib/python3.12/site-packages/airflow/example_dags/example_external_task_marker_dag.py for tasks to queue
[2026-04-12T11:16:54.524+0000] {logging_mixin.py:190} INFO - [2026-04-12T11:16:54.524+0000] {dagbag.py:588} INFO - Filling up the DagBag from /home/airflow/.local/lib/python3.12/site-packages/airflow/example_dags/example_external_task_marker_dag.py
[2026-04-12T11:16:54.533+0000] {processor.py:925} INFO - DAG(s) 'example_external_task_marker_child', 'example_external_task_marker_parent' retrieved from /home/airflow/.local/lib/python3.12/site-packages/airflow/example_dags/example_external_task_marker_dag.py
[2026-04-12T11:16:54.554+0000] {logging_mixin.py:190} INFO - [2026-04-12T11:16:54.554+0000] {dag.py:3239} INFO - Sync 2 DAGs
[2026-04-12T11:16:54.566+0000] {logging_mixin.py:190} INFO - [2026-04-12T11:16:54.565+0000] {dag.py:4180} INFO - Setting next_dagrun for example_external_task_marker_child to None, run_after=None
[2026-04-12T11:16:54.573+0000] {logging_mixin.py:190} INFO - [2026-04-12T11:16:54.573+0000] {dag.py:4180} INFO - Setting next_dagrun for example_external_task_marker_parent to None, run_after=None
[2026-04-12T11:16:54.585+0000] {processor.py:208} INFO - Processing /home/airflow/.local/lib/python3.12/site-packages/airflow/example_dags/example_external_task_marker_dag.py took 0.074 seconds
[2026-04-12T11:17:25.263+0000] {processor.py:186} INFO - Started process (PID=3128) to work on /home/airflow/.local/lib/python3.12/site-packages/airflow/example_dags/example_external_task_marker_dag.py
[2026-04-12T11:17:25.265+0000] {processor.py:914} INFO - Processing file /home/airflow/.local/lib/python3.12/site-packages/airflow/example_dags/example_external_task_marker_dag.py for tasks to queue
[2026-04-12T11:17:25.266+0000] {logging_mixin.py:190} INFO - [2026-04-12T11:17:25.266+0000] {dagbag.py:588} INFO - Filling up the DagBag from /home/airflow/.local/lib/python3.12/site-packages/airflow/example_dags/example_external_task_marker_dag.py
[2026-04-12T11:17:25.275+0000] {processor.py:925} INFO - DAG(s) 'example_external_task_marker_child', 'example_external_task_marker_parent' retrieved from /home/airflow/.local/lib/python3.12/site-packages/airflow/example_dags/example_external_task_marker_dag.py
[2026-04-12T11:17:25.295+0000] {logging_mixin.py:190} INFO - [2026-04-12T11:17:25.294+0000] {dag.py:3239} INFO - Sync 2 DAGs
[2026-04-12T11:17:25.304+0000] {logging_mixin.py:190} INFO - [2026-04-12T11:17:25.304+0000] {dag.py:4180} INFO - Setting next_dagrun for example_external_task_marker_child to None, run_after=None
[2026-04-12T11:17:25.309+0000] {logging_mixin.py:190} INFO - [2026-04-12T11:17:25.308+0000] {dag.py:4180} INFO - Setting next_dagrun for example_external_task_marker_parent to None, run_after=None
[2026-04-12T11:17:25.322+0000] {processor.py:208} INFO - Processing /home/airflow/.local/lib/python3.12/site-packages/airflow/example_dags/example_external_task_marker_dag.py took 0.062 seconds
[2026-04-12T11:17:56.159+0000] {processor.py:186} INFO - Started process (PID=3424) to work on /home/airflow/.local/lib/python3.12/site-packages/airflow/example_dags/example_external_task_marker_dag.py
[2026-04-12T11:17:56.162+0000] {processor.py:914} INFO - Processing file /home/airflow/.local/lib/python3.12/site-packages/airflow/example_dags/example_external_task_marker_dag.py for tasks to queue
[2026-04-12T11:17:56.165+0000] {logging_mixin.py:190} INFO - [2026-04-12T11:17:56.165+0000] {dagbag.py:588} INFO - Filling up the DagBag from /home/airflow/.local/lib/python3.12/site-packages/airflow/example_dags/example_external_task_marker_dag.py
[2026-04-12T11:17:56.170+0000] {processor.py:925} INFO - DAG(s) 'example_external_task_marker_parent', 'example_external_task_marker_child' retrieved from /home/airflow/.local/lib/python3.12/site-packages/airflow/example_dags/example_external_task_marker_dag.py
[2026-04-12T11:17:56.193+0000] {logging_mixin.py:190} INFO - [2026-04-12T11:17:56.192+0000] {dag.py:3239} INFO - Sync 2 DAGs
[2026-04-12T11:17:56.204+0000] {logging_mixin.py:190} INFO - [2026-04-12T11:17:56.204+0000] {dag.py:4180} INFO - Setting next_dagrun for example_external_task_marker_child to None, run_after=None
[2026-04-12T11:17:56.208+0000] {logging_mixin.py:190} INFO - [2026-04-12T11:17:56.208+0000] {dag.py:4180} INFO - Setting next_dagrun for example_external_task_marker_parent to None, run_after=None
[2026-04-12T11:17:56.220+0000] {processor.py:208} INFO - Processing /home/airflow/.local/lib/python3.12/site-packages/airflow/example_dags/example_external_task_marker_dag.py took 0.066 seconds
[2026-04-12T11:18:27.179+0000] {processor.py:186} INFO - Started process (PID=3731) to work on /home/airflow/.local/lib/python3.12/site-packages/airflow/example_dags/example_external_task_marker_dag.py
[2026-04-12T11:18:27.180+0000] {processor.py:914} INFO - Processing file /home/airflow/.local/lib/python3.12/site-packages/airflow/example_dags/example_external_task_marker_dag.py for tasks to queue
[2026-04-12T11:18:27.182+0000] {logging_mixin.py:190} INFO - [2026-04-12T11:18:27.182+0000] {dagbag.py:588} INFO - Filling up the DagBag from /home/airflow/.local/lib/python3.12/site-packages/airflow/example_dags/example_external_task_marker_dag.py
[2026-04-12T11:18:27.191+0000] {processor.py:925} INFO - DAG(s) 'example_external_task_marker_parent', 'example_external_task_marker_child' retrieved from /home/airflow/.local/lib/python3.12/site-packages/airflow/example_dags/example_external_task_marker_dag.py
[2026-04-12T11:18:27.208+0000] {logging_mixin.py:190} INFO - [2026-04-12T11:18:27.208+0000] {dag.py:3239} INFO - Sync 2 DAGs
[2026-04-12T11:18:27.219+0000] {logging_mixin.py:190} INFO - [2026-04-12T11:18:27.219+0000] {dag.py:4180} INFO - Setting next_dagrun for example_external_task_marker_child to None, run_after=None
[2026-04-12T11:18:27.222+0000] {logging_mixin.py:190} INFO - [2026-04-12T11:18:27.222+0000] {dag.py:4180} INFO - Setting next_dagrun for example_external_task_marker_parent to None, run_after=None
[2026-04-12T11:18:27.242+0000] {processor.py:208} INFO - Processing /home/airflow/.local/lib/python3.12/site-packages/airflow/example_dags/example_external_task_marker_dag.py took 0.067 seconds
[2026-04-12T11:18:57.855+0000] {processor.py:186} INFO - Started process (PID=4035) to work on /home/airflow/.local/lib/python3.12/site-packages/airflow/example_dags/example_external_task_marker_dag.py
[2026-04-12T11:18:57.855+0000] {processor.py:914} INFO - Processing file /home/airflow/.local/lib/python3.12/site-packages/airflow/example_dags/example_external_task_marker_dag.py for tasks to queue
[2026-04-12T11:18:57.857+0000] {logging_mixin.py:190} INFO - [2026-04-12T11:18:57.857+0000] {dagbag.py:588} INFO - Filling up the DagBag from /home/airflow/.local/lib/python3.12/site-packages/airflow/example_dags/example_external_task_marker_dag.py
[2026-04-12T11:18:57.862+0000] {processor.py:925} INFO - DAG(s) 'example_external_task_marker_child', 'example_external_task_marker_parent' retrieved from /home/airflow/.local/lib/python3.12/site-packages/airflow/example_dags/example_external_task_marker_dag.py
[2026-04-12T11:18:57.876+0000] {logging_mixin.py:190} INFO - [2026-04-12T11:18:57.876+0000] {dag.py:3239} INFO - Sync 2 DAGs
[2026-04-12T11:18:57.885+0000] {logging_mixin.py:190} INFO - [2026-04-12T11:18:57.885+0000] {dag.py:4180} INFO - Setting next_dagrun for example_external_task_marker_child to None, run_after=None
[2026-04-12T11:18:57.887+0000] {logging_mixin.py:190} INFO - [2026-04-12T11:18:57.887+0000] {dag.py:4180} INFO - Setting next_dagrun for example_external_task_marker_parent to None, run_after=None
[2026-04-12T11:18:57.896+0000] {processor.py:208} INFO - Processing /home/airflow/.local/lib/python3.12/site-packages/airflow/example_dags/example_external_task_marker_dag.py took 0.045 seconds
[2026-04-12T11:19:28.752+0000] {processor.py:186} INFO - Started process (PID=4338) to work on /home/airflow/.local/lib/python3.12/site-packages/airflow/example_dags/example_external_task_marker_dag.py
[2026-04-12T11:19:28.755+0000] {processor.py:914} INFO - Processing file /home/airflow/.local/lib/python3.12/site-packages/airflow/example_dags/example_external_task_marker_dag.py for tasks to queue
[2026-04-12T11:19:28.758+0000] {logging_mixin.py:190} INFO - [2026-04-12T11:19:28.758+0000] {dagbag.py:588} INFO - Filling up the DagBag from /home/airflow/.local/lib/python3.12/site-packages/airflow/example_dags/example_external_task_marker_dag.py
[2026-04-12T11:19:28.764+0000] {processor.py:925} INFO - DAG(s) 'example_external_task_marker_parent', 'example_external_task_marker_child' retrieved from /home/airflow/.local/lib/python3.12/site-packages/airflow/example_dags/example_external_task_marker_dag.py
[2026-04-12T11:19:28.778+0000] {logging_mixin.py:190} INFO - [2026-04-12T11:19:28.778+0000] {dag.py:3239} INFO - Sync 2 DAGs
[2026-04-12T11:19:28.788+0000] {logging_mixin.py:190} INFO - [2026-04-12T11:19:28.788+0000] {dag.py:4180} INFO - Setting next_dagrun for example_external_task_marker_child to None, run_after=None
[2026-04-12T11:19:28.791+0000] {logging_mixin.py:190} INFO - [2026-04-12T11:19:28.791+0000] {dag.py:4180} INFO - Setting next_dagrun for example_external_task_marker_parent to None, run_after=None
[2026-04-12T11:19:28.806+0000] {processor.py:208} INFO - Processing /home/airflow/.local/lib/python3.12/site-packages/airflow/example_dags/example_external_task_marker_dag.py took 0.057 seconds
[2026-04-12T11:19:59.618+0000] {processor.py:186} INFO - Started process (PID=4634) to work on /home/airflow/.local/lib/python3.12/site-packages/airflow/example_dags/example_external_task_marker_dag.py
[2026-04-12T11:19:59.619+0000] {processor.py:914} INFO - Processing file /home/airflow/.local/lib/python3.12/site-packages/airflow/example_dags/example_external_task_marker_dag.py for tasks to queue
[2026-04-12T11:19:59.620+0000] {logging_mixin.py:190} INFO - [2026-04-12T11:19:59.620+0000] {dagbag.py:588} INFO - Filling up the DagBag from /home/airflow/.local/lib/python3.12/site-packages/airflow/example_dags/example_external_task_marker_dag.py
[2026-04-12T11:19:59.628+0000] {processor.py:925} INFO - DAG(s) 'example_external_task_marker_parent', 'example_external_task_marker_child' retrieved from /home/airflow/.local/lib/python3.12/site-packages/airflow/example_dags/example_external_task_marker_dag.py
[2026-04-12T11:19:59.643+0000] {logging_mixin.py:190} INFO - [2026-04-12T11:19:59.643+0000] {dag.py:3239} INFO - Sync 2 DAGs
[2026-04-12T11:19:59.654+0000] {logging_mixin.py:190} INFO - [2026-04-12T11:19:59.654+0000] {dag.py:4180} INFO - Setting next_dagrun for example_external_task_marker_child to None, run_after=None
[2026-04-12T11:19:59.658+0000] {logging_mixin.py:190} INFO - [2026-04-12T11:19:59.657+0000] {dag.py:4180} INFO - Setting next_dagrun for example_external_task_marker_parent to None, run_after=None
[2026-04-12T11:19:59.672+0000] {processor.py:208} INFO - Processing /home/airflow/.local/lib/python3.12/site-packages/airflow/example_dags/example_external_task_marker_dag.py took 0.058 seconds
[2026-04-12T11:20:30.356+0000] {processor.py:186} INFO - Started process (PID=4930) to work on /home/airflow/.local/lib/python3.12/site-packages/airflow/example_dags/example_external_task_marker_dag.py
[2026-04-12T11:20:30.358+0000] {processor.py:914} INFO - Processing file /home/airflow/.local/lib/python3.12/site-packages/airflow/example_dags/example_external_task_marker_dag.py for tasks to queue
[2026-04-12T11:20:30.360+0000] {logging_mixin.py:190} INFO - [2026-04-12T11:20:30.360+0000] {dagbag.py:588} INFO - Filling up the DagBag from /home/airflow/.local/lib/python3.12/site-packages/airflow/example_dags/example_external_task_marker_dag.py
[2026-04-12T11:20:30.369+0000] {processor.py:925} INFO - DAG(s) 'example_external_task_marker_child', 'example_external_task_marker_parent' retrieved from /home/airflow/.local/lib/python3.12/site-packages/airflow/example_dags/example_external_task_marker_dag.py
[2026-04-12T11:20:30.389+0000] {logging_mixin.py:190} INFO - [2026-04-12T11:20:30.388+0000] {dag.py:3239} INFO - Sync 2 DAGs
[2026-04-12T11:20:30.399+0000] {logging_mixin.py:190} INFO - [2026-04-12T11:20:30.399+0000] {dag.py:4180} INFO - Setting next_dagrun for example_external_task_marker_child to None, run_after=None
[2026-04-12T11:20:30.404+0000] {logging_mixin.py:190} INFO - [2026-04-12T11:20:30.404+0000] {dag.py:4180} INFO - Setting next_dagrun for example_external_task_marker_parent to None, run_after=None
[2026-04-12T11:20:30.413+0000] {processor.py:208} INFO - Processing /home/airflow/.local/lib/python3.12/site-packages/airflow/example_dags/example_external_task_marker_dag.py took 0.060 seconds
[2026-04-12T11:21:01.127+0000] {processor.py:186} INFO - Started process (PID=5226) to work on /home/airflow/.local/lib/python3.12/site-packages/airflow/example_dags/example_external_task_marker_dag.py
[2026-04-12T11:21:01.128+0000] {processor.py:914} INFO - Processing file /home/airflow/.local/lib/python3.12/site-packages/airflow/example_dags/example_external_task_marker_dag.py for tasks to queue
[2026-04-12T11:21:01.130+0000] {logging_mixin.py:190} INFO - [2026-04-12T11:21:01.129+0000] {dagbag.py:588} INFO - Filling up the DagBag from /home/airflow/.local/lib/python3.12/site-packages/airflow/example_dags/example_external_task_marker_dag.py
[2026-04-12T11:21:01.137+0000] {processor.py:925} INFO - DAG(s) 'example_external_task_marker_child', 'example_external_task_marker_parent' retrieved from /home/airflow/.local/lib/python3.12/site-packages/airflow/example_dags/example_external_task_marker_dag.py
[2026-04-12T11:21:01.155+0000] {logging_mixin.py:190} INFO - [2026-04-12T11:21:01.155+0000] {dag.py:3239} INFO - Sync 2 DAGs
[2026-04-12T11:21:01.166+0000] {logging_mixin.py:190} INFO - [2026-04-12T11:21:01.166+0000] {dag.py:4180} INFO - Setting next_dagrun for example_external_task_marker_child to None, run_after=None
[2026-04-12T11:21:01.169+0000] {logging_mixin.py:190} INFO - [2026-04-12T11:21:01.169+0000] {dag.py:4180} INFO - Setting next_dagrun for example_external_task_marker_parent to None, run_after=None
[2026-04-12T11:21:01.181+0000] {processor.py:208} INFO - Processing /home/airflow/.local/lib/python3.12/site-packages/airflow/example_dags/example_external_task_marker_dag.py took 0.059 seconds
[2026-04-12T11:21:31.746+0000] {processor.py:186} INFO - Started process (PID=5522) to work on /home/airflow/.local/lib/python3.12/site-packages/airflow/example_dags/example_external_task_marker_dag.py
[2026-04-12T11:21:31.748+0000] {processor.py:914} INFO - Processing file /home/airflow/.local/lib/python3.12/site-packages/airflow/example_dags/example_external_task_marker_dag.py for tasks to queue
[2026-04-12T11:21:31.750+0000] {logging_mixin.py:190} INFO - [2026-04-12T11:21:31.750+0000] {dagbag.py:588} INFO - Filling up the DagBag from /home/airflow/.local/lib/python3.12/site-packages/airflow/example_dags/example_external_task_marker_dag.py
[2026-04-12T11:21:31.755+0000] {processor.py:925} INFO - DAG(s) 'example_external_task_marker_child', 'example_external_task_marker_parent' retrieved from /home/airflow/.local/lib/python3.12/site-packages/airflow/example_dags/example_external_task_marker_dag.py
[2026-04-12T11:21:31.777+0000] {logging_mixin.py:190} INFO - [2026-04-12T11:21:31.777+0000] {dag.py:3239} INFO - Sync 2 DAGs
[2026-04-12T11:21:31.786+0000] {logging_mixin.py:190} INFO - [2026-04-12T11:21:31.786+0000] {dag.py:4180} INFO - Setting next_dagrun for example_external_task_marker_child to None, run_after=None
[2026-04-12T11:21:31.789+0000] {logging_mixin.py:190} INFO - [2026-04-12T11:21:31.789+0000] {dag.py:4180} INFO - Setting next_dagrun for example_external_task_marker_parent to None, run_after=None
[2026-04-12T11:21:31.798+0000] {processor.py:208} INFO - Processing /home/airflow/.local/lib/python3.12/site-packages/airflow/example_dags/example_external_task_marker_dag.py took 0.055 seconds
[2026-04-12T11:22:02.954+0000] {processor.py:186} INFO - Started process (PID=5824) to work on /home/airflow/.local/lib/python3.12/site-packages/airflow/example_dags/example_external_task_marker_dag.py
[2026-04-12T11:22:02.955+0000] {processor.py:914} INFO - Processing file /home/airflow/.local/lib/python3.12/site-packages/airflow/example_dags/example_external_task_marker_dag.py for tasks to queue
[2026-04-12T11:22:02.957+0000] {logging_mixin.py:190} INFO - [2026-04-12T11:22:02.956+0000] {dagbag.py:588} INFO - Filling up the DagBag from /home/airflow/.local/lib/python3.12/site-packages/airflow/example_dags/example_external_task_marker_dag.py
[2026-04-12T11:22:02.964+0000] {processor.py:925} INFO - DAG(s) 'example_external_task_marker_parent', 'example_external_task_marker_child' retrieved from /home/airflow/.local/lib/python3.12/site-packages/airflow/example_dags/example_external_task_marker_dag.py
[2026-04-12T11:22:02.983+0000] {logging_mixin.py:190} INFO - [2026-04-12T11:22:02.983+0000] {dag.py:3239} INFO - Sync 2 DAGs
[2026-04-12T11:22:02.993+0000] {logging_mixin.py:190} INFO - [2026-04-12T11:22:02.993+0000] {dag.py:4180} INFO - Setting next_dagrun for example_external_task_marker_child to None, run_after=None
[2026-04-12T11:22:02.995+0000] {logging_mixin.py:190} INFO - [2026-04-12T11:22:02.995+0000] {dag.py:4180} INFO - Setting next_dagrun for example_external_task_marker_parent to None, run_after=None
[2026-04-12T11:22:03.005+0000] {processor.py:208} INFO - Processing /home/airflow/.local/lib/python3.12/site-packages/airflow/example_dags/example_external_task_marker_dag.py took 0.056 seconds
[2026-04-12T11:22:34.243+0000] {processor.py:186} INFO - Started process (PID=6119) to work on /home/airflow/.local/lib/python3.12/site-packages/airflow/example_dags/example_external_task_marker_dag.py
[2026-04-12T11:22:34.244+0000] {processor.py:914} INFO - Processing file /home/airflow/.local/lib/python3.12/site-packages/airflow/example_dags/example_external_task_marker_dag.py for tasks to queue
[2026-04-12T11:22:34.246+0000] {logging_mixin.py:190} INFO - [2026-04-12T11:22:34.245+0000] {dagbag.py:588} INFO - Filling up the DagBag from /home/airflow/.local/lib/python3.12/site-packages/airflow/example_dags/example_external_task_marker_dag.py
[2026-04-12T11:22:34.251+0000] {processor.py:925} INFO - DAG(s) 'example_external_task_marker_parent', 'example_external_task_marker_child' retrieved from /home/airflow/.local/lib/python3.12/site-packages/airflow/example_dags/example_external_task_marker_dag.py
[2026-04-12T11:22:34.266+0000] {logging_mixin.py:190} INFO - [2026-04-12T11:22:34.266+0000] {dag.py:3239} INFO - Sync 2 DAGs
[2026-04-12T11:22:34.277+0000] {logging_mixin.py:190} INFO - [2026-04-12T11:22:34.277+0000] {dag.py:4180} INFO - Setting next_dagrun for example_external_task_marker_child to None, run_after=None
[2026-04-12T11:22:34.279+0000] {logging_mixin.py:190} INFO - [2026-04-12T11:22:34.279+0000] {dag.py:4180} INFO - Setting next_dagrun for example_external_task_marker_parent to None, run_after=None
[2026-04-12T11:22:34.292+0000] {processor.py:208} INFO - Processing /home/airflow/.local/lib/python3.12/site-packages/airflow/example_dags/example_external_task_marker_dag.py took 0.053 seconds
[2026-04-12T11:23:05.827+0000] {processor.py:186} INFO - Started process (PID=6415) to work on /home/airflow/.local/lib/python3.12/site-packages/airflow/example_dags/example_external_task_marker_dag.py
[2026-04-12T11:23:05.829+0000] {processor.py:914} INFO - Processing file /home/airflow/.local/lib/python3.12/site-packages/airflow/example_dags/example_external_task_marker_dag.py for tasks to queue
[2026-04-12T11:23:05.833+0000] {logging_mixin.py:190} INFO - [2026-04-12T11:23:05.832+0000] {dagbag.py:588} INFO - Filling up the DagBag from /home/airflow/.local/lib/python3.12/site-packages/airflow/example_dags/example_external_task_marker_dag.py
[2026-04-12T11:23:06.036+0000] {processor.py:925} INFO - DAG(s) 'example_external_task_marker_child', 'example_external_task_marker_parent' retrieved from /home/airflow/.local/lib/python3.12/site-packages/airflow/example_dags/example_external_task_marker_dag.py
[2026-04-12T11:23:06.086+0000] {logging_mixin.py:190} INFO - [2026-04-12T11:23:06.086+0000] {dag.py:3239} INFO - Sync 2 DAGs
[2026-04-12T11:23:06.107+0000] {logging_mixin.py:190} INFO - [2026-04-12T11:23:06.106+0000] {dag.py:4180} INFO - Setting next_dagrun for example_external_task_marker_child to None, run_after=None
[2026-04-12T11:23:06.112+0000] {logging_mixin.py:190} INFO - [2026-04-12T11:23:06.112+0000] {dag.py:4180} INFO - Setting next_dagrun for example_external_task_marker_parent to None, run_after=None
[2026-04-12T11:23:06.129+0000] {processor.py:208} INFO - Processing /home/airflow/.local/lib/python3.12/site-packages/airflow/example_dags/example_external_task_marker_dag.py took 0.310 seconds
[2026-04-12T11:23:36.948+0000] {processor.py:186} INFO - Started process (PID=6706) to work on /home/airflow/.local/lib/python3.12/site-packages/airflow/example_dags/example_external_task_marker_dag.py
[2026-04-12T11:23:36.950+0000] {processor.py:914} INFO - Processing file /home/airflow/.local/lib/python3.12/site-packages/airflow/example_dags/example_external_task_marker_dag.py for tasks to queue
[2026-04-12T11:23:36.951+0000] {logging_mixin.py:190} INFO - [2026-04-12T11:23:36.951+0000] {dagbag.py:588} INFO - Filling up the DagBag from /home/airflow/.local/lib/python3.12/site-packages/airflow/example_dags/example_external_task_marker_dag.py
[2026-04-12T11:23:36.961+0000] {processor.py:925} INFO - DAG(s) 'example_external_task_marker_parent', 'example_external_task_marker_child' retrieved from /home/airflow/.local/lib/python3.12/site-packages/airflow/example_dags/example_external_task_marker_dag.py
[2026-04-12T11:23:36.982+0000] {logging_mixin.py:190} INFO - [2026-04-12T11:23:36.982+0000] {dag.py:3239} INFO - Sync 2 DAGs
[2026-04-12T11:23:36.993+0000] {logging_mixin.py:190} INFO - [2026-04-12T11:23:36.992+0000] {dag.py:4180} INFO - Setting next_dagrun for example_external_task_marker_child to None, run_after=None
[2026-04-12T11:23:36.999+0000] {logging_mixin.py:190} INFO - [2026-04-12T11:23:36.999+0000] {dag.py:4180} INFO - Setting next_dagrun for example_external_task_marker_parent to None, run_after=None
[2026-04-12T11:23:37.011+0000] {processor.py:208} INFO - Processing /home/airflow/.local/lib/python3.12/site-packages/airflow/example_dags/example_external_task_marker_dag.py took 0.071 seconds
[2026-04-12T11:24:07.881+0000] {processor.py:186} INFO - Started process (PID=7002) to work on /home/airflow/.local/lib/python3.12/site-packages/airflow/example_dags/example_external_task_marker_dag.py
[2026-04-12T11:24:07.882+0000] {processor.py:914} INFO - Processing file /home/airflow/.local/lib/python3.12/site-packages/airflow/example_dags/example_external_task_marker_dag.py for tasks to queue
[2026-04-12T11:24:07.883+0000] {logging_mixin.py:190} INFO - [2026-04-12T11:24:07.883+0000] {dagbag.py:588} INFO - Filling up the DagBag from /home/airflow/.local/lib/python3.12/site-packages/airflow/example_dags/example_external_task_marker_dag.py
[2026-04-12T11:24:07.889+0000] {processor.py:925} INFO - DAG(s) 'example_external_task_marker_parent', 'example_external_task_marker_child' retrieved from /home/airflow/.local/lib/python3.12/site-packages/airflow/example_dags/example_external_task_marker_dag.py
[2026-04-12T11:24:07.906+0000] {logging_mixin.py:190} INFO - [2026-04-12T11:24:07.906+0000] {dag.py:3239} INFO - Sync 2 DAGs
[2026-04-12T11:24:07.915+0000] {logging_mixin.py:190} INFO - [2026-04-12T11:24:07.915+0000] {dag.py:4180} INFO - Setting next_dagrun for example_external_task_marker_child to None, run_after=None
[2026-04-12T11:24:07.918+0000] {logging_mixin.py:190} INFO - [2026-04-12T11:24:07.918+0000] {dag.py:4180} INFO - Setting next_dagrun for example_external_task_marker_parent to None, run_after=None
[2026-04-12T11:24:07.928+0000] {processor.py:208} INFO - Processing /home/airflow/.local/lib/python3.12/site-packages/airflow/example_dags/example_external_task_marker_dag.py took 0.051 seconds
[2026-04-12T11:24:39.410+0000] {processor.py:186} INFO - Started process (PID=7298) to work on /home/airflow/.local/lib/python3.12/site-packages/airflow/example_dags/example_external_task_marker_dag.py
[2026-04-12T11:24:39.416+0000] {processor.py:914} INFO - Processing file /home/airflow/.local/lib/python3.12/site-packages/airflow/example_dags/example_external_task_marker_dag.py for tasks to queue
[2026-04-12T11:24:39.419+0000] {logging_mixin.py:190} INFO - [2026-04-12T11:24:39.419+0000] {dagbag.py:588} INFO - Filling up the DagBag from /home/airflow/.local/lib/python3.12/site-packages/airflow/example_dags/example_external_task_marker_dag.py
[2026-04-12T11:24:39.424+0000] {processor.py:925} INFO - DAG(s) 'example_external_task_marker_parent', 'example_external_task_marker_child' retrieved from /home/airflow/.local/lib/python3.12/site-packages/airflow/example_dags/example_external_task_marker_dag.py
[2026-04-12T11:24:39.438+0000] {logging_mixin.py:190} INFO - [2026-04-12T11:24:39.437+0000] {dag.py:3239} INFO - Sync 2 DAGs
[2026-04-12T11:24:39.451+0000] {logging_mixin.py:190} INFO - [2026-04-12T11:24:39.451+0000] {dag.py:4180} INFO - Setting next_dagrun for example_external_task_marker_child to None, run_after=None
[2026-04-12T11:24:39.455+0000] {logging_mixin.py:190} INFO - [2026-04-12T11:24:39.455+0000] {dag.py:4180} INFO - Setting next_dagrun for example_external_task_marker_parent to None, run_after=None
[2026-04-12T11:24:39.469+0000] {processor.py:208} INFO - Processing /home/airflow/.local/lib/python3.12/site-packages/airflow/example_dags/example_external_task_marker_dag.py took 0.062 seconds
[2026-04-12T11:25:10.291+0000] {processor.py:186} INFO - Started process (PID=7594) to work on /home/airflow/.local/lib/python3.12/site-packages/airflow/example_dags/example_external_task_marker_dag.py
[2026-04-12T11:25:10.293+0000] {processor.py:914} INFO - Processing file /home/airflow/.local/lib/python3.12/site-packages/airflow/example_dags/example_external_task_marker_dag.py for tasks to queue
[2026-04-12T11:25:10.296+0000] {logging_mixin.py:190} INFO - [2026-04-12T11:25:10.296+0000] {dagbag.py:588} INFO - Filling up the DagBag from /home/airflow/.local/lib/python3.12/site-packages/airflow/example_dags/example_external_task_marker_dag.py
[2026-04-12T11:25:10.308+0000] {processor.py:925} INFO - DAG(s) 'example_external_task_marker_child', 'example_external_task_marker_parent' retrieved from /home/airflow/.local/lib/python3.12/site-packages/airflow/example_dags/example_external_task_marker_dag.py
[2026-04-12T11:25:10.333+0000] {logging_mixin.py:190} INFO - [2026-04-12T11:25:10.333+0000] {dag.py:3239} INFO - Sync 2 DAGs
[2026-04-12T11:25:10.347+0000] {logging_mixin.py:190} INFO - [2026-04-12T11:25:10.347+0000] {dag.py:4180} INFO - Setting next_dagrun for example_external_task_marker_child to None, run_after=None
[2026-04-12T11:25:10.350+0000] {logging_mixin.py:190} INFO - [2026-04-12T11:25:10.349+0000] {dag.py:4180} INFO - Setting next_dagrun for example_external_task_marker_parent to None, run_after=None
[2026-04-12T11:25:10.359+0000] {processor.py:208} INFO - Processing /home/airflow/.local/lib/python3.12/site-packages/airflow/example_dags/example_external_task_marker_dag.py took 0.075 seconds
[2026-04-12T11:25:41.469+0000] {processor.py:186} INFO - Started process (PID=7892) to work on /home/airflow/.local/lib/python3.12/site-packages/airflow/example_dags/example_external_task_marker_dag.py
[2026-04-12T11:25:41.470+0000] {processor.py:914} INFO - Processing file /home/airflow/.local/lib/python3.12/site-packages/airflow/example_dags/example_external_task_marker_dag.py for tasks to queue
[2026-04-12T11:25:41.471+0000] {logging_mixin.py:190} INFO - [2026-04-12T11:25:41.471+0000] {dagbag.py:588} INFO - Filling up the DagBag from /home/airflow/.local/lib/python3.12/site-packages/airflow/example_dags/example_external_task_marker_dag.py
[2026-04-12T11:25:41.477+0000] {processor.py:925} INFO - DAG(s) 'example_external_task_marker_parent', 'example_external_task_marker_child' retrieved from /home/airflow/.local/lib/python3.12/site-packages/airflow/example_dags/example_external_task_marker_dag.py
[2026-04-12T11:25:41.507+0000] {logging_mixin.py:190} INFO - [2026-04-12T11:25:41.506+0000] {dag.py:3239} INFO - Sync 2 DAGs
[2026-04-12T11:25:41.517+0000] {logging_mixin.py:190} INFO - [2026-04-12T11:25:41.516+0000] {dag.py:4180} INFO - Setting next_dagrun for example_external_task_marker_child to None, run_after=None
[2026-04-12T11:25:41.519+0000] {logging_mixin.py:190} INFO - [2026-04-12T11:25:41.519+0000] {dag.py:4180} INFO - Setting next_dagrun for example_external_task_marker_parent to None, run_after=None
[2026-04-12T11:25:41.529+0000] {processor.py:208} INFO - Processing /home/airflow/.local/lib/python3.12/site-packages/airflow/example_dags/example_external_task_marker_dag.py took 0.064 seconds
[2026-04-12T11:27:12.066+0000] {processor.py:186} INFO - Started process (PID=8355) to work on /home/airflow/.local/lib/python3.12/site-packages/airflow/example_dags/example_external_task_marker_dag.py
[2026-04-12T11:27:12.068+0000] {processor.py:914} INFO - Processing file /home/airflow/.local/lib/python3.12/site-packages/airflow/example_dags/example_external_task_marker_dag.py for tasks to queue
[2026-04-12T11:27:12.069+0000] {logging_mixin.py:190} INFO - [2026-04-12T11:27:12.069+0000] {dagbag.py:588} INFO - Filling up the DagBag from /home/airflow/.local/lib/python3.12/site-packages/airflow/example_dags/example_external_task_marker_dag.py
[2026-04-12T11:27:12.074+0000] {processor.py:925} INFO - DAG(s) 'example_external_task_marker_child', 'example_external_task_marker_parent' retrieved from /home/airflow/.local/lib/python3.12/site-packages/airflow/example_dags/example_external_task_marker_dag.py
[2026-04-12T11:27:12.093+0000] {logging_mixin.py:190} INFO - [2026-04-12T11:27:12.093+0000] {dag.py:3239} INFO - Sync 2 DAGs
[2026-04-12T11:27:12.103+0000] {logging_mixin.py:190} INFO - [2026-04-12T11:27:12.103+0000] {dag.py:4180} INFO - Setting next_dagrun for example_external_task_marker_child to None, run_after=None
[2026-04-12T11:27:12.106+0000] {logging_mixin.py:190} INFO - [2026-04-12T11:27:12.105+0000] {dag.py:4180} INFO - Setting next_dagrun for example_external_task_marker_parent to None, run_after=None
[2026-04-12T11:27:12.120+0000] {processor.py:208} INFO - Processing /home/airflow/.local/lib/python3.12/site-packages/airflow/example_dags/example_external_task_marker_dag.py took 0.058 seconds
[2026-04-12T11:29:48.275+0000] {processor.py:186} INFO - Started process (PID=8651) to work on /home/airflow/.local/lib/python3.12/site-packages/airflow/example_dags/example_external_task_marker_dag.py
[2026-04-12T11:29:48.276+0000] {processor.py:914} INFO - Processing file /home/airflow/.local/lib/python3.12/site-packages/airflow/example_dags/example_external_task_marker_dag.py for tasks to queue
[2026-04-12T11:29:48.278+0000] {logging_mixin.py:190} INFO - [2026-04-12T11:29:48.278+0000] {dagbag.py:588} INFO - Filling up the DagBag from /home/airflow/.local/lib/python3.12/site-packages/airflow/example_dags/example_external_task_marker_dag.py
[2026-04-12T11:29:48.283+0000] {processor.py:925} INFO - DAG(s) 'example_external_task_marker_child', 'example_external_task_marker_parent' retrieved from /home/airflow/.local/lib/python3.12/site-packages/airflow/example_dags/example_external_task_marker_dag.py
[2026-04-12T11:29:48.304+0000] {logging_mixin.py:190} INFO - [2026-04-12T11:29:48.304+0000] {dag.py:3239} INFO - Sync 2 DAGs
[2026-04-12T11:29:48.315+0000] {logging_mixin.py:190} INFO - [2026-04-12T11:29:48.315+0000] {dag.py:4180} INFO - Setting next_dagrun for example_external_task_marker_child to None, run_after=None
[2026-04-12T11:29:48.318+0000] {logging_mixin.py:190} INFO - [2026-04-12T11:29:48.318+0000] {dag.py:4180} INFO - Setting next_dagrun for example_external_task_marker_parent to None, run_after=None
[2026-04-12T11:29:48.330+0000] {processor.py:208} INFO - Processing /home/airflow/.local/lib/python3.12/site-packages/airflow/example_dags/example_external_task_marker_dag.py took 0.059 seconds
[2026-04-12T11:30:19.636+0000] {processor.py:186} INFO - Started process (PID=8947) to work on /home/airflow/.local/lib/python3.12/site-packages/airflow/example_dags/example_external_task_marker_dag.py
[2026-04-12T11:30:19.637+0000] {processor.py:914} INFO - Processing file /home/airflow/.local/lib/python3.12/site-packages/airflow/example_dags/example_external_task_marker_dag.py for tasks to queue
[2026-04-12T11:30:19.640+0000] {logging_mixin.py:190} INFO - [2026-04-12T11:30:19.639+0000] {dagbag.py:588} INFO - Filling up the DagBag from /home/airflow/.local/lib/python3.12/site-packages/airflow/example_dags/example_external_task_marker_dag.py
[2026-04-12T11:30:19.649+0000] {processor.py:925} INFO - DAG(s) 'example_external_task_marker_parent', 'example_external_task_marker_child' retrieved from /home/airflow/.local/lib/python3.12/site-packages/airflow/example_dags/example_external_task_marker_dag.py
[2026-04-12T11:30:19.668+0000] {logging_mixin.py:190} INFO - [2026-04-12T11:30:19.668+0000] {dag.py:3239} INFO - Sync 2 DAGs
[2026-04-12T11:30:19.681+0000] {logging_mixin.py:190} INFO - [2026-04-12T11:30:19.681+0000] {dag.py:4180} INFO - Setting next_dagrun for example_external_task_marker_child to None, run_after=None
[2026-04-12T11:30:19.685+0000] {logging_mixin.py:190} INFO - [2026-04-12T11:30:19.684+0000] {dag.py:4180} INFO - Setting next_dagrun for example_external_task_marker_parent to None, run_after=None
[2026-04-12T11:30:19.699+0000] {processor.py:208} INFO - Processing /home/airflow/.local/lib/python3.12/site-packages/airflow/example_dags/example_external_task_marker_dag.py took 0.067 seconds
[2026-04-12T11:30:51.060+0000] {processor.py:186} INFO - Started process (PID=9243) to work on /home/airflow/.local/lib/python3.12/site-packages/airflow/example_dags/example_external_task_marker_dag.py
[2026-04-12T11:30:51.061+0000] {processor.py:914} INFO - Processing file /home/airflow/.local/lib/python3.12/site-packages/airflow/example_dags/example_external_task_marker_dag.py for tasks to queue
[2026-04-12T11:30:51.063+0000] {logging_mixin.py:190} INFO - [2026-04-12T11:30:51.062+0000] {dagbag.py:588} INFO - Filling up the DagBag from /home/airflow/.local/lib/python3.12/site-packages/airflow/example_dags/example_external_task_marker_dag.py
[2026-04-12T11:30:51.068+0000] {processor.py:925} INFO - DAG(s) 'example_external_task_marker_parent', 'example_external_task_marker_child' retrieved from /home/airflow/.local/lib/python3.12/site-packages/airflow/example_dags/example_external_task_marker_dag.py
[2026-04-12T11:30:51.090+0000] {logging_mixin.py:190} INFO - [2026-04-12T11:30:51.089+0000] {dag.py:3239} INFO - Sync 2 DAGs
[2026-04-12T11:30:51.102+0000] {logging_mixin.py:190} INFO - [2026-04-12T11:30:51.102+0000] {dag.py:4180} INFO - Setting next_dagrun for example_external_task_marker_child to None, run_after=None
[2026-04-12T11:30:51.106+0000] {logging_mixin.py:190} INFO - [2026-04-12T11:30:51.106+0000] {dag.py:4180} INFO - Setting next_dagrun for example_external_task_marker_parent to None, run_after=None
[2026-04-12T11:30:51.119+0000] {processor.py:208} INFO - Processing /home/airflow/.local/lib/python3.12/site-packages/airflow/example_dags/example_external_task_marker_dag.py took 0.063 seconds
[2026-04-12T11:31:22.232+0000] {processor.py:186} INFO - Started process (PID=9538) to work on /home/airflow/.local/lib/python3.12/site-packages/airflow/example_dags/example_external_task_marker_dag.py
[2026-04-12T11:31:22.232+0000] {processor.py:914} INFO - Processing file /home/airflow/.local/lib/python3.12/site-packages/airflow/example_dags/example_external_task_marker_dag.py for tasks to queue
[2026-04-12T11:31:22.234+0000] {logging_mixin.py:190} INFO - [2026-04-12T11:31:22.234+0000] {dagbag.py:588} INFO - Filling up the DagBag from /home/airflow/.local/lib/python3.12/site-packages/airflow/example_dags/example_external_task_marker_dag.py
[2026-04-12T11:31:22.241+0000] {processor.py:925} INFO - DAG(s) 'example_external_task_marker_child', 'example_external_task_marker_parent' retrieved from /home/airflow/.local/lib/python3.12/site-packages/airflow/example_dags/example_external_task_marker_dag.py
[2026-04-12T11:31:22.254+0000] {logging_mixin.py:190} INFO - [2026-04-12T11:31:22.254+0000] {dag.py:3239} INFO - Sync 2 DAGs
[2026-04-12T11:31:22.265+0000] {logging_mixin.py:190} INFO - [2026-04-12T11:31:22.265+0000] {dag.py:4180} INFO - Setting next_dagrun for example_external_task_marker_child to None, run_after=None
[2026-04-12T11:31:22.270+0000] {logging_mixin.py:190} INFO - [2026-04-12T11:31:22.270+0000] {dag.py:4180} INFO - Setting next_dagrun for example_external_task_marker_parent to None, run_after=None
[2026-04-12T11:31:22.284+0000] {processor.py:208} INFO - Processing /home/airflow/.local/lib/python3.12/site-packages/airflow/example_dags/example_external_task_marker_dag.py took 0.057 seconds
[2026-04-12T11:31:53.476+0000] {processor.py:186} INFO - Started process (PID=9834) to work on /home/airflow/.local/lib/python3.12/site-packages/airflow/example_dags/example_external_task_marker_dag.py
[2026-04-12T11:31:53.477+0000] {processor.py:914} INFO - Processing file /home/airflow/.local/lib/python3.12/site-packages/airflow/example_dags/example_external_task_marker_dag.py for tasks to queue
[2026-04-12T11:31:53.480+0000] {logging_mixin.py:190} INFO - [2026-04-12T11:31:53.480+0000] {dagbag.py:588} INFO - Filling up the DagBag from /home/airflow/.local/lib/python3.12/site-packages/airflow/example_dags/example_external_task_marker_dag.py
[2026-04-12T11:31:53.487+0000] {processor.py:925} INFO - DAG(s) 'example_external_task_marker_child', 'example_external_task_marker_parent' retrieved from /home/airflow/.local/lib/python3.12/site-packages/airflow/example_dags/example_external_task_marker_dag.py
[2026-04-12T11:31:53.501+0000] {logging_mixin.py:190} INFO - [2026-04-12T11:31:53.501+0000] {dag.py:3239} INFO - Sync 2 DAGs
[2026-04-12T11:31:53.510+0000] {logging_mixin.py:190} INFO - [2026-04-12T11:31:53.510+0000] {dag.py:4180} INFO - Setting next_dagrun for example_external_task_marker_child to None, run_after=None
[2026-04-12T11:31:53.515+0000] {logging_mixin.py:190} INFO - [2026-04-12T11:31:53.514+0000] {dag.py:4180} INFO - Setting next_dagrun for example_external_task_marker_parent to None, run_after=None
[2026-04-12T11:31:53.524+0000] {processor.py:208} INFO - Processing /home/airflow/.local/lib/python3.12/site-packages/airflow/example_dags/example_external_task_marker_dag.py took 0.052 seconds
[2026-04-12T11:32:25.712+0000] {processor.py:186} INFO - Started process (PID=10138) to work on /home/airflow/.local/lib/python3.12/site-packages/airflow/example_dags/example_external_task_marker_dag.py
[2026-04-12T11:32:25.713+0000] {processor.py:914} INFO - Processing file /home/airflow/.local/lib/python3.12/site-packages/airflow/example_dags/example_external_task_marker_dag.py for tasks to queue
[2026-04-12T11:32:25.715+0000] {logging_mixin.py:190} INFO - [2026-04-12T11:32:25.714+0000] {dagbag.py:588} INFO - Filling up the DagBag from /home/airflow/.local/lib/python3.12/site-packages/airflow/example_dags/example_external_task_marker_dag.py
[2026-04-12T11:32:25.722+0000] {processor.py:925} INFO - DAG(s) 'example_external_task_marker_parent', 'example_external_task_marker_child' retrieved from /home/airflow/.local/lib/python3.12/site-packages/airflow/example_dags/example_external_task_marker_dag.py
[2026-04-12T11:32:25.746+0000] {logging_mixin.py:190} INFO - [2026-04-12T11:32:25.746+0000] {dag.py:3239} INFO - Sync 2 DAGs
[2026-04-12T11:32:25.759+0000] {logging_mixin.py:190} INFO - [2026-04-12T11:32:25.758+0000] {dag.py:4180} INFO - Setting next_dagrun for example_external_task_marker_child to None, run_after=None
[2026-04-12T11:32:25.764+0000] {logging_mixin.py:190} INFO - [2026-04-12T11:32:25.764+0000] {dag.py:4180} INFO - Setting next_dagrun for example_external_task_marker_parent to None, run_after=None
[2026-04-12T11:32:25.776+0000] {processor.py:208} INFO - Processing /home/airflow/.local/lib/python3.12/site-packages/airflow/example_dags/example_external_task_marker_dag.py took 0.070 seconds
[2026-04-12T11:32:56.727+0000] {processor.py:186} INFO - Started process (PID=10434) to work on /home/airflow/.local/lib/python3.12/site-packages/airflow/example_dags/example_external_task_marker_dag.py
[2026-04-12T11:32:56.727+0000] {processor.py:914} INFO - Processing file /home/airflow/.local/lib/python3.12/site-packages/airflow/example_dags/example_external_task_marker_dag.py for tasks to queue
[2026-04-12T11:32:56.729+0000] {logging_mixin.py:190} INFO - [2026-04-12T11:32:56.729+0000] {dagbag.py:588} INFO - Filling up the DagBag from /home/airflow/.local/lib/python3.12/site-packages/airflow/example_dags/example_external_task_marker_dag.py
[2026-04-12T11:32:56.735+0000] {processor.py:925} INFO - DAG(s) 'example_external_task_marker_child', 'example_external_task_marker_parent' retrieved from /home/airflow/.local/lib/python3.12/site-packages/airflow/example_dags/example_external_task_marker_dag.py
[2026-04-12T11:32:56.762+0000] {logging_mixin.py:190} INFO - [2026-04-12T11:32:56.762+0000] {dag.py:3239} INFO - Sync 2 DAGs
[2026-04-12T11:32:56.772+0000] {logging_mixin.py:190} INFO - [2026-04-12T11:32:56.772+0000] {dag.py:4180} INFO - Setting next_dagrun for example_external_task_marker_child to None, run_after=None
[2026-04-12T11:32:56.774+0000] {logging_mixin.py:190} INFO - [2026-04-12T11:32:56.774+0000] {dag.py:4180} INFO - Setting next_dagrun for example_external_task_marker_parent to None, run_after=None
[2026-04-12T11:32:56.788+0000] {processor.py:208} INFO - Processing /home/airflow/.local/lib/python3.12/site-packages/airflow/example_dags/example_external_task_marker_dag.py took 0.065 seconds
[2026-04-12T11:33:27.551+0000] {processor.py:186} INFO - Started process (PID=10727) to work on /home/airflow/.local/lib/python3.12/site-packages/airflow/example_dags/example_external_task_marker_dag.py
[2026-04-12T11:33:27.552+0000] {processor.py:914} INFO - Processing file /home/airflow/.local/lib/python3.12/site-packages/airflow/example_dags/example_external_task_marker_dag.py for tasks to queue
[2026-04-12T11:33:27.554+0000] {logging_mixin.py:190} INFO - [2026-04-12T11:33:27.553+0000] {dagbag.py:588} INFO - Filling up the DagBag from /home/airflow/.local/lib/python3.12/site-packages/airflow/example_dags/example_external_task_marker_dag.py
[2026-04-12T11:33:27.559+0000] {processor.py:925} INFO - DAG(s) 'example_external_task_marker_parent', 'example_external_task_marker_child' retrieved from /home/airflow/.local/lib/python3.12/site-packages/airflow/example_dags/example_external_task_marker_dag.py
[2026-04-12T11:33:27.580+0000] {logging_mixin.py:190} INFO - [2026-04-12T11:33:27.580+0000] {dag.py:3239} INFO - Sync 2 DAGs
[2026-04-12T11:33:27.592+0000] {logging_mixin.py:190} INFO - [2026-04-12T11:33:27.592+0000] {dag.py:4180} INFO - Setting next_dagrun for example_external_task_marker_child to None, run_after=None
[2026-04-12T11:33:27.597+0000] {logging_mixin.py:190} INFO - [2026-04-12T11:33:27.597+0000] {dag.py:4180} INFO - Setting next_dagrun for example_external_task_marker_parent to None, run_after=None
[2026-04-12T11:33:27.609+0000] {processor.py:208} INFO - Processing /home/airflow/.local/lib/python3.12/site-packages/airflow/example_dags/example_external_task_marker_dag.py took 0.062 seconds
[2026-04-12T11:33:58.475+0000] {processor.py:186} INFO - Started process (PID=11025) to work on /home/airflow/.local/lib/python3.12/site-packages/airflow/example_dags/example_external_task_marker_dag.py
[2026-04-12T11:33:58.476+0000] {processor.py:914} INFO - Processing file /home/airflow/.local/lib/python3.12/site-packages/airflow/example_dags/example_external_task_marker_dag.py for tasks to queue
[2026-04-12T11:33:58.478+0000] {logging_mixin.py:190} INFO - [2026-04-12T11:33:58.478+0000] {dagbag.py:588} INFO - Filling up the DagBag from /home/airflow/.local/lib/python3.12/site-packages/airflow/example_dags/example_external_task_marker_dag.py
[2026-04-12T11:33:58.483+0000] {processor.py:925} INFO - DAG(s) 'example_external_task_marker_parent', 'example_external_task_marker_child' retrieved from /home/airflow/.local/lib/python3.12/site-packages/airflow/example_dags/example_external_task_marker_dag.py
[2026-04-12T11:33:58.504+0000] {logging_mixin.py:190} INFO - [2026-04-12T11:33:58.503+0000] {dag.py:3239} INFO - Sync 2 DAGs
[2026-04-12T11:33:58.516+0000] {logging_mixin.py:190} INFO - [2026-04-12T11:33:58.516+0000] {dag.py:4180} INFO - Setting next_dagrun for example_external_task_marker_child to None, run_after=None
[2026-04-12T11:33:58.521+0000] {logging_mixin.py:190} INFO - [2026-04-12T11:33:58.521+0000] {dag.py:4180} INFO - Setting next_dagrun for example_external_task_marker_parent to None, run_after=None
[2026-04-12T11:33:58.538+0000] {processor.py:208} INFO - Processing /home/airflow/.local/lib/python3.12/site-packages/airflow/example_dags/example_external_task_marker_dag.py took 0.067 seconds
[2026-04-12T11:34:29.536+0000] {processor.py:186} INFO - Started process (PID=11319) to work on /home/airflow/.local/lib/python3.12/site-packages/airflow/example_dags/example_external_task_marker_dag.py
[2026-04-12T11:34:29.537+0000] {processor.py:914} INFO - Processing file /home/airflow/.local/lib/python3.12/site-packages/airflow/example_dags/example_external_task_marker_dag.py for tasks to queue
[2026-04-12T11:34:29.541+0000] {logging_mixin.py:190} INFO - [2026-04-12T11:34:29.541+0000] {dagbag.py:588} INFO - Filling up the DagBag from /home/airflow/.local/lib/python3.12/site-packages/airflow/example_dags/example_external_task_marker_dag.py
[2026-04-12T11:34:29.546+0000] {processor.py:925} INFO - DAG(s) 'example_external_task_marker_child', 'example_external_task_marker_parent' retrieved from /home/airflow/.local/lib/python3.12/site-packages/airflow/example_dags/example_external_task_marker_dag.py
[2026-04-12T11:34:29.568+0000] {logging_mixin.py:190} INFO - [2026-04-12T11:34:29.567+0000] {dag.py:3239} INFO - Sync 2 DAGs
[2026-04-12T11:34:29.578+0000] {logging_mixin.py:190} INFO - [2026-04-12T11:34:29.578+0000] {dag.py:4180} INFO - Setting next_dagrun for example_external_task_marker_child to None, run_after=None
[2026-04-12T11:34:29.581+0000] {logging_mixin.py:190} INFO - [2026-04-12T11:34:29.581+0000] {dag.py:4180} INFO - Setting next_dagrun for example_external_task_marker_parent to None, run_after=None
[2026-04-12T11:34:29.590+0000] {processor.py:208} INFO - Processing /home/airflow/.local/lib/python3.12/site-packages/airflow/example_dags/example_external_task_marker_dag.py took 0.058 seconds
[2026-04-12T11:35:00.116+0000] {processor.py:186} INFO - Started process (PID=11614) to work on /home/airflow/.local/lib/python3.12/site-packages/airflow/example_dags/example_external_task_marker_dag.py
[2026-04-12T11:35:00.117+0000] {processor.py:914} INFO - Processing file /home/airflow/.local/lib/python3.12/site-packages/airflow/example_dags/example_external_task_marker_dag.py for tasks to queue
[2026-04-12T11:35:00.118+0000] {logging_mixin.py:190} INFO - [2026-04-12T11:35:00.118+0000] {dagbag.py:588} INFO - Filling up the DagBag from /home/airflow/.local/lib/python3.12/site-packages/airflow/example_dags/example_external_task_marker_dag.py
[2026-04-12T11:35:00.125+0000] {processor.py:925} INFO - DAG(s) 'example_external_task_marker_parent', 'example_external_task_marker_child' retrieved from /home/airflow/.local/lib/python3.12/site-packages/airflow/example_dags/example_external_task_marker_dag.py
[2026-04-12T11:35:00.143+0000] {logging_mixin.py:190} INFO - [2026-04-12T11:35:00.143+0000] {dag.py:3239} INFO - Sync 2 DAGs
[2026-04-12T11:35:00.152+0000] {logging_mixin.py:190} INFO - [2026-04-12T11:35:00.152+0000] {dag.py:4180} INFO - Setting next_dagrun for example_external_task_marker_child to None, run_after=None
[2026-04-12T11:35:00.158+0000] {logging_mixin.py:190} INFO - [2026-04-12T11:35:00.158+0000] {dag.py:4180} INFO - Setting next_dagrun for example_external_task_marker_parent to None, run_after=None
[2026-04-12T11:35:00.172+0000] {processor.py:208} INFO - Processing /home/airflow/.local/lib/python3.12/site-packages/airflow/example_dags/example_external_task_marker_dag.py took 0.061 seconds
