[2026-04-12T11:12:29.650+0000] {processor.py:186} INFO - Started process (PID=225) to work on /home/airflow/.local/lib/python3.12/site-packages/airflow/example_dags/example_short_circuit_operator.py
[2026-04-12T11:12:29.651+0000] {processor.py:914} INFO - Processing file /home/airflow/.local/lib/python3.12/site-packages/airflow/example_dags/example_short_circuit_operator.py for tasks to queue
[2026-04-12T11:12:29.653+0000] {logging_mixin.py:190} INFO - [2026-04-12T11:12:29.653+0000] {dagbag.py:588} INFO - Filling up the DagBag from /home/airflow/.local/lib/python3.12/site-packages/airflow/example_dags/example_short_circuit_operator.py
[2026-04-12T11:12:29.662+0000] {processor.py:925} INFO - DAG(s) 'example_short_circuit_operator' retrieved from /home/airflow/.local/lib/python3.12/site-packages/airflow/example_dags/example_short_circuit_operator.py
[2026-04-12T11:12:29.755+0000] {logging_mixin.py:190} INFO - [2026-04-12T11:12:29.754+0000] {override.py:1912} INFO - Created Permission View: can edit on DAG:example_short_circuit_operator
[2026-04-12T11:12:29.769+0000] {logging_mixin.py:190} INFO - [2026-04-12T11:12:29.769+0000] {override.py:1912} INFO - Created Permission View: can delete on DAG:example_short_circuit_operator
[2026-04-12T11:12:29.779+0000] {logging_mixin.py:190} INFO - [2026-04-12T11:12:29.778+0000] {override.py:1912} INFO - Created Permission View: can read on DAG:example_short_circuit_operator
[2026-04-12T11:12:29.793+0000] {logging_mixin.py:190} INFO - [2026-04-12T11:12:29.793+0000] {override.py:1912} INFO - Created Permission View: can delete on DAG Run:example_short_circuit_operator
[2026-04-12T11:12:29.804+0000] {logging_mixin.py:190} INFO - [2026-04-12T11:12:29.804+0000] {override.py:1912} INFO - Created Permission View: can create on DAG Run:example_short_circuit_operator
[2026-04-12T11:12:29.816+0000] {logging_mixin.py:190} INFO - [2026-04-12T11:12:29.815+0000] {override.py:1912} INFO - Created Permission View: can read on DAG Run:example_short_circuit_operator
[2026-04-12T11:12:29.825+0000] {logging_mixin.py:190} INFO - [2026-04-12T11:12:29.825+0000] {override.py:1912} INFO - Created Permission View: menu access on DAG Run:example_short_circuit_operator
[2026-04-12T11:12:29.825+0000] {logging_mixin.py:190} INFO - [2026-04-12T11:12:29.825+0000] {dag.py:3239} INFO - Sync 1 DAGs
[2026-04-12T11:12:29.838+0000] {logging_mixin.py:190} INFO - [2026-04-12T11:12:29.838+0000] {dag.py:3262} INFO - Creating ORM DAG for example_short_circuit_operator
[2026-04-12T11:12:29.839+0000] {logging_mixin.py:190} INFO - [2026-04-12T11:12:29.838+0000] {dag.py:4180} INFO - Setting next_dagrun for example_short_circuit_operator to None, run_after=None
[2026-04-12T11:12:29.854+0000] {processor.py:208} INFO - Processing /home/airflow/.local/lib/python3.12/site-packages/airflow/example_dags/example_short_circuit_operator.py took 0.209 seconds
[2026-04-12T11:13:00.651+0000] {processor.py:186} INFO - Started process (PID=521) to work on /home/airflow/.local/lib/python3.12/site-packages/airflow/example_dags/example_short_circuit_operator.py
[2026-04-12T11:13:00.654+0000] {processor.py:914} INFO - Processing file /home/airflow/.local/lib/python3.12/site-packages/airflow/example_dags/example_short_circuit_operator.py for tasks to queue
[2026-04-12T11:13:00.656+0000] {logging_mixin.py:190} INFO - [2026-04-12T11:13:00.656+0000] {dagbag.py:588} INFO - Filling up the DagBag from /home/airflow/.local/lib/python3.12/site-packages/airflow/example_dags/example_short_circuit_operator.py
[2026-04-12T11:13:00.662+0000] {processor.py:925} INFO - DAG(s) 'example_short_circuit_operator' retrieved from /home/airflow/.local/lib/python3.12/site-packages/airflow/example_dags/example_short_circuit_operator.py
[2026-04-12T11:13:00.692+0000] {logging_mixin.py:190} INFO - [2026-04-12T11:13:00.692+0000] {dag.py:3239} INFO - Sync 1 DAGs
[2026-04-12T11:13:00.836+0000] {logging_mixin.py:190} INFO - [2026-04-12T11:13:00.829+0000] {dag.py:4180} INFO - Setting next_dagrun for example_short_circuit_operator to None, run_after=None
[2026-04-12T11:13:00.883+0000] {processor.py:208} INFO - Processing /home/airflow/.local/lib/python3.12/site-packages/airflow/example_dags/example_short_circuit_operator.py took 0.237 seconds
[2026-04-12T11:13:31.160+0000] {processor.py:186} INFO - Started process (PID=825) to work on /home/airflow/.local/lib/python3.12/site-packages/airflow/example_dags/example_short_circuit_operator.py
[2026-04-12T11:13:31.161+0000] {processor.py:914} INFO - Processing file /home/airflow/.local/lib/python3.12/site-packages/airflow/example_dags/example_short_circuit_operator.py for tasks to queue
[2026-04-12T11:13:31.162+0000] {logging_mixin.py:190} INFO - [2026-04-12T11:13:31.162+0000] {dagbag.py:588} INFO - Filling up the DagBag from /home/airflow/.local/lib/python3.12/site-packages/airflow/example_dags/example_short_circuit_operator.py
[2026-04-12T11:13:31.168+0000] {processor.py:925} INFO - DAG(s) 'example_short_circuit_operator' retrieved from /home/airflow/.local/lib/python3.12/site-packages/airflow/example_dags/example_short_circuit_operator.py
[2026-04-12T11:13:31.202+0000] {logging_mixin.py:190} INFO - [2026-04-12T11:13:31.202+0000] {dag.py:3239} INFO - Sync 1 DAGs
[2026-04-12T11:13:31.217+0000] {logging_mixin.py:190} INFO - [2026-04-12T11:13:31.217+0000] {dag.py:4180} INFO - Setting next_dagrun for example_short_circuit_operator to None, run_after=None
[2026-04-12T11:13:31.238+0000] {processor.py:208} INFO - Processing /home/airflow/.local/lib/python3.12/site-packages/airflow/example_dags/example_short_circuit_operator.py took 0.083 seconds
[2026-04-12T11:14:01.871+0000] {processor.py:186} INFO - Started process (PID=1119) to work on /home/airflow/.local/lib/python3.12/site-packages/airflow/example_dags/example_short_circuit_operator.py
[2026-04-12T11:14:01.872+0000] {processor.py:914} INFO - Processing file /home/airflow/.local/lib/python3.12/site-packages/airflow/example_dags/example_short_circuit_operator.py for tasks to queue
[2026-04-12T11:14:01.874+0000] {logging_mixin.py:190} INFO - [2026-04-12T11:14:01.873+0000] {dagbag.py:588} INFO - Filling up the DagBag from /home/airflow/.local/lib/python3.12/site-packages/airflow/example_dags/example_short_circuit_operator.py
[2026-04-12T11:14:01.879+0000] {processor.py:925} INFO - DAG(s) 'example_short_circuit_operator' retrieved from /home/airflow/.local/lib/python3.12/site-packages/airflow/example_dags/example_short_circuit_operator.py
[2026-04-12T11:14:01.899+0000] {logging_mixin.py:190} INFO - [2026-04-12T11:14:01.899+0000] {dag.py:3239} INFO - Sync 1 DAGs
[2026-04-12T11:14:01.910+0000] {logging_mixin.py:190} INFO - [2026-04-12T11:14:01.910+0000] {dag.py:4180} INFO - Setting next_dagrun for example_short_circuit_operator to None, run_after=None
[2026-04-12T11:14:01.929+0000] {processor.py:208} INFO - Processing /home/airflow/.local/lib/python3.12/site-packages/airflow/example_dags/example_short_circuit_operator.py took 0.062 seconds
[2026-04-12T11:14:32.429+0000] {processor.py:186} INFO - Started process (PID=1415) to work on /home/airflow/.local/lib/python3.12/site-packages/airflow/example_dags/example_short_circuit_operator.py
[2026-04-12T11:14:32.431+0000] {processor.py:914} INFO - Processing file /home/airflow/.local/lib/python3.12/site-packages/airflow/example_dags/example_short_circuit_operator.py for tasks to queue
[2026-04-12T11:14:32.432+0000] {logging_mixin.py:190} INFO - [2026-04-12T11:14:32.432+0000] {dagbag.py:588} INFO - Filling up the DagBag from /home/airflow/.local/lib/python3.12/site-packages/airflow/example_dags/example_short_circuit_operator.py
[2026-04-12T11:14:32.440+0000] {processor.py:925} INFO - DAG(s) 'example_short_circuit_operator' retrieved from /home/airflow/.local/lib/python3.12/site-packages/airflow/example_dags/example_short_circuit_operator.py
[2026-04-12T11:14:32.474+0000] {logging_mixin.py:190} INFO - [2026-04-12T11:14:32.474+0000] {dag.py:3239} INFO - Sync 1 DAGs
[2026-04-12T11:14:32.486+0000] {logging_mixin.py:190} INFO - [2026-04-12T11:14:32.485+0000] {dag.py:4180} INFO - Setting next_dagrun for example_short_circuit_operator to None, run_after=None
[2026-04-12T11:14:32.504+0000] {processor.py:208} INFO - Processing /home/airflow/.local/lib/python3.12/site-packages/airflow/example_dags/example_short_circuit_operator.py took 0.080 seconds
[2026-04-12T11:15:02.919+0000] {processor.py:186} INFO - Started process (PID=1714) to work on /home/airflow/.local/lib/python3.12/site-packages/airflow/example_dags/example_short_circuit_operator.py
[2026-04-12T11:15:02.920+0000] {processor.py:914} INFO - Processing file /home/airflow/.local/lib/python3.12/site-packages/airflow/example_dags/example_short_circuit_operator.py for tasks to queue
[2026-04-12T11:15:02.924+0000] {logging_mixin.py:190} INFO - [2026-04-12T11:15:02.923+0000] {dagbag.py:588} INFO - Filling up the DagBag from /home/airflow/.local/lib/python3.12/site-packages/airflow/example_dags/example_short_circuit_operator.py
[2026-04-12T11:15:02.930+0000] {processor.py:925} INFO - DAG(s) 'example_short_circuit_operator' retrieved from /home/airflow/.local/lib/python3.12/site-packages/airflow/example_dags/example_short_circuit_operator.py
[2026-04-12T11:15:02.949+0000] {logging_mixin.py:190} INFO - [2026-04-12T11:15:02.949+0000] {dag.py:3239} INFO - Sync 1 DAGs
[2026-04-12T11:15:02.963+0000] {logging_mixin.py:190} INFO - [2026-04-12T11:15:02.962+0000] {dag.py:4180} INFO - Setting next_dagrun for example_short_circuit_operator to None, run_after=None
[2026-04-12T11:15:03.107+0000] {processor.py:208} INFO - Processing /home/airflow/.local/lib/python3.12/site-packages/airflow/example_dags/example_short_circuit_operator.py took 0.193 seconds
[2026-04-12T11:15:33.324+0000] {processor.py:186} INFO - Started process (PID=2008) to work on /home/airflow/.local/lib/python3.12/site-packages/airflow/example_dags/example_short_circuit_operator.py
[2026-04-12T11:15:33.327+0000] {processor.py:914} INFO - Processing file /home/airflow/.local/lib/python3.12/site-packages/airflow/example_dags/example_short_circuit_operator.py for tasks to queue
[2026-04-12T11:15:33.328+0000] {logging_mixin.py:190} INFO - [2026-04-12T11:15:33.328+0000] {dagbag.py:588} INFO - Filling up the DagBag from /home/airflow/.local/lib/python3.12/site-packages/airflow/example_dags/example_short_circuit_operator.py
[2026-04-12T11:15:33.335+0000] {processor.py:925} INFO - DAG(s) 'example_short_circuit_operator' retrieved from /home/airflow/.local/lib/python3.12/site-packages/airflow/example_dags/example_short_circuit_operator.py
[2026-04-12T11:15:33.351+0000] {logging_mixin.py:190} INFO - [2026-04-12T11:15:33.351+0000] {dag.py:3239} INFO - Sync 1 DAGs
[2026-04-12T11:15:33.362+0000] {logging_mixin.py:190} INFO - [2026-04-12T11:15:33.361+0000] {dag.py:4180} INFO - Setting next_dagrun for example_short_circuit_operator to None, run_after=None
[2026-04-12T11:15:33.378+0000] {processor.py:208} INFO - Processing /home/airflow/.local/lib/python3.12/site-packages/airflow/example_dags/example_short_circuit_operator.py took 0.059 seconds
[2026-04-12T11:16:03.482+0000] {processor.py:186} INFO - Started process (PID=2304) to work on /home/airflow/.local/lib/python3.12/site-packages/airflow/example_dags/example_short_circuit_operator.py
[2026-04-12T11:16:03.483+0000] {processor.py:914} INFO - Processing file /home/airflow/.local/lib/python3.12/site-packages/airflow/example_dags/example_short_circuit_operator.py for tasks to queue
[2026-04-12T11:16:03.486+0000] {logging_mixin.py:190} INFO - [2026-04-12T11:16:03.485+0000] {dagbag.py:588} INFO - Filling up the DagBag from /home/airflow/.local/lib/python3.12/site-packages/airflow/example_dags/example_short_circuit_operator.py
[2026-04-12T11:16:03.493+0000] {processor.py:925} INFO - DAG(s) 'example_short_circuit_operator' retrieved from /home/airflow/.local/lib/python3.12/site-packages/airflow/example_dags/example_short_circuit_operator.py
[2026-04-12T11:16:03.542+0000] {logging_mixin.py:190} INFO - [2026-04-12T11:16:03.541+0000] {dag.py:3239} INFO - Sync 1 DAGs
[2026-04-12T11:16:03.555+0000] {logging_mixin.py:190} INFO - [2026-04-12T11:16:03.555+0000] {dag.py:4180} INFO - Setting next_dagrun for example_short_circuit_operator to None, run_after=None
[2026-04-12T11:16:03.569+0000] {processor.py:208} INFO - Processing /home/airflow/.local/lib/python3.12/site-packages/airflow/example_dags/example_short_circuit_operator.py took 0.093 seconds
[2026-04-12T11:16:33.931+0000] {processor.py:186} INFO - Started process (PID=2600) to work on /home/airflow/.local/lib/python3.12/site-packages/airflow/example_dags/example_short_circuit_operator.py
[2026-04-12T11:16:33.932+0000] {processor.py:914} INFO - Processing file /home/airflow/.local/lib/python3.12/site-packages/airflow/example_dags/example_short_circuit_operator.py for tasks to queue
[2026-04-12T11:16:33.933+0000] {logging_mixin.py:190} INFO - [2026-04-12T11:16:33.933+0000] {dagbag.py:588} INFO - Filling up the DagBag from /home/airflow/.local/lib/python3.12/site-packages/airflow/example_dags/example_short_circuit_operator.py
[2026-04-12T11:16:33.939+0000] {processor.py:925} INFO - DAG(s) 'example_short_circuit_operator' retrieved from /home/airflow/.local/lib/python3.12/site-packages/airflow/example_dags/example_short_circuit_operator.py
[2026-04-12T11:16:33.954+0000] {logging_mixin.py:190} INFO - [2026-04-12T11:16:33.953+0000] {dag.py:3239} INFO - Sync 1 DAGs
[2026-04-12T11:16:33.963+0000] {logging_mixin.py:190} INFO - [2026-04-12T11:16:33.963+0000] {dag.py:4180} INFO - Setting next_dagrun for example_short_circuit_operator to None, run_after=None
[2026-04-12T11:16:33.980+0000] {processor.py:208} INFO - Processing /home/airflow/.local/lib/python3.12/site-packages/airflow/example_dags/example_short_circuit_operator.py took 0.053 seconds
[2026-04-12T11:17:04.245+0000] {processor.py:186} INFO - Started process (PID=2908) to work on /home/airflow/.local/lib/python3.12/site-packages/airflow/example_dags/example_short_circuit_operator.py
[2026-04-12T11:17:04.246+0000] {processor.py:914} INFO - Processing file /home/airflow/.local/lib/python3.12/site-packages/airflow/example_dags/example_short_circuit_operator.py for tasks to queue
[2026-04-12T11:17:04.247+0000] {logging_mixin.py:190} INFO - [2026-04-12T11:17:04.247+0000] {dagbag.py:588} INFO - Filling up the DagBag from /home/airflow/.local/lib/python3.12/site-packages/airflow/example_dags/example_short_circuit_operator.py
[2026-04-12T11:17:04.253+0000] {processor.py:925} INFO - DAG(s) 'example_short_circuit_operator' retrieved from /home/airflow/.local/lib/python3.12/site-packages/airflow/example_dags/example_short_circuit_operator.py
[2026-04-12T11:17:04.268+0000] {logging_mixin.py:190} INFO - [2026-04-12T11:17:04.268+0000] {dag.py:3239} INFO - Sync 1 DAGs
[2026-04-12T11:17:04.277+0000] {logging_mixin.py:190} INFO - [2026-04-12T11:17:04.277+0000] {dag.py:4180} INFO - Setting next_dagrun for example_short_circuit_operator to None, run_after=None
[2026-04-12T11:17:04.287+0000] {processor.py:208} INFO - Processing /home/airflow/.local/lib/python3.12/site-packages/airflow/example_dags/example_short_circuit_operator.py took 0.046 seconds
[2026-04-12T11:17:35.087+0000] {processor.py:186} INFO - Started process (PID=3206) to work on /home/airflow/.local/lib/python3.12/site-packages/airflow/example_dags/example_short_circuit_operator.py
[2026-04-12T11:17:35.088+0000] {processor.py:914} INFO - Processing file /home/airflow/.local/lib/python3.12/site-packages/airflow/example_dags/example_short_circuit_operator.py for tasks to queue
[2026-04-12T11:17:35.090+0000] {logging_mixin.py:190} INFO - [2026-04-12T11:17:35.090+0000] {dagbag.py:588} INFO - Filling up the DagBag from /home/airflow/.local/lib/python3.12/site-packages/airflow/example_dags/example_short_circuit_operator.py
[2026-04-12T11:17:35.097+0000] {processor.py:925} INFO - DAG(s) 'example_short_circuit_operator' retrieved from /home/airflow/.local/lib/python3.12/site-packages/airflow/example_dags/example_short_circuit_operator.py
[2026-04-12T11:17:35.119+0000] {logging_mixin.py:190} INFO - [2026-04-12T11:17:35.118+0000] {dag.py:3239} INFO - Sync 1 DAGs
[2026-04-12T11:17:35.131+0000] {logging_mixin.py:190} INFO - [2026-04-12T11:17:35.131+0000] {dag.py:4180} INFO - Setting next_dagrun for example_short_circuit_operator to None, run_after=None
[2026-04-12T11:17:35.148+0000] {processor.py:208} INFO - Processing /home/airflow/.local/lib/python3.12/site-packages/airflow/example_dags/example_short_circuit_operator.py took 0.066 seconds
[2026-04-12T11:18:06.459+0000] {processor.py:186} INFO - Started process (PID=3503) to work on /home/airflow/.local/lib/python3.12/site-packages/airflow/example_dags/example_short_circuit_operator.py
[2026-04-12T11:18:06.462+0000] {processor.py:914} INFO - Processing file /home/airflow/.local/lib/python3.12/site-packages/airflow/example_dags/example_short_circuit_operator.py for tasks to queue
[2026-04-12T11:18:06.464+0000] {logging_mixin.py:190} INFO - [2026-04-12T11:18:06.464+0000] {dagbag.py:588} INFO - Filling up the DagBag from /home/airflow/.local/lib/python3.12/site-packages/airflow/example_dags/example_short_circuit_operator.py
[2026-04-12T11:18:06.487+0000] {processor.py:925} INFO - DAG(s) 'example_short_circuit_operator' retrieved from /home/airflow/.local/lib/python3.12/site-packages/airflow/example_dags/example_short_circuit_operator.py
[2026-04-12T11:18:06.539+0000] {logging_mixin.py:190} INFO - [2026-04-12T11:18:06.539+0000] {dag.py:3239} INFO - Sync 1 DAGs
[2026-04-12T11:18:06.576+0000] {logging_mixin.py:190} INFO - [2026-04-12T11:18:06.575+0000] {dag.py:4180} INFO - Setting next_dagrun for example_short_circuit_operator to None, run_after=None
[2026-04-12T11:18:06.631+0000] {processor.py:208} INFO - Processing /home/airflow/.local/lib/python3.12/site-packages/airflow/example_dags/example_short_circuit_operator.py took 0.181 seconds
[2026-04-12T11:18:37.003+0000] {processor.py:186} INFO - Started process (PID=3802) to work on /home/airflow/.local/lib/python3.12/site-packages/airflow/example_dags/example_short_circuit_operator.py
[2026-04-12T11:18:37.005+0000] {processor.py:914} INFO - Processing file /home/airflow/.local/lib/python3.12/site-packages/airflow/example_dags/example_short_circuit_operator.py for tasks to queue
[2026-04-12T11:18:37.006+0000] {logging_mixin.py:190} INFO - [2026-04-12T11:18:37.006+0000] {dagbag.py:588} INFO - Filling up the DagBag from /home/airflow/.local/lib/python3.12/site-packages/airflow/example_dags/example_short_circuit_operator.py
[2026-04-12T11:18:37.015+0000] {processor.py:925} INFO - DAG(s) 'example_short_circuit_operator' retrieved from /home/airflow/.local/lib/python3.12/site-packages/airflow/example_dags/example_short_circuit_operator.py
[2026-04-12T11:18:37.035+0000] {logging_mixin.py:190} INFO - [2026-04-12T11:18:37.035+0000] {dag.py:3239} INFO - Sync 1 DAGs
[2026-04-12T11:18:37.044+0000] {logging_mixin.py:190} INFO - [2026-04-12T11:18:37.044+0000] {dag.py:4180} INFO - Setting next_dagrun for example_short_circuit_operator to None, run_after=None
[2026-04-12T11:18:37.059+0000] {processor.py:208} INFO - Processing /home/airflow/.local/lib/python3.12/site-packages/airflow/example_dags/example_short_circuit_operator.py took 0.061 seconds
[2026-04-12T11:19:07.515+0000] {processor.py:186} INFO - Started process (PID=4113) to work on /home/airflow/.local/lib/python3.12/site-packages/airflow/example_dags/example_short_circuit_operator.py
[2026-04-12T11:19:07.516+0000] {processor.py:914} INFO - Processing file /home/airflow/.local/lib/python3.12/site-packages/airflow/example_dags/example_short_circuit_operator.py for tasks to queue
[2026-04-12T11:19:07.519+0000] {logging_mixin.py:190} INFO - [2026-04-12T11:19:07.519+0000] {dagbag.py:588} INFO - Filling up the DagBag from /home/airflow/.local/lib/python3.12/site-packages/airflow/example_dags/example_short_circuit_operator.py
[2026-04-12T11:19:07.526+0000] {processor.py:925} INFO - DAG(s) 'example_short_circuit_operator' retrieved from /home/airflow/.local/lib/python3.12/site-packages/airflow/example_dags/example_short_circuit_operator.py
[2026-04-12T11:19:07.542+0000] {logging_mixin.py:190} INFO - [2026-04-12T11:19:07.542+0000] {dag.py:3239} INFO - Sync 1 DAGs
[2026-04-12T11:19:07.552+0000] {logging_mixin.py:190} INFO - [2026-04-12T11:19:07.552+0000] {dag.py:4180} INFO - Setting next_dagrun for example_short_circuit_operator to None, run_after=None
[2026-04-12T11:19:07.572+0000] {processor.py:208} INFO - Processing /home/airflow/.local/lib/python3.12/site-packages/airflow/example_dags/example_short_circuit_operator.py took 0.062 seconds
[2026-04-12T11:19:38.373+0000] {processor.py:186} INFO - Started process (PID=4409) to work on /home/airflow/.local/lib/python3.12/site-packages/airflow/example_dags/example_short_circuit_operator.py
[2026-04-12T11:19:38.373+0000] {processor.py:914} INFO - Processing file /home/airflow/.local/lib/python3.12/site-packages/airflow/example_dags/example_short_circuit_operator.py for tasks to queue
[2026-04-12T11:19:38.375+0000] {logging_mixin.py:190} INFO - [2026-04-12T11:19:38.375+0000] {dagbag.py:588} INFO - Filling up the DagBag from /home/airflow/.local/lib/python3.12/site-packages/airflow/example_dags/example_short_circuit_operator.py
[2026-04-12T11:19:38.381+0000] {processor.py:925} INFO - DAG(s) 'example_short_circuit_operator' retrieved from /home/airflow/.local/lib/python3.12/site-packages/airflow/example_dags/example_short_circuit_operator.py
[2026-04-12T11:19:38.399+0000] {logging_mixin.py:190} INFO - [2026-04-12T11:19:38.398+0000] {dag.py:3239} INFO - Sync 1 DAGs
[2026-04-12T11:19:38.407+0000] {logging_mixin.py:190} INFO - [2026-04-12T11:19:38.407+0000] {dag.py:4180} INFO - Setting next_dagrun for example_short_circuit_operator to None, run_after=None
[2026-04-12T11:19:38.426+0000] {processor.py:208} INFO - Processing /home/airflow/.local/lib/python3.12/site-packages/airflow/example_dags/example_short_circuit_operator.py took 0.057 seconds
[2026-04-12T11:20:09.270+0000] {processor.py:186} INFO - Started process (PID=4705) to work on /home/airflow/.local/lib/python3.12/site-packages/airflow/example_dags/example_short_circuit_operator.py
[2026-04-12T11:20:09.271+0000] {processor.py:914} INFO - Processing file /home/airflow/.local/lib/python3.12/site-packages/airflow/example_dags/example_short_circuit_operator.py for tasks to queue
[2026-04-12T11:20:09.272+0000] {logging_mixin.py:190} INFO - [2026-04-12T11:20:09.272+0000] {dagbag.py:588} INFO - Filling up the DagBag from /home/airflow/.local/lib/python3.12/site-packages/airflow/example_dags/example_short_circuit_operator.py
[2026-04-12T11:20:09.278+0000] {processor.py:925} INFO - DAG(s) 'example_short_circuit_operator' retrieved from /home/airflow/.local/lib/python3.12/site-packages/airflow/example_dags/example_short_circuit_operator.py
[2026-04-12T11:20:09.293+0000] {logging_mixin.py:190} INFO - [2026-04-12T11:20:09.293+0000] {dag.py:3239} INFO - Sync 1 DAGs
[2026-04-12T11:20:09.304+0000] {logging_mixin.py:190} INFO - [2026-04-12T11:20:09.303+0000] {dag.py:4180} INFO - Setting next_dagrun for example_short_circuit_operator to None, run_after=None
[2026-04-12T11:20:09.321+0000] {processor.py:208} INFO - Processing /home/airflow/.local/lib/python3.12/site-packages/airflow/example_dags/example_short_circuit_operator.py took 0.055 seconds
[2026-04-12T11:20:40.224+0000] {processor.py:186} INFO - Started process (PID=5001) to work on /home/airflow/.local/lib/python3.12/site-packages/airflow/example_dags/example_short_circuit_operator.py
[2026-04-12T11:20:40.229+0000] {processor.py:914} INFO - Processing file /home/airflow/.local/lib/python3.12/site-packages/airflow/example_dags/example_short_circuit_operator.py for tasks to queue
[2026-04-12T11:20:40.232+0000] {logging_mixin.py:190} INFO - [2026-04-12T11:20:40.232+0000] {dagbag.py:588} INFO - Filling up the DagBag from /home/airflow/.local/lib/python3.12/site-packages/airflow/example_dags/example_short_circuit_operator.py
[2026-04-12T11:20:40.249+0000] {processor.py:925} INFO - DAG(s) 'example_short_circuit_operator' retrieved from /home/airflow/.local/lib/python3.12/site-packages/airflow/example_dags/example_short_circuit_operator.py
[2026-04-12T11:20:40.280+0000] {logging_mixin.py:190} INFO - [2026-04-12T11:20:40.280+0000] {dag.py:3239} INFO - Sync 1 DAGs
[2026-04-12T11:20:40.296+0000] {logging_mixin.py:190} INFO - [2026-04-12T11:20:40.296+0000] {dag.py:4180} INFO - Setting next_dagrun for example_short_circuit_operator to None, run_after=None
[2026-04-12T11:20:40.327+0000] {processor.py:208} INFO - Processing /home/airflow/.local/lib/python3.12/site-packages/airflow/example_dags/example_short_circuit_operator.py took 0.113 seconds
[2026-04-12T11:21:10.814+0000] {processor.py:186} INFO - Started process (PID=5297) to work on /home/airflow/.local/lib/python3.12/site-packages/airflow/example_dags/example_short_circuit_operator.py
[2026-04-12T11:21:10.820+0000] {processor.py:914} INFO - Processing file /home/airflow/.local/lib/python3.12/site-packages/airflow/example_dags/example_short_circuit_operator.py for tasks to queue
[2026-04-12T11:21:10.822+0000] {logging_mixin.py:190} INFO - [2026-04-12T11:21:10.822+0000] {dagbag.py:588} INFO - Filling up the DagBag from /home/airflow/.local/lib/python3.12/site-packages/airflow/example_dags/example_short_circuit_operator.py
[2026-04-12T11:21:10.828+0000] {processor.py:925} INFO - DAG(s) 'example_short_circuit_operator' retrieved from /home/airflow/.local/lib/python3.12/site-packages/airflow/example_dags/example_short_circuit_operator.py
[2026-04-12T11:21:10.848+0000] {logging_mixin.py:190} INFO - [2026-04-12T11:21:10.848+0000] {dag.py:3239} INFO - Sync 1 DAGs
[2026-04-12T11:21:10.859+0000] {logging_mixin.py:190} INFO - [2026-04-12T11:21:10.859+0000] {dag.py:4180} INFO - Setting next_dagrun for example_short_circuit_operator to None, run_after=None
[2026-04-12T11:21:10.873+0000] {processor.py:208} INFO - Processing /home/airflow/.local/lib/python3.12/site-packages/airflow/example_dags/example_short_circuit_operator.py took 0.062 seconds
[2026-04-12T11:21:41.509+0000] {processor.py:186} INFO - Started process (PID=5593) to work on /home/airflow/.local/lib/python3.12/site-packages/airflow/example_dags/example_short_circuit_operator.py
[2026-04-12T11:21:41.510+0000] {processor.py:914} INFO - Processing file /home/airflow/.local/lib/python3.12/site-packages/airflow/example_dags/example_short_circuit_operator.py for tasks to queue
[2026-04-12T11:21:41.512+0000] {logging_mixin.py:190} INFO - [2026-04-12T11:21:41.511+0000] {dagbag.py:588} INFO - Filling up the DagBag from /home/airflow/.local/lib/python3.12/site-packages/airflow/example_dags/example_short_circuit_operator.py
[2026-04-12T11:21:41.518+0000] {processor.py:925} INFO - DAG(s) 'example_short_circuit_operator' retrieved from /home/airflow/.local/lib/python3.12/site-packages/airflow/example_dags/example_short_circuit_operator.py
[2026-04-12T11:21:41.533+0000] {logging_mixin.py:190} INFO - [2026-04-12T11:21:41.533+0000] {dag.py:3239} INFO - Sync 1 DAGs
[2026-04-12T11:21:41.542+0000] {logging_mixin.py:190} INFO - [2026-04-12T11:21:41.542+0000] {dag.py:4180} INFO - Setting next_dagrun for example_short_circuit_operator to None, run_after=None
[2026-04-12T11:21:41.555+0000] {processor.py:208} INFO - Processing /home/airflow/.local/lib/python3.12/site-packages/airflow/example_dags/example_short_circuit_operator.py took 0.050 seconds
[2026-04-12T11:22:11.692+0000] {processor.py:186} INFO - Started process (PID=5889) to work on /home/airflow/.local/lib/python3.12/site-packages/airflow/example_dags/example_short_circuit_operator.py
[2026-04-12T11:22:11.694+0000] {processor.py:914} INFO - Processing file /home/airflow/.local/lib/python3.12/site-packages/airflow/example_dags/example_short_circuit_operator.py for tasks to queue
[2026-04-12T11:22:11.696+0000] {logging_mixin.py:190} INFO - [2026-04-12T11:22:11.696+0000] {dagbag.py:588} INFO - Filling up the DagBag from /home/airflow/.local/lib/python3.12/site-packages/airflow/example_dags/example_short_circuit_operator.py
[2026-04-12T11:22:11.704+0000] {processor.py:925} INFO - DAG(s) 'example_short_circuit_operator' retrieved from /home/airflow/.local/lib/python3.12/site-packages/airflow/example_dags/example_short_circuit_operator.py
[2026-04-12T11:22:11.723+0000] {logging_mixin.py:190} INFO - [2026-04-12T11:22:11.723+0000] {dag.py:3239} INFO - Sync 1 DAGs
[2026-04-12T11:22:11.731+0000] {logging_mixin.py:190} INFO - [2026-04-12T11:22:11.731+0000] {dag.py:4180} INFO - Setting next_dagrun for example_short_circuit_operator to None, run_after=None
[2026-04-12T11:22:11.747+0000] {processor.py:208} INFO - Processing /home/airflow/.local/lib/python3.12/site-packages/airflow/example_dags/example_short_circuit_operator.py took 0.058 seconds
[2026-04-12T11:22:41.930+0000] {processor.py:186} INFO - Started process (PID=6184) to work on /home/airflow/.local/lib/python3.12/site-packages/airflow/example_dags/example_short_circuit_operator.py
[2026-04-12T11:22:41.931+0000] {processor.py:914} INFO - Processing file /home/airflow/.local/lib/python3.12/site-packages/airflow/example_dags/example_short_circuit_operator.py for tasks to queue
[2026-04-12T11:22:41.933+0000] {logging_mixin.py:190} INFO - [2026-04-12T11:22:41.932+0000] {dagbag.py:588} INFO - Filling up the DagBag from /home/airflow/.local/lib/python3.12/site-packages/airflow/example_dags/example_short_circuit_operator.py
[2026-04-12T11:22:41.939+0000] {processor.py:925} INFO - DAG(s) 'example_short_circuit_operator' retrieved from /home/airflow/.local/lib/python3.12/site-packages/airflow/example_dags/example_short_circuit_operator.py
[2026-04-12T11:22:41.964+0000] {logging_mixin.py:190} INFO - [2026-04-12T11:22:41.963+0000] {dag.py:3239} INFO - Sync 1 DAGs
[2026-04-12T11:22:41.976+0000] {logging_mixin.py:190} INFO - [2026-04-12T11:22:41.976+0000] {dag.py:4180} INFO - Setting next_dagrun for example_short_circuit_operator to None, run_after=None
[2026-04-12T11:22:41.989+0000] {processor.py:208} INFO - Processing /home/airflow/.local/lib/python3.12/site-packages/airflow/example_dags/example_short_circuit_operator.py took 0.064 seconds
[2026-04-12T11:23:12.933+0000] {processor.py:186} INFO - Started process (PID=6480) to work on /home/airflow/.local/lib/python3.12/site-packages/airflow/example_dags/example_short_circuit_operator.py
[2026-04-12T11:23:12.935+0000] {processor.py:914} INFO - Processing file /home/airflow/.local/lib/python3.12/site-packages/airflow/example_dags/example_short_circuit_operator.py for tasks to queue
[2026-04-12T11:23:12.938+0000] {logging_mixin.py:190} INFO - [2026-04-12T11:23:12.938+0000] {dagbag.py:588} INFO - Filling up the DagBag from /home/airflow/.local/lib/python3.12/site-packages/airflow/example_dags/example_short_circuit_operator.py
[2026-04-12T11:23:12.944+0000] {processor.py:925} INFO - DAG(s) 'example_short_circuit_operator' retrieved from /home/airflow/.local/lib/python3.12/site-packages/airflow/example_dags/example_short_circuit_operator.py
[2026-04-12T11:23:12.969+0000] {logging_mixin.py:190} INFO - [2026-04-12T11:23:12.968+0000] {dag.py:3239} INFO - Sync 1 DAGs
[2026-04-12T11:23:12.983+0000] {logging_mixin.py:190} INFO - [2026-04-12T11:23:12.983+0000] {dag.py:4180} INFO - Setting next_dagrun for example_short_circuit_operator to None, run_after=None
[2026-04-12T11:23:13.001+0000] {processor.py:208} INFO - Processing /home/airflow/.local/lib/python3.12/site-packages/airflow/example_dags/example_short_circuit_operator.py took 0.071 seconds
[2026-04-12T11:23:43.652+0000] {processor.py:186} INFO - Started process (PID=6776) to work on /home/airflow/.local/lib/python3.12/site-packages/airflow/example_dags/example_short_circuit_operator.py
[2026-04-12T11:23:43.658+0000] {processor.py:914} INFO - Processing file /home/airflow/.local/lib/python3.12/site-packages/airflow/example_dags/example_short_circuit_operator.py for tasks to queue
[2026-04-12T11:23:43.661+0000] {logging_mixin.py:190} INFO - [2026-04-12T11:23:43.661+0000] {dagbag.py:588} INFO - Filling up the DagBag from /home/airflow/.local/lib/python3.12/site-packages/airflow/example_dags/example_short_circuit_operator.py
[2026-04-12T11:23:43.667+0000] {processor.py:925} INFO - DAG(s) 'example_short_circuit_operator' retrieved from /home/airflow/.local/lib/python3.12/site-packages/airflow/example_dags/example_short_circuit_operator.py
[2026-04-12T11:23:43.689+0000] {logging_mixin.py:190} INFO - [2026-04-12T11:23:43.689+0000] {dag.py:3239} INFO - Sync 1 DAGs
[2026-04-12T11:23:43.699+0000] {logging_mixin.py:190} INFO - [2026-04-12T11:23:43.699+0000] {dag.py:4180} INFO - Setting next_dagrun for example_short_circuit_operator to None, run_after=None
[2026-04-12T11:23:43.715+0000] {processor.py:208} INFO - Processing /home/airflow/.local/lib/python3.12/site-packages/airflow/example_dags/example_short_circuit_operator.py took 0.067 seconds
[2026-04-12T11:24:14.016+0000] {processor.py:186} INFO - Started process (PID=7074) to work on /home/airflow/.local/lib/python3.12/site-packages/airflow/example_dags/example_short_circuit_operator.py
[2026-04-12T11:24:14.017+0000] {processor.py:914} INFO - Processing file /home/airflow/.local/lib/python3.12/site-packages/airflow/example_dags/example_short_circuit_operator.py for tasks to queue
[2026-04-12T11:24:14.019+0000] {logging_mixin.py:190} INFO - [2026-04-12T11:24:14.019+0000] {dagbag.py:588} INFO - Filling up the DagBag from /home/airflow/.local/lib/python3.12/site-packages/airflow/example_dags/example_short_circuit_operator.py
[2026-04-12T11:24:14.025+0000] {processor.py:925} INFO - DAG(s) 'example_short_circuit_operator' retrieved from /home/airflow/.local/lib/python3.12/site-packages/airflow/example_dags/example_short_circuit_operator.py
[2026-04-12T11:24:14.044+0000] {logging_mixin.py:190} INFO - [2026-04-12T11:24:14.044+0000] {dag.py:3239} INFO - Sync 1 DAGs
[2026-04-12T11:24:14.057+0000] {logging_mixin.py:190} INFO - [2026-04-12T11:24:14.057+0000] {dag.py:4180} INFO - Setting next_dagrun for example_short_circuit_operator to None, run_after=None
[2026-04-12T11:24:14.070+0000] {processor.py:208} INFO - Processing /home/airflow/.local/lib/python3.12/site-packages/airflow/example_dags/example_short_circuit_operator.py took 0.059 seconds
[2026-04-12T11:24:45.031+0000] {processor.py:186} INFO - Started process (PID=7370) to work on /home/airflow/.local/lib/python3.12/site-packages/airflow/example_dags/example_short_circuit_operator.py
[2026-04-12T11:24:45.031+0000] {processor.py:914} INFO - Processing file /home/airflow/.local/lib/python3.12/site-packages/airflow/example_dags/example_short_circuit_operator.py for tasks to queue
[2026-04-12T11:24:45.033+0000] {logging_mixin.py:190} INFO - [2026-04-12T11:24:45.032+0000] {dagbag.py:588} INFO - Filling up the DagBag from /home/airflow/.local/lib/python3.12/site-packages/airflow/example_dags/example_short_circuit_operator.py
[2026-04-12T11:24:45.038+0000] {processor.py:925} INFO - DAG(s) 'example_short_circuit_operator' retrieved from /home/airflow/.local/lib/python3.12/site-packages/airflow/example_dags/example_short_circuit_operator.py
[2026-04-12T11:24:45.053+0000] {logging_mixin.py:190} INFO - [2026-04-12T11:24:45.053+0000] {dag.py:3239} INFO - Sync 1 DAGs
[2026-04-12T11:24:45.062+0000] {logging_mixin.py:190} INFO - [2026-04-12T11:24:45.062+0000] {dag.py:4180} INFO - Setting next_dagrun for example_short_circuit_operator to None, run_after=None
[2026-04-12T11:24:45.080+0000] {processor.py:208} INFO - Processing /home/airflow/.local/lib/python3.12/site-packages/airflow/example_dags/example_short_circuit_operator.py took 0.053 seconds
[2026-04-12T11:25:15.195+0000] {processor.py:186} INFO - Started process (PID=7664) to work on /home/airflow/.local/lib/python3.12/site-packages/airflow/example_dags/example_short_circuit_operator.py
[2026-04-12T11:25:15.196+0000] {processor.py:914} INFO - Processing file /home/airflow/.local/lib/python3.12/site-packages/airflow/example_dags/example_short_circuit_operator.py for tasks to queue
[2026-04-12T11:25:15.199+0000] {logging_mixin.py:190} INFO - [2026-04-12T11:25:15.199+0000] {dagbag.py:588} INFO - Filling up the DagBag from /home/airflow/.local/lib/python3.12/site-packages/airflow/example_dags/example_short_circuit_operator.py
[2026-04-12T11:25:15.206+0000] {processor.py:925} INFO - DAG(s) 'example_short_circuit_operator' retrieved from /home/airflow/.local/lib/python3.12/site-packages/airflow/example_dags/example_short_circuit_operator.py
[2026-04-12T11:25:15.227+0000] {logging_mixin.py:190} INFO - [2026-04-12T11:25:15.226+0000] {dag.py:3239} INFO - Sync 1 DAGs
[2026-04-12T11:25:15.238+0000] {logging_mixin.py:190} INFO - [2026-04-12T11:25:15.237+0000] {dag.py:4180} INFO - Setting next_dagrun for example_short_circuit_operator to None, run_after=None
[2026-04-12T11:25:15.249+0000] {processor.py:208} INFO - Processing /home/airflow/.local/lib/python3.12/site-packages/airflow/example_dags/example_short_circuit_operator.py took 0.058 seconds
[2026-04-12T11:25:45.395+0000] {processor.py:186} INFO - Started process (PID=7960) to work on /home/airflow/.local/lib/python3.12/site-packages/airflow/example_dags/example_short_circuit_operator.py
[2026-04-12T11:25:45.396+0000] {processor.py:914} INFO - Processing file /home/airflow/.local/lib/python3.12/site-packages/airflow/example_dags/example_short_circuit_operator.py for tasks to queue
[2026-04-12T11:25:45.398+0000] {logging_mixin.py:190} INFO - [2026-04-12T11:25:45.398+0000] {dagbag.py:588} INFO - Filling up the DagBag from /home/airflow/.local/lib/python3.12/site-packages/airflow/example_dags/example_short_circuit_operator.py
[2026-04-12T11:25:45.404+0000] {processor.py:925} INFO - DAG(s) 'example_short_circuit_operator' retrieved from /home/airflow/.local/lib/python3.12/site-packages/airflow/example_dags/example_short_circuit_operator.py
[2026-04-12T11:25:45.420+0000] {logging_mixin.py:190} INFO - [2026-04-12T11:25:45.420+0000] {dag.py:3239} INFO - Sync 1 DAGs
[2026-04-12T11:25:45.430+0000] {logging_mixin.py:190} INFO - [2026-04-12T11:25:45.430+0000] {dag.py:4180} INFO - Setting next_dagrun for example_short_circuit_operator to None, run_after=None
[2026-04-12T11:25:45.447+0000] {processor.py:208} INFO - Processing /home/airflow/.local/lib/python3.12/site-packages/airflow/example_dags/example_short_circuit_operator.py took 0.057 seconds
[2026-04-12T11:27:09.100+0000] {processor.py:186} INFO - Started process (PID=8135) to work on /home/airflow/.local/lib/python3.12/site-packages/airflow/example_dags/example_short_circuit_operator.py
[2026-04-12T11:27:09.101+0000] {processor.py:914} INFO - Processing file /home/airflow/.local/lib/python3.12/site-packages/airflow/example_dags/example_short_circuit_operator.py for tasks to queue
[2026-04-12T11:27:09.103+0000] {logging_mixin.py:190} INFO - [2026-04-12T11:27:09.103+0000] {dagbag.py:588} INFO - Filling up the DagBag from /home/airflow/.local/lib/python3.12/site-packages/airflow/example_dags/example_short_circuit_operator.py
[2026-04-12T11:27:09.116+0000] {processor.py:925} INFO - DAG(s) 'example_short_circuit_operator' retrieved from /home/airflow/.local/lib/python3.12/site-packages/airflow/example_dags/example_short_circuit_operator.py
[2026-04-12T11:27:09.137+0000] {logging_mixin.py:190} INFO - [2026-04-12T11:27:09.137+0000] {dag.py:3239} INFO - Sync 1 DAGs
[2026-04-12T11:27:09.150+0000] {logging_mixin.py:190} INFO - [2026-04-12T11:27:09.150+0000] {dag.py:4180} INFO - Setting next_dagrun for example_short_circuit_operator to None, run_after=None
[2026-04-12T11:27:09.160+0000] {processor.py:208} INFO - Processing /home/airflow/.local/lib/python3.12/site-packages/airflow/example_dags/example_short_circuit_operator.py took 0.067 seconds
[2026-04-12T11:29:45.108+0000] {processor.py:186} INFO - Started process (PID=8433) to work on /home/airflow/.local/lib/python3.12/site-packages/airflow/example_dags/example_short_circuit_operator.py
[2026-04-12T11:29:45.109+0000] {processor.py:914} INFO - Processing file /home/airflow/.local/lib/python3.12/site-packages/airflow/example_dags/example_short_circuit_operator.py for tasks to queue
[2026-04-12T11:29:45.110+0000] {logging_mixin.py:190} INFO - [2026-04-12T11:29:45.110+0000] {dagbag.py:588} INFO - Filling up the DagBag from /home/airflow/.local/lib/python3.12/site-packages/airflow/example_dags/example_short_circuit_operator.py
[2026-04-12T11:29:45.116+0000] {processor.py:925} INFO - DAG(s) 'example_short_circuit_operator' retrieved from /home/airflow/.local/lib/python3.12/site-packages/airflow/example_dags/example_short_circuit_operator.py
[2026-04-12T11:29:45.138+0000] {logging_mixin.py:190} INFO - [2026-04-12T11:29:45.138+0000] {dag.py:3239} INFO - Sync 1 DAGs
[2026-04-12T11:29:45.151+0000] {logging_mixin.py:190} INFO - [2026-04-12T11:29:45.150+0000] {dag.py:4180} INFO - Setting next_dagrun for example_short_circuit_operator to None, run_after=None
[2026-04-12T11:29:45.166+0000] {processor.py:208} INFO - Processing /home/airflow/.local/lib/python3.12/site-packages/airflow/example_dags/example_short_circuit_operator.py took 0.063 seconds
[2026-04-12T11:30:15.367+0000] {processor.py:186} INFO - Started process (PID=8727) to work on /home/airflow/.local/lib/python3.12/site-packages/airflow/example_dags/example_short_circuit_operator.py
[2026-04-12T11:30:15.369+0000] {processor.py:914} INFO - Processing file /home/airflow/.local/lib/python3.12/site-packages/airflow/example_dags/example_short_circuit_operator.py for tasks to queue
[2026-04-12T11:30:15.371+0000] {logging_mixin.py:190} INFO - [2026-04-12T11:30:15.371+0000] {dagbag.py:588} INFO - Filling up the DagBag from /home/airflow/.local/lib/python3.12/site-packages/airflow/example_dags/example_short_circuit_operator.py
[2026-04-12T11:30:15.378+0000] {processor.py:925} INFO - DAG(s) 'example_short_circuit_operator' retrieved from /home/airflow/.local/lib/python3.12/site-packages/airflow/example_dags/example_short_circuit_operator.py
[2026-04-12T11:30:15.401+0000] {logging_mixin.py:190} INFO - [2026-04-12T11:30:15.401+0000] {dag.py:3239} INFO - Sync 1 DAGs
[2026-04-12T11:30:15.411+0000] {logging_mixin.py:190} INFO - [2026-04-12T11:30:15.411+0000] {dag.py:4180} INFO - Setting next_dagrun for example_short_circuit_operator to None, run_after=None
[2026-04-12T11:30:15.424+0000] {processor.py:208} INFO - Processing /home/airflow/.local/lib/python3.12/site-packages/airflow/example_dags/example_short_circuit_operator.py took 0.060 seconds
[2026-04-12T11:30:45.719+0000] {processor.py:186} INFO - Started process (PID=9023) to work on /home/airflow/.local/lib/python3.12/site-packages/airflow/example_dags/example_short_circuit_operator.py
[2026-04-12T11:30:45.719+0000] {processor.py:914} INFO - Processing file /home/airflow/.local/lib/python3.12/site-packages/airflow/example_dags/example_short_circuit_operator.py for tasks to queue
[2026-04-12T11:30:45.721+0000] {logging_mixin.py:190} INFO - [2026-04-12T11:30:45.721+0000] {dagbag.py:588} INFO - Filling up the DagBag from /home/airflow/.local/lib/python3.12/site-packages/airflow/example_dags/example_short_circuit_operator.py
[2026-04-12T11:30:45.730+0000] {processor.py:925} INFO - DAG(s) 'example_short_circuit_operator' retrieved from /home/airflow/.local/lib/python3.12/site-packages/airflow/example_dags/example_short_circuit_operator.py
[2026-04-12T11:30:45.780+0000] {logging_mixin.py:190} INFO - [2026-04-12T11:30:45.779+0000] {dag.py:3239} INFO - Sync 1 DAGs
[2026-04-12T11:30:45.805+0000] {logging_mixin.py:190} INFO - [2026-04-12T11:30:45.804+0000] {dag.py:4180} INFO - Setting next_dagrun for example_short_circuit_operator to None, run_after=None
[2026-04-12T11:30:45.827+0000] {processor.py:208} INFO - Processing /home/airflow/.local/lib/python3.12/site-packages/airflow/example_dags/example_short_circuit_operator.py took 0.114 seconds
[2026-04-12T11:31:16.057+0000] {processor.py:186} INFO - Started process (PID=9318) to work on /home/airflow/.local/lib/python3.12/site-packages/airflow/example_dags/example_short_circuit_operator.py
[2026-04-12T11:31:16.058+0000] {processor.py:914} INFO - Processing file /home/airflow/.local/lib/python3.12/site-packages/airflow/example_dags/example_short_circuit_operator.py for tasks to queue
[2026-04-12T11:31:16.060+0000] {logging_mixin.py:190} INFO - [2026-04-12T11:31:16.060+0000] {dagbag.py:588} INFO - Filling up the DagBag from /home/airflow/.local/lib/python3.12/site-packages/airflow/example_dags/example_short_circuit_operator.py
[2026-04-12T11:31:16.071+0000] {processor.py:925} INFO - DAG(s) 'example_short_circuit_operator' retrieved from /home/airflow/.local/lib/python3.12/site-packages/airflow/example_dags/example_short_circuit_operator.py
[2026-04-12T11:31:16.097+0000] {logging_mixin.py:190} INFO - [2026-04-12T11:31:16.097+0000] {dag.py:3239} INFO - Sync 1 DAGs
[2026-04-12T11:31:16.110+0000] {logging_mixin.py:190} INFO - [2026-04-12T11:31:16.110+0000] {dag.py:4180} INFO - Setting next_dagrun for example_short_circuit_operator to None, run_after=None
[2026-04-12T11:31:16.130+0000] {processor.py:208} INFO - Processing /home/airflow/.local/lib/python3.12/site-packages/airflow/example_dags/example_short_circuit_operator.py took 0.077 seconds
[2026-04-12T11:31:46.474+0000] {processor.py:186} INFO - Started process (PID=9614) to work on /home/airflow/.local/lib/python3.12/site-packages/airflow/example_dags/example_short_circuit_operator.py
[2026-04-12T11:31:46.475+0000] {processor.py:914} INFO - Processing file /home/airflow/.local/lib/python3.12/site-packages/airflow/example_dags/example_short_circuit_operator.py for tasks to queue
[2026-04-12T11:31:46.477+0000] {logging_mixin.py:190} INFO - [2026-04-12T11:31:46.477+0000] {dagbag.py:588} INFO - Filling up the DagBag from /home/airflow/.local/lib/python3.12/site-packages/airflow/example_dags/example_short_circuit_operator.py
[2026-04-12T11:31:46.482+0000] {processor.py:925} INFO - DAG(s) 'example_short_circuit_operator' retrieved from /home/airflow/.local/lib/python3.12/site-packages/airflow/example_dags/example_short_circuit_operator.py
[2026-04-12T11:31:46.509+0000] {logging_mixin.py:190} INFO - [2026-04-12T11:31:46.509+0000] {dag.py:3239} INFO - Sync 1 DAGs
[2026-04-12T11:31:46.519+0000] {logging_mixin.py:190} INFO - [2026-04-12T11:31:46.519+0000] {dag.py:4180} INFO - Setting next_dagrun for example_short_circuit_operator to None, run_after=None
[2026-04-12T11:31:46.537+0000] {processor.py:208} INFO - Processing /home/airflow/.local/lib/python3.12/site-packages/airflow/example_dags/example_short_circuit_operator.py took 0.069 seconds
[2026-04-12T11:32:17.598+0000] {processor.py:186} INFO - Started process (PID=9912) to work on /home/airflow/.local/lib/python3.12/site-packages/airflow/example_dags/example_short_circuit_operator.py
[2026-04-12T11:32:17.599+0000] {processor.py:914} INFO - Processing file /home/airflow/.local/lib/python3.12/site-packages/airflow/example_dags/example_short_circuit_operator.py for tasks to queue
[2026-04-12T11:32:17.601+0000] {logging_mixin.py:190} INFO - [2026-04-12T11:32:17.601+0000] {dagbag.py:588} INFO - Filling up the DagBag from /home/airflow/.local/lib/python3.12/site-packages/airflow/example_dags/example_short_circuit_operator.py
[2026-04-12T11:32:17.608+0000] {processor.py:925} INFO - DAG(s) 'example_short_circuit_operator' retrieved from /home/airflow/.local/lib/python3.12/site-packages/airflow/example_dags/example_short_circuit_operator.py
[2026-04-12T11:32:17.625+0000] {logging_mixin.py:190} INFO - [2026-04-12T11:32:17.624+0000] {dag.py:3239} INFO - Sync 1 DAGs
[2026-04-12T11:32:17.634+0000] {logging_mixin.py:190} INFO - [2026-04-12T11:32:17.634+0000] {dag.py:4180} INFO - Setting next_dagrun for example_short_circuit_operator to None, run_after=None
[2026-04-12T11:32:17.651+0000] {processor.py:208} INFO - Processing /home/airflow/.local/lib/python3.12/site-packages/airflow/example_dags/example_short_circuit_operator.py took 0.057 seconds
[2026-04-12T11:32:48.680+0000] {processor.py:186} INFO - Started process (PID=10206) to work on /home/airflow/.local/lib/python3.12/site-packages/airflow/example_dags/example_short_circuit_operator.py
[2026-04-12T11:32:48.682+0000] {processor.py:914} INFO - Processing file /home/airflow/.local/lib/python3.12/site-packages/airflow/example_dags/example_short_circuit_operator.py for tasks to queue
[2026-04-12T11:32:48.685+0000] {logging_mixin.py:190} INFO - [2026-04-12T11:32:48.685+0000] {dagbag.py:588} INFO - Filling up the DagBag from /home/airflow/.local/lib/python3.12/site-packages/airflow/example_dags/example_short_circuit_operator.py
[2026-04-12T11:32:48.694+0000] {processor.py:925} INFO - DAG(s) 'example_short_circuit_operator' retrieved from /home/airflow/.local/lib/python3.12/site-packages/airflow/example_dags/example_short_circuit_operator.py
[2026-04-12T11:32:48.715+0000] {logging_mixin.py:190} INFO - [2026-04-12T11:32:48.715+0000] {dag.py:3239} INFO - Sync 1 DAGs
[2026-04-12T11:32:48.728+0000] {logging_mixin.py:190} INFO - [2026-04-12T11:32:48.728+0000] {dag.py:4180} INFO - Setting next_dagrun for example_short_circuit_operator to None, run_after=None
[2026-04-12T11:32:48.744+0000] {processor.py:208} INFO - Processing /home/airflow/.local/lib/python3.12/site-packages/airflow/example_dags/example_short_circuit_operator.py took 0.068 seconds
[2026-04-12T11:33:19.654+0000] {processor.py:186} INFO - Started process (PID=10504) to work on /home/airflow/.local/lib/python3.12/site-packages/airflow/example_dags/example_short_circuit_operator.py
[2026-04-12T11:33:19.655+0000] {processor.py:914} INFO - Processing file /home/airflow/.local/lib/python3.12/site-packages/airflow/example_dags/example_short_circuit_operator.py for tasks to queue
[2026-04-12T11:33:19.656+0000] {logging_mixin.py:190} INFO - [2026-04-12T11:33:19.656+0000] {dagbag.py:588} INFO - Filling up the DagBag from /home/airflow/.local/lib/python3.12/site-packages/airflow/example_dags/example_short_circuit_operator.py
[2026-04-12T11:33:19.662+0000] {processor.py:925} INFO - DAG(s) 'example_short_circuit_operator' retrieved from /home/airflow/.local/lib/python3.12/site-packages/airflow/example_dags/example_short_circuit_operator.py
[2026-04-12T11:33:19.676+0000] {logging_mixin.py:190} INFO - [2026-04-12T11:33:19.676+0000] {dag.py:3239} INFO - Sync 1 DAGs
[2026-04-12T11:33:19.684+0000] {logging_mixin.py:190} INFO - [2026-04-12T11:33:19.684+0000] {dag.py:4180} INFO - Setting next_dagrun for example_short_circuit_operator to None, run_after=None
[2026-04-12T11:33:19.694+0000] {processor.py:208} INFO - Processing /home/airflow/.local/lib/python3.12/site-packages/airflow/example_dags/example_short_circuit_operator.py took 0.044 seconds
[2026-04-12T11:33:50.494+0000] {processor.py:186} INFO - Started process (PID=10799) to work on /home/airflow/.local/lib/python3.12/site-packages/airflow/example_dags/example_short_circuit_operator.py
[2026-04-12T11:33:50.495+0000] {processor.py:914} INFO - Processing file /home/airflow/.local/lib/python3.12/site-packages/airflow/example_dags/example_short_circuit_operator.py for tasks to queue
[2026-04-12T11:33:50.497+0000] {logging_mixin.py:190} INFO - [2026-04-12T11:33:50.496+0000] {dagbag.py:588} INFO - Filling up the DagBag from /home/airflow/.local/lib/python3.12/site-packages/airflow/example_dags/example_short_circuit_operator.py
[2026-04-12T11:33:50.503+0000] {processor.py:925} INFO - DAG(s) 'example_short_circuit_operator' retrieved from /home/airflow/.local/lib/python3.12/site-packages/airflow/example_dags/example_short_circuit_operator.py
[2026-04-12T11:33:50.521+0000] {logging_mixin.py:190} INFO - [2026-04-12T11:33:50.521+0000] {dag.py:3239} INFO - Sync 1 DAGs
[2026-04-12T11:33:50.531+0000] {logging_mixin.py:190} INFO - [2026-04-12T11:33:50.531+0000] {dag.py:4180} INFO - Setting next_dagrun for example_short_circuit_operator to None, run_after=None
[2026-04-12T11:33:50.543+0000] {processor.py:208} INFO - Processing /home/airflow/.local/lib/python3.12/site-packages/airflow/example_dags/example_short_circuit_operator.py took 0.054 seconds
[2026-04-12T11:34:21.522+0000] {processor.py:186} INFO - Started process (PID=11095) to work on /home/airflow/.local/lib/python3.12/site-packages/airflow/example_dags/example_short_circuit_operator.py
[2026-04-12T11:34:21.523+0000] {processor.py:914} INFO - Processing file /home/airflow/.local/lib/python3.12/site-packages/airflow/example_dags/example_short_circuit_operator.py for tasks to queue
[2026-04-12T11:34:21.525+0000] {logging_mixin.py:190} INFO - [2026-04-12T11:34:21.524+0000] {dagbag.py:588} INFO - Filling up the DagBag from /home/airflow/.local/lib/python3.12/site-packages/airflow/example_dags/example_short_circuit_operator.py
[2026-04-12T11:34:21.530+0000] {processor.py:925} INFO - DAG(s) 'example_short_circuit_operator' retrieved from /home/airflow/.local/lib/python3.12/site-packages/airflow/example_dags/example_short_circuit_operator.py
[2026-04-12T11:34:21.552+0000] {logging_mixin.py:190} INFO - [2026-04-12T11:34:21.552+0000] {dag.py:3239} INFO - Sync 1 DAGs
[2026-04-12T11:34:21.562+0000] {logging_mixin.py:190} INFO - [2026-04-12T11:34:21.562+0000] {dag.py:4180} INFO - Setting next_dagrun for example_short_circuit_operator to None, run_after=None
[2026-04-12T11:34:21.591+0000] {processor.py:208} INFO - Processing /home/airflow/.local/lib/python3.12/site-packages/airflow/example_dags/example_short_circuit_operator.py took 0.073 seconds
[2026-04-12T11:34:52.430+0000] {processor.py:186} INFO - Started process (PID=11391) to work on /home/airflow/.local/lib/python3.12/site-packages/airflow/example_dags/example_short_circuit_operator.py
[2026-04-12T11:34:52.431+0000] {processor.py:914} INFO - Processing file /home/airflow/.local/lib/python3.12/site-packages/airflow/example_dags/example_short_circuit_operator.py for tasks to queue
[2026-04-12T11:34:52.432+0000] {logging_mixin.py:190} INFO - [2026-04-12T11:34:52.432+0000] {dagbag.py:588} INFO - Filling up the DagBag from /home/airflow/.local/lib/python3.12/site-packages/airflow/example_dags/example_short_circuit_operator.py
[2026-04-12T11:34:52.438+0000] {processor.py:925} INFO - DAG(s) 'example_short_circuit_operator' retrieved from /home/airflow/.local/lib/python3.12/site-packages/airflow/example_dags/example_short_circuit_operator.py
[2026-04-12T11:34:52.457+0000] {logging_mixin.py:190} INFO - [2026-04-12T11:34:52.457+0000] {dag.py:3239} INFO - Sync 1 DAGs
[2026-04-12T11:34:52.467+0000] {logging_mixin.py:190} INFO - [2026-04-12T11:34:52.467+0000] {dag.py:4180} INFO - Setting next_dagrun for example_short_circuit_operator to None, run_after=None
[2026-04-12T11:34:52.485+0000] {processor.py:208} INFO - Processing /home/airflow/.local/lib/python3.12/site-packages/airflow/example_dags/example_short_circuit_operator.py took 0.059 seconds
