[2026-04-12T11:12:30.425+0000] {processor.py:186} INFO - Started process (PID=250) to work on /home/airflow/.local/lib/python3.12/site-packages/airflow/example_dags/example_kubernetes_executor.py
[2026-04-12T11:12:30.426+0000] {processor.py:914} INFO - Processing file /home/airflow/.local/lib/python3.12/site-packages/airflow/example_dags/example_kubernetes_executor.py for tasks to queue
[2026-04-12T11:12:30.428+0000] {logging_mixin.py:190} INFO - [2026-04-12T11:12:30.427+0000] {dagbag.py:588} INFO - Filling up the DagBag from /home/airflow/.local/lib/python3.12/site-packages/airflow/example_dags/example_kubernetes_executor.py
[2026-04-12T11:12:30.446+0000] {processor.py:925} INFO - DAG(s) 'example_kubernetes_executor' retrieved from /home/airflow/.local/lib/python3.12/site-packages/airflow/example_dags/example_kubernetes_executor.py
[2026-04-12T11:12:30.552+0000] {logging_mixin.py:190} INFO - [2026-04-12T11:12:30.550+0000] {override.py:1912} INFO - Created Permission View: can edit on DAG:example_kubernetes_executor
[2026-04-12T11:12:30.565+0000] {logging_mixin.py:190} INFO - [2026-04-12T11:12:30.565+0000] {override.py:1912} INFO - Created Permission View: can delete on DAG:example_kubernetes_executor
[2026-04-12T11:12:30.577+0000] {logging_mixin.py:190} INFO - [2026-04-12T11:12:30.577+0000] {override.py:1912} INFO - Created Permission View: can read on DAG:example_kubernetes_executor
[2026-04-12T11:12:30.588+0000] {logging_mixin.py:190} INFO - [2026-04-12T11:12:30.588+0000] {override.py:1912} INFO - Created Permission View: can delete on DAG Run:example_kubernetes_executor
[2026-04-12T11:12:30.603+0000] {logging_mixin.py:190} INFO - [2026-04-12T11:12:30.602+0000] {override.py:1912} INFO - Created Permission View: can create on DAG Run:example_kubernetes_executor
[2026-04-12T11:12:30.621+0000] {logging_mixin.py:190} INFO - [2026-04-12T11:12:30.621+0000] {override.py:1912} INFO - Created Permission View: can read on DAG Run:example_kubernetes_executor
[2026-04-12T11:12:30.631+0000] {logging_mixin.py:190} INFO - [2026-04-12T11:12:30.631+0000] {override.py:1912} INFO - Created Permission View: menu access on DAG Run:example_kubernetes_executor
[2026-04-12T11:12:30.632+0000] {logging_mixin.py:190} INFO - [2026-04-12T11:12:30.632+0000] {dag.py:3239} INFO - Sync 1 DAGs
[2026-04-12T11:12:30.655+0000] {logging_mixin.py:190} INFO - [2026-04-12T11:12:30.655+0000] {dag.py:3262} INFO - Creating ORM DAG for example_kubernetes_executor
[2026-04-12T11:12:30.658+0000] {logging_mixin.py:190} INFO - [2026-04-12T11:12:30.657+0000] {dag.py:4180} INFO - Setting next_dagrun for example_kubernetes_executor to None, run_after=None
[2026-04-12T11:12:30.682+0000] {processor.py:208} INFO - Processing /home/airflow/.local/lib/python3.12/site-packages/airflow/example_dags/example_kubernetes_executor.py took 0.262 seconds
[2026-04-12T11:13:01.081+0000] {processor.py:186} INFO - Started process (PID=551) to work on /home/airflow/.local/lib/python3.12/site-packages/airflow/example_dags/example_kubernetes_executor.py
[2026-04-12T11:13:01.082+0000] {processor.py:914} INFO - Processing file /home/airflow/.local/lib/python3.12/site-packages/airflow/example_dags/example_kubernetes_executor.py for tasks to queue
[2026-04-12T11:13:01.083+0000] {logging_mixin.py:190} INFO - [2026-04-12T11:13:01.083+0000] {dagbag.py:588} INFO - Filling up the DagBag from /home/airflow/.local/lib/python3.12/site-packages/airflow/example_dags/example_kubernetes_executor.py
[2026-04-12T11:13:01.096+0000] {processor.py:925} INFO - DAG(s) 'example_kubernetes_executor' retrieved from /home/airflow/.local/lib/python3.12/site-packages/airflow/example_dags/example_kubernetes_executor.py
[2026-04-12T11:13:01.120+0000] {logging_mixin.py:190} INFO - [2026-04-12T11:13:01.120+0000] {dag.py:3239} INFO - Sync 1 DAGs
[2026-04-12T11:13:01.135+0000] {logging_mixin.py:190} INFO - [2026-04-12T11:13:01.135+0000] {dag.py:4180} INFO - Setting next_dagrun for example_kubernetes_executor to None, run_after=None
[2026-04-12T11:13:01.156+0000] {processor.py:208} INFO - Processing /home/airflow/.local/lib/python3.12/site-packages/airflow/example_dags/example_kubernetes_executor.py took 0.079 seconds
[2026-04-12T11:13:31.421+0000] {processor.py:186} INFO - Started process (PID=848) to work on /home/airflow/.local/lib/python3.12/site-packages/airflow/example_dags/example_kubernetes_executor.py
[2026-04-12T11:13:31.422+0000] {processor.py:914} INFO - Processing file /home/airflow/.local/lib/python3.12/site-packages/airflow/example_dags/example_kubernetes_executor.py for tasks to queue
[2026-04-12T11:13:31.424+0000] {logging_mixin.py:190} INFO - [2026-04-12T11:13:31.424+0000] {dagbag.py:588} INFO - Filling up the DagBag from /home/airflow/.local/lib/python3.12/site-packages/airflow/example_dags/example_kubernetes_executor.py
[2026-04-12T11:13:31.442+0000] {processor.py:925} INFO - DAG(s) 'example_kubernetes_executor' retrieved from /home/airflow/.local/lib/python3.12/site-packages/airflow/example_dags/example_kubernetes_executor.py
[2026-04-12T11:13:31.467+0000] {logging_mixin.py:190} INFO - [2026-04-12T11:13:31.467+0000] {dag.py:3239} INFO - Sync 1 DAGs
[2026-04-12T11:13:31.484+0000] {logging_mixin.py:190} INFO - [2026-04-12T11:13:31.484+0000] {dag.py:4180} INFO - Setting next_dagrun for example_kubernetes_executor to None, run_after=None
[2026-04-12T11:13:31.503+0000] {processor.py:208} INFO - Processing /home/airflow/.local/lib/python3.12/site-packages/airflow/example_dags/example_kubernetes_executor.py took 0.087 seconds
[2026-04-12T11:14:02.072+0000] {processor.py:186} INFO - Started process (PID=1144) to work on /home/airflow/.local/lib/python3.12/site-packages/airflow/example_dags/example_kubernetes_executor.py
[2026-04-12T11:14:02.076+0000] {processor.py:914} INFO - Processing file /home/airflow/.local/lib/python3.12/site-packages/airflow/example_dags/example_kubernetes_executor.py for tasks to queue
[2026-04-12T11:14:02.078+0000] {logging_mixin.py:190} INFO - [2026-04-12T11:14:02.078+0000] {dagbag.py:588} INFO - Filling up the DagBag from /home/airflow/.local/lib/python3.12/site-packages/airflow/example_dags/example_kubernetes_executor.py
[2026-04-12T11:14:02.087+0000] {processor.py:925} INFO - DAG(s) 'example_kubernetes_executor' retrieved from /home/airflow/.local/lib/python3.12/site-packages/airflow/example_dags/example_kubernetes_executor.py
[2026-04-12T11:14:02.111+0000] {logging_mixin.py:190} INFO - [2026-04-12T11:14:02.111+0000] {dag.py:3239} INFO - Sync 1 DAGs
[2026-04-12T11:14:02.125+0000] {logging_mixin.py:190} INFO - [2026-04-12T11:14:02.125+0000] {dag.py:4180} INFO - Setting next_dagrun for example_kubernetes_executor to None, run_after=None
[2026-04-12T11:14:02.145+0000] {processor.py:208} INFO - Processing /home/airflow/.local/lib/python3.12/site-packages/airflow/example_dags/example_kubernetes_executor.py took 0.076 seconds
[2026-04-12T11:14:32.786+0000] {processor.py:186} INFO - Started process (PID=1440) to work on /home/airflow/.local/lib/python3.12/site-packages/airflow/example_dags/example_kubernetes_executor.py
[2026-04-12T11:14:32.789+0000] {processor.py:914} INFO - Processing file /home/airflow/.local/lib/python3.12/site-packages/airflow/example_dags/example_kubernetes_executor.py for tasks to queue
[2026-04-12T11:14:32.793+0000] {logging_mixin.py:190} INFO - [2026-04-12T11:14:32.793+0000] {dagbag.py:588} INFO - Filling up the DagBag from /home/airflow/.local/lib/python3.12/site-packages/airflow/example_dags/example_kubernetes_executor.py
[2026-04-12T11:14:32.841+0000] {processor.py:925} INFO - DAG(s) 'example_kubernetes_executor' retrieved from /home/airflow/.local/lib/python3.12/site-packages/airflow/example_dags/example_kubernetes_executor.py
[2026-04-12T11:14:32.892+0000] {logging_mixin.py:190} INFO - [2026-04-12T11:14:32.891+0000] {dag.py:3239} INFO - Sync 1 DAGs
[2026-04-12T11:14:32.924+0000] {logging_mixin.py:190} INFO - [2026-04-12T11:14:32.924+0000] {dag.py:4180} INFO - Setting next_dagrun for example_kubernetes_executor to None, run_after=None
[2026-04-12T11:14:32.965+0000] {processor.py:208} INFO - Processing /home/airflow/.local/lib/python3.12/site-packages/airflow/example_dags/example_kubernetes_executor.py took 0.188 seconds
[2026-04-12T11:15:03.279+0000] {processor.py:186} INFO - Started process (PID=1737) to work on /home/airflow/.local/lib/python3.12/site-packages/airflow/example_dags/example_kubernetes_executor.py
[2026-04-12T11:15:03.280+0000] {processor.py:914} INFO - Processing file /home/airflow/.local/lib/python3.12/site-packages/airflow/example_dags/example_kubernetes_executor.py for tasks to queue
[2026-04-12T11:15:03.281+0000] {logging_mixin.py:190} INFO - [2026-04-12T11:15:03.281+0000] {dagbag.py:588} INFO - Filling up the DagBag from /home/airflow/.local/lib/python3.12/site-packages/airflow/example_dags/example_kubernetes_executor.py
[2026-04-12T11:15:03.295+0000] {processor.py:925} INFO - DAG(s) 'example_kubernetes_executor' retrieved from /home/airflow/.local/lib/python3.12/site-packages/airflow/example_dags/example_kubernetes_executor.py
[2026-04-12T11:15:03.315+0000] {logging_mixin.py:190} INFO - [2026-04-12T11:15:03.315+0000] {dag.py:3239} INFO - Sync 1 DAGs
[2026-04-12T11:15:03.327+0000] {logging_mixin.py:190} INFO - [2026-04-12T11:15:03.327+0000] {dag.py:4180} INFO - Setting next_dagrun for example_kubernetes_executor to None, run_after=None
[2026-04-12T11:15:03.340+0000] {processor.py:208} INFO - Processing /home/airflow/.local/lib/python3.12/site-packages/airflow/example_dags/example_kubernetes_executor.py took 0.066 seconds
[2026-04-12T11:15:33.548+0000] {processor.py:186} INFO - Started process (PID=2033) to work on /home/airflow/.local/lib/python3.12/site-packages/airflow/example_dags/example_kubernetes_executor.py
[2026-04-12T11:15:33.550+0000] {processor.py:914} INFO - Processing file /home/airflow/.local/lib/python3.12/site-packages/airflow/example_dags/example_kubernetes_executor.py for tasks to queue
[2026-04-12T11:15:33.552+0000] {logging_mixin.py:190} INFO - [2026-04-12T11:15:33.552+0000] {dagbag.py:588} INFO - Filling up the DagBag from /home/airflow/.local/lib/python3.12/site-packages/airflow/example_dags/example_kubernetes_executor.py
[2026-04-12T11:15:33.568+0000] {processor.py:925} INFO - DAG(s) 'example_kubernetes_executor' retrieved from /home/airflow/.local/lib/python3.12/site-packages/airflow/example_dags/example_kubernetes_executor.py
[2026-04-12T11:15:33.594+0000] {logging_mixin.py:190} INFO - [2026-04-12T11:15:33.594+0000] {dag.py:3239} INFO - Sync 1 DAGs
[2026-04-12T11:15:33.610+0000] {logging_mixin.py:190} INFO - [2026-04-12T11:15:33.610+0000] {dag.py:4180} INFO - Setting next_dagrun for example_kubernetes_executor to None, run_after=None
[2026-04-12T11:15:33.627+0000] {processor.py:208} INFO - Processing /home/airflow/.local/lib/python3.12/site-packages/airflow/example_dags/example_kubernetes_executor.py took 0.084 seconds
[2026-04-12T11:16:03.953+0000] {processor.py:186} INFO - Started process (PID=2329) to work on /home/airflow/.local/lib/python3.12/site-packages/airflow/example_dags/example_kubernetes_executor.py
[2026-04-12T11:16:03.954+0000] {processor.py:914} INFO - Processing file /home/airflow/.local/lib/python3.12/site-packages/airflow/example_dags/example_kubernetes_executor.py for tasks to queue
[2026-04-12T11:16:03.958+0000] {logging_mixin.py:190} INFO - [2026-04-12T11:16:03.957+0000] {dagbag.py:588} INFO - Filling up the DagBag from /home/airflow/.local/lib/python3.12/site-packages/airflow/example_dags/example_kubernetes_executor.py
[2026-04-12T11:16:03.977+0000] {processor.py:925} INFO - DAG(s) 'example_kubernetes_executor' retrieved from /home/airflow/.local/lib/python3.12/site-packages/airflow/example_dags/example_kubernetes_executor.py
[2026-04-12T11:16:04.000+0000] {logging_mixin.py:190} INFO - [2026-04-12T11:16:04.000+0000] {dag.py:3239} INFO - Sync 1 DAGs
[2026-04-12T11:16:04.016+0000] {logging_mixin.py:190} INFO - [2026-04-12T11:16:04.016+0000] {dag.py:4180} INFO - Setting next_dagrun for example_kubernetes_executor to None, run_after=None
[2026-04-12T11:16:04.059+0000] {processor.py:208} INFO - Processing /home/airflow/.local/lib/python3.12/site-packages/airflow/example_dags/example_kubernetes_executor.py took 0.114 seconds
[2026-04-12T11:16:34.183+0000] {processor.py:186} INFO - Started process (PID=2625) to work on /home/airflow/.local/lib/python3.12/site-packages/airflow/example_dags/example_kubernetes_executor.py
[2026-04-12T11:16:34.188+0000] {processor.py:914} INFO - Processing file /home/airflow/.local/lib/python3.12/site-packages/airflow/example_dags/example_kubernetes_executor.py for tasks to queue
[2026-04-12T11:16:34.189+0000] {logging_mixin.py:190} INFO - [2026-04-12T11:16:34.189+0000] {dagbag.py:588} INFO - Filling up the DagBag from /home/airflow/.local/lib/python3.12/site-packages/airflow/example_dags/example_kubernetes_executor.py
[2026-04-12T11:16:34.199+0000] {processor.py:925} INFO - DAG(s) 'example_kubernetes_executor' retrieved from /home/airflow/.local/lib/python3.12/site-packages/airflow/example_dags/example_kubernetes_executor.py
[2026-04-12T11:16:34.220+0000] {logging_mixin.py:190} INFO - [2026-04-12T11:16:34.220+0000] {dag.py:3239} INFO - Sync 1 DAGs
[2026-04-12T11:16:34.229+0000] {logging_mixin.py:190} INFO - [2026-04-12T11:16:34.229+0000] {dag.py:4180} INFO - Setting next_dagrun for example_kubernetes_executor to None, run_after=None
[2026-04-12T11:16:34.243+0000] {processor.py:208} INFO - Processing /home/airflow/.local/lib/python3.12/site-packages/airflow/example_dags/example_kubernetes_executor.py took 0.064 seconds
[2026-04-12T11:17:04.436+0000] {processor.py:186} INFO - Started process (PID=2933) to work on /home/airflow/.local/lib/python3.12/site-packages/airflow/example_dags/example_kubernetes_executor.py
[2026-04-12T11:17:04.437+0000] {processor.py:914} INFO - Processing file /home/airflow/.local/lib/python3.12/site-packages/airflow/example_dags/example_kubernetes_executor.py for tasks to queue
[2026-04-12T11:17:04.438+0000] {logging_mixin.py:190} INFO - [2026-04-12T11:17:04.438+0000] {dagbag.py:588} INFO - Filling up the DagBag from /home/airflow/.local/lib/python3.12/site-packages/airflow/example_dags/example_kubernetes_executor.py
[2026-04-12T11:17:04.449+0000] {processor.py:925} INFO - DAG(s) 'example_kubernetes_executor' retrieved from /home/airflow/.local/lib/python3.12/site-packages/airflow/example_dags/example_kubernetes_executor.py
[2026-04-12T11:17:04.467+0000] {logging_mixin.py:190} INFO - [2026-04-12T11:17:04.467+0000] {dag.py:3239} INFO - Sync 1 DAGs
[2026-04-12T11:17:04.478+0000] {logging_mixin.py:190} INFO - [2026-04-12T11:17:04.478+0000] {dag.py:4180} INFO - Setting next_dagrun for example_kubernetes_executor to None, run_after=None
[2026-04-12T11:17:04.489+0000] {processor.py:208} INFO - Processing /home/airflow/.local/lib/python3.12/site-packages/airflow/example_dags/example_kubernetes_executor.py took 0.059 seconds
[2026-04-12T11:17:35.304+0000] {processor.py:186} INFO - Started process (PID=3229) to work on /home/airflow/.local/lib/python3.12/site-packages/airflow/example_dags/example_kubernetes_executor.py
[2026-04-12T11:17:35.304+0000] {processor.py:914} INFO - Processing file /home/airflow/.local/lib/python3.12/site-packages/airflow/example_dags/example_kubernetes_executor.py for tasks to queue
[2026-04-12T11:17:35.306+0000] {logging_mixin.py:190} INFO - [2026-04-12T11:17:35.306+0000] {dagbag.py:588} INFO - Filling up the DagBag from /home/airflow/.local/lib/python3.12/site-packages/airflow/example_dags/example_kubernetes_executor.py
[2026-04-12T11:17:35.318+0000] {processor.py:925} INFO - DAG(s) 'example_kubernetes_executor' retrieved from /home/airflow/.local/lib/python3.12/site-packages/airflow/example_dags/example_kubernetes_executor.py
[2026-04-12T11:17:35.337+0000] {logging_mixin.py:190} INFO - [2026-04-12T11:17:35.337+0000] {dag.py:3239} INFO - Sync 1 DAGs
[2026-04-12T11:17:35.346+0000] {logging_mixin.py:190} INFO - [2026-04-12T11:17:35.346+0000] {dag.py:4180} INFO - Setting next_dagrun for example_kubernetes_executor to None, run_after=None
[2026-04-12T11:17:35.359+0000] {processor.py:208} INFO - Processing /home/airflow/.local/lib/python3.12/site-packages/airflow/example_dags/example_kubernetes_executor.py took 0.060 seconds
[2026-04-12T11:18:07.323+0000] {processor.py:186} INFO - Started process (PID=3528) to work on /home/airflow/.local/lib/python3.12/site-packages/airflow/example_dags/example_kubernetes_executor.py
[2026-04-12T11:18:07.325+0000] {processor.py:914} INFO - Processing file /home/airflow/.local/lib/python3.12/site-packages/airflow/example_dags/example_kubernetes_executor.py for tasks to queue
[2026-04-12T11:18:07.328+0000] {logging_mixin.py:190} INFO - [2026-04-12T11:18:07.328+0000] {dagbag.py:588} INFO - Filling up the DagBag from /home/airflow/.local/lib/python3.12/site-packages/airflow/example_dags/example_kubernetes_executor.py
[2026-04-12T11:18:07.348+0000] {processor.py:925} INFO - DAG(s) 'example_kubernetes_executor' retrieved from /home/airflow/.local/lib/python3.12/site-packages/airflow/example_dags/example_kubernetes_executor.py
[2026-04-12T11:18:07.410+0000] {logging_mixin.py:190} INFO - [2026-04-12T11:18:07.410+0000] {dag.py:3239} INFO - Sync 1 DAGs
[2026-04-12T11:18:07.442+0000] {logging_mixin.py:190} INFO - [2026-04-12T11:18:07.441+0000] {dag.py:4180} INFO - Setting next_dagrun for example_kubernetes_executor to None, run_after=None
[2026-04-12T11:18:07.482+0000] {processor.py:208} INFO - Processing /home/airflow/.local/lib/python3.12/site-packages/airflow/example_dags/example_kubernetes_executor.py took 0.166 seconds
[2026-04-12T11:18:38.438+0000] {processor.py:186} INFO - Started process (PID=3832) to work on /home/airflow/.local/lib/python3.12/site-packages/airflow/example_dags/example_kubernetes_executor.py
[2026-04-12T11:18:38.440+0000] {processor.py:914} INFO - Processing file /home/airflow/.local/lib/python3.12/site-packages/airflow/example_dags/example_kubernetes_executor.py for tasks to queue
[2026-04-12T11:18:38.442+0000] {logging_mixin.py:190} INFO - [2026-04-12T11:18:38.442+0000] {dagbag.py:588} INFO - Filling up the DagBag from /home/airflow/.local/lib/python3.12/site-packages/airflow/example_dags/example_kubernetes_executor.py
[2026-04-12T11:18:38.457+0000] {processor.py:925} INFO - DAG(s) 'example_kubernetes_executor' retrieved from /home/airflow/.local/lib/python3.12/site-packages/airflow/example_dags/example_kubernetes_executor.py
[2026-04-12T11:18:38.475+0000] {logging_mixin.py:190} INFO - [2026-04-12T11:18:38.475+0000] {dag.py:3239} INFO - Sync 1 DAGs
[2026-04-12T11:18:38.485+0000] {logging_mixin.py:190} INFO - [2026-04-12T11:18:38.484+0000] {dag.py:4180} INFO - Setting next_dagrun for example_kubernetes_executor to None, run_after=None
[2026-04-12T11:18:38.501+0000] {processor.py:208} INFO - Processing /home/airflow/.local/lib/python3.12/site-packages/airflow/example_dags/example_kubernetes_executor.py took 0.070 seconds
[2026-04-12T11:19:08.840+0000] {processor.py:186} INFO - Started process (PID=4143) to work on /home/airflow/.local/lib/python3.12/site-packages/airflow/example_dags/example_kubernetes_executor.py
[2026-04-12T11:19:08.843+0000] {processor.py:914} INFO - Processing file /home/airflow/.local/lib/python3.12/site-packages/airflow/example_dags/example_kubernetes_executor.py for tasks to queue
[2026-04-12T11:19:08.845+0000] {logging_mixin.py:190} INFO - [2026-04-12T11:19:08.844+0000] {dagbag.py:588} INFO - Filling up the DagBag from /home/airflow/.local/lib/python3.12/site-packages/airflow/example_dags/example_kubernetes_executor.py
[2026-04-12T11:19:08.855+0000] {processor.py:925} INFO - DAG(s) 'example_kubernetes_executor' retrieved from /home/airflow/.local/lib/python3.12/site-packages/airflow/example_dags/example_kubernetes_executor.py
[2026-04-12T11:19:08.874+0000] {logging_mixin.py:190} INFO - [2026-04-12T11:19:08.874+0000] {dag.py:3239} INFO - Sync 1 DAGs
[2026-04-12T11:19:08.884+0000] {logging_mixin.py:190} INFO - [2026-04-12T11:19:08.884+0000] {dag.py:4180} INFO - Setting next_dagrun for example_kubernetes_executor to None, run_after=None
[2026-04-12T11:19:08.904+0000] {processor.py:208} INFO - Processing /home/airflow/.local/lib/python3.12/site-packages/airflow/example_dags/example_kubernetes_executor.py took 0.069 seconds
[2026-04-12T11:19:39.698+0000] {processor.py:186} INFO - Started process (PID=4440) to work on /home/airflow/.local/lib/python3.12/site-packages/airflow/example_dags/example_kubernetes_executor.py
[2026-04-12T11:19:39.699+0000] {processor.py:914} INFO - Processing file /home/airflow/.local/lib/python3.12/site-packages/airflow/example_dags/example_kubernetes_executor.py for tasks to queue
[2026-04-12T11:19:39.700+0000] {logging_mixin.py:190} INFO - [2026-04-12T11:19:39.700+0000] {dagbag.py:588} INFO - Filling up the DagBag from /home/airflow/.local/lib/python3.12/site-packages/airflow/example_dags/example_kubernetes_executor.py
[2026-04-12T11:19:39.711+0000] {processor.py:925} INFO - DAG(s) 'example_kubernetes_executor' retrieved from /home/airflow/.local/lib/python3.12/site-packages/airflow/example_dags/example_kubernetes_executor.py
[2026-04-12T11:19:39.732+0000] {logging_mixin.py:190} INFO - [2026-04-12T11:19:39.731+0000] {dag.py:3239} INFO - Sync 1 DAGs
[2026-04-12T11:19:39.744+0000] {logging_mixin.py:190} INFO - [2026-04-12T11:19:39.744+0000] {dag.py:4180} INFO - Setting next_dagrun for example_kubernetes_executor to None, run_after=None
[2026-04-12T11:19:39.755+0000] {processor.py:208} INFO - Processing /home/airflow/.local/lib/python3.12/site-packages/airflow/example_dags/example_kubernetes_executor.py took 0.060 seconds
[2026-04-12T11:20:10.594+0000] {processor.py:186} INFO - Started process (PID=4735) to work on /home/airflow/.local/lib/python3.12/site-packages/airflow/example_dags/example_kubernetes_executor.py
[2026-04-12T11:20:10.600+0000] {processor.py:914} INFO - Processing file /home/airflow/.local/lib/python3.12/site-packages/airflow/example_dags/example_kubernetes_executor.py for tasks to queue
[2026-04-12T11:20:10.601+0000] {logging_mixin.py:190} INFO - [2026-04-12T11:20:10.601+0000] {dagbag.py:588} INFO - Filling up the DagBag from /home/airflow/.local/lib/python3.12/site-packages/airflow/example_dags/example_kubernetes_executor.py
[2026-04-12T11:20:10.611+0000] {processor.py:925} INFO - DAG(s) 'example_kubernetes_executor' retrieved from /home/airflow/.local/lib/python3.12/site-packages/airflow/example_dags/example_kubernetes_executor.py
[2026-04-12T11:20:10.628+0000] {logging_mixin.py:190} INFO - [2026-04-12T11:20:10.628+0000] {dag.py:3239} INFO - Sync 1 DAGs
[2026-04-12T11:20:10.638+0000] {logging_mixin.py:190} INFO - [2026-04-12T11:20:10.638+0000] {dag.py:4180} INFO - Setting next_dagrun for example_kubernetes_executor to None, run_after=None
[2026-04-12T11:20:10.652+0000] {processor.py:208} INFO - Processing /home/airflow/.local/lib/python3.12/site-packages/airflow/example_dags/example_kubernetes_executor.py took 0.063 seconds
[2026-04-12T11:20:42.963+0000] {processor.py:186} INFO - Started process (PID=5031) to work on /home/airflow/.local/lib/python3.12/site-packages/airflow/example_dags/example_kubernetes_executor.py
[2026-04-12T11:20:42.965+0000] {processor.py:914} INFO - Processing file /home/airflow/.local/lib/python3.12/site-packages/airflow/example_dags/example_kubernetes_executor.py for tasks to queue
[2026-04-12T11:20:42.981+0000] {logging_mixin.py:190} INFO - [2026-04-12T11:20:42.980+0000] {dagbag.py:588} INFO - Filling up the DagBag from /home/airflow/.local/lib/python3.12/site-packages/airflow/example_dags/example_kubernetes_executor.py
[2026-04-12T11:20:43.028+0000] {processor.py:925} INFO - DAG(s) 'example_kubernetes_executor' retrieved from /home/airflow/.local/lib/python3.12/site-packages/airflow/example_dags/example_kubernetes_executor.py
[2026-04-12T11:20:43.107+0000] {logging_mixin.py:190} INFO - [2026-04-12T11:20:43.107+0000] {dag.py:3239} INFO - Sync 1 DAGs
[2026-04-12T11:20:43.134+0000] {logging_mixin.py:190} INFO - [2026-04-12T11:20:43.133+0000] {dag.py:4180} INFO - Setting next_dagrun for example_kubernetes_executor to None, run_after=None
[2026-04-12T11:20:43.181+0000] {processor.py:208} INFO - Processing /home/airflow/.local/lib/python3.12/site-packages/airflow/example_dags/example_kubernetes_executor.py took 0.240 seconds
[2026-04-12T11:21:14.222+0000] {processor.py:186} INFO - Started process (PID=5329) to work on /home/airflow/.local/lib/python3.12/site-packages/airflow/example_dags/example_kubernetes_executor.py
[2026-04-12T11:21:14.227+0000] {processor.py:914} INFO - Processing file /home/airflow/.local/lib/python3.12/site-packages/airflow/example_dags/example_kubernetes_executor.py for tasks to queue
[2026-04-12T11:21:14.230+0000] {logging_mixin.py:190} INFO - [2026-04-12T11:21:14.230+0000] {dagbag.py:588} INFO - Filling up the DagBag from /home/airflow/.local/lib/python3.12/site-packages/airflow/example_dags/example_kubernetes_executor.py
[2026-04-12T11:21:14.242+0000] {processor.py:925} INFO - DAG(s) 'example_kubernetes_executor' retrieved from /home/airflow/.local/lib/python3.12/site-packages/airflow/example_dags/example_kubernetes_executor.py
[2026-04-12T11:21:14.265+0000] {logging_mixin.py:190} INFO - [2026-04-12T11:21:14.264+0000] {dag.py:3239} INFO - Sync 1 DAGs
[2026-04-12T11:21:14.276+0000] {logging_mixin.py:190} INFO - [2026-04-12T11:21:14.276+0000] {dag.py:4180} INFO - Setting next_dagrun for example_kubernetes_executor to None, run_after=None
[2026-04-12T11:21:14.291+0000] {processor.py:208} INFO - Processing /home/airflow/.local/lib/python3.12/site-packages/airflow/example_dags/example_kubernetes_executor.py took 0.076 seconds
[2026-04-12T11:21:44.857+0000] {processor.py:186} INFO - Started process (PID=5625) to work on /home/airflow/.local/lib/python3.12/site-packages/airflow/example_dags/example_kubernetes_executor.py
[2026-04-12T11:21:44.859+0000] {processor.py:914} INFO - Processing file /home/airflow/.local/lib/python3.12/site-packages/airflow/example_dags/example_kubernetes_executor.py for tasks to queue
[2026-04-12T11:21:44.861+0000] {logging_mixin.py:190} INFO - [2026-04-12T11:21:44.861+0000] {dagbag.py:588} INFO - Filling up the DagBag from /home/airflow/.local/lib/python3.12/site-packages/airflow/example_dags/example_kubernetes_executor.py
[2026-04-12T11:21:44.877+0000] {processor.py:925} INFO - DAG(s) 'example_kubernetes_executor' retrieved from /home/airflow/.local/lib/python3.12/site-packages/airflow/example_dags/example_kubernetes_executor.py
[2026-04-12T11:21:44.898+0000] {logging_mixin.py:190} INFO - [2026-04-12T11:21:44.898+0000] {dag.py:3239} INFO - Sync 1 DAGs
[2026-04-12T11:21:44.910+0000] {logging_mixin.py:190} INFO - [2026-04-12T11:21:44.910+0000] {dag.py:4180} INFO - Setting next_dagrun for example_kubernetes_executor to None, run_after=None
[2026-04-12T11:21:44.927+0000] {processor.py:208} INFO - Processing /home/airflow/.local/lib/python3.12/site-packages/airflow/example_dags/example_kubernetes_executor.py took 0.074 seconds
[2026-04-12T11:22:14.989+0000] {processor.py:186} INFO - Started process (PID=5921) to work on /home/airflow/.local/lib/python3.12/site-packages/airflow/example_dags/example_kubernetes_executor.py
[2026-04-12T11:22:14.991+0000] {processor.py:914} INFO - Processing file /home/airflow/.local/lib/python3.12/site-packages/airflow/example_dags/example_kubernetes_executor.py for tasks to queue
[2026-04-12T11:22:14.993+0000] {logging_mixin.py:190} INFO - [2026-04-12T11:22:14.993+0000] {dagbag.py:588} INFO - Filling up the DagBag from /home/airflow/.local/lib/python3.12/site-packages/airflow/example_dags/example_kubernetes_executor.py
[2026-04-12T11:22:15.003+0000] {processor.py:925} INFO - DAG(s) 'example_kubernetes_executor' retrieved from /home/airflow/.local/lib/python3.12/site-packages/airflow/example_dags/example_kubernetes_executor.py
[2026-04-12T11:22:15.025+0000] {logging_mixin.py:190} INFO - [2026-04-12T11:22:15.025+0000] {dag.py:3239} INFO - Sync 1 DAGs
[2026-04-12T11:22:15.034+0000] {logging_mixin.py:190} INFO - [2026-04-12T11:22:15.034+0000] {dag.py:4180} INFO - Setting next_dagrun for example_kubernetes_executor to None, run_after=None
[2026-04-12T11:22:15.050+0000] {processor.py:208} INFO - Processing /home/airflow/.local/lib/python3.12/site-packages/airflow/example_dags/example_kubernetes_executor.py took 0.066 seconds
[2026-04-12T11:22:45.221+0000] {processor.py:186} INFO - Started process (PID=6216) to work on /home/airflow/.local/lib/python3.12/site-packages/airflow/example_dags/example_kubernetes_executor.py
[2026-04-12T11:22:45.222+0000] {processor.py:914} INFO - Processing file /home/airflow/.local/lib/python3.12/site-packages/airflow/example_dags/example_kubernetes_executor.py for tasks to queue
[2026-04-12T11:22:45.223+0000] {logging_mixin.py:190} INFO - [2026-04-12T11:22:45.223+0000] {dagbag.py:588} INFO - Filling up the DagBag from /home/airflow/.local/lib/python3.12/site-packages/airflow/example_dags/example_kubernetes_executor.py
[2026-04-12T11:22:45.234+0000] {processor.py:925} INFO - DAG(s) 'example_kubernetes_executor' retrieved from /home/airflow/.local/lib/python3.12/site-packages/airflow/example_dags/example_kubernetes_executor.py
[2026-04-12T11:22:45.254+0000] {logging_mixin.py:190} INFO - [2026-04-12T11:22:45.253+0000] {dag.py:3239} INFO - Sync 1 DAGs
[2026-04-12T11:22:45.265+0000] {logging_mixin.py:190} INFO - [2026-04-12T11:22:45.265+0000] {dag.py:4180} INFO - Setting next_dagrun for example_kubernetes_executor to None, run_after=None
[2026-04-12T11:22:45.281+0000] {processor.py:208} INFO - Processing /home/airflow/.local/lib/python3.12/site-packages/airflow/example_dags/example_kubernetes_executor.py took 0.066 seconds
[2026-04-12T11:23:15.320+0000] {processor.py:186} INFO - Started process (PID=6510) to work on /home/airflow/.local/lib/python3.12/site-packages/airflow/example_dags/example_kubernetes_executor.py
[2026-04-12T11:23:15.322+0000] {processor.py:914} INFO - Processing file /home/airflow/.local/lib/python3.12/site-packages/airflow/example_dags/example_kubernetes_executor.py for tasks to queue
[2026-04-12T11:23:15.323+0000] {logging_mixin.py:190} INFO - [2026-04-12T11:23:15.323+0000] {dagbag.py:588} INFO - Filling up the DagBag from /home/airflow/.local/lib/python3.12/site-packages/airflow/example_dags/example_kubernetes_executor.py
[2026-04-12T11:23:15.335+0000] {processor.py:925} INFO - DAG(s) 'example_kubernetes_executor' retrieved from /home/airflow/.local/lib/python3.12/site-packages/airflow/example_dags/example_kubernetes_executor.py
[2026-04-12T11:23:15.351+0000] {logging_mixin.py:190} INFO - [2026-04-12T11:23:15.351+0000] {dag.py:3239} INFO - Sync 1 DAGs
[2026-04-12T11:23:15.360+0000] {logging_mixin.py:190} INFO - [2026-04-12T11:23:15.359+0000] {dag.py:4180} INFO - Setting next_dagrun for example_kubernetes_executor to None, run_after=None
[2026-04-12T11:23:15.379+0000] {processor.py:208} INFO - Processing /home/airflow/.local/lib/python3.12/site-packages/airflow/example_dags/example_kubernetes_executor.py took 0.065 seconds
[2026-04-12T11:23:46.001+0000] {processor.py:186} INFO - Started process (PID=6806) to work on /home/airflow/.local/lib/python3.12/site-packages/airflow/example_dags/example_kubernetes_executor.py
[2026-04-12T11:23:46.004+0000] {processor.py:914} INFO - Processing file /home/airflow/.local/lib/python3.12/site-packages/airflow/example_dags/example_kubernetes_executor.py for tasks to queue
[2026-04-12T11:23:46.006+0000] {logging_mixin.py:190} INFO - [2026-04-12T11:23:46.005+0000] {dagbag.py:588} INFO - Filling up the DagBag from /home/airflow/.local/lib/python3.12/site-packages/airflow/example_dags/example_kubernetes_executor.py
[2026-04-12T11:23:46.014+0000] {processor.py:925} INFO - DAG(s) 'example_kubernetes_executor' retrieved from /home/airflow/.local/lib/python3.12/site-packages/airflow/example_dags/example_kubernetes_executor.py
[2026-04-12T11:23:46.030+0000] {logging_mixin.py:190} INFO - [2026-04-12T11:23:46.030+0000] {dag.py:3239} INFO - Sync 1 DAGs
[2026-04-12T11:23:46.040+0000] {logging_mixin.py:190} INFO - [2026-04-12T11:23:46.040+0000] {dag.py:4180} INFO - Setting next_dagrun for example_kubernetes_executor to None, run_after=None
[2026-04-12T11:23:46.055+0000] {processor.py:208} INFO - Processing /home/airflow/.local/lib/python3.12/site-packages/airflow/example_dags/example_kubernetes_executor.py took 0.057 seconds
[2026-04-12T11:24:16.310+0000] {processor.py:186} INFO - Started process (PID=7102) to work on /home/airflow/.local/lib/python3.12/site-packages/airflow/example_dags/example_kubernetes_executor.py
[2026-04-12T11:24:16.311+0000] {processor.py:914} INFO - Processing file /home/airflow/.local/lib/python3.12/site-packages/airflow/example_dags/example_kubernetes_executor.py for tasks to queue
[2026-04-12T11:24:16.313+0000] {logging_mixin.py:190} INFO - [2026-04-12T11:24:16.313+0000] {dagbag.py:588} INFO - Filling up the DagBag from /home/airflow/.local/lib/python3.12/site-packages/airflow/example_dags/example_kubernetes_executor.py
[2026-04-12T11:24:16.322+0000] {processor.py:925} INFO - DAG(s) 'example_kubernetes_executor' retrieved from /home/airflow/.local/lib/python3.12/site-packages/airflow/example_dags/example_kubernetes_executor.py
[2026-04-12T11:24:16.344+0000] {logging_mixin.py:190} INFO - [2026-04-12T11:24:16.343+0000] {dag.py:3239} INFO - Sync 1 DAGs
[2026-04-12T11:24:16.354+0000] {logging_mixin.py:190} INFO - [2026-04-12T11:24:16.354+0000] {dag.py:4180} INFO - Setting next_dagrun for example_kubernetes_executor to None, run_after=None
[2026-04-12T11:24:16.372+0000] {processor.py:208} INFO - Processing /home/airflow/.local/lib/python3.12/site-packages/airflow/example_dags/example_kubernetes_executor.py took 0.066 seconds
[2026-04-12T11:24:47.401+0000] {processor.py:186} INFO - Started process (PID=7398) to work on /home/airflow/.local/lib/python3.12/site-packages/airflow/example_dags/example_kubernetes_executor.py
[2026-04-12T11:24:47.403+0000] {processor.py:914} INFO - Processing file /home/airflow/.local/lib/python3.12/site-packages/airflow/example_dags/example_kubernetes_executor.py for tasks to queue
[2026-04-12T11:24:47.404+0000] {logging_mixin.py:190} INFO - [2026-04-12T11:24:47.404+0000] {dagbag.py:588} INFO - Filling up the DagBag from /home/airflow/.local/lib/python3.12/site-packages/airflow/example_dags/example_kubernetes_executor.py
[2026-04-12T11:24:47.414+0000] {processor.py:925} INFO - DAG(s) 'example_kubernetes_executor' retrieved from /home/airflow/.local/lib/python3.12/site-packages/airflow/example_dags/example_kubernetes_executor.py
[2026-04-12T11:24:47.431+0000] {logging_mixin.py:190} INFO - [2026-04-12T11:24:47.431+0000] {dag.py:3239} INFO - Sync 1 DAGs
[2026-04-12T11:24:47.439+0000] {logging_mixin.py:190} INFO - [2026-04-12T11:24:47.439+0000] {dag.py:4180} INFO - Setting next_dagrun for example_kubernetes_executor to None, run_after=None
[2026-04-12T11:24:47.452+0000] {processor.py:208} INFO - Processing /home/airflow/.local/lib/python3.12/site-packages/airflow/example_dags/example_kubernetes_executor.py took 0.056 seconds
[2026-04-12T11:25:17.562+0000] {processor.py:186} INFO - Started process (PID=7694) to work on /home/airflow/.local/lib/python3.12/site-packages/airflow/example_dags/example_kubernetes_executor.py
[2026-04-12T11:25:17.563+0000] {processor.py:914} INFO - Processing file /home/airflow/.local/lib/python3.12/site-packages/airflow/example_dags/example_kubernetes_executor.py for tasks to queue
[2026-04-12T11:25:17.565+0000] {logging_mixin.py:190} INFO - [2026-04-12T11:25:17.565+0000] {dagbag.py:588} INFO - Filling up the DagBag from /home/airflow/.local/lib/python3.12/site-packages/airflow/example_dags/example_kubernetes_executor.py
[2026-04-12T11:25:17.575+0000] {processor.py:925} INFO - DAG(s) 'example_kubernetes_executor' retrieved from /home/airflow/.local/lib/python3.12/site-packages/airflow/example_dags/example_kubernetes_executor.py
[2026-04-12T11:25:17.591+0000] {logging_mixin.py:190} INFO - [2026-04-12T11:25:17.591+0000] {dag.py:3239} INFO - Sync 1 DAGs
[2026-04-12T11:25:17.602+0000] {logging_mixin.py:190} INFO - [2026-04-12T11:25:17.602+0000] {dag.py:4180} INFO - Setting next_dagrun for example_kubernetes_executor to None, run_after=None
[2026-04-12T11:25:17.622+0000] {processor.py:208} INFO - Processing /home/airflow/.local/lib/python3.12/site-packages/airflow/example_dags/example_kubernetes_executor.py took 0.065 seconds
[2026-04-12T11:25:47.690+0000] {processor.py:186} INFO - Started process (PID=7990) to work on /home/airflow/.local/lib/python3.12/site-packages/airflow/example_dags/example_kubernetes_executor.py
[2026-04-12T11:25:47.691+0000] {processor.py:914} INFO - Processing file /home/airflow/.local/lib/python3.12/site-packages/airflow/example_dags/example_kubernetes_executor.py for tasks to queue
[2026-04-12T11:25:47.694+0000] {logging_mixin.py:190} INFO - [2026-04-12T11:25:47.693+0000] {dagbag.py:588} INFO - Filling up the DagBag from /home/airflow/.local/lib/python3.12/site-packages/airflow/example_dags/example_kubernetes_executor.py
[2026-04-12T11:25:47.704+0000] {processor.py:925} INFO - DAG(s) 'example_kubernetes_executor' retrieved from /home/airflow/.local/lib/python3.12/site-packages/airflow/example_dags/example_kubernetes_executor.py
[2026-04-12T11:25:47.747+0000] {logging_mixin.py:190} INFO - [2026-04-12T11:25:47.747+0000] {dag.py:3239} INFO - Sync 1 DAGs
[2026-04-12T11:25:47.758+0000] {logging_mixin.py:190} INFO - [2026-04-12T11:25:47.758+0000] {dag.py:4180} INFO - Setting next_dagrun for example_kubernetes_executor to None, run_after=None
[2026-04-12T11:25:47.771+0000] {processor.py:208} INFO - Processing /home/airflow/.local/lib/python3.12/site-packages/airflow/example_dags/example_kubernetes_executor.py took 0.085 seconds
[2026-04-12T11:27:09.324+0000] {processor.py:186} INFO - Started process (PID=8160) to work on /home/airflow/.local/lib/python3.12/site-packages/airflow/example_dags/example_kubernetes_executor.py
[2026-04-12T11:27:09.325+0000] {processor.py:914} INFO - Processing file /home/airflow/.local/lib/python3.12/site-packages/airflow/example_dags/example_kubernetes_executor.py for tasks to queue
[2026-04-12T11:27:09.327+0000] {logging_mixin.py:190} INFO - [2026-04-12T11:27:09.327+0000] {dagbag.py:588} INFO - Filling up the DagBag from /home/airflow/.local/lib/python3.12/site-packages/airflow/example_dags/example_kubernetes_executor.py
[2026-04-12T11:27:09.342+0000] {processor.py:925} INFO - DAG(s) 'example_kubernetes_executor' retrieved from /home/airflow/.local/lib/python3.12/site-packages/airflow/example_dags/example_kubernetes_executor.py
[2026-04-12T11:27:09.358+0000] {logging_mixin.py:190} INFO - [2026-04-12T11:27:09.358+0000] {dag.py:3239} INFO - Sync 1 DAGs
[2026-04-12T11:27:09.368+0000] {logging_mixin.py:190} INFO - [2026-04-12T11:27:09.368+0000] {dag.py:4180} INFO - Setting next_dagrun for example_kubernetes_executor to None, run_after=None
[2026-04-12T11:27:09.384+0000] {processor.py:208} INFO - Processing /home/airflow/.local/lib/python3.12/site-packages/airflow/example_dags/example_kubernetes_executor.py took 0.064 seconds
[2026-04-12T11:29:45.336+0000] {processor.py:186} INFO - Started process (PID=8456) to work on /home/airflow/.local/lib/python3.12/site-packages/airflow/example_dags/example_kubernetes_executor.py
[2026-04-12T11:29:45.336+0000] {processor.py:914} INFO - Processing file /home/airflow/.local/lib/python3.12/site-packages/airflow/example_dags/example_kubernetes_executor.py for tasks to queue
[2026-04-12T11:29:45.338+0000] {logging_mixin.py:190} INFO - [2026-04-12T11:29:45.337+0000] {dagbag.py:588} INFO - Filling up the DagBag from /home/airflow/.local/lib/python3.12/site-packages/airflow/example_dags/example_kubernetes_executor.py
[2026-04-12T11:29:45.349+0000] {processor.py:925} INFO - DAG(s) 'example_kubernetes_executor' retrieved from /home/airflow/.local/lib/python3.12/site-packages/airflow/example_dags/example_kubernetes_executor.py
[2026-04-12T11:29:45.367+0000] {logging_mixin.py:190} INFO - [2026-04-12T11:29:45.366+0000] {dag.py:3239} INFO - Sync 1 DAGs
[2026-04-12T11:29:45.376+0000] {logging_mixin.py:190} INFO - [2026-04-12T11:29:45.376+0000] {dag.py:4180} INFO - Setting next_dagrun for example_kubernetes_executor to None, run_after=None
[2026-04-12T11:29:45.389+0000] {processor.py:208} INFO - Processing /home/airflow/.local/lib/python3.12/site-packages/airflow/example_dags/example_kubernetes_executor.py took 0.057 seconds
[2026-04-12T11:30:15.619+0000] {processor.py:186} INFO - Started process (PID=8752) to work on /home/airflow/.local/lib/python3.12/site-packages/airflow/example_dags/example_kubernetes_executor.py
[2026-04-12T11:30:15.620+0000] {processor.py:914} INFO - Processing file /home/airflow/.local/lib/python3.12/site-packages/airflow/example_dags/example_kubernetes_executor.py for tasks to queue
[2026-04-12T11:30:15.623+0000] {logging_mixin.py:190} INFO - [2026-04-12T11:30:15.623+0000] {dagbag.py:588} INFO - Filling up the DagBag from /home/airflow/.local/lib/python3.12/site-packages/airflow/example_dags/example_kubernetes_executor.py
[2026-04-12T11:30:15.635+0000] {processor.py:925} INFO - DAG(s) 'example_kubernetes_executor' retrieved from /home/airflow/.local/lib/python3.12/site-packages/airflow/example_dags/example_kubernetes_executor.py
[2026-04-12T11:30:15.659+0000] {logging_mixin.py:190} INFO - [2026-04-12T11:30:15.659+0000] {dag.py:3239} INFO - Sync 1 DAGs
[2026-04-12T11:30:15.670+0000] {logging_mixin.py:190} INFO - [2026-04-12T11:30:15.670+0000] {dag.py:4180} INFO - Setting next_dagrun for example_kubernetes_executor to None, run_after=None
[2026-04-12T11:30:15.683+0000] {processor.py:208} INFO - Processing /home/airflow/.local/lib/python3.12/site-packages/airflow/example_dags/example_kubernetes_executor.py took 0.076 seconds
[2026-04-12T11:30:46.073+0000] {processor.py:186} INFO - Started process (PID=9048) to work on /home/airflow/.local/lib/python3.12/site-packages/airflow/example_dags/example_kubernetes_executor.py
[2026-04-12T11:30:46.074+0000] {processor.py:914} INFO - Processing file /home/airflow/.local/lib/python3.12/site-packages/airflow/example_dags/example_kubernetes_executor.py for tasks to queue
[2026-04-12T11:30:46.076+0000] {logging_mixin.py:190} INFO - [2026-04-12T11:30:46.075+0000] {dagbag.py:588} INFO - Filling up the DagBag from /home/airflow/.local/lib/python3.12/site-packages/airflow/example_dags/example_kubernetes_executor.py
[2026-04-12T11:30:46.090+0000] {processor.py:925} INFO - DAG(s) 'example_kubernetes_executor' retrieved from /home/airflow/.local/lib/python3.12/site-packages/airflow/example_dags/example_kubernetes_executor.py
[2026-04-12T11:30:46.112+0000] {logging_mixin.py:190} INFO - [2026-04-12T11:30:46.112+0000] {dag.py:3239} INFO - Sync 1 DAGs
[2026-04-12T11:30:46.134+0000] {logging_mixin.py:190} INFO - [2026-04-12T11:30:46.134+0000] {dag.py:4180} INFO - Setting next_dagrun for example_kubernetes_executor to None, run_after=None
[2026-04-12T11:30:46.152+0000] {processor.py:208} INFO - Processing /home/airflow/.local/lib/python3.12/site-packages/airflow/example_dags/example_kubernetes_executor.py took 0.083 seconds
[2026-04-12T11:31:16.317+0000] {processor.py:186} INFO - Started process (PID=9343) to work on /home/airflow/.local/lib/python3.12/site-packages/airflow/example_dags/example_kubernetes_executor.py
[2026-04-12T11:31:16.318+0000] {processor.py:914} INFO - Processing file /home/airflow/.local/lib/python3.12/site-packages/airflow/example_dags/example_kubernetes_executor.py for tasks to queue
[2026-04-12T11:31:16.319+0000] {logging_mixin.py:190} INFO - [2026-04-12T11:31:16.319+0000] {dagbag.py:588} INFO - Filling up the DagBag from /home/airflow/.local/lib/python3.12/site-packages/airflow/example_dags/example_kubernetes_executor.py
[2026-04-12T11:31:16.331+0000] {processor.py:925} INFO - DAG(s) 'example_kubernetes_executor' retrieved from /home/airflow/.local/lib/python3.12/site-packages/airflow/example_dags/example_kubernetes_executor.py
[2026-04-12T11:31:16.348+0000] {logging_mixin.py:190} INFO - [2026-04-12T11:31:16.348+0000] {dag.py:3239} INFO - Sync 1 DAGs
[2026-04-12T11:31:16.358+0000] {logging_mixin.py:190} INFO - [2026-04-12T11:31:16.358+0000] {dag.py:4180} INFO - Setting next_dagrun for example_kubernetes_executor to None, run_after=None
[2026-04-12T11:31:16.377+0000] {processor.py:208} INFO - Processing /home/airflow/.local/lib/python3.12/site-packages/airflow/example_dags/example_kubernetes_executor.py took 0.064 seconds
[2026-04-12T11:31:46.702+0000] {processor.py:186} INFO - Started process (PID=9639) to work on /home/airflow/.local/lib/python3.12/site-packages/airflow/example_dags/example_kubernetes_executor.py
[2026-04-12T11:31:46.706+0000] {processor.py:914} INFO - Processing file /home/airflow/.local/lib/python3.12/site-packages/airflow/example_dags/example_kubernetes_executor.py for tasks to queue
[2026-04-12T11:31:46.712+0000] {logging_mixin.py:190} INFO - [2026-04-12T11:31:46.712+0000] {dagbag.py:588} INFO - Filling up the DagBag from /home/airflow/.local/lib/python3.12/site-packages/airflow/example_dags/example_kubernetes_executor.py
[2026-04-12T11:31:46.723+0000] {processor.py:925} INFO - DAG(s) 'example_kubernetes_executor' retrieved from /home/airflow/.local/lib/python3.12/site-packages/airflow/example_dags/example_kubernetes_executor.py
[2026-04-12T11:31:46.741+0000] {logging_mixin.py:190} INFO - [2026-04-12T11:31:46.741+0000] {dag.py:3239} INFO - Sync 1 DAGs
[2026-04-12T11:31:46.752+0000] {logging_mixin.py:190} INFO - [2026-04-12T11:31:46.751+0000] {dag.py:4180} INFO - Setting next_dagrun for example_kubernetes_executor to None, run_after=None
[2026-04-12T11:31:46.762+0000] {processor.py:208} INFO - Processing /home/airflow/.local/lib/python3.12/site-packages/airflow/example_dags/example_kubernetes_executor.py took 0.065 seconds
[2026-04-12T11:32:17.963+0000] {processor.py:186} INFO - Started process (PID=9935) to work on /home/airflow/.local/lib/python3.12/site-packages/airflow/example_dags/example_kubernetes_executor.py
[2026-04-12T11:32:17.964+0000] {processor.py:914} INFO - Processing file /home/airflow/.local/lib/python3.12/site-packages/airflow/example_dags/example_kubernetes_executor.py for tasks to queue
[2026-04-12T11:32:17.966+0000] {logging_mixin.py:190} INFO - [2026-04-12T11:32:17.965+0000] {dagbag.py:588} INFO - Filling up the DagBag from /home/airflow/.local/lib/python3.12/site-packages/airflow/example_dags/example_kubernetes_executor.py
[2026-04-12T11:32:17.976+0000] {processor.py:925} INFO - DAG(s) 'example_kubernetes_executor' retrieved from /home/airflow/.local/lib/python3.12/site-packages/airflow/example_dags/example_kubernetes_executor.py
[2026-04-12T11:32:17.994+0000] {logging_mixin.py:190} INFO - [2026-04-12T11:32:17.993+0000] {dag.py:3239} INFO - Sync 1 DAGs
[2026-04-12T11:32:18.004+0000] {logging_mixin.py:190} INFO - [2026-04-12T11:32:18.004+0000] {dag.py:4180} INFO - Setting next_dagrun for example_kubernetes_executor to None, run_after=None
[2026-04-12T11:32:18.019+0000] {processor.py:208} INFO - Processing /home/airflow/.local/lib/python3.12/site-packages/airflow/example_dags/example_kubernetes_executor.py took 0.061 seconds
[2026-04-12T11:32:48.923+0000] {processor.py:186} INFO - Started process (PID=10231) to work on /home/airflow/.local/lib/python3.12/site-packages/airflow/example_dags/example_kubernetes_executor.py
[2026-04-12T11:32:48.924+0000] {processor.py:914} INFO - Processing file /home/airflow/.local/lib/python3.12/site-packages/airflow/example_dags/example_kubernetes_executor.py for tasks to queue
[2026-04-12T11:32:48.925+0000] {logging_mixin.py:190} INFO - [2026-04-12T11:32:48.925+0000] {dagbag.py:588} INFO - Filling up the DagBag from /home/airflow/.local/lib/python3.12/site-packages/airflow/example_dags/example_kubernetes_executor.py
[2026-04-12T11:32:48.937+0000] {processor.py:925} INFO - DAG(s) 'example_kubernetes_executor' retrieved from /home/airflow/.local/lib/python3.12/site-packages/airflow/example_dags/example_kubernetes_executor.py
[2026-04-12T11:32:48.959+0000] {logging_mixin.py:190} INFO - [2026-04-12T11:32:48.959+0000] {dag.py:3239} INFO - Sync 1 DAGs
[2026-04-12T11:32:48.970+0000] {logging_mixin.py:190} INFO - [2026-04-12T11:32:48.970+0000] {dag.py:4180} INFO - Setting next_dagrun for example_kubernetes_executor to None, run_after=None
[2026-04-12T11:32:48.992+0000] {processor.py:208} INFO - Processing /home/airflow/.local/lib/python3.12/site-packages/airflow/example_dags/example_kubernetes_executor.py took 0.073 seconds
[2026-04-12T11:33:19.850+0000] {processor.py:186} INFO - Started process (PID=10527) to work on /home/airflow/.local/lib/python3.12/site-packages/airflow/example_dags/example_kubernetes_executor.py
[2026-04-12T11:33:19.851+0000] {processor.py:914} INFO - Processing file /home/airflow/.local/lib/python3.12/site-packages/airflow/example_dags/example_kubernetes_executor.py for tasks to queue
[2026-04-12T11:33:19.853+0000] {logging_mixin.py:190} INFO - [2026-04-12T11:33:19.853+0000] {dagbag.py:588} INFO - Filling up the DagBag from /home/airflow/.local/lib/python3.12/site-packages/airflow/example_dags/example_kubernetes_executor.py
[2026-04-12T11:33:19.863+0000] {processor.py:925} INFO - DAG(s) 'example_kubernetes_executor' retrieved from /home/airflow/.local/lib/python3.12/site-packages/airflow/example_dags/example_kubernetes_executor.py
[2026-04-12T11:33:19.886+0000] {logging_mixin.py:190} INFO - [2026-04-12T11:33:19.886+0000] {dag.py:3239} INFO - Sync 1 DAGs
[2026-04-12T11:33:19.895+0000] {logging_mixin.py:190} INFO - [2026-04-12T11:33:19.895+0000] {dag.py:4180} INFO - Setting next_dagrun for example_kubernetes_executor to None, run_after=None
[2026-04-12T11:33:19.912+0000] {processor.py:208} INFO - Processing /home/airflow/.local/lib/python3.12/site-packages/airflow/example_dags/example_kubernetes_executor.py took 0.065 seconds
[2026-04-12T11:33:50.743+0000] {processor.py:186} INFO - Started process (PID=10822) to work on /home/airflow/.local/lib/python3.12/site-packages/airflow/example_dags/example_kubernetes_executor.py
[2026-04-12T11:33:50.745+0000] {processor.py:914} INFO - Processing file /home/airflow/.local/lib/python3.12/site-packages/airflow/example_dags/example_kubernetes_executor.py for tasks to queue
[2026-04-12T11:33:50.750+0000] {logging_mixin.py:190} INFO - [2026-04-12T11:33:50.750+0000] {dagbag.py:588} INFO - Filling up the DagBag from /home/airflow/.local/lib/python3.12/site-packages/airflow/example_dags/example_kubernetes_executor.py
[2026-04-12T11:33:50.761+0000] {processor.py:925} INFO - DAG(s) 'example_kubernetes_executor' retrieved from /home/airflow/.local/lib/python3.12/site-packages/airflow/example_dags/example_kubernetes_executor.py
[2026-04-12T11:33:50.789+0000] {logging_mixin.py:190} INFO - [2026-04-12T11:33:50.789+0000] {dag.py:3239} INFO - Sync 1 DAGs
[2026-04-12T11:33:50.802+0000] {logging_mixin.py:190} INFO - [2026-04-12T11:33:50.802+0000] {dag.py:4180} INFO - Setting next_dagrun for example_kubernetes_executor to None, run_after=None
[2026-04-12T11:33:50.831+0000] {processor.py:208} INFO - Processing /home/airflow/.local/lib/python3.12/site-packages/airflow/example_dags/example_kubernetes_executor.py took 0.092 seconds
[2026-04-12T11:34:21.770+0000] {processor.py:186} INFO - Started process (PID=11118) to work on /home/airflow/.local/lib/python3.12/site-packages/airflow/example_dags/example_kubernetes_executor.py
[2026-04-12T11:34:21.771+0000] {processor.py:914} INFO - Processing file /home/airflow/.local/lib/python3.12/site-packages/airflow/example_dags/example_kubernetes_executor.py for tasks to queue
[2026-04-12T11:34:21.772+0000] {logging_mixin.py:190} INFO - [2026-04-12T11:34:21.772+0000] {dagbag.py:588} INFO - Filling up the DagBag from /home/airflow/.local/lib/python3.12/site-packages/airflow/example_dags/example_kubernetes_executor.py
[2026-04-12T11:34:21.782+0000] {processor.py:925} INFO - DAG(s) 'example_kubernetes_executor' retrieved from /home/airflow/.local/lib/python3.12/site-packages/airflow/example_dags/example_kubernetes_executor.py
[2026-04-12T11:34:21.802+0000] {logging_mixin.py:190} INFO - [2026-04-12T11:34:21.802+0000] {dag.py:3239} INFO - Sync 1 DAGs
[2026-04-12T11:34:21.813+0000] {logging_mixin.py:190} INFO - [2026-04-12T11:34:21.813+0000] {dag.py:4180} INFO - Setting next_dagrun for example_kubernetes_executor to None, run_after=None
[2026-04-12T11:34:21.831+0000] {processor.py:208} INFO - Processing /home/airflow/.local/lib/python3.12/site-packages/airflow/example_dags/example_kubernetes_executor.py took 0.066 seconds
[2026-04-12T11:34:52.603+0000] {processor.py:186} INFO - Started process (PID=11414) to work on /home/airflow/.local/lib/python3.12/site-packages/airflow/example_dags/example_kubernetes_executor.py
[2026-04-12T11:34:52.604+0000] {processor.py:914} INFO - Processing file /home/airflow/.local/lib/python3.12/site-packages/airflow/example_dags/example_kubernetes_executor.py for tasks to queue
[2026-04-12T11:34:52.606+0000] {logging_mixin.py:190} INFO - [2026-04-12T11:34:52.606+0000] {dagbag.py:588} INFO - Filling up the DagBag from /home/airflow/.local/lib/python3.12/site-packages/airflow/example_dags/example_kubernetes_executor.py
[2026-04-12T11:34:52.616+0000] {processor.py:925} INFO - DAG(s) 'example_kubernetes_executor' retrieved from /home/airflow/.local/lib/python3.12/site-packages/airflow/example_dags/example_kubernetes_executor.py
[2026-04-12T11:34:52.636+0000] {logging_mixin.py:190} INFO - [2026-04-12T11:34:52.636+0000] {dag.py:3239} INFO - Sync 1 DAGs
[2026-04-12T11:34:52.648+0000] {logging_mixin.py:190} INFO - [2026-04-12T11:34:52.648+0000] {dag.py:4180} INFO - Setting next_dagrun for example_kubernetes_executor to None, run_after=None
[2026-04-12T11:34:52.662+0000] {processor.py:208} INFO - Processing /home/airflow/.local/lib/python3.12/site-packages/airflow/example_dags/example_kubernetes_executor.py took 0.063 seconds
