[2026-04-12T11:12:32.982+0000] {processor.py:186} INFO - Started process (PID=348) to work on /home/airflow/.local/lib/python3.12/site-packages/airflow/example_dags/example_dataset_alias_with_no_taskflow.py
[2026-04-12T11:12:32.983+0000] {processor.py:914} INFO - Processing file /home/airflow/.local/lib/python3.12/site-packages/airflow/example_dags/example_dataset_alias_with_no_taskflow.py for tasks to queue
[2026-04-12T11:12:32.985+0000] {logging_mixin.py:190} INFO - [2026-04-12T11:12:32.984+0000] {dagbag.py:588} INFO - Filling up the DagBag from /home/airflow/.local/lib/python3.12/site-packages/airflow/example_dags/example_dataset_alias_with_no_taskflow.py
[2026-04-12T11:12:38.072+0000] {processor.py:925} INFO - DAG(s) 'dataset_alias_example_alias_producer_with_no_taskflow', 'dataset_alias_example_alias_consumer_with_no_taskflow', 'dataset_s3_bucket_producer_with_no_taskflow', 'dataset_s3_bucket_consumer_with_no_taskflow' retrieved from /home/airflow/.local/lib/python3.12/site-packages/airflow/example_dags/example_dataset_alias_with_no_taskflow.py
[2026-04-12T11:12:38.427+0000] {logging_mixin.py:190} INFO - [2026-04-12T11:12:38.425+0000] {override.py:1912} INFO - Created Permission View: can edit on DAG:dataset_alias_example_alias_producer_with_no_taskflow
[2026-04-12T11:12:38.457+0000] {logging_mixin.py:190} INFO - [2026-04-12T11:12:38.456+0000] {override.py:1912} INFO - Created Permission View: can delete on DAG:dataset_alias_example_alias_producer_with_no_taskflow
[2026-04-12T11:12:38.476+0000] {logging_mixin.py:190} INFO - [2026-04-12T11:12:38.476+0000] {override.py:1912} INFO - Created Permission View: can read on DAG:dataset_alias_example_alias_producer_with_no_taskflow
[2026-04-12T11:12:38.500+0000] {logging_mixin.py:190} INFO - [2026-04-12T11:12:38.499+0000] {override.py:1912} INFO - Created Permission View: can delete on DAG Run:dataset_alias_example_alias_producer_with_no_taskflow
[2026-04-12T11:12:38.519+0000] {logging_mixin.py:190} INFO - [2026-04-12T11:12:38.518+0000] {override.py:1912} INFO - Created Permission View: can create on DAG Run:dataset_alias_example_alias_producer_with_no_taskflow
[2026-04-12T11:12:38.538+0000] {logging_mixin.py:190} INFO - [2026-04-12T11:12:38.537+0000] {override.py:1912} INFO - Created Permission View: can read on DAG Run:dataset_alias_example_alias_producer_with_no_taskflow
[2026-04-12T11:12:38.550+0000] {logging_mixin.py:190} INFO - [2026-04-12T11:12:38.550+0000] {override.py:1912} INFO - Created Permission View: menu access on DAG Run:dataset_alias_example_alias_producer_with_no_taskflow
[2026-04-12T11:12:38.591+0000] {logging_mixin.py:190} INFO - [2026-04-12T11:12:38.590+0000] {override.py:1912} INFO - Created Permission View: can edit on DAG:dataset_alias_example_alias_consumer_with_no_taskflow
[2026-04-12T11:12:38.606+0000] {logging_mixin.py:190} INFO - [2026-04-12T11:12:38.605+0000] {override.py:1912} INFO - Created Permission View: can delete on DAG:dataset_alias_example_alias_consumer_with_no_taskflow
[2026-04-12T11:12:38.617+0000] {logging_mixin.py:190} INFO - [2026-04-12T11:12:38.617+0000] {override.py:1912} INFO - Created Permission View: can read on DAG:dataset_alias_example_alias_consumer_with_no_taskflow
[2026-04-12T11:12:38.626+0000] {logging_mixin.py:190} INFO - [2026-04-12T11:12:38.626+0000] {override.py:1912} INFO - Created Permission View: can delete on DAG Run:dataset_alias_example_alias_consumer_with_no_taskflow
[2026-04-12T11:12:38.637+0000] {logging_mixin.py:190} INFO - [2026-04-12T11:12:38.637+0000] {override.py:1912} INFO - Created Permission View: can create on DAG Run:dataset_alias_example_alias_consumer_with_no_taskflow
[2026-04-12T11:12:38.651+0000] {logging_mixin.py:190} INFO - [2026-04-12T11:12:38.651+0000] {override.py:1912} INFO - Created Permission View: can read on DAG Run:dataset_alias_example_alias_consumer_with_no_taskflow
[2026-04-12T11:12:38.660+0000] {logging_mixin.py:190} INFO - [2026-04-12T11:12:38.660+0000] {override.py:1912} INFO - Created Permission View: menu access on DAG Run:dataset_alias_example_alias_consumer_with_no_taskflow
[2026-04-12T11:12:38.677+0000] {logging_mixin.py:190} INFO - [2026-04-12T11:12:38.677+0000] {override.py:1912} INFO - Created Permission View: can edit on DAG:dataset_s3_bucket_producer_with_no_taskflow
[2026-04-12T11:12:38.686+0000] {logging_mixin.py:190} INFO - [2026-04-12T11:12:38.686+0000] {override.py:1912} INFO - Created Permission View: can delete on DAG:dataset_s3_bucket_producer_with_no_taskflow
[2026-04-12T11:12:38.695+0000] {logging_mixin.py:190} INFO - [2026-04-12T11:12:38.695+0000] {override.py:1912} INFO - Created Permission View: can read on DAG:dataset_s3_bucket_producer_with_no_taskflow
[2026-04-12T11:12:38.704+0000] {logging_mixin.py:190} INFO - [2026-04-12T11:12:38.703+0000] {override.py:1912} INFO - Created Permission View: can delete on DAG Run:dataset_s3_bucket_producer_with_no_taskflow
[2026-04-12T11:12:38.713+0000] {logging_mixin.py:190} INFO - [2026-04-12T11:12:38.712+0000] {override.py:1912} INFO - Created Permission View: can create on DAG Run:dataset_s3_bucket_producer_with_no_taskflow
[2026-04-12T11:12:38.723+0000] {logging_mixin.py:190} INFO - [2026-04-12T11:12:38.722+0000] {override.py:1912} INFO - Created Permission View: can read on DAG Run:dataset_s3_bucket_producer_with_no_taskflow
[2026-04-12T11:12:38.734+0000] {logging_mixin.py:190} INFO - [2026-04-12T11:12:38.733+0000] {override.py:1912} INFO - Created Permission View: menu access on DAG Run:dataset_s3_bucket_producer_with_no_taskflow
[2026-04-12T11:12:38.765+0000] {logging_mixin.py:190} INFO - [2026-04-12T11:12:38.763+0000] {override.py:1912} INFO - Created Permission View: can edit on DAG:dataset_s3_bucket_consumer_with_no_taskflow
[2026-04-12T11:12:38.847+0000] {logging_mixin.py:190} INFO - [2026-04-12T11:12:38.846+0000] {override.py:1912} INFO - Created Permission View: can delete on DAG:dataset_s3_bucket_consumer_with_no_taskflow
[2026-04-12T11:12:38.862+0000] {logging_mixin.py:190} INFO - [2026-04-12T11:12:38.862+0000] {override.py:1912} INFO - Created Permission View: can read on DAG:dataset_s3_bucket_consumer_with_no_taskflow
[2026-04-12T11:12:38.887+0000] {logging_mixin.py:190} INFO - [2026-04-12T11:12:38.887+0000] {override.py:1912} INFO - Created Permission View: can delete on DAG Run:dataset_s3_bucket_consumer_with_no_taskflow
[2026-04-12T11:12:38.903+0000] {logging_mixin.py:190} INFO - [2026-04-12T11:12:38.902+0000] {override.py:1912} INFO - Created Permission View: can create on DAG Run:dataset_s3_bucket_consumer_with_no_taskflow
[2026-04-12T11:12:38.919+0000] {logging_mixin.py:190} INFO - [2026-04-12T11:12:38.919+0000] {override.py:1912} INFO - Created Permission View: can read on DAG Run:dataset_s3_bucket_consumer_with_no_taskflow
[2026-04-12T11:12:38.946+0000] {logging_mixin.py:190} INFO - [2026-04-12T11:12:38.946+0000] {override.py:1912} INFO - Created Permission View: menu access on DAG Run:dataset_s3_bucket_consumer_with_no_taskflow
[2026-04-12T11:12:38.949+0000] {logging_mixin.py:190} INFO - [2026-04-12T11:12:38.947+0000] {dag.py:3239} INFO - Sync 4 DAGs
[2026-04-12T11:12:38.980+0000] {logging_mixin.py:190} INFO - [2026-04-12T11:12:38.979+0000] {dag.py:3262} INFO - Creating ORM DAG for dataset_s3_bucket_producer_with_no_taskflow
[2026-04-12T11:12:38.983+0000] {logging_mixin.py:190} INFO - [2026-04-12T11:12:38.982+0000] {dag.py:3262} INFO - Creating ORM DAG for dataset_s3_bucket_consumer_with_no_taskflow
[2026-04-12T11:12:38.985+0000] {logging_mixin.py:190} INFO - [2026-04-12T11:12:38.985+0000] {dag.py:3262} INFO - Creating ORM DAG for dataset_alias_example_alias_consumer_with_no_taskflow
[2026-04-12T11:12:38.988+0000] {logging_mixin.py:190} INFO - [2026-04-12T11:12:38.988+0000] {dag.py:3262} INFO - Creating ORM DAG for dataset_alias_example_alias_producer_with_no_taskflow
[2026-04-12T11:12:39.006+0000] {logging_mixin.py:190} INFO - [2026-04-12T11:12:39.006+0000] {dag.py:4180} INFO - Setting next_dagrun for dataset_alias_example_alias_consumer_with_no_taskflow to None, run_after=None
[2026-04-12T11:12:39.010+0000] {logging_mixin.py:190} INFO - [2026-04-12T11:12:39.009+0000] {dag.py:4180} INFO - Setting next_dagrun for dataset_alias_example_alias_producer_with_no_taskflow to None, run_after=None
[2026-04-12T11:12:39.011+0000] {logging_mixin.py:190} INFO - [2026-04-12T11:12:39.010+0000] {dag.py:4180} INFO - Setting next_dagrun for dataset_s3_bucket_consumer_with_no_taskflow to None, run_after=None
[2026-04-12T11:12:39.012+0000] {logging_mixin.py:190} INFO - [2026-04-12T11:12:39.012+0000] {dag.py:4180} INFO - Setting next_dagrun for dataset_s3_bucket_producer_with_no_taskflow to None, run_after=None
[2026-04-12T11:12:39.077+0000] {processor.py:208} INFO - Processing /home/airflow/.local/lib/python3.12/site-packages/airflow/example_dags/example_dataset_alias_with_no_taskflow.py took 6.100 seconds
[2026-04-12T11:13:09.471+0000] {processor.py:186} INFO - Started process (PID=663) to work on /home/airflow/.local/lib/python3.12/site-packages/airflow/example_dags/example_dataset_alias_with_no_taskflow.py
[2026-04-12T11:13:09.473+0000] {processor.py:914} INFO - Processing file /home/airflow/.local/lib/python3.12/site-packages/airflow/example_dags/example_dataset_alias_with_no_taskflow.py for tasks to queue
[2026-04-12T11:13:09.476+0000] {logging_mixin.py:190} INFO - [2026-04-12T11:13:09.475+0000] {dagbag.py:588} INFO - Filling up the DagBag from /home/airflow/.local/lib/python3.12/site-packages/airflow/example_dags/example_dataset_alias_with_no_taskflow.py
[2026-04-12T11:13:09.874+0000] {processor.py:925} INFO - DAG(s) 'dataset_alias_example_alias_consumer_with_no_taskflow', 'dataset_alias_example_alias_producer_with_no_taskflow', 'dataset_s3_bucket_producer_with_no_taskflow', 'dataset_s3_bucket_consumer_with_no_taskflow' retrieved from /home/airflow/.local/lib/python3.12/site-packages/airflow/example_dags/example_dataset_alias_with_no_taskflow.py
[2026-04-12T11:13:09.890+0000] {logging_mixin.py:190} INFO - [2026-04-12T11:13:09.890+0000] {dag.py:3239} INFO - Sync 4 DAGs
[2026-04-12T11:13:10.144+0000] {logging_mixin.py:190} INFO - [2026-04-12T11:13:10.143+0000] {dag.py:4180} INFO - Setting next_dagrun for dataset_alias_example_alias_consumer_with_no_taskflow to None, run_after=None
[2026-04-12T11:13:10.146+0000] {logging_mixin.py:190} INFO - [2026-04-12T11:13:10.145+0000] {dag.py:4180} INFO - Setting next_dagrun for dataset_alias_example_alias_producer_with_no_taskflow to None, run_after=None
[2026-04-12T11:13:10.147+0000] {logging_mixin.py:190} INFO - [2026-04-12T11:13:10.146+0000] {dag.py:4180} INFO - Setting next_dagrun for dataset_s3_bucket_consumer_with_no_taskflow to None, run_after=None
[2026-04-12T11:13:10.148+0000] {logging_mixin.py:190} INFO - [2026-04-12T11:13:10.148+0000] {dag.py:4180} INFO - Setting next_dagrun for dataset_s3_bucket_producer_with_no_taskflow to None, run_after=None
[2026-04-12T11:13:10.162+0000] {processor.py:208} INFO - Processing /home/airflow/.local/lib/python3.12/site-packages/airflow/example_dags/example_dataset_alias_with_no_taskflow.py took 0.699 seconds
[2026-04-12T11:13:40.964+0000] {processor.py:186} INFO - Started process (PID=960) to work on /home/airflow/.local/lib/python3.12/site-packages/airflow/example_dags/example_dataset_alias_with_no_taskflow.py
[2026-04-12T11:13:40.966+0000] {processor.py:914} INFO - Processing file /home/airflow/.local/lib/python3.12/site-packages/airflow/example_dags/example_dataset_alias_with_no_taskflow.py for tasks to queue
[2026-04-12T11:13:40.970+0000] {logging_mixin.py:190} INFO - [2026-04-12T11:13:40.970+0000] {dagbag.py:588} INFO - Filling up the DagBag from /home/airflow/.local/lib/python3.12/site-packages/airflow/example_dags/example_dataset_alias_with_no_taskflow.py
[2026-04-12T11:13:41.736+0000] {processor.py:925} INFO - DAG(s) 'dataset_alias_example_alias_producer_with_no_taskflow', 'dataset_s3_bucket_consumer_with_no_taskflow', 'dataset_alias_example_alias_consumer_with_no_taskflow', 'dataset_s3_bucket_producer_with_no_taskflow' retrieved from /home/airflow/.local/lib/python3.12/site-packages/airflow/example_dags/example_dataset_alias_with_no_taskflow.py
[2026-04-12T11:13:41.754+0000] {logging_mixin.py:190} INFO - [2026-04-12T11:13:41.754+0000] {dag.py:3239} INFO - Sync 4 DAGs
[2026-04-12T11:13:41.781+0000] {logging_mixin.py:190} INFO - [2026-04-12T11:13:41.780+0000] {dag.py:4180} INFO - Setting next_dagrun for dataset_alias_example_alias_consumer_with_no_taskflow to None, run_after=None
[2026-04-12T11:13:41.788+0000] {logging_mixin.py:190} INFO - [2026-04-12T11:13:41.788+0000] {dag.py:4180} INFO - Setting next_dagrun for dataset_alias_example_alias_producer_with_no_taskflow to None, run_after=None
[2026-04-12T11:13:41.789+0000] {logging_mixin.py:190} INFO - [2026-04-12T11:13:41.789+0000] {dag.py:4180} INFO - Setting next_dagrun for dataset_s3_bucket_consumer_with_no_taskflow to None, run_after=None
[2026-04-12T11:13:41.792+0000] {logging_mixin.py:190} INFO - [2026-04-12T11:13:41.792+0000] {dag.py:4180} INFO - Setting next_dagrun for dataset_s3_bucket_producer_with_no_taskflow to None, run_after=None
[2026-04-12T11:13:41.820+0000] {processor.py:208} INFO - Processing /home/airflow/.local/lib/python3.12/site-packages/airflow/example_dags/example_dataset_alias_with_no_taskflow.py took 0.874 seconds
[2026-04-12T11:14:12.665+0000] {processor.py:186} INFO - Started process (PID=1261) to work on /home/airflow/.local/lib/python3.12/site-packages/airflow/example_dags/example_dataset_alias_with_no_taskflow.py
[2026-04-12T11:14:12.667+0000] {processor.py:914} INFO - Processing file /home/airflow/.local/lib/python3.12/site-packages/airflow/example_dags/example_dataset_alias_with_no_taskflow.py for tasks to queue
[2026-04-12T11:14:12.668+0000] {logging_mixin.py:190} INFO - [2026-04-12T11:14:12.668+0000] {dagbag.py:588} INFO - Filling up the DagBag from /home/airflow/.local/lib/python3.12/site-packages/airflow/example_dags/example_dataset_alias_with_no_taskflow.py
[2026-04-12T11:14:13.261+0000] {processor.py:925} INFO - DAG(s) 'dataset_s3_bucket_consumer_with_no_taskflow', 'dataset_alias_example_alias_consumer_with_no_taskflow', 'dataset_alias_example_alias_producer_with_no_taskflow', 'dataset_s3_bucket_producer_with_no_taskflow' retrieved from /home/airflow/.local/lib/python3.12/site-packages/airflow/example_dags/example_dataset_alias_with_no_taskflow.py
[2026-04-12T11:14:13.285+0000] {logging_mixin.py:190} INFO - [2026-04-12T11:14:13.284+0000] {dag.py:3239} INFO - Sync 4 DAGs
[2026-04-12T11:14:13.305+0000] {logging_mixin.py:190} INFO - [2026-04-12T11:14:13.305+0000] {dag.py:4180} INFO - Setting next_dagrun for dataset_alias_example_alias_consumer_with_no_taskflow to None, run_after=None
[2026-04-12T11:14:13.308+0000] {logging_mixin.py:190} INFO - [2026-04-12T11:14:13.308+0000] {dag.py:4180} INFO - Setting next_dagrun for dataset_alias_example_alias_producer_with_no_taskflow to None, run_after=None
[2026-04-12T11:14:13.311+0000] {logging_mixin.py:190} INFO - [2026-04-12T11:14:13.311+0000] {dag.py:4180} INFO - Setting next_dagrun for dataset_s3_bucket_consumer_with_no_taskflow to None, run_after=None
[2026-04-12T11:14:13.313+0000] {logging_mixin.py:190} INFO - [2026-04-12T11:14:13.312+0000] {dag.py:4180} INFO - Setting next_dagrun for dataset_s3_bucket_producer_with_no_taskflow to None, run_after=None
[2026-04-12T11:14:13.338+0000] {processor.py:208} INFO - Processing /home/airflow/.local/lib/python3.12/site-packages/airflow/example_dags/example_dataset_alias_with_no_taskflow.py took 0.678 seconds
[2026-04-12T11:14:44.151+0000] {processor.py:186} INFO - Started process (PID=1557) to work on /home/airflow/.local/lib/python3.12/site-packages/airflow/example_dags/example_dataset_alias_with_no_taskflow.py
[2026-04-12T11:14:44.153+0000] {processor.py:914} INFO - Processing file /home/airflow/.local/lib/python3.12/site-packages/airflow/example_dags/example_dataset_alias_with_no_taskflow.py for tasks to queue
[2026-04-12T11:14:44.157+0000] {logging_mixin.py:190} INFO - [2026-04-12T11:14:44.156+0000] {dagbag.py:588} INFO - Filling up the DagBag from /home/airflow/.local/lib/python3.12/site-packages/airflow/example_dags/example_dataset_alias_with_no_taskflow.py
[2026-04-12T11:14:45.335+0000] {processor.py:925} INFO - DAG(s) 'dataset_alias_example_alias_consumer_with_no_taskflow', 'dataset_s3_bucket_producer_with_no_taskflow', 'dataset_s3_bucket_consumer_with_no_taskflow', 'dataset_alias_example_alias_producer_with_no_taskflow' retrieved from /home/airflow/.local/lib/python3.12/site-packages/airflow/example_dags/example_dataset_alias_with_no_taskflow.py
[2026-04-12T11:14:45.382+0000] {logging_mixin.py:190} INFO - [2026-04-12T11:14:45.380+0000] {dag.py:3239} INFO - Sync 4 DAGs
[2026-04-12T11:14:45.427+0000] {logging_mixin.py:190} INFO - [2026-04-12T11:14:45.426+0000] {dag.py:4180} INFO - Setting next_dagrun for dataset_alias_example_alias_consumer_with_no_taskflow to None, run_after=None
[2026-04-12T11:14:45.430+0000] {logging_mixin.py:190} INFO - [2026-04-12T11:14:45.430+0000] {dag.py:4180} INFO - Setting next_dagrun for dataset_alias_example_alias_producer_with_no_taskflow to None, run_after=None
[2026-04-12T11:14:45.435+0000] {logging_mixin.py:190} INFO - [2026-04-12T11:14:45.435+0000] {dag.py:4180} INFO - Setting next_dagrun for dataset_s3_bucket_consumer_with_no_taskflow to None, run_after=None
[2026-04-12T11:14:45.437+0000] {logging_mixin.py:190} INFO - [2026-04-12T11:14:45.436+0000] {dag.py:4180} INFO - Setting next_dagrun for dataset_s3_bucket_producer_with_no_taskflow to None, run_after=None
[2026-04-12T11:14:45.471+0000] {processor.py:208} INFO - Processing /home/airflow/.local/lib/python3.12/site-packages/airflow/example_dags/example_dataset_alias_with_no_taskflow.py took 1.345 seconds
[2026-04-12T11:15:15.676+0000] {processor.py:186} INFO - Started process (PID=1854) to work on /home/airflow/.local/lib/python3.12/site-packages/airflow/example_dags/example_dataset_alias_with_no_taskflow.py
[2026-04-12T11:15:15.677+0000] {processor.py:914} INFO - Processing file /home/airflow/.local/lib/python3.12/site-packages/airflow/example_dags/example_dataset_alias_with_no_taskflow.py for tasks to queue
[2026-04-12T11:15:15.679+0000] {logging_mixin.py:190} INFO - [2026-04-12T11:15:15.679+0000] {dagbag.py:588} INFO - Filling up the DagBag from /home/airflow/.local/lib/python3.12/site-packages/airflow/example_dags/example_dataset_alias_with_no_taskflow.py
[2026-04-12T11:15:16.189+0000] {processor.py:925} INFO - DAG(s) 'dataset_s3_bucket_producer_with_no_taskflow', 'dataset_s3_bucket_consumer_with_no_taskflow', 'dataset_alias_example_alias_producer_with_no_taskflow', 'dataset_alias_example_alias_consumer_with_no_taskflow' retrieved from /home/airflow/.local/lib/python3.12/site-packages/airflow/example_dags/example_dataset_alias_with_no_taskflow.py
[2026-04-12T11:15:16.211+0000] {logging_mixin.py:190} INFO - [2026-04-12T11:15:16.210+0000] {dag.py:3239} INFO - Sync 4 DAGs
[2026-04-12T11:15:16.230+0000] {logging_mixin.py:190} INFO - [2026-04-12T11:15:16.229+0000] {dag.py:4180} INFO - Setting next_dagrun for dataset_alias_example_alias_consumer_with_no_taskflow to None, run_after=None
[2026-04-12T11:15:16.240+0000] {logging_mixin.py:190} INFO - [2026-04-12T11:15:16.239+0000] {dag.py:4180} INFO - Setting next_dagrun for dataset_alias_example_alias_producer_with_no_taskflow to None, run_after=None
[2026-04-12T11:15:16.243+0000] {logging_mixin.py:190} INFO - [2026-04-12T11:15:16.243+0000] {dag.py:4180} INFO - Setting next_dagrun for dataset_s3_bucket_consumer_with_no_taskflow to None, run_after=None
[2026-04-12T11:15:16.248+0000] {logging_mixin.py:190} INFO - [2026-04-12T11:15:16.248+0000] {dag.py:4180} INFO - Setting next_dagrun for dataset_s3_bucket_producer_with_no_taskflow to None, run_after=None
[2026-04-12T11:15:16.272+0000] {processor.py:208} INFO - Processing /home/airflow/.local/lib/python3.12/site-packages/airflow/example_dags/example_dataset_alias_with_no_taskflow.py took 0.601 seconds
[2026-04-12T11:15:46.322+0000] {processor.py:186} INFO - Started process (PID=2150) to work on /home/airflow/.local/lib/python3.12/site-packages/airflow/example_dags/example_dataset_alias_with_no_taskflow.py
[2026-04-12T11:15:46.322+0000] {processor.py:914} INFO - Processing file /home/airflow/.local/lib/python3.12/site-packages/airflow/example_dags/example_dataset_alias_with_no_taskflow.py for tasks to queue
[2026-04-12T11:15:46.325+0000] {logging_mixin.py:190} INFO - [2026-04-12T11:15:46.324+0000] {dagbag.py:588} INFO - Filling up the DagBag from /home/airflow/.local/lib/python3.12/site-packages/airflow/example_dags/example_dataset_alias_with_no_taskflow.py
[2026-04-12T11:15:46.983+0000] {processor.py:925} INFO - DAG(s) 'dataset_alias_example_alias_consumer_with_no_taskflow', 'dataset_s3_bucket_consumer_with_no_taskflow', 'dataset_s3_bucket_producer_with_no_taskflow', 'dataset_alias_example_alias_producer_with_no_taskflow' retrieved from /home/airflow/.local/lib/python3.12/site-packages/airflow/example_dags/example_dataset_alias_with_no_taskflow.py
[2026-04-12T11:15:46.995+0000] {logging_mixin.py:190} INFO - [2026-04-12T11:15:46.995+0000] {dag.py:3239} INFO - Sync 4 DAGs
[2026-04-12T11:15:47.009+0000] {logging_mixin.py:190} INFO - [2026-04-12T11:15:47.009+0000] {dag.py:4180} INFO - Setting next_dagrun for dataset_alias_example_alias_consumer_with_no_taskflow to None, run_after=None
[2026-04-12T11:15:47.011+0000] {logging_mixin.py:190} INFO - [2026-04-12T11:15:47.011+0000] {dag.py:4180} INFO - Setting next_dagrun for dataset_alias_example_alias_producer_with_no_taskflow to None, run_after=None
[2026-04-12T11:15:47.012+0000] {logging_mixin.py:190} INFO - [2026-04-12T11:15:47.012+0000] {dag.py:4180} INFO - Setting next_dagrun for dataset_s3_bucket_consumer_with_no_taskflow to None, run_after=None
[2026-04-12T11:15:47.013+0000] {logging_mixin.py:190} INFO - [2026-04-12T11:15:47.012+0000] {dag.py:4180} INFO - Setting next_dagrun for dataset_s3_bucket_producer_with_no_taskflow to None, run_after=None
[2026-04-12T11:15:47.024+0000] {processor.py:208} INFO - Processing /home/airflow/.local/lib/python3.12/site-packages/airflow/example_dags/example_dataset_alias_with_no_taskflow.py took 0.707 seconds
[2026-04-12T11:16:17.604+0000] {processor.py:186} INFO - Started process (PID=2446) to work on /home/airflow/.local/lib/python3.12/site-packages/airflow/example_dags/example_dataset_alias_with_no_taskflow.py
[2026-04-12T11:16:17.607+0000] {processor.py:914} INFO - Processing file /home/airflow/.local/lib/python3.12/site-packages/airflow/example_dags/example_dataset_alias_with_no_taskflow.py for tasks to queue
[2026-04-12T11:16:17.610+0000] {logging_mixin.py:190} INFO - [2026-04-12T11:16:17.609+0000] {dagbag.py:588} INFO - Filling up the DagBag from /home/airflow/.local/lib/python3.12/site-packages/airflow/example_dags/example_dataset_alias_with_no_taskflow.py
[2026-04-12T11:16:19.011+0000] {processor.py:925} INFO - DAG(s) 'dataset_alias_example_alias_consumer_with_no_taskflow', 'dataset_alias_example_alias_producer_with_no_taskflow', 'dataset_s3_bucket_consumer_with_no_taskflow', 'dataset_s3_bucket_producer_with_no_taskflow' retrieved from /home/airflow/.local/lib/python3.12/site-packages/airflow/example_dags/example_dataset_alias_with_no_taskflow.py
[2026-04-12T11:16:19.045+0000] {logging_mixin.py:190} INFO - [2026-04-12T11:16:19.044+0000] {dag.py:3239} INFO - Sync 4 DAGs
[2026-04-12T11:16:19.074+0000] {logging_mixin.py:190} INFO - [2026-04-12T11:16:19.074+0000] {dag.py:4180} INFO - Setting next_dagrun for dataset_alias_example_alias_consumer_with_no_taskflow to None, run_after=None
[2026-04-12T11:16:19.077+0000] {logging_mixin.py:190} INFO - [2026-04-12T11:16:19.077+0000] {dag.py:4180} INFO - Setting next_dagrun for dataset_alias_example_alias_producer_with_no_taskflow to None, run_after=None
[2026-04-12T11:16:19.080+0000] {logging_mixin.py:190} INFO - [2026-04-12T11:16:19.080+0000] {dag.py:4180} INFO - Setting next_dagrun for dataset_s3_bucket_consumer_with_no_taskflow to None, run_after=None
[2026-04-12T11:16:19.082+0000] {logging_mixin.py:190} INFO - [2026-04-12T11:16:19.081+0000] {dag.py:4180} INFO - Setting next_dagrun for dataset_s3_bucket_producer_with_no_taskflow to None, run_after=None
[2026-04-12T11:16:19.110+0000] {processor.py:208} INFO - Processing /home/airflow/.local/lib/python3.12/site-packages/airflow/example_dags/example_dataset_alias_with_no_taskflow.py took 1.512 seconds
[2026-04-12T11:16:49.775+0000] {processor.py:186} INFO - Started process (PID=2762) to work on /home/airflow/.local/lib/python3.12/site-packages/airflow/example_dags/example_dataset_alias_with_no_taskflow.py
[2026-04-12T11:16:49.778+0000] {processor.py:914} INFO - Processing file /home/airflow/.local/lib/python3.12/site-packages/airflow/example_dags/example_dataset_alias_with_no_taskflow.py for tasks to queue
[2026-04-12T11:16:49.780+0000] {logging_mixin.py:190} INFO - [2026-04-12T11:16:49.779+0000] {dagbag.py:588} INFO - Filling up the DagBag from /home/airflow/.local/lib/python3.12/site-packages/airflow/example_dags/example_dataset_alias_with_no_taskflow.py
[2026-04-12T11:16:50.763+0000] {processor.py:925} INFO - DAG(s) 'dataset_alias_example_alias_consumer_with_no_taskflow', 'dataset_alias_example_alias_producer_with_no_taskflow', 'dataset_s3_bucket_producer_with_no_taskflow', 'dataset_s3_bucket_consumer_with_no_taskflow' retrieved from /home/airflow/.local/lib/python3.12/site-packages/airflow/example_dags/example_dataset_alias_with_no_taskflow.py
[2026-04-12T11:16:50.832+0000] {logging_mixin.py:190} INFO - [2026-04-12T11:16:50.830+0000] {dag.py:3239} INFO - Sync 4 DAGs
[2026-04-12T11:16:50.870+0000] {logging_mixin.py:190} INFO - [2026-04-12T11:16:50.870+0000] {dag.py:4180} INFO - Setting next_dagrun for dataset_alias_example_alias_consumer_with_no_taskflow to None, run_after=None
[2026-04-12T11:16:50.875+0000] {logging_mixin.py:190} INFO - [2026-04-12T11:16:50.874+0000] {dag.py:4180} INFO - Setting next_dagrun for dataset_alias_example_alias_producer_with_no_taskflow to None, run_after=None
[2026-04-12T11:16:50.880+0000] {logging_mixin.py:190} INFO - [2026-04-12T11:16:50.880+0000] {dag.py:4180} INFO - Setting next_dagrun for dataset_s3_bucket_consumer_with_no_taskflow to None, run_after=None
[2026-04-12T11:16:50.882+0000] {logging_mixin.py:190} INFO - [2026-04-12T11:16:50.882+0000] {dag.py:4180} INFO - Setting next_dagrun for dataset_s3_bucket_producer_with_no_taskflow to None, run_after=None
[2026-04-12T11:16:50.911+0000] {processor.py:208} INFO - Processing /home/airflow/.local/lib/python3.12/site-packages/airflow/example_dags/example_dataset_alias_with_no_taskflow.py took 1.143 seconds
[2026-04-12T11:17:21.266+0000] {processor.py:186} INFO - Started process (PID=3090) to work on /home/airflow/.local/lib/python3.12/site-packages/airflow/example_dags/example_dataset_alias_with_no_taskflow.py
[2026-04-12T11:17:21.268+0000] {processor.py:914} INFO - Processing file /home/airflow/.local/lib/python3.12/site-packages/airflow/example_dags/example_dataset_alias_with_no_taskflow.py for tasks to queue
[2026-04-12T11:17:21.269+0000] {logging_mixin.py:190} INFO - [2026-04-12T11:17:21.269+0000] {dagbag.py:588} INFO - Filling up the DagBag from /home/airflow/.local/lib/python3.12/site-packages/airflow/example_dags/example_dataset_alias_with_no_taskflow.py
[2026-04-12T11:17:21.909+0000] {processor.py:925} INFO - DAG(s) 'dataset_alias_example_alias_producer_with_no_taskflow', 'dataset_s3_bucket_consumer_with_no_taskflow', 'dataset_alias_example_alias_consumer_with_no_taskflow', 'dataset_s3_bucket_producer_with_no_taskflow' retrieved from /home/airflow/.local/lib/python3.12/site-packages/airflow/example_dags/example_dataset_alias_with_no_taskflow.py
[2026-04-12T11:17:21.926+0000] {logging_mixin.py:190} INFO - [2026-04-12T11:17:21.926+0000] {dag.py:3239} INFO - Sync 4 DAGs
[2026-04-12T11:17:21.946+0000] {logging_mixin.py:190} INFO - [2026-04-12T11:17:21.945+0000] {dag.py:4180} INFO - Setting next_dagrun for dataset_alias_example_alias_consumer_with_no_taskflow to None, run_after=None
[2026-04-12T11:17:21.947+0000] {logging_mixin.py:190} INFO - [2026-04-12T11:17:21.947+0000] {dag.py:4180} INFO - Setting next_dagrun for dataset_alias_example_alias_producer_with_no_taskflow to None, run_after=None
[2026-04-12T11:17:21.948+0000] {logging_mixin.py:190} INFO - [2026-04-12T11:17:21.948+0000] {dag.py:4180} INFO - Setting next_dagrun for dataset_s3_bucket_consumer_with_no_taskflow to None, run_after=None
[2026-04-12T11:17:21.949+0000] {logging_mixin.py:190} INFO - [2026-04-12T11:17:21.949+0000] {dag.py:4180} INFO - Setting next_dagrun for dataset_s3_bucket_producer_with_no_taskflow to None, run_after=None
[2026-04-12T11:17:21.964+0000] {processor.py:208} INFO - Processing /home/airflow/.local/lib/python3.12/site-packages/airflow/example_dags/example_dataset_alias_with_no_taskflow.py took 0.703 seconds
[2026-04-12T11:17:52.844+0000] {processor.py:186} INFO - Started process (PID=3386) to work on /home/airflow/.local/lib/python3.12/site-packages/airflow/example_dags/example_dataset_alias_with_no_taskflow.py
[2026-04-12T11:17:52.846+0000] {processor.py:914} INFO - Processing file /home/airflow/.local/lib/python3.12/site-packages/airflow/example_dags/example_dataset_alias_with_no_taskflow.py for tasks to queue
[2026-04-12T11:17:52.849+0000] {logging_mixin.py:190} INFO - [2026-04-12T11:17:52.848+0000] {dagbag.py:588} INFO - Filling up the DagBag from /home/airflow/.local/lib/python3.12/site-packages/airflow/example_dags/example_dataset_alias_with_no_taskflow.py
[2026-04-12T11:17:53.405+0000] {processor.py:925} INFO - DAG(s) 'dataset_s3_bucket_producer_with_no_taskflow', 'dataset_s3_bucket_consumer_with_no_taskflow', 'dataset_alias_example_alias_consumer_with_no_taskflow', 'dataset_alias_example_alias_producer_with_no_taskflow' retrieved from /home/airflow/.local/lib/python3.12/site-packages/airflow/example_dags/example_dataset_alias_with_no_taskflow.py
[2026-04-12T11:17:53.423+0000] {logging_mixin.py:190} INFO - [2026-04-12T11:17:53.423+0000] {dag.py:3239} INFO - Sync 4 DAGs
[2026-04-12T11:17:53.439+0000] {logging_mixin.py:190} INFO - [2026-04-12T11:17:53.438+0000] {dag.py:4180} INFO - Setting next_dagrun for dataset_alias_example_alias_consumer_with_no_taskflow to None, run_after=None
[2026-04-12T11:17:53.441+0000] {logging_mixin.py:190} INFO - [2026-04-12T11:17:53.441+0000] {dag.py:4180} INFO - Setting next_dagrun for dataset_alias_example_alias_producer_with_no_taskflow to None, run_after=None
[2026-04-12T11:17:53.443+0000] {logging_mixin.py:190} INFO - [2026-04-12T11:17:53.443+0000] {dag.py:4180} INFO - Setting next_dagrun for dataset_s3_bucket_consumer_with_no_taskflow to None, run_after=None
[2026-04-12T11:17:53.444+0000] {logging_mixin.py:190} INFO - [2026-04-12T11:17:53.444+0000] {dag.py:4180} INFO - Setting next_dagrun for dataset_s3_bucket_producer_with_no_taskflow to None, run_after=None
[2026-04-12T11:17:53.458+0000] {processor.py:208} INFO - Processing /home/airflow/.local/lib/python3.12/site-packages/airflow/example_dags/example_dataset_alias_with_no_taskflow.py took 0.622 seconds
[2026-04-12T11:18:23.701+0000] {processor.py:186} INFO - Started process (PID=3693) to work on /home/airflow/.local/lib/python3.12/site-packages/airflow/example_dags/example_dataset_alias_with_no_taskflow.py
[2026-04-12T11:18:23.703+0000] {processor.py:914} INFO - Processing file /home/airflow/.local/lib/python3.12/site-packages/airflow/example_dags/example_dataset_alias_with_no_taskflow.py for tasks to queue
[2026-04-12T11:18:23.705+0000] {logging_mixin.py:190} INFO - [2026-04-12T11:18:23.705+0000] {dagbag.py:588} INFO - Filling up the DagBag from /home/airflow/.local/lib/python3.12/site-packages/airflow/example_dags/example_dataset_alias_with_no_taskflow.py
[2026-04-12T11:18:24.371+0000] {processor.py:925} INFO - DAG(s) 'dataset_s3_bucket_producer_with_no_taskflow', 'dataset_s3_bucket_consumer_with_no_taskflow', 'dataset_alias_example_alias_consumer_with_no_taskflow', 'dataset_alias_example_alias_producer_with_no_taskflow' retrieved from /home/airflow/.local/lib/python3.12/site-packages/airflow/example_dags/example_dataset_alias_with_no_taskflow.py
[2026-04-12T11:18:24.391+0000] {logging_mixin.py:190} INFO - [2026-04-12T11:18:24.391+0000] {dag.py:3239} INFO - Sync 4 DAGs
[2026-04-12T11:18:24.412+0000] {logging_mixin.py:190} INFO - [2026-04-12T11:18:24.412+0000] {dag.py:4180} INFO - Setting next_dagrun for dataset_alias_example_alias_consumer_with_no_taskflow to None, run_after=None
[2026-04-12T11:18:24.414+0000] {logging_mixin.py:190} INFO - [2026-04-12T11:18:24.414+0000] {dag.py:4180} INFO - Setting next_dagrun for dataset_alias_example_alias_producer_with_no_taskflow to None, run_after=None
[2026-04-12T11:18:24.415+0000] {logging_mixin.py:190} INFO - [2026-04-12T11:18:24.415+0000] {dag.py:4180} INFO - Setting next_dagrun for dataset_s3_bucket_consumer_with_no_taskflow to None, run_after=None
[2026-04-12T11:18:24.416+0000] {logging_mixin.py:190} INFO - [2026-04-12T11:18:24.416+0000] {dag.py:4180} INFO - Setting next_dagrun for dataset_s3_bucket_producer_with_no_taskflow to None, run_after=None
[2026-04-12T11:18:24.433+0000] {processor.py:208} INFO - Processing /home/airflow/.local/lib/python3.12/site-packages/airflow/example_dags/example_dataset_alias_with_no_taskflow.py took 0.742 seconds
[2026-04-12T11:18:55.070+0000] {processor.py:186} INFO - Started process (PID=3989) to work on /home/airflow/.local/lib/python3.12/site-packages/airflow/example_dags/example_dataset_alias_with_no_taskflow.py
[2026-04-12T11:18:55.071+0000] {processor.py:914} INFO - Processing file /home/airflow/.local/lib/python3.12/site-packages/airflow/example_dags/example_dataset_alias_with_no_taskflow.py for tasks to queue
[2026-04-12T11:18:55.075+0000] {logging_mixin.py:190} INFO - [2026-04-12T11:18:55.074+0000] {dagbag.py:588} INFO - Filling up the DagBag from /home/airflow/.local/lib/python3.12/site-packages/airflow/example_dags/example_dataset_alias_with_no_taskflow.py
[2026-04-12T11:18:55.732+0000] {processor.py:925} INFO - DAG(s) 'dataset_s3_bucket_consumer_with_no_taskflow', 'dataset_alias_example_alias_consumer_with_no_taskflow', 'dataset_s3_bucket_producer_with_no_taskflow', 'dataset_alias_example_alias_producer_with_no_taskflow' retrieved from /home/airflow/.local/lib/python3.12/site-packages/airflow/example_dags/example_dataset_alias_with_no_taskflow.py
[2026-04-12T11:18:55.753+0000] {logging_mixin.py:190} INFO - [2026-04-12T11:18:55.753+0000] {dag.py:3239} INFO - Sync 4 DAGs
[2026-04-12T11:18:55.770+0000] {logging_mixin.py:190} INFO - [2026-04-12T11:18:55.770+0000] {dag.py:4180} INFO - Setting next_dagrun for dataset_alias_example_alias_consumer_with_no_taskflow to None, run_after=None
[2026-04-12T11:18:55.774+0000] {logging_mixin.py:190} INFO - [2026-04-12T11:18:55.774+0000] {dag.py:4180} INFO - Setting next_dagrun for dataset_alias_example_alias_producer_with_no_taskflow to None, run_after=None
[2026-04-12T11:18:55.775+0000] {logging_mixin.py:190} INFO - [2026-04-12T11:18:55.775+0000] {dag.py:4180} INFO - Setting next_dagrun for dataset_s3_bucket_consumer_with_no_taskflow to None, run_after=None
[2026-04-12T11:18:55.777+0000] {logging_mixin.py:190} INFO - [2026-04-12T11:18:55.777+0000] {dag.py:4180} INFO - Setting next_dagrun for dataset_s3_bucket_producer_with_no_taskflow to None, run_after=None
[2026-04-12T11:18:55.794+0000] {processor.py:208} INFO - Processing /home/airflow/.local/lib/python3.12/site-packages/airflow/example_dags/example_dataset_alias_with_no_taskflow.py took 0.731 seconds
[2026-04-12T11:19:26.392+0000] {processor.py:186} INFO - Started process (PID=4300) to work on /home/airflow/.local/lib/python3.12/site-packages/airflow/example_dags/example_dataset_alias_with_no_taskflow.py
[2026-04-12T11:19:26.393+0000] {processor.py:914} INFO - Processing file /home/airflow/.local/lib/python3.12/site-packages/airflow/example_dags/example_dataset_alias_with_no_taskflow.py for tasks to queue
[2026-04-12T11:19:26.395+0000] {logging_mixin.py:190} INFO - [2026-04-12T11:19:26.395+0000] {dagbag.py:588} INFO - Filling up the DagBag from /home/airflow/.local/lib/python3.12/site-packages/airflow/example_dags/example_dataset_alias_with_no_taskflow.py
[2026-04-12T11:19:26.982+0000] {processor.py:925} INFO - DAG(s) 'dataset_s3_bucket_consumer_with_no_taskflow', 'dataset_alias_example_alias_consumer_with_no_taskflow', 'dataset_alias_example_alias_producer_with_no_taskflow', 'dataset_s3_bucket_producer_with_no_taskflow' retrieved from /home/airflow/.local/lib/python3.12/site-packages/airflow/example_dags/example_dataset_alias_with_no_taskflow.py
[2026-04-12T11:19:26.999+0000] {logging_mixin.py:190} INFO - [2026-04-12T11:19:26.999+0000] {dag.py:3239} INFO - Sync 4 DAGs
[2026-04-12T11:19:27.015+0000] {logging_mixin.py:190} INFO - [2026-04-12T11:19:27.015+0000] {dag.py:4180} INFO - Setting next_dagrun for dataset_alias_example_alias_consumer_with_no_taskflow to None, run_after=None
[2026-04-12T11:19:27.018+0000] {logging_mixin.py:190} INFO - [2026-04-12T11:19:27.018+0000] {dag.py:4180} INFO - Setting next_dagrun for dataset_alias_example_alias_producer_with_no_taskflow to None, run_after=None
[2026-04-12T11:19:27.019+0000] {logging_mixin.py:190} INFO - [2026-04-12T11:19:27.019+0000] {dag.py:4180} INFO - Setting next_dagrun for dataset_s3_bucket_consumer_with_no_taskflow to None, run_after=None
[2026-04-12T11:19:27.020+0000] {logging_mixin.py:190} INFO - [2026-04-12T11:19:27.020+0000] {dag.py:4180} INFO - Setting next_dagrun for dataset_s3_bucket_producer_with_no_taskflow to None, run_after=None
[2026-04-12T11:19:27.040+0000] {processor.py:208} INFO - Processing /home/airflow/.local/lib/python3.12/site-packages/airflow/example_dags/example_dataset_alias_with_no_taskflow.py took 0.654 seconds
[2026-04-12T11:19:57.264+0000] {processor.py:186} INFO - Started process (PID=4596) to work on /home/airflow/.local/lib/python3.12/site-packages/airflow/example_dags/example_dataset_alias_with_no_taskflow.py
[2026-04-12T11:19:57.266+0000] {processor.py:914} INFO - Processing file /home/airflow/.local/lib/python3.12/site-packages/airflow/example_dags/example_dataset_alias_with_no_taskflow.py for tasks to queue
[2026-04-12T11:19:57.268+0000] {logging_mixin.py:190} INFO - [2026-04-12T11:19:57.267+0000] {dagbag.py:588} INFO - Filling up the DagBag from /home/airflow/.local/lib/python3.12/site-packages/airflow/example_dags/example_dataset_alias_with_no_taskflow.py
[2026-04-12T11:19:57.888+0000] {processor.py:925} INFO - DAG(s) 'dataset_alias_example_alias_consumer_with_no_taskflow', 'dataset_s3_bucket_producer_with_no_taskflow', 'dataset_s3_bucket_consumer_with_no_taskflow', 'dataset_alias_example_alias_producer_with_no_taskflow' retrieved from /home/airflow/.local/lib/python3.12/site-packages/airflow/example_dags/example_dataset_alias_with_no_taskflow.py
[2026-04-12T11:19:57.907+0000] {logging_mixin.py:190} INFO - [2026-04-12T11:19:57.906+0000] {dag.py:3239} INFO - Sync 4 DAGs
[2026-04-12T11:19:57.923+0000] {logging_mixin.py:190} INFO - [2026-04-12T11:19:57.923+0000] {dag.py:4180} INFO - Setting next_dagrun for dataset_alias_example_alias_consumer_with_no_taskflow to None, run_after=None
[2026-04-12T11:19:57.928+0000] {logging_mixin.py:190} INFO - [2026-04-12T11:19:57.928+0000] {dag.py:4180} INFO - Setting next_dagrun for dataset_alias_example_alias_producer_with_no_taskflow to None, run_after=None
[2026-04-12T11:19:57.931+0000] {logging_mixin.py:190} INFO - [2026-04-12T11:19:57.930+0000] {dag.py:4180} INFO - Setting next_dagrun for dataset_s3_bucket_consumer_with_no_taskflow to None, run_after=None
[2026-04-12T11:19:57.931+0000] {logging_mixin.py:190} INFO - [2026-04-12T11:19:57.931+0000] {dag.py:4180} INFO - Setting next_dagrun for dataset_s3_bucket_producer_with_no_taskflow to None, run_after=None
[2026-04-12T11:19:57.950+0000] {processor.py:208} INFO - Processing /home/airflow/.local/lib/python3.12/site-packages/airflow/example_dags/example_dataset_alias_with_no_taskflow.py took 0.691 seconds
[2026-04-12T11:20:28.104+0000] {processor.py:186} INFO - Started process (PID=4892) to work on /home/airflow/.local/lib/python3.12/site-packages/airflow/example_dags/example_dataset_alias_with_no_taskflow.py
[2026-04-12T11:20:28.106+0000] {processor.py:914} INFO - Processing file /home/airflow/.local/lib/python3.12/site-packages/airflow/example_dags/example_dataset_alias_with_no_taskflow.py for tasks to queue
[2026-04-12T11:20:28.108+0000] {logging_mixin.py:190} INFO - [2026-04-12T11:20:28.108+0000] {dagbag.py:588} INFO - Filling up the DagBag from /home/airflow/.local/lib/python3.12/site-packages/airflow/example_dags/example_dataset_alias_with_no_taskflow.py
[2026-04-12T11:20:28.666+0000] {processor.py:925} INFO - DAG(s) 'dataset_alias_example_alias_consumer_with_no_taskflow', 'dataset_s3_bucket_consumer_with_no_taskflow', 'dataset_alias_example_alias_producer_with_no_taskflow', 'dataset_s3_bucket_producer_with_no_taskflow' retrieved from /home/airflow/.local/lib/python3.12/site-packages/airflow/example_dags/example_dataset_alias_with_no_taskflow.py
[2026-04-12T11:20:28.684+0000] {logging_mixin.py:190} INFO - [2026-04-12T11:20:28.684+0000] {dag.py:3239} INFO - Sync 4 DAGs
[2026-04-12T11:20:28.704+0000] {logging_mixin.py:190} INFO - [2026-04-12T11:20:28.704+0000] {dag.py:4180} INFO - Setting next_dagrun for dataset_alias_example_alias_consumer_with_no_taskflow to None, run_after=None
[2026-04-12T11:20:28.710+0000] {logging_mixin.py:190} INFO - [2026-04-12T11:20:28.709+0000] {dag.py:4180} INFO - Setting next_dagrun for dataset_alias_example_alias_producer_with_no_taskflow to None, run_after=None
[2026-04-12T11:20:28.711+0000] {logging_mixin.py:190} INFO - [2026-04-12T11:20:28.711+0000] {dag.py:4180} INFO - Setting next_dagrun for dataset_s3_bucket_consumer_with_no_taskflow to None, run_after=None
[2026-04-12T11:20:28.713+0000] {logging_mixin.py:190} INFO - [2026-04-12T11:20:28.713+0000] {dag.py:4180} INFO - Setting next_dagrun for dataset_s3_bucket_producer_with_no_taskflow to None, run_after=None
[2026-04-12T11:20:28.732+0000] {processor.py:208} INFO - Processing /home/airflow/.local/lib/python3.12/site-packages/airflow/example_dags/example_dataset_alias_with_no_taskflow.py took 0.636 seconds
[2026-04-12T11:20:59.642+0000] {processor.py:186} INFO - Started process (PID=5188) to work on /home/airflow/.local/lib/python3.12/site-packages/airflow/example_dags/example_dataset_alias_with_no_taskflow.py
[2026-04-12T11:20:59.644+0000] {processor.py:914} INFO - Processing file /home/airflow/.local/lib/python3.12/site-packages/airflow/example_dags/example_dataset_alias_with_no_taskflow.py for tasks to queue
[2026-04-12T11:20:59.646+0000] {logging_mixin.py:190} INFO - [2026-04-12T11:20:59.645+0000] {dagbag.py:588} INFO - Filling up the DagBag from /home/airflow/.local/lib/python3.12/site-packages/airflow/example_dags/example_dataset_alias_with_no_taskflow.py
[2026-04-12T11:21:00.225+0000] {processor.py:925} INFO - DAG(s) 'dataset_s3_bucket_consumer_with_no_taskflow', 'dataset_alias_example_alias_consumer_with_no_taskflow', 'dataset_alias_example_alias_producer_with_no_taskflow', 'dataset_s3_bucket_producer_with_no_taskflow' retrieved from /home/airflow/.local/lib/python3.12/site-packages/airflow/example_dags/example_dataset_alias_with_no_taskflow.py
[2026-04-12T11:21:00.239+0000] {logging_mixin.py:190} INFO - [2026-04-12T11:21:00.239+0000] {dag.py:3239} INFO - Sync 4 DAGs
[2026-04-12T11:21:00.257+0000] {logging_mixin.py:190} INFO - [2026-04-12T11:21:00.257+0000] {dag.py:4180} INFO - Setting next_dagrun for dataset_alias_example_alias_consumer_with_no_taskflow to None, run_after=None
[2026-04-12T11:21:00.260+0000] {logging_mixin.py:190} INFO - [2026-04-12T11:21:00.260+0000] {dag.py:4180} INFO - Setting next_dagrun for dataset_alias_example_alias_producer_with_no_taskflow to None, run_after=None
[2026-04-12T11:21:00.261+0000] {logging_mixin.py:190} INFO - [2026-04-12T11:21:00.261+0000] {dag.py:4180} INFO - Setting next_dagrun for dataset_s3_bucket_consumer_with_no_taskflow to None, run_after=None
[2026-04-12T11:21:00.263+0000] {logging_mixin.py:190} INFO - [2026-04-12T11:21:00.263+0000] {dag.py:4180} INFO - Setting next_dagrun for dataset_s3_bucket_producer_with_no_taskflow to None, run_after=None
[2026-04-12T11:21:00.282+0000] {processor.py:208} INFO - Processing /home/airflow/.local/lib/python3.12/site-packages/airflow/example_dags/example_dataset_alias_with_no_taskflow.py took 0.646 seconds
[2026-04-12T11:21:30.390+0000] {processor.py:186} INFO - Started process (PID=5484) to work on /home/airflow/.local/lib/python3.12/site-packages/airflow/example_dags/example_dataset_alias_with_no_taskflow.py
[2026-04-12T11:21:30.391+0000] {processor.py:914} INFO - Processing file /home/airflow/.local/lib/python3.12/site-packages/airflow/example_dags/example_dataset_alias_with_no_taskflow.py for tasks to queue
[2026-04-12T11:21:30.393+0000] {logging_mixin.py:190} INFO - [2026-04-12T11:21:30.393+0000] {dagbag.py:588} INFO - Filling up the DagBag from /home/airflow/.local/lib/python3.12/site-packages/airflow/example_dags/example_dataset_alias_with_no_taskflow.py
[2026-04-12T11:21:30.964+0000] {processor.py:925} INFO - DAG(s) 'dataset_alias_example_alias_producer_with_no_taskflow', 'dataset_s3_bucket_producer_with_no_taskflow', 'dataset_s3_bucket_consumer_with_no_taskflow', 'dataset_alias_example_alias_consumer_with_no_taskflow' retrieved from /home/airflow/.local/lib/python3.12/site-packages/airflow/example_dags/example_dataset_alias_with_no_taskflow.py
[2026-04-12T11:21:30.983+0000] {logging_mixin.py:190} INFO - [2026-04-12T11:21:30.982+0000] {dag.py:3239} INFO - Sync 4 DAGs
[2026-04-12T11:21:31.000+0000] {logging_mixin.py:190} INFO - [2026-04-12T11:21:31.000+0000] {dag.py:4180} INFO - Setting next_dagrun for dataset_alias_example_alias_consumer_with_no_taskflow to None, run_after=None
[2026-04-12T11:21:31.004+0000] {logging_mixin.py:190} INFO - [2026-04-12T11:21:31.004+0000] {dag.py:4180} INFO - Setting next_dagrun for dataset_alias_example_alias_producer_with_no_taskflow to None, run_after=None
[2026-04-12T11:21:31.006+0000] {logging_mixin.py:190} INFO - [2026-04-12T11:21:31.006+0000] {dag.py:4180} INFO - Setting next_dagrun for dataset_s3_bucket_consumer_with_no_taskflow to None, run_after=None
[2026-04-12T11:21:31.010+0000] {logging_mixin.py:190} INFO - [2026-04-12T11:21:31.010+0000] {dag.py:4180} INFO - Setting next_dagrun for dataset_s3_bucket_producer_with_no_taskflow to None, run_after=None
[2026-04-12T11:21:31.027+0000] {processor.py:208} INFO - Processing /home/airflow/.local/lib/python3.12/site-packages/airflow/example_dags/example_dataset_alias_with_no_taskflow.py took 0.643 seconds
[2026-04-12T11:22:01.585+0000] {processor.py:186} INFO - Started process (PID=5780) to work on /home/airflow/.local/lib/python3.12/site-packages/airflow/example_dags/example_dataset_alias_with_no_taskflow.py
[2026-04-12T11:22:01.588+0000] {processor.py:914} INFO - Processing file /home/airflow/.local/lib/python3.12/site-packages/airflow/example_dags/example_dataset_alias_with_no_taskflow.py for tasks to queue
[2026-04-12T11:22:01.591+0000] {logging_mixin.py:190} INFO - [2026-04-12T11:22:01.591+0000] {dagbag.py:588} INFO - Filling up the DagBag from /home/airflow/.local/lib/python3.12/site-packages/airflow/example_dags/example_dataset_alias_with_no_taskflow.py
[2026-04-12T11:22:02.199+0000] {processor.py:925} INFO - DAG(s) 'dataset_s3_bucket_consumer_with_no_taskflow', 'dataset_s3_bucket_producer_with_no_taskflow', 'dataset_alias_example_alias_consumer_with_no_taskflow', 'dataset_alias_example_alias_producer_with_no_taskflow' retrieved from /home/airflow/.local/lib/python3.12/site-packages/airflow/example_dags/example_dataset_alias_with_no_taskflow.py
[2026-04-12T11:22:02.222+0000] {logging_mixin.py:190} INFO - [2026-04-12T11:22:02.222+0000] {dag.py:3239} INFO - Sync 4 DAGs
[2026-04-12T11:22:02.240+0000] {logging_mixin.py:190} INFO - [2026-04-12T11:22:02.239+0000] {dag.py:4180} INFO - Setting next_dagrun for dataset_alias_example_alias_consumer_with_no_taskflow to None, run_after=None
[2026-04-12T11:22:02.241+0000] {logging_mixin.py:190} INFO - [2026-04-12T11:22:02.241+0000] {dag.py:4180} INFO - Setting next_dagrun for dataset_alias_example_alias_producer_with_no_taskflow to None, run_after=None
[2026-04-12T11:22:02.242+0000] {logging_mixin.py:190} INFO - [2026-04-12T11:22:02.242+0000] {dag.py:4180} INFO - Setting next_dagrun for dataset_s3_bucket_consumer_with_no_taskflow to None, run_after=None
[2026-04-12T11:22:02.243+0000] {logging_mixin.py:190} INFO - [2026-04-12T11:22:02.243+0000] {dag.py:4180} INFO - Setting next_dagrun for dataset_s3_bucket_producer_with_no_taskflow to None, run_after=None
[2026-04-12T11:22:02.258+0000] {processor.py:208} INFO - Processing /home/airflow/.local/lib/python3.12/site-packages/airflow/example_dags/example_dataset_alias_with_no_taskflow.py took 0.684 seconds
[2026-04-12T11:22:32.828+0000] {processor.py:186} INFO - Started process (PID=6081) to work on /home/airflow/.local/lib/python3.12/site-packages/airflow/example_dags/example_dataset_alias_with_no_taskflow.py
[2026-04-12T11:22:32.829+0000] {processor.py:914} INFO - Processing file /home/airflow/.local/lib/python3.12/site-packages/airflow/example_dags/example_dataset_alias_with_no_taskflow.py for tasks to queue
[2026-04-12T11:22:32.833+0000] {logging_mixin.py:190} INFO - [2026-04-12T11:22:32.832+0000] {dagbag.py:588} INFO - Filling up the DagBag from /home/airflow/.local/lib/python3.12/site-packages/airflow/example_dags/example_dataset_alias_with_no_taskflow.py
[2026-04-12T11:22:33.402+0000] {processor.py:925} INFO - DAG(s) 'dataset_alias_example_alias_producer_with_no_taskflow', 'dataset_s3_bucket_consumer_with_no_taskflow', 'dataset_s3_bucket_producer_with_no_taskflow', 'dataset_alias_example_alias_consumer_with_no_taskflow' retrieved from /home/airflow/.local/lib/python3.12/site-packages/airflow/example_dags/example_dataset_alias_with_no_taskflow.py
[2026-04-12T11:22:33.417+0000] {logging_mixin.py:190} INFO - [2026-04-12T11:22:33.417+0000] {dag.py:3239} INFO - Sync 4 DAGs
[2026-04-12T11:22:33.430+0000] {logging_mixin.py:190} INFO - [2026-04-12T11:22:33.430+0000] {dag.py:4180} INFO - Setting next_dagrun for dataset_alias_example_alias_consumer_with_no_taskflow to None, run_after=None
[2026-04-12T11:22:33.435+0000] {logging_mixin.py:190} INFO - [2026-04-12T11:22:33.435+0000] {dag.py:4180} INFO - Setting next_dagrun for dataset_alias_example_alias_producer_with_no_taskflow to None, run_after=None
[2026-04-12T11:22:33.436+0000] {logging_mixin.py:190} INFO - [2026-04-12T11:22:33.435+0000] {dag.py:4180} INFO - Setting next_dagrun for dataset_s3_bucket_consumer_with_no_taskflow to None, run_after=None
[2026-04-12T11:22:33.436+0000] {logging_mixin.py:190} INFO - [2026-04-12T11:22:33.436+0000] {dag.py:4180} INFO - Setting next_dagrun for dataset_s3_bucket_producer_with_no_taskflow to None, run_after=None
[2026-04-12T11:22:33.457+0000] {processor.py:208} INFO - Processing /home/airflow/.local/lib/python3.12/site-packages/airflow/example_dags/example_dataset_alias_with_no_taskflow.py took 0.639 seconds
[2026-04-12T11:23:03.970+0000] {processor.py:186} INFO - Started process (PID=6377) to work on /home/airflow/.local/lib/python3.12/site-packages/airflow/example_dags/example_dataset_alias_with_no_taskflow.py
[2026-04-12T11:23:03.972+0000] {processor.py:914} INFO - Processing file /home/airflow/.local/lib/python3.12/site-packages/airflow/example_dags/example_dataset_alias_with_no_taskflow.py for tasks to queue
[2026-04-12T11:23:03.979+0000] {logging_mixin.py:190} INFO - [2026-04-12T11:23:03.978+0000] {dagbag.py:588} INFO - Filling up the DagBag from /home/airflow/.local/lib/python3.12/site-packages/airflow/example_dags/example_dataset_alias_with_no_taskflow.py
[2026-04-12T11:23:04.698+0000] {processor.py:925} INFO - DAG(s) 'dataset_s3_bucket_consumer_with_no_taskflow', 'dataset_s3_bucket_producer_with_no_taskflow', 'dataset_alias_example_alias_consumer_with_no_taskflow', 'dataset_alias_example_alias_producer_with_no_taskflow' retrieved from /home/airflow/.local/lib/python3.12/site-packages/airflow/example_dags/example_dataset_alias_with_no_taskflow.py
[2026-04-12T11:23:04.721+0000] {logging_mixin.py:190} INFO - [2026-04-12T11:23:04.721+0000] {dag.py:3239} INFO - Sync 4 DAGs
[2026-04-12T11:23:04.740+0000] {logging_mixin.py:190} INFO - [2026-04-12T11:23:04.740+0000] {dag.py:4180} INFO - Setting next_dagrun for dataset_alias_example_alias_consumer_with_no_taskflow to None, run_after=None
[2026-04-12T11:23:04.744+0000] {logging_mixin.py:190} INFO - [2026-04-12T11:23:04.744+0000] {dag.py:4180} INFO - Setting next_dagrun for dataset_alias_example_alias_producer_with_no_taskflow to None, run_after=None
[2026-04-12T11:23:04.745+0000] {logging_mixin.py:190} INFO - [2026-04-12T11:23:04.745+0000] {dag.py:4180} INFO - Setting next_dagrun for dataset_s3_bucket_consumer_with_no_taskflow to None, run_after=None
[2026-04-12T11:23:04.746+0000] {logging_mixin.py:190} INFO - [2026-04-12T11:23:04.746+0000] {dag.py:4180} INFO - Setting next_dagrun for dataset_s3_bucket_producer_with_no_taskflow to None, run_after=None
[2026-04-12T11:23:04.767+0000] {processor.py:208} INFO - Processing /home/airflow/.local/lib/python3.12/site-packages/airflow/example_dags/example_dataset_alias_with_no_taskflow.py took 0.810 seconds
[2026-04-12T11:23:35.154+0000] {processor.py:186} INFO - Started process (PID=6673) to work on /home/airflow/.local/lib/python3.12/site-packages/airflow/example_dags/example_dataset_alias_with_no_taskflow.py
[2026-04-12T11:23:35.156+0000] {processor.py:914} INFO - Processing file /home/airflow/.local/lib/python3.12/site-packages/airflow/example_dags/example_dataset_alias_with_no_taskflow.py for tasks to queue
[2026-04-12T11:23:35.159+0000] {logging_mixin.py:190} INFO - [2026-04-12T11:23:35.159+0000] {dagbag.py:588} INFO - Filling up the DagBag from /home/airflow/.local/lib/python3.12/site-packages/airflow/example_dags/example_dataset_alias_with_no_taskflow.py
[2026-04-12T11:23:36.046+0000] {processor.py:925} INFO - DAG(s) 'dataset_s3_bucket_producer_with_no_taskflow', 'dataset_alias_example_alias_producer_with_no_taskflow', 'dataset_alias_example_alias_consumer_with_no_taskflow', 'dataset_s3_bucket_consumer_with_no_taskflow' retrieved from /home/airflow/.local/lib/python3.12/site-packages/airflow/example_dags/example_dataset_alias_with_no_taskflow.py
[2026-04-12T11:23:36.073+0000] {logging_mixin.py:190} INFO - [2026-04-12T11:23:36.073+0000] {dag.py:3239} INFO - Sync 4 DAGs
[2026-04-12T11:23:36.099+0000] {logging_mixin.py:190} INFO - [2026-04-12T11:23:36.099+0000] {dag.py:4180} INFO - Setting next_dagrun for dataset_alias_example_alias_consumer_with_no_taskflow to None, run_after=None
[2026-04-12T11:23:36.102+0000] {logging_mixin.py:190} INFO - [2026-04-12T11:23:36.102+0000] {dag.py:4180} INFO - Setting next_dagrun for dataset_alias_example_alias_producer_with_no_taskflow to None, run_after=None
[2026-04-12T11:23:36.103+0000] {logging_mixin.py:190} INFO - [2026-04-12T11:23:36.103+0000] {dag.py:4180} INFO - Setting next_dagrun for dataset_s3_bucket_consumer_with_no_taskflow to None, run_after=None
[2026-04-12T11:23:36.105+0000] {logging_mixin.py:190} INFO - [2026-04-12T11:23:36.105+0000] {dag.py:4180} INFO - Setting next_dagrun for dataset_s3_bucket_producer_with_no_taskflow to None, run_after=None
[2026-04-12T11:23:36.127+0000] {processor.py:208} INFO - Processing /home/airflow/.local/lib/python3.12/site-packages/airflow/example_dags/example_dataset_alias_with_no_taskflow.py took 0.982 seconds
[2026-04-12T11:24:06.609+0000] {processor.py:186} INFO - Started process (PID=6969) to work on /home/airflow/.local/lib/python3.12/site-packages/airflow/example_dags/example_dataset_alias_with_no_taskflow.py
[2026-04-12T11:24:06.610+0000] {processor.py:914} INFO - Processing file /home/airflow/.local/lib/python3.12/site-packages/airflow/example_dags/example_dataset_alias_with_no_taskflow.py for tasks to queue
[2026-04-12T11:24:06.613+0000] {logging_mixin.py:190} INFO - [2026-04-12T11:24:06.612+0000] {dagbag.py:588} INFO - Filling up the DagBag from /home/airflow/.local/lib/python3.12/site-packages/airflow/example_dags/example_dataset_alias_with_no_taskflow.py
[2026-04-12T11:24:07.261+0000] {processor.py:925} INFO - DAG(s) 'dataset_alias_example_alias_producer_with_no_taskflow', 'dataset_s3_bucket_producer_with_no_taskflow', 'dataset_s3_bucket_consumer_with_no_taskflow', 'dataset_alias_example_alias_consumer_with_no_taskflow' retrieved from /home/airflow/.local/lib/python3.12/site-packages/airflow/example_dags/example_dataset_alias_with_no_taskflow.py
[2026-04-12T11:24:07.276+0000] {logging_mixin.py:190} INFO - [2026-04-12T11:24:07.276+0000] {dag.py:3239} INFO - Sync 4 DAGs
[2026-04-12T11:24:07.296+0000] {logging_mixin.py:190} INFO - [2026-04-12T11:24:07.296+0000] {dag.py:4180} INFO - Setting next_dagrun for dataset_alias_example_alias_consumer_with_no_taskflow to None, run_after=None
[2026-04-12T11:24:07.299+0000] {logging_mixin.py:190} INFO - [2026-04-12T11:24:07.299+0000] {dag.py:4180} INFO - Setting next_dagrun for dataset_alias_example_alias_producer_with_no_taskflow to None, run_after=None
[2026-04-12T11:24:07.302+0000] {logging_mixin.py:190} INFO - [2026-04-12T11:24:07.302+0000] {dag.py:4180} INFO - Setting next_dagrun for dataset_s3_bucket_consumer_with_no_taskflow to None, run_after=None
[2026-04-12T11:24:07.303+0000] {logging_mixin.py:190} INFO - [2026-04-12T11:24:07.303+0000] {dag.py:4180} INFO - Setting next_dagrun for dataset_s3_bucket_producer_with_no_taskflow to None, run_after=None
[2026-04-12T11:24:07.321+0000] {processor.py:208} INFO - Processing /home/airflow/.local/lib/python3.12/site-packages/airflow/example_dags/example_dataset_alias_with_no_taskflow.py took 0.720 seconds
[2026-04-12T11:24:38.173+0000] {processor.py:186} INFO - Started process (PID=7265) to work on /home/airflow/.local/lib/python3.12/site-packages/airflow/example_dags/example_dataset_alias_with_no_taskflow.py
[2026-04-12T11:24:38.177+0000] {processor.py:914} INFO - Processing file /home/airflow/.local/lib/python3.12/site-packages/airflow/example_dags/example_dataset_alias_with_no_taskflow.py for tasks to queue
[2026-04-12T11:24:38.182+0000] {logging_mixin.py:190} INFO - [2026-04-12T11:24:38.181+0000] {dagbag.py:588} INFO - Filling up the DagBag from /home/airflow/.local/lib/python3.12/site-packages/airflow/example_dags/example_dataset_alias_with_no_taskflow.py
[2026-04-12T11:24:38.752+0000] {processor.py:925} INFO - DAG(s) 'dataset_s3_bucket_producer_with_no_taskflow', 'dataset_alias_example_alias_producer_with_no_taskflow', 'dataset_s3_bucket_consumer_with_no_taskflow', 'dataset_alias_example_alias_consumer_with_no_taskflow' retrieved from /home/airflow/.local/lib/python3.12/site-packages/airflow/example_dags/example_dataset_alias_with_no_taskflow.py
[2026-04-12T11:24:38.772+0000] {logging_mixin.py:190} INFO - [2026-04-12T11:24:38.772+0000] {dag.py:3239} INFO - Sync 4 DAGs
[2026-04-12T11:24:38.794+0000] {logging_mixin.py:190} INFO - [2026-04-12T11:24:38.794+0000] {dag.py:4180} INFO - Setting next_dagrun for dataset_alias_example_alias_consumer_with_no_taskflow to None, run_after=None
[2026-04-12T11:24:38.795+0000] {logging_mixin.py:190} INFO - [2026-04-12T11:24:38.795+0000] {dag.py:4180} INFO - Setting next_dagrun for dataset_alias_example_alias_producer_with_no_taskflow to None, run_after=None
[2026-04-12T11:24:38.796+0000] {logging_mixin.py:190} INFO - [2026-04-12T11:24:38.796+0000] {dag.py:4180} INFO - Setting next_dagrun for dataset_s3_bucket_consumer_with_no_taskflow to None, run_after=None
[2026-04-12T11:24:38.799+0000] {logging_mixin.py:190} INFO - [2026-04-12T11:24:38.799+0000] {dag.py:4180} INFO - Setting next_dagrun for dataset_s3_bucket_producer_with_no_taskflow to None, run_after=None
[2026-04-12T11:24:38.819+0000] {processor.py:208} INFO - Processing /home/airflow/.local/lib/python3.12/site-packages/airflow/example_dags/example_dataset_alias_with_no_taskflow.py took 0.657 seconds
[2026-04-12T11:25:09.079+0000] {processor.py:186} INFO - Started process (PID=7561) to work on /home/airflow/.local/lib/python3.12/site-packages/airflow/example_dags/example_dataset_alias_with_no_taskflow.py
[2026-04-12T11:25:09.081+0000] {processor.py:914} INFO - Processing file /home/airflow/.local/lib/python3.12/site-packages/airflow/example_dags/example_dataset_alias_with_no_taskflow.py for tasks to queue
[2026-04-12T11:25:09.088+0000] {logging_mixin.py:190} INFO - [2026-04-12T11:25:09.087+0000] {dagbag.py:588} INFO - Filling up the DagBag from /home/airflow/.local/lib/python3.12/site-packages/airflow/example_dags/example_dataset_alias_with_no_taskflow.py
[2026-04-12T11:25:09.643+0000] {processor.py:925} INFO - DAG(s) 'dataset_s3_bucket_consumer_with_no_taskflow', 'dataset_s3_bucket_producer_with_no_taskflow', 'dataset_alias_example_alias_consumer_with_no_taskflow', 'dataset_alias_example_alias_producer_with_no_taskflow' retrieved from /home/airflow/.local/lib/python3.12/site-packages/airflow/example_dags/example_dataset_alias_with_no_taskflow.py
[2026-04-12T11:25:09.661+0000] {logging_mixin.py:190} INFO - [2026-04-12T11:25:09.660+0000] {dag.py:3239} INFO - Sync 4 DAGs
[2026-04-12T11:25:09.678+0000] {logging_mixin.py:190} INFO - [2026-04-12T11:25:09.678+0000] {dag.py:4180} INFO - Setting next_dagrun for dataset_alias_example_alias_consumer_with_no_taskflow to None, run_after=None
[2026-04-12T11:25:09.683+0000] {logging_mixin.py:190} INFO - [2026-04-12T11:25:09.683+0000] {dag.py:4180} INFO - Setting next_dagrun for dataset_alias_example_alias_producer_with_no_taskflow to None, run_after=None
[2026-04-12T11:25:09.685+0000] {logging_mixin.py:190} INFO - [2026-04-12T11:25:09.685+0000] {dag.py:4180} INFO - Setting next_dagrun for dataset_s3_bucket_consumer_with_no_taskflow to None, run_after=None
[2026-04-12T11:25:09.688+0000] {logging_mixin.py:190} INFO - [2026-04-12T11:25:09.688+0000] {dag.py:4180} INFO - Setting next_dagrun for dataset_s3_bucket_producer_with_no_taskflow to None, run_after=None
[2026-04-12T11:25:09.707+0000] {processor.py:208} INFO - Processing /home/airflow/.local/lib/python3.12/site-packages/airflow/example_dags/example_dataset_alias_with_no_taskflow.py took 0.636 seconds
[2026-04-12T11:25:40.113+0000] {processor.py:186} INFO - Started process (PID=7857) to work on /home/airflow/.local/lib/python3.12/site-packages/airflow/example_dags/example_dataset_alias_with_no_taskflow.py
[2026-04-12T11:25:40.115+0000] {processor.py:914} INFO - Processing file /home/airflow/.local/lib/python3.12/site-packages/airflow/example_dags/example_dataset_alias_with_no_taskflow.py for tasks to queue
[2026-04-12T11:25:40.117+0000] {logging_mixin.py:190} INFO - [2026-04-12T11:25:40.117+0000] {dagbag.py:588} INFO - Filling up the DagBag from /home/airflow/.local/lib/python3.12/site-packages/airflow/example_dags/example_dataset_alias_with_no_taskflow.py
[2026-04-12T11:25:40.736+0000] {processor.py:925} INFO - DAG(s) 'dataset_alias_example_alias_producer_with_no_taskflow', 'dataset_s3_bucket_consumer_with_no_taskflow', 'dataset_alias_example_alias_consumer_with_no_taskflow', 'dataset_s3_bucket_producer_with_no_taskflow' retrieved from /home/airflow/.local/lib/python3.12/site-packages/airflow/example_dags/example_dataset_alias_with_no_taskflow.py
[2026-04-12T11:25:40.753+0000] {logging_mixin.py:190} INFO - [2026-04-12T11:25:40.753+0000] {dag.py:3239} INFO - Sync 4 DAGs
[2026-04-12T11:25:40.768+0000] {logging_mixin.py:190} INFO - [2026-04-12T11:25:40.768+0000] {dag.py:4180} INFO - Setting next_dagrun for dataset_alias_example_alias_consumer_with_no_taskflow to None, run_after=None
[2026-04-12T11:25:40.772+0000] {logging_mixin.py:190} INFO - [2026-04-12T11:25:40.772+0000] {dag.py:4180} INFO - Setting next_dagrun for dataset_alias_example_alias_producer_with_no_taskflow to None, run_after=None
[2026-04-12T11:25:40.773+0000] {logging_mixin.py:190} INFO - [2026-04-12T11:25:40.773+0000] {dag.py:4180} INFO - Setting next_dagrun for dataset_s3_bucket_consumer_with_no_taskflow to None, run_after=None
[2026-04-12T11:25:40.775+0000] {logging_mixin.py:190} INFO - [2026-04-12T11:25:40.775+0000] {dag.py:4180} INFO - Setting next_dagrun for dataset_s3_bucket_producer_with_no_taskflow to None, run_after=None
[2026-04-12T11:25:40.795+0000] {processor.py:208} INFO - Processing /home/airflow/.local/lib/python3.12/site-packages/airflow/example_dags/example_dataset_alias_with_no_taskflow.py took 0.691 seconds
[2026-04-12T11:27:10.092+0000] {processor.py:186} INFO - Started process (PID=8250) to work on /home/airflow/.local/lib/python3.12/site-packages/airflow/example_dags/example_dataset_alias_with_no_taskflow.py
[2026-04-12T11:27:10.095+0000] {processor.py:914} INFO - Processing file /home/airflow/.local/lib/python3.12/site-packages/airflow/example_dags/example_dataset_alias_with_no_taskflow.py for tasks to queue
[2026-04-12T11:27:10.097+0000] {logging_mixin.py:190} INFO - [2026-04-12T11:27:10.097+0000] {dagbag.py:588} INFO - Filling up the DagBag from /home/airflow/.local/lib/python3.12/site-packages/airflow/example_dags/example_dataset_alias_with_no_taskflow.py
[2026-04-12T11:27:10.645+0000] {processor.py:925} INFO - DAG(s) 'dataset_alias_example_alias_producer_with_no_taskflow', 'dataset_alias_example_alias_consumer_with_no_taskflow', 'dataset_s3_bucket_consumer_with_no_taskflow', 'dataset_s3_bucket_producer_with_no_taskflow' retrieved from /home/airflow/.local/lib/python3.12/site-packages/airflow/example_dags/example_dataset_alias_with_no_taskflow.py
[2026-04-12T11:27:10.659+0000] {logging_mixin.py:190} INFO - [2026-04-12T11:27:10.658+0000] {dag.py:3239} INFO - Sync 4 DAGs
[2026-04-12T11:27:10.672+0000] {logging_mixin.py:190} INFO - [2026-04-12T11:27:10.672+0000] {dag.py:4180} INFO - Setting next_dagrun for dataset_alias_example_alias_consumer_with_no_taskflow to None, run_after=None
[2026-04-12T11:27:10.673+0000] {logging_mixin.py:190} INFO - [2026-04-12T11:27:10.673+0000] {dag.py:4180} INFO - Setting next_dagrun for dataset_alias_example_alias_producer_with_no_taskflow to None, run_after=None
[2026-04-12T11:27:10.674+0000] {logging_mixin.py:190} INFO - [2026-04-12T11:27:10.674+0000] {dag.py:4180} INFO - Setting next_dagrun for dataset_s3_bucket_consumer_with_no_taskflow to None, run_after=None
[2026-04-12T11:27:10.675+0000] {logging_mixin.py:190} INFO - [2026-04-12T11:27:10.675+0000] {dag.py:4180} INFO - Setting next_dagrun for dataset_s3_bucket_producer_with_no_taskflow to None, run_after=None
[2026-04-12T11:27:10.687+0000] {processor.py:208} INFO - Processing /home/airflow/.local/lib/python3.12/site-packages/airflow/example_dags/example_dataset_alias_with_no_taskflow.py took 0.599 seconds
[2026-04-12T11:29:46.275+0000] {processor.py:186} INFO - Started process (PID=8548) to work on /home/airflow/.local/lib/python3.12/site-packages/airflow/example_dags/example_dataset_alias_with_no_taskflow.py
[2026-04-12T11:29:46.276+0000] {processor.py:914} INFO - Processing file /home/airflow/.local/lib/python3.12/site-packages/airflow/example_dags/example_dataset_alias_with_no_taskflow.py for tasks to queue
[2026-04-12T11:29:46.277+0000] {logging_mixin.py:190} INFO - [2026-04-12T11:29:46.277+0000] {dagbag.py:588} INFO - Filling up the DagBag from /home/airflow/.local/lib/python3.12/site-packages/airflow/example_dags/example_dataset_alias_with_no_taskflow.py
[2026-04-12T11:29:46.828+0000] {processor.py:925} INFO - DAG(s) 'dataset_alias_example_alias_producer_with_no_taskflow', 'dataset_s3_bucket_consumer_with_no_taskflow', 'dataset_alias_example_alias_consumer_with_no_taskflow', 'dataset_s3_bucket_producer_with_no_taskflow' retrieved from /home/airflow/.local/lib/python3.12/site-packages/airflow/example_dags/example_dataset_alias_with_no_taskflow.py
[2026-04-12T11:29:46.842+0000] {logging_mixin.py:190} INFO - [2026-04-12T11:29:46.842+0000] {dag.py:3239} INFO - Sync 4 DAGs
[2026-04-12T11:29:46.857+0000] {logging_mixin.py:190} INFO - [2026-04-12T11:29:46.857+0000] {dag.py:4180} INFO - Setting next_dagrun for dataset_alias_example_alias_consumer_with_no_taskflow to None, run_after=None
[2026-04-12T11:29:46.859+0000] {logging_mixin.py:190} INFO - [2026-04-12T11:29:46.859+0000] {dag.py:4180} INFO - Setting next_dagrun for dataset_alias_example_alias_producer_with_no_taskflow to None, run_after=None
[2026-04-12T11:29:46.860+0000] {logging_mixin.py:190} INFO - [2026-04-12T11:29:46.860+0000] {dag.py:4180} INFO - Setting next_dagrun for dataset_s3_bucket_consumer_with_no_taskflow to None, run_after=None
[2026-04-12T11:29:46.861+0000] {logging_mixin.py:190} INFO - [2026-04-12T11:29:46.861+0000] {dag.py:4180} INFO - Setting next_dagrun for dataset_s3_bucket_producer_with_no_taskflow to None, run_after=None
[2026-04-12T11:29:46.874+0000] {processor.py:208} INFO - Processing /home/airflow/.local/lib/python3.12/site-packages/airflow/example_dags/example_dataset_alias_with_no_taskflow.py took 0.603 seconds
[2026-04-12T11:30:17.738+0000] {processor.py:186} INFO - Started process (PID=8864) to work on /home/airflow/.local/lib/python3.12/site-packages/airflow/example_dags/example_dataset_alias_with_no_taskflow.py
[2026-04-12T11:30:17.740+0000] {processor.py:914} INFO - Processing file /home/airflow/.local/lib/python3.12/site-packages/airflow/example_dags/example_dataset_alias_with_no_taskflow.py for tasks to queue
[2026-04-12T11:30:17.742+0000] {logging_mixin.py:190} INFO - [2026-04-12T11:30:17.742+0000] {dagbag.py:588} INFO - Filling up the DagBag from /home/airflow/.local/lib/python3.12/site-packages/airflow/example_dags/example_dataset_alias_with_no_taskflow.py
[2026-04-12T11:30:18.327+0000] {processor.py:925} INFO - DAG(s) 'dataset_alias_example_alias_consumer_with_no_taskflow', 'dataset_s3_bucket_consumer_with_no_taskflow', 'dataset_alias_example_alias_producer_with_no_taskflow', 'dataset_s3_bucket_producer_with_no_taskflow' retrieved from /home/airflow/.local/lib/python3.12/site-packages/airflow/example_dags/example_dataset_alias_with_no_taskflow.py
[2026-04-12T11:30:18.347+0000] {logging_mixin.py:190} INFO - [2026-04-12T11:30:18.346+0000] {dag.py:3239} INFO - Sync 4 DAGs
[2026-04-12T11:30:18.363+0000] {logging_mixin.py:190} INFO - [2026-04-12T11:30:18.363+0000] {dag.py:4180} INFO - Setting next_dagrun for dataset_alias_example_alias_consumer_with_no_taskflow to None, run_after=None
[2026-04-12T11:30:18.366+0000] {logging_mixin.py:190} INFO - [2026-04-12T11:30:18.366+0000] {dag.py:4180} INFO - Setting next_dagrun for dataset_alias_example_alias_producer_with_no_taskflow to None, run_after=None
[2026-04-12T11:30:18.368+0000] {logging_mixin.py:190} INFO - [2026-04-12T11:30:18.368+0000] {dag.py:4180} INFO - Setting next_dagrun for dataset_s3_bucket_consumer_with_no_taskflow to None, run_after=None
[2026-04-12T11:30:18.370+0000] {logging_mixin.py:190} INFO - [2026-04-12T11:30:18.370+0000] {dag.py:4180} INFO - Setting next_dagrun for dataset_s3_bucket_producer_with_no_taskflow to None, run_after=None
[2026-04-12T11:30:18.388+0000] {processor.py:208} INFO - Processing /home/airflow/.local/lib/python3.12/site-packages/airflow/example_dags/example_dataset_alias_with_no_taskflow.py took 0.657 seconds
[2026-04-12T11:30:49.187+0000] {processor.py:186} INFO - Started process (PID=9160) to work on /home/airflow/.local/lib/python3.12/site-packages/airflow/example_dags/example_dataset_alias_with_no_taskflow.py
[2026-04-12T11:30:49.188+0000] {processor.py:914} INFO - Processing file /home/airflow/.local/lib/python3.12/site-packages/airflow/example_dags/example_dataset_alias_with_no_taskflow.py for tasks to queue
[2026-04-12T11:30:49.190+0000] {logging_mixin.py:190} INFO - [2026-04-12T11:30:49.189+0000] {dagbag.py:588} INFO - Filling up the DagBag from /home/airflow/.local/lib/python3.12/site-packages/airflow/example_dags/example_dataset_alias_with_no_taskflow.py
[2026-04-12T11:30:49.695+0000] {processor.py:925} INFO - DAG(s) 'dataset_alias_example_alias_producer_with_no_taskflow', 'dataset_s3_bucket_consumer_with_no_taskflow', 'dataset_alias_example_alias_consumer_with_no_taskflow', 'dataset_s3_bucket_producer_with_no_taskflow' retrieved from /home/airflow/.local/lib/python3.12/site-packages/airflow/example_dags/example_dataset_alias_with_no_taskflow.py
[2026-04-12T11:30:49.711+0000] {logging_mixin.py:190} INFO - [2026-04-12T11:30:49.711+0000] {dag.py:3239} INFO - Sync 4 DAGs
[2026-04-12T11:30:49.732+0000] {logging_mixin.py:190} INFO - [2026-04-12T11:30:49.732+0000] {dag.py:4180} INFO - Setting next_dagrun for dataset_alias_example_alias_consumer_with_no_taskflow to None, run_after=None
[2026-04-12T11:30:49.734+0000] {logging_mixin.py:190} INFO - [2026-04-12T11:30:49.733+0000] {dag.py:4180} INFO - Setting next_dagrun for dataset_alias_example_alias_producer_with_no_taskflow to None, run_after=None
[2026-04-12T11:30:49.737+0000] {logging_mixin.py:190} INFO - [2026-04-12T11:30:49.737+0000] {dag.py:4180} INFO - Setting next_dagrun for dataset_s3_bucket_consumer_with_no_taskflow to None, run_after=None
[2026-04-12T11:30:49.740+0000] {logging_mixin.py:190} INFO - [2026-04-12T11:30:49.740+0000] {dag.py:4180} INFO - Setting next_dagrun for dataset_s3_bucket_producer_with_no_taskflow to None, run_after=None
[2026-04-12T11:30:49.754+0000] {processor.py:208} INFO - Processing /home/airflow/.local/lib/python3.12/site-packages/airflow/example_dags/example_dataset_alias_with_no_taskflow.py took 0.573 seconds
[2026-04-12T11:31:20.360+0000] {processor.py:186} INFO - Started process (PID=9455) to work on /home/airflow/.local/lib/python3.12/site-packages/airflow/example_dags/example_dataset_alias_with_no_taskflow.py
[2026-04-12T11:31:20.362+0000] {processor.py:914} INFO - Processing file /home/airflow/.local/lib/python3.12/site-packages/airflow/example_dags/example_dataset_alias_with_no_taskflow.py for tasks to queue
[2026-04-12T11:31:20.363+0000] {logging_mixin.py:190} INFO - [2026-04-12T11:31:20.363+0000] {dagbag.py:588} INFO - Filling up the DagBag from /home/airflow/.local/lib/python3.12/site-packages/airflow/example_dags/example_dataset_alias_with_no_taskflow.py
[2026-04-12T11:31:20.890+0000] {processor.py:925} INFO - DAG(s) 'dataset_alias_example_alias_consumer_with_no_taskflow', 'dataset_alias_example_alias_producer_with_no_taskflow', 'dataset_s3_bucket_producer_with_no_taskflow', 'dataset_s3_bucket_consumer_with_no_taskflow' retrieved from /home/airflow/.local/lib/python3.12/site-packages/airflow/example_dags/example_dataset_alias_with_no_taskflow.py
[2026-04-12T11:31:20.910+0000] {logging_mixin.py:190} INFO - [2026-04-12T11:31:20.910+0000] {dag.py:3239} INFO - Sync 4 DAGs
[2026-04-12T11:31:20.927+0000] {logging_mixin.py:190} INFO - [2026-04-12T11:31:20.927+0000] {dag.py:4180} INFO - Setting next_dagrun for dataset_alias_example_alias_consumer_with_no_taskflow to None, run_after=None
[2026-04-12T11:31:20.929+0000] {logging_mixin.py:190} INFO - [2026-04-12T11:31:20.929+0000] {dag.py:4180} INFO - Setting next_dagrun for dataset_alias_example_alias_producer_with_no_taskflow to None, run_after=None
[2026-04-12T11:31:20.932+0000] {logging_mixin.py:190} INFO - [2026-04-12T11:31:20.932+0000] {dag.py:4180} INFO - Setting next_dagrun for dataset_s3_bucket_consumer_with_no_taskflow to None, run_after=None
[2026-04-12T11:31:20.935+0000] {logging_mixin.py:190} INFO - [2026-04-12T11:31:20.935+0000] {dag.py:4180} INFO - Setting next_dagrun for dataset_s3_bucket_producer_with_no_taskflow to None, run_after=None
[2026-04-12T11:31:20.953+0000] {processor.py:208} INFO - Processing /home/airflow/.local/lib/python3.12/site-packages/airflow/example_dags/example_dataset_alias_with_no_taskflow.py took 0.601 seconds
[2026-04-12T11:31:51.759+0000] {processor.py:186} INFO - Started process (PID=9751) to work on /home/airflow/.local/lib/python3.12/site-packages/airflow/example_dags/example_dataset_alias_with_no_taskflow.py
[2026-04-12T11:31:51.760+0000] {processor.py:914} INFO - Processing file /home/airflow/.local/lib/python3.12/site-packages/airflow/example_dags/example_dataset_alias_with_no_taskflow.py for tasks to queue
[2026-04-12T11:31:51.763+0000] {logging_mixin.py:190} INFO - [2026-04-12T11:31:51.762+0000] {dagbag.py:588} INFO - Filling up the DagBag from /home/airflow/.local/lib/python3.12/site-packages/airflow/example_dags/example_dataset_alias_with_no_taskflow.py
[2026-04-12T11:31:52.304+0000] {processor.py:925} INFO - DAG(s) 'dataset_alias_example_alias_consumer_with_no_taskflow', 'dataset_alias_example_alias_producer_with_no_taskflow', 'dataset_s3_bucket_producer_with_no_taskflow', 'dataset_s3_bucket_consumer_with_no_taskflow' retrieved from /home/airflow/.local/lib/python3.12/site-packages/airflow/example_dags/example_dataset_alias_with_no_taskflow.py
[2026-04-12T11:31:52.325+0000] {logging_mixin.py:190} INFO - [2026-04-12T11:31:52.324+0000] {dag.py:3239} INFO - Sync 4 DAGs
[2026-04-12T11:31:52.341+0000] {logging_mixin.py:190} INFO - [2026-04-12T11:31:52.341+0000] {dag.py:4180} INFO - Setting next_dagrun for dataset_alias_example_alias_consumer_with_no_taskflow to None, run_after=None
[2026-04-12T11:31:52.344+0000] {logging_mixin.py:190} INFO - [2026-04-12T11:31:52.344+0000] {dag.py:4180} INFO - Setting next_dagrun for dataset_alias_example_alias_producer_with_no_taskflow to None, run_after=None
[2026-04-12T11:31:52.346+0000] {logging_mixin.py:190} INFO - [2026-04-12T11:31:52.345+0000] {dag.py:4180} INFO - Setting next_dagrun for dataset_s3_bucket_consumer_with_no_taskflow to None, run_after=None
[2026-04-12T11:31:52.349+0000] {logging_mixin.py:190} INFO - [2026-04-12T11:31:52.349+0000] {dag.py:4180} INFO - Setting next_dagrun for dataset_s3_bucket_producer_with_no_taskflow to None, run_after=None
[2026-04-12T11:31:52.369+0000] {processor.py:208} INFO - Processing /home/airflow/.local/lib/python3.12/site-packages/airflow/example_dags/example_dataset_alias_with_no_taskflow.py took 0.617 seconds
[2026-04-12T11:32:23.036+0000] {processor.py:186} INFO - Started process (PID=10047) to work on /home/airflow/.local/lib/python3.12/site-packages/airflow/example_dags/example_dataset_alias_with_no_taskflow.py
[2026-04-12T11:32:23.040+0000] {processor.py:914} INFO - Processing file /home/airflow/.local/lib/python3.12/site-packages/airflow/example_dags/example_dataset_alias_with_no_taskflow.py for tasks to queue
[2026-04-12T11:32:23.041+0000] {logging_mixin.py:190} INFO - [2026-04-12T11:32:23.041+0000] {dagbag.py:588} INFO - Filling up the DagBag from /home/airflow/.local/lib/python3.12/site-packages/airflow/example_dags/example_dataset_alias_with_no_taskflow.py
[2026-04-12T11:32:23.606+0000] {processor.py:925} INFO - DAG(s) 'dataset_alias_example_alias_consumer_with_no_taskflow', 'dataset_alias_example_alias_producer_with_no_taskflow', 'dataset_s3_bucket_consumer_with_no_taskflow', 'dataset_s3_bucket_producer_with_no_taskflow' retrieved from /home/airflow/.local/lib/python3.12/site-packages/airflow/example_dags/example_dataset_alias_with_no_taskflow.py
[2026-04-12T11:32:23.637+0000] {logging_mixin.py:190} INFO - [2026-04-12T11:32:23.636+0000] {dag.py:3239} INFO - Sync 4 DAGs
[2026-04-12T11:32:23.674+0000] {logging_mixin.py:190} INFO - [2026-04-12T11:32:23.673+0000] {dag.py:4180} INFO - Setting next_dagrun for dataset_alias_example_alias_consumer_with_no_taskflow to None, run_after=None
[2026-04-12T11:32:23.678+0000] {logging_mixin.py:190} INFO - [2026-04-12T11:32:23.678+0000] {dag.py:4180} INFO - Setting next_dagrun for dataset_alias_example_alias_producer_with_no_taskflow to None, run_after=None
[2026-04-12T11:32:23.681+0000] {logging_mixin.py:190} INFO - [2026-04-12T11:32:23.681+0000] {dag.py:4180} INFO - Setting next_dagrun for dataset_s3_bucket_consumer_with_no_taskflow to None, run_after=None
[2026-04-12T11:32:23.684+0000] {logging_mixin.py:190} INFO - [2026-04-12T11:32:23.684+0000] {dag.py:4180} INFO - Setting next_dagrun for dataset_s3_bucket_producer_with_no_taskflow to None, run_after=None
[2026-04-12T11:32:23.708+0000] {processor.py:208} INFO - Processing /home/airflow/.local/lib/python3.12/site-packages/airflow/example_dags/example_dataset_alias_with_no_taskflow.py took 0.681 seconds
[2026-04-12T11:32:53.933+0000] {processor.py:186} INFO - Started process (PID=10343) to work on /home/airflow/.local/lib/python3.12/site-packages/airflow/example_dags/example_dataset_alias_with_no_taskflow.py
[2026-04-12T11:32:53.934+0000] {processor.py:914} INFO - Processing file /home/airflow/.local/lib/python3.12/site-packages/airflow/example_dags/example_dataset_alias_with_no_taskflow.py for tasks to queue
[2026-04-12T11:32:53.936+0000] {logging_mixin.py:190} INFO - [2026-04-12T11:32:53.936+0000] {dagbag.py:588} INFO - Filling up the DagBag from /home/airflow/.local/lib/python3.12/site-packages/airflow/example_dags/example_dataset_alias_with_no_taskflow.py
[2026-04-12T11:32:54.410+0000] {processor.py:925} INFO - DAG(s) 'dataset_s3_bucket_consumer_with_no_taskflow', 'dataset_s3_bucket_producer_with_no_taskflow', 'dataset_alias_example_alias_producer_with_no_taskflow', 'dataset_alias_example_alias_consumer_with_no_taskflow' retrieved from /home/airflow/.local/lib/python3.12/site-packages/airflow/example_dags/example_dataset_alias_with_no_taskflow.py
[2026-04-12T11:32:54.426+0000] {logging_mixin.py:190} INFO - [2026-04-12T11:32:54.426+0000] {dag.py:3239} INFO - Sync 4 DAGs
[2026-04-12T11:32:54.445+0000] {logging_mixin.py:190} INFO - [2026-04-12T11:32:54.445+0000] {dag.py:4180} INFO - Setting next_dagrun for dataset_alias_example_alias_consumer_with_no_taskflow to None, run_after=None
[2026-04-12T11:32:54.448+0000] {logging_mixin.py:190} INFO - [2026-04-12T11:32:54.448+0000] {dag.py:4180} INFO - Setting next_dagrun for dataset_alias_example_alias_producer_with_no_taskflow to None, run_after=None
[2026-04-12T11:32:54.449+0000] {logging_mixin.py:190} INFO - [2026-04-12T11:32:54.449+0000] {dag.py:4180} INFO - Setting next_dagrun for dataset_s3_bucket_consumer_with_no_taskflow to None, run_after=None
[2026-04-12T11:32:54.450+0000] {logging_mixin.py:190} INFO - [2026-04-12T11:32:54.450+0000] {dag.py:4180} INFO - Setting next_dagrun for dataset_s3_bucket_producer_with_no_taskflow to None, run_after=None
[2026-04-12T11:32:54.470+0000] {processor.py:208} INFO - Processing /home/airflow/.local/lib/python3.12/site-packages/airflow/example_dags/example_dataset_alias_with_no_taskflow.py took 0.545 seconds
[2026-04-12T11:33:24.913+0000] {processor.py:186} INFO - Started process (PID=10639) to work on /home/airflow/.local/lib/python3.12/site-packages/airflow/example_dags/example_dataset_alias_with_no_taskflow.py
[2026-04-12T11:33:24.914+0000] {processor.py:914} INFO - Processing file /home/airflow/.local/lib/python3.12/site-packages/airflow/example_dags/example_dataset_alias_with_no_taskflow.py for tasks to queue
[2026-04-12T11:33:24.916+0000] {logging_mixin.py:190} INFO - [2026-04-12T11:33:24.916+0000] {dagbag.py:588} INFO - Filling up the DagBag from /home/airflow/.local/lib/python3.12/site-packages/airflow/example_dags/example_dataset_alias_with_no_taskflow.py
[2026-04-12T11:33:25.372+0000] {processor.py:925} INFO - DAG(s) 'dataset_s3_bucket_consumer_with_no_taskflow', 'dataset_s3_bucket_producer_with_no_taskflow', 'dataset_alias_example_alias_consumer_with_no_taskflow', 'dataset_alias_example_alias_producer_with_no_taskflow' retrieved from /home/airflow/.local/lib/python3.12/site-packages/airflow/example_dags/example_dataset_alias_with_no_taskflow.py
[2026-04-12T11:33:25.394+0000] {logging_mixin.py:190} INFO - [2026-04-12T11:33:25.393+0000] {dag.py:3239} INFO - Sync 4 DAGs
[2026-04-12T11:33:25.411+0000] {logging_mixin.py:190} INFO - [2026-04-12T11:33:25.411+0000] {dag.py:4180} INFO - Setting next_dagrun for dataset_alias_example_alias_consumer_with_no_taskflow to None, run_after=None
[2026-04-12T11:33:25.414+0000] {logging_mixin.py:190} INFO - [2026-04-12T11:33:25.414+0000] {dag.py:4180} INFO - Setting next_dagrun for dataset_alias_example_alias_producer_with_no_taskflow to None, run_after=None
[2026-04-12T11:33:25.415+0000] {logging_mixin.py:190} INFO - [2026-04-12T11:33:25.415+0000] {dag.py:4180} INFO - Setting next_dagrun for dataset_s3_bucket_consumer_with_no_taskflow to None, run_after=None
[2026-04-12T11:33:25.416+0000] {logging_mixin.py:190} INFO - [2026-04-12T11:33:25.416+0000] {dag.py:4180} INFO - Setting next_dagrun for dataset_s3_bucket_producer_with_no_taskflow to None, run_after=None
[2026-04-12T11:33:25.435+0000] {processor.py:208} INFO - Processing /home/airflow/.local/lib/python3.12/site-packages/airflow/example_dags/example_dataset_alias_with_no_taskflow.py took 0.529 seconds
[2026-04-12T11:33:55.977+0000] {processor.py:186} INFO - Started process (PID=10940) to work on /home/airflow/.local/lib/python3.12/site-packages/airflow/example_dags/example_dataset_alias_with_no_taskflow.py
[2026-04-12T11:33:55.979+0000] {processor.py:914} INFO - Processing file /home/airflow/.local/lib/python3.12/site-packages/airflow/example_dags/example_dataset_alias_with_no_taskflow.py for tasks to queue
[2026-04-12T11:33:55.981+0000] {logging_mixin.py:190} INFO - [2026-04-12T11:33:55.980+0000] {dagbag.py:588} INFO - Filling up the DagBag from /home/airflow/.local/lib/python3.12/site-packages/airflow/example_dags/example_dataset_alias_with_no_taskflow.py
[2026-04-12T11:33:56.364+0000] {processor.py:925} INFO - DAG(s) 'dataset_alias_example_alias_producer_with_no_taskflow', 'dataset_s3_bucket_consumer_with_no_taskflow', 'dataset_s3_bucket_producer_with_no_taskflow', 'dataset_alias_example_alias_consumer_with_no_taskflow' retrieved from /home/airflow/.local/lib/python3.12/site-packages/airflow/example_dags/example_dataset_alias_with_no_taskflow.py
[2026-04-12T11:33:56.382+0000] {logging_mixin.py:190} INFO - [2026-04-12T11:33:56.382+0000] {dag.py:3239} INFO - Sync 4 DAGs
[2026-04-12T11:33:56.400+0000] {logging_mixin.py:190} INFO - [2026-04-12T11:33:56.400+0000] {dag.py:4180} INFO - Setting next_dagrun for dataset_alias_example_alias_consumer_with_no_taskflow to None, run_after=None
[2026-04-12T11:33:56.405+0000] {logging_mixin.py:190} INFO - [2026-04-12T11:33:56.405+0000] {dag.py:4180} INFO - Setting next_dagrun for dataset_alias_example_alias_producer_with_no_taskflow to None, run_after=None
[2026-04-12T11:33:56.406+0000] {logging_mixin.py:190} INFO - [2026-04-12T11:33:56.406+0000] {dag.py:4180} INFO - Setting next_dagrun for dataset_s3_bucket_consumer_with_no_taskflow to None, run_after=None
[2026-04-12T11:33:56.407+0000] {logging_mixin.py:190} INFO - [2026-04-12T11:33:56.407+0000] {dag.py:4180} INFO - Setting next_dagrun for dataset_s3_bucket_producer_with_no_taskflow to None, run_after=None
[2026-04-12T11:33:56.427+0000] {processor.py:208} INFO - Processing /home/airflow/.local/lib/python3.12/site-packages/airflow/example_dags/example_dataset_alias_with_no_taskflow.py took 0.456 seconds
[2026-04-12T11:34:26.883+0000] {processor.py:186} INFO - Started process (PID=11236) to work on /home/airflow/.local/lib/python3.12/site-packages/airflow/example_dags/example_dataset_alias_with_no_taskflow.py
[2026-04-12T11:34:26.885+0000] {processor.py:914} INFO - Processing file /home/airflow/.local/lib/python3.12/site-packages/airflow/example_dags/example_dataset_alias_with_no_taskflow.py for tasks to queue
[2026-04-12T11:34:26.888+0000] {logging_mixin.py:190} INFO - [2026-04-12T11:34:26.888+0000] {dagbag.py:588} INFO - Filling up the DagBag from /home/airflow/.local/lib/python3.12/site-packages/airflow/example_dags/example_dataset_alias_with_no_taskflow.py
[2026-04-12T11:34:27.407+0000] {processor.py:925} INFO - DAG(s) 'dataset_s3_bucket_consumer_with_no_taskflow', 'dataset_alias_example_alias_producer_with_no_taskflow', 'dataset_s3_bucket_producer_with_no_taskflow', 'dataset_alias_example_alias_consumer_with_no_taskflow' retrieved from /home/airflow/.local/lib/python3.12/site-packages/airflow/example_dags/example_dataset_alias_with_no_taskflow.py
[2026-04-12T11:34:27.430+0000] {logging_mixin.py:190} INFO - [2026-04-12T11:34:27.429+0000] {dag.py:3239} INFO - Sync 4 DAGs
[2026-04-12T11:34:27.452+0000] {logging_mixin.py:190} INFO - [2026-04-12T11:34:27.452+0000] {dag.py:4180} INFO - Setting next_dagrun for dataset_alias_example_alias_consumer_with_no_taskflow to None, run_after=None
[2026-04-12T11:34:27.454+0000] {logging_mixin.py:190} INFO - [2026-04-12T11:34:27.454+0000] {dag.py:4180} INFO - Setting next_dagrun for dataset_alias_example_alias_producer_with_no_taskflow to None, run_after=None
[2026-04-12T11:34:27.455+0000] {logging_mixin.py:190} INFO - [2026-04-12T11:34:27.455+0000] {dag.py:4180} INFO - Setting next_dagrun for dataset_s3_bucket_consumer_with_no_taskflow to None, run_after=None
[2026-04-12T11:34:27.457+0000] {logging_mixin.py:190} INFO - [2026-04-12T11:34:27.457+0000] {dag.py:4180} INFO - Setting next_dagrun for dataset_s3_bucket_producer_with_no_taskflow to None, run_after=None
[2026-04-12T11:34:27.476+0000] {processor.py:208} INFO - Processing /home/airflow/.local/lib/python3.12/site-packages/airflow/example_dags/example_dataset_alias_with_no_taskflow.py took 0.603 seconds
[2026-04-12T11:34:57.668+0000] {processor.py:186} INFO - Started process (PID=11531) to work on /home/airflow/.local/lib/python3.12/site-packages/airflow/example_dags/example_dataset_alias_with_no_taskflow.py
[2026-04-12T11:34:57.670+0000] {processor.py:914} INFO - Processing file /home/airflow/.local/lib/python3.12/site-packages/airflow/example_dags/example_dataset_alias_with_no_taskflow.py for tasks to queue
[2026-04-12T11:34:57.672+0000] {logging_mixin.py:190} INFO - [2026-04-12T11:34:57.672+0000] {dagbag.py:588} INFO - Filling up the DagBag from /home/airflow/.local/lib/python3.12/site-packages/airflow/example_dags/example_dataset_alias_with_no_taskflow.py
[2026-04-12T11:34:58.079+0000] {processor.py:925} INFO - DAG(s) 'dataset_alias_example_alias_producer_with_no_taskflow', 'dataset_s3_bucket_consumer_with_no_taskflow', 'dataset_alias_example_alias_consumer_with_no_taskflow', 'dataset_s3_bucket_producer_with_no_taskflow' retrieved from /home/airflow/.local/lib/python3.12/site-packages/airflow/example_dags/example_dataset_alias_with_no_taskflow.py
[2026-04-12T11:34:58.098+0000] {logging_mixin.py:190} INFO - [2026-04-12T11:34:58.098+0000] {dag.py:3239} INFO - Sync 4 DAGs
[2026-04-12T11:34:58.113+0000] {logging_mixin.py:190} INFO - [2026-04-12T11:34:58.113+0000] {dag.py:4180} INFO - Setting next_dagrun for dataset_alias_example_alias_consumer_with_no_taskflow to None, run_after=None
[2026-04-12T11:34:58.117+0000] {logging_mixin.py:190} INFO - [2026-04-12T11:34:58.117+0000] {dag.py:4180} INFO - Setting next_dagrun for dataset_alias_example_alias_producer_with_no_taskflow to None, run_after=None
[2026-04-12T11:34:58.118+0000] {logging_mixin.py:190} INFO - [2026-04-12T11:34:58.118+0000] {dag.py:4180} INFO - Setting next_dagrun for dataset_s3_bucket_consumer_with_no_taskflow to None, run_after=None
[2026-04-12T11:34:58.121+0000] {logging_mixin.py:190} INFO - [2026-04-12T11:34:58.121+0000] {dag.py:4180} INFO - Setting next_dagrun for dataset_s3_bucket_producer_with_no_taskflow to None, run_after=None
[2026-04-12T11:34:58.140+0000] {processor.py:208} INFO - Processing /home/airflow/.local/lib/python3.12/site-packages/airflow/example_dags/example_dataset_alias_with_no_taskflow.py took 0.478 seconds
