[2026-04-12T11:12:42.779+0000] {processor.py:186} INFO - Started process (PID=401) to work on /home/airflow/.local/lib/python3.12/site-packages/airflow/example_dags/tutorial_taskflow_templates.py
[2026-04-12T11:12:42.781+0000] {processor.py:914} INFO - Processing file /home/airflow/.local/lib/python3.12/site-packages/airflow/example_dags/tutorial_taskflow_templates.py for tasks to queue
[2026-04-12T11:12:42.785+0000] {logging_mixin.py:190} INFO - [2026-04-12T11:12:42.785+0000] {dagbag.py:588} INFO - Filling up the DagBag from /home/airflow/.local/lib/python3.12/site-packages/airflow/example_dags/tutorial_taskflow_templates.py
[2026-04-12T11:12:42.808+0000] {processor.py:925} INFO - DAG(s) 'tutorial_taskflow_templates' retrieved from /home/airflow/.local/lib/python3.12/site-packages/airflow/example_dags/tutorial_taskflow_templates.py
[2026-04-12T11:12:42.945+0000] {logging_mixin.py:190} INFO - [2026-04-12T11:12:42.944+0000] {override.py:1912} INFO - Created Permission View: can edit on DAG:tutorial_taskflow_templates
[2026-04-12T11:12:42.963+0000] {logging_mixin.py:190} INFO - [2026-04-12T11:12:42.963+0000] {override.py:1912} INFO - Created Permission View: can delete on DAG:tutorial_taskflow_templates
[2026-04-12T11:12:42.972+0000] {logging_mixin.py:190} INFO - [2026-04-12T11:12:42.972+0000] {override.py:1912} INFO - Created Permission View: can read on DAG:tutorial_taskflow_templates
[2026-04-12T11:12:42.981+0000] {logging_mixin.py:190} INFO - [2026-04-12T11:12:42.981+0000] {override.py:1912} INFO - Created Permission View: can delete on DAG Run:tutorial_taskflow_templates
[2026-04-12T11:12:42.990+0000] {logging_mixin.py:190} INFO - [2026-04-12T11:12:42.989+0000] {override.py:1912} INFO - Created Permission View: can create on DAG Run:tutorial_taskflow_templates
[2026-04-12T11:12:42.996+0000] {logging_mixin.py:190} INFO - [2026-04-12T11:12:42.995+0000] {override.py:1912} INFO - Created Permission View: can read on DAG Run:tutorial_taskflow_templates
[2026-04-12T11:12:43.002+0000] {logging_mixin.py:190} INFO - [2026-04-12T11:12:43.001+0000] {override.py:1912} INFO - Created Permission View: menu access on DAG Run:tutorial_taskflow_templates
[2026-04-12T11:12:43.002+0000] {logging_mixin.py:190} INFO - [2026-04-12T11:12:43.002+0000] {dag.py:3239} INFO - Sync 1 DAGs
[2026-04-12T11:12:43.015+0000] {logging_mixin.py:190} INFO - [2026-04-12T11:12:43.015+0000] {dag.py:3262} INFO - Creating ORM DAG for tutorial_taskflow_templates
[2026-04-12T11:12:43.026+0000] {logging_mixin.py:190} INFO - [2026-04-12T11:12:43.026+0000] {dag.py:4180} INFO - Setting next_dagrun for tutorial_taskflow_templates to 2026-04-11 00:00:00+00:00, run_after=2026-04-12 00:00:00+00:00
[2026-04-12T11:12:43.048+0000] {processor.py:208} INFO - Processing /home/airflow/.local/lib/python3.12/site-packages/airflow/example_dags/tutorial_taskflow_templates.py took 0.277 seconds
[2026-04-12T11:13:13.467+0000] {processor.py:186} INFO - Started process (PID=696) to work on /home/airflow/.local/lib/python3.12/site-packages/airflow/example_dags/tutorial_taskflow_templates.py
[2026-04-12T11:13:13.468+0000] {processor.py:914} INFO - Processing file /home/airflow/.local/lib/python3.12/site-packages/airflow/example_dags/tutorial_taskflow_templates.py for tasks to queue
[2026-04-12T11:13:13.469+0000] {logging_mixin.py:190} INFO - [2026-04-12T11:13:13.469+0000] {dagbag.py:588} INFO - Filling up the DagBag from /home/airflow/.local/lib/python3.12/site-packages/airflow/example_dags/tutorial_taskflow_templates.py
[2026-04-12T11:13:13.479+0000] {processor.py:925} INFO - DAG(s) 'tutorial_taskflow_templates' retrieved from /home/airflow/.local/lib/python3.12/site-packages/airflow/example_dags/tutorial_taskflow_templates.py
[2026-04-12T11:13:13.494+0000] {logging_mixin.py:190} INFO - [2026-04-12T11:13:13.494+0000] {dag.py:3239} INFO - Sync 1 DAGs
[2026-04-12T11:13:13.518+0000] {logging_mixin.py:190} INFO - [2026-04-12T11:13:13.518+0000] {dag.py:4180} INFO - Setting next_dagrun for tutorial_taskflow_templates to 2026-04-11 00:00:00+00:00, run_after=2026-04-12 00:00:00+00:00
[2026-04-12T11:13:13.529+0000] {processor.py:208} INFO - Processing /home/airflow/.local/lib/python3.12/site-packages/airflow/example_dags/tutorial_taskflow_templates.py took 0.071 seconds
[2026-04-12T11:13:44.326+0000] {processor.py:186} INFO - Started process (PID=990) to work on /home/airflow/.local/lib/python3.12/site-packages/airflow/example_dags/tutorial_taskflow_templates.py
[2026-04-12T11:13:44.328+0000] {processor.py:914} INFO - Processing file /home/airflow/.local/lib/python3.12/site-packages/airflow/example_dags/tutorial_taskflow_templates.py for tasks to queue
[2026-04-12T11:13:44.330+0000] {logging_mixin.py:190} INFO - [2026-04-12T11:13:44.330+0000] {dagbag.py:588} INFO - Filling up the DagBag from /home/airflow/.local/lib/python3.12/site-packages/airflow/example_dags/tutorial_taskflow_templates.py
[2026-04-12T11:13:44.348+0000] {processor.py:925} INFO - DAG(s) 'tutorial_taskflow_templates' retrieved from /home/airflow/.local/lib/python3.12/site-packages/airflow/example_dags/tutorial_taskflow_templates.py
[2026-04-12T11:13:44.378+0000] {logging_mixin.py:190} INFO - [2026-04-12T11:13:44.377+0000] {dag.py:3239} INFO - Sync 1 DAGs
[2026-04-12T11:13:44.403+0000] {logging_mixin.py:190} INFO - [2026-04-12T11:13:44.403+0000] {dag.py:4180} INFO - Setting next_dagrun for tutorial_taskflow_templates to 2026-04-11 00:00:00+00:00, run_after=2026-04-12 00:00:00+00:00
[2026-04-12T11:13:44.417+0000] {processor.py:208} INFO - Processing /home/airflow/.local/lib/python3.12/site-packages/airflow/example_dags/tutorial_taskflow_templates.py took 0.098 seconds
[2026-04-12T11:14:14.499+0000] {processor.py:186} INFO - Started process (PID=1286) to work on /home/airflow/.local/lib/python3.12/site-packages/airflow/example_dags/tutorial_taskflow_templates.py
[2026-04-12T11:14:14.500+0000] {processor.py:914} INFO - Processing file /home/airflow/.local/lib/python3.12/site-packages/airflow/example_dags/tutorial_taskflow_templates.py for tasks to queue
[2026-04-12T11:14:14.501+0000] {logging_mixin.py:190} INFO - [2026-04-12T11:14:14.501+0000] {dagbag.py:588} INFO - Filling up the DagBag from /home/airflow/.local/lib/python3.12/site-packages/airflow/example_dags/tutorial_taskflow_templates.py
[2026-04-12T11:14:14.509+0000] {processor.py:925} INFO - DAG(s) 'tutorial_taskflow_templates' retrieved from /home/airflow/.local/lib/python3.12/site-packages/airflow/example_dags/tutorial_taskflow_templates.py
[2026-04-12T11:14:14.522+0000] {logging_mixin.py:190} INFO - [2026-04-12T11:14:14.522+0000] {dag.py:3239} INFO - Sync 1 DAGs
[2026-04-12T11:14:14.536+0000] {logging_mixin.py:190} INFO - [2026-04-12T11:14:14.536+0000] {dag.py:4180} INFO - Setting next_dagrun for tutorial_taskflow_templates to 2026-04-11 00:00:00+00:00, run_after=2026-04-12 00:00:00+00:00
[2026-04-12T11:14:14.546+0000] {processor.py:208} INFO - Processing /home/airflow/.local/lib/python3.12/site-packages/airflow/example_dags/tutorial_taskflow_templates.py took 0.050 seconds
[2026-04-12T11:14:45.784+0000] {processor.py:186} INFO - Started process (PID=1580) to work on /home/airflow/.local/lib/python3.12/site-packages/airflow/example_dags/tutorial_taskflow_templates.py
[2026-04-12T11:14:45.785+0000] {processor.py:914} INFO - Processing file /home/airflow/.local/lib/python3.12/site-packages/airflow/example_dags/tutorial_taskflow_templates.py for tasks to queue
[2026-04-12T11:14:45.789+0000] {logging_mixin.py:190} INFO - [2026-04-12T11:14:45.788+0000] {dagbag.py:588} INFO - Filling up the DagBag from /home/airflow/.local/lib/python3.12/site-packages/airflow/example_dags/tutorial_taskflow_templates.py
[2026-04-12T11:14:45.806+0000] {processor.py:925} INFO - DAG(s) 'tutorial_taskflow_templates' retrieved from /home/airflow/.local/lib/python3.12/site-packages/airflow/example_dags/tutorial_taskflow_templates.py
[2026-04-12T11:14:45.834+0000] {logging_mixin.py:190} INFO - [2026-04-12T11:14:45.834+0000] {dag.py:3239} INFO - Sync 1 DAGs
[2026-04-12T11:14:45.863+0000] {logging_mixin.py:190} INFO - [2026-04-12T11:14:45.862+0000] {dag.py:4180} INFO - Setting next_dagrun for tutorial_taskflow_templates to 2026-04-11 00:00:00+00:00, run_after=2026-04-12 00:00:00+00:00
[2026-04-12T11:14:45.881+0000] {processor.py:208} INFO - Processing /home/airflow/.local/lib/python3.12/site-packages/airflow/example_dags/tutorial_taskflow_templates.py took 0.105 seconds
[2026-04-12T11:15:16.473+0000] {processor.py:186} INFO - Started process (PID=1879) to work on /home/airflow/.local/lib/python3.12/site-packages/airflow/example_dags/tutorial_taskflow_templates.py
[2026-04-12T11:15:16.474+0000] {processor.py:914} INFO - Processing file /home/airflow/.local/lib/python3.12/site-packages/airflow/example_dags/tutorial_taskflow_templates.py for tasks to queue
[2026-04-12T11:15:16.476+0000] {logging_mixin.py:190} INFO - [2026-04-12T11:15:16.476+0000] {dagbag.py:588} INFO - Filling up the DagBag from /home/airflow/.local/lib/python3.12/site-packages/airflow/example_dags/tutorial_taskflow_templates.py
[2026-04-12T11:15:16.489+0000] {processor.py:925} INFO - DAG(s) 'tutorial_taskflow_templates' retrieved from /home/airflow/.local/lib/python3.12/site-packages/airflow/example_dags/tutorial_taskflow_templates.py
[2026-04-12T11:15:16.505+0000] {logging_mixin.py:190} INFO - [2026-04-12T11:15:16.505+0000] {dag.py:3239} INFO - Sync 1 DAGs
[2026-04-12T11:15:16.525+0000] {logging_mixin.py:190} INFO - [2026-04-12T11:15:16.524+0000] {dag.py:4180} INFO - Setting next_dagrun for tutorial_taskflow_templates to 2026-04-11 00:00:00+00:00, run_after=2026-04-12 00:00:00+00:00
[2026-04-12T11:15:16.541+0000] {processor.py:208} INFO - Processing /home/airflow/.local/lib/python3.12/site-packages/airflow/example_dags/tutorial_taskflow_templates.py took 0.073 seconds
[2026-04-12T11:15:47.280+0000] {processor.py:186} INFO - Started process (PID=2173) to work on /home/airflow/.local/lib/python3.12/site-packages/airflow/example_dags/tutorial_taskflow_templates.py
[2026-04-12T11:15:47.282+0000] {processor.py:914} INFO - Processing file /home/airflow/.local/lib/python3.12/site-packages/airflow/example_dags/tutorial_taskflow_templates.py for tasks to queue
[2026-04-12T11:15:47.283+0000] {logging_mixin.py:190} INFO - [2026-04-12T11:15:47.283+0000] {dagbag.py:588} INFO - Filling up the DagBag from /home/airflow/.local/lib/python3.12/site-packages/airflow/example_dags/tutorial_taskflow_templates.py
[2026-04-12T11:15:47.291+0000] {processor.py:925} INFO - DAG(s) 'tutorial_taskflow_templates' retrieved from /home/airflow/.local/lib/python3.12/site-packages/airflow/example_dags/tutorial_taskflow_templates.py
[2026-04-12T11:15:47.306+0000] {logging_mixin.py:190} INFO - [2026-04-12T11:15:47.306+0000] {dag.py:3239} INFO - Sync 1 DAGs
[2026-04-12T11:15:47.324+0000] {logging_mixin.py:190} INFO - [2026-04-12T11:15:47.324+0000] {dag.py:4180} INFO - Setting next_dagrun for tutorial_taskflow_templates to 2026-04-11 00:00:00+00:00, run_after=2026-04-12 00:00:00+00:00
[2026-04-12T11:15:47.368+0000] {processor.py:208} INFO - Processing /home/airflow/.local/lib/python3.12/site-packages/airflow/example_dags/tutorial_taskflow_templates.py took 0.091 seconds
[2026-04-12T11:16:18.407+0000] {processor.py:186} INFO - Started process (PID=2464) to work on /home/airflow/.local/lib/python3.12/site-packages/airflow/example_dags/tutorial_taskflow_templates.py
[2026-04-12T11:16:18.409+0000] {processor.py:914} INFO - Processing file /home/airflow/.local/lib/python3.12/site-packages/airflow/example_dags/tutorial_taskflow_templates.py for tasks to queue
[2026-04-12T11:16:18.413+0000] {logging_mixin.py:190} INFO - [2026-04-12T11:16:18.412+0000] {dagbag.py:588} INFO - Filling up the DagBag from /home/airflow/.local/lib/python3.12/site-packages/airflow/example_dags/tutorial_taskflow_templates.py
[2026-04-12T11:16:18.436+0000] {processor.py:925} INFO - DAG(s) 'tutorial_taskflow_templates' retrieved from /home/airflow/.local/lib/python3.12/site-packages/airflow/example_dags/tutorial_taskflow_templates.py
[2026-04-12T11:16:18.476+0000] {logging_mixin.py:190} INFO - [2026-04-12T11:16:18.476+0000] {dag.py:3239} INFO - Sync 1 DAGs
[2026-04-12T11:16:18.526+0000] {logging_mixin.py:190} INFO - [2026-04-12T11:16:18.526+0000] {dag.py:4180} INFO - Setting next_dagrun for tutorial_taskflow_templates to 2026-04-11 00:00:00+00:00, run_after=2026-04-12 00:00:00+00:00
[2026-04-12T11:16:18.589+0000] {processor.py:208} INFO - Processing /home/airflow/.local/lib/python3.12/site-packages/airflow/example_dags/tutorial_taskflow_templates.py took 0.195 seconds
[2026-04-12T11:16:48.685+0000] {processor.py:186} INFO - Started process (PID=2755) to work on /home/airflow/.local/lib/python3.12/site-packages/airflow/example_dags/tutorial_taskflow_templates.py
[2026-04-12T11:16:48.686+0000] {processor.py:914} INFO - Processing file /home/airflow/.local/lib/python3.12/site-packages/airflow/example_dags/tutorial_taskflow_templates.py for tasks to queue
[2026-04-12T11:16:48.687+0000] {logging_mixin.py:190} INFO - [2026-04-12T11:16:48.687+0000] {dagbag.py:588} INFO - Filling up the DagBag from /home/airflow/.local/lib/python3.12/site-packages/airflow/example_dags/tutorial_taskflow_templates.py
[2026-04-12T11:16:48.699+0000] {processor.py:925} INFO - DAG(s) 'tutorial_taskflow_templates' retrieved from /home/airflow/.local/lib/python3.12/site-packages/airflow/example_dags/tutorial_taskflow_templates.py
[2026-04-12T11:16:48.717+0000] {logging_mixin.py:190} INFO - [2026-04-12T11:16:48.717+0000] {dag.py:3239} INFO - Sync 1 DAGs
[2026-04-12T11:16:48.733+0000] {logging_mixin.py:190} INFO - [2026-04-12T11:16:48.733+0000] {dag.py:4180} INFO - Setting next_dagrun for tutorial_taskflow_templates to 2026-04-11 00:00:00+00:00, run_after=2026-04-12 00:00:00+00:00
[2026-04-12T11:16:48.746+0000] {processor.py:208} INFO - Processing /home/airflow/.local/lib/python3.12/site-packages/airflow/example_dags/tutorial_taskflow_templates.py took 0.066 seconds
[2026-04-12T11:17:19.061+0000] {processor.py:186} INFO - Started process (PID=3065) to work on /home/airflow/.local/lib/python3.12/site-packages/airflow/example_dags/tutorial_taskflow_templates.py
[2026-04-12T11:17:19.063+0000] {processor.py:914} INFO - Processing file /home/airflow/.local/lib/python3.12/site-packages/airflow/example_dags/tutorial_taskflow_templates.py for tasks to queue
[2026-04-12T11:17:19.064+0000] {logging_mixin.py:190} INFO - [2026-04-12T11:17:19.064+0000] {dagbag.py:588} INFO - Filling up the DagBag from /home/airflow/.local/lib/python3.12/site-packages/airflow/example_dags/tutorial_taskflow_templates.py
[2026-04-12T11:17:19.074+0000] {processor.py:925} INFO - DAG(s) 'tutorial_taskflow_templates' retrieved from /home/airflow/.local/lib/python3.12/site-packages/airflow/example_dags/tutorial_taskflow_templates.py
[2026-04-12T11:17:19.089+0000] {logging_mixin.py:190} INFO - [2026-04-12T11:17:19.088+0000] {dag.py:3239} INFO - Sync 1 DAGs
[2026-04-12T11:17:19.104+0000] {logging_mixin.py:190} INFO - [2026-04-12T11:17:19.104+0000] {dag.py:4180} INFO - Setting next_dagrun for tutorial_taskflow_templates to 2026-04-11 00:00:00+00:00, run_after=2026-04-12 00:00:00+00:00
[2026-04-12T11:17:19.115+0000] {processor.py:208} INFO - Processing /home/airflow/.local/lib/python3.12/site-packages/airflow/example_dags/tutorial_taskflow_templates.py took 0.061 seconds
[2026-04-12T11:17:49.494+0000] {processor.py:186} INFO - Started process (PID=3359) to work on /home/airflow/.local/lib/python3.12/site-packages/airflow/example_dags/tutorial_taskflow_templates.py
[2026-04-12T11:17:49.496+0000] {processor.py:914} INFO - Processing file /home/airflow/.local/lib/python3.12/site-packages/airflow/example_dags/tutorial_taskflow_templates.py for tasks to queue
[2026-04-12T11:17:49.497+0000] {logging_mixin.py:190} INFO - [2026-04-12T11:17:49.497+0000] {dagbag.py:588} INFO - Filling up the DagBag from /home/airflow/.local/lib/python3.12/site-packages/airflow/example_dags/tutorial_taskflow_templates.py
[2026-04-12T11:17:49.508+0000] {processor.py:925} INFO - DAG(s) 'tutorial_taskflow_templates' retrieved from /home/airflow/.local/lib/python3.12/site-packages/airflow/example_dags/tutorial_taskflow_templates.py
[2026-04-12T11:17:49.527+0000] {logging_mixin.py:190} INFO - [2026-04-12T11:17:49.527+0000] {dag.py:3239} INFO - Sync 1 DAGs
[2026-04-12T11:17:49.543+0000] {logging_mixin.py:190} INFO - [2026-04-12T11:17:49.543+0000] {dag.py:4180} INFO - Setting next_dagrun for tutorial_taskflow_templates to 2026-04-11 00:00:00+00:00, run_after=2026-04-12 00:00:00+00:00
[2026-04-12T11:17:49.553+0000] {processor.py:208} INFO - Processing /home/airflow/.local/lib/python3.12/site-packages/airflow/example_dags/tutorial_taskflow_templates.py took 0.064 seconds
[2026-04-12T11:18:20.381+0000] {processor.py:186} INFO - Started process (PID=3666) to work on /home/airflow/.local/lib/python3.12/site-packages/airflow/example_dags/tutorial_taskflow_templates.py
[2026-04-12T11:18:20.382+0000] {processor.py:914} INFO - Processing file /home/airflow/.local/lib/python3.12/site-packages/airflow/example_dags/tutorial_taskflow_templates.py for tasks to queue
[2026-04-12T11:18:20.384+0000] {logging_mixin.py:190} INFO - [2026-04-12T11:18:20.384+0000] {dagbag.py:588} INFO - Filling up the DagBag from /home/airflow/.local/lib/python3.12/site-packages/airflow/example_dags/tutorial_taskflow_templates.py
[2026-04-12T11:18:20.397+0000] {processor.py:925} INFO - DAG(s) 'tutorial_taskflow_templates' retrieved from /home/airflow/.local/lib/python3.12/site-packages/airflow/example_dags/tutorial_taskflow_templates.py
[2026-04-12T11:18:20.413+0000] {logging_mixin.py:190} INFO - [2026-04-12T11:18:20.413+0000] {dag.py:3239} INFO - Sync 1 DAGs
[2026-04-12T11:18:20.437+0000] {logging_mixin.py:190} INFO - [2026-04-12T11:18:20.437+0000] {dag.py:4180} INFO - Setting next_dagrun for tutorial_taskflow_templates to 2026-04-11 00:00:00+00:00, run_after=2026-04-12 00:00:00+00:00
[2026-04-12T11:18:20.448+0000] {processor.py:208} INFO - Processing /home/airflow/.local/lib/python3.12/site-packages/airflow/example_dags/tutorial_taskflow_templates.py took 0.074 seconds
[2026-04-12T11:18:50.779+0000] {processor.py:186} INFO - Started process (PID=3962) to work on /home/airflow/.local/lib/python3.12/site-packages/airflow/example_dags/tutorial_taskflow_templates.py
[2026-04-12T11:18:50.780+0000] {processor.py:914} INFO - Processing file /home/airflow/.local/lib/python3.12/site-packages/airflow/example_dags/tutorial_taskflow_templates.py for tasks to queue
[2026-04-12T11:18:50.782+0000] {logging_mixin.py:190} INFO - [2026-04-12T11:18:50.782+0000] {dagbag.py:588} INFO - Filling up the DagBag from /home/airflow/.local/lib/python3.12/site-packages/airflow/example_dags/tutorial_taskflow_templates.py
[2026-04-12T11:18:50.795+0000] {processor.py:925} INFO - DAG(s) 'tutorial_taskflow_templates' retrieved from /home/airflow/.local/lib/python3.12/site-packages/airflow/example_dags/tutorial_taskflow_templates.py
[2026-04-12T11:18:50.811+0000] {logging_mixin.py:190} INFO - [2026-04-12T11:18:50.811+0000] {dag.py:3239} INFO - Sync 1 DAGs
[2026-04-12T11:18:50.829+0000] {logging_mixin.py:190} INFO - [2026-04-12T11:18:50.829+0000] {dag.py:4180} INFO - Setting next_dagrun for tutorial_taskflow_templates to 2026-04-11 00:00:00+00:00, run_after=2026-04-12 00:00:00+00:00
[2026-04-12T11:18:50.842+0000] {processor.py:208} INFO - Processing /home/airflow/.local/lib/python3.12/site-packages/airflow/example_dags/tutorial_taskflow_templates.py took 0.069 seconds
[2026-04-12T11:19:21.154+0000] {processor.py:186} INFO - Started process (PID=4275) to work on /home/airflow/.local/lib/python3.12/site-packages/airflow/example_dags/tutorial_taskflow_templates.py
[2026-04-12T11:19:21.156+0000] {processor.py:914} INFO - Processing file /home/airflow/.local/lib/python3.12/site-packages/airflow/example_dags/tutorial_taskflow_templates.py for tasks to queue
[2026-04-12T11:19:21.157+0000] {logging_mixin.py:190} INFO - [2026-04-12T11:19:21.157+0000] {dagbag.py:588} INFO - Filling up the DagBag from /home/airflow/.local/lib/python3.12/site-packages/airflow/example_dags/tutorial_taskflow_templates.py
[2026-04-12T11:19:21.165+0000] {processor.py:925} INFO - DAG(s) 'tutorial_taskflow_templates' retrieved from /home/airflow/.local/lib/python3.12/site-packages/airflow/example_dags/tutorial_taskflow_templates.py
[2026-04-12T11:19:21.179+0000] {logging_mixin.py:190} INFO - [2026-04-12T11:19:21.178+0000] {dag.py:3239} INFO - Sync 1 DAGs
[2026-04-12T11:19:21.193+0000] {logging_mixin.py:190} INFO - [2026-04-12T11:19:21.192+0000] {dag.py:4180} INFO - Setting next_dagrun for tutorial_taskflow_templates to 2026-04-11 00:00:00+00:00, run_after=2026-04-12 00:00:00+00:00
[2026-04-12T11:19:21.203+0000] {processor.py:208} INFO - Processing /home/airflow/.local/lib/python3.12/site-packages/airflow/example_dags/tutorial_taskflow_templates.py took 0.054 seconds
[2026-04-12T11:19:51.984+0000] {processor.py:186} INFO - Started process (PID=4569) to work on /home/airflow/.local/lib/python3.12/site-packages/airflow/example_dags/tutorial_taskflow_templates.py
[2026-04-12T11:19:51.987+0000] {processor.py:914} INFO - Processing file /home/airflow/.local/lib/python3.12/site-packages/airflow/example_dags/tutorial_taskflow_templates.py for tasks to queue
[2026-04-12T11:19:51.988+0000] {logging_mixin.py:190} INFO - [2026-04-12T11:19:51.988+0000] {dagbag.py:588} INFO - Filling up the DagBag from /home/airflow/.local/lib/python3.12/site-packages/airflow/example_dags/tutorial_taskflow_templates.py
[2026-04-12T11:19:52.005+0000] {processor.py:925} INFO - DAG(s) 'tutorial_taskflow_templates' retrieved from /home/airflow/.local/lib/python3.12/site-packages/airflow/example_dags/tutorial_taskflow_templates.py
[2026-04-12T11:19:52.022+0000] {logging_mixin.py:190} INFO - [2026-04-12T11:19:52.022+0000] {dag.py:3239} INFO - Sync 1 DAGs
[2026-04-12T11:19:52.043+0000] {logging_mixin.py:190} INFO - [2026-04-12T11:19:52.042+0000] {dag.py:4180} INFO - Setting next_dagrun for tutorial_taskflow_templates to 2026-04-11 00:00:00+00:00, run_after=2026-04-12 00:00:00+00:00
[2026-04-12T11:19:52.053+0000] {processor.py:208} INFO - Processing /home/airflow/.local/lib/python3.12/site-packages/airflow/example_dags/tutorial_taskflow_templates.py took 0.074 seconds
[2026-04-12T11:20:22.774+0000] {processor.py:186} INFO - Started process (PID=4865) to work on /home/airflow/.local/lib/python3.12/site-packages/airflow/example_dags/tutorial_taskflow_templates.py
[2026-04-12T11:20:22.775+0000] {processor.py:914} INFO - Processing file /home/airflow/.local/lib/python3.12/site-packages/airflow/example_dags/tutorial_taskflow_templates.py for tasks to queue
[2026-04-12T11:20:22.776+0000] {logging_mixin.py:190} INFO - [2026-04-12T11:20:22.776+0000] {dagbag.py:588} INFO - Filling up the DagBag from /home/airflow/.local/lib/python3.12/site-packages/airflow/example_dags/tutorial_taskflow_templates.py
[2026-04-12T11:20:22.788+0000] {processor.py:925} INFO - DAG(s) 'tutorial_taskflow_templates' retrieved from /home/airflow/.local/lib/python3.12/site-packages/airflow/example_dags/tutorial_taskflow_templates.py
[2026-04-12T11:20:22.809+0000] {logging_mixin.py:190} INFO - [2026-04-12T11:20:22.809+0000] {dag.py:3239} INFO - Sync 1 DAGs
[2026-04-12T11:20:22.828+0000] {logging_mixin.py:190} INFO - [2026-04-12T11:20:22.828+0000] {dag.py:4180} INFO - Setting next_dagrun for tutorial_taskflow_templates to 2026-04-11 00:00:00+00:00, run_after=2026-04-12 00:00:00+00:00
[2026-04-12T11:20:22.839+0000] {processor.py:208} INFO - Processing /home/airflow/.local/lib/python3.12/site-packages/airflow/example_dags/tutorial_taskflow_templates.py took 0.069 seconds
[2026-04-12T11:20:53.289+0000] {processor.py:186} INFO - Started process (PID=5161) to work on /home/airflow/.local/lib/python3.12/site-packages/airflow/example_dags/tutorial_taskflow_templates.py
[2026-04-12T11:20:53.292+0000] {processor.py:914} INFO - Processing file /home/airflow/.local/lib/python3.12/site-packages/airflow/example_dags/tutorial_taskflow_templates.py for tasks to queue
[2026-04-12T11:20:53.297+0000] {logging_mixin.py:190} INFO - [2026-04-12T11:20:53.296+0000] {dagbag.py:588} INFO - Filling up the DagBag from /home/airflow/.local/lib/python3.12/site-packages/airflow/example_dags/tutorial_taskflow_templates.py
[2026-04-12T11:20:53.313+0000] {processor.py:925} INFO - DAG(s) 'tutorial_taskflow_templates' retrieved from /home/airflow/.local/lib/python3.12/site-packages/airflow/example_dags/tutorial_taskflow_templates.py
[2026-04-12T11:20:53.336+0000] {logging_mixin.py:190} INFO - [2026-04-12T11:20:53.336+0000] {dag.py:3239} INFO - Sync 1 DAGs
[2026-04-12T11:20:53.354+0000] {logging_mixin.py:190} INFO - [2026-04-12T11:20:53.354+0000] {dag.py:4180} INFO - Setting next_dagrun for tutorial_taskflow_templates to 2026-04-11 00:00:00+00:00, run_after=2026-04-12 00:00:00+00:00
[2026-04-12T11:20:53.368+0000] {processor.py:208} INFO - Processing /home/airflow/.local/lib/python3.12/site-packages/airflow/example_dags/tutorial_taskflow_templates.py took 0.088 seconds
[2026-04-12T11:21:24.160+0000] {processor.py:186} INFO - Started process (PID=5459) to work on /home/airflow/.local/lib/python3.12/site-packages/airflow/example_dags/tutorial_taskflow_templates.py
[2026-04-12T11:21:24.160+0000] {processor.py:914} INFO - Processing file /home/airflow/.local/lib/python3.12/site-packages/airflow/example_dags/tutorial_taskflow_templates.py for tasks to queue
[2026-04-12T11:21:24.162+0000] {logging_mixin.py:190} INFO - [2026-04-12T11:21:24.162+0000] {dagbag.py:588} INFO - Filling up the DagBag from /home/airflow/.local/lib/python3.12/site-packages/airflow/example_dags/tutorial_taskflow_templates.py
[2026-04-12T11:21:24.171+0000] {processor.py:925} INFO - DAG(s) 'tutorial_taskflow_templates' retrieved from /home/airflow/.local/lib/python3.12/site-packages/airflow/example_dags/tutorial_taskflow_templates.py
[2026-04-12T11:21:24.185+0000] {logging_mixin.py:190} INFO - [2026-04-12T11:21:24.184+0000] {dag.py:3239} INFO - Sync 1 DAGs
[2026-04-12T11:21:24.199+0000] {logging_mixin.py:190} INFO - [2026-04-12T11:21:24.199+0000] {dag.py:4180} INFO - Setting next_dagrun for tutorial_taskflow_templates to 2026-04-11 00:00:00+00:00, run_after=2026-04-12 00:00:00+00:00
[2026-04-12T11:21:24.210+0000] {processor.py:208} INFO - Processing /home/airflow/.local/lib/python3.12/site-packages/airflow/example_dags/tutorial_taskflow_templates.py took 0.054 seconds
[2026-04-12T11:21:55.184+0000] {processor.py:186} INFO - Started process (PID=5753) to work on /home/airflow/.local/lib/python3.12/site-packages/airflow/example_dags/tutorial_taskflow_templates.py
[2026-04-12T11:21:55.185+0000] {processor.py:914} INFO - Processing file /home/airflow/.local/lib/python3.12/site-packages/airflow/example_dags/tutorial_taskflow_templates.py for tasks to queue
[2026-04-12T11:21:55.188+0000] {logging_mixin.py:190} INFO - [2026-04-12T11:21:55.188+0000] {dagbag.py:588} INFO - Filling up the DagBag from /home/airflow/.local/lib/python3.12/site-packages/airflow/example_dags/tutorial_taskflow_templates.py
[2026-04-12T11:21:55.200+0000] {processor.py:925} INFO - DAG(s) 'tutorial_taskflow_templates' retrieved from /home/airflow/.local/lib/python3.12/site-packages/airflow/example_dags/tutorial_taskflow_templates.py
[2026-04-12T11:21:55.228+0000] {logging_mixin.py:190} INFO - [2026-04-12T11:21:55.228+0000] {dag.py:3239} INFO - Sync 1 DAGs
[2026-04-12T11:21:55.257+0000] {logging_mixin.py:190} INFO - [2026-04-12T11:21:55.257+0000] {dag.py:4180} INFO - Setting next_dagrun for tutorial_taskflow_templates to 2026-04-11 00:00:00+00:00, run_after=2026-04-12 00:00:00+00:00
[2026-04-12T11:21:55.277+0000] {processor.py:208} INFO - Processing /home/airflow/.local/lib/python3.12/site-packages/airflow/example_dags/tutorial_taskflow_templates.py took 0.100 seconds
[2026-04-12T11:22:25.386+0000] {processor.py:186} INFO - Started process (PID=6049) to work on /home/airflow/.local/lib/python3.12/site-packages/airflow/example_dags/tutorial_taskflow_templates.py
[2026-04-12T11:22:25.389+0000] {processor.py:914} INFO - Processing file /home/airflow/.local/lib/python3.12/site-packages/airflow/example_dags/tutorial_taskflow_templates.py for tasks to queue
[2026-04-12T11:22:25.391+0000] {logging_mixin.py:190} INFO - [2026-04-12T11:22:25.391+0000] {dagbag.py:588} INFO - Filling up the DagBag from /home/airflow/.local/lib/python3.12/site-packages/airflow/example_dags/tutorial_taskflow_templates.py
[2026-04-12T11:22:25.409+0000] {processor.py:925} INFO - DAG(s) 'tutorial_taskflow_templates' retrieved from /home/airflow/.local/lib/python3.12/site-packages/airflow/example_dags/tutorial_taskflow_templates.py
[2026-04-12T11:22:25.430+0000] {logging_mixin.py:190} INFO - [2026-04-12T11:22:25.430+0000] {dag.py:3239} INFO - Sync 1 DAGs
[2026-04-12T11:22:25.451+0000] {logging_mixin.py:190} INFO - [2026-04-12T11:22:25.451+0000] {dag.py:4180} INFO - Setting next_dagrun for tutorial_taskflow_templates to 2026-04-11 00:00:00+00:00, run_after=2026-04-12 00:00:00+00:00
[2026-04-12T11:22:25.471+0000] {processor.py:208} INFO - Processing /home/airflow/.local/lib/python3.12/site-packages/airflow/example_dags/tutorial_taskflow_templates.py took 0.094 seconds
[2026-04-12T11:22:55.540+0000] {processor.py:186} INFO - Started process (PID=6344) to work on /home/airflow/.local/lib/python3.12/site-packages/airflow/example_dags/tutorial_taskflow_templates.py
[2026-04-12T11:22:55.542+0000] {processor.py:914} INFO - Processing file /home/airflow/.local/lib/python3.12/site-packages/airflow/example_dags/tutorial_taskflow_templates.py for tasks to queue
[2026-04-12T11:22:55.544+0000] {logging_mixin.py:190} INFO - [2026-04-12T11:22:55.544+0000] {dagbag.py:588} INFO - Filling up the DagBag from /home/airflow/.local/lib/python3.12/site-packages/airflow/example_dags/tutorial_taskflow_templates.py
[2026-04-12T11:22:55.557+0000] {processor.py:925} INFO - DAG(s) 'tutorial_taskflow_templates' retrieved from /home/airflow/.local/lib/python3.12/site-packages/airflow/example_dags/tutorial_taskflow_templates.py
[2026-04-12T11:22:55.578+0000] {logging_mixin.py:190} INFO - [2026-04-12T11:22:55.578+0000] {dag.py:3239} INFO - Sync 1 DAGs
[2026-04-12T11:22:55.620+0000] {logging_mixin.py:190} INFO - [2026-04-12T11:22:55.619+0000] {dag.py:4180} INFO - Setting next_dagrun for tutorial_taskflow_templates to 2026-04-11 00:00:00+00:00, run_after=2026-04-12 00:00:00+00:00
[2026-04-12T11:22:55.654+0000] {processor.py:208} INFO - Processing /home/airflow/.local/lib/python3.12/site-packages/airflow/example_dags/tutorial_taskflow_templates.py took 0.119 seconds
[2026-04-12T11:23:25.779+0000] {processor.py:186} INFO - Started process (PID=6642) to work on /home/airflow/.local/lib/python3.12/site-packages/airflow/example_dags/tutorial_taskflow_templates.py
[2026-04-12T11:23:25.780+0000] {processor.py:914} INFO - Processing file /home/airflow/.local/lib/python3.12/site-packages/airflow/example_dags/tutorial_taskflow_templates.py for tasks to queue
[2026-04-12T11:23:25.781+0000] {logging_mixin.py:190} INFO - [2026-04-12T11:23:25.781+0000] {dagbag.py:588} INFO - Filling up the DagBag from /home/airflow/.local/lib/python3.12/site-packages/airflow/example_dags/tutorial_taskflow_templates.py
[2026-04-12T11:23:25.794+0000] {processor.py:925} INFO - DAG(s) 'tutorial_taskflow_templates' retrieved from /home/airflow/.local/lib/python3.12/site-packages/airflow/example_dags/tutorial_taskflow_templates.py
[2026-04-12T11:23:25.822+0000] {logging_mixin.py:190} INFO - [2026-04-12T11:23:25.822+0000] {dag.py:3239} INFO - Sync 1 DAGs
[2026-04-12T11:23:25.846+0000] {logging_mixin.py:190} INFO - [2026-04-12T11:23:25.845+0000] {dag.py:4180} INFO - Setting next_dagrun for tutorial_taskflow_templates to 2026-04-11 00:00:00+00:00, run_after=2026-04-12 00:00:00+00:00
[2026-04-12T11:23:25.861+0000] {processor.py:208} INFO - Processing /home/airflow/.local/lib/python3.12/site-packages/airflow/example_dags/tutorial_taskflow_templates.py took 0.087 seconds
[2026-04-12T11:23:56.232+0000] {processor.py:186} INFO - Started process (PID=6938) to work on /home/airflow/.local/lib/python3.12/site-packages/airflow/example_dags/tutorial_taskflow_templates.py
[2026-04-12T11:23:56.233+0000] {processor.py:914} INFO - Processing file /home/airflow/.local/lib/python3.12/site-packages/airflow/example_dags/tutorial_taskflow_templates.py for tasks to queue
[2026-04-12T11:23:56.235+0000] {logging_mixin.py:190} INFO - [2026-04-12T11:23:56.234+0000] {dagbag.py:588} INFO - Filling up the DagBag from /home/airflow/.local/lib/python3.12/site-packages/airflow/example_dags/tutorial_taskflow_templates.py
[2026-04-12T11:23:56.247+0000] {processor.py:925} INFO - DAG(s) 'tutorial_taskflow_templates' retrieved from /home/airflow/.local/lib/python3.12/site-packages/airflow/example_dags/tutorial_taskflow_templates.py
[2026-04-12T11:23:56.275+0000] {logging_mixin.py:190} INFO - [2026-04-12T11:23:56.275+0000] {dag.py:3239} INFO - Sync 1 DAGs
[2026-04-12T11:23:56.295+0000] {logging_mixin.py:190} INFO - [2026-04-12T11:23:56.295+0000] {dag.py:4180} INFO - Setting next_dagrun for tutorial_taskflow_templates to 2026-04-11 00:00:00+00:00, run_after=2026-04-12 00:00:00+00:00
[2026-04-12T11:23:56.309+0000] {processor.py:208} INFO - Processing /home/airflow/.local/lib/python3.12/site-packages/airflow/example_dags/tutorial_taskflow_templates.py took 0.081 seconds
[2026-04-12T11:24:26.480+0000] {processor.py:186} INFO - Started process (PID=7232) to work on /home/airflow/.local/lib/python3.12/site-packages/airflow/example_dags/tutorial_taskflow_templates.py
[2026-04-12T11:24:26.481+0000] {processor.py:914} INFO - Processing file /home/airflow/.local/lib/python3.12/site-packages/airflow/example_dags/tutorial_taskflow_templates.py for tasks to queue
[2026-04-12T11:24:26.483+0000] {logging_mixin.py:190} INFO - [2026-04-12T11:24:26.482+0000] {dagbag.py:588} INFO - Filling up the DagBag from /home/airflow/.local/lib/python3.12/site-packages/airflow/example_dags/tutorial_taskflow_templates.py
[2026-04-12T11:24:26.499+0000] {processor.py:925} INFO - DAG(s) 'tutorial_taskflow_templates' retrieved from /home/airflow/.local/lib/python3.12/site-packages/airflow/example_dags/tutorial_taskflow_templates.py
[2026-04-12T11:24:26.532+0000] {logging_mixin.py:190} INFO - [2026-04-12T11:24:26.531+0000] {dag.py:3239} INFO - Sync 1 DAGs
[2026-04-12T11:24:26.558+0000] {logging_mixin.py:190} INFO - [2026-04-12T11:24:26.557+0000] {dag.py:4180} INFO - Setting next_dagrun for tutorial_taskflow_templates to 2026-04-11 00:00:00+00:00, run_after=2026-04-12 00:00:00+00:00
[2026-04-12T11:24:26.587+0000] {processor.py:208} INFO - Processing /home/airflow/.local/lib/python3.12/site-packages/airflow/example_dags/tutorial_taskflow_templates.py took 0.113 seconds
[2026-04-12T11:24:56.658+0000] {processor.py:186} INFO - Started process (PID=7528) to work on /home/airflow/.local/lib/python3.12/site-packages/airflow/example_dags/tutorial_taskflow_templates.py
[2026-04-12T11:24:56.660+0000] {processor.py:914} INFO - Processing file /home/airflow/.local/lib/python3.12/site-packages/airflow/example_dags/tutorial_taskflow_templates.py for tasks to queue
[2026-04-12T11:24:56.662+0000] {logging_mixin.py:190} INFO - [2026-04-12T11:24:56.662+0000] {dagbag.py:588} INFO - Filling up the DagBag from /home/airflow/.local/lib/python3.12/site-packages/airflow/example_dags/tutorial_taskflow_templates.py
[2026-04-12T11:24:56.681+0000] {processor.py:925} INFO - DAG(s) 'tutorial_taskflow_templates' retrieved from /home/airflow/.local/lib/python3.12/site-packages/airflow/example_dags/tutorial_taskflow_templates.py
[2026-04-12T11:24:56.706+0000] {logging_mixin.py:190} INFO - [2026-04-12T11:24:56.706+0000] {dag.py:3239} INFO - Sync 1 DAGs
[2026-04-12T11:24:56.726+0000] {logging_mixin.py:190} INFO - [2026-04-12T11:24:56.726+0000] {dag.py:4180} INFO - Setting next_dagrun for tutorial_taskflow_templates to 2026-04-11 00:00:00+00:00, run_after=2026-04-12 00:00:00+00:00
[2026-04-12T11:24:56.739+0000] {processor.py:208} INFO - Processing /home/airflow/.local/lib/python3.12/site-packages/airflow/example_dags/tutorial_taskflow_templates.py took 0.087 seconds
[2026-04-12T11:25:27.602+0000] {processor.py:186} INFO - Started process (PID=7824) to work on /home/airflow/.local/lib/python3.12/site-packages/airflow/example_dags/tutorial_taskflow_templates.py
[2026-04-12T11:25:27.607+0000] {processor.py:914} INFO - Processing file /home/airflow/.local/lib/python3.12/site-packages/airflow/example_dags/tutorial_taskflow_templates.py for tasks to queue
[2026-04-12T11:25:27.608+0000] {logging_mixin.py:190} INFO - [2026-04-12T11:25:27.608+0000] {dagbag.py:588} INFO - Filling up the DagBag from /home/airflow/.local/lib/python3.12/site-packages/airflow/example_dags/tutorial_taskflow_templates.py
[2026-04-12T11:25:27.624+0000] {processor.py:925} INFO - DAG(s) 'tutorial_taskflow_templates' retrieved from /home/airflow/.local/lib/python3.12/site-packages/airflow/example_dags/tutorial_taskflow_templates.py
[2026-04-12T11:25:27.650+0000] {logging_mixin.py:190} INFO - [2026-04-12T11:25:27.650+0000] {dag.py:3239} INFO - Sync 1 DAGs
[2026-04-12T11:25:27.670+0000] {logging_mixin.py:190} INFO - [2026-04-12T11:25:27.670+0000] {dag.py:4180} INFO - Setting next_dagrun for tutorial_taskflow_templates to 2026-04-11 00:00:00+00:00, run_after=2026-04-12 00:00:00+00:00
[2026-04-12T11:25:27.682+0000] {processor.py:208} INFO - Processing /home/airflow/.local/lib/python3.12/site-packages/airflow/example_dags/tutorial_taskflow_templates.py took 0.090 seconds
[2026-04-12T11:27:11.274+0000] {processor.py:186} INFO - Started process (PID=8307) to work on /home/airflow/.local/lib/python3.12/site-packages/airflow/example_dags/tutorial_taskflow_templates.py
[2026-04-12T11:27:11.274+0000] {processor.py:914} INFO - Processing file /home/airflow/.local/lib/python3.12/site-packages/airflow/example_dags/tutorial_taskflow_templates.py for tasks to queue
[2026-04-12T11:27:11.276+0000] {logging_mixin.py:190} INFO - [2026-04-12T11:27:11.275+0000] {dagbag.py:588} INFO - Filling up the DagBag from /home/airflow/.local/lib/python3.12/site-packages/airflow/example_dags/tutorial_taskflow_templates.py
[2026-04-12T11:27:11.284+0000] {processor.py:925} INFO - DAG(s) 'tutorial_taskflow_templates' retrieved from /home/airflow/.local/lib/python3.12/site-packages/airflow/example_dags/tutorial_taskflow_templates.py
[2026-04-12T11:27:11.296+0000] {logging_mixin.py:190} INFO - [2026-04-12T11:27:11.296+0000] {dag.py:3239} INFO - Sync 1 DAGs
[2026-04-12T11:27:11.311+0000] {logging_mixin.py:190} INFO - [2026-04-12T11:27:11.311+0000] {dag.py:4180} INFO - Setting next_dagrun for tutorial_taskflow_templates to 2026-04-11 00:00:00+00:00, run_after=2026-04-12 00:00:00+00:00
[2026-04-12T11:27:11.321+0000] {processor.py:208} INFO - Processing /home/airflow/.local/lib/python3.12/site-packages/airflow/example_dags/tutorial_taskflow_templates.py took 0.051 seconds
[2026-04-12T11:29:47.431+0000] {processor.py:186} INFO - Started process (PID=8601) to work on /home/airflow/.local/lib/python3.12/site-packages/airflow/example_dags/tutorial_taskflow_templates.py
[2026-04-12T11:29:47.432+0000] {processor.py:914} INFO - Processing file /home/airflow/.local/lib/python3.12/site-packages/airflow/example_dags/tutorial_taskflow_templates.py for tasks to queue
[2026-04-12T11:29:47.434+0000] {logging_mixin.py:190} INFO - [2026-04-12T11:29:47.433+0000] {dagbag.py:588} INFO - Filling up the DagBag from /home/airflow/.local/lib/python3.12/site-packages/airflow/example_dags/tutorial_taskflow_templates.py
[2026-04-12T11:29:47.442+0000] {processor.py:925} INFO - DAG(s) 'tutorial_taskflow_templates' retrieved from /home/airflow/.local/lib/python3.12/site-packages/airflow/example_dags/tutorial_taskflow_templates.py
[2026-04-12T11:29:47.461+0000] {logging_mixin.py:190} INFO - [2026-04-12T11:29:47.461+0000] {dag.py:3239} INFO - Sync 1 DAGs
[2026-04-12T11:29:47.479+0000] {logging_mixin.py:190} INFO - [2026-04-12T11:29:47.479+0000] {dag.py:4180} INFO - Setting next_dagrun for tutorial_taskflow_templates to 2026-04-11 00:00:00+00:00, run_after=2026-04-12 00:00:00+00:00
[2026-04-12T11:29:47.490+0000] {processor.py:208} INFO - Processing /home/airflow/.local/lib/python3.12/site-packages/airflow/example_dags/tutorial_taskflow_templates.py took 0.062 seconds
[2026-04-12T11:30:18.763+0000] {processor.py:186} INFO - Started process (PID=8897) to work on /home/airflow/.local/lib/python3.12/site-packages/airflow/example_dags/tutorial_taskflow_templates.py
[2026-04-12T11:30:18.764+0000] {processor.py:914} INFO - Processing file /home/airflow/.local/lib/python3.12/site-packages/airflow/example_dags/tutorial_taskflow_templates.py for tasks to queue
[2026-04-12T11:30:18.765+0000] {logging_mixin.py:190} INFO - [2026-04-12T11:30:18.765+0000] {dagbag.py:588} INFO - Filling up the DagBag from /home/airflow/.local/lib/python3.12/site-packages/airflow/example_dags/tutorial_taskflow_templates.py
[2026-04-12T11:30:18.774+0000] {processor.py:925} INFO - DAG(s) 'tutorial_taskflow_templates' retrieved from /home/airflow/.local/lib/python3.12/site-packages/airflow/example_dags/tutorial_taskflow_templates.py
[2026-04-12T11:30:18.794+0000] {logging_mixin.py:190} INFO - [2026-04-12T11:30:18.794+0000] {dag.py:3239} INFO - Sync 1 DAGs
[2026-04-12T11:30:18.808+0000] {logging_mixin.py:190} INFO - [2026-04-12T11:30:18.808+0000] {dag.py:4180} INFO - Setting next_dagrun for tutorial_taskflow_templates to 2026-04-11 00:00:00+00:00, run_after=2026-04-12 00:00:00+00:00
[2026-04-12T11:30:18.820+0000] {processor.py:208} INFO - Processing /home/airflow/.local/lib/python3.12/site-packages/airflow/example_dags/tutorial_taskflow_templates.py took 0.061 seconds
[2026-04-12T11:30:50.241+0000] {processor.py:186} INFO - Started process (PID=9193) to work on /home/airflow/.local/lib/python3.12/site-packages/airflow/example_dags/tutorial_taskflow_templates.py
[2026-04-12T11:30:50.242+0000] {processor.py:914} INFO - Processing file /home/airflow/.local/lib/python3.12/site-packages/airflow/example_dags/tutorial_taskflow_templates.py for tasks to queue
[2026-04-12T11:30:50.243+0000] {logging_mixin.py:190} INFO - [2026-04-12T11:30:50.243+0000] {dagbag.py:588} INFO - Filling up the DagBag from /home/airflow/.local/lib/python3.12/site-packages/airflow/example_dags/tutorial_taskflow_templates.py
[2026-04-12T11:30:50.253+0000] {processor.py:925} INFO - DAG(s) 'tutorial_taskflow_templates' retrieved from /home/airflow/.local/lib/python3.12/site-packages/airflow/example_dags/tutorial_taskflow_templates.py
[2026-04-12T11:30:50.267+0000] {logging_mixin.py:190} INFO - [2026-04-12T11:30:50.267+0000] {dag.py:3239} INFO - Sync 1 DAGs
[2026-04-12T11:30:50.283+0000] {logging_mixin.py:190} INFO - [2026-04-12T11:30:50.283+0000] {dag.py:4180} INFO - Setting next_dagrun for tutorial_taskflow_templates to 2026-04-11 00:00:00+00:00, run_after=2026-04-12 00:00:00+00:00
[2026-04-12T11:30:50.295+0000] {processor.py:208} INFO - Processing /home/airflow/.local/lib/python3.12/site-packages/airflow/example_dags/tutorial_taskflow_templates.py took 0.058 seconds
[2026-04-12T11:31:21.158+0000] {processor.py:186} INFO - Started process (PID=9483) to work on /home/airflow/.local/lib/python3.12/site-packages/airflow/example_dags/tutorial_taskflow_templates.py
[2026-04-12T11:31:21.159+0000] {processor.py:914} INFO - Processing file /home/airflow/.local/lib/python3.12/site-packages/airflow/example_dags/tutorial_taskflow_templates.py for tasks to queue
[2026-04-12T11:31:21.160+0000] {logging_mixin.py:190} INFO - [2026-04-12T11:31:21.160+0000] {dagbag.py:588} INFO - Filling up the DagBag from /home/airflow/.local/lib/python3.12/site-packages/airflow/example_dags/tutorial_taskflow_templates.py
[2026-04-12T11:31:21.170+0000] {processor.py:925} INFO - DAG(s) 'tutorial_taskflow_templates' retrieved from /home/airflow/.local/lib/python3.12/site-packages/airflow/example_dags/tutorial_taskflow_templates.py
[2026-04-12T11:31:21.184+0000] {logging_mixin.py:190} INFO - [2026-04-12T11:31:21.184+0000] {dag.py:3239} INFO - Sync 1 DAGs
[2026-04-12T11:31:21.201+0000] {logging_mixin.py:190} INFO - [2026-04-12T11:31:21.200+0000] {dag.py:4180} INFO - Setting next_dagrun for tutorial_taskflow_templates to 2026-04-11 00:00:00+00:00, run_after=2026-04-12 00:00:00+00:00
[2026-04-12T11:31:21.223+0000] {processor.py:208} INFO - Processing /home/airflow/.local/lib/python3.12/site-packages/airflow/example_dags/tutorial_taskflow_templates.py took 0.069 seconds
[2026-04-12T11:31:52.675+0000] {processor.py:186} INFO - Started process (PID=9784) to work on /home/airflow/.local/lib/python3.12/site-packages/airflow/example_dags/tutorial_taskflow_templates.py
[2026-04-12T11:31:52.676+0000] {processor.py:914} INFO - Processing file /home/airflow/.local/lib/python3.12/site-packages/airflow/example_dags/tutorial_taskflow_templates.py for tasks to queue
[2026-04-12T11:31:52.678+0000] {logging_mixin.py:190} INFO - [2026-04-12T11:31:52.678+0000] {dagbag.py:588} INFO - Filling up the DagBag from /home/airflow/.local/lib/python3.12/site-packages/airflow/example_dags/tutorial_taskflow_templates.py
[2026-04-12T11:31:52.686+0000] {processor.py:925} INFO - DAG(s) 'tutorial_taskflow_templates' retrieved from /home/airflow/.local/lib/python3.12/site-packages/airflow/example_dags/tutorial_taskflow_templates.py
[2026-04-12T11:31:52.699+0000] {logging_mixin.py:190} INFO - [2026-04-12T11:31:52.699+0000] {dag.py:3239} INFO - Sync 1 DAGs
[2026-04-12T11:31:52.714+0000] {logging_mixin.py:190} INFO - [2026-04-12T11:31:52.713+0000] {dag.py:4180} INFO - Setting next_dagrun for tutorial_taskflow_templates to 2026-04-11 00:00:00+00:00, run_after=2026-04-12 00:00:00+00:00
[2026-04-12T11:31:52.723+0000] {processor.py:208} INFO - Processing /home/airflow/.local/lib/python3.12/site-packages/airflow/example_dags/tutorial_taskflow_templates.py took 0.054 seconds
[2026-04-12T11:32:24.226+0000] {processor.py:186} INFO - Started process (PID=10080) to work on /home/airflow/.local/lib/python3.12/site-packages/airflow/example_dags/tutorial_taskflow_templates.py
[2026-04-12T11:32:24.227+0000] {processor.py:914} INFO - Processing file /home/airflow/.local/lib/python3.12/site-packages/airflow/example_dags/tutorial_taskflow_templates.py for tasks to queue
[2026-04-12T11:32:24.231+0000] {logging_mixin.py:190} INFO - [2026-04-12T11:32:24.230+0000] {dagbag.py:588} INFO - Filling up the DagBag from /home/airflow/.local/lib/python3.12/site-packages/airflow/example_dags/tutorial_taskflow_templates.py
[2026-04-12T11:32:24.250+0000] {processor.py:925} INFO - DAG(s) 'tutorial_taskflow_templates' retrieved from /home/airflow/.local/lib/python3.12/site-packages/airflow/example_dags/tutorial_taskflow_templates.py
[2026-04-12T11:32:24.288+0000] {logging_mixin.py:190} INFO - [2026-04-12T11:32:24.288+0000] {dag.py:3239} INFO - Sync 1 DAGs
[2026-04-12T11:32:24.389+0000] {logging_mixin.py:190} INFO - [2026-04-12T11:32:24.388+0000] {dag.py:4180} INFO - Setting next_dagrun for tutorial_taskflow_templates to 2026-04-11 00:00:00+00:00, run_after=2026-04-12 00:00:00+00:00
[2026-04-12T11:32:24.414+0000] {processor.py:208} INFO - Processing /home/airflow/.local/lib/python3.12/site-packages/airflow/example_dags/tutorial_taskflow_templates.py took 0.198 seconds
[2026-04-12T11:32:54.646+0000] {processor.py:186} INFO - Started process (PID=10371) to work on /home/airflow/.local/lib/python3.12/site-packages/airflow/example_dags/tutorial_taskflow_templates.py
[2026-04-12T11:32:54.648+0000] {processor.py:914} INFO - Processing file /home/airflow/.local/lib/python3.12/site-packages/airflow/example_dags/tutorial_taskflow_templates.py for tasks to queue
[2026-04-12T11:32:54.651+0000] {logging_mixin.py:190} INFO - [2026-04-12T11:32:54.651+0000] {dagbag.py:588} INFO - Filling up the DagBag from /home/airflow/.local/lib/python3.12/site-packages/airflow/example_dags/tutorial_taskflow_templates.py
[2026-04-12T11:32:54.660+0000] {processor.py:925} INFO - DAG(s) 'tutorial_taskflow_templates' retrieved from /home/airflow/.local/lib/python3.12/site-packages/airflow/example_dags/tutorial_taskflow_templates.py
[2026-04-12T11:32:54.681+0000] {logging_mixin.py:190} INFO - [2026-04-12T11:32:54.681+0000] {dag.py:3239} INFO - Sync 1 DAGs
[2026-04-12T11:32:54.699+0000] {logging_mixin.py:190} INFO - [2026-04-12T11:32:54.699+0000] {dag.py:4180} INFO - Setting next_dagrun for tutorial_taskflow_templates to 2026-04-11 00:00:00+00:00, run_after=2026-04-12 00:00:00+00:00
[2026-04-12T11:32:54.721+0000] {processor.py:208} INFO - Processing /home/airflow/.local/lib/python3.12/site-packages/airflow/example_dags/tutorial_taskflow_templates.py took 0.080 seconds
[2026-04-12T11:33:25.632+0000] {processor.py:186} INFO - Started process (PID=10672) to work on /home/airflow/.local/lib/python3.12/site-packages/airflow/example_dags/tutorial_taskflow_templates.py
[2026-04-12T11:33:25.634+0000] {processor.py:914} INFO - Processing file /home/airflow/.local/lib/python3.12/site-packages/airflow/example_dags/tutorial_taskflow_templates.py for tasks to queue
[2026-04-12T11:33:25.636+0000] {logging_mixin.py:190} INFO - [2026-04-12T11:33:25.635+0000] {dagbag.py:588} INFO - Filling up the DagBag from /home/airflow/.local/lib/python3.12/site-packages/airflow/example_dags/tutorial_taskflow_templates.py
[2026-04-12T11:33:25.649+0000] {processor.py:925} INFO - DAG(s) 'tutorial_taskflow_templates' retrieved from /home/airflow/.local/lib/python3.12/site-packages/airflow/example_dags/tutorial_taskflow_templates.py
[2026-04-12T11:33:25.668+0000] {logging_mixin.py:190} INFO - [2026-04-12T11:33:25.668+0000] {dag.py:3239} INFO - Sync 1 DAGs
[2026-04-12T11:33:25.684+0000] {logging_mixin.py:190} INFO - [2026-04-12T11:33:25.684+0000] {dag.py:4180} INFO - Setting next_dagrun for tutorial_taskflow_templates to 2026-04-11 00:00:00+00:00, run_after=2026-04-12 00:00:00+00:00
[2026-04-12T11:33:25.701+0000] {processor.py:208} INFO - Processing /home/airflow/.local/lib/python3.12/site-packages/airflow/example_dags/tutorial_taskflow_templates.py took 0.073 seconds
[2026-04-12T11:33:56.618+0000] {processor.py:186} INFO - Started process (PID=10968) to work on /home/airflow/.local/lib/python3.12/site-packages/airflow/example_dags/tutorial_taskflow_templates.py
[2026-04-12T11:33:56.620+0000] {processor.py:914} INFO - Processing file /home/airflow/.local/lib/python3.12/site-packages/airflow/example_dags/tutorial_taskflow_templates.py for tasks to queue
[2026-04-12T11:33:56.621+0000] {logging_mixin.py:190} INFO - [2026-04-12T11:33:56.621+0000] {dagbag.py:588} INFO - Filling up the DagBag from /home/airflow/.local/lib/python3.12/site-packages/airflow/example_dags/tutorial_taskflow_templates.py
[2026-04-12T11:33:56.632+0000] {processor.py:925} INFO - DAG(s) 'tutorial_taskflow_templates' retrieved from /home/airflow/.local/lib/python3.12/site-packages/airflow/example_dags/tutorial_taskflow_templates.py
[2026-04-12T11:33:56.649+0000] {logging_mixin.py:190} INFO - [2026-04-12T11:33:56.649+0000] {dag.py:3239} INFO - Sync 1 DAGs
[2026-04-12T11:33:56.664+0000] {logging_mixin.py:190} INFO - [2026-04-12T11:33:56.664+0000] {dag.py:4180} INFO - Setting next_dagrun for tutorial_taskflow_templates to 2026-04-11 00:00:00+00:00, run_after=2026-04-12 00:00:00+00:00
[2026-04-12T11:33:56.679+0000] {processor.py:208} INFO - Processing /home/airflow/.local/lib/python3.12/site-packages/airflow/example_dags/tutorial_taskflow_templates.py took 0.066 seconds
[2026-04-12T11:34:27.672+0000] {processor.py:186} INFO - Started process (PID=11264) to work on /home/airflow/.local/lib/python3.12/site-packages/airflow/example_dags/tutorial_taskflow_templates.py
[2026-04-12T11:34:27.673+0000] {processor.py:914} INFO - Processing file /home/airflow/.local/lib/python3.12/site-packages/airflow/example_dags/tutorial_taskflow_templates.py for tasks to queue
[2026-04-12T11:34:27.676+0000] {logging_mixin.py:190} INFO - [2026-04-12T11:34:27.675+0000] {dagbag.py:588} INFO - Filling up the DagBag from /home/airflow/.local/lib/python3.12/site-packages/airflow/example_dags/tutorial_taskflow_templates.py
[2026-04-12T11:34:27.687+0000] {processor.py:925} INFO - DAG(s) 'tutorial_taskflow_templates' retrieved from /home/airflow/.local/lib/python3.12/site-packages/airflow/example_dags/tutorial_taskflow_templates.py
[2026-04-12T11:34:27.708+0000] {logging_mixin.py:190} INFO - [2026-04-12T11:34:27.708+0000] {dag.py:3239} INFO - Sync 1 DAGs
[2026-04-12T11:34:27.723+0000] {logging_mixin.py:190} INFO - [2026-04-12T11:34:27.723+0000] {dag.py:4180} INFO - Setting next_dagrun for tutorial_taskflow_templates to 2026-04-11 00:00:00+00:00, run_after=2026-04-12 00:00:00+00:00
[2026-04-12T11:34:27.739+0000] {processor.py:208} INFO - Processing /home/airflow/.local/lib/python3.12/site-packages/airflow/example_dags/tutorial_taskflow_templates.py took 0.071 seconds
[2026-04-12T11:34:58.331+0000] {processor.py:186} INFO - Started process (PID=11559) to work on /home/airflow/.local/lib/python3.12/site-packages/airflow/example_dags/tutorial_taskflow_templates.py
[2026-04-12T11:34:58.332+0000] {processor.py:914} INFO - Processing file /home/airflow/.local/lib/python3.12/site-packages/airflow/example_dags/tutorial_taskflow_templates.py for tasks to queue
[2026-04-12T11:34:58.336+0000] {logging_mixin.py:190} INFO - [2026-04-12T11:34:58.336+0000] {dagbag.py:588} INFO - Filling up the DagBag from /home/airflow/.local/lib/python3.12/site-packages/airflow/example_dags/tutorial_taskflow_templates.py
[2026-04-12T11:34:58.345+0000] {processor.py:925} INFO - DAG(s) 'tutorial_taskflow_templates' retrieved from /home/airflow/.local/lib/python3.12/site-packages/airflow/example_dags/tutorial_taskflow_templates.py
[2026-04-12T11:34:58.357+0000] {logging_mixin.py:190} INFO - [2026-04-12T11:34:58.357+0000] {dag.py:3239} INFO - Sync 1 DAGs
[2026-04-12T11:34:58.373+0000] {logging_mixin.py:190} INFO - [2026-04-12T11:34:58.373+0000] {dag.py:4180} INFO - Setting next_dagrun for tutorial_taskflow_templates to 2026-04-11 00:00:00+00:00, run_after=2026-04-12 00:00:00+00:00
[2026-04-12T11:34:58.392+0000] {processor.py:208} INFO - Processing /home/airflow/.local/lib/python3.12/site-packages/airflow/example_dags/tutorial_taskflow_templates.py took 0.064 seconds
