[2026-04-12T11:12:32.536+0000] {processor.py:186} INFO - Started process (PID=331) to work on /home/airflow/.local/lib/python3.12/site-packages/airflow/example_dags/tutorial.py
[2026-04-12T11:12:32.538+0000] {processor.py:914} INFO - Processing file /home/airflow/.local/lib/python3.12/site-packages/airflow/example_dags/tutorial.py for tasks to queue
[2026-04-12T11:12:32.540+0000] {logging_mixin.py:190} INFO - [2026-04-12T11:12:32.540+0000] {dagbag.py:588} INFO - Filling up the DagBag from /home/airflow/.local/lib/python3.12/site-packages/airflow/example_dags/tutorial.py
[2026-04-12T11:12:32.547+0000] {processor.py:925} INFO - DAG(s) 'tutorial' retrieved from /home/airflow/.local/lib/python3.12/site-packages/airflow/example_dags/tutorial.py
[2026-04-12T11:12:32.641+0000] {logging_mixin.py:190} INFO - [2026-04-12T11:12:32.640+0000] {override.py:1912} INFO - Created Permission View: can edit on DAG:tutorial
[2026-04-12T11:12:32.650+0000] {logging_mixin.py:190} INFO - [2026-04-12T11:12:32.650+0000] {override.py:1912} INFO - Created Permission View: can delete on DAG:tutorial
[2026-04-12T11:12:32.659+0000] {logging_mixin.py:190} INFO - [2026-04-12T11:12:32.659+0000] {override.py:1912} INFO - Created Permission View: can read on DAG:tutorial
[2026-04-12T11:12:32.670+0000] {logging_mixin.py:190} INFO - [2026-04-12T11:12:32.670+0000] {override.py:1912} INFO - Created Permission View: can delete on DAG Run:tutorial
[2026-04-12T11:12:32.680+0000] {logging_mixin.py:190} INFO - [2026-04-12T11:12:32.679+0000] {override.py:1912} INFO - Created Permission View: can create on DAG Run:tutorial
[2026-04-12T11:12:32.694+0000] {logging_mixin.py:190} INFO - [2026-04-12T11:12:32.693+0000] {override.py:1912} INFO - Created Permission View: can read on DAG Run:tutorial
[2026-04-12T11:12:32.703+0000] {logging_mixin.py:190} INFO - [2026-04-12T11:12:32.702+0000] {override.py:1912} INFO - Created Permission View: menu access on DAG Run:tutorial
[2026-04-12T11:12:32.703+0000] {logging_mixin.py:190} INFO - [2026-04-12T11:12:32.703+0000] {dag.py:3239} INFO - Sync 1 DAGs
[2026-04-12T11:12:32.711+0000] {logging_mixin.py:190} INFO - [2026-04-12T11:12:32.711+0000] {dag.py:3262} INFO - Creating ORM DAG for tutorial
[2026-04-12T11:12:32.718+0000] {logging_mixin.py:190} INFO - [2026-04-12T11:12:32.718+0000] {dag.py:4180} INFO - Setting next_dagrun for tutorial to 2026-04-11 00:00:00+00:00, run_after=2026-04-12 00:00:00+00:00
[2026-04-12T11:12:32.729+0000] {processor.py:208} INFO - Processing /home/airflow/.local/lib/python3.12/site-packages/airflow/example_dags/tutorial.py took 0.197 seconds
[2026-04-12T11:13:02.817+0000] {processor.py:186} INFO - Started process (PID=626) to work on /home/airflow/.local/lib/python3.12/site-packages/airflow/example_dags/tutorial.py
[2026-04-12T11:13:02.819+0000] {processor.py:914} INFO - Processing file /home/airflow/.local/lib/python3.12/site-packages/airflow/example_dags/tutorial.py for tasks to queue
[2026-04-12T11:13:02.821+0000] {logging_mixin.py:190} INFO - [2026-04-12T11:13:02.821+0000] {dagbag.py:588} INFO - Filling up the DagBag from /home/airflow/.local/lib/python3.12/site-packages/airflow/example_dags/tutorial.py
[2026-04-12T11:13:02.828+0000] {processor.py:925} INFO - DAG(s) 'tutorial' retrieved from /home/airflow/.local/lib/python3.12/site-packages/airflow/example_dags/tutorial.py
[2026-04-12T11:13:02.850+0000] {logging_mixin.py:190} INFO - [2026-04-12T11:13:02.850+0000] {dag.py:3239} INFO - Sync 1 DAGs
[2026-04-12T11:13:02.869+0000] {logging_mixin.py:190} INFO - [2026-04-12T11:13:02.869+0000] {dag.py:4180} INFO - Setting next_dagrun for tutorial to 2026-04-11 00:00:00+00:00, run_after=2026-04-12 00:00:00+00:00
[2026-04-12T11:13:02.888+0000] {processor.py:208} INFO - Processing /home/airflow/.local/lib/python3.12/site-packages/airflow/example_dags/tutorial.py took 0.078 seconds
[2026-04-12T11:13:33.245+0000] {processor.py:186} INFO - Started process (PID=925) to work on /home/airflow/.local/lib/python3.12/site-packages/airflow/example_dags/tutorial.py
[2026-04-12T11:13:33.246+0000] {processor.py:914} INFO - Processing file /home/airflow/.local/lib/python3.12/site-packages/airflow/example_dags/tutorial.py for tasks to queue
[2026-04-12T11:13:33.247+0000] {logging_mixin.py:190} INFO - [2026-04-12T11:13:33.247+0000] {dagbag.py:588} INFO - Filling up the DagBag from /home/airflow/.local/lib/python3.12/site-packages/airflow/example_dags/tutorial.py
[2026-04-12T11:13:33.253+0000] {processor.py:925} INFO - DAG(s) 'tutorial' retrieved from /home/airflow/.local/lib/python3.12/site-packages/airflow/example_dags/tutorial.py
[2026-04-12T11:13:33.265+0000] {logging_mixin.py:190} INFO - [2026-04-12T11:13:33.265+0000] {dag.py:3239} INFO - Sync 1 DAGs
[2026-04-12T11:13:33.282+0000] {logging_mixin.py:190} INFO - [2026-04-12T11:13:33.282+0000] {dag.py:4180} INFO - Setting next_dagrun for tutorial to 2026-04-11 00:00:00+00:00, run_after=2026-04-12 00:00:00+00:00
[2026-04-12T11:13:33.294+0000] {processor.py:208} INFO - Processing /home/airflow/.local/lib/python3.12/site-packages/airflow/example_dags/tutorial.py took 0.055 seconds
[2026-04-12T11:14:04.235+0000] {processor.py:186} INFO - Started process (PID=1219) to work on /home/airflow/.local/lib/python3.12/site-packages/airflow/example_dags/tutorial.py
[2026-04-12T11:14:04.236+0000] {processor.py:914} INFO - Processing file /home/airflow/.local/lib/python3.12/site-packages/airflow/example_dags/tutorial.py for tasks to queue
[2026-04-12T11:14:04.239+0000] {logging_mixin.py:190} INFO - [2026-04-12T11:14:04.238+0000] {dagbag.py:588} INFO - Filling up the DagBag from /home/airflow/.local/lib/python3.12/site-packages/airflow/example_dags/tutorial.py
[2026-04-12T11:14:04.249+0000] {processor.py:925} INFO - DAG(s) 'tutorial' retrieved from /home/airflow/.local/lib/python3.12/site-packages/airflow/example_dags/tutorial.py
[2026-04-12T11:14:04.288+0000] {logging_mixin.py:190} INFO - [2026-04-12T11:14:04.288+0000] {dag.py:3239} INFO - Sync 1 DAGs
[2026-04-12T11:14:04.312+0000] {logging_mixin.py:190} INFO - [2026-04-12T11:14:04.312+0000] {dag.py:4180} INFO - Setting next_dagrun for tutorial to 2026-04-11 00:00:00+00:00, run_after=2026-04-12 00:00:00+00:00
[2026-04-12T11:14:04.333+0000] {processor.py:208} INFO - Processing /home/airflow/.local/lib/python3.12/site-packages/airflow/example_dags/tutorial.py took 0.105 seconds
[2026-04-12T11:14:35.071+0000] {processor.py:186} INFO - Started process (PID=1517) to work on /home/airflow/.local/lib/python3.12/site-packages/airflow/example_dags/tutorial.py
[2026-04-12T11:14:35.072+0000] {processor.py:914} INFO - Processing file /home/airflow/.local/lib/python3.12/site-packages/airflow/example_dags/tutorial.py for tasks to queue
[2026-04-12T11:14:35.075+0000] {logging_mixin.py:190} INFO - [2026-04-12T11:14:35.075+0000] {dagbag.py:588} INFO - Filling up the DagBag from /home/airflow/.local/lib/python3.12/site-packages/airflow/example_dags/tutorial.py
[2026-04-12T11:14:35.084+0000] {processor.py:925} INFO - DAG(s) 'tutorial' retrieved from /home/airflow/.local/lib/python3.12/site-packages/airflow/example_dags/tutorial.py
[2026-04-12T11:14:35.102+0000] {logging_mixin.py:190} INFO - [2026-04-12T11:14:35.102+0000] {dag.py:3239} INFO - Sync 1 DAGs
[2026-04-12T11:14:35.128+0000] {logging_mixin.py:190} INFO - [2026-04-12T11:14:35.128+0000] {dag.py:4180} INFO - Setting next_dagrun for tutorial to 2026-04-11 00:00:00+00:00, run_after=2026-04-12 00:00:00+00:00
[2026-04-12T11:14:35.146+0000] {processor.py:208} INFO - Processing /home/airflow/.local/lib/python3.12/site-packages/airflow/example_dags/tutorial.py took 0.082 seconds
[2026-04-12T11:15:05.212+0000] {processor.py:186} INFO - Started process (PID=1814) to work on /home/airflow/.local/lib/python3.12/site-packages/airflow/example_dags/tutorial.py
[2026-04-12T11:15:05.213+0000] {processor.py:914} INFO - Processing file /home/airflow/.local/lib/python3.12/site-packages/airflow/example_dags/tutorial.py for tasks to queue
[2026-04-12T11:15:05.214+0000] {logging_mixin.py:190} INFO - [2026-04-12T11:15:05.214+0000] {dagbag.py:588} INFO - Filling up the DagBag from /home/airflow/.local/lib/python3.12/site-packages/airflow/example_dags/tutorial.py
[2026-04-12T11:15:05.220+0000] {processor.py:925} INFO - DAG(s) 'tutorial' retrieved from /home/airflow/.local/lib/python3.12/site-packages/airflow/example_dags/tutorial.py
[2026-04-12T11:15:05.234+0000] {logging_mixin.py:190} INFO - [2026-04-12T11:15:05.234+0000] {dag.py:3239} INFO - Sync 1 DAGs
[2026-04-12T11:15:05.251+0000] {logging_mixin.py:190} INFO - [2026-04-12T11:15:05.251+0000] {dag.py:4180} INFO - Setting next_dagrun for tutorial to 2026-04-11 00:00:00+00:00, run_after=2026-04-12 00:00:00+00:00
[2026-04-12T11:15:05.263+0000] {processor.py:208} INFO - Processing /home/airflow/.local/lib/python3.12/site-packages/airflow/example_dags/tutorial.py took 0.064 seconds
[2026-04-12T11:15:35.792+0000] {processor.py:186} INFO - Started process (PID=2108) to work on /home/airflow/.local/lib/python3.12/site-packages/airflow/example_dags/tutorial.py
[2026-04-12T11:15:35.794+0000] {processor.py:914} INFO - Processing file /home/airflow/.local/lib/python3.12/site-packages/airflow/example_dags/tutorial.py for tasks to queue
[2026-04-12T11:15:35.797+0000] {logging_mixin.py:190} INFO - [2026-04-12T11:15:35.796+0000] {dagbag.py:588} INFO - Filling up the DagBag from /home/airflow/.local/lib/python3.12/site-packages/airflow/example_dags/tutorial.py
[2026-04-12T11:15:35.868+0000] {processor.py:925} INFO - DAG(s) 'tutorial' retrieved from /home/airflow/.local/lib/python3.12/site-packages/airflow/example_dags/tutorial.py
[2026-04-12T11:15:35.955+0000] {logging_mixin.py:190} INFO - [2026-04-12T11:15:35.955+0000] {dag.py:3239} INFO - Sync 1 DAGs
[2026-04-12T11:15:36.003+0000] {logging_mixin.py:190} INFO - [2026-04-12T11:15:36.003+0000] {dag.py:4180} INFO - Setting next_dagrun for tutorial to 2026-04-11 00:00:00+00:00, run_after=2026-04-12 00:00:00+00:00
[2026-04-12T11:15:36.032+0000] {processor.py:208} INFO - Processing /home/airflow/.local/lib/python3.12/site-packages/airflow/example_dags/tutorial.py took 0.254 seconds
[2026-04-12T11:16:06.894+0000] {processor.py:186} INFO - Started process (PID=2404) to work on /home/airflow/.local/lib/python3.12/site-packages/airflow/example_dags/tutorial.py
[2026-04-12T11:16:06.896+0000] {processor.py:914} INFO - Processing file /home/airflow/.local/lib/python3.12/site-packages/airflow/example_dags/tutorial.py for tasks to queue
[2026-04-12T11:16:06.905+0000] {logging_mixin.py:190} INFO - [2026-04-12T11:16:06.904+0000] {dagbag.py:588} INFO - Filling up the DagBag from /home/airflow/.local/lib/python3.12/site-packages/airflow/example_dags/tutorial.py
[2026-04-12T11:16:06.925+0000] {processor.py:925} INFO - DAG(s) 'tutorial' retrieved from /home/airflow/.local/lib/python3.12/site-packages/airflow/example_dags/tutorial.py
[2026-04-12T11:16:06.962+0000] {logging_mixin.py:190} INFO - [2026-04-12T11:16:06.962+0000] {dag.py:3239} INFO - Sync 1 DAGs
[2026-04-12T11:16:07.004+0000] {logging_mixin.py:190} INFO - [2026-04-12T11:16:07.004+0000] {dag.py:4180} INFO - Setting next_dagrun for tutorial to 2026-04-11 00:00:00+00:00, run_after=2026-04-12 00:00:00+00:00
[2026-04-12T11:16:07.029+0000] {processor.py:208} INFO - Processing /home/airflow/.local/lib/python3.12/site-packages/airflow/example_dags/tutorial.py took 0.146 seconds
[2026-04-12T11:16:37.062+0000] {processor.py:186} INFO - Started process (PID=2700) to work on /home/airflow/.local/lib/python3.12/site-packages/airflow/example_dags/tutorial.py
[2026-04-12T11:16:37.063+0000] {processor.py:914} INFO - Processing file /home/airflow/.local/lib/python3.12/site-packages/airflow/example_dags/tutorial.py for tasks to queue
[2026-04-12T11:16:37.066+0000] {logging_mixin.py:190} INFO - [2026-04-12T11:16:37.066+0000] {dagbag.py:588} INFO - Filling up the DagBag from /home/airflow/.local/lib/python3.12/site-packages/airflow/example_dags/tutorial.py
[2026-04-12T11:16:37.073+0000] {processor.py:925} INFO - DAG(s) 'tutorial' retrieved from /home/airflow/.local/lib/python3.12/site-packages/airflow/example_dags/tutorial.py
[2026-04-12T11:16:37.090+0000] {logging_mixin.py:190} INFO - [2026-04-12T11:16:37.090+0000] {dag.py:3239} INFO - Sync 1 DAGs
[2026-04-12T11:16:37.107+0000] {logging_mixin.py:190} INFO - [2026-04-12T11:16:37.106+0000] {dag.py:4180} INFO - Setting next_dagrun for tutorial to 2026-04-11 00:00:00+00:00, run_after=2026-04-12 00:00:00+00:00
[2026-04-12T11:16:37.121+0000] {processor.py:208} INFO - Processing /home/airflow/.local/lib/python3.12/site-packages/airflow/example_dags/tutorial.py took 0.064 seconds
[2026-04-12T11:17:08.041+0000] {processor.py:186} INFO - Started process (PID=3008) to work on /home/airflow/.local/lib/python3.12/site-packages/airflow/example_dags/tutorial.py
[2026-04-12T11:17:08.044+0000] {processor.py:914} INFO - Processing file /home/airflow/.local/lib/python3.12/site-packages/airflow/example_dags/tutorial.py for tasks to queue
[2026-04-12T11:17:08.047+0000] {logging_mixin.py:190} INFO - [2026-04-12T11:17:08.047+0000] {dagbag.py:588} INFO - Filling up the DagBag from /home/airflow/.local/lib/python3.12/site-packages/airflow/example_dags/tutorial.py
[2026-04-12T11:17:08.053+0000] {processor.py:925} INFO - DAG(s) 'tutorial' retrieved from /home/airflow/.local/lib/python3.12/site-packages/airflow/example_dags/tutorial.py
[2026-04-12T11:17:08.070+0000] {logging_mixin.py:190} INFO - [2026-04-12T11:17:08.070+0000] {dag.py:3239} INFO - Sync 1 DAGs
[2026-04-12T11:17:08.087+0000] {logging_mixin.py:190} INFO - [2026-04-12T11:17:08.086+0000] {dag.py:4180} INFO - Setting next_dagrun for tutorial to 2026-04-11 00:00:00+00:00, run_after=2026-04-12 00:00:00+00:00
[2026-04-12T11:17:08.104+0000] {processor.py:208} INFO - Processing /home/airflow/.local/lib/python3.12/site-packages/airflow/example_dags/tutorial.py took 0.069 seconds
[2026-04-12T11:17:38.947+0000] {processor.py:186} INFO - Started process (PID=3304) to work on /home/airflow/.local/lib/python3.12/site-packages/airflow/example_dags/tutorial.py
[2026-04-12T11:17:38.951+0000] {processor.py:914} INFO - Processing file /home/airflow/.local/lib/python3.12/site-packages/airflow/example_dags/tutorial.py for tasks to queue
[2026-04-12T11:17:38.955+0000] {logging_mixin.py:190} INFO - [2026-04-12T11:17:38.955+0000] {dagbag.py:588} INFO - Filling up the DagBag from /home/airflow/.local/lib/python3.12/site-packages/airflow/example_dags/tutorial.py
[2026-04-12T11:17:38.961+0000] {processor.py:925} INFO - DAG(s) 'tutorial' retrieved from /home/airflow/.local/lib/python3.12/site-packages/airflow/example_dags/tutorial.py
[2026-04-12T11:17:38.975+0000] {logging_mixin.py:190} INFO - [2026-04-12T11:17:38.975+0000] {dag.py:3239} INFO - Sync 1 DAGs
[2026-04-12T11:17:38.991+0000] {logging_mixin.py:190} INFO - [2026-04-12T11:17:38.991+0000] {dag.py:4180} INFO - Setting next_dagrun for tutorial to 2026-04-11 00:00:00+00:00, run_after=2026-04-12 00:00:00+00:00
[2026-04-12T11:17:39.007+0000] {processor.py:208} INFO - Processing /home/airflow/.local/lib/python3.12/site-packages/airflow/example_dags/tutorial.py took 0.066 seconds
[2026-04-12T11:18:09.619+0000] {processor.py:186} INFO - Started process (PID=3608) to work on /home/airflow/.local/lib/python3.12/site-packages/airflow/example_dags/tutorial.py
[2026-04-12T11:18:09.619+0000] {processor.py:914} INFO - Processing file /home/airflow/.local/lib/python3.12/site-packages/airflow/example_dags/tutorial.py for tasks to queue
[2026-04-12T11:18:09.621+0000] {logging_mixin.py:190} INFO - [2026-04-12T11:18:09.621+0000] {dagbag.py:588} INFO - Filling up the DagBag from /home/airflow/.local/lib/python3.12/site-packages/airflow/example_dags/tutorial.py
[2026-04-12T11:18:09.627+0000] {processor.py:925} INFO - DAG(s) 'tutorial' retrieved from /home/airflow/.local/lib/python3.12/site-packages/airflow/example_dags/tutorial.py
[2026-04-12T11:18:09.649+0000] {logging_mixin.py:190} INFO - [2026-04-12T11:18:09.648+0000] {dag.py:3239} INFO - Sync 1 DAGs
[2026-04-12T11:18:09.674+0000] {logging_mixin.py:190} INFO - [2026-04-12T11:18:09.673+0000] {dag.py:4180} INFO - Setting next_dagrun for tutorial to 2026-04-11 00:00:00+00:00, run_after=2026-04-12 00:00:00+00:00
[2026-04-12T11:18:09.692+0000] {processor.py:208} INFO - Processing /home/airflow/.local/lib/python3.12/site-packages/airflow/example_dags/tutorial.py took 0.078 seconds
[2026-04-12T11:18:40.118+0000] {processor.py:186} INFO - Started process (PID=3907) to work on /home/airflow/.local/lib/python3.12/site-packages/airflow/example_dags/tutorial.py
[2026-04-12T11:18:40.120+0000] {processor.py:914} INFO - Processing file /home/airflow/.local/lib/python3.12/site-packages/airflow/example_dags/tutorial.py for tasks to queue
[2026-04-12T11:18:40.122+0000] {logging_mixin.py:190} INFO - [2026-04-12T11:18:40.122+0000] {dagbag.py:588} INFO - Filling up the DagBag from /home/airflow/.local/lib/python3.12/site-packages/airflow/example_dags/tutorial.py
[2026-04-12T11:18:40.132+0000] {processor.py:925} INFO - DAG(s) 'tutorial' retrieved from /home/airflow/.local/lib/python3.12/site-packages/airflow/example_dags/tutorial.py
[2026-04-12T11:18:40.152+0000] {logging_mixin.py:190} INFO - [2026-04-12T11:18:40.152+0000] {dag.py:3239} INFO - Sync 1 DAGs
[2026-04-12T11:18:40.171+0000] {logging_mixin.py:190} INFO - [2026-04-12T11:18:40.171+0000] {dag.py:4180} INFO - Setting next_dagrun for tutorial to 2026-04-11 00:00:00+00:00, run_after=2026-04-12 00:00:00+00:00
[2026-04-12T11:18:40.188+0000] {processor.py:208} INFO - Processing /home/airflow/.local/lib/python3.12/site-packages/airflow/example_dags/tutorial.py took 0.074 seconds
[2026-04-12T11:19:10.443+0000] {processor.py:186} INFO - Started process (PID=4218) to work on /home/airflow/.local/lib/python3.12/site-packages/airflow/example_dags/tutorial.py
[2026-04-12T11:19:10.446+0000] {processor.py:914} INFO - Processing file /home/airflow/.local/lib/python3.12/site-packages/airflow/example_dags/tutorial.py for tasks to queue
[2026-04-12T11:19:10.449+0000] {logging_mixin.py:190} INFO - [2026-04-12T11:19:10.449+0000] {dagbag.py:588} INFO - Filling up the DagBag from /home/airflow/.local/lib/python3.12/site-packages/airflow/example_dags/tutorial.py
[2026-04-12T11:19:10.460+0000] {processor.py:925} INFO - DAG(s) 'tutorial' retrieved from /home/airflow/.local/lib/python3.12/site-packages/airflow/example_dags/tutorial.py
[2026-04-12T11:19:10.478+0000] {logging_mixin.py:190} INFO - [2026-04-12T11:19:10.477+0000] {dag.py:3239} INFO - Sync 1 DAGs
[2026-04-12T11:19:10.496+0000] {logging_mixin.py:190} INFO - [2026-04-12T11:19:10.496+0000] {dag.py:4180} INFO - Setting next_dagrun for tutorial to 2026-04-11 00:00:00+00:00, run_after=2026-04-12 00:00:00+00:00
[2026-04-12T11:19:10.513+0000] {processor.py:208} INFO - Processing /home/airflow/.local/lib/python3.12/site-packages/airflow/example_dags/tutorial.py took 0.076 seconds
[2026-04-12T11:19:41.289+0000] {processor.py:186} INFO - Started process (PID=4514) to work on /home/airflow/.local/lib/python3.12/site-packages/airflow/example_dags/tutorial.py
[2026-04-12T11:19:41.293+0000] {processor.py:914} INFO - Processing file /home/airflow/.local/lib/python3.12/site-packages/airflow/example_dags/tutorial.py for tasks to queue
[2026-04-12T11:19:41.296+0000] {logging_mixin.py:190} INFO - [2026-04-12T11:19:41.296+0000] {dagbag.py:588} INFO - Filling up the DagBag from /home/airflow/.local/lib/python3.12/site-packages/airflow/example_dags/tutorial.py
[2026-04-12T11:19:41.304+0000] {processor.py:925} INFO - DAG(s) 'tutorial' retrieved from /home/airflow/.local/lib/python3.12/site-packages/airflow/example_dags/tutorial.py
[2026-04-12T11:19:41.319+0000] {logging_mixin.py:190} INFO - [2026-04-12T11:19:41.319+0000] {dag.py:3239} INFO - Sync 1 DAGs
[2026-04-12T11:19:41.335+0000] {logging_mixin.py:190} INFO - [2026-04-12T11:19:41.335+0000] {dag.py:4180} INFO - Setting next_dagrun for tutorial to 2026-04-11 00:00:00+00:00, run_after=2026-04-12 00:00:00+00:00
[2026-04-12T11:19:41.351+0000] {processor.py:208} INFO - Processing /home/airflow/.local/lib/python3.12/site-packages/airflow/example_dags/tutorial.py took 0.069 seconds
[2026-04-12T11:20:12.211+0000] {processor.py:186} INFO - Started process (PID=4810) to work on /home/airflow/.local/lib/python3.12/site-packages/airflow/example_dags/tutorial.py
[2026-04-12T11:20:12.213+0000] {processor.py:914} INFO - Processing file /home/airflow/.local/lib/python3.12/site-packages/airflow/example_dags/tutorial.py for tasks to queue
[2026-04-12T11:20:12.216+0000] {logging_mixin.py:190} INFO - [2026-04-12T11:20:12.216+0000] {dagbag.py:588} INFO - Filling up the DagBag from /home/airflow/.local/lib/python3.12/site-packages/airflow/example_dags/tutorial.py
[2026-04-12T11:20:12.224+0000] {processor.py:925} INFO - DAG(s) 'tutorial' retrieved from /home/airflow/.local/lib/python3.12/site-packages/airflow/example_dags/tutorial.py
[2026-04-12T11:20:12.245+0000] {logging_mixin.py:190} INFO - [2026-04-12T11:20:12.245+0000] {dag.py:3239} INFO - Sync 1 DAGs
[2026-04-12T11:20:12.261+0000] {logging_mixin.py:190} INFO - [2026-04-12T11:20:12.261+0000] {dag.py:4180} INFO - Setting next_dagrun for tutorial to 2026-04-11 00:00:00+00:00, run_after=2026-04-12 00:00:00+00:00
[2026-04-12T11:20:12.276+0000] {processor.py:208} INFO - Processing /home/airflow/.local/lib/python3.12/site-packages/airflow/example_dags/tutorial.py took 0.070 seconds
[2026-04-12T11:20:44.396+0000] {processor.py:186} INFO - Started process (PID=5106) to work on /home/airflow/.local/lib/python3.12/site-packages/airflow/example_dags/tutorial.py
[2026-04-12T11:20:44.398+0000] {processor.py:914} INFO - Processing file /home/airflow/.local/lib/python3.12/site-packages/airflow/example_dags/tutorial.py for tasks to queue
[2026-04-12T11:20:44.403+0000] {logging_mixin.py:190} INFO - [2026-04-12T11:20:44.402+0000] {dagbag.py:588} INFO - Filling up the DagBag from /home/airflow/.local/lib/python3.12/site-packages/airflow/example_dags/tutorial.py
[2026-04-12T11:20:44.410+0000] {processor.py:925} INFO - DAG(s) 'tutorial' retrieved from /home/airflow/.local/lib/python3.12/site-packages/airflow/example_dags/tutorial.py
[2026-04-12T11:20:44.432+0000] {logging_mixin.py:190} INFO - [2026-04-12T11:20:44.431+0000] {dag.py:3239} INFO - Sync 1 DAGs
[2026-04-12T11:20:44.458+0000] {logging_mixin.py:190} INFO - [2026-04-12T11:20:44.457+0000] {dag.py:4180} INFO - Setting next_dagrun for tutorial to 2026-04-11 00:00:00+00:00, run_after=2026-04-12 00:00:00+00:00
[2026-04-12T11:20:44.481+0000] {processor.py:208} INFO - Processing /home/airflow/.local/lib/python3.12/site-packages/airflow/example_dags/tutorial.py took 0.092 seconds
[2026-04-12T11:21:15.044+0000] {processor.py:186} INFO - Started process (PID=5402) to work on /home/airflow/.local/lib/python3.12/site-packages/airflow/example_dags/tutorial.py
[2026-04-12T11:21:15.046+0000] {processor.py:914} INFO - Processing file /home/airflow/.local/lib/python3.12/site-packages/airflow/example_dags/tutorial.py for tasks to queue
[2026-04-12T11:21:15.048+0000] {logging_mixin.py:190} INFO - [2026-04-12T11:21:15.048+0000] {dagbag.py:588} INFO - Filling up the DagBag from /home/airflow/.local/lib/python3.12/site-packages/airflow/example_dags/tutorial.py
[2026-04-12T11:21:15.056+0000] {processor.py:925} INFO - DAG(s) 'tutorial' retrieved from /home/airflow/.local/lib/python3.12/site-packages/airflow/example_dags/tutorial.py
[2026-04-12T11:21:15.118+0000] {logging_mixin.py:190} INFO - [2026-04-12T11:21:15.117+0000] {dag.py:3239} INFO - Sync 1 DAGs
[2026-04-12T11:21:15.328+0000] {logging_mixin.py:190} INFO - [2026-04-12T11:21:15.327+0000] {dag.py:4180} INFO - Setting next_dagrun for tutorial to 2026-04-11 00:00:00+00:00, run_after=2026-04-12 00:00:00+00:00
[2026-04-12T11:21:15.438+0000] {processor.py:208} INFO - Processing /home/airflow/.local/lib/python3.12/site-packages/airflow/example_dags/tutorial.py took 0.398 seconds
[2026-04-12T11:21:45.532+0000] {processor.py:186} INFO - Started process (PID=5698) to work on /home/airflow/.local/lib/python3.12/site-packages/airflow/example_dags/tutorial.py
[2026-04-12T11:21:45.533+0000] {processor.py:914} INFO - Processing file /home/airflow/.local/lib/python3.12/site-packages/airflow/example_dags/tutorial.py for tasks to queue
[2026-04-12T11:21:45.536+0000] {logging_mixin.py:190} INFO - [2026-04-12T11:21:45.536+0000] {dagbag.py:588} INFO - Filling up the DagBag from /home/airflow/.local/lib/python3.12/site-packages/airflow/example_dags/tutorial.py
[2026-04-12T11:21:45.556+0000] {processor.py:925} INFO - DAG(s) 'tutorial' retrieved from /home/airflow/.local/lib/python3.12/site-packages/airflow/example_dags/tutorial.py
[2026-04-12T11:21:45.582+0000] {logging_mixin.py:190} INFO - [2026-04-12T11:21:45.582+0000] {dag.py:3239} INFO - Sync 1 DAGs
[2026-04-12T11:21:45.601+0000] {logging_mixin.py:190} INFO - [2026-04-12T11:21:45.601+0000] {dag.py:4180} INFO - Setting next_dagrun for tutorial to 2026-04-11 00:00:00+00:00, run_after=2026-04-12 00:00:00+00:00
[2026-04-12T11:21:45.615+0000] {processor.py:208} INFO - Processing /home/airflow/.local/lib/python3.12/site-packages/airflow/example_dags/tutorial.py took 0.088 seconds
[2026-04-12T11:22:15.710+0000] {processor.py:186} INFO - Started process (PID=5996) to work on /home/airflow/.local/lib/python3.12/site-packages/airflow/example_dags/tutorial.py
[2026-04-12T11:22:15.711+0000] {processor.py:914} INFO - Processing file /home/airflow/.local/lib/python3.12/site-packages/airflow/example_dags/tutorial.py for tasks to queue
[2026-04-12T11:22:15.713+0000] {logging_mixin.py:190} INFO - [2026-04-12T11:22:15.713+0000] {dagbag.py:588} INFO - Filling up the DagBag from /home/airflow/.local/lib/python3.12/site-packages/airflow/example_dags/tutorial.py
[2026-04-12T11:22:15.718+0000] {processor.py:925} INFO - DAG(s) 'tutorial' retrieved from /home/airflow/.local/lib/python3.12/site-packages/airflow/example_dags/tutorial.py
[2026-04-12T11:22:15.738+0000] {logging_mixin.py:190} INFO - [2026-04-12T11:22:15.738+0000] {dag.py:3239} INFO - Sync 1 DAGs
[2026-04-12T11:22:15.752+0000] {logging_mixin.py:190} INFO - [2026-04-12T11:22:15.752+0000] {dag.py:4180} INFO - Setting next_dagrun for tutorial to 2026-04-11 00:00:00+00:00, run_after=2026-04-12 00:00:00+00:00
[2026-04-12T11:22:15.764+0000] {processor.py:208} INFO - Processing /home/airflow/.local/lib/python3.12/site-packages/airflow/example_dags/tutorial.py took 0.057 seconds
[2026-04-12T11:22:45.911+0000] {processor.py:186} INFO - Started process (PID=6289) to work on /home/airflow/.local/lib/python3.12/site-packages/airflow/example_dags/tutorial.py
[2026-04-12T11:22:45.913+0000] {processor.py:914} INFO - Processing file /home/airflow/.local/lib/python3.12/site-packages/airflow/example_dags/tutorial.py for tasks to queue
[2026-04-12T11:22:45.915+0000] {logging_mixin.py:190} INFO - [2026-04-12T11:22:45.915+0000] {dagbag.py:588} INFO - Filling up the DagBag from /home/airflow/.local/lib/python3.12/site-packages/airflow/example_dags/tutorial.py
[2026-04-12T11:22:45.924+0000] {processor.py:925} INFO - DAG(s) 'tutorial' retrieved from /home/airflow/.local/lib/python3.12/site-packages/airflow/example_dags/tutorial.py
[2026-04-12T11:22:45.938+0000] {logging_mixin.py:190} INFO - [2026-04-12T11:22:45.938+0000] {dag.py:3239} INFO - Sync 1 DAGs
[2026-04-12T11:22:45.953+0000] {logging_mixin.py:190} INFO - [2026-04-12T11:22:45.953+0000] {dag.py:4180} INFO - Setting next_dagrun for tutorial to 2026-04-11 00:00:00+00:00, run_after=2026-04-12 00:00:00+00:00
[2026-04-12T11:22:45.965+0000] {processor.py:208} INFO - Processing /home/airflow/.local/lib/python3.12/site-packages/airflow/example_dags/tutorial.py took 0.058 seconds
[2026-04-12T11:23:16.059+0000] {processor.py:186} INFO - Started process (PID=6585) to work on /home/airflow/.local/lib/python3.12/site-packages/airflow/example_dags/tutorial.py
[2026-04-12T11:23:16.061+0000] {processor.py:914} INFO - Processing file /home/airflow/.local/lib/python3.12/site-packages/airflow/example_dags/tutorial.py for tasks to queue
[2026-04-12T11:23:16.063+0000] {logging_mixin.py:190} INFO - [2026-04-12T11:23:16.062+0000] {dagbag.py:588} INFO - Filling up the DagBag from /home/airflow/.local/lib/python3.12/site-packages/airflow/example_dags/tutorial.py
[2026-04-12T11:23:16.068+0000] {processor.py:925} INFO - DAG(s) 'tutorial' retrieved from /home/airflow/.local/lib/python3.12/site-packages/airflow/example_dags/tutorial.py
[2026-04-12T11:23:16.082+0000] {logging_mixin.py:190} INFO - [2026-04-12T11:23:16.082+0000] {dag.py:3239} INFO - Sync 1 DAGs
[2026-04-12T11:23:16.098+0000] {logging_mixin.py:190} INFO - [2026-04-12T11:23:16.098+0000] {dag.py:4180} INFO - Setting next_dagrun for tutorial to 2026-04-11 00:00:00+00:00, run_after=2026-04-12 00:00:00+00:00
[2026-04-12T11:23:16.114+0000] {processor.py:208} INFO - Processing /home/airflow/.local/lib/python3.12/site-packages/airflow/example_dags/tutorial.py took 0.060 seconds
[2026-04-12T11:23:46.610+0000] {processor.py:186} INFO - Started process (PID=6881) to work on /home/airflow/.local/lib/python3.12/site-packages/airflow/example_dags/tutorial.py
[2026-04-12T11:23:46.611+0000] {processor.py:914} INFO - Processing file /home/airflow/.local/lib/python3.12/site-packages/airflow/example_dags/tutorial.py for tasks to queue
[2026-04-12T11:23:46.613+0000] {logging_mixin.py:190} INFO - [2026-04-12T11:23:46.612+0000] {dagbag.py:588} INFO - Filling up the DagBag from /home/airflow/.local/lib/python3.12/site-packages/airflow/example_dags/tutorial.py
[2026-04-12T11:23:46.618+0000] {processor.py:925} INFO - DAG(s) 'tutorial' retrieved from /home/airflow/.local/lib/python3.12/site-packages/airflow/example_dags/tutorial.py
[2026-04-12T11:23:46.630+0000] {logging_mixin.py:190} INFO - [2026-04-12T11:23:46.630+0000] {dag.py:3239} INFO - Sync 1 DAGs
[2026-04-12T11:23:46.644+0000] {logging_mixin.py:190} INFO - [2026-04-12T11:23:46.644+0000] {dag.py:4180} INFO - Setting next_dagrun for tutorial to 2026-04-11 00:00:00+00:00, run_after=2026-04-12 00:00:00+00:00
[2026-04-12T11:23:46.664+0000] {processor.py:208} INFO - Processing /home/airflow/.local/lib/python3.12/site-packages/airflow/example_dags/tutorial.py took 0.058 seconds
[2026-04-12T11:24:16.919+0000] {processor.py:186} INFO - Started process (PID=7177) to work on /home/airflow/.local/lib/python3.12/site-packages/airflow/example_dags/tutorial.py
[2026-04-12T11:24:16.920+0000] {processor.py:914} INFO - Processing file /home/airflow/.local/lib/python3.12/site-packages/airflow/example_dags/tutorial.py for tasks to queue
[2026-04-12T11:24:16.921+0000] {logging_mixin.py:190} INFO - [2026-04-12T11:24:16.921+0000] {dagbag.py:588} INFO - Filling up the DagBag from /home/airflow/.local/lib/python3.12/site-packages/airflow/example_dags/tutorial.py
[2026-04-12T11:24:16.926+0000] {processor.py:925} INFO - DAG(s) 'tutorial' retrieved from /home/airflow/.local/lib/python3.12/site-packages/airflow/example_dags/tutorial.py
[2026-04-12T11:24:16.938+0000] {logging_mixin.py:190} INFO - [2026-04-12T11:24:16.938+0000] {dag.py:3239} INFO - Sync 1 DAGs
[2026-04-12T11:24:16.952+0000] {logging_mixin.py:190} INFO - [2026-04-12T11:24:16.952+0000] {dag.py:4180} INFO - Setting next_dagrun for tutorial to 2026-04-11 00:00:00+00:00, run_after=2026-04-12 00:00:00+00:00
[2026-04-12T11:24:16.965+0000] {processor.py:208} INFO - Processing /home/airflow/.local/lib/python3.12/site-packages/airflow/example_dags/tutorial.py took 0.050 seconds
[2026-04-12T11:24:47.995+0000] {processor.py:186} INFO - Started process (PID=7473) to work on /home/airflow/.local/lib/python3.12/site-packages/airflow/example_dags/tutorial.py
[2026-04-12T11:24:47.997+0000] {processor.py:914} INFO - Processing file /home/airflow/.local/lib/python3.12/site-packages/airflow/example_dags/tutorial.py for tasks to queue
[2026-04-12T11:24:47.999+0000] {logging_mixin.py:190} INFO - [2026-04-12T11:24:47.998+0000] {dagbag.py:588} INFO - Filling up the DagBag from /home/airflow/.local/lib/python3.12/site-packages/airflow/example_dags/tutorial.py
[2026-04-12T11:24:48.005+0000] {processor.py:925} INFO - DAG(s) 'tutorial' retrieved from /home/airflow/.local/lib/python3.12/site-packages/airflow/example_dags/tutorial.py
[2026-04-12T11:24:48.023+0000] {logging_mixin.py:190} INFO - [2026-04-12T11:24:48.023+0000] {dag.py:3239} INFO - Sync 1 DAGs
[2026-04-12T11:24:48.038+0000] {logging_mixin.py:190} INFO - [2026-04-12T11:24:48.038+0000] {dag.py:4180} INFO - Setting next_dagrun for tutorial to 2026-04-11 00:00:00+00:00, run_after=2026-04-12 00:00:00+00:00
[2026-04-12T11:24:48.052+0000] {processor.py:208} INFO - Processing /home/airflow/.local/lib/python3.12/site-packages/airflow/example_dags/tutorial.py took 0.061 seconds
[2026-04-12T11:25:18.209+0000] {processor.py:186} INFO - Started process (PID=7769) to work on /home/airflow/.local/lib/python3.12/site-packages/airflow/example_dags/tutorial.py
[2026-04-12T11:25:18.211+0000] {processor.py:914} INFO - Processing file /home/airflow/.local/lib/python3.12/site-packages/airflow/example_dags/tutorial.py for tasks to queue
[2026-04-12T11:25:18.212+0000] {logging_mixin.py:190} INFO - [2026-04-12T11:25:18.212+0000] {dagbag.py:588} INFO - Filling up the DagBag from /home/airflow/.local/lib/python3.12/site-packages/airflow/example_dags/tutorial.py
[2026-04-12T11:25:18.217+0000] {processor.py:925} INFO - DAG(s) 'tutorial' retrieved from /home/airflow/.local/lib/python3.12/site-packages/airflow/example_dags/tutorial.py
[2026-04-12T11:25:18.230+0000] {logging_mixin.py:190} INFO - [2026-04-12T11:25:18.230+0000] {dag.py:3239} INFO - Sync 1 DAGs
[2026-04-12T11:25:18.246+0000] {logging_mixin.py:190} INFO - [2026-04-12T11:25:18.246+0000] {dag.py:4180} INFO - Setting next_dagrun for tutorial to 2026-04-11 00:00:00+00:00, run_after=2026-04-12 00:00:00+00:00
[2026-04-12T11:25:18.261+0000] {processor.py:208} INFO - Processing /home/airflow/.local/lib/python3.12/site-packages/airflow/example_dags/tutorial.py took 0.056 seconds
[2026-04-12T11:25:48.411+0000] {processor.py:186} INFO - Started process (PID=8065) to work on /home/airflow/.local/lib/python3.12/site-packages/airflow/example_dags/tutorial.py
[2026-04-12T11:25:48.412+0000] {processor.py:914} INFO - Processing file /home/airflow/.local/lib/python3.12/site-packages/airflow/example_dags/tutorial.py for tasks to queue
[2026-04-12T11:25:48.414+0000] {logging_mixin.py:190} INFO - [2026-04-12T11:25:48.414+0000] {dagbag.py:588} INFO - Filling up the DagBag from /home/airflow/.local/lib/python3.12/site-packages/airflow/example_dags/tutorial.py
[2026-04-12T11:25:48.421+0000] {processor.py:925} INFO - DAG(s) 'tutorial' retrieved from /home/airflow/.local/lib/python3.12/site-packages/airflow/example_dags/tutorial.py
[2026-04-12T11:25:48.434+0000] {logging_mixin.py:190} INFO - [2026-04-12T11:25:48.434+0000] {dag.py:3239} INFO - Sync 1 DAGs
[2026-04-12T11:25:48.450+0000] {logging_mixin.py:190} INFO - [2026-04-12T11:25:48.450+0000] {dag.py:4180} INFO - Setting next_dagrun for tutorial to 2026-04-11 00:00:00+00:00, run_after=2026-04-12 00:00:00+00:00
[2026-04-12T11:25:48.463+0000] {processor.py:208} INFO - Processing /home/airflow/.local/lib/python3.12/site-packages/airflow/example_dags/tutorial.py took 0.056 seconds
[2026-04-12T11:27:09.939+0000] {processor.py:186} INFO - Started process (PID=8235) to work on /home/airflow/.local/lib/python3.12/site-packages/airflow/example_dags/tutorial.py
[2026-04-12T11:27:09.943+0000] {processor.py:914} INFO - Processing file /home/airflow/.local/lib/python3.12/site-packages/airflow/example_dags/tutorial.py for tasks to queue
[2026-04-12T11:27:09.945+0000] {logging_mixin.py:190} INFO - [2026-04-12T11:27:09.945+0000] {dagbag.py:588} INFO - Filling up the DagBag from /home/airflow/.local/lib/python3.12/site-packages/airflow/example_dags/tutorial.py
[2026-04-12T11:27:09.951+0000] {processor.py:925} INFO - DAG(s) 'tutorial' retrieved from /home/airflow/.local/lib/python3.12/site-packages/airflow/example_dags/tutorial.py
[2026-04-12T11:27:09.968+0000] {logging_mixin.py:190} INFO - [2026-04-12T11:27:09.968+0000] {dag.py:3239} INFO - Sync 1 DAGs
[2026-04-12T11:27:09.985+0000] {logging_mixin.py:190} INFO - [2026-04-12T11:27:09.985+0000] {dag.py:4180} INFO - Setting next_dagrun for tutorial to 2026-04-11 00:00:00+00:00, run_after=2026-04-12 00:00:00+00:00
[2026-04-12T11:27:09.998+0000] {processor.py:208} INFO - Processing /home/airflow/.local/lib/python3.12/site-packages/airflow/example_dags/tutorial.py took 0.063 seconds
[2026-04-12T11:29:46.109+0000] {processor.py:186} INFO - Started process (PID=8533) to work on /home/airflow/.local/lib/python3.12/site-packages/airflow/example_dags/tutorial.py
[2026-04-12T11:29:46.110+0000] {processor.py:914} INFO - Processing file /home/airflow/.local/lib/python3.12/site-packages/airflow/example_dags/tutorial.py for tasks to queue
[2026-04-12T11:29:46.111+0000] {logging_mixin.py:190} INFO - [2026-04-12T11:29:46.111+0000] {dagbag.py:588} INFO - Filling up the DagBag from /home/airflow/.local/lib/python3.12/site-packages/airflow/example_dags/tutorial.py
[2026-04-12T11:29:46.116+0000] {processor.py:925} INFO - DAG(s) 'tutorial' retrieved from /home/airflow/.local/lib/python3.12/site-packages/airflow/example_dags/tutorial.py
[2026-04-12T11:29:46.129+0000] {logging_mixin.py:190} INFO - [2026-04-12T11:29:46.129+0000] {dag.py:3239} INFO - Sync 1 DAGs
[2026-04-12T11:29:46.142+0000] {logging_mixin.py:190} INFO - [2026-04-12T11:29:46.142+0000] {dag.py:4180} INFO - Setting next_dagrun for tutorial to 2026-04-11 00:00:00+00:00, run_after=2026-04-12 00:00:00+00:00
[2026-04-12T11:29:46.154+0000] {processor.py:208} INFO - Processing /home/airflow/.local/lib/python3.12/site-packages/airflow/example_dags/tutorial.py took 0.049 seconds
[2026-04-12T11:30:16.275+0000] {processor.py:186} INFO - Started process (PID=8827) to work on /home/airflow/.local/lib/python3.12/site-packages/airflow/example_dags/tutorial.py
[2026-04-12T11:30:16.282+0000] {processor.py:914} INFO - Processing file /home/airflow/.local/lib/python3.12/site-packages/airflow/example_dags/tutorial.py for tasks to queue
[2026-04-12T11:30:16.286+0000] {logging_mixin.py:190} INFO - [2026-04-12T11:30:16.286+0000] {dagbag.py:588} INFO - Filling up the DagBag from /home/airflow/.local/lib/python3.12/site-packages/airflow/example_dags/tutorial.py
[2026-04-12T11:30:16.298+0000] {processor.py:925} INFO - DAG(s) 'tutorial' retrieved from /home/airflow/.local/lib/python3.12/site-packages/airflow/example_dags/tutorial.py
[2026-04-12T11:30:16.349+0000] {logging_mixin.py:190} INFO - [2026-04-12T11:30:16.348+0000] {dag.py:3239} INFO - Sync 1 DAGs
[2026-04-12T11:30:16.384+0000] {logging_mixin.py:190} INFO - [2026-04-12T11:30:16.384+0000] {dag.py:4180} INFO - Setting next_dagrun for tutorial to 2026-04-11 00:00:00+00:00, run_after=2026-04-12 00:00:00+00:00
[2026-04-12T11:30:16.399+0000] {processor.py:208} INFO - Processing /home/airflow/.local/lib/python3.12/site-packages/airflow/example_dags/tutorial.py took 0.128 seconds
[2026-04-12T11:30:46.805+0000] {processor.py:186} INFO - Started process (PID=9123) to work on /home/airflow/.local/lib/python3.12/site-packages/airflow/example_dags/tutorial.py
[2026-04-12T11:30:46.809+0000] {processor.py:914} INFO - Processing file /home/airflow/.local/lib/python3.12/site-packages/airflow/example_dags/tutorial.py for tasks to queue
[2026-04-12T11:30:46.811+0000] {logging_mixin.py:190} INFO - [2026-04-12T11:30:46.811+0000] {dagbag.py:588} INFO - Filling up the DagBag from /home/airflow/.local/lib/python3.12/site-packages/airflow/example_dags/tutorial.py
[2026-04-12T11:30:46.817+0000] {processor.py:925} INFO - DAG(s) 'tutorial' retrieved from /home/airflow/.local/lib/python3.12/site-packages/airflow/example_dags/tutorial.py
[2026-04-12T11:30:46.830+0000] {logging_mixin.py:190} INFO - [2026-04-12T11:30:46.830+0000] {dag.py:3239} INFO - Sync 1 DAGs
[2026-04-12T11:30:46.846+0000] {logging_mixin.py:190} INFO - [2026-04-12T11:30:46.846+0000] {dag.py:4180} INFO - Setting next_dagrun for tutorial to 2026-04-11 00:00:00+00:00, run_after=2026-04-12 00:00:00+00:00
[2026-04-12T11:30:46.861+0000] {processor.py:208} INFO - Processing /home/airflow/.local/lib/python3.12/site-packages/airflow/example_dags/tutorial.py took 0.067 seconds
[2026-04-12T11:31:16.931+0000] {processor.py:186} INFO - Started process (PID=9418) to work on /home/airflow/.local/lib/python3.12/site-packages/airflow/example_dags/tutorial.py
[2026-04-12T11:31:16.935+0000] {processor.py:914} INFO - Processing file /home/airflow/.local/lib/python3.12/site-packages/airflow/example_dags/tutorial.py for tasks to queue
[2026-04-12T11:31:16.938+0000] {logging_mixin.py:190} INFO - [2026-04-12T11:31:16.938+0000] {dagbag.py:588} INFO - Filling up the DagBag from /home/airflow/.local/lib/python3.12/site-packages/airflow/example_dags/tutorial.py
[2026-04-12T11:31:16.944+0000] {processor.py:925} INFO - DAG(s) 'tutorial' retrieved from /home/airflow/.local/lib/python3.12/site-packages/airflow/example_dags/tutorial.py
[2026-04-12T11:31:16.967+0000] {logging_mixin.py:190} INFO - [2026-04-12T11:31:16.967+0000] {dag.py:3239} INFO - Sync 1 DAGs
[2026-04-12T11:31:16.983+0000] {logging_mixin.py:190} INFO - [2026-04-12T11:31:16.983+0000] {dag.py:4180} INFO - Setting next_dagrun for tutorial to 2026-04-11 00:00:00+00:00, run_after=2026-04-12 00:00:00+00:00
[2026-04-12T11:31:16.998+0000] {processor.py:208} INFO - Processing /home/airflow/.local/lib/python3.12/site-packages/airflow/example_dags/tutorial.py took 0.071 seconds
[2026-04-12T11:31:47.344+0000] {processor.py:186} INFO - Started process (PID=9714) to work on /home/airflow/.local/lib/python3.12/site-packages/airflow/example_dags/tutorial.py
[2026-04-12T11:31:47.345+0000] {processor.py:914} INFO - Processing file /home/airflow/.local/lib/python3.12/site-packages/airflow/example_dags/tutorial.py for tasks to queue
[2026-04-12T11:31:47.350+0000] {logging_mixin.py:190} INFO - [2026-04-12T11:31:47.350+0000] {dagbag.py:588} INFO - Filling up the DagBag from /home/airflow/.local/lib/python3.12/site-packages/airflow/example_dags/tutorial.py
[2026-04-12T11:31:47.358+0000] {processor.py:925} INFO - DAG(s) 'tutorial' retrieved from /home/airflow/.local/lib/python3.12/site-packages/airflow/example_dags/tutorial.py
[2026-04-12T11:31:47.376+0000] {logging_mixin.py:190} INFO - [2026-04-12T11:31:47.376+0000] {dag.py:3239} INFO - Sync 1 DAGs
[2026-04-12T11:31:47.395+0000] {logging_mixin.py:190} INFO - [2026-04-12T11:31:47.394+0000] {dag.py:4180} INFO - Setting next_dagrun for tutorial to 2026-04-11 00:00:00+00:00, run_after=2026-04-12 00:00:00+00:00
[2026-04-12T11:31:47.406+0000] {processor.py:208} INFO - Processing /home/airflow/.local/lib/python3.12/site-packages/airflow/example_dags/tutorial.py took 0.065 seconds
[2026-04-12T11:32:18.597+0000] {processor.py:186} INFO - Started process (PID=10010) to work on /home/airflow/.local/lib/python3.12/site-packages/airflow/example_dags/tutorial.py
[2026-04-12T11:32:18.598+0000] {processor.py:914} INFO - Processing file /home/airflow/.local/lib/python3.12/site-packages/airflow/example_dags/tutorial.py for tasks to queue
[2026-04-12T11:32:18.600+0000] {logging_mixin.py:190} INFO - [2026-04-12T11:32:18.600+0000] {dagbag.py:588} INFO - Filling up the DagBag from /home/airflow/.local/lib/python3.12/site-packages/airflow/example_dags/tutorial.py
[2026-04-12T11:32:18.606+0000] {processor.py:925} INFO - DAG(s) 'tutorial' retrieved from /home/airflow/.local/lib/python3.12/site-packages/airflow/example_dags/tutorial.py
[2026-04-12T11:32:18.625+0000] {logging_mixin.py:190} INFO - [2026-04-12T11:32:18.625+0000] {dag.py:3239} INFO - Sync 1 DAGs
[2026-04-12T11:32:18.643+0000] {logging_mixin.py:190} INFO - [2026-04-12T11:32:18.643+0000] {dag.py:4180} INFO - Setting next_dagrun for tutorial to 2026-04-11 00:00:00+00:00, run_after=2026-04-12 00:00:00+00:00
[2026-04-12T11:32:18.658+0000] {processor.py:208} INFO - Processing /home/airflow/.local/lib/python3.12/site-packages/airflow/example_dags/tutorial.py took 0.065 seconds
[2026-04-12T11:32:49.568+0000] {processor.py:186} INFO - Started process (PID=10306) to work on /home/airflow/.local/lib/python3.12/site-packages/airflow/example_dags/tutorial.py
[2026-04-12T11:32:49.569+0000] {processor.py:914} INFO - Processing file /home/airflow/.local/lib/python3.12/site-packages/airflow/example_dags/tutorial.py for tasks to queue
[2026-04-12T11:32:49.570+0000] {logging_mixin.py:190} INFO - [2026-04-12T11:32:49.570+0000] {dagbag.py:588} INFO - Filling up the DagBag from /home/airflow/.local/lib/python3.12/site-packages/airflow/example_dags/tutorial.py
[2026-04-12T11:32:49.577+0000] {processor.py:925} INFO - DAG(s) 'tutorial' retrieved from /home/airflow/.local/lib/python3.12/site-packages/airflow/example_dags/tutorial.py
[2026-04-12T11:32:49.601+0000] {logging_mixin.py:190} INFO - [2026-04-12T11:32:49.600+0000] {dag.py:3239} INFO - Sync 1 DAGs
[2026-04-12T11:32:49.618+0000] {logging_mixin.py:190} INFO - [2026-04-12T11:32:49.618+0000] {dag.py:4180} INFO - Setting next_dagrun for tutorial to 2026-04-11 00:00:00+00:00, run_after=2026-04-12 00:00:00+00:00
[2026-04-12T11:32:49.640+0000] {processor.py:208} INFO - Processing /home/airflow/.local/lib/python3.12/site-packages/airflow/example_dags/tutorial.py took 0.076 seconds
[2026-04-12T11:33:20.517+0000] {processor.py:186} INFO - Started process (PID=10602) to work on /home/airflow/.local/lib/python3.12/site-packages/airflow/example_dags/tutorial.py
[2026-04-12T11:33:20.518+0000] {processor.py:914} INFO - Processing file /home/airflow/.local/lib/python3.12/site-packages/airflow/example_dags/tutorial.py for tasks to queue
[2026-04-12T11:33:20.522+0000] {logging_mixin.py:190} INFO - [2026-04-12T11:33:20.522+0000] {dagbag.py:588} INFO - Filling up the DagBag from /home/airflow/.local/lib/python3.12/site-packages/airflow/example_dags/tutorial.py
[2026-04-12T11:33:20.529+0000] {processor.py:925} INFO - DAG(s) 'tutorial' retrieved from /home/airflow/.local/lib/python3.12/site-packages/airflow/example_dags/tutorial.py
[2026-04-12T11:33:20.545+0000] {logging_mixin.py:190} INFO - [2026-04-12T11:33:20.545+0000] {dag.py:3239} INFO - Sync 1 DAGs
[2026-04-12T11:33:20.562+0000] {logging_mixin.py:190} INFO - [2026-04-12T11:33:20.562+0000] {dag.py:4180} INFO - Setting next_dagrun for tutorial to 2026-04-11 00:00:00+00:00, run_after=2026-04-12 00:00:00+00:00
[2026-04-12T11:33:20.572+0000] {processor.py:208} INFO - Processing /home/airflow/.local/lib/python3.12/site-packages/airflow/example_dags/tutorial.py took 0.060 seconds
[2026-04-12T11:33:51.600+0000] {processor.py:186} INFO - Started process (PID=10897) to work on /home/airflow/.local/lib/python3.12/site-packages/airflow/example_dags/tutorial.py
[2026-04-12T11:33:51.603+0000] {processor.py:914} INFO - Processing file /home/airflow/.local/lib/python3.12/site-packages/airflow/example_dags/tutorial.py for tasks to queue
[2026-04-12T11:33:51.604+0000] {logging_mixin.py:190} INFO - [2026-04-12T11:33:51.604+0000] {dagbag.py:588} INFO - Filling up the DagBag from /home/airflow/.local/lib/python3.12/site-packages/airflow/example_dags/tutorial.py
[2026-04-12T11:33:51.615+0000] {processor.py:925} INFO - DAG(s) 'tutorial' retrieved from /home/airflow/.local/lib/python3.12/site-packages/airflow/example_dags/tutorial.py
[2026-04-12T11:33:51.634+0000] {logging_mixin.py:190} INFO - [2026-04-12T11:33:51.633+0000] {dag.py:3239} INFO - Sync 1 DAGs
[2026-04-12T11:33:51.650+0000] {logging_mixin.py:190} INFO - [2026-04-12T11:33:51.650+0000] {dag.py:4180} INFO - Setting next_dagrun for tutorial to 2026-04-11 00:00:00+00:00, run_after=2026-04-12 00:00:00+00:00
[2026-04-12T11:33:51.665+0000] {processor.py:208} INFO - Processing /home/airflow/.local/lib/python3.12/site-packages/airflow/example_dags/tutorial.py took 0.069 seconds
[2026-04-12T11:34:22.450+0000] {processor.py:186} INFO - Started process (PID=11193) to work on /home/airflow/.local/lib/python3.12/site-packages/airflow/example_dags/tutorial.py
[2026-04-12T11:34:22.454+0000] {processor.py:914} INFO - Processing file /home/airflow/.local/lib/python3.12/site-packages/airflow/example_dags/tutorial.py for tasks to queue
[2026-04-12T11:34:22.456+0000] {logging_mixin.py:190} INFO - [2026-04-12T11:34:22.456+0000] {dagbag.py:588} INFO - Filling up the DagBag from /home/airflow/.local/lib/python3.12/site-packages/airflow/example_dags/tutorial.py
[2026-04-12T11:34:22.465+0000] {processor.py:925} INFO - DAG(s) 'tutorial' retrieved from /home/airflow/.local/lib/python3.12/site-packages/airflow/example_dags/tutorial.py
[2026-04-12T11:34:22.489+0000] {logging_mixin.py:190} INFO - [2026-04-12T11:34:22.489+0000] {dag.py:3239} INFO - Sync 1 DAGs
[2026-04-12T11:34:22.508+0000] {logging_mixin.py:190} INFO - [2026-04-12T11:34:22.508+0000] {dag.py:4180} INFO - Setting next_dagrun for tutorial to 2026-04-11 00:00:00+00:00, run_after=2026-04-12 00:00:00+00:00
[2026-04-12T11:34:22.522+0000] {processor.py:208} INFO - Processing /home/airflow/.local/lib/python3.12/site-packages/airflow/example_dags/tutorial.py took 0.077 seconds
[2026-04-12T11:34:53.316+0000] {processor.py:186} INFO - Started process (PID=11489) to work on /home/airflow/.local/lib/python3.12/site-packages/airflow/example_dags/tutorial.py
[2026-04-12T11:34:53.319+0000] {processor.py:914} INFO - Processing file /home/airflow/.local/lib/python3.12/site-packages/airflow/example_dags/tutorial.py for tasks to queue
[2026-04-12T11:34:53.320+0000] {logging_mixin.py:190} INFO - [2026-04-12T11:34:53.320+0000] {dagbag.py:588} INFO - Filling up the DagBag from /home/airflow/.local/lib/python3.12/site-packages/airflow/example_dags/tutorial.py
[2026-04-12T11:34:53.328+0000] {processor.py:925} INFO - DAG(s) 'tutorial' retrieved from /home/airflow/.local/lib/python3.12/site-packages/airflow/example_dags/tutorial.py
[2026-04-12T11:34:53.345+0000] {logging_mixin.py:190} INFO - [2026-04-12T11:34:53.345+0000] {dag.py:3239} INFO - Sync 1 DAGs
[2026-04-12T11:34:53.361+0000] {logging_mixin.py:190} INFO - [2026-04-12T11:34:53.361+0000] {dag.py:4180} INFO - Setting next_dagrun for tutorial to 2026-04-11 00:00:00+00:00, run_after=2026-04-12 00:00:00+00:00
[2026-04-12T11:34:53.382+0000] {processor.py:208} INFO - Processing /home/airflow/.local/lib/python3.12/site-packages/airflow/example_dags/tutorial.py took 0.070 seconds
