[2026-04-12T11:12:31.485+0000] {processor.py:186} INFO - Started process (PID=291) to work on /home/airflow/.local/lib/python3.12/site-packages/airflow/example_dags/tutorial_dag.py
[2026-04-12T11:12:31.486+0000] {processor.py:914} INFO - Processing file /home/airflow/.local/lib/python3.12/site-packages/airflow/example_dags/tutorial_dag.py for tasks to queue
[2026-04-12T11:12:31.488+0000] {logging_mixin.py:190} INFO - [2026-04-12T11:12:31.487+0000] {dagbag.py:588} INFO - Filling up the DagBag from /home/airflow/.local/lib/python3.12/site-packages/airflow/example_dags/tutorial_dag.py
[2026-04-12T11:12:31.495+0000] {processor.py:925} INFO - DAG(s) 'tutorial_dag' retrieved from /home/airflow/.local/lib/python3.12/site-packages/airflow/example_dags/tutorial_dag.py
[2026-04-12T11:12:31.577+0000] {logging_mixin.py:190} INFO - [2026-04-12T11:12:31.576+0000] {override.py:1912} INFO - Created Permission View: can edit on DAG:tutorial_dag
[2026-04-12T11:12:31.594+0000] {logging_mixin.py:190} INFO - [2026-04-12T11:12:31.594+0000] {override.py:1912} INFO - Created Permission View: can delete on DAG:tutorial_dag
[2026-04-12T11:12:31.602+0000] {logging_mixin.py:190} INFO - [2026-04-12T11:12:31.602+0000] {override.py:1912} INFO - Created Permission View: can read on DAG:tutorial_dag
[2026-04-12T11:12:31.608+0000] {logging_mixin.py:190} INFO - [2026-04-12T11:12:31.608+0000] {override.py:1912} INFO - Created Permission View: can delete on DAG Run:tutorial_dag
[2026-04-12T11:12:31.619+0000] {logging_mixin.py:190} INFO - [2026-04-12T11:12:31.618+0000] {override.py:1912} INFO - Created Permission View: can create on DAG Run:tutorial_dag
[2026-04-12T11:12:31.622+0000] {logging_mixin.py:190} INFO - [2026-04-12T11:12:31.622+0000] {override.py:1912} INFO - Created Permission View: can read on DAG Run:tutorial_dag
[2026-04-12T11:12:31.628+0000] {logging_mixin.py:190} INFO - [2026-04-12T11:12:31.628+0000] {override.py:1912} INFO - Created Permission View: menu access on DAG Run:tutorial_dag
[2026-04-12T11:12:31.629+0000] {logging_mixin.py:190} INFO - [2026-04-12T11:12:31.629+0000] {dag.py:3239} INFO - Sync 1 DAGs
[2026-04-12T11:12:31.641+0000] {logging_mixin.py:190} INFO - [2026-04-12T11:12:31.640+0000] {dag.py:3262} INFO - Creating ORM DAG for tutorial_dag
[2026-04-12T11:12:31.642+0000] {logging_mixin.py:190} INFO - [2026-04-12T11:12:31.642+0000] {dag.py:4180} INFO - Setting next_dagrun for tutorial_dag to None, run_after=None
[2026-04-12T11:12:31.656+0000] {processor.py:208} INFO - Processing /home/airflow/.local/lib/python3.12/site-packages/airflow/example_dags/tutorial_dag.py took 0.176 seconds
[2026-04-12T11:13:02.372+0000] {processor.py:186} INFO - Started process (PID=586) to work on /home/airflow/.local/lib/python3.12/site-packages/airflow/example_dags/tutorial_dag.py
[2026-04-12T11:13:02.378+0000] {processor.py:914} INFO - Processing file /home/airflow/.local/lib/python3.12/site-packages/airflow/example_dags/tutorial_dag.py for tasks to queue
[2026-04-12T11:13:02.379+0000] {logging_mixin.py:190} INFO - [2026-04-12T11:13:02.379+0000] {dagbag.py:588} INFO - Filling up the DagBag from /home/airflow/.local/lib/python3.12/site-packages/airflow/example_dags/tutorial_dag.py
[2026-04-12T11:13:02.385+0000] {processor.py:925} INFO - DAG(s) 'tutorial_dag' retrieved from /home/airflow/.local/lib/python3.12/site-packages/airflow/example_dags/tutorial_dag.py
[2026-04-12T11:13:02.405+0000] {logging_mixin.py:190} INFO - [2026-04-12T11:13:02.404+0000] {dag.py:3239} INFO - Sync 1 DAGs
[2026-04-12T11:13:02.415+0000] {logging_mixin.py:190} INFO - [2026-04-12T11:13:02.415+0000] {dag.py:4180} INFO - Setting next_dagrun for tutorial_dag to None, run_after=None
[2026-04-12T11:13:02.432+0000] {processor.py:208} INFO - Processing /home/airflow/.local/lib/python3.12/site-packages/airflow/example_dags/tutorial_dag.py took 0.064 seconds
[2026-04-12T11:13:32.752+0000] {processor.py:186} INFO - Started process (PID=883) to work on /home/airflow/.local/lib/python3.12/site-packages/airflow/example_dags/tutorial_dag.py
[2026-04-12T11:13:32.754+0000] {processor.py:914} INFO - Processing file /home/airflow/.local/lib/python3.12/site-packages/airflow/example_dags/tutorial_dag.py for tasks to queue
[2026-04-12T11:13:32.757+0000] {logging_mixin.py:190} INFO - [2026-04-12T11:13:32.757+0000] {dagbag.py:588} INFO - Filling up the DagBag from /home/airflow/.local/lib/python3.12/site-packages/airflow/example_dags/tutorial_dag.py
[2026-04-12T11:13:32.765+0000] {processor.py:925} INFO - DAG(s) 'tutorial_dag' retrieved from /home/airflow/.local/lib/python3.12/site-packages/airflow/example_dags/tutorial_dag.py
[2026-04-12T11:13:32.789+0000] {logging_mixin.py:190} INFO - [2026-04-12T11:13:32.789+0000] {dag.py:3239} INFO - Sync 1 DAGs
[2026-04-12T11:13:32.802+0000] {logging_mixin.py:190} INFO - [2026-04-12T11:13:32.801+0000] {dag.py:4180} INFO - Setting next_dagrun for tutorial_dag to None, run_after=None
[2026-04-12T11:13:32.822+0000] {processor.py:208} INFO - Processing /home/airflow/.local/lib/python3.12/site-packages/airflow/example_dags/tutorial_dag.py took 0.073 seconds
[2026-04-12T11:14:03.483+0000] {processor.py:186} INFO - Started process (PID=1179) to work on /home/airflow/.local/lib/python3.12/site-packages/airflow/example_dags/tutorial_dag.py
[2026-04-12T11:14:03.486+0000] {processor.py:914} INFO - Processing file /home/airflow/.local/lib/python3.12/site-packages/airflow/example_dags/tutorial_dag.py for tasks to queue
[2026-04-12T11:14:03.490+0000] {logging_mixin.py:190} INFO - [2026-04-12T11:14:03.489+0000] {dagbag.py:588} INFO - Filling up the DagBag from /home/airflow/.local/lib/python3.12/site-packages/airflow/example_dags/tutorial_dag.py
[2026-04-12T11:14:03.505+0000] {processor.py:925} INFO - DAG(s) 'tutorial_dag' retrieved from /home/airflow/.local/lib/python3.12/site-packages/airflow/example_dags/tutorial_dag.py
[2026-04-12T11:14:03.537+0000] {logging_mixin.py:190} INFO - [2026-04-12T11:14:03.536+0000] {dag.py:3239} INFO - Sync 1 DAGs
[2026-04-12T11:14:03.554+0000] {logging_mixin.py:190} INFO - [2026-04-12T11:14:03.554+0000] {dag.py:4180} INFO - Setting next_dagrun for tutorial_dag to None, run_after=None
[2026-04-12T11:14:03.575+0000] {processor.py:208} INFO - Processing /home/airflow/.local/lib/python3.12/site-packages/airflow/example_dags/tutorial_dag.py took 0.102 seconds
[2026-04-12T11:14:34.393+0000] {processor.py:186} INFO - Started process (PID=1475) to work on /home/airflow/.local/lib/python3.12/site-packages/airflow/example_dags/tutorial_dag.py
[2026-04-12T11:14:34.398+0000] {processor.py:914} INFO - Processing file /home/airflow/.local/lib/python3.12/site-packages/airflow/example_dags/tutorial_dag.py for tasks to queue
[2026-04-12T11:14:34.402+0000] {logging_mixin.py:190} INFO - [2026-04-12T11:14:34.402+0000] {dagbag.py:588} INFO - Filling up the DagBag from /home/airflow/.local/lib/python3.12/site-packages/airflow/example_dags/tutorial_dag.py
[2026-04-12T11:14:34.412+0000] {processor.py:925} INFO - DAG(s) 'tutorial_dag' retrieved from /home/airflow/.local/lib/python3.12/site-packages/airflow/example_dags/tutorial_dag.py
[2026-04-12T11:14:34.438+0000] {logging_mixin.py:190} INFO - [2026-04-12T11:14:34.437+0000] {dag.py:3239} INFO - Sync 1 DAGs
[2026-04-12T11:14:34.452+0000] {logging_mixin.py:190} INFO - [2026-04-12T11:14:34.451+0000] {dag.py:4180} INFO - Setting next_dagrun for tutorial_dag to None, run_after=None
[2026-04-12T11:14:34.479+0000] {processor.py:208} INFO - Processing /home/airflow/.local/lib/python3.12/site-packages/airflow/example_dags/tutorial_dag.py took 0.091 seconds
[2026-04-12T11:15:04.692+0000] {processor.py:186} INFO - Started process (PID=1772) to work on /home/airflow/.local/lib/python3.12/site-packages/airflow/example_dags/tutorial_dag.py
[2026-04-12T11:15:04.695+0000] {processor.py:914} INFO - Processing file /home/airflow/.local/lib/python3.12/site-packages/airflow/example_dags/tutorial_dag.py for tasks to queue
[2026-04-12T11:15:04.698+0000] {logging_mixin.py:190} INFO - [2026-04-12T11:15:04.697+0000] {dagbag.py:588} INFO - Filling up the DagBag from /home/airflow/.local/lib/python3.12/site-packages/airflow/example_dags/tutorial_dag.py
[2026-04-12T11:15:04.704+0000] {processor.py:925} INFO - DAG(s) 'tutorial_dag' retrieved from /home/airflow/.local/lib/python3.12/site-packages/airflow/example_dags/tutorial_dag.py
[2026-04-12T11:15:04.726+0000] {logging_mixin.py:190} INFO - [2026-04-12T11:15:04.726+0000] {dag.py:3239} INFO - Sync 1 DAGs
[2026-04-12T11:15:04.737+0000] {logging_mixin.py:190} INFO - [2026-04-12T11:15:04.737+0000] {dag.py:4180} INFO - Setting next_dagrun for tutorial_dag to None, run_after=None
[2026-04-12T11:15:04.754+0000] {processor.py:208} INFO - Processing /home/airflow/.local/lib/python3.12/site-packages/airflow/example_dags/tutorial_dag.py took 0.067 seconds
[2026-04-12T11:15:35.157+0000] {processor.py:186} INFO - Started process (PID=2070) to work on /home/airflow/.local/lib/python3.12/site-packages/airflow/example_dags/tutorial_dag.py
[2026-04-12T11:15:35.158+0000] {processor.py:914} INFO - Processing file /home/airflow/.local/lib/python3.12/site-packages/airflow/example_dags/tutorial_dag.py for tasks to queue
[2026-04-12T11:15:35.159+0000] {logging_mixin.py:190} INFO - [2026-04-12T11:15:35.159+0000] {dagbag.py:588} INFO - Filling up the DagBag from /home/airflow/.local/lib/python3.12/site-packages/airflow/example_dags/tutorial_dag.py
[2026-04-12T11:15:35.165+0000] {processor.py:925} INFO - DAG(s) 'tutorial_dag' retrieved from /home/airflow/.local/lib/python3.12/site-packages/airflow/example_dags/tutorial_dag.py
[2026-04-12T11:15:35.182+0000] {logging_mixin.py:190} INFO - [2026-04-12T11:15:35.182+0000] {dag.py:3239} INFO - Sync 1 DAGs
[2026-04-12T11:15:35.192+0000] {logging_mixin.py:190} INFO - [2026-04-12T11:15:35.191+0000] {dag.py:4180} INFO - Setting next_dagrun for tutorial_dag to None, run_after=None
[2026-04-12T11:15:35.203+0000] {processor.py:208} INFO - Processing /home/airflow/.local/lib/python3.12/site-packages/airflow/example_dags/tutorial_dag.py took 0.055 seconds
[2026-04-12T11:16:05.506+0000] {processor.py:186} INFO - Started process (PID=2366) to work on /home/airflow/.local/lib/python3.12/site-packages/airflow/example_dags/tutorial_dag.py
[2026-04-12T11:16:05.507+0000] {processor.py:914} INFO - Processing file /home/airflow/.local/lib/python3.12/site-packages/airflow/example_dags/tutorial_dag.py for tasks to queue
[2026-04-12T11:16:05.509+0000] {logging_mixin.py:190} INFO - [2026-04-12T11:16:05.509+0000] {dagbag.py:588} INFO - Filling up the DagBag from /home/airflow/.local/lib/python3.12/site-packages/airflow/example_dags/tutorial_dag.py
[2026-04-12T11:16:05.514+0000] {processor.py:925} INFO - DAG(s) 'tutorial_dag' retrieved from /home/airflow/.local/lib/python3.12/site-packages/airflow/example_dags/tutorial_dag.py
[2026-04-12T11:16:05.537+0000] {logging_mixin.py:190} INFO - [2026-04-12T11:16:05.537+0000] {dag.py:3239} INFO - Sync 1 DAGs
[2026-04-12T11:16:05.548+0000] {logging_mixin.py:190} INFO - [2026-04-12T11:16:05.548+0000] {dag.py:4180} INFO - Setting next_dagrun for tutorial_dag to None, run_after=None
[2026-04-12T11:16:05.576+0000] {processor.py:208} INFO - Processing /home/airflow/.local/lib/python3.12/site-packages/airflow/example_dags/tutorial_dag.py took 0.074 seconds
[2026-04-12T11:16:35.626+0000] {processor.py:186} INFO - Started process (PID=2660) to work on /home/airflow/.local/lib/python3.12/site-packages/airflow/example_dags/tutorial_dag.py
[2026-04-12T11:16:35.632+0000] {processor.py:914} INFO - Processing file /home/airflow/.local/lib/python3.12/site-packages/airflow/example_dags/tutorial_dag.py for tasks to queue
[2026-04-12T11:16:35.633+0000] {logging_mixin.py:190} INFO - [2026-04-12T11:16:35.633+0000] {dagbag.py:588} INFO - Filling up the DagBag from /home/airflow/.local/lib/python3.12/site-packages/airflow/example_dags/tutorial_dag.py
[2026-04-12T11:16:35.639+0000] {processor.py:925} INFO - DAG(s) 'tutorial_dag' retrieved from /home/airflow/.local/lib/python3.12/site-packages/airflow/example_dags/tutorial_dag.py
[2026-04-12T11:16:35.660+0000] {logging_mixin.py:190} INFO - [2026-04-12T11:16:35.660+0000] {dag.py:3239} INFO - Sync 1 DAGs
[2026-04-12T11:16:35.670+0000] {logging_mixin.py:190} INFO - [2026-04-12T11:16:35.670+0000] {dag.py:4180} INFO - Setting next_dagrun for tutorial_dag to None, run_after=None
[2026-04-12T11:16:35.688+0000] {processor.py:208} INFO - Processing /home/airflow/.local/lib/python3.12/site-packages/airflow/example_dags/tutorial_dag.py took 0.066 seconds
[2026-04-12T11:17:06.657+0000] {processor.py:186} INFO - Started process (PID=2968) to work on /home/airflow/.local/lib/python3.12/site-packages/airflow/example_dags/tutorial_dag.py
[2026-04-12T11:17:06.658+0000] {processor.py:914} INFO - Processing file /home/airflow/.local/lib/python3.12/site-packages/airflow/example_dags/tutorial_dag.py for tasks to queue
[2026-04-12T11:17:06.660+0000] {logging_mixin.py:190} INFO - [2026-04-12T11:17:06.659+0000] {dagbag.py:588} INFO - Filling up the DagBag from /home/airflow/.local/lib/python3.12/site-packages/airflow/example_dags/tutorial_dag.py
[2026-04-12T11:17:06.666+0000] {processor.py:925} INFO - DAG(s) 'tutorial_dag' retrieved from /home/airflow/.local/lib/python3.12/site-packages/airflow/example_dags/tutorial_dag.py
[2026-04-12T11:17:06.696+0000] {logging_mixin.py:190} INFO - [2026-04-12T11:17:06.696+0000] {dag.py:3239} INFO - Sync 1 DAGs
[2026-04-12T11:17:06.712+0000] {logging_mixin.py:190} INFO - [2026-04-12T11:17:06.712+0000] {dag.py:4180} INFO - Setting next_dagrun for tutorial_dag to None, run_after=None
[2026-04-12T11:17:06.735+0000] {processor.py:208} INFO - Processing /home/airflow/.local/lib/python3.12/site-packages/airflow/example_dags/tutorial_dag.py took 0.083 seconds
[2026-04-12T11:17:37.575+0000] {processor.py:186} INFO - Started process (PID=3264) to work on /home/airflow/.local/lib/python3.12/site-packages/airflow/example_dags/tutorial_dag.py
[2026-04-12T11:17:37.576+0000] {processor.py:914} INFO - Processing file /home/airflow/.local/lib/python3.12/site-packages/airflow/example_dags/tutorial_dag.py for tasks to queue
[2026-04-12T11:17:37.578+0000] {logging_mixin.py:190} INFO - [2026-04-12T11:17:37.578+0000] {dagbag.py:588} INFO - Filling up the DagBag from /home/airflow/.local/lib/python3.12/site-packages/airflow/example_dags/tutorial_dag.py
[2026-04-12T11:17:37.586+0000] {processor.py:925} INFO - DAG(s) 'tutorial_dag' retrieved from /home/airflow/.local/lib/python3.12/site-packages/airflow/example_dags/tutorial_dag.py
[2026-04-12T11:17:37.604+0000] {logging_mixin.py:190} INFO - [2026-04-12T11:17:37.603+0000] {dag.py:3239} INFO - Sync 1 DAGs
[2026-04-12T11:17:37.617+0000] {logging_mixin.py:190} INFO - [2026-04-12T11:17:37.617+0000] {dag.py:4180} INFO - Setting next_dagrun for tutorial_dag to None, run_after=None
[2026-04-12T11:17:37.632+0000] {processor.py:208} INFO - Processing /home/airflow/.local/lib/python3.12/site-packages/airflow/example_dags/tutorial_dag.py took 0.063 seconds
[2026-04-12T11:18:08.233+0000] {processor.py:186} INFO - Started process (PID=3568) to work on /home/airflow/.local/lib/python3.12/site-packages/airflow/example_dags/tutorial_dag.py
[2026-04-12T11:18:08.234+0000] {processor.py:914} INFO - Processing file /home/airflow/.local/lib/python3.12/site-packages/airflow/example_dags/tutorial_dag.py for tasks to queue
[2026-04-12T11:18:08.237+0000] {logging_mixin.py:190} INFO - [2026-04-12T11:18:08.237+0000] {dagbag.py:588} INFO - Filling up the DagBag from /home/airflow/.local/lib/python3.12/site-packages/airflow/example_dags/tutorial_dag.py
[2026-04-12T11:18:08.251+0000] {processor.py:925} INFO - DAG(s) 'tutorial_dag' retrieved from /home/airflow/.local/lib/python3.12/site-packages/airflow/example_dags/tutorial_dag.py
[2026-04-12T11:18:08.274+0000] {logging_mixin.py:190} INFO - [2026-04-12T11:18:08.274+0000] {dag.py:3239} INFO - Sync 1 DAGs
[2026-04-12T11:18:08.287+0000] {logging_mixin.py:190} INFO - [2026-04-12T11:18:08.287+0000] {dag.py:4180} INFO - Setting next_dagrun for tutorial_dag to None, run_after=None
[2026-04-12T11:18:08.311+0000] {processor.py:208} INFO - Processing /home/airflow/.local/lib/python3.12/site-packages/airflow/example_dags/tutorial_dag.py took 0.083 seconds
[2026-04-12T11:18:38.768+0000] {processor.py:186} INFO - Started process (PID=3867) to work on /home/airflow/.local/lib/python3.12/site-packages/airflow/example_dags/tutorial_dag.py
[2026-04-12T11:18:38.770+0000] {processor.py:914} INFO - Processing file /home/airflow/.local/lib/python3.12/site-packages/airflow/example_dags/tutorial_dag.py for tasks to queue
[2026-04-12T11:18:38.772+0000] {logging_mixin.py:190} INFO - [2026-04-12T11:18:38.772+0000] {dagbag.py:588} INFO - Filling up the DagBag from /home/airflow/.local/lib/python3.12/site-packages/airflow/example_dags/tutorial_dag.py
[2026-04-12T11:18:38.778+0000] {processor.py:925} INFO - DAG(s) 'tutorial_dag' retrieved from /home/airflow/.local/lib/python3.12/site-packages/airflow/example_dags/tutorial_dag.py
[2026-04-12T11:18:38.795+0000] {logging_mixin.py:190} INFO - [2026-04-12T11:18:38.795+0000] {dag.py:3239} INFO - Sync 1 DAGs
[2026-04-12T11:18:38.805+0000] {logging_mixin.py:190} INFO - [2026-04-12T11:18:38.805+0000] {dag.py:4180} INFO - Setting next_dagrun for tutorial_dag to None, run_after=None
[2026-04-12T11:18:38.816+0000] {processor.py:208} INFO - Processing /home/airflow/.local/lib/python3.12/site-packages/airflow/example_dags/tutorial_dag.py took 0.053 seconds
[2026-04-12T11:19:09.132+0000] {processor.py:186} INFO - Started process (PID=4178) to work on /home/airflow/.local/lib/python3.12/site-packages/airflow/example_dags/tutorial_dag.py
[2026-04-12T11:19:09.134+0000] {processor.py:914} INFO - Processing file /home/airflow/.local/lib/python3.12/site-packages/airflow/example_dags/tutorial_dag.py for tasks to queue
[2026-04-12T11:19:09.135+0000] {logging_mixin.py:190} INFO - [2026-04-12T11:19:09.135+0000] {dagbag.py:588} INFO - Filling up the DagBag from /home/airflow/.local/lib/python3.12/site-packages/airflow/example_dags/tutorial_dag.py
[2026-04-12T11:19:09.140+0000] {processor.py:925} INFO - DAG(s) 'tutorial_dag' retrieved from /home/airflow/.local/lib/python3.12/site-packages/airflow/example_dags/tutorial_dag.py
[2026-04-12T11:19:09.152+0000] {logging_mixin.py:190} INFO - [2026-04-12T11:19:09.152+0000] {dag.py:3239} INFO - Sync 1 DAGs
[2026-04-12T11:19:09.161+0000] {logging_mixin.py:190} INFO - [2026-04-12T11:19:09.160+0000] {dag.py:4180} INFO - Setting next_dagrun for tutorial_dag to None, run_after=None
[2026-04-12T11:19:09.177+0000] {processor.py:208} INFO - Processing /home/airflow/.local/lib/python3.12/site-packages/airflow/example_dags/tutorial_dag.py took 0.049 seconds
[2026-04-12T11:19:39.963+0000] {processor.py:186} INFO - Started process (PID=4474) to work on /home/airflow/.local/lib/python3.12/site-packages/airflow/example_dags/tutorial_dag.py
[2026-04-12T11:19:39.964+0000] {processor.py:914} INFO - Processing file /home/airflow/.local/lib/python3.12/site-packages/airflow/example_dags/tutorial_dag.py for tasks to queue
[2026-04-12T11:19:39.966+0000] {logging_mixin.py:190} INFO - [2026-04-12T11:19:39.966+0000] {dagbag.py:588} INFO - Filling up the DagBag from /home/airflow/.local/lib/python3.12/site-packages/airflow/example_dags/tutorial_dag.py
[2026-04-12T11:19:39.973+0000] {processor.py:925} INFO - DAG(s) 'tutorial_dag' retrieved from /home/airflow/.local/lib/python3.12/site-packages/airflow/example_dags/tutorial_dag.py
[2026-04-12T11:19:39.989+0000] {logging_mixin.py:190} INFO - [2026-04-12T11:19:39.989+0000] {dag.py:3239} INFO - Sync 1 DAGs
[2026-04-12T11:19:39.998+0000] {logging_mixin.py:190} INFO - [2026-04-12T11:19:39.997+0000] {dag.py:4180} INFO - Setting next_dagrun for tutorial_dag to None, run_after=None
[2026-04-12T11:19:40.011+0000] {processor.py:208} INFO - Processing /home/airflow/.local/lib/python3.12/site-packages/airflow/example_dags/tutorial_dag.py took 0.053 seconds
[2026-04-12T11:20:10.879+0000] {processor.py:186} INFO - Started process (PID=4770) to work on /home/airflow/.local/lib/python3.12/site-packages/airflow/example_dags/tutorial_dag.py
[2026-04-12T11:20:10.881+0000] {processor.py:914} INFO - Processing file /home/airflow/.local/lib/python3.12/site-packages/airflow/example_dags/tutorial_dag.py for tasks to queue
[2026-04-12T11:20:10.883+0000] {logging_mixin.py:190} INFO - [2026-04-12T11:20:10.883+0000] {dagbag.py:588} INFO - Filling up the DagBag from /home/airflow/.local/lib/python3.12/site-packages/airflow/example_dags/tutorial_dag.py
[2026-04-12T11:20:10.890+0000] {processor.py:925} INFO - DAG(s) 'tutorial_dag' retrieved from /home/airflow/.local/lib/python3.12/site-packages/airflow/example_dags/tutorial_dag.py
[2026-04-12T11:20:10.907+0000] {logging_mixin.py:190} INFO - [2026-04-12T11:20:10.907+0000] {dag.py:3239} INFO - Sync 1 DAGs
[2026-04-12T11:20:10.919+0000] {logging_mixin.py:190} INFO - [2026-04-12T11:20:10.918+0000] {dag.py:4180} INFO - Setting next_dagrun for tutorial_dag to None, run_after=None
[2026-04-12T11:20:10.937+0000] {processor.py:208} INFO - Processing /home/airflow/.local/lib/python3.12/site-packages/airflow/example_dags/tutorial_dag.py took 0.067 seconds
[2026-04-12T11:20:43.767+0000] {processor.py:186} INFO - Started process (PID=5066) to work on /home/airflow/.local/lib/python3.12/site-packages/airflow/example_dags/tutorial_dag.py
[2026-04-12T11:20:43.773+0000] {processor.py:914} INFO - Processing file /home/airflow/.local/lib/python3.12/site-packages/airflow/example_dags/tutorial_dag.py for tasks to queue
[2026-04-12T11:20:43.777+0000] {logging_mixin.py:190} INFO - [2026-04-12T11:20:43.776+0000] {dagbag.py:588} INFO - Filling up the DagBag from /home/airflow/.local/lib/python3.12/site-packages/airflow/example_dags/tutorial_dag.py
[2026-04-12T11:20:43.788+0000] {processor.py:925} INFO - DAG(s) 'tutorial_dag' retrieved from /home/airflow/.local/lib/python3.12/site-packages/airflow/example_dags/tutorial_dag.py
[2026-04-12T11:20:43.817+0000] {logging_mixin.py:190} INFO - [2026-04-12T11:20:43.816+0000] {dag.py:3239} INFO - Sync 1 DAGs
[2026-04-12T11:20:43.838+0000] {logging_mixin.py:190} INFO - [2026-04-12T11:20:43.838+0000] {dag.py:4180} INFO - Setting next_dagrun for tutorial_dag to None, run_after=None
[2026-04-12T11:20:43.862+0000] {processor.py:208} INFO - Processing /home/airflow/.local/lib/python3.12/site-packages/airflow/example_dags/tutorial_dag.py took 0.105 seconds
[2026-04-12T11:21:14.541+0000] {processor.py:186} INFO - Started process (PID=5362) to work on /home/airflow/.local/lib/python3.12/site-packages/airflow/example_dags/tutorial_dag.py
[2026-04-12T11:21:14.545+0000] {processor.py:914} INFO - Processing file /home/airflow/.local/lib/python3.12/site-packages/airflow/example_dags/tutorial_dag.py for tasks to queue
[2026-04-12T11:21:14.547+0000] {logging_mixin.py:190} INFO - [2026-04-12T11:21:14.547+0000] {dagbag.py:588} INFO - Filling up the DagBag from /home/airflow/.local/lib/python3.12/site-packages/airflow/example_dags/tutorial_dag.py
[2026-04-12T11:21:14.559+0000] {processor.py:925} INFO - DAG(s) 'tutorial_dag' retrieved from /home/airflow/.local/lib/python3.12/site-packages/airflow/example_dags/tutorial_dag.py
[2026-04-12T11:21:14.593+0000] {logging_mixin.py:190} INFO - [2026-04-12T11:21:14.592+0000] {dag.py:3239} INFO - Sync 1 DAGs
[2026-04-12T11:21:14.628+0000] {logging_mixin.py:190} INFO - [2026-04-12T11:21:14.628+0000] {dag.py:4180} INFO - Setting next_dagrun for tutorial_dag to None, run_after=None
[2026-04-12T11:21:14.654+0000] {processor.py:208} INFO - Processing /home/airflow/.local/lib/python3.12/site-packages/airflow/example_dags/tutorial_dag.py took 0.120 seconds
[2026-04-12T11:21:45.182+0000] {processor.py:186} INFO - Started process (PID=5660) to work on /home/airflow/.local/lib/python3.12/site-packages/airflow/example_dags/tutorial_dag.py
[2026-04-12T11:21:45.183+0000] {processor.py:914} INFO - Processing file /home/airflow/.local/lib/python3.12/site-packages/airflow/example_dags/tutorial_dag.py for tasks to queue
[2026-04-12T11:21:45.185+0000] {logging_mixin.py:190} INFO - [2026-04-12T11:21:45.185+0000] {dagbag.py:588} INFO - Filling up the DagBag from /home/airflow/.local/lib/python3.12/site-packages/airflow/example_dags/tutorial_dag.py
[2026-04-12T11:21:45.190+0000] {processor.py:925} INFO - DAG(s) 'tutorial_dag' retrieved from /home/airflow/.local/lib/python3.12/site-packages/airflow/example_dags/tutorial_dag.py
[2026-04-12T11:21:45.212+0000] {logging_mixin.py:190} INFO - [2026-04-12T11:21:45.211+0000] {dag.py:3239} INFO - Sync 1 DAGs
[2026-04-12T11:21:45.223+0000] {logging_mixin.py:190} INFO - [2026-04-12T11:21:45.223+0000] {dag.py:4180} INFO - Setting next_dagrun for tutorial_dag to None, run_after=None
[2026-04-12T11:21:45.242+0000] {processor.py:208} INFO - Processing /home/airflow/.local/lib/python3.12/site-packages/airflow/example_dags/tutorial_dag.py took 0.064 seconds
[2026-04-12T11:22:15.267+0000] {processor.py:186} INFO - Started process (PID=5954) to work on /home/airflow/.local/lib/python3.12/site-packages/airflow/example_dags/tutorial_dag.py
[2026-04-12T11:22:15.267+0000] {processor.py:914} INFO - Processing file /home/airflow/.local/lib/python3.12/site-packages/airflow/example_dags/tutorial_dag.py for tasks to queue
[2026-04-12T11:22:15.269+0000] {logging_mixin.py:190} INFO - [2026-04-12T11:22:15.269+0000] {dagbag.py:588} INFO - Filling up the DagBag from /home/airflow/.local/lib/python3.12/site-packages/airflow/example_dags/tutorial_dag.py
[2026-04-12T11:22:15.274+0000] {processor.py:925} INFO - DAG(s) 'tutorial_dag' retrieved from /home/airflow/.local/lib/python3.12/site-packages/airflow/example_dags/tutorial_dag.py
[2026-04-12T11:22:15.291+0000] {logging_mixin.py:190} INFO - [2026-04-12T11:22:15.291+0000] {dag.py:3239} INFO - Sync 1 DAGs
[2026-04-12T11:22:15.299+0000] {logging_mixin.py:190} INFO - [2026-04-12T11:22:15.299+0000] {dag.py:4180} INFO - Setting next_dagrun for tutorial_dag to None, run_after=None
[2026-04-12T11:22:15.310+0000] {processor.py:208} INFO - Processing /home/airflow/.local/lib/python3.12/site-packages/airflow/example_dags/tutorial_dag.py took 0.047 seconds
[2026-04-12T11:22:45.511+0000] {processor.py:186} INFO - Started process (PID=6249) to work on /home/airflow/.local/lib/python3.12/site-packages/airflow/example_dags/tutorial_dag.py
[2026-04-12T11:22:45.512+0000] {processor.py:914} INFO - Processing file /home/airflow/.local/lib/python3.12/site-packages/airflow/example_dags/tutorial_dag.py for tasks to queue
[2026-04-12T11:22:45.513+0000] {logging_mixin.py:190} INFO - [2026-04-12T11:22:45.513+0000] {dagbag.py:588} INFO - Filling up the DagBag from /home/airflow/.local/lib/python3.12/site-packages/airflow/example_dags/tutorial_dag.py
[2026-04-12T11:22:45.520+0000] {processor.py:925} INFO - DAG(s) 'tutorial_dag' retrieved from /home/airflow/.local/lib/python3.12/site-packages/airflow/example_dags/tutorial_dag.py
[2026-04-12T11:22:45.538+0000] {logging_mixin.py:190} INFO - [2026-04-12T11:22:45.538+0000] {dag.py:3239} INFO - Sync 1 DAGs
[2026-04-12T11:22:45.547+0000] {logging_mixin.py:190} INFO - [2026-04-12T11:22:45.547+0000] {dag.py:4180} INFO - Setting next_dagrun for tutorial_dag to None, run_after=None
[2026-04-12T11:22:45.560+0000] {processor.py:208} INFO - Processing /home/airflow/.local/lib/python3.12/site-packages/airflow/example_dags/tutorial_dag.py took 0.055 seconds
[2026-04-12T11:23:15.671+0000] {processor.py:186} INFO - Started process (PID=6545) to work on /home/airflow/.local/lib/python3.12/site-packages/airflow/example_dags/tutorial_dag.py
[2026-04-12T11:23:15.675+0000] {processor.py:914} INFO - Processing file /home/airflow/.local/lib/python3.12/site-packages/airflow/example_dags/tutorial_dag.py for tasks to queue
[2026-04-12T11:23:15.679+0000] {logging_mixin.py:190} INFO - [2026-04-12T11:23:15.678+0000] {dagbag.py:588} INFO - Filling up the DagBag from /home/airflow/.local/lib/python3.12/site-packages/airflow/example_dags/tutorial_dag.py
[2026-04-12T11:23:15.686+0000] {processor.py:925} INFO - DAG(s) 'tutorial_dag' retrieved from /home/airflow/.local/lib/python3.12/site-packages/airflow/example_dags/tutorial_dag.py
[2026-04-12T11:23:15.704+0000] {logging_mixin.py:190} INFO - [2026-04-12T11:23:15.704+0000] {dag.py:3239} INFO - Sync 1 DAGs
[2026-04-12T11:23:15.713+0000] {logging_mixin.py:190} INFO - [2026-04-12T11:23:15.713+0000] {dag.py:4180} INFO - Setting next_dagrun for tutorial_dag to None, run_after=None
[2026-04-12T11:23:15.728+0000] {processor.py:208} INFO - Processing /home/airflow/.local/lib/python3.12/site-packages/airflow/example_dags/tutorial_dag.py took 0.061 seconds
[2026-04-12T11:23:46.256+0000] {processor.py:186} INFO - Started process (PID=6841) to work on /home/airflow/.local/lib/python3.12/site-packages/airflow/example_dags/tutorial_dag.py
[2026-04-12T11:23:46.259+0000] {processor.py:914} INFO - Processing file /home/airflow/.local/lib/python3.12/site-packages/airflow/example_dags/tutorial_dag.py for tasks to queue
[2026-04-12T11:23:46.261+0000] {logging_mixin.py:190} INFO - [2026-04-12T11:23:46.260+0000] {dagbag.py:588} INFO - Filling up the DagBag from /home/airflow/.local/lib/python3.12/site-packages/airflow/example_dags/tutorial_dag.py
[2026-04-12T11:23:46.265+0000] {processor.py:925} INFO - DAG(s) 'tutorial_dag' retrieved from /home/airflow/.local/lib/python3.12/site-packages/airflow/example_dags/tutorial_dag.py
[2026-04-12T11:23:46.279+0000] {logging_mixin.py:190} INFO - [2026-04-12T11:23:46.279+0000] {dag.py:3239} INFO - Sync 1 DAGs
[2026-04-12T11:23:46.289+0000] {logging_mixin.py:190} INFO - [2026-04-12T11:23:46.289+0000] {dag.py:4180} INFO - Setting next_dagrun for tutorial_dag to None, run_after=None
[2026-04-12T11:23:46.300+0000] {processor.py:208} INFO - Processing /home/airflow/.local/lib/python3.12/site-packages/airflow/example_dags/tutorial_dag.py took 0.048 seconds
[2026-04-12T11:24:16.604+0000] {processor.py:186} INFO - Started process (PID=7139) to work on /home/airflow/.local/lib/python3.12/site-packages/airflow/example_dags/tutorial_dag.py
[2026-04-12T11:24:16.605+0000] {processor.py:914} INFO - Processing file /home/airflow/.local/lib/python3.12/site-packages/airflow/example_dags/tutorial_dag.py for tasks to queue
[2026-04-12T11:24:16.606+0000] {logging_mixin.py:190} INFO - [2026-04-12T11:24:16.606+0000] {dagbag.py:588} INFO - Filling up the DagBag from /home/airflow/.local/lib/python3.12/site-packages/airflow/example_dags/tutorial_dag.py
[2026-04-12T11:24:16.610+0000] {processor.py:925} INFO - DAG(s) 'tutorial_dag' retrieved from /home/airflow/.local/lib/python3.12/site-packages/airflow/example_dags/tutorial_dag.py
[2026-04-12T11:24:16.622+0000] {logging_mixin.py:190} INFO - [2026-04-12T11:24:16.622+0000] {dag.py:3239} INFO - Sync 1 DAGs
[2026-04-12T11:24:16.630+0000] {logging_mixin.py:190} INFO - [2026-04-12T11:24:16.630+0000] {dag.py:4180} INFO - Setting next_dagrun for tutorial_dag to None, run_after=None
[2026-04-12T11:24:16.640+0000] {processor.py:208} INFO - Processing /home/airflow/.local/lib/python3.12/site-packages/airflow/example_dags/tutorial_dag.py took 0.040 seconds
[2026-04-12T11:24:47.691+0000] {processor.py:186} INFO - Started process (PID=7433) to work on /home/airflow/.local/lib/python3.12/site-packages/airflow/example_dags/tutorial_dag.py
[2026-04-12T11:24:47.692+0000] {processor.py:914} INFO - Processing file /home/airflow/.local/lib/python3.12/site-packages/airflow/example_dags/tutorial_dag.py for tasks to queue
[2026-04-12T11:24:47.693+0000] {logging_mixin.py:190} INFO - [2026-04-12T11:24:47.693+0000] {dagbag.py:588} INFO - Filling up the DagBag from /home/airflow/.local/lib/python3.12/site-packages/airflow/example_dags/tutorial_dag.py
[2026-04-12T11:24:47.698+0000] {processor.py:925} INFO - DAG(s) 'tutorial_dag' retrieved from /home/airflow/.local/lib/python3.12/site-packages/airflow/example_dags/tutorial_dag.py
[2026-04-12T11:24:47.712+0000] {logging_mixin.py:190} INFO - [2026-04-12T11:24:47.712+0000] {dag.py:3239} INFO - Sync 1 DAGs
[2026-04-12T11:24:47.721+0000] {logging_mixin.py:190} INFO - [2026-04-12T11:24:47.720+0000] {dag.py:4180} INFO - Setting next_dagrun for tutorial_dag to None, run_after=None
[2026-04-12T11:24:47.732+0000] {processor.py:208} INFO - Processing /home/airflow/.local/lib/python3.12/site-packages/airflow/example_dags/tutorial_dag.py took 0.046 seconds
[2026-04-12T11:25:17.899+0000] {processor.py:186} INFO - Started process (PID=7729) to work on /home/airflow/.local/lib/python3.12/site-packages/airflow/example_dags/tutorial_dag.py
[2026-04-12T11:25:17.900+0000] {processor.py:914} INFO - Processing file /home/airflow/.local/lib/python3.12/site-packages/airflow/example_dags/tutorial_dag.py for tasks to queue
[2026-04-12T11:25:17.902+0000] {logging_mixin.py:190} INFO - [2026-04-12T11:25:17.901+0000] {dagbag.py:588} INFO - Filling up the DagBag from /home/airflow/.local/lib/python3.12/site-packages/airflow/example_dags/tutorial_dag.py
[2026-04-12T11:25:17.907+0000] {processor.py:925} INFO - DAG(s) 'tutorial_dag' retrieved from /home/airflow/.local/lib/python3.12/site-packages/airflow/example_dags/tutorial_dag.py
[2026-04-12T11:25:17.924+0000] {logging_mixin.py:190} INFO - [2026-04-12T11:25:17.923+0000] {dag.py:3239} INFO - Sync 1 DAGs
[2026-04-12T11:25:17.933+0000] {logging_mixin.py:190} INFO - [2026-04-12T11:25:17.933+0000] {dag.py:4180} INFO - Setting next_dagrun for tutorial_dag to None, run_after=None
[2026-04-12T11:25:17.949+0000] {processor.py:208} INFO - Processing /home/airflow/.local/lib/python3.12/site-packages/airflow/example_dags/tutorial_dag.py took 0.055 seconds
[2026-04-12T11:25:48.055+0000] {processor.py:186} INFO - Started process (PID=8025) to work on /home/airflow/.local/lib/python3.12/site-packages/airflow/example_dags/tutorial_dag.py
[2026-04-12T11:25:48.056+0000] {processor.py:914} INFO - Processing file /home/airflow/.local/lib/python3.12/site-packages/airflow/example_dags/tutorial_dag.py for tasks to queue
[2026-04-12T11:25:48.058+0000] {logging_mixin.py:190} INFO - [2026-04-12T11:25:48.058+0000] {dagbag.py:588} INFO - Filling up the DagBag from /home/airflow/.local/lib/python3.12/site-packages/airflow/example_dags/tutorial_dag.py
[2026-04-12T11:25:48.063+0000] {processor.py:925} INFO - DAG(s) 'tutorial_dag' retrieved from /home/airflow/.local/lib/python3.12/site-packages/airflow/example_dags/tutorial_dag.py
[2026-04-12T11:25:48.078+0000] {logging_mixin.py:190} INFO - [2026-04-12T11:25:48.078+0000] {dag.py:3239} INFO - Sync 1 DAGs
[2026-04-12T11:25:48.090+0000] {logging_mixin.py:190} INFO - [2026-04-12T11:25:48.090+0000] {dag.py:4180} INFO - Setting next_dagrun for tutorial_dag to None, run_after=None
[2026-04-12T11:25:48.101+0000] {processor.py:208} INFO - Processing /home/airflow/.local/lib/python3.12/site-packages/airflow/example_dags/tutorial_dag.py took 0.050 seconds
[2026-04-12T11:27:09.571+0000] {processor.py:186} INFO - Started process (PID=8195) to work on /home/airflow/.local/lib/python3.12/site-packages/airflow/example_dags/tutorial_dag.py
[2026-04-12T11:27:09.575+0000] {processor.py:914} INFO - Processing file /home/airflow/.local/lib/python3.12/site-packages/airflow/example_dags/tutorial_dag.py for tasks to queue
[2026-04-12T11:27:09.576+0000] {logging_mixin.py:190} INFO - [2026-04-12T11:27:09.576+0000] {dagbag.py:588} INFO - Filling up the DagBag from /home/airflow/.local/lib/python3.12/site-packages/airflow/example_dags/tutorial_dag.py
[2026-04-12T11:27:09.581+0000] {processor.py:925} INFO - DAG(s) 'tutorial_dag' retrieved from /home/airflow/.local/lib/python3.12/site-packages/airflow/example_dags/tutorial_dag.py
[2026-04-12T11:27:09.599+0000] {logging_mixin.py:190} INFO - [2026-04-12T11:27:09.599+0000] {dag.py:3239} INFO - Sync 1 DAGs
[2026-04-12T11:27:09.610+0000] {logging_mixin.py:190} INFO - [2026-04-12T11:27:09.610+0000] {dag.py:4180} INFO - Setting next_dagrun for tutorial_dag to None, run_after=None
[2026-04-12T11:27:09.620+0000] {processor.py:208} INFO - Processing /home/airflow/.local/lib/python3.12/site-packages/airflow/example_dags/tutorial_dag.py took 0.053 seconds
[2026-04-12T11:29:45.651+0000] {processor.py:186} INFO - Started process (PID=8491) to work on /home/airflow/.local/lib/python3.12/site-packages/airflow/example_dags/tutorial_dag.py
[2026-04-12T11:29:45.652+0000] {processor.py:914} INFO - Processing file /home/airflow/.local/lib/python3.12/site-packages/airflow/example_dags/tutorial_dag.py for tasks to queue
[2026-04-12T11:29:45.654+0000] {logging_mixin.py:190} INFO - [2026-04-12T11:29:45.654+0000] {dagbag.py:588} INFO - Filling up the DagBag from /home/airflow/.local/lib/python3.12/site-packages/airflow/example_dags/tutorial_dag.py
[2026-04-12T11:29:45.662+0000] {processor.py:925} INFO - DAG(s) 'tutorial_dag' retrieved from /home/airflow/.local/lib/python3.12/site-packages/airflow/example_dags/tutorial_dag.py
[2026-04-12T11:29:45.685+0000] {logging_mixin.py:190} INFO - [2026-04-12T11:29:45.685+0000] {dag.py:3239} INFO - Sync 1 DAGs
[2026-04-12T11:29:45.694+0000] {logging_mixin.py:190} INFO - [2026-04-12T11:29:45.694+0000] {dag.py:4180} INFO - Setting next_dagrun for tutorial_dag to None, run_after=None
[2026-04-12T11:29:45.706+0000] {processor.py:208} INFO - Processing /home/airflow/.local/lib/python3.12/site-packages/airflow/example_dags/tutorial_dag.py took 0.060 seconds
[2026-04-12T11:30:15.955+0000] {processor.py:186} INFO - Started process (PID=8787) to work on /home/airflow/.local/lib/python3.12/site-packages/airflow/example_dags/tutorial_dag.py
[2026-04-12T11:30:15.956+0000] {processor.py:914} INFO - Processing file /home/airflow/.local/lib/python3.12/site-packages/airflow/example_dags/tutorial_dag.py for tasks to queue
[2026-04-12T11:30:15.957+0000] {logging_mixin.py:190} INFO - [2026-04-12T11:30:15.957+0000] {dagbag.py:588} INFO - Filling up the DagBag from /home/airflow/.local/lib/python3.12/site-packages/airflow/example_dags/tutorial_dag.py
[2026-04-12T11:30:15.963+0000] {processor.py:925} INFO - DAG(s) 'tutorial_dag' retrieved from /home/airflow/.local/lib/python3.12/site-packages/airflow/example_dags/tutorial_dag.py
[2026-04-12T11:30:15.976+0000] {logging_mixin.py:190} INFO - [2026-04-12T11:30:15.975+0000] {dag.py:3239} INFO - Sync 1 DAGs
[2026-04-12T11:30:15.985+0000] {logging_mixin.py:190} INFO - [2026-04-12T11:30:15.985+0000] {dag.py:4180} INFO - Setting next_dagrun for tutorial_dag to None, run_after=None
[2026-04-12T11:30:16.001+0000] {processor.py:208} INFO - Processing /home/airflow/.local/lib/python3.12/site-packages/airflow/example_dags/tutorial_dag.py took 0.050 seconds
[2026-04-12T11:30:46.420+0000] {processor.py:186} INFO - Started process (PID=9083) to work on /home/airflow/.local/lib/python3.12/site-packages/airflow/example_dags/tutorial_dag.py
[2026-04-12T11:30:46.420+0000] {processor.py:914} INFO - Processing file /home/airflow/.local/lib/python3.12/site-packages/airflow/example_dags/tutorial_dag.py for tasks to queue
[2026-04-12T11:30:46.422+0000] {logging_mixin.py:190} INFO - [2026-04-12T11:30:46.422+0000] {dagbag.py:588} INFO - Filling up the DagBag from /home/airflow/.local/lib/python3.12/site-packages/airflow/example_dags/tutorial_dag.py
[2026-04-12T11:30:46.431+0000] {processor.py:925} INFO - DAG(s) 'tutorial_dag' retrieved from /home/airflow/.local/lib/python3.12/site-packages/airflow/example_dags/tutorial_dag.py
[2026-04-12T11:30:46.448+0000] {logging_mixin.py:190} INFO - [2026-04-12T11:30:46.448+0000] {dag.py:3239} INFO - Sync 1 DAGs
[2026-04-12T11:30:46.457+0000] {logging_mixin.py:190} INFO - [2026-04-12T11:30:46.457+0000] {dag.py:4180} INFO - Setting next_dagrun for tutorial_dag to None, run_after=None
[2026-04-12T11:30:46.470+0000] {processor.py:208} INFO - Processing /home/airflow/.local/lib/python3.12/site-packages/airflow/example_dags/tutorial_dag.py took 0.055 seconds
[2026-04-12T11:31:16.599+0000] {processor.py:186} INFO - Started process (PID=9378) to work on /home/airflow/.local/lib/python3.12/site-packages/airflow/example_dags/tutorial_dag.py
[2026-04-12T11:31:16.601+0000] {processor.py:914} INFO - Processing file /home/airflow/.local/lib/python3.12/site-packages/airflow/example_dags/tutorial_dag.py for tasks to queue
[2026-04-12T11:31:16.602+0000] {logging_mixin.py:190} INFO - [2026-04-12T11:31:16.602+0000] {dagbag.py:588} INFO - Filling up the DagBag from /home/airflow/.local/lib/python3.12/site-packages/airflow/example_dags/tutorial_dag.py
[2026-04-12T11:31:16.607+0000] {processor.py:925} INFO - DAG(s) 'tutorial_dag' retrieved from /home/airflow/.local/lib/python3.12/site-packages/airflow/example_dags/tutorial_dag.py
[2026-04-12T11:31:16.620+0000] {logging_mixin.py:190} INFO - [2026-04-12T11:31:16.619+0000] {dag.py:3239} INFO - Sync 1 DAGs
[2026-04-12T11:31:16.628+0000] {logging_mixin.py:190} INFO - [2026-04-12T11:31:16.628+0000] {dag.py:4180} INFO - Setting next_dagrun for tutorial_dag to None, run_after=None
[2026-04-12T11:31:16.643+0000] {processor.py:208} INFO - Processing /home/airflow/.local/lib/python3.12/site-packages/airflow/example_dags/tutorial_dag.py took 0.048 seconds
[2026-04-12T11:31:47.031+0000] {processor.py:186} INFO - Started process (PID=9674) to work on /home/airflow/.local/lib/python3.12/site-packages/airflow/example_dags/tutorial_dag.py
[2026-04-12T11:31:47.032+0000] {processor.py:914} INFO - Processing file /home/airflow/.local/lib/python3.12/site-packages/airflow/example_dags/tutorial_dag.py for tasks to queue
[2026-04-12T11:31:47.033+0000] {logging_mixin.py:190} INFO - [2026-04-12T11:31:47.033+0000] {dagbag.py:588} INFO - Filling up the DagBag from /home/airflow/.local/lib/python3.12/site-packages/airflow/example_dags/tutorial_dag.py
[2026-04-12T11:31:47.039+0000] {processor.py:925} INFO - DAG(s) 'tutorial_dag' retrieved from /home/airflow/.local/lib/python3.12/site-packages/airflow/example_dags/tutorial_dag.py
[2026-04-12T11:31:47.052+0000] {logging_mixin.py:190} INFO - [2026-04-12T11:31:47.052+0000] {dag.py:3239} INFO - Sync 1 DAGs
[2026-04-12T11:31:47.063+0000] {logging_mixin.py:190} INFO - [2026-04-12T11:31:47.062+0000] {dag.py:4180} INFO - Setting next_dagrun for tutorial_dag to None, run_after=None
[2026-04-12T11:31:47.079+0000] {processor.py:208} INFO - Processing /home/airflow/.local/lib/python3.12/site-packages/airflow/example_dags/tutorial_dag.py took 0.052 seconds
[2026-04-12T11:32:18.262+0000] {processor.py:186} INFO - Started process (PID=9970) to work on /home/airflow/.local/lib/python3.12/site-packages/airflow/example_dags/tutorial_dag.py
[2026-04-12T11:32:18.263+0000] {processor.py:914} INFO - Processing file /home/airflow/.local/lib/python3.12/site-packages/airflow/example_dags/tutorial_dag.py for tasks to queue
[2026-04-12T11:32:18.265+0000] {logging_mixin.py:190} INFO - [2026-04-12T11:32:18.265+0000] {dagbag.py:588} INFO - Filling up the DagBag from /home/airflow/.local/lib/python3.12/site-packages/airflow/example_dags/tutorial_dag.py
[2026-04-12T11:32:18.274+0000] {processor.py:925} INFO - DAG(s) 'tutorial_dag' retrieved from /home/airflow/.local/lib/python3.12/site-packages/airflow/example_dags/tutorial_dag.py
[2026-04-12T11:32:18.286+0000] {logging_mixin.py:190} INFO - [2026-04-12T11:32:18.286+0000] {dag.py:3239} INFO - Sync 1 DAGs
[2026-04-12T11:32:18.295+0000] {logging_mixin.py:190} INFO - [2026-04-12T11:32:18.295+0000] {dag.py:4180} INFO - Setting next_dagrun for tutorial_dag to None, run_after=None
[2026-04-12T11:32:18.313+0000] {processor.py:208} INFO - Processing /home/airflow/.local/lib/python3.12/site-packages/airflow/example_dags/tutorial_dag.py took 0.056 seconds
[2026-04-12T11:32:49.180+0000] {processor.py:186} INFO - Started process (PID=10266) to work on /home/airflow/.local/lib/python3.12/site-packages/airflow/example_dags/tutorial_dag.py
[2026-04-12T11:32:49.180+0000] {processor.py:914} INFO - Processing file /home/airflow/.local/lib/python3.12/site-packages/airflow/example_dags/tutorial_dag.py for tasks to queue
[2026-04-12T11:32:49.183+0000] {logging_mixin.py:190} INFO - [2026-04-12T11:32:49.183+0000] {dagbag.py:588} INFO - Filling up the DagBag from /home/airflow/.local/lib/python3.12/site-packages/airflow/example_dags/tutorial_dag.py
[2026-04-12T11:32:49.188+0000] {processor.py:925} INFO - DAG(s) 'tutorial_dag' retrieved from /home/airflow/.local/lib/python3.12/site-packages/airflow/example_dags/tutorial_dag.py
[2026-04-12T11:32:49.203+0000] {logging_mixin.py:190} INFO - [2026-04-12T11:32:49.203+0000] {dag.py:3239} INFO - Sync 1 DAGs
[2026-04-12T11:32:49.211+0000] {logging_mixin.py:190} INFO - [2026-04-12T11:32:49.211+0000] {dag.py:4180} INFO - Setting next_dagrun for tutorial_dag to None, run_after=None
[2026-04-12T11:32:49.224+0000] {processor.py:208} INFO - Processing /home/airflow/.local/lib/python3.12/site-packages/airflow/example_dags/tutorial_dag.py took 0.049 seconds
[2026-04-12T11:33:20.168+0000] {processor.py:186} INFO - Started process (PID=10562) to work on /home/airflow/.local/lib/python3.12/site-packages/airflow/example_dags/tutorial_dag.py
[2026-04-12T11:33:20.169+0000] {processor.py:914} INFO - Processing file /home/airflow/.local/lib/python3.12/site-packages/airflow/example_dags/tutorial_dag.py for tasks to queue
[2026-04-12T11:33:20.171+0000] {logging_mixin.py:190} INFO - [2026-04-12T11:33:20.171+0000] {dagbag.py:588} INFO - Filling up the DagBag from /home/airflow/.local/lib/python3.12/site-packages/airflow/example_dags/tutorial_dag.py
[2026-04-12T11:33:20.178+0000] {processor.py:925} INFO - DAG(s) 'tutorial_dag' retrieved from /home/airflow/.local/lib/python3.12/site-packages/airflow/example_dags/tutorial_dag.py
[2026-04-12T11:33:20.194+0000] {logging_mixin.py:190} INFO - [2026-04-12T11:33:20.194+0000] {dag.py:3239} INFO - Sync 1 DAGs
[2026-04-12T11:33:20.204+0000] {logging_mixin.py:190} INFO - [2026-04-12T11:33:20.204+0000] {dag.py:4180} INFO - Setting next_dagrun for tutorial_dag to None, run_after=None
[2026-04-12T11:33:20.226+0000] {processor.py:208} INFO - Processing /home/airflow/.local/lib/python3.12/site-packages/airflow/example_dags/tutorial_dag.py took 0.062 seconds
[2026-04-12T11:33:51.199+0000] {processor.py:186} INFO - Started process (PID=10859) to work on /home/airflow/.local/lib/python3.12/site-packages/airflow/example_dags/tutorial_dag.py
[2026-04-12T11:33:51.200+0000] {processor.py:914} INFO - Processing file /home/airflow/.local/lib/python3.12/site-packages/airflow/example_dags/tutorial_dag.py for tasks to queue
[2026-04-12T11:33:51.202+0000] {logging_mixin.py:190} INFO - [2026-04-12T11:33:51.202+0000] {dagbag.py:588} INFO - Filling up the DagBag from /home/airflow/.local/lib/python3.12/site-packages/airflow/example_dags/tutorial_dag.py
[2026-04-12T11:33:51.208+0000] {processor.py:925} INFO - DAG(s) 'tutorial_dag' retrieved from /home/airflow/.local/lib/python3.12/site-packages/airflow/example_dags/tutorial_dag.py
[2026-04-12T11:33:51.226+0000] {logging_mixin.py:190} INFO - [2026-04-12T11:33:51.226+0000] {dag.py:3239} INFO - Sync 1 DAGs
[2026-04-12T11:33:51.239+0000] {logging_mixin.py:190} INFO - [2026-04-12T11:33:51.239+0000] {dag.py:4180} INFO - Setting next_dagrun for tutorial_dag to None, run_after=None
[2026-04-12T11:33:51.263+0000] {processor.py:208} INFO - Processing /home/airflow/.local/lib/python3.12/site-packages/airflow/example_dags/tutorial_dag.py took 0.069 seconds
[2026-04-12T11:34:22.088+0000] {processor.py:186} INFO - Started process (PID=11153) to work on /home/airflow/.local/lib/python3.12/site-packages/airflow/example_dags/tutorial_dag.py
[2026-04-12T11:34:22.089+0000] {processor.py:914} INFO - Processing file /home/airflow/.local/lib/python3.12/site-packages/airflow/example_dags/tutorial_dag.py for tasks to queue
[2026-04-12T11:34:22.090+0000] {logging_mixin.py:190} INFO - [2026-04-12T11:34:22.090+0000] {dagbag.py:588} INFO - Filling up the DagBag from /home/airflow/.local/lib/python3.12/site-packages/airflow/example_dags/tutorial_dag.py
[2026-04-12T11:34:22.096+0000] {processor.py:925} INFO - DAG(s) 'tutorial_dag' retrieved from /home/airflow/.local/lib/python3.12/site-packages/airflow/example_dags/tutorial_dag.py
[2026-04-12T11:34:22.111+0000] {logging_mixin.py:190} INFO - [2026-04-12T11:34:22.111+0000] {dag.py:3239} INFO - Sync 1 DAGs
[2026-04-12T11:34:22.121+0000] {logging_mixin.py:190} INFO - [2026-04-12T11:34:22.121+0000] {dag.py:4180} INFO - Setting next_dagrun for tutorial_dag to None, run_after=None
[2026-04-12T11:34:22.139+0000] {processor.py:208} INFO - Processing /home/airflow/.local/lib/python3.12/site-packages/airflow/example_dags/tutorial_dag.py took 0.056 seconds
[2026-04-12T11:34:52.960+0000] {processor.py:186} INFO - Started process (PID=11449) to work on /home/airflow/.local/lib/python3.12/site-packages/airflow/example_dags/tutorial_dag.py
[2026-04-12T11:34:52.963+0000] {processor.py:914} INFO - Processing file /home/airflow/.local/lib/python3.12/site-packages/airflow/example_dags/tutorial_dag.py for tasks to queue
[2026-04-12T11:34:52.964+0000] {logging_mixin.py:190} INFO - [2026-04-12T11:34:52.964+0000] {dagbag.py:588} INFO - Filling up the DagBag from /home/airflow/.local/lib/python3.12/site-packages/airflow/example_dags/tutorial_dag.py
[2026-04-12T11:34:52.970+0000] {processor.py:925} INFO - DAG(s) 'tutorial_dag' retrieved from /home/airflow/.local/lib/python3.12/site-packages/airflow/example_dags/tutorial_dag.py
[2026-04-12T11:34:52.986+0000] {logging_mixin.py:190} INFO - [2026-04-12T11:34:52.985+0000] {dag.py:3239} INFO - Sync 1 DAGs
[2026-04-12T11:34:52.994+0000] {logging_mixin.py:190} INFO - [2026-04-12T11:34:52.994+0000] {dag.py:4180} INFO - Setting next_dagrun for tutorial_dag to None, run_after=None
[2026-04-12T11:34:53.008+0000] {processor.py:208} INFO - Processing /home/airflow/.local/lib/python3.12/site-packages/airflow/example_dags/tutorial_dag.py took 0.053 seconds
