[2025-02-19T19:09:01.261+0000] {local_task_job_runner.py:123} INFO - ::group::Pre task execution logs
[2025-02-19T19:09:01.270+0000] {taskinstance.py:2614} INFO - Dependencies all met for dep_context=non-requeueable deps ti=<TaskInstance: dag_yfinance.fetch_stock_data scheduled__2025-02-19T19:08:00+00:00 [queued]>
[2025-02-19T19:09:01.273+0000] {taskinstance.py:2614} INFO - Dependencies all met for dep_context=requeueable deps ti=<TaskInstance: dag_yfinance.fetch_stock_data scheduled__2025-02-19T19:08:00+00:00 [queued]>
[2025-02-19T19:09:01.273+0000] {taskinstance.py:2867} INFO - Starting attempt 1 of 6
[2025-02-19T19:09:01.278+0000] {taskinstance.py:2890} INFO - Executing <Task(PythonOperator): fetch_stock_data> on 2025-02-19 19:08:00+00:00
[2025-02-19T19:09:01.283+0000] {logging_mixin.py:190} WARNING - /home/***/.local/lib/python3.12/site-packages/***/task/task_runner/standard_task_runner.py:70 DeprecationWarning: This process (pid=10677) is multi-threaded, use of fork() may lead to deadlocks in the child.
[2025-02-19T19:09:01.284+0000] {standard_task_runner.py:72} INFO - Started process 10678 to run task
[2025-02-19T19:09:01.284+0000] {standard_task_runner.py:104} INFO - Running: ['***', 'tasks', 'run', 'dag_yfinance', 'fetch_stock_data', 'scheduled__2025-02-19T19:08:00+00:00', '--job-id', '51', '--raw', '--subdir', 'DAGS_FOLDER/DAG1.py', '--cfg-path', '/tmp/tmp99bm7mr7']
[2025-02-19T19:09:01.284+0000] {standard_task_runner.py:105} INFO - Job 51: Subtask fetch_stock_data
[2025-02-19T19:09:01.303+0000] {task_command.py:467} INFO - Running <TaskInstance: dag_yfinance.fetch_stock_data scheduled__2025-02-19T19:08:00+00:00 [running]> on host 07747019ad3d
[2025-02-19T19:09:01.330+0000] {taskinstance.py:3134} INFO - Exporting env vars: AIRFLOW_CTX_DAG_OWNER='admin' AIRFLOW_CTX_DAG_ID='dag_yfinance' AIRFLOW_CTX_TASK_ID='fetch_stock_data' AIRFLOW_CTX_EXECUTION_DATE='2025-02-19T19:08:00+00:00' AIRFLOW_CTX_TRY_NUMBER='1' AIRFLOW_CTX_DAG_RUN_ID='scheduled__2025-02-19T19:08:00+00:00'
[2025-02-19T19:09:01.330+0000] {logging_mixin.py:190} INFO - Task instance is in running state
[2025-02-19T19:09:01.331+0000] {logging_mixin.py:190} INFO -  Previous state of the Task instance: queued
[2025-02-19T19:09:01.331+0000] {logging_mixin.py:190} INFO - Current task name:fetch_stock_data state:running start_date:2025-02-19 19:09:01.270314+00:00
[2025-02-19T19:09:01.331+0000] {logging_mixin.py:190} INFO - Dag name:dag_yfinance and current dag run status:running
[2025-02-19T19:09:01.331+0000] {taskinstance.py:732} INFO - ::endgroup::
[2025-02-19T19:09:01.532+0000] {python.py:240} INFO - Done. Returned value was: None
[2025-02-19T19:09:01.536+0000] {taskinstance.py:341} INFO - ::group::Post task execution logs
[2025-02-19T19:09:01.536+0000] {taskinstance.py:353} INFO - Marking task as SUCCESS. dag_id=dag_yfinance, task_id=fetch_stock_data, run_id=scheduled__2025-02-19T19:08:00+00:00, execution_date=20250219T190800, start_date=20250219T190901, end_date=20250219T190901
[2025-02-19T19:09:01.544+0000] {logging_mixin.py:190} INFO - Task instance in success state
[2025-02-19T19:09:01.544+0000] {logging_mixin.py:190} INFO -  Previous state of the Task instance: running
[2025-02-19T19:09:01.544+0000] {logging_mixin.py:190} INFO - Dag name:dag_yfinance queued_at:2025-02-19 19:09:00.732100+00:00
[2025-02-19T19:09:01.544+0000] {logging_mixin.py:190} INFO - Task hostname:07747019ad3d operator:PythonOperator
[2025-02-19T19:09:01.551+0000] {local_task_job_runner.py:266} INFO - Task exited with return code 0
[2025-02-19T19:09:01.562+0000] {taskinstance.py:3901} INFO - 1 downstream tasks scheduled from follow-on schedule check
[2025-02-19T19:09:01.563+0000] {local_task_job_runner.py:245} INFO - ::endgroup::
