[2026-04-12T11:16:56.659+0000] {local_task_job_runner.py:123} INFO - ::group::Pre task execution logs
[2026-04-12T11:16:56.670+0000] {taskinstance.py:2614} INFO - Dependencies all met for dep_context=non-requeueable deps ti=<TaskInstance: dag_yfinance.fetch_stock_data scheduled__2026-04-12T11:15:00+00:00 [queued]>
[2026-04-12T11:16:56.676+0000] {taskinstance.py:2614} INFO - Dependencies all met for dep_context=requeueable deps ti=<TaskInstance: dag_yfinance.fetch_stock_data scheduled__2026-04-12T11:15:00+00:00 [queued]>
[2026-04-12T11:16:56.676+0000] {taskinstance.py:2867} INFO - Starting attempt 1 of 6
[2026-04-12T11:16:56.688+0000] {taskinstance.py:2890} INFO - Executing <Task(PythonOperator): fetch_stock_data> on 2026-04-12 11:15:00+00:00
[2026-04-12T11:16:56.699+0000] {standard_task_runner.py:104} INFO - Running: ['***', 'tasks', 'run', 'dag_yfinance', 'fetch_stock_data', 'scheduled__2026-04-12T11:15:00+00:00', '--job-id', '3', '--raw', '--subdir', 'DAGS_FOLDER/DAG1.py', '--cfg-path', '/tmp/tmpx9o291ua']
[2026-04-12T11:16:56.701+0000] {standard_task_runner.py:105} INFO - Job 3: Subtask fetch_stock_data
[2026-04-12T11:16:56.700+0000] {logging_mixin.py:190} WARNING - /home/***/.local/lib/python3.12/site-packages/***/task/task_runner/standard_task_runner.py:70 DeprecationWarning: This process (pid=2857) is multi-threaded, use of fork() may lead to deadlocks in the child.
[2026-04-12T11:16:56.702+0000] {standard_task_runner.py:72} INFO - Started process 2858 to run task
[2026-04-12T11:16:56.733+0000] {task_command.py:467} INFO - Running <TaskInstance: dag_yfinance.fetch_stock_data scheduled__2026-04-12T11:15:00+00:00 [running]> on host b242adf36561
[2026-04-12T11:16:56.777+0000] {taskinstance.py:3134} INFO - Exporting env vars: AIRFLOW_CTX_DAG_OWNER='admin' AIRFLOW_CTX_DAG_ID='dag_yfinance' AIRFLOW_CTX_TASK_ID='fetch_stock_data' AIRFLOW_CTX_EXECUTION_DATE='2026-04-12T11:15:00+00:00' AIRFLOW_CTX_TRY_NUMBER='1' AIRFLOW_CTX_DAG_RUN_ID='scheduled__2026-04-12T11:15:00+00:00'
[2026-04-12T11:16:56.778+0000] {logging_mixin.py:190} INFO - Task instance is in running state
[2026-04-12T11:16:56.778+0000] {logging_mixin.py:190} INFO -  Previous state of the Task instance: queued
[2026-04-12T11:16:56.778+0000] {logging_mixin.py:190} INFO - Current task name:fetch_stock_data state:running start_date:2026-04-12 11:16:56.670971+00:00
[2026-04-12T11:16:56.778+0000] {logging_mixin.py:190} INFO - Dag name:dag_yfinance and current dag run status:running
[2026-04-12T11:16:56.779+0000] {taskinstance.py:732} INFO - ::endgroup::
[2026-04-12T11:16:57.414+0000] {python.py:240} INFO - Done. Returned value was: None
[2026-04-12T11:16:57.420+0000] {taskinstance.py:341} INFO - ::group::Post task execution logs
[2026-04-12T11:16:57.420+0000] {taskinstance.py:353} INFO - Marking task as SUCCESS. dag_id=dag_yfinance, task_id=fetch_stock_data, run_id=scheduled__2026-04-12T11:15:00+00:00, execution_date=20260412T111500, start_date=20260412T111656, end_date=20260412T111657
[2026-04-12T11:16:57.431+0000] {logging_mixin.py:190} INFO - Task instance in success state
[2026-04-12T11:16:57.432+0000] {logging_mixin.py:190} INFO -  Previous state of the Task instance: running
[2026-04-12T11:16:57.432+0000] {logging_mixin.py:190} INFO - Dag name:dag_yfinance queued_at:2026-04-12 11:16:55.659497+00:00
[2026-04-12T11:16:57.432+0000] {logging_mixin.py:190} INFO - Task hostname:b242adf36561 operator:PythonOperator
[2026-04-12T11:16:57.471+0000] {local_task_job_runner.py:266} INFO - Task exited with return code 0
[2026-04-12T11:16:57.488+0000] {taskinstance.py:3901} INFO - 1 downstream tasks scheduled from follow-on schedule check
[2026-04-12T11:16:57.489+0000] {local_task_job_runner.py:245} INFO - ::endgroup::
