[2025-02-19T19:04:02.468+0000] {local_task_job_runner.py:123} INFO - ::group::Pre task execution logs
[2025-02-19T19:04:02.475+0000] {taskinstance.py:2614} INFO - Dependencies all met for dep_context=non-requeueable deps ti=<TaskInstance: dag_yfinance.delete_stock_data_from_table scheduled__2025-02-19T19:03:00+00:00 [queued]>
[2025-02-19T19:04:02.478+0000] {taskinstance.py:2614} INFO - Dependencies all met for dep_context=requeueable deps ti=<TaskInstance: dag_yfinance.delete_stock_data_from_table scheduled__2025-02-19T19:03:00+00:00 [queued]>
[2025-02-19T19:04:02.478+0000] {taskinstance.py:2867} INFO - Starting attempt 1 of 6
[2025-02-19T19:04:02.482+0000] {taskinstance.py:2890} INFO - Executing <Task(SQLExecuteQueryOperator): delete_stock_data_from_table> on 2025-02-19 19:03:00+00:00
[2025-02-19T19:04:02.486+0000] {logging_mixin.py:190} WARNING - /home/***/.local/lib/python3.12/site-packages/***/task/task_runner/standard_task_runner.py:70 DeprecationWarning: This process (pid=7905) is multi-threaded, use of fork() may lead to deadlocks in the child.
[2025-02-19T19:04:02.486+0000] {standard_task_runner.py:72} INFO - Started process 7978 to run task
[2025-02-19T19:04:02.486+0000] {standard_task_runner.py:104} INFO - Running: ['***', 'tasks', 'run', 'dag_yfinance', 'delete_stock_data_from_table', 'scheduled__2025-02-19T19:03:00+00:00', '--job-id', '41', '--raw', '--subdir', 'DAGS_FOLDER/DAG1.py', '--cfg-path', '/tmp/tmp81129pnb']
[2025-02-19T19:04:02.487+0000] {standard_task_runner.py:105} INFO - Job 41: Subtask delete_stock_data_from_table
[2025-02-19T19:04:02.504+0000] {task_command.py:467} INFO - Running <TaskInstance: dag_yfinance.delete_stock_data_from_table scheduled__2025-02-19T19:03:00+00:00 [running]> on host 07747019ad3d
[2025-02-19T19:04:02.529+0000] {taskinstance.py:3134} INFO - Exporting env vars: AIRFLOW_CTX_DAG_OWNER='admin' AIRFLOW_CTX_DAG_ID='dag_yfinance' AIRFLOW_CTX_TASK_ID='delete_stock_data_from_table' AIRFLOW_CTX_EXECUTION_DATE='2025-02-19T19:03:00+00:00' AIRFLOW_CTX_TRY_NUMBER='1' AIRFLOW_CTX_DAG_RUN_ID='scheduled__2025-02-19T19:03:00+00:00'
[2025-02-19T19:04:02.530+0000] {logging_mixin.py:190} INFO - Task instance is in running state
[2025-02-19T19:04:02.530+0000] {logging_mixin.py:190} INFO -  Previous state of the Task instance: queued
[2025-02-19T19:04:02.530+0000] {logging_mixin.py:190} INFO - Current task name:delete_stock_data_from_table state:running start_date:2025-02-19 19:04:02.475234+00:00
[2025-02-19T19:04:02.530+0000] {logging_mixin.py:190} INFO - Dag name:dag_yfinance and current dag run status:running
[2025-02-19T19:04:02.530+0000] {taskinstance.py:732} INFO - ::endgroup::
[2025-02-19T19:04:02.530+0000] {sql.py:295} INFO - Executing: 
            delete from stock_data where dt = '2025-02-19T19:03:00+00:00' and stock_symbol = 'AAPL';
        
[2025-02-19T19:04:02.532+0000] {base.py:84} INFO - Retrieving connection 'postgres_localhost'
[2025-02-19T19:04:02.535+0000] {base.py:84} INFO - Retrieving connection 'postgres_localhost'
[2025-02-19T19:04:02.540+0000] {sql.py:511} INFO - Running statement: 
            delete from stock_data where dt = '2025-02-19T19:03:00+00:00' and stock_symbol = 'AAPL';
        , parameters: None
[2025-02-19T19:04:02.541+0000] {sql.py:520} INFO - Rows affected: 0
[2025-02-19T19:04:02.542+0000] {logging_mixin.py:190} WARNING - /home/***/.local/lib/python3.12/site-packages/***/providers/common/sql/hooks/sql.py:470 DeprecationWarning: Import of fetch_all_handler from the '***.providers.common.sql.hooks' module is deprecated and will
be removed in the future. Please import it from '***.providers.common.sql.hooks.handlers'.
[2025-02-19T19:04:02.543+0000] {logging_mixin.py:190} WARNING - /home/***/.local/lib/python3.12/site-packages/***/providers/common/sql/hooks/sql.py:471 DeprecationWarning: Import of return_single_query_results from the '***.providers.common.sql.hooks' module is deprecated and will
be removed in the future. Please import it from '***.providers.common.sql.hooks.handlers'.
[2025-02-19T19:04:02.544+0000] {logging_mixin.py:190} WARNING - /home/***/.local/lib/python3.12/site-packages/***/providers/common/sql/hooks/sql.py:486 DeprecationWarning: Import of return_single_query_results from the '***.providers.common.sql.hooks' module is deprecated and will
be removed in the future. Please import it from '***.providers.common.sql.hooks.handlers'.
[2025-02-19T19:04:02.544+0000] {logging_mixin.py:190} WARNING - /home/***/.local/lib/python3.12/site-packages/***/providers/common/sql/operators/sql.py:311 DeprecationWarning: Import of return_single_query_results from the '***.providers.common.sql.hooks' module is deprecated and will
be removed in the future. Please import it from '***.providers.common.sql.hooks.handlers'.
[2025-02-19T19:04:02.548+0000] {taskinstance.py:341} INFO - ::group::Post task execution logs
[2025-02-19T19:04:02.548+0000] {taskinstance.py:353} INFO - Marking task as SUCCESS. dag_id=dag_yfinance, task_id=delete_stock_data_from_table, run_id=scheduled__2025-02-19T19:03:00+00:00, execution_date=20250219T190300, start_date=20250219T190402, end_date=20250219T190402
[2025-02-19T19:04:02.555+0000] {logging_mixin.py:190} INFO - Task instance in success state
[2025-02-19T19:04:02.555+0000] {logging_mixin.py:190} INFO -  Previous state of the Task instance: running
[2025-02-19T19:04:02.555+0000] {logging_mixin.py:190} INFO - Dag name:dag_yfinance queued_at:2025-02-19 19:04:00.642243+00:00
[2025-02-19T19:04:02.555+0000] {logging_mixin.py:190} INFO - Task hostname:07747019ad3d operator:SQLExecuteQueryOperator
[2025-02-19T19:04:02.589+0000] {local_task_job_runner.py:266} INFO - Task exited with return code 0
[2025-02-19T19:04:02.597+0000] {taskinstance.py:3901} INFO - 1 downstream tasks scheduled from follow-on schedule check
[2025-02-19T19:04:02.598+0000] {local_task_job_runner.py:245} INFO - ::endgroup::
[2025-02-19T19:04:31.521+0000] {local_task_job_runner.py:123} INFO - ::group::Pre task execution logs
[2025-02-19T19:04:31.531+0000] {taskinstance.py:2614} INFO - Dependencies all met for dep_context=non-requeueable deps ti=<TaskInstance: dag_yfinance.delete_stock_data_from_table scheduled__2025-02-19T19:03:00+00:00 [queued]>
[2025-02-19T19:04:31.536+0000] {taskinstance.py:2614} INFO - Dependencies all met for dep_context=requeueable deps ti=<TaskInstance: dag_yfinance.delete_stock_data_from_table scheduled__2025-02-19T19:03:00+00:00 [queued]>
[2025-02-19T19:04:31.536+0000] {taskinstance.py:2867} INFO - Starting attempt 1 of 6
[2025-02-19T19:04:31.541+0000] {taskinstance.py:2890} INFO - Executing <Task(SQLExecuteQueryOperator): delete_stock_data_from_table> on 2025-02-19 19:03:00+00:00
[2025-02-19T19:04:31.546+0000] {logging_mixin.py:190} WARNING - /home/***/.local/lib/python3.12/site-packages/***/task/task_runner/standard_task_runner.py:70 DeprecationWarning: This process (pid=8165) is multi-threaded, use of fork() may lead to deadlocks in the child.
[2025-02-19T19:04:31.546+0000] {standard_task_runner.py:104} INFO - Running: ['***', 'tasks', 'run', 'dag_yfinance', 'delete_stock_data_from_table', 'scheduled__2025-02-19T19:03:00+00:00', '--job-id', '45', '--raw', '--subdir', 'DAGS_FOLDER/DAG1.py', '--cfg-path', '/tmp/tmplc52i_dc']
[2025-02-19T19:04:31.546+0000] {standard_task_runner.py:72} INFO - Started process 8166 to run task
[2025-02-19T19:04:31.546+0000] {standard_task_runner.py:105} INFO - Job 45: Subtask delete_stock_data_from_table
[2025-02-19T19:04:31.569+0000] {task_command.py:467} INFO - Running <TaskInstance: dag_yfinance.delete_stock_data_from_table scheduled__2025-02-19T19:03:00+00:00 [running]> on host 07747019ad3d
[2025-02-19T19:04:31.606+0000] {taskinstance.py:3134} INFO - Exporting env vars: AIRFLOW_CTX_DAG_OWNER='admin' AIRFLOW_CTX_DAG_ID='dag_yfinance' AIRFLOW_CTX_TASK_ID='delete_stock_data_from_table' AIRFLOW_CTX_EXECUTION_DATE='2025-02-19T19:03:00+00:00' AIRFLOW_CTX_TRY_NUMBER='1' AIRFLOW_CTX_DAG_RUN_ID='scheduled__2025-02-19T19:03:00+00:00'
[2025-02-19T19:04:31.606+0000] {logging_mixin.py:190} INFO - Task instance is in running state
[2025-02-19T19:04:31.606+0000] {logging_mixin.py:190} INFO -  Previous state of the Task instance: queued
[2025-02-19T19:04:31.606+0000] {logging_mixin.py:190} INFO - Current task name:delete_stock_data_from_table state:running start_date:2025-02-19 19:04:31.531569+00:00
[2025-02-19T19:04:31.607+0000] {logging_mixin.py:190} INFO - Dag name:dag_yfinance and current dag run status:running
[2025-02-19T19:04:31.607+0000] {taskinstance.py:732} INFO - ::endgroup::
[2025-02-19T19:04:31.607+0000] {sql.py:295} INFO - Executing: 
            delete from stock_data where dt = '2025-02-19T19:03:00+00:00' and stock_symbol = 'AAPL';
        
[2025-02-19T19:04:31.610+0000] {base.py:84} INFO - Retrieving connection 'postgres_localhost'
[2025-02-19T19:04:31.613+0000] {base.py:84} INFO - Retrieving connection 'postgres_localhost'
[2025-02-19T19:04:31.617+0000] {sql.py:511} INFO - Running statement: 
            delete from stock_data where dt = '2025-02-19T19:03:00+00:00' and stock_symbol = 'AAPL';
        , parameters: None
[2025-02-19T19:04:31.618+0000] {sql.py:520} INFO - Rows affected: 0
[2025-02-19T19:04:31.619+0000] {logging_mixin.py:190} WARNING - /home/***/.local/lib/python3.12/site-packages/***/providers/common/sql/hooks/sql.py:470 DeprecationWarning: Import of fetch_all_handler from the '***.providers.common.sql.hooks' module is deprecated and will
be removed in the future. Please import it from '***.providers.common.sql.hooks.handlers'.
[2025-02-19T19:04:31.620+0000] {logging_mixin.py:190} WARNING - /home/***/.local/lib/python3.12/site-packages/***/providers/common/sql/hooks/sql.py:471 DeprecationWarning: Import of return_single_query_results from the '***.providers.common.sql.hooks' module is deprecated and will
be removed in the future. Please import it from '***.providers.common.sql.hooks.handlers'.
[2025-02-19T19:04:31.621+0000] {logging_mixin.py:190} WARNING - /home/***/.local/lib/python3.12/site-packages/***/providers/common/sql/hooks/sql.py:486 DeprecationWarning: Import of return_single_query_results from the '***.providers.common.sql.hooks' module is deprecated and will
be removed in the future. Please import it from '***.providers.common.sql.hooks.handlers'.
[2025-02-19T19:04:31.621+0000] {logging_mixin.py:190} WARNING - /home/***/.local/lib/python3.12/site-packages/***/providers/common/sql/operators/sql.py:311 DeprecationWarning: Import of return_single_query_results from the '***.providers.common.sql.hooks' module is deprecated and will
be removed in the future. Please import it from '***.providers.common.sql.hooks.handlers'.
[2025-02-19T19:04:31.625+0000] {taskinstance.py:341} INFO - ::group::Post task execution logs
[2025-02-19T19:04:31.625+0000] {taskinstance.py:353} INFO - Marking task as SUCCESS. dag_id=dag_yfinance, task_id=delete_stock_data_from_table, run_id=scheduled__2025-02-19T19:03:00+00:00, execution_date=20250219T190300, start_date=20250219T190431, end_date=20250219T190431
[2025-02-19T19:04:31.633+0000] {logging_mixin.py:190} INFO - Task instance in success state
[2025-02-19T19:04:31.633+0000] {logging_mixin.py:190} INFO -  Previous state of the Task instance: running
[2025-02-19T19:04:31.634+0000] {logging_mixin.py:190} INFO - Dag name:dag_yfinance queued_at:2025-02-19 19:04:29.806003+00:00
[2025-02-19T19:04:31.634+0000] {logging_mixin.py:190} INFO - Task hostname:07747019ad3d operator:SQLExecuteQueryOperator
[2025-02-19T19:04:31.644+0000] {local_task_job_runner.py:266} INFO - Task exited with return code 0
[2025-02-19T19:04:31.656+0000] {taskinstance.py:3901} INFO - 1 downstream tasks scheduled from follow-on schedule check
[2025-02-19T19:04:31.657+0000] {local_task_job_runner.py:245} INFO - ::endgroup::
