[2026-04-12T11:16:58.313+0000] {local_task_job_runner.py:123} INFO - ::group::Pre task execution logs
[2026-04-12T11:16:58.324+0000] {taskinstance.py:2614} INFO - Dependencies all met for dep_context=non-requeueable deps ti=<TaskInstance: dag_yfinance.create_postgres_table scheduled__2026-04-12T11:15:00+00:00 [queued]>
[2026-04-12T11:16:58.329+0000] {taskinstance.py:2614} INFO - Dependencies all met for dep_context=requeueable deps ti=<TaskInstance: dag_yfinance.create_postgres_table scheduled__2026-04-12T11:15:00+00:00 [queued]>
[2026-04-12T11:16:58.329+0000] {taskinstance.py:2867} INFO - Starting attempt 1 of 6
[2026-04-12T11:16:58.336+0000] {taskinstance.py:2890} INFO - Executing <Task(SQLExecuteQueryOperator): create_postgres_table> on 2026-04-12 11:15:00+00:00
[2026-04-12T11:16:58.342+0000] {standard_task_runner.py:104} INFO - Running: ['***', 'tasks', 'run', 'dag_yfinance', 'create_postgres_table', 'scheduled__2026-04-12T11:15:00+00:00', '--job-id', '4', '--raw', '--subdir', 'DAGS_FOLDER/DAG1.py', '--cfg-path', '/tmp/tmpy53f0c6g']
[2026-04-12T11:16:58.344+0000] {standard_task_runner.py:105} INFO - Job 4: Subtask create_postgres_table
[2026-04-12T11:16:58.344+0000] {logging_mixin.py:190} WARNING - /home/***/.local/lib/python3.12/site-packages/***/task/task_runner/standard_task_runner.py:70 DeprecationWarning: This process (pid=2860) is multi-threaded, use of fork() may lead to deadlocks in the child.
[2026-04-12T11:16:58.346+0000] {standard_task_runner.py:72} INFO - Started process 2861 to run task
[2026-04-12T11:16:58.374+0000] {task_command.py:467} INFO - Running <TaskInstance: dag_yfinance.create_postgres_table scheduled__2026-04-12T11:15:00+00:00 [running]> on host b242adf36561
[2026-04-12T11:16:58.414+0000] {taskinstance.py:3134} INFO - Exporting env vars: AIRFLOW_CTX_DAG_OWNER='admin' AIRFLOW_CTX_DAG_ID='dag_yfinance' AIRFLOW_CTX_TASK_ID='create_postgres_table' AIRFLOW_CTX_EXECUTION_DATE='2026-04-12T11:15:00+00:00' AIRFLOW_CTX_TRY_NUMBER='1' AIRFLOW_CTX_DAG_RUN_ID='scheduled__2026-04-12T11:15:00+00:00'
[2026-04-12T11:16:58.415+0000] {logging_mixin.py:190} INFO - Task instance is in running state
[2026-04-12T11:16:58.415+0000] {logging_mixin.py:190} INFO -  Previous state of the Task instance: queued
[2026-04-12T11:16:58.416+0000] {logging_mixin.py:190} INFO - Current task name:create_postgres_table state:running start_date:2026-04-12 11:16:58.324317+00:00
[2026-04-12T11:16:58.416+0000] {logging_mixin.py:190} INFO - Dag name:dag_yfinance and current dag run status:running
[2026-04-12T11:16:58.416+0000] {taskinstance.py:732} INFO - ::endgroup::
[2026-04-12T11:16:58.416+0000] {sql.py:295} INFO - Executing: CREATE TABLE IF NOT EXISTS stock_data (dt TIMESTAMP, stock_symbol VARCHAR, open_price DOUBLE PRECISION, close_price DOUBLE PRECISION, predicted_close DOUBLE PRECISION, rsi_14 DOUBLE PRECISION, ma_5 DOUBLE PRECISION, PRIMARY KEY (dt, stock_symbol));
[2026-04-12T11:16:58.424+0000] {taskinstance.py:3313} ERROR - Task failed with exception
Traceback (most recent call last):
  File "/home/airflow/.local/lib/python3.12/site-packages/airflow/models/taskinstance.py", line 768, in _execute_task
    result = _execute_callable(context=context, **execute_callable_kwargs)
             ^^^^^^^^^^^^^^^^^^^^^^^^^^^^^^^^^^^^^^^^^^^^^^^^^^^^^^^^^^^^^
  File "/home/airflow/.local/lib/python3.12/site-packages/airflow/models/taskinstance.py", line 734, in _execute_callable
    return ExecutionCallableRunner(
           ^^^^^^^^^^^^^^^^^^^^^^^^
  File "/home/airflow/.local/lib/python3.12/site-packages/airflow/utils/operator_helpers.py", line 252, in run
    return self.func(*args, **kwargs)
           ^^^^^^^^^^^^^^^^^^^^^^^^^^
  File "/home/airflow/.local/lib/python3.12/site-packages/airflow/models/baseoperator.py", line 424, in wrapper
    return func(self, *args, **kwargs)
           ^^^^^^^^^^^^^^^^^^^^^^^^^^^
  File "/home/airflow/.local/lib/python3.12/site-packages/airflow/providers/common/sql/operators/sql.py", line 296, in execute
    hook = self.get_db_hook()
           ^^^^^^^^^^^^^^^^^^
  File "/home/airflow/.local/lib/python3.12/site-packages/airflow/providers/common/sql/operators/sql.py", line 195, in get_db_hook
    return self._hook
           ^^^^^^^^^^
  File "/usr/local/lib/python3.12/functools.py", line 998, in __get__
    val = self.func(instance)
          ^^^^^^^^^^^^^^^^^^^
  File "/home/airflow/.local/lib/python3.12/site-packages/airflow/providers/common/sql/operators/sql.py", line 171, in _hook
    hook = self.get_hook(conn_id=conn_id, hook_params=self.hook_params)
           ^^^^^^^^^^^^^^^^^^^^^^^^^^^^^^^^^^^^^^^^^^^^^^^^^^^^^^^^^^^^
  File "/home/airflow/.local/lib/python3.12/site-packages/airflow/providers/common/sql/operators/sql.py", line 163, in get_hook
    connection = BaseHook.get_connection(conn_id)
                 ^^^^^^^^^^^^^^^^^^^^^^^^^^^^^^^^
  File "/home/airflow/.local/lib/python3.12/site-packages/airflow/hooks/base.py", line 83, in get_connection
    conn = Connection.get_connection_from_secrets(conn_id)
           ^^^^^^^^^^^^^^^^^^^^^^^^^^^^^^^^^^^^^^^^^^^^^^^
  File "/home/airflow/.local/lib/python3.12/site-packages/airflow/models/connection.py", line 537, in get_connection_from_secrets
    raise AirflowNotFoundException(f"The conn_id `{conn_id}` isn't defined")
airflow.exceptions.AirflowNotFoundException: The conn_id `postgres_localhost` isn't defined
[2026-04-12T11:16:58.431+0000] {logging_mixin.py:190} INFO - Task instance in failure state
[2026-04-12T11:16:58.431+0000] {logging_mixin.py:190} INFO - Task start:2026-04-12 11:16:58.324317+00:00 end:2026-04-12 11:16:58.431214+00:00 duration:0.106897
[2026-04-12T11:16:58.431+0000] {logging_mixin.py:190} INFO - Task:<Task(SQLExecuteQueryOperator): create_postgres_table> dag:<DAG: dag_yfinance> dagrun:<DagRun dag_yfinance @ 2026-04-12 11:15:00+00:00: scheduled__2026-04-12T11:15:00+00:00, state:running, queued_at: 2026-04-12 11:16:55.659497+00:00. externally triggered: False>
[2026-04-12T11:16:58.432+0000] {logging_mixin.py:190} INFO - Failure caused by The conn_id `postgres_localhost` isn't defined
[2026-04-12T11:16:58.432+0000] {taskinstance.py:1226} INFO - Marking task as UP_FOR_RETRY. dag_id=dag_yfinance, task_id=create_postgres_table, run_id=scheduled__2026-04-12T11:15:00+00:00, execution_date=20260412T111500, start_date=20260412T111658, end_date=20260412T111658
[2026-04-12T11:16:58.445+0000] {taskinstance.py:341} INFO - ::group::Post task execution logs
[2026-04-12T11:16:58.445+0000] {standard_task_runner.py:124} ERROR - Failed to execute job 4 for task create_postgres_table (The conn_id `postgres_localhost` isn't defined; 2861)
Traceback (most recent call last):
  File "/home/airflow/.local/lib/python3.12/site-packages/airflow/task/task_runner/standard_task_runner.py", line 117, in _start_by_fork
    ret = args.func(args, dag=self.dag)
          ^^^^^^^^^^^^^^^^^^^^^^^^^^^^^
  File "/home/airflow/.local/lib/python3.12/site-packages/airflow/cli/cli_config.py", line 49, in command
    return func(*args, **kwargs)
           ^^^^^^^^^^^^^^^^^^^^^
  File "/home/airflow/.local/lib/python3.12/site-packages/airflow/utils/cli.py", line 116, in wrapper
    return f(*args, **kwargs)
           ^^^^^^^^^^^^^^^^^^
  File "/home/airflow/.local/lib/python3.12/site-packages/airflow/cli/commands/task_command.py", line 483, in task_run
    task_return_code = _run_task_by_selected_method(args, _dag, ti)
                       ^^^^^^^^^^^^^^^^^^^^^^^^^^^^^^^^^^^^^^^^^^^^
  File "/home/airflow/.local/lib/python3.12/site-packages/airflow/cli/commands/task_command.py", line 256, in _run_task_by_selected_method
    return _run_raw_task(args, ti)
           ^^^^^^^^^^^^^^^^^^^^^^^
  File "/home/airflow/.local/lib/python3.12/site-packages/airflow/cli/commands/task_command.py", line 341, in _run_raw_task
    return ti._run_raw_task(
           ^^^^^^^^^^^^^^^^^
  File "/home/airflow/.local/lib/python3.12/site-packages/airflow/utils/session.py", line 97, in wrapper
    return func(*args, session=session, **kwargs)
           ^^^^^^^^^^^^^^^^^^^^^^^^^^^^^^^^^^^^^^
  File "/home/airflow/.local/lib/python3.12/site-packages/airflow/models/taskinstance.py", line 3006, in _run_raw_task
    return _run_raw_task(
           ^^^^^^^^^^^^^^
  File "/home/airflow/.local/lib/python3.12/site-packages/airflow/models/taskinstance.py", line 274, in _run_raw_task
    TaskInstance._execute_task_with_callbacks(
  File "/home/airflow/.local/lib/python3.12/site-packages/airflow/models/taskinstance.py", line 3161, in _execute_task_with_callbacks
    result = self._execute_task(context, task_orig)
             ^^^^^^^^^^^^^^^^^^^^^^^^^^^^^^^^^^^^^^
  File "/home/airflow/.local/lib/python3.12/site-packages/airflow/models/taskinstance.py", line 3185, in _execute_task
    return _execute_task(self, context, task_orig)
           ^^^^^^^^^^^^^^^^^^^^^^^^^^^^^^^^^^^^^^^
  File "/home/airflow/.local/lib/python3.12/site-packages/airflow/models/taskinstance.py", line 768, in _execute_task
    result = _execute_callable(context=context, **execute_callable_kwargs)
             ^^^^^^^^^^^^^^^^^^^^^^^^^^^^^^^^^^^^^^^^^^^^^^^^^^^^^^^^^^^^^
  File "/home/airflow/.local/lib/python3.12/site-packages/airflow/models/taskinstance.py", line 734, in _execute_callable
    return ExecutionCallableRunner(
           ^^^^^^^^^^^^^^^^^^^^^^^^
  File "/home/airflow/.local/lib/python3.12/site-packages/airflow/utils/operator_helpers.py", line 252, in run
    return self.func(*args, **kwargs)
           ^^^^^^^^^^^^^^^^^^^^^^^^^^
  File "/home/airflow/.local/lib/python3.12/site-packages/airflow/models/baseoperator.py", line 424, in wrapper
    return func(self, *args, **kwargs)
           ^^^^^^^^^^^^^^^^^^^^^^^^^^^
  File "/home/airflow/.local/lib/python3.12/site-packages/airflow/providers/common/sql/operators/sql.py", line 296, in execute
    hook = self.get_db_hook()
           ^^^^^^^^^^^^^^^^^^
  File "/home/airflow/.local/lib/python3.12/site-packages/airflow/providers/common/sql/operators/sql.py", line 195, in get_db_hook
    return self._hook
           ^^^^^^^^^^
  File "/usr/local/lib/python3.12/functools.py", line 998, in __get__
    val = self.func(instance)
          ^^^^^^^^^^^^^^^^^^^
  File "/home/airflow/.local/lib/python3.12/site-packages/airflow/providers/common/sql/operators/sql.py", line 171, in _hook
    hook = self.get_hook(conn_id=conn_id, hook_params=self.hook_params)
           ^^^^^^^^^^^^^^^^^^^^^^^^^^^^^^^^^^^^^^^^^^^^^^^^^^^^^^^^^^^^
  File "/home/airflow/.local/lib/python3.12/site-packages/airflow/providers/common/sql/operators/sql.py", line 163, in get_hook
    connection = BaseHook.get_connection(conn_id)
                 ^^^^^^^^^^^^^^^^^^^^^^^^^^^^^^^^
  File "/home/airflow/.local/lib/python3.12/site-packages/airflow/hooks/base.py", line 83, in get_connection
    conn = Connection.get_connection_from_secrets(conn_id)
           ^^^^^^^^^^^^^^^^^^^^^^^^^^^^^^^^^^^^^^^^^^^^^^^
  File "/home/airflow/.local/lib/python3.12/site-packages/airflow/models/connection.py", line 537, in get_connection_from_secrets
    raise AirflowNotFoundException(f"The conn_id `{conn_id}` isn't defined")
airflow.exceptions.AirflowNotFoundException: The conn_id `postgres_localhost` isn't defined
[2026-04-12T11:16:58.488+0000] {local_task_job_runner.py:266} INFO - Task exited with return code 1
[2026-04-12T11:16:58.501+0000] {taskinstance.py:3901} INFO - 0 downstream tasks scheduled from follow-on schedule check
[2026-04-12T11:16:58.502+0000] {local_task_job_runner.py:245} INFO - ::endgroup::
