[2025-02-19T19:18:04.989+0000] {local_task_job_runner.py:123} INFO - ::group::Pre task execution logs
[2025-02-19T19:18:04.996+0000] {taskinstance.py:2614} INFO - Dependencies all met for dep_context=non-requeueable deps ti=<TaskInstance: dag_yfinance.fetch_and_store_apple_stock_data scheduled__2025-02-19T19:17:00+00:00 [queued]>
[2025-02-19T19:18:04.999+0000] {taskinstance.py:2614} INFO - Dependencies all met for dep_context=requeueable deps ti=<TaskInstance: dag_yfinance.fetch_and_store_apple_stock_data scheduled__2025-02-19T19:17:00+00:00 [queued]>
[2025-02-19T19:18:05.000+0000] {taskinstance.py:2867} INFO - Starting attempt 1 of 6
[2025-02-19T19:18:05.004+0000] {taskinstance.py:2890} INFO - Executing <Task(SQLExecuteQueryOperator): fetch_and_store_apple_stock_data> on 2025-02-19 19:17:00+00:00
[2025-02-19T19:18:05.011+0000] {standard_task_runner.py:104} INFO - Running: ['***', 'tasks', 'run', 'dag_yfinance', 'fetch_and_store_apple_stock_data', 'scheduled__2025-02-19T19:17:00+00:00', '--job-id', '106', '--raw', '--subdir', 'DAGS_FOLDER/DAG1.py', '--cfg-path', '/tmp/tmpmi8fzolg']
[2025-02-19T19:18:05.012+0000] {standard_task_runner.py:105} INFO - Job 106: Subtask fetch_and_store_apple_stock_data
[2025-02-19T19:18:05.012+0000] {logging_mixin.py:190} WARNING - /home/***/.local/lib/python3.12/site-packages/***/task/task_runner/standard_task_runner.py:70 DeprecationWarning: This process (pid=16170) is multi-threaded, use of fork() may lead to deadlocks in the child.
[2025-02-19T19:18:05.013+0000] {standard_task_runner.py:72} INFO - Started process 16171 to run task
[2025-02-19T19:18:05.033+0000] {task_command.py:467} INFO - Running <TaskInstance: dag_yfinance.fetch_and_store_apple_stock_data scheduled__2025-02-19T19:17:00+00:00 [running]> on host 07747019ad3d
[2025-02-19T19:18:05.077+0000] {taskinstance.py:3134} INFO - Exporting env vars: AIRFLOW_CTX_DAG_OWNER='admin' AIRFLOW_CTX_DAG_ID='dag_yfinance' AIRFLOW_CTX_TASK_ID='fetch_and_store_apple_stock_data' AIRFLOW_CTX_EXECUTION_DATE='2025-02-19T19:17:00+00:00' AIRFLOW_CTX_TRY_NUMBER='1' AIRFLOW_CTX_DAG_RUN_ID='scheduled__2025-02-19T19:17:00+00:00'
[2025-02-19T19:18:05.079+0000] {logging_mixin.py:190} INFO - Task instance is in running state
[2025-02-19T19:18:05.079+0000] {logging_mixin.py:190} INFO -  Previous state of the Task instance: queued
[2025-02-19T19:18:05.079+0000] {logging_mixin.py:190} INFO - Current task name:fetch_and_store_apple_stock_data state:running start_date:2025-02-19 19:18:04.996669+00:00
[2025-02-19T19:18:05.079+0000] {logging_mixin.py:190} INFO - Dag name:dag_yfinance and current dag run status:running
[2025-02-19T19:18:05.079+0000] {taskinstance.py:732} INFO - ::endgroup::
[2025-02-19T19:18:05.080+0000] {sql.py:295} INFO - Executing: 
            insert into stock_data (dt, stock_symbol, open_price, close_price) 
            values ('2025-02-19T19:17:00+00:00', 'AAPL', '244.77499389648438', '244.82000732421875')
        
[2025-02-19T19:18:05.086+0000] {base.py:84} INFO - Retrieving connection 'postgres_localhost'
[2025-02-19T19:18:05.091+0000] {base.py:84} INFO - Retrieving connection 'postgres_localhost'
[2025-02-19T19:18:05.099+0000] {sql.py:511} INFO - Running statement: 
            insert into stock_data (dt, stock_symbol, open_price, close_price) 
            values ('2025-02-19T19:17:00+00:00', 'AAPL', '244.77499389648438', '244.82000732421875')
        , parameters: None
[2025-02-19T19:18:05.100+0000] {sql.py:520} INFO - Rows affected: 1
[2025-02-19T19:18:05.101+0000] {logging_mixin.py:190} WARNING - /home/***/.local/lib/python3.12/site-packages/***/providers/common/sql/hooks/sql.py:470 DeprecationWarning: Import of fetch_all_handler from the '***.providers.common.sql.hooks' module is deprecated and will
be removed in the future. Please import it from '***.providers.common.sql.hooks.handlers'.
[2025-02-19T19:18:05.102+0000] {logging_mixin.py:190} WARNING - /home/***/.local/lib/python3.12/site-packages/***/providers/common/sql/hooks/sql.py:471 DeprecationWarning: Import of return_single_query_results from the '***.providers.common.sql.hooks' module is deprecated and will
be removed in the future. Please import it from '***.providers.common.sql.hooks.handlers'.
[2025-02-19T19:18:05.103+0000] {logging_mixin.py:190} WARNING - /home/***/.local/lib/python3.12/site-packages/***/providers/common/sql/hooks/sql.py:486 DeprecationWarning: Import of return_single_query_results from the '***.providers.common.sql.hooks' module is deprecated and will
be removed in the future. Please import it from '***.providers.common.sql.hooks.handlers'.
[2025-02-19T19:18:05.104+0000] {logging_mixin.py:190} WARNING - /home/***/.local/lib/python3.12/site-packages/***/providers/common/sql/operators/sql.py:311 DeprecationWarning: Import of return_single_query_results from the '***.providers.common.sql.hooks' module is deprecated and will
be removed in the future. Please import it from '***.providers.common.sql.hooks.handlers'.
[2025-02-19T19:18:05.108+0000] {taskinstance.py:341} INFO - ::group::Post task execution logs
[2025-02-19T19:18:05.108+0000] {taskinstance.py:353} INFO - Marking task as SUCCESS. dag_id=dag_yfinance, task_id=fetch_and_store_apple_stock_data, run_id=scheduled__2025-02-19T19:17:00+00:00, execution_date=20250219T191700, start_date=20250219T191804, end_date=20250219T191805
[2025-02-19T19:18:05.116+0000] {logging_mixin.py:190} INFO - Task instance in success state
[2025-02-19T19:18:05.116+0000] {logging_mixin.py:190} INFO -  Previous state of the Task instance: running
[2025-02-19T19:18:05.116+0000] {logging_mixin.py:190} INFO - Dag name:dag_yfinance queued_at:2025-02-19 19:18:00.333505+00:00
[2025-02-19T19:18:05.117+0000] {logging_mixin.py:190} INFO - Task hostname:07747019ad3d operator:SQLExecuteQueryOperator
[2025-02-19T19:18:05.158+0000] {local_task_job_runner.py:266} INFO - Task exited with return code 0
[2025-02-19T19:18:05.165+0000] {taskinstance.py:3901} INFO - 0 downstream tasks scheduled from follow-on schedule check
[2025-02-19T19:18:05.165+0000] {local_task_job_runner.py:245} INFO - ::endgroup::
