[2025-02-19T18:55:23.130+0000] {local_task_job_runner.py:123} INFO - ::group::Pre task execution logs
[2025-02-19T18:55:23.138+0000] {taskinstance.py:2614} INFO - Dependencies all met for dep_context=non-requeueable deps ti=<TaskInstance: dag_yfinance.delete_stock_data_from_table manual__2025-02-19T18:55:20.676986+00:00 [queued]>
[2025-02-19T18:55:23.142+0000] {taskinstance.py:2614} INFO - Dependencies all met for dep_context=requeueable deps ti=<TaskInstance: dag_yfinance.delete_stock_data_from_table manual__2025-02-19T18:55:20.676986+00:00 [queued]>
[2025-02-19T18:55:23.142+0000] {taskinstance.py:2867} INFO - Starting attempt 1 of 6
[2025-02-19T18:55:23.147+0000] {taskinstance.py:2890} INFO - Executing <Task(SQLExecuteQueryOperator): delete_stock_data_from_table> on 2025-02-19 18:55:20.676986+00:00
[2025-02-19T18:55:23.152+0000] {standard_task_runner.py:104} INFO - Running: ['***', 'tasks', 'run', 'dag_yfinance', 'delete_stock_data_from_table', 'manual__2025-02-19T18:55:20.676986+00:00', '--job-id', '11', '--raw', '--subdir', 'DAGS_FOLDER/DAG1.py', '--cfg-path', '/tmp/tmpfwn144u7']
[2025-02-19T18:55:23.154+0000] {standard_task_runner.py:105} INFO - Job 11: Subtask delete_stock_data_from_table
[2025-02-19T18:55:23.153+0000] {logging_mixin.py:190} WARNING - /home/***/.local/lib/python3.12/site-packages/***/task/task_runner/standard_task_runner.py:70 DeprecationWarning: This process (pid=2843) is multi-threaded, use of fork() may lead to deadlocks in the child.
[2025-02-19T18:55:23.155+0000] {standard_task_runner.py:72} INFO - Started process 2844 to run task
[2025-02-19T18:55:23.175+0000] {task_command.py:467} INFO - Running <TaskInstance: dag_yfinance.delete_stock_data_from_table manual__2025-02-19T18:55:20.676986+00:00 [running]> on host 07747019ad3d
[2025-02-19T18:55:23.204+0000] {taskinstance.py:3134} INFO - Exporting env vars: AIRFLOW_CTX_DAG_OWNER='admin' AIRFLOW_CTX_DAG_ID='dag_yfinance' AIRFLOW_CTX_TASK_ID='delete_stock_data_from_table' AIRFLOW_CTX_EXECUTION_DATE='2025-02-19T18:55:20.676986+00:00' AIRFLOW_CTX_TRY_NUMBER='1' AIRFLOW_CTX_DAG_RUN_ID='manual__2025-02-19T18:55:20.676986+00:00'
[2025-02-19T18:55:23.205+0000] {logging_mixin.py:190} INFO - Task instance is in running state
[2025-02-19T18:55:23.205+0000] {logging_mixin.py:190} INFO -  Previous state of the Task instance: queued
[2025-02-19T18:55:23.206+0000] {logging_mixin.py:190} INFO - Current task name:delete_stock_data_from_table state:running start_date:2025-02-19 18:55:23.138634+00:00
[2025-02-19T18:55:23.206+0000] {logging_mixin.py:190} INFO - Dag name:dag_yfinance and current dag run status:running
[2025-02-19T18:55:23.206+0000] {taskinstance.py:732} INFO - ::endgroup::
[2025-02-19T18:55:23.206+0000] {sql.py:295} INFO - Executing: 
            delete from stock_data where dt = '2025-02-19T18:55:20.676986+00:00' and stock_symbol = 'AAPL';
        
[2025-02-19T18:55:23.209+0000] {base.py:84} INFO - Retrieving connection 'postgres_localhost'
[2025-02-19T18:55:23.212+0000] {base.py:84} INFO - Retrieving connection 'postgres_localhost'
[2025-02-19T18:55:23.218+0000] {sql.py:511} INFO - Running statement: 
            delete from stock_data where dt = '2025-02-19T18:55:20.676986+00:00' and stock_symbol = 'AAPL';
        , parameters: None
[2025-02-19T18:55:23.220+0000] {sql.py:520} INFO - Rows affected: 0
[2025-02-19T18:55:23.224+0000] {logging_mixin.py:190} WARNING - /home/***/.local/lib/python3.12/site-packages/***/providers/common/sql/hooks/sql.py:470 DeprecationWarning: Import of fetch_all_handler from the '***.providers.common.sql.hooks' module is deprecated and will
be removed in the future. Please import it from '***.providers.common.sql.hooks.handlers'.
[2025-02-19T18:55:23.225+0000] {logging_mixin.py:190} WARNING - /home/***/.local/lib/python3.12/site-packages/***/providers/common/sql/hooks/sql.py:471 DeprecationWarning: Import of return_single_query_results from the '***.providers.common.sql.hooks' module is deprecated and will
be removed in the future. Please import it from '***.providers.common.sql.hooks.handlers'.
[2025-02-19T18:55:23.227+0000] {logging_mixin.py:190} WARNING - /home/***/.local/lib/python3.12/site-packages/***/providers/common/sql/hooks/sql.py:486 DeprecationWarning: Import of return_single_query_results from the '***.providers.common.sql.hooks' module is deprecated and will
be removed in the future. Please import it from '***.providers.common.sql.hooks.handlers'.
[2025-02-19T18:55:23.228+0000] {logging_mixin.py:190} WARNING - /home/***/.local/lib/python3.12/site-packages/***/providers/common/sql/operators/sql.py:311 DeprecationWarning: Import of return_single_query_results from the '***.providers.common.sql.hooks' module is deprecated and will
be removed in the future. Please import it from '***.providers.common.sql.hooks.handlers'.
[2025-02-19T18:55:23.232+0000] {taskinstance.py:341} INFO - ::group::Post task execution logs
[2025-02-19T18:55:23.232+0000] {taskinstance.py:353} INFO - Marking task as SUCCESS. dag_id=dag_yfinance, task_id=delete_stock_data_from_table, run_id=manual__2025-02-19T18:55:20.676986+00:00, execution_date=20250219T185520, start_date=20250219T185523, end_date=20250219T185523
[2025-02-19T18:55:23.248+0000] {logging_mixin.py:190} INFO - Task instance in success state
[2025-02-19T18:55:23.248+0000] {logging_mixin.py:190} INFO -  Previous state of the Task instance: running
[2025-02-19T18:55:23.248+0000] {logging_mixin.py:190} INFO - Dag name:dag_yfinance queued_at:2025-02-19 18:55:20.983827+00:00
[2025-02-19T18:55:23.248+0000] {logging_mixin.py:190} INFO - Task hostname:07747019ad3d operator:SQLExecuteQueryOperator
[2025-02-19T18:55:23.257+0000] {local_task_job_runner.py:266} INFO - Task exited with return code 0
[2025-02-19T18:55:23.269+0000] {taskinstance.py:3901} INFO - 1 downstream tasks scheduled from follow-on schedule check
[2025-02-19T18:55:23.270+0000] {local_task_job_runner.py:245} INFO - ::endgroup::
