[2025-02-19T19:10:18.998+0000] {local_task_job_runner.py:123} INFO - ::group::Pre task execution logs
[2025-02-19T19:10:19.007+0000] {taskinstance.py:2614} INFO - Dependencies all met for dep_context=non-requeueable deps ti=<TaskInstance: dag_yfinance.delete_stock_data_from_table manual__2025-02-19T19:10:15.096476+00:00 [queued]>
[2025-02-19T19:10:19.013+0000] {taskinstance.py:2614} INFO - Dependencies all met for dep_context=requeueable deps ti=<TaskInstance: dag_yfinance.delete_stock_data_from_table manual__2025-02-19T19:10:15.096476+00:00 [queued]>
[2025-02-19T19:10:19.013+0000] {taskinstance.py:2867} INFO - Starting attempt 1 of 6
[2025-02-19T19:10:19.018+0000] {taskinstance.py:2890} INFO - Executing <Task(SQLExecuteQueryOperator): delete_stock_data_from_table> on 2025-02-19 19:10:15.096476+00:00
[2025-02-19T19:10:19.022+0000] {logging_mixin.py:190} WARNING - /home/***/.local/lib/python3.12/site-packages/***/task/task_runner/standard_task_runner.py:70 DeprecationWarning: This process (pid=11590) is multi-threaded, use of fork() may lead to deadlocks in the child.
[2025-02-19T19:10:19.023+0000] {standard_task_runner.py:72} INFO - Started process 11593 to run task
[2025-02-19T19:10:19.023+0000] {standard_task_runner.py:104} INFO - Running: ['***', 'tasks', 'run', 'dag_yfinance', 'delete_stock_data_from_table', 'manual__2025-02-19T19:10:15.096476+00:00', '--job-id', '60', '--raw', '--subdir', 'DAGS_FOLDER/DAG1.py', '--cfg-path', '/tmp/tmp3nr5_6qv']
[2025-02-19T19:10:19.023+0000] {standard_task_runner.py:105} INFO - Job 60: Subtask delete_stock_data_from_table
[2025-02-19T19:10:19.044+0000] {task_command.py:467} INFO - Running <TaskInstance: dag_yfinance.delete_stock_data_from_table manual__2025-02-19T19:10:15.096476+00:00 [running]> on host 07747019ad3d
[2025-02-19T19:10:19.073+0000] {taskinstance.py:3134} INFO - Exporting env vars: AIRFLOW_CTX_DAG_OWNER='admin' AIRFLOW_CTX_DAG_ID='dag_yfinance' AIRFLOW_CTX_TASK_ID='delete_stock_data_from_table' AIRFLOW_CTX_EXECUTION_DATE='2025-02-19T19:10:15.096476+00:00' AIRFLOW_CTX_TRY_NUMBER='1' AIRFLOW_CTX_DAG_RUN_ID='manual__2025-02-19T19:10:15.096476+00:00'
[2025-02-19T19:10:19.074+0000] {logging_mixin.py:190} INFO - Task instance is in running state
[2025-02-19T19:10:19.074+0000] {logging_mixin.py:190} INFO -  Previous state of the Task instance: queued
[2025-02-19T19:10:19.074+0000] {logging_mixin.py:190} INFO - Current task name:delete_stock_data_from_table state:running start_date:2025-02-19 19:10:19.007782+00:00
[2025-02-19T19:10:19.075+0000] {logging_mixin.py:190} INFO - Dag name:dag_yfinance and current dag run status:running
[2025-02-19T19:10:19.075+0000] {taskinstance.py:732} INFO - ::endgroup::
[2025-02-19T19:10:19.075+0000] {sql.py:295} INFO - Executing: 
            delete from stock_data where dt = '2025-02-19T19:10:15.096476+00:00' and stock_symbol = 'AAPL';
        
[2025-02-19T19:10:19.078+0000] {base.py:84} INFO - Retrieving connection 'postgres_localhost'
[2025-02-19T19:10:19.081+0000] {base.py:84} INFO - Retrieving connection 'postgres_localhost'
[2025-02-19T19:10:19.086+0000] {sql.py:511} INFO - Running statement: 
            delete from stock_data where dt = '2025-02-19T19:10:15.096476+00:00' and stock_symbol = 'AAPL';
        , parameters: None
[2025-02-19T19:10:19.088+0000] {sql.py:520} INFO - Rows affected: 0
[2025-02-19T19:10:19.089+0000] {logging_mixin.py:190} WARNING - /home/***/.local/lib/python3.12/site-packages/***/providers/common/sql/hooks/sql.py:470 DeprecationWarning: Import of fetch_all_handler from the '***.providers.common.sql.hooks' module is deprecated and will
be removed in the future. Please import it from '***.providers.common.sql.hooks.handlers'.
[2025-02-19T19:10:19.090+0000] {logging_mixin.py:190} WARNING - /home/***/.local/lib/python3.12/site-packages/***/providers/common/sql/hooks/sql.py:471 DeprecationWarning: Import of return_single_query_results from the '***.providers.common.sql.hooks' module is deprecated and will
be removed in the future. Please import it from '***.providers.common.sql.hooks.handlers'.
[2025-02-19T19:10:19.090+0000] {logging_mixin.py:190} WARNING - /home/***/.local/lib/python3.12/site-packages/***/providers/common/sql/hooks/sql.py:486 DeprecationWarning: Import of return_single_query_results from the '***.providers.common.sql.hooks' module is deprecated and will
be removed in the future. Please import it from '***.providers.common.sql.hooks.handlers'.
[2025-02-19T19:10:19.092+0000] {logging_mixin.py:190} WARNING - /home/***/.local/lib/python3.12/site-packages/***/providers/common/sql/operators/sql.py:311 DeprecationWarning: Import of return_single_query_results from the '***.providers.common.sql.hooks' module is deprecated and will
be removed in the future. Please import it from '***.providers.common.sql.hooks.handlers'.
[2025-02-19T19:10:19.095+0000] {taskinstance.py:341} INFO - ::group::Post task execution logs
[2025-02-19T19:10:19.095+0000] {taskinstance.py:353} INFO - Marking task as SUCCESS. dag_id=dag_yfinance, task_id=delete_stock_data_from_table, run_id=manual__2025-02-19T19:10:15.096476+00:00, execution_date=20250219T191015, start_date=20250219T191019, end_date=20250219T191019
[2025-02-19T19:10:19.103+0000] {logging_mixin.py:190} INFO - Task instance in success state
[2025-02-19T19:10:19.103+0000] {logging_mixin.py:190} INFO -  Previous state of the Task instance: running
[2025-02-19T19:10:19.103+0000] {logging_mixin.py:190} INFO - Dag name:dag_yfinance queued_at:2025-02-19 19:10:15.128185+00:00
[2025-02-19T19:10:19.103+0000] {logging_mixin.py:190} INFO - Task hostname:07747019ad3d operator:SQLExecuteQueryOperator
[2025-02-19T19:10:19.121+0000] {local_task_job_runner.py:266} INFO - Task exited with return code 0
[2025-02-19T19:10:19.131+0000] {taskinstance.py:3901} INFO - 1 downstream tasks scheduled from follow-on schedule check
[2025-02-19T19:10:19.132+0000] {local_task_job_runner.py:245} INFO - ::endgroup::
