[2025-02-19T18:33:03.795+0000] {processor.py:186} INFO - Started process (PID=264) to work on /home/airflow/.local/lib/python3.12/site-packages/airflow/example_dags/example_sensors.py
[2025-02-19T18:33:03.797+0000] {processor.py:914} INFO - Processing file /home/airflow/.local/lib/python3.12/site-packages/airflow/example_dags/example_sensors.py for tasks to queue
[2025-02-19T18:33:03.800+0000] {logging_mixin.py:190} INFO - [2025-02-19T18:33:03.799+0000] {dagbag.py:588} INFO - Filling up the DagBag from /home/airflow/.local/lib/python3.12/site-packages/airflow/example_dags/example_sensors.py
[2025-02-19T18:33:03.813+0000] {processor.py:925} INFO - DAG(s) 'example_sensors' retrieved from /home/airflow/.local/lib/python3.12/site-packages/airflow/example_dags/example_sensors.py
[2025-02-19T18:33:03.843+0000] {logging_mixin.py:190} INFO - [2025-02-19T18:33:03.843+0000] {dag.py:3239} INFO - Sync 1 DAGs
[2025-02-19T18:33:03.851+0000] {logging_mixin.py:190} INFO - [2025-02-19T18:33:03.851+0000] {dag.py:4180} INFO - Setting next_dagrun for example_sensors to None, run_after=None
[2025-02-19T18:33:03.865+0000] {processor.py:208} INFO - Processing /home/airflow/.local/lib/python3.12/site-packages/airflow/example_dags/example_sensors.py took 0.076 seconds
[2025-02-19T18:39:56.808+0000] {processor.py:186} INFO - Started process (PID=257) to work on /home/airflow/.local/lib/python3.12/site-packages/airflow/example_dags/example_sensors.py
[2025-02-19T18:39:56.810+0000] {processor.py:914} INFO - Processing file /home/airflow/.local/lib/python3.12/site-packages/airflow/example_dags/example_sensors.py for tasks to queue
[2025-02-19T18:39:56.811+0000] {logging_mixin.py:190} INFO - [2025-02-19T18:39:56.811+0000] {dagbag.py:588} INFO - Filling up the DagBag from /home/airflow/.local/lib/python3.12/site-packages/airflow/example_dags/example_sensors.py
[2025-02-19T18:39:56.817+0000] {processor.py:925} INFO - DAG(s) 'example_sensors' retrieved from /home/airflow/.local/lib/python3.12/site-packages/airflow/example_dags/example_sensors.py
[2025-02-19T18:39:56.836+0000] {logging_mixin.py:190} INFO - [2025-02-19T18:39:56.836+0000] {dag.py:3239} INFO - Sync 1 DAGs
[2025-02-19T18:39:56.845+0000] {logging_mixin.py:190} INFO - [2025-02-19T18:39:56.845+0000] {dag.py:4180} INFO - Setting next_dagrun for example_sensors to None, run_after=None
[2025-02-19T18:39:56.855+0000] {processor.py:208} INFO - Processing /home/airflow/.local/lib/python3.12/site-packages/airflow/example_dags/example_sensors.py took 0.050 seconds
[2025-02-19T18:40:27.540+0000] {processor.py:186} INFO - Started process (PID=560) to work on /home/airflow/.local/lib/python3.12/site-packages/airflow/example_dags/example_sensors.py
[2025-02-19T18:40:27.541+0000] {processor.py:914} INFO - Processing file /home/airflow/.local/lib/python3.12/site-packages/airflow/example_dags/example_sensors.py for tasks to queue
[2025-02-19T18:40:27.541+0000] {logging_mixin.py:190} INFO - [2025-02-19T18:40:27.541+0000] {dagbag.py:588} INFO - Filling up the DagBag from /home/airflow/.local/lib/python3.12/site-packages/airflow/example_dags/example_sensors.py
[2025-02-19T18:40:27.546+0000] {processor.py:925} INFO - DAG(s) 'example_sensors' retrieved from /home/airflow/.local/lib/python3.12/site-packages/airflow/example_dags/example_sensors.py
[2025-02-19T18:40:27.556+0000] {logging_mixin.py:190} INFO - [2025-02-19T18:40:27.556+0000] {dag.py:3239} INFO - Sync 1 DAGs
[2025-02-19T18:40:27.561+0000] {logging_mixin.py:190} INFO - [2025-02-19T18:40:27.561+0000] {dag.py:4180} INFO - Setting next_dagrun for example_sensors to None, run_after=None
[2025-02-19T18:40:27.568+0000] {processor.py:208} INFO - Processing /home/airflow/.local/lib/python3.12/site-packages/airflow/example_dags/example_sensors.py took 0.029 seconds
[2025-02-19T18:40:58.516+0000] {processor.py:186} INFO - Started process (PID=854) to work on /home/airflow/.local/lib/python3.12/site-packages/airflow/example_dags/example_sensors.py
[2025-02-19T18:40:58.519+0000] {processor.py:914} INFO - Processing file /home/airflow/.local/lib/python3.12/site-packages/airflow/example_dags/example_sensors.py for tasks to queue
[2025-02-19T18:40:58.520+0000] {logging_mixin.py:190} INFO - [2025-02-19T18:40:58.519+0000] {dagbag.py:588} INFO - Filling up the DagBag from /home/airflow/.local/lib/python3.12/site-packages/airflow/example_dags/example_sensors.py
[2025-02-19T18:40:58.524+0000] {processor.py:925} INFO - DAG(s) 'example_sensors' retrieved from /home/airflow/.local/lib/python3.12/site-packages/airflow/example_dags/example_sensors.py
[2025-02-19T18:40:58.539+0000] {logging_mixin.py:190} INFO - [2025-02-19T18:40:58.539+0000] {dag.py:3239} INFO - Sync 1 DAGs
[2025-02-19T18:40:58.545+0000] {logging_mixin.py:190} INFO - [2025-02-19T18:40:58.545+0000] {dag.py:4180} INFO - Setting next_dagrun for example_sensors to None, run_after=None
[2025-02-19T18:40:58.552+0000] {processor.py:208} INFO - Processing /home/airflow/.local/lib/python3.12/site-packages/airflow/example_dags/example_sensors.py took 0.040 seconds
[2025-02-19T18:41:29.177+0000] {processor.py:186} INFO - Started process (PID=1152) to work on /home/airflow/.local/lib/python3.12/site-packages/airflow/example_dags/example_sensors.py
[2025-02-19T18:41:29.178+0000] {processor.py:914} INFO - Processing file /home/airflow/.local/lib/python3.12/site-packages/airflow/example_dags/example_sensors.py for tasks to queue
[2025-02-19T18:41:29.179+0000] {logging_mixin.py:190} INFO - [2025-02-19T18:41:29.179+0000] {dagbag.py:588} INFO - Filling up the DagBag from /home/airflow/.local/lib/python3.12/site-packages/airflow/example_dags/example_sensors.py
[2025-02-19T18:41:29.184+0000] {processor.py:925} INFO - DAG(s) 'example_sensors' retrieved from /home/airflow/.local/lib/python3.12/site-packages/airflow/example_dags/example_sensors.py
[2025-02-19T18:41:29.197+0000] {logging_mixin.py:190} INFO - [2025-02-19T18:41:29.197+0000] {dag.py:3239} INFO - Sync 1 DAGs
[2025-02-19T18:41:29.204+0000] {logging_mixin.py:190} INFO - [2025-02-19T18:41:29.204+0000] {dag.py:4180} INFO - Setting next_dagrun for example_sensors to None, run_after=None
[2025-02-19T18:41:29.215+0000] {processor.py:208} INFO - Processing /home/airflow/.local/lib/python3.12/site-packages/airflow/example_dags/example_sensors.py took 0.040 seconds
[2025-02-19T18:41:59.680+0000] {processor.py:186} INFO - Started process (PID=1446) to work on /home/airflow/.local/lib/python3.12/site-packages/airflow/example_dags/example_sensors.py
[2025-02-19T18:41:59.681+0000] {processor.py:914} INFO - Processing file /home/airflow/.local/lib/python3.12/site-packages/airflow/example_dags/example_sensors.py for tasks to queue
[2025-02-19T18:41:59.681+0000] {logging_mixin.py:190} INFO - [2025-02-19T18:41:59.681+0000] {dagbag.py:588} INFO - Filling up the DagBag from /home/airflow/.local/lib/python3.12/site-packages/airflow/example_dags/example_sensors.py
[2025-02-19T18:41:59.688+0000] {processor.py:925} INFO - DAG(s) 'example_sensors' retrieved from /home/airflow/.local/lib/python3.12/site-packages/airflow/example_dags/example_sensors.py
[2025-02-19T18:41:59.698+0000] {logging_mixin.py:190} INFO - [2025-02-19T18:41:59.698+0000] {dag.py:3239} INFO - Sync 1 DAGs
[2025-02-19T18:41:59.703+0000] {logging_mixin.py:190} INFO - [2025-02-19T18:41:59.703+0000] {dag.py:4180} INFO - Setting next_dagrun for example_sensors to None, run_after=None
[2025-02-19T18:41:59.711+0000] {processor.py:208} INFO - Processing /home/airflow/.local/lib/python3.12/site-packages/airflow/example_dags/example_sensors.py took 0.034 seconds
[2025-02-19T18:42:30.105+0000] {processor.py:186} INFO - Started process (PID=1744) to work on /home/airflow/.local/lib/python3.12/site-packages/airflow/example_dags/example_sensors.py
[2025-02-19T18:42:30.106+0000] {processor.py:914} INFO - Processing file /home/airflow/.local/lib/python3.12/site-packages/airflow/example_dags/example_sensors.py for tasks to queue
[2025-02-19T18:42:30.106+0000] {logging_mixin.py:190} INFO - [2025-02-19T18:42:30.106+0000] {dagbag.py:588} INFO - Filling up the DagBag from /home/airflow/.local/lib/python3.12/site-packages/airflow/example_dags/example_sensors.py
[2025-02-19T18:42:30.111+0000] {processor.py:925} INFO - DAG(s) 'example_sensors' retrieved from /home/airflow/.local/lib/python3.12/site-packages/airflow/example_dags/example_sensors.py
[2025-02-19T18:42:30.124+0000] {logging_mixin.py:190} INFO - [2025-02-19T18:42:30.124+0000] {dag.py:3239} INFO - Sync 1 DAGs
[2025-02-19T18:42:30.131+0000] {logging_mixin.py:190} INFO - [2025-02-19T18:42:30.131+0000] {dag.py:4180} INFO - Setting next_dagrun for example_sensors to None, run_after=None
[2025-02-19T18:42:30.140+0000] {processor.py:208} INFO - Processing /home/airflow/.local/lib/python3.12/site-packages/airflow/example_dags/example_sensors.py took 0.037 seconds
[2025-02-19T18:43:00.515+0000] {processor.py:186} INFO - Started process (PID=2038) to work on /home/airflow/.local/lib/python3.12/site-packages/airflow/example_dags/example_sensors.py
[2025-02-19T18:43:00.515+0000] {processor.py:914} INFO - Processing file /home/airflow/.local/lib/python3.12/site-packages/airflow/example_dags/example_sensors.py for tasks to queue
[2025-02-19T18:43:00.517+0000] {logging_mixin.py:190} INFO - [2025-02-19T18:43:00.516+0000] {dagbag.py:588} INFO - Filling up the DagBag from /home/airflow/.local/lib/python3.12/site-packages/airflow/example_dags/example_sensors.py
[2025-02-19T18:43:00.521+0000] {processor.py:925} INFO - DAG(s) 'example_sensors' retrieved from /home/airflow/.local/lib/python3.12/site-packages/airflow/example_dags/example_sensors.py
[2025-02-19T18:43:00.532+0000] {logging_mixin.py:190} INFO - [2025-02-19T18:43:00.532+0000] {dag.py:3239} INFO - Sync 1 DAGs
[2025-02-19T18:43:00.541+0000] {logging_mixin.py:190} INFO - [2025-02-19T18:43:00.541+0000] {dag.py:4180} INFO - Setting next_dagrun for example_sensors to None, run_after=None
[2025-02-19T18:43:00.552+0000] {processor.py:208} INFO - Processing /home/airflow/.local/lib/python3.12/site-packages/airflow/example_dags/example_sensors.py took 0.039 seconds
[2025-02-19T18:43:30.937+0000] {processor.py:186} INFO - Started process (PID=2334) to work on /home/airflow/.local/lib/python3.12/site-packages/airflow/example_dags/example_sensors.py
[2025-02-19T18:43:30.940+0000] {processor.py:914} INFO - Processing file /home/airflow/.local/lib/python3.12/site-packages/airflow/example_dags/example_sensors.py for tasks to queue
[2025-02-19T18:43:30.942+0000] {logging_mixin.py:190} INFO - [2025-02-19T18:43:30.942+0000] {dagbag.py:588} INFO - Filling up the DagBag from /home/airflow/.local/lib/python3.12/site-packages/airflow/example_dags/example_sensors.py
[2025-02-19T18:43:30.947+0000] {processor.py:925} INFO - DAG(s) 'example_sensors' retrieved from /home/airflow/.local/lib/python3.12/site-packages/airflow/example_dags/example_sensors.py
[2025-02-19T18:43:30.960+0000] {logging_mixin.py:190} INFO - [2025-02-19T18:43:30.960+0000] {dag.py:3239} INFO - Sync 1 DAGs
[2025-02-19T18:43:30.965+0000] {logging_mixin.py:190} INFO - [2025-02-19T18:43:30.965+0000] {dag.py:4180} INFO - Setting next_dagrun for example_sensors to None, run_after=None
[2025-02-19T18:43:30.972+0000] {processor.py:208} INFO - Processing /home/airflow/.local/lib/python3.12/site-packages/airflow/example_dags/example_sensors.py took 0.038 seconds
[2025-02-19T18:44:01.420+0000] {processor.py:186} INFO - Started process (PID=2630) to work on /home/airflow/.local/lib/python3.12/site-packages/airflow/example_dags/example_sensors.py
[2025-02-19T18:44:01.423+0000] {processor.py:914} INFO - Processing file /home/airflow/.local/lib/python3.12/site-packages/airflow/example_dags/example_sensors.py for tasks to queue
[2025-02-19T18:44:01.424+0000] {logging_mixin.py:190} INFO - [2025-02-19T18:44:01.424+0000] {dagbag.py:588} INFO - Filling up the DagBag from /home/airflow/.local/lib/python3.12/site-packages/airflow/example_dags/example_sensors.py
[2025-02-19T18:44:01.428+0000] {processor.py:925} INFO - DAG(s) 'example_sensors' retrieved from /home/airflow/.local/lib/python3.12/site-packages/airflow/example_dags/example_sensors.py
[2025-02-19T18:44:01.442+0000] {logging_mixin.py:190} INFO - [2025-02-19T18:44:01.442+0000] {dag.py:3239} INFO - Sync 1 DAGs
[2025-02-19T18:44:01.448+0000] {logging_mixin.py:190} INFO - [2025-02-19T18:44:01.447+0000] {dag.py:4180} INFO - Setting next_dagrun for example_sensors to None, run_after=None
[2025-02-19T18:44:01.454+0000] {processor.py:208} INFO - Processing /home/airflow/.local/lib/python3.12/site-packages/airflow/example_dags/example_sensors.py took 0.037 seconds
[2025-02-19T18:44:31.905+0000] {processor.py:186} INFO - Started process (PID=2928) to work on /home/airflow/.local/lib/python3.12/site-packages/airflow/example_dags/example_sensors.py
[2025-02-19T18:44:31.906+0000] {processor.py:914} INFO - Processing file /home/airflow/.local/lib/python3.12/site-packages/airflow/example_dags/example_sensors.py for tasks to queue
[2025-02-19T18:44:31.906+0000] {logging_mixin.py:190} INFO - [2025-02-19T18:44:31.906+0000] {dagbag.py:588} INFO - Filling up the DagBag from /home/airflow/.local/lib/python3.12/site-packages/airflow/example_dags/example_sensors.py
[2025-02-19T18:44:31.911+0000] {processor.py:925} INFO - DAG(s) 'example_sensors' retrieved from /home/airflow/.local/lib/python3.12/site-packages/airflow/example_dags/example_sensors.py
[2025-02-19T18:44:31.922+0000] {logging_mixin.py:190} INFO - [2025-02-19T18:44:31.922+0000] {dag.py:3239} INFO - Sync 1 DAGs
[2025-02-19T18:44:31.928+0000] {logging_mixin.py:190} INFO - [2025-02-19T18:44:31.927+0000] {dag.py:4180} INFO - Setting next_dagrun for example_sensors to None, run_after=None
[2025-02-19T18:44:31.936+0000] {processor.py:208} INFO - Processing /home/airflow/.local/lib/python3.12/site-packages/airflow/example_dags/example_sensors.py took 0.034 seconds
[2025-02-19T18:45:02.335+0000] {processor.py:186} INFO - Started process (PID=3222) to work on /home/airflow/.local/lib/python3.12/site-packages/airflow/example_dags/example_sensors.py
[2025-02-19T18:45:02.338+0000] {processor.py:914} INFO - Processing file /home/airflow/.local/lib/python3.12/site-packages/airflow/example_dags/example_sensors.py for tasks to queue
[2025-02-19T18:45:02.340+0000] {logging_mixin.py:190} INFO - [2025-02-19T18:45:02.339+0000] {dagbag.py:588} INFO - Filling up the DagBag from /home/airflow/.local/lib/python3.12/site-packages/airflow/example_dags/example_sensors.py
[2025-02-19T18:45:02.345+0000] {processor.py:925} INFO - DAG(s) 'example_sensors' retrieved from /home/airflow/.local/lib/python3.12/site-packages/airflow/example_dags/example_sensors.py
[2025-02-19T18:45:02.356+0000] {logging_mixin.py:190} INFO - [2025-02-19T18:45:02.356+0000] {dag.py:3239} INFO - Sync 1 DAGs
[2025-02-19T18:45:02.362+0000] {logging_mixin.py:190} INFO - [2025-02-19T18:45:02.362+0000] {dag.py:4180} INFO - Setting next_dagrun for example_sensors to None, run_after=None
[2025-02-19T18:45:02.368+0000] {processor.py:208} INFO - Processing /home/airflow/.local/lib/python3.12/site-packages/airflow/example_dags/example_sensors.py took 0.035 seconds
[2025-02-19T18:45:32.818+0000] {processor.py:186} INFO - Started process (PID=3520) to work on /home/airflow/.local/lib/python3.12/site-packages/airflow/example_dags/example_sensors.py
[2025-02-19T18:45:32.819+0000] {processor.py:914} INFO - Processing file /home/airflow/.local/lib/python3.12/site-packages/airflow/example_dags/example_sensors.py for tasks to queue
[2025-02-19T18:45:32.819+0000] {logging_mixin.py:190} INFO - [2025-02-19T18:45:32.819+0000] {dagbag.py:588} INFO - Filling up the DagBag from /home/airflow/.local/lib/python3.12/site-packages/airflow/example_dags/example_sensors.py
[2025-02-19T18:45:32.824+0000] {processor.py:925} INFO - DAG(s) 'example_sensors' retrieved from /home/airflow/.local/lib/python3.12/site-packages/airflow/example_dags/example_sensors.py
[2025-02-19T18:45:32.833+0000] {logging_mixin.py:190} INFO - [2025-02-19T18:45:32.833+0000] {dag.py:3239} INFO - Sync 1 DAGs
[2025-02-19T18:45:32.838+0000] {logging_mixin.py:190} INFO - [2025-02-19T18:45:32.838+0000] {dag.py:4180} INFO - Setting next_dagrun for example_sensors to None, run_after=None
[2025-02-19T18:45:32.844+0000] {processor.py:208} INFO - Processing /home/airflow/.local/lib/python3.12/site-packages/airflow/example_dags/example_sensors.py took 0.028 seconds
[2025-02-19T18:46:03.321+0000] {processor.py:186} INFO - Started process (PID=3816) to work on /home/airflow/.local/lib/python3.12/site-packages/airflow/example_dags/example_sensors.py
[2025-02-19T18:46:03.322+0000] {processor.py:914} INFO - Processing file /home/airflow/.local/lib/python3.12/site-packages/airflow/example_dags/example_sensors.py for tasks to queue
[2025-02-19T18:46:03.324+0000] {logging_mixin.py:190} INFO - [2025-02-19T18:46:03.324+0000] {dagbag.py:588} INFO - Filling up the DagBag from /home/airflow/.local/lib/python3.12/site-packages/airflow/example_dags/example_sensors.py
[2025-02-19T18:46:03.329+0000] {processor.py:925} INFO - DAG(s) 'example_sensors' retrieved from /home/airflow/.local/lib/python3.12/site-packages/airflow/example_dags/example_sensors.py
[2025-02-19T18:46:03.343+0000] {logging_mixin.py:190} INFO - [2025-02-19T18:46:03.343+0000] {dag.py:3239} INFO - Sync 1 DAGs
[2025-02-19T18:46:03.354+0000] {logging_mixin.py:190} INFO - [2025-02-19T18:46:03.353+0000] {dag.py:4180} INFO - Setting next_dagrun for example_sensors to None, run_after=None
[2025-02-19T18:46:03.366+0000] {processor.py:208} INFO - Processing /home/airflow/.local/lib/python3.12/site-packages/airflow/example_dags/example_sensors.py took 0.048 seconds
[2025-02-19T18:46:33.881+0000] {processor.py:186} INFO - Started process (PID=4110) to work on /home/airflow/.local/lib/python3.12/site-packages/airflow/example_dags/example_sensors.py
[2025-02-19T18:46:33.884+0000] {processor.py:914} INFO - Processing file /home/airflow/.local/lib/python3.12/site-packages/airflow/example_dags/example_sensors.py for tasks to queue
[2025-02-19T18:46:33.885+0000] {logging_mixin.py:190} INFO - [2025-02-19T18:46:33.884+0000] {dagbag.py:588} INFO - Filling up the DagBag from /home/airflow/.local/lib/python3.12/site-packages/airflow/example_dags/example_sensors.py
[2025-02-19T18:46:33.891+0000] {processor.py:925} INFO - DAG(s) 'example_sensors' retrieved from /home/airflow/.local/lib/python3.12/site-packages/airflow/example_dags/example_sensors.py
[2025-02-19T18:46:33.905+0000] {logging_mixin.py:190} INFO - [2025-02-19T18:46:33.905+0000] {dag.py:3239} INFO - Sync 1 DAGs
[2025-02-19T18:46:33.910+0000] {logging_mixin.py:190} INFO - [2025-02-19T18:46:33.910+0000] {dag.py:4180} INFO - Setting next_dagrun for example_sensors to None, run_after=None
[2025-02-19T18:46:33.917+0000] {processor.py:208} INFO - Processing /home/airflow/.local/lib/python3.12/site-packages/airflow/example_dags/example_sensors.py took 0.039 seconds
[2025-02-19T18:47:04.347+0000] {processor.py:186} INFO - Started process (PID=4406) to work on /home/airflow/.local/lib/python3.12/site-packages/airflow/example_dags/example_sensors.py
[2025-02-19T18:47:04.350+0000] {processor.py:914} INFO - Processing file /home/airflow/.local/lib/python3.12/site-packages/airflow/example_dags/example_sensors.py for tasks to queue
[2025-02-19T18:47:04.351+0000] {logging_mixin.py:190} INFO - [2025-02-19T18:47:04.350+0000] {dagbag.py:588} INFO - Filling up the DagBag from /home/airflow/.local/lib/python3.12/site-packages/airflow/example_dags/example_sensors.py
[2025-02-19T18:47:04.355+0000] {processor.py:925} INFO - DAG(s) 'example_sensors' retrieved from /home/airflow/.local/lib/python3.12/site-packages/airflow/example_dags/example_sensors.py
[2025-02-19T18:47:04.366+0000] {logging_mixin.py:190} INFO - [2025-02-19T18:47:04.366+0000] {dag.py:3239} INFO - Sync 1 DAGs
[2025-02-19T18:47:04.373+0000] {logging_mixin.py:190} INFO - [2025-02-19T18:47:04.373+0000] {dag.py:4180} INFO - Setting next_dagrun for example_sensors to None, run_after=None
[2025-02-19T18:47:04.379+0000] {processor.py:208} INFO - Processing /home/airflow/.local/lib/python3.12/site-packages/airflow/example_dags/example_sensors.py took 0.035 seconds
[2025-02-19T18:47:34.698+0000] {processor.py:186} INFO - Started process (PID=4702) to work on /home/airflow/.local/lib/python3.12/site-packages/airflow/example_dags/example_sensors.py
[2025-02-19T18:47:34.699+0000] {processor.py:914} INFO - Processing file /home/airflow/.local/lib/python3.12/site-packages/airflow/example_dags/example_sensors.py for tasks to queue
[2025-02-19T18:47:34.700+0000] {logging_mixin.py:190} INFO - [2025-02-19T18:47:34.699+0000] {dagbag.py:588} INFO - Filling up the DagBag from /home/airflow/.local/lib/python3.12/site-packages/airflow/example_dags/example_sensors.py
[2025-02-19T18:47:34.705+0000] {processor.py:925} INFO - DAG(s) 'example_sensors' retrieved from /home/airflow/.local/lib/python3.12/site-packages/airflow/example_dags/example_sensors.py
[2025-02-19T18:47:34.715+0000] {logging_mixin.py:190} INFO - [2025-02-19T18:47:34.715+0000] {dag.py:3239} INFO - Sync 1 DAGs
[2025-02-19T18:47:34.721+0000] {logging_mixin.py:190} INFO - [2025-02-19T18:47:34.721+0000] {dag.py:4180} INFO - Setting next_dagrun for example_sensors to None, run_after=None
[2025-02-19T18:47:34.728+0000] {processor.py:208} INFO - Processing /home/airflow/.local/lib/python3.12/site-packages/airflow/example_dags/example_sensors.py took 0.033 seconds
[2025-02-19T18:48:04.978+0000] {processor.py:186} INFO - Started process (PID=4998) to work on /home/airflow/.local/lib/python3.12/site-packages/airflow/example_dags/example_sensors.py
[2025-02-19T18:48:04.979+0000] {processor.py:914} INFO - Processing file /home/airflow/.local/lib/python3.12/site-packages/airflow/example_dags/example_sensors.py for tasks to queue
[2025-02-19T18:48:04.980+0000] {logging_mixin.py:190} INFO - [2025-02-19T18:48:04.980+0000] {dagbag.py:588} INFO - Filling up the DagBag from /home/airflow/.local/lib/python3.12/site-packages/airflow/example_dags/example_sensors.py
[2025-02-19T18:48:04.990+0000] {processor.py:925} INFO - DAG(s) 'example_sensors' retrieved from /home/airflow/.local/lib/python3.12/site-packages/airflow/example_dags/example_sensors.py
[2025-02-19T18:48:05.002+0000] {logging_mixin.py:190} INFO - [2025-02-19T18:48:05.002+0000] {dag.py:3239} INFO - Sync 1 DAGs
[2025-02-19T18:48:05.007+0000] {logging_mixin.py:190} INFO - [2025-02-19T18:48:05.007+0000] {dag.py:4180} INFO - Setting next_dagrun for example_sensors to None, run_after=None
[2025-02-19T18:48:05.013+0000] {processor.py:208} INFO - Processing /home/airflow/.local/lib/python3.12/site-packages/airflow/example_dags/example_sensors.py took 0.037 seconds
[2025-02-19T18:48:35.534+0000] {processor.py:186} INFO - Started process (PID=5294) to work on /home/airflow/.local/lib/python3.12/site-packages/airflow/example_dags/example_sensors.py
[2025-02-19T18:48:35.535+0000] {processor.py:914} INFO - Processing file /home/airflow/.local/lib/python3.12/site-packages/airflow/example_dags/example_sensors.py for tasks to queue
[2025-02-19T18:48:35.537+0000] {logging_mixin.py:190} INFO - [2025-02-19T18:48:35.537+0000] {dagbag.py:588} INFO - Filling up the DagBag from /home/airflow/.local/lib/python3.12/site-packages/airflow/example_dags/example_sensors.py
[2025-02-19T18:48:35.543+0000] {processor.py:925} INFO - DAG(s) 'example_sensors' retrieved from /home/airflow/.local/lib/python3.12/site-packages/airflow/example_dags/example_sensors.py
[2025-02-19T18:48:35.555+0000] {logging_mixin.py:190} INFO - [2025-02-19T18:48:35.555+0000] {dag.py:3239} INFO - Sync 1 DAGs
[2025-02-19T18:48:35.561+0000] {logging_mixin.py:190} INFO - [2025-02-19T18:48:35.561+0000] {dag.py:4180} INFO - Setting next_dagrun for example_sensors to None, run_after=None
[2025-02-19T18:48:35.574+0000] {processor.py:208} INFO - Processing /home/airflow/.local/lib/python3.12/site-packages/airflow/example_dags/example_sensors.py took 0.043 seconds
[2025-02-19T18:49:06.014+0000] {processor.py:186} INFO - Started process (PID=5590) to work on /home/airflow/.local/lib/python3.12/site-packages/airflow/example_dags/example_sensors.py
[2025-02-19T18:49:06.015+0000] {processor.py:914} INFO - Processing file /home/airflow/.local/lib/python3.12/site-packages/airflow/example_dags/example_sensors.py for tasks to queue
[2025-02-19T18:49:06.016+0000] {logging_mixin.py:190} INFO - [2025-02-19T18:49:06.016+0000] {dagbag.py:588} INFO - Filling up the DagBag from /home/airflow/.local/lib/python3.12/site-packages/airflow/example_dags/example_sensors.py
[2025-02-19T18:49:06.021+0000] {processor.py:925} INFO - DAG(s) 'example_sensors' retrieved from /home/airflow/.local/lib/python3.12/site-packages/airflow/example_dags/example_sensors.py
[2025-02-19T18:49:06.035+0000] {logging_mixin.py:190} INFO - [2025-02-19T18:49:06.035+0000] {dag.py:3239} INFO - Sync 1 DAGs
[2025-02-19T18:49:06.040+0000] {logging_mixin.py:190} INFO - [2025-02-19T18:49:06.040+0000] {dag.py:4180} INFO - Setting next_dagrun for example_sensors to None, run_after=None
[2025-02-19T18:49:06.046+0000] {processor.py:208} INFO - Processing /home/airflow/.local/lib/python3.12/site-packages/airflow/example_dags/example_sensors.py took 0.035 seconds
[2025-02-19T18:49:36.548+0000] {processor.py:186} INFO - Started process (PID=5886) to work on /home/airflow/.local/lib/python3.12/site-packages/airflow/example_dags/example_sensors.py
[2025-02-19T18:49:36.549+0000] {processor.py:914} INFO - Processing file /home/airflow/.local/lib/python3.12/site-packages/airflow/example_dags/example_sensors.py for tasks to queue
[2025-02-19T18:49:36.550+0000] {logging_mixin.py:190} INFO - [2025-02-19T18:49:36.550+0000] {dagbag.py:588} INFO - Filling up the DagBag from /home/airflow/.local/lib/python3.12/site-packages/airflow/example_dags/example_sensors.py
[2025-02-19T18:49:36.555+0000] {processor.py:925} INFO - DAG(s) 'example_sensors' retrieved from /home/airflow/.local/lib/python3.12/site-packages/airflow/example_dags/example_sensors.py
[2025-02-19T18:49:36.569+0000] {logging_mixin.py:190} INFO - [2025-02-19T18:49:36.569+0000] {dag.py:3239} INFO - Sync 1 DAGs
[2025-02-19T18:49:36.576+0000] {logging_mixin.py:190} INFO - [2025-02-19T18:49:36.576+0000] {dag.py:4180} INFO - Setting next_dagrun for example_sensors to None, run_after=None
[2025-02-19T18:49:36.585+0000] {processor.py:208} INFO - Processing /home/airflow/.local/lib/python3.12/site-packages/airflow/example_dags/example_sensors.py took 0.040 seconds
[2025-02-19T18:50:07.293+0000] {processor.py:186} INFO - Started process (PID=6182) to work on /home/airflow/.local/lib/python3.12/site-packages/airflow/example_dags/example_sensors.py
[2025-02-19T18:50:07.293+0000] {processor.py:914} INFO - Processing file /home/airflow/.local/lib/python3.12/site-packages/airflow/example_dags/example_sensors.py for tasks to queue
[2025-02-19T18:50:07.294+0000] {logging_mixin.py:190} INFO - [2025-02-19T18:50:07.294+0000] {dagbag.py:588} INFO - Filling up the DagBag from /home/airflow/.local/lib/python3.12/site-packages/airflow/example_dags/example_sensors.py
[2025-02-19T18:50:07.299+0000] {processor.py:925} INFO - DAG(s) 'example_sensors' retrieved from /home/airflow/.local/lib/python3.12/site-packages/airflow/example_dags/example_sensors.py
[2025-02-19T18:50:07.311+0000] {logging_mixin.py:190} INFO - [2025-02-19T18:50:07.311+0000] {dag.py:3239} INFO - Sync 1 DAGs
[2025-02-19T18:50:07.317+0000] {logging_mixin.py:190} INFO - [2025-02-19T18:50:07.317+0000] {dag.py:4180} INFO - Setting next_dagrun for example_sensors to None, run_after=None
[2025-02-19T18:50:07.328+0000] {processor.py:208} INFO - Processing /home/airflow/.local/lib/python3.12/site-packages/airflow/example_dags/example_sensors.py took 0.040 seconds
[2025-02-19T18:50:38.378+0000] {processor.py:186} INFO - Started process (PID=6480) to work on /home/airflow/.local/lib/python3.12/site-packages/airflow/example_dags/example_sensors.py
[2025-02-19T18:50:38.378+0000] {processor.py:914} INFO - Processing file /home/airflow/.local/lib/python3.12/site-packages/airflow/example_dags/example_sensors.py for tasks to queue
[2025-02-19T18:50:38.379+0000] {logging_mixin.py:190} INFO - [2025-02-19T18:50:38.379+0000] {dagbag.py:588} INFO - Filling up the DagBag from /home/airflow/.local/lib/python3.12/site-packages/airflow/example_dags/example_sensors.py
[2025-02-19T18:50:38.386+0000] {processor.py:925} INFO - DAG(s) 'example_sensors' retrieved from /home/airflow/.local/lib/python3.12/site-packages/airflow/example_dags/example_sensors.py
[2025-02-19T18:50:38.399+0000] {logging_mixin.py:190} INFO - [2025-02-19T18:50:38.399+0000] {dag.py:3239} INFO - Sync 1 DAGs
[2025-02-19T18:50:38.405+0000] {logging_mixin.py:190} INFO - [2025-02-19T18:50:38.405+0000] {dag.py:4180} INFO - Setting next_dagrun for example_sensors to None, run_after=None
[2025-02-19T18:50:38.414+0000] {processor.py:208} INFO - Processing /home/airflow/.local/lib/python3.12/site-packages/airflow/example_dags/example_sensors.py took 0.039 seconds
[2025-02-19T18:51:11.672+0000] {processor.py:186} INFO - Started process (PID=258) to work on /home/airflow/.local/lib/python3.12/site-packages/airflow/example_dags/example_sensors.py
[2025-02-19T18:51:11.673+0000] {processor.py:914} INFO - Processing file /home/airflow/.local/lib/python3.12/site-packages/airflow/example_dags/example_sensors.py for tasks to queue
[2025-02-19T18:51:11.679+0000] {logging_mixin.py:190} INFO - [2025-02-19T18:51:11.678+0000] {dagbag.py:588} INFO - Filling up the DagBag from /home/airflow/.local/lib/python3.12/site-packages/airflow/example_dags/example_sensors.py
[2025-02-19T18:51:11.701+0000] {processor.py:925} INFO - DAG(s) 'example_sensors' retrieved from /home/airflow/.local/lib/python3.12/site-packages/airflow/example_dags/example_sensors.py
[2025-02-19T18:51:11.723+0000] {logging_mixin.py:190} INFO - [2025-02-19T18:51:11.723+0000] {dag.py:3239} INFO - Sync 1 DAGs
[2025-02-19T18:51:11.732+0000] {logging_mixin.py:190} INFO - [2025-02-19T18:51:11.732+0000] {dag.py:4180} INFO - Setting next_dagrun for example_sensors to None, run_after=None
[2025-02-19T18:51:11.744+0000] {processor.py:208} INFO - Processing /home/airflow/.local/lib/python3.12/site-packages/airflow/example_dags/example_sensors.py took 0.076 seconds
[2025-02-19T18:51:41.963+0000] {processor.py:186} INFO - Started process (PID=554) to work on /home/airflow/.local/lib/python3.12/site-packages/airflow/example_dags/example_sensors.py
[2025-02-19T18:51:41.964+0000] {processor.py:914} INFO - Processing file /home/airflow/.local/lib/python3.12/site-packages/airflow/example_dags/example_sensors.py for tasks to queue
[2025-02-19T18:51:41.964+0000] {logging_mixin.py:190} INFO - [2025-02-19T18:51:41.964+0000] {dagbag.py:588} INFO - Filling up the DagBag from /home/airflow/.local/lib/python3.12/site-packages/airflow/example_dags/example_sensors.py
[2025-02-19T18:51:41.969+0000] {processor.py:925} INFO - DAG(s) 'example_sensors' retrieved from /home/airflow/.local/lib/python3.12/site-packages/airflow/example_dags/example_sensors.py
[2025-02-19T18:51:41.979+0000] {logging_mixin.py:190} INFO - [2025-02-19T18:51:41.979+0000] {dag.py:3239} INFO - Sync 1 DAGs
[2025-02-19T18:51:41.984+0000] {logging_mixin.py:190} INFO - [2025-02-19T18:51:41.984+0000] {dag.py:4180} INFO - Setting next_dagrun for example_sensors to None, run_after=None
[2025-02-19T18:51:41.992+0000] {processor.py:208} INFO - Processing /home/airflow/.local/lib/python3.12/site-packages/airflow/example_dags/example_sensors.py took 0.031 seconds
[2025-02-19T18:52:12.919+0000] {processor.py:186} INFO - Started process (PID=850) to work on /home/airflow/.local/lib/python3.12/site-packages/airflow/example_dags/example_sensors.py
[2025-02-19T18:52:12.919+0000] {processor.py:914} INFO - Processing file /home/airflow/.local/lib/python3.12/site-packages/airflow/example_dags/example_sensors.py for tasks to queue
[2025-02-19T18:52:12.921+0000] {logging_mixin.py:190} INFO - [2025-02-19T18:52:12.921+0000] {dagbag.py:588} INFO - Filling up the DagBag from /home/airflow/.local/lib/python3.12/site-packages/airflow/example_dags/example_sensors.py
[2025-02-19T18:52:12.927+0000] {processor.py:925} INFO - DAG(s) 'example_sensors' retrieved from /home/airflow/.local/lib/python3.12/site-packages/airflow/example_dags/example_sensors.py
[2025-02-19T18:52:12.942+0000] {logging_mixin.py:190} INFO - [2025-02-19T18:52:12.942+0000] {dag.py:3239} INFO - Sync 1 DAGs
[2025-02-19T18:52:12.951+0000] {logging_mixin.py:190} INFO - [2025-02-19T18:52:12.951+0000] {dag.py:4180} INFO - Setting next_dagrun for example_sensors to None, run_after=None
[2025-02-19T18:52:12.961+0000] {processor.py:208} INFO - Processing /home/airflow/.local/lib/python3.12/site-packages/airflow/example_dags/example_sensors.py took 0.045 seconds
[2025-02-19T18:52:43.769+0000] {processor.py:186} INFO - Started process (PID=1144) to work on /home/airflow/.local/lib/python3.12/site-packages/airflow/example_dags/example_sensors.py
[2025-02-19T18:52:43.770+0000] {processor.py:914} INFO - Processing file /home/airflow/.local/lib/python3.12/site-packages/airflow/example_dags/example_sensors.py for tasks to queue
[2025-02-19T18:52:43.771+0000] {logging_mixin.py:190} INFO - [2025-02-19T18:52:43.771+0000] {dagbag.py:588} INFO - Filling up the DagBag from /home/airflow/.local/lib/python3.12/site-packages/airflow/example_dags/example_sensors.py
[2025-02-19T18:52:43.775+0000] {processor.py:925} INFO - DAG(s) 'example_sensors' retrieved from /home/airflow/.local/lib/python3.12/site-packages/airflow/example_dags/example_sensors.py
[2025-02-19T18:52:43.786+0000] {logging_mixin.py:190} INFO - [2025-02-19T18:52:43.785+0000] {dag.py:3239} INFO - Sync 1 DAGs
[2025-02-19T18:52:43.791+0000] {logging_mixin.py:190} INFO - [2025-02-19T18:52:43.791+0000] {dag.py:4180} INFO - Setting next_dagrun for example_sensors to None, run_after=None
[2025-02-19T18:52:43.804+0000] {processor.py:208} INFO - Processing /home/airflow/.local/lib/python3.12/site-packages/airflow/example_dags/example_sensors.py took 0.038 seconds
[2025-02-19T18:53:14.376+0000] {processor.py:186} INFO - Started process (PID=1440) to work on /home/airflow/.local/lib/python3.12/site-packages/airflow/example_dags/example_sensors.py
[2025-02-19T18:53:14.378+0000] {processor.py:914} INFO - Processing file /home/airflow/.local/lib/python3.12/site-packages/airflow/example_dags/example_sensors.py for tasks to queue
[2025-02-19T18:53:14.379+0000] {logging_mixin.py:190} INFO - [2025-02-19T18:53:14.379+0000] {dagbag.py:588} INFO - Filling up the DagBag from /home/airflow/.local/lib/python3.12/site-packages/airflow/example_dags/example_sensors.py
[2025-02-19T18:53:14.384+0000] {processor.py:925} INFO - DAG(s) 'example_sensors' retrieved from /home/airflow/.local/lib/python3.12/site-packages/airflow/example_dags/example_sensors.py
[2025-02-19T18:53:14.397+0000] {logging_mixin.py:190} INFO - [2025-02-19T18:53:14.397+0000] {dag.py:3239} INFO - Sync 1 DAGs
[2025-02-19T18:53:14.402+0000] {logging_mixin.py:190} INFO - [2025-02-19T18:53:14.402+0000] {dag.py:4180} INFO - Setting next_dagrun for example_sensors to None, run_after=None
[2025-02-19T18:53:14.412+0000] {processor.py:208} INFO - Processing /home/airflow/.local/lib/python3.12/site-packages/airflow/example_dags/example_sensors.py took 0.038 seconds
[2025-02-19T18:53:44.978+0000] {processor.py:186} INFO - Started process (PID=1736) to work on /home/airflow/.local/lib/python3.12/site-packages/airflow/example_dags/example_sensors.py
[2025-02-19T18:53:44.979+0000] {processor.py:914} INFO - Processing file /home/airflow/.local/lib/python3.12/site-packages/airflow/example_dags/example_sensors.py for tasks to queue
[2025-02-19T18:53:44.981+0000] {logging_mixin.py:190} INFO - [2025-02-19T18:53:44.981+0000] {dagbag.py:588} INFO - Filling up the DagBag from /home/airflow/.local/lib/python3.12/site-packages/airflow/example_dags/example_sensors.py
[2025-02-19T18:53:44.986+0000] {processor.py:925} INFO - DAG(s) 'example_sensors' retrieved from /home/airflow/.local/lib/python3.12/site-packages/airflow/example_dags/example_sensors.py
[2025-02-19T18:53:44.996+0000] {logging_mixin.py:190} INFO - [2025-02-19T18:53:44.996+0000] {dag.py:3239} INFO - Sync 1 DAGs
[2025-02-19T18:53:45.002+0000] {logging_mixin.py:190} INFO - [2025-02-19T18:53:45.002+0000] {dag.py:4180} INFO - Setting next_dagrun for example_sensors to None, run_after=None
[2025-02-19T18:53:45.010+0000] {processor.py:208} INFO - Processing /home/airflow/.local/lib/python3.12/site-packages/airflow/example_dags/example_sensors.py took 0.034 seconds
[2025-02-19T18:54:15.768+0000] {processor.py:186} INFO - Started process (PID=2040) to work on /home/airflow/.local/lib/python3.12/site-packages/airflow/example_dags/example_sensors.py
[2025-02-19T18:54:15.768+0000] {processor.py:914} INFO - Processing file /home/airflow/.local/lib/python3.12/site-packages/airflow/example_dags/example_sensors.py for tasks to queue
[2025-02-19T18:54:15.769+0000] {logging_mixin.py:190} INFO - [2025-02-19T18:54:15.769+0000] {dagbag.py:588} INFO - Filling up the DagBag from /home/airflow/.local/lib/python3.12/site-packages/airflow/example_dags/example_sensors.py
[2025-02-19T18:54:15.775+0000] {processor.py:925} INFO - DAG(s) 'example_sensors' retrieved from /home/airflow/.local/lib/python3.12/site-packages/airflow/example_dags/example_sensors.py
[2025-02-19T18:54:15.791+0000] {logging_mixin.py:190} INFO - [2025-02-19T18:54:15.790+0000] {dag.py:3239} INFO - Sync 1 DAGs
[2025-02-19T18:54:15.798+0000] {logging_mixin.py:190} INFO - [2025-02-19T18:54:15.798+0000] {dag.py:4180} INFO - Setting next_dagrun for example_sensors to None, run_after=None
[2025-02-19T18:54:15.806+0000] {processor.py:208} INFO - Processing /home/airflow/.local/lib/python3.12/site-packages/airflow/example_dags/example_sensors.py took 0.042 seconds
[2025-02-19T18:54:46.350+0000] {processor.py:186} INFO - Started process (PID=2334) to work on /home/airflow/.local/lib/python3.12/site-packages/airflow/example_dags/example_sensors.py
[2025-02-19T18:54:46.351+0000] {processor.py:914} INFO - Processing file /home/airflow/.local/lib/python3.12/site-packages/airflow/example_dags/example_sensors.py for tasks to queue
[2025-02-19T18:54:46.353+0000] {logging_mixin.py:190} INFO - [2025-02-19T18:54:46.352+0000] {dagbag.py:588} INFO - Filling up the DagBag from /home/airflow/.local/lib/python3.12/site-packages/airflow/example_dags/example_sensors.py
[2025-02-19T18:54:46.357+0000] {processor.py:925} INFO - DAG(s) 'example_sensors' retrieved from /home/airflow/.local/lib/python3.12/site-packages/airflow/example_dags/example_sensors.py
[2025-02-19T18:54:46.369+0000] {logging_mixin.py:190} INFO - [2025-02-19T18:54:46.369+0000] {dag.py:3239} INFO - Sync 1 DAGs
[2025-02-19T18:54:46.375+0000] {logging_mixin.py:190} INFO - [2025-02-19T18:54:46.375+0000] {dag.py:4180} INFO - Setting next_dagrun for example_sensors to None, run_after=None
[2025-02-19T18:54:46.382+0000] {processor.py:208} INFO - Processing /home/airflow/.local/lib/python3.12/site-packages/airflow/example_dags/example_sensors.py took 0.035 seconds
[2025-02-19T18:55:16.934+0000] {processor.py:186} INFO - Started process (PID=2630) to work on /home/airflow/.local/lib/python3.12/site-packages/airflow/example_dags/example_sensors.py
[2025-02-19T18:55:16.934+0000] {processor.py:914} INFO - Processing file /home/airflow/.local/lib/python3.12/site-packages/airflow/example_dags/example_sensors.py for tasks to queue
[2025-02-19T18:55:16.935+0000] {logging_mixin.py:190} INFO - [2025-02-19T18:55:16.935+0000] {dagbag.py:588} INFO - Filling up the DagBag from /home/airflow/.local/lib/python3.12/site-packages/airflow/example_dags/example_sensors.py
[2025-02-19T18:55:16.941+0000] {processor.py:925} INFO - DAG(s) 'example_sensors' retrieved from /home/airflow/.local/lib/python3.12/site-packages/airflow/example_dags/example_sensors.py
[2025-02-19T18:55:16.952+0000] {logging_mixin.py:190} INFO - [2025-02-19T18:55:16.952+0000] {dag.py:3239} INFO - Sync 1 DAGs
[2025-02-19T18:55:16.959+0000] {logging_mixin.py:190} INFO - [2025-02-19T18:55:16.958+0000] {dag.py:4180} INFO - Setting next_dagrun for example_sensors to None, run_after=None
[2025-02-19T18:55:16.973+0000] {processor.py:208} INFO - Processing /home/airflow/.local/lib/python3.12/site-packages/airflow/example_dags/example_sensors.py took 0.042 seconds
[2025-02-19T18:55:47.541+0000] {processor.py:186} INFO - Started process (PID=2938) to work on /home/airflow/.local/lib/python3.12/site-packages/airflow/example_dags/example_sensors.py
[2025-02-19T18:55:47.541+0000] {processor.py:914} INFO - Processing file /home/airflow/.local/lib/python3.12/site-packages/airflow/example_dags/example_sensors.py for tasks to queue
[2025-02-19T18:55:47.546+0000] {logging_mixin.py:190} INFO - [2025-02-19T18:55:47.545+0000] {dagbag.py:588} INFO - Filling up the DagBag from /home/airflow/.local/lib/python3.12/site-packages/airflow/example_dags/example_sensors.py
[2025-02-19T18:55:47.553+0000] {processor.py:925} INFO - DAG(s) 'example_sensors' retrieved from /home/airflow/.local/lib/python3.12/site-packages/airflow/example_dags/example_sensors.py
[2025-02-19T18:55:47.567+0000] {logging_mixin.py:190} INFO - [2025-02-19T18:55:47.567+0000] {dag.py:3239} INFO - Sync 1 DAGs
[2025-02-19T18:55:47.573+0000] {logging_mixin.py:190} INFO - [2025-02-19T18:55:47.573+0000] {dag.py:4180} INFO - Setting next_dagrun for example_sensors to None, run_after=None
[2025-02-19T18:55:47.581+0000] {processor.py:208} INFO - Processing /home/airflow/.local/lib/python3.12/site-packages/airflow/example_dags/example_sensors.py took 0.044 seconds
[2025-02-19T18:56:18.659+0000] {processor.py:186} INFO - Started process (PID=3245) to work on /home/airflow/.local/lib/python3.12/site-packages/airflow/example_dags/example_sensors.py
[2025-02-19T18:56:18.659+0000] {processor.py:914} INFO - Processing file /home/airflow/.local/lib/python3.12/site-packages/airflow/example_dags/example_sensors.py for tasks to queue
[2025-02-19T18:56:18.660+0000] {logging_mixin.py:190} INFO - [2025-02-19T18:56:18.660+0000] {dagbag.py:588} INFO - Filling up the DagBag from /home/airflow/.local/lib/python3.12/site-packages/airflow/example_dags/example_sensors.py
[2025-02-19T18:56:18.666+0000] {processor.py:925} INFO - DAG(s) 'example_sensors' retrieved from /home/airflow/.local/lib/python3.12/site-packages/airflow/example_dags/example_sensors.py
[2025-02-19T18:56:18.680+0000] {logging_mixin.py:190} INFO - [2025-02-19T18:56:18.680+0000] {dag.py:3239} INFO - Sync 1 DAGs
[2025-02-19T18:56:18.688+0000] {logging_mixin.py:190} INFO - [2025-02-19T18:56:18.688+0000] {dag.py:4180} INFO - Setting next_dagrun for example_sensors to None, run_after=None
[2025-02-19T18:56:18.700+0000] {processor.py:208} INFO - Processing /home/airflow/.local/lib/python3.12/site-packages/airflow/example_dags/example_sensors.py took 0.044 seconds
[2025-02-19T18:56:49.383+0000] {processor.py:186} INFO - Started process (PID=3539) to work on /home/airflow/.local/lib/python3.12/site-packages/airflow/example_dags/example_sensors.py
[2025-02-19T18:56:49.385+0000] {processor.py:914} INFO - Processing file /home/airflow/.local/lib/python3.12/site-packages/airflow/example_dags/example_sensors.py for tasks to queue
[2025-02-19T18:56:49.385+0000] {logging_mixin.py:190} INFO - [2025-02-19T18:56:49.385+0000] {dagbag.py:588} INFO - Filling up the DagBag from /home/airflow/.local/lib/python3.12/site-packages/airflow/example_dags/example_sensors.py
[2025-02-19T18:56:49.392+0000] {processor.py:925} INFO - DAG(s) 'example_sensors' retrieved from /home/airflow/.local/lib/python3.12/site-packages/airflow/example_dags/example_sensors.py
[2025-02-19T18:56:49.406+0000] {logging_mixin.py:190} INFO - [2025-02-19T18:56:49.406+0000] {dag.py:3239} INFO - Sync 1 DAGs
[2025-02-19T18:56:49.412+0000] {logging_mixin.py:190} INFO - [2025-02-19T18:56:49.411+0000] {dag.py:4180} INFO - Setting next_dagrun for example_sensors to None, run_after=None
[2025-02-19T18:56:49.420+0000] {processor.py:208} INFO - Processing /home/airflow/.local/lib/python3.12/site-packages/airflow/example_dags/example_sensors.py took 0.039 seconds
[2025-02-19T18:57:19.922+0000] {processor.py:186} INFO - Started process (PID=3845) to work on /home/airflow/.local/lib/python3.12/site-packages/airflow/example_dags/example_sensors.py
[2025-02-19T18:57:19.923+0000] {processor.py:914} INFO - Processing file /home/airflow/.local/lib/python3.12/site-packages/airflow/example_dags/example_sensors.py for tasks to queue
[2025-02-19T18:57:19.924+0000] {logging_mixin.py:190} INFO - [2025-02-19T18:57:19.924+0000] {dagbag.py:588} INFO - Filling up the DagBag from /home/airflow/.local/lib/python3.12/site-packages/airflow/example_dags/example_sensors.py
[2025-02-19T18:57:19.932+0000] {processor.py:925} INFO - DAG(s) 'example_sensors' retrieved from /home/airflow/.local/lib/python3.12/site-packages/airflow/example_dags/example_sensors.py
[2025-02-19T18:57:19.947+0000] {logging_mixin.py:190} INFO - [2025-02-19T18:57:19.947+0000] {dag.py:3239} INFO - Sync 1 DAGs
[2025-02-19T18:57:19.955+0000] {logging_mixin.py:190} INFO - [2025-02-19T18:57:19.955+0000] {dag.py:4180} INFO - Setting next_dagrun for example_sensors to None, run_after=None
[2025-02-19T18:57:19.967+0000] {processor.py:208} INFO - Processing /home/airflow/.local/lib/python3.12/site-packages/airflow/example_dags/example_sensors.py took 0.048 seconds
[2025-02-19T18:57:50.379+0000] {processor.py:186} INFO - Started process (PID=4140) to work on /home/airflow/.local/lib/python3.12/site-packages/airflow/example_dags/example_sensors.py
[2025-02-19T18:57:50.380+0000] {processor.py:914} INFO - Processing file /home/airflow/.local/lib/python3.12/site-packages/airflow/example_dags/example_sensors.py for tasks to queue
[2025-02-19T18:57:50.381+0000] {logging_mixin.py:190} INFO - [2025-02-19T18:57:50.381+0000] {dagbag.py:588} INFO - Filling up the DagBag from /home/airflow/.local/lib/python3.12/site-packages/airflow/example_dags/example_sensors.py
[2025-02-19T18:57:50.387+0000] {processor.py:925} INFO - DAG(s) 'example_sensors' retrieved from /home/airflow/.local/lib/python3.12/site-packages/airflow/example_dags/example_sensors.py
[2025-02-19T18:57:50.397+0000] {logging_mixin.py:190} INFO - [2025-02-19T18:57:50.397+0000] {dag.py:3239} INFO - Sync 1 DAGs
[2025-02-19T18:57:50.402+0000] {logging_mixin.py:190} INFO - [2025-02-19T18:57:50.402+0000] {dag.py:4180} INFO - Setting next_dagrun for example_sensors to None, run_after=None
[2025-02-19T18:57:50.414+0000] {processor.py:208} INFO - Processing /home/airflow/.local/lib/python3.12/site-packages/airflow/example_dags/example_sensors.py took 0.038 seconds
[2025-02-19T18:58:21.086+0000] {processor.py:186} INFO - Started process (PID=4447) to work on /home/airflow/.local/lib/python3.12/site-packages/airflow/example_dags/example_sensors.py
[2025-02-19T18:58:21.087+0000] {processor.py:914} INFO - Processing file /home/airflow/.local/lib/python3.12/site-packages/airflow/example_dags/example_sensors.py for tasks to queue
[2025-02-19T18:58:21.088+0000] {logging_mixin.py:190} INFO - [2025-02-19T18:58:21.088+0000] {dagbag.py:588} INFO - Filling up the DagBag from /home/airflow/.local/lib/python3.12/site-packages/airflow/example_dags/example_sensors.py
[2025-02-19T18:58:21.093+0000] {processor.py:925} INFO - DAG(s) 'example_sensors' retrieved from /home/airflow/.local/lib/python3.12/site-packages/airflow/example_dags/example_sensors.py
[2025-02-19T18:58:21.105+0000] {logging_mixin.py:190} INFO - [2025-02-19T18:58:21.105+0000] {dag.py:3239} INFO - Sync 1 DAGs
[2025-02-19T18:58:21.111+0000] {logging_mixin.py:190} INFO - [2025-02-19T18:58:21.111+0000] {dag.py:4180} INFO - Setting next_dagrun for example_sensors to None, run_after=None
[2025-02-19T18:58:21.119+0000] {processor.py:208} INFO - Processing /home/airflow/.local/lib/python3.12/site-packages/airflow/example_dags/example_sensors.py took 0.036 seconds
[2025-02-19T18:58:51.647+0000] {processor.py:186} INFO - Started process (PID=4743) to work on /home/airflow/.local/lib/python3.12/site-packages/airflow/example_dags/example_sensors.py
[2025-02-19T18:58:51.647+0000] {processor.py:914} INFO - Processing file /home/airflow/.local/lib/python3.12/site-packages/airflow/example_dags/example_sensors.py for tasks to queue
[2025-02-19T18:58:51.648+0000] {logging_mixin.py:190} INFO - [2025-02-19T18:58:51.648+0000] {dagbag.py:588} INFO - Filling up the DagBag from /home/airflow/.local/lib/python3.12/site-packages/airflow/example_dags/example_sensors.py
[2025-02-19T18:58:51.653+0000] {processor.py:925} INFO - DAG(s) 'example_sensors' retrieved from /home/airflow/.local/lib/python3.12/site-packages/airflow/example_dags/example_sensors.py
[2025-02-19T18:58:51.667+0000] {logging_mixin.py:190} INFO - [2025-02-19T18:58:51.667+0000] {dag.py:3239} INFO - Sync 1 DAGs
[2025-02-19T18:58:51.673+0000] {logging_mixin.py:190} INFO - [2025-02-19T18:58:51.673+0000] {dag.py:4180} INFO - Setting next_dagrun for example_sensors to None, run_after=None
[2025-02-19T18:58:51.683+0000] {processor.py:208} INFO - Processing /home/airflow/.local/lib/python3.12/site-packages/airflow/example_dags/example_sensors.py took 0.038 seconds
[2025-02-19T18:59:22.236+0000] {processor.py:186} INFO - Started process (PID=5048) to work on /home/airflow/.local/lib/python3.12/site-packages/airflow/example_dags/example_sensors.py
[2025-02-19T18:59:22.237+0000] {processor.py:914} INFO - Processing file /home/airflow/.local/lib/python3.12/site-packages/airflow/example_dags/example_sensors.py for tasks to queue
[2025-02-19T18:59:22.238+0000] {logging_mixin.py:190} INFO - [2025-02-19T18:59:22.237+0000] {dagbag.py:588} INFO - Filling up the DagBag from /home/airflow/.local/lib/python3.12/site-packages/airflow/example_dags/example_sensors.py
[2025-02-19T18:59:22.242+0000] {processor.py:925} INFO - DAG(s) 'example_sensors' retrieved from /home/airflow/.local/lib/python3.12/site-packages/airflow/example_dags/example_sensors.py
[2025-02-19T18:59:22.259+0000] {logging_mixin.py:190} INFO - [2025-02-19T18:59:22.259+0000] {dag.py:3239} INFO - Sync 1 DAGs
[2025-02-19T18:59:22.267+0000] {logging_mixin.py:190} INFO - [2025-02-19T18:59:22.266+0000] {dag.py:4180} INFO - Setting next_dagrun for example_sensors to None, run_after=None
[2025-02-19T18:59:22.275+0000] {processor.py:208} INFO - Processing /home/airflow/.local/lib/python3.12/site-packages/airflow/example_dags/example_sensors.py took 0.042 seconds
[2025-02-19T18:59:53.217+0000] {processor.py:186} INFO - Started process (PID=5342) to work on /home/airflow/.local/lib/python3.12/site-packages/airflow/example_dags/example_sensors.py
[2025-02-19T18:59:53.218+0000] {processor.py:914} INFO - Processing file /home/airflow/.local/lib/python3.12/site-packages/airflow/example_dags/example_sensors.py for tasks to queue
[2025-02-19T18:59:53.220+0000] {logging_mixin.py:190} INFO - [2025-02-19T18:59:53.220+0000] {dagbag.py:588} INFO - Filling up the DagBag from /home/airflow/.local/lib/python3.12/site-packages/airflow/example_dags/example_sensors.py
[2025-02-19T18:59:53.227+0000] {processor.py:925} INFO - DAG(s) 'example_sensors' retrieved from /home/airflow/.local/lib/python3.12/site-packages/airflow/example_dags/example_sensors.py
[2025-02-19T18:59:53.242+0000] {logging_mixin.py:190} INFO - [2025-02-19T18:59:53.242+0000] {dag.py:3239} INFO - Sync 1 DAGs
[2025-02-19T18:59:53.248+0000] {logging_mixin.py:190} INFO - [2025-02-19T18:59:53.248+0000] {dag.py:4180} INFO - Setting next_dagrun for example_sensors to None, run_after=None
[2025-02-19T18:59:53.255+0000] {processor.py:208} INFO - Processing /home/airflow/.local/lib/python3.12/site-packages/airflow/example_dags/example_sensors.py took 0.041 seconds
[2025-02-19T19:00:23.360+0000] {processor.py:186} INFO - Started process (PID=5644) to work on /home/airflow/.local/lib/python3.12/site-packages/airflow/example_dags/example_sensors.py
[2025-02-19T19:00:23.360+0000] {processor.py:914} INFO - Processing file /home/airflow/.local/lib/python3.12/site-packages/airflow/example_dags/example_sensors.py for tasks to queue
[2025-02-19T19:00:23.361+0000] {logging_mixin.py:190} INFO - [2025-02-19T19:00:23.361+0000] {dagbag.py:588} INFO - Filling up the DagBag from /home/airflow/.local/lib/python3.12/site-packages/airflow/example_dags/example_sensors.py
[2025-02-19T19:00:23.366+0000] {processor.py:925} INFO - DAG(s) 'example_sensors' retrieved from /home/airflow/.local/lib/python3.12/site-packages/airflow/example_dags/example_sensors.py
[2025-02-19T19:00:23.382+0000] {logging_mixin.py:190} INFO - [2025-02-19T19:00:23.382+0000] {dag.py:3239} INFO - Sync 1 DAGs
[2025-02-19T19:00:23.388+0000] {logging_mixin.py:190} INFO - [2025-02-19T19:00:23.388+0000] {dag.py:4180} INFO - Setting next_dagrun for example_sensors to None, run_after=None
[2025-02-19T19:00:23.398+0000] {processor.py:208} INFO - Processing /home/airflow/.local/lib/python3.12/site-packages/airflow/example_dags/example_sensors.py took 0.041 seconds
[2025-02-19T19:00:53.943+0000] {processor.py:186} INFO - Started process (PID=5941) to work on /home/airflow/.local/lib/python3.12/site-packages/airflow/example_dags/example_sensors.py
[2025-02-19T19:00:53.949+0000] {processor.py:914} INFO - Processing file /home/airflow/.local/lib/python3.12/site-packages/airflow/example_dags/example_sensors.py for tasks to queue
[2025-02-19T19:00:53.950+0000] {logging_mixin.py:190} INFO - [2025-02-19T19:00:53.950+0000] {dagbag.py:588} INFO - Filling up the DagBag from /home/airflow/.local/lib/python3.12/site-packages/airflow/example_dags/example_sensors.py
[2025-02-19T19:00:53.958+0000] {processor.py:925} INFO - DAG(s) 'example_sensors' retrieved from /home/airflow/.local/lib/python3.12/site-packages/airflow/example_dags/example_sensors.py
[2025-02-19T19:00:53.973+0000] {logging_mixin.py:190} INFO - [2025-02-19T19:00:53.973+0000] {dag.py:3239} INFO - Sync 1 DAGs
[2025-02-19T19:00:53.979+0000] {logging_mixin.py:190} INFO - [2025-02-19T19:00:53.979+0000] {dag.py:4180} INFO - Setting next_dagrun for example_sensors to None, run_after=None
[2025-02-19T19:00:53.986+0000] {processor.py:208} INFO - Processing /home/airflow/.local/lib/python3.12/site-packages/airflow/example_dags/example_sensors.py took 0.046 seconds
[2025-02-19T19:01:24.631+0000] {processor.py:186} INFO - Started process (PID=6247) to work on /home/airflow/.local/lib/python3.12/site-packages/airflow/example_dags/example_sensors.py
[2025-02-19T19:01:24.632+0000] {processor.py:914} INFO - Processing file /home/airflow/.local/lib/python3.12/site-packages/airflow/example_dags/example_sensors.py for tasks to queue
[2025-02-19T19:01:24.633+0000] {logging_mixin.py:190} INFO - [2025-02-19T19:01:24.632+0000] {dagbag.py:588} INFO - Filling up the DagBag from /home/airflow/.local/lib/python3.12/site-packages/airflow/example_dags/example_sensors.py
[2025-02-19T19:01:24.640+0000] {processor.py:925} INFO - DAG(s) 'example_sensors' retrieved from /home/airflow/.local/lib/python3.12/site-packages/airflow/example_dags/example_sensors.py
[2025-02-19T19:01:24.656+0000] {logging_mixin.py:190} INFO - [2025-02-19T19:01:24.656+0000] {dag.py:3239} INFO - Sync 1 DAGs
[2025-02-19T19:01:24.663+0000] {logging_mixin.py:190} INFO - [2025-02-19T19:01:24.663+0000] {dag.py:4180} INFO - Setting next_dagrun for example_sensors to None, run_after=None
[2025-02-19T19:01:24.675+0000] {processor.py:208} INFO - Processing /home/airflow/.local/lib/python3.12/site-packages/airflow/example_dags/example_sensors.py took 0.048 seconds
[2025-02-19T19:01:55.136+0000] {processor.py:186} INFO - Started process (PID=6560) to work on /home/airflow/.local/lib/python3.12/site-packages/airflow/example_dags/example_sensors.py
[2025-02-19T19:01:55.136+0000] {processor.py:914} INFO - Processing file /home/airflow/.local/lib/python3.12/site-packages/airflow/example_dags/example_sensors.py for tasks to queue
[2025-02-19T19:01:55.137+0000] {logging_mixin.py:190} INFO - [2025-02-19T19:01:55.137+0000] {dagbag.py:588} INFO - Filling up the DagBag from /home/airflow/.local/lib/python3.12/site-packages/airflow/example_dags/example_sensors.py
[2025-02-19T19:01:55.142+0000] {processor.py:925} INFO - DAG(s) 'example_sensors' retrieved from /home/airflow/.local/lib/python3.12/site-packages/airflow/example_dags/example_sensors.py
[2025-02-19T19:01:55.157+0000] {logging_mixin.py:190} INFO - [2025-02-19T19:01:55.157+0000] {dag.py:3239} INFO - Sync 1 DAGs
[2025-02-19T19:01:55.163+0000] {logging_mixin.py:190} INFO - [2025-02-19T19:01:55.163+0000] {dag.py:4180} INFO - Setting next_dagrun for example_sensors to None, run_after=None
[2025-02-19T19:01:55.173+0000] {processor.py:208} INFO - Processing /home/airflow/.local/lib/python3.12/site-packages/airflow/example_dags/example_sensors.py took 0.039 seconds
[2025-02-19T19:02:25.784+0000] {processor.py:186} INFO - Started process (PID=6867) to work on /home/airflow/.local/lib/python3.12/site-packages/airflow/example_dags/example_sensors.py
[2025-02-19T19:02:25.785+0000] {processor.py:914} INFO - Processing file /home/airflow/.local/lib/python3.12/site-packages/airflow/example_dags/example_sensors.py for tasks to queue
[2025-02-19T19:02:25.785+0000] {logging_mixin.py:190} INFO - [2025-02-19T19:02:25.785+0000] {dagbag.py:588} INFO - Filling up the DagBag from /home/airflow/.local/lib/python3.12/site-packages/airflow/example_dags/example_sensors.py
[2025-02-19T19:02:25.790+0000] {processor.py:925} INFO - DAG(s) 'example_sensors' retrieved from /home/airflow/.local/lib/python3.12/site-packages/airflow/example_dags/example_sensors.py
[2025-02-19T19:02:25.806+0000] {logging_mixin.py:190} INFO - [2025-02-19T19:02:25.806+0000] {dag.py:3239} INFO - Sync 1 DAGs
[2025-02-19T19:02:25.812+0000] {logging_mixin.py:190} INFO - [2025-02-19T19:02:25.812+0000] {dag.py:4180} INFO - Setting next_dagrun for example_sensors to None, run_after=None
[2025-02-19T19:02:25.822+0000] {processor.py:208} INFO - Processing /home/airflow/.local/lib/python3.12/site-packages/airflow/example_dags/example_sensors.py took 0.041 seconds
[2025-02-19T19:02:56.508+0000] {processor.py:186} INFO - Started process (PID=7163) to work on /home/airflow/.local/lib/python3.12/site-packages/airflow/example_dags/example_sensors.py
[2025-02-19T19:02:56.509+0000] {processor.py:914} INFO - Processing file /home/airflow/.local/lib/python3.12/site-packages/airflow/example_dags/example_sensors.py for tasks to queue
[2025-02-19T19:02:56.509+0000] {logging_mixin.py:190} INFO - [2025-02-19T19:02:56.509+0000] {dagbag.py:588} INFO - Filling up the DagBag from /home/airflow/.local/lib/python3.12/site-packages/airflow/example_dags/example_sensors.py
[2025-02-19T19:02:56.514+0000] {processor.py:925} INFO - DAG(s) 'example_sensors' retrieved from /home/airflow/.local/lib/python3.12/site-packages/airflow/example_dags/example_sensors.py
[2025-02-19T19:02:56.527+0000] {logging_mixin.py:190} INFO - [2025-02-19T19:02:56.527+0000] {dag.py:3239} INFO - Sync 1 DAGs
[2025-02-19T19:02:56.533+0000] {logging_mixin.py:190} INFO - [2025-02-19T19:02:56.533+0000] {dag.py:4180} INFO - Setting next_dagrun for example_sensors to None, run_after=None
[2025-02-19T19:02:56.544+0000] {processor.py:208} INFO - Processing /home/airflow/.local/lib/python3.12/site-packages/airflow/example_dags/example_sensors.py took 0.039 seconds
[2025-02-19T19:03:27.286+0000] {processor.py:186} INFO - Started process (PID=7468) to work on /home/airflow/.local/lib/python3.12/site-packages/airflow/example_dags/example_sensors.py
[2025-02-19T19:03:27.287+0000] {processor.py:914} INFO - Processing file /home/airflow/.local/lib/python3.12/site-packages/airflow/example_dags/example_sensors.py for tasks to queue
[2025-02-19T19:03:27.288+0000] {logging_mixin.py:190} INFO - [2025-02-19T19:03:27.287+0000] {dagbag.py:588} INFO - Filling up the DagBag from /home/airflow/.local/lib/python3.12/site-packages/airflow/example_dags/example_sensors.py
[2025-02-19T19:03:27.294+0000] {processor.py:925} INFO - DAG(s) 'example_sensors' retrieved from /home/airflow/.local/lib/python3.12/site-packages/airflow/example_dags/example_sensors.py
[2025-02-19T19:03:27.310+0000] {logging_mixin.py:190} INFO - [2025-02-19T19:03:27.310+0000] {dag.py:3239} INFO - Sync 1 DAGs
[2025-02-19T19:03:27.316+0000] {logging_mixin.py:190} INFO - [2025-02-19T19:03:27.316+0000] {dag.py:4180} INFO - Setting next_dagrun for example_sensors to None, run_after=None
[2025-02-19T19:03:27.326+0000] {processor.py:208} INFO - Processing /home/airflow/.local/lib/python3.12/site-packages/airflow/example_dags/example_sensors.py took 0.043 seconds
[2025-02-19T19:03:57.473+0000] {processor.py:186} INFO - Started process (PID=7769) to work on /home/airflow/.local/lib/python3.12/site-packages/airflow/example_dags/example_sensors.py
[2025-02-19T19:03:57.475+0000] {processor.py:914} INFO - Processing file /home/airflow/.local/lib/python3.12/site-packages/airflow/example_dags/example_sensors.py for tasks to queue
[2025-02-19T19:03:57.476+0000] {logging_mixin.py:190} INFO - [2025-02-19T19:03:57.476+0000] {dagbag.py:588} INFO - Filling up the DagBag from /home/airflow/.local/lib/python3.12/site-packages/airflow/example_dags/example_sensors.py
[2025-02-19T19:03:57.481+0000] {processor.py:925} INFO - DAG(s) 'example_sensors' retrieved from /home/airflow/.local/lib/python3.12/site-packages/airflow/example_dags/example_sensors.py
[2025-02-19T19:03:57.501+0000] {logging_mixin.py:190} INFO - [2025-02-19T19:03:57.501+0000] {dag.py:3239} INFO - Sync 1 DAGs
[2025-02-19T19:03:57.514+0000] {logging_mixin.py:190} INFO - [2025-02-19T19:03:57.514+0000] {dag.py:4180} INFO - Setting next_dagrun for example_sensors to None, run_after=None
[2025-02-19T19:03:57.524+0000] {processor.py:208} INFO - Processing /home/airflow/.local/lib/python3.12/site-packages/airflow/example_dags/example_sensors.py took 0.054 seconds
[2025-02-19T19:04:27.735+0000] {processor.py:186} INFO - Started process (PID=8073) to work on /home/airflow/.local/lib/python3.12/site-packages/airflow/example_dags/example_sensors.py
[2025-02-19T19:04:27.736+0000] {processor.py:914} INFO - Processing file /home/airflow/.local/lib/python3.12/site-packages/airflow/example_dags/example_sensors.py for tasks to queue
[2025-02-19T19:04:27.736+0000] {logging_mixin.py:190} INFO - [2025-02-19T19:04:27.736+0000] {dagbag.py:588} INFO - Filling up the DagBag from /home/airflow/.local/lib/python3.12/site-packages/airflow/example_dags/example_sensors.py
[2025-02-19T19:04:27.741+0000] {processor.py:925} INFO - DAG(s) 'example_sensors' retrieved from /home/airflow/.local/lib/python3.12/site-packages/airflow/example_dags/example_sensors.py
[2025-02-19T19:04:27.751+0000] {logging_mixin.py:190} INFO - [2025-02-19T19:04:27.751+0000] {dag.py:3239} INFO - Sync 1 DAGs
[2025-02-19T19:04:27.756+0000] {logging_mixin.py:190} INFO - [2025-02-19T19:04:27.756+0000] {dag.py:4180} INFO - Setting next_dagrun for example_sensors to None, run_after=None
[2025-02-19T19:04:27.762+0000] {processor.py:208} INFO - Processing /home/airflow/.local/lib/python3.12/site-packages/airflow/example_dags/example_sensors.py took 0.029 seconds
[2025-02-19T19:04:57.831+0000] {processor.py:186} INFO - Started process (PID=8387) to work on /home/airflow/.local/lib/python3.12/site-packages/airflow/example_dags/example_sensors.py
[2025-02-19T19:04:57.831+0000] {processor.py:914} INFO - Processing file /home/airflow/.local/lib/python3.12/site-packages/airflow/example_dags/example_sensors.py for tasks to queue
[2025-02-19T19:04:57.831+0000] {logging_mixin.py:190} INFO - [2025-02-19T19:04:57.831+0000] {dagbag.py:588} INFO - Filling up the DagBag from /home/airflow/.local/lib/python3.12/site-packages/airflow/example_dags/example_sensors.py
[2025-02-19T19:04:57.837+0000] {processor.py:925} INFO - DAG(s) 'example_sensors' retrieved from /home/airflow/.local/lib/python3.12/site-packages/airflow/example_dags/example_sensors.py
[2025-02-19T19:04:57.852+0000] {logging_mixin.py:190} INFO - [2025-02-19T19:04:57.852+0000] {dag.py:3239} INFO - Sync 1 DAGs
[2025-02-19T19:04:57.858+0000] {logging_mixin.py:190} INFO - [2025-02-19T19:04:57.858+0000] {dag.py:4180} INFO - Setting next_dagrun for example_sensors to None, run_after=None
[2025-02-19T19:04:57.869+0000] {processor.py:208} INFO - Processing /home/airflow/.local/lib/python3.12/site-packages/airflow/example_dags/example_sensors.py took 0.041 seconds
[2025-02-19T19:05:28.730+0000] {processor.py:186} INFO - Started process (PID=8681) to work on /home/airflow/.local/lib/python3.12/site-packages/airflow/example_dags/example_sensors.py
[2025-02-19T19:05:28.731+0000] {processor.py:914} INFO - Processing file /home/airflow/.local/lib/python3.12/site-packages/airflow/example_dags/example_sensors.py for tasks to queue
[2025-02-19T19:05:28.732+0000] {logging_mixin.py:190} INFO - [2025-02-19T19:05:28.732+0000] {dagbag.py:588} INFO - Filling up the DagBag from /home/airflow/.local/lib/python3.12/site-packages/airflow/example_dags/example_sensors.py
[2025-02-19T19:05:28.737+0000] {processor.py:925} INFO - DAG(s) 'example_sensors' retrieved from /home/airflow/.local/lib/python3.12/site-packages/airflow/example_dags/example_sensors.py
[2025-02-19T19:05:28.747+0000] {logging_mixin.py:190} INFO - [2025-02-19T19:05:28.747+0000] {dag.py:3239} INFO - Sync 1 DAGs
[2025-02-19T19:05:28.755+0000] {logging_mixin.py:190} INFO - [2025-02-19T19:05:28.754+0000] {dag.py:4180} INFO - Setting next_dagrun for example_sensors to None, run_after=None
[2025-02-19T19:05:28.765+0000] {processor.py:208} INFO - Processing /home/airflow/.local/lib/python3.12/site-packages/airflow/example_dags/example_sensors.py took 0.038 seconds
[2025-02-19T19:05:59.375+0000] {processor.py:186} INFO - Started process (PID=8979) to work on /home/airflow/.local/lib/python3.12/site-packages/airflow/example_dags/example_sensors.py
[2025-02-19T19:05:59.376+0000] {processor.py:914} INFO - Processing file /home/airflow/.local/lib/python3.12/site-packages/airflow/example_dags/example_sensors.py for tasks to queue
[2025-02-19T19:05:59.376+0000] {logging_mixin.py:190} INFO - [2025-02-19T19:05:59.376+0000] {dagbag.py:588} INFO - Filling up the DagBag from /home/airflow/.local/lib/python3.12/site-packages/airflow/example_dags/example_sensors.py
[2025-02-19T19:05:59.382+0000] {processor.py:925} INFO - DAG(s) 'example_sensors' retrieved from /home/airflow/.local/lib/python3.12/site-packages/airflow/example_dags/example_sensors.py
[2025-02-19T19:05:59.394+0000] {logging_mixin.py:190} INFO - [2025-02-19T19:05:59.394+0000] {dag.py:3239} INFO - Sync 1 DAGs
[2025-02-19T19:05:59.400+0000] {logging_mixin.py:190} INFO - [2025-02-19T19:05:59.400+0000] {dag.py:4180} INFO - Setting next_dagrun for example_sensors to None, run_after=None
[2025-02-19T19:05:59.409+0000] {processor.py:208} INFO - Processing /home/airflow/.local/lib/python3.12/site-packages/airflow/example_dags/example_sensors.py took 0.036 seconds
[2025-02-19T19:06:30.062+0000] {processor.py:186} INFO - Started process (PID=9273) to work on /home/airflow/.local/lib/python3.12/site-packages/airflow/example_dags/example_sensors.py
[2025-02-19T19:06:30.063+0000] {processor.py:914} INFO - Processing file /home/airflow/.local/lib/python3.12/site-packages/airflow/example_dags/example_sensors.py for tasks to queue
[2025-02-19T19:06:30.063+0000] {logging_mixin.py:190} INFO - [2025-02-19T19:06:30.063+0000] {dagbag.py:588} INFO - Filling up the DagBag from /home/airflow/.local/lib/python3.12/site-packages/airflow/example_dags/example_sensors.py
[2025-02-19T19:06:30.068+0000] {processor.py:925} INFO - DAG(s) 'example_sensors' retrieved from /home/airflow/.local/lib/python3.12/site-packages/airflow/example_dags/example_sensors.py
[2025-02-19T19:06:30.085+0000] {logging_mixin.py:190} INFO - [2025-02-19T19:06:30.084+0000] {dag.py:3239} INFO - Sync 1 DAGs
[2025-02-19T19:06:30.093+0000] {logging_mixin.py:190} INFO - [2025-02-19T19:06:30.092+0000] {dag.py:4180} INFO - Setting next_dagrun for example_sensors to None, run_after=None
[2025-02-19T19:06:30.105+0000] {processor.py:208} INFO - Processing /home/airflow/.local/lib/python3.12/site-packages/airflow/example_dags/example_sensors.py took 0.045 seconds
[2025-02-19T19:07:01.003+0000] {processor.py:186} INFO - Started process (PID=9569) to work on /home/airflow/.local/lib/python3.12/site-packages/airflow/example_dags/example_sensors.py
[2025-02-19T19:07:01.004+0000] {processor.py:914} INFO - Processing file /home/airflow/.local/lib/python3.12/site-packages/airflow/example_dags/example_sensors.py for tasks to queue
[2025-02-19T19:07:01.005+0000] {logging_mixin.py:190} INFO - [2025-02-19T19:07:01.004+0000] {dagbag.py:588} INFO - Filling up the DagBag from /home/airflow/.local/lib/python3.12/site-packages/airflow/example_dags/example_sensors.py
[2025-02-19T19:07:01.010+0000] {processor.py:925} INFO - DAG(s) 'example_sensors' retrieved from /home/airflow/.local/lib/python3.12/site-packages/airflow/example_dags/example_sensors.py
[2025-02-19T19:07:01.019+0000] {logging_mixin.py:190} INFO - [2025-02-19T19:07:01.019+0000] {dag.py:3239} INFO - Sync 1 DAGs
[2025-02-19T19:07:01.025+0000] {logging_mixin.py:190} INFO - [2025-02-19T19:07:01.025+0000] {dag.py:4180} INFO - Setting next_dagrun for example_sensors to None, run_after=None
[2025-02-19T19:07:01.032+0000] {processor.py:208} INFO - Processing /home/airflow/.local/lib/python3.12/site-packages/airflow/example_dags/example_sensors.py took 0.032 seconds
[2025-02-19T19:07:31.722+0000] {processor.py:186} INFO - Started process (PID=9865) to work on /home/airflow/.local/lib/python3.12/site-packages/airflow/example_dags/example_sensors.py
[2025-02-19T19:07:31.723+0000] {processor.py:914} INFO - Processing file /home/airflow/.local/lib/python3.12/site-packages/airflow/example_dags/example_sensors.py for tasks to queue
[2025-02-19T19:07:31.723+0000] {logging_mixin.py:190} INFO - [2025-02-19T19:07:31.723+0000] {dagbag.py:588} INFO - Filling up the DagBag from /home/airflow/.local/lib/python3.12/site-packages/airflow/example_dags/example_sensors.py
[2025-02-19T19:07:31.729+0000] {processor.py:925} INFO - DAG(s) 'example_sensors' retrieved from /home/airflow/.local/lib/python3.12/site-packages/airflow/example_dags/example_sensors.py
[2025-02-19T19:07:31.742+0000] {logging_mixin.py:190} INFO - [2025-02-19T19:07:31.742+0000] {dag.py:3239} INFO - Sync 1 DAGs
[2025-02-19T19:07:31.748+0000] {logging_mixin.py:190} INFO - [2025-02-19T19:07:31.748+0000] {dag.py:4180} INFO - Setting next_dagrun for example_sensors to None, run_after=None
[2025-02-19T19:07:31.757+0000] {processor.py:208} INFO - Processing /home/airflow/.local/lib/python3.12/site-packages/airflow/example_dags/example_sensors.py took 0.037 seconds
[2025-02-19T19:08:02.536+0000] {processor.py:186} INFO - Started process (PID=10161) to work on /home/airflow/.local/lib/python3.12/site-packages/airflow/example_dags/example_sensors.py
[2025-02-19T19:08:02.536+0000] {processor.py:914} INFO - Processing file /home/airflow/.local/lib/python3.12/site-packages/airflow/example_dags/example_sensors.py for tasks to queue
[2025-02-19T19:08:02.537+0000] {logging_mixin.py:190} INFO - [2025-02-19T19:08:02.537+0000] {dagbag.py:588} INFO - Filling up the DagBag from /home/airflow/.local/lib/python3.12/site-packages/airflow/example_dags/example_sensors.py
[2025-02-19T19:08:02.542+0000] {processor.py:925} INFO - DAG(s) 'example_sensors' retrieved from /home/airflow/.local/lib/python3.12/site-packages/airflow/example_dags/example_sensors.py
[2025-02-19T19:08:02.552+0000] {logging_mixin.py:190} INFO - [2025-02-19T19:08:02.552+0000] {dag.py:3239} INFO - Sync 1 DAGs
[2025-02-19T19:08:02.558+0000] {logging_mixin.py:190} INFO - [2025-02-19T19:08:02.558+0000] {dag.py:4180} INFO - Setting next_dagrun for example_sensors to None, run_after=None
[2025-02-19T19:08:02.569+0000] {processor.py:208} INFO - Processing /home/airflow/.local/lib/python3.12/site-packages/airflow/example_dags/example_sensors.py took 0.037 seconds
[2025-02-19T19:08:33.194+0000] {processor.py:186} INFO - Started process (PID=10457) to work on /home/airflow/.local/lib/python3.12/site-packages/airflow/example_dags/example_sensors.py
[2025-02-19T19:08:33.194+0000] {processor.py:914} INFO - Processing file /home/airflow/.local/lib/python3.12/site-packages/airflow/example_dags/example_sensors.py for tasks to queue
[2025-02-19T19:08:33.195+0000] {logging_mixin.py:190} INFO - [2025-02-19T19:08:33.194+0000] {dagbag.py:588} INFO - Filling up the DagBag from /home/airflow/.local/lib/python3.12/site-packages/airflow/example_dags/example_sensors.py
[2025-02-19T19:08:33.200+0000] {processor.py:925} INFO - DAG(s) 'example_sensors' retrieved from /home/airflow/.local/lib/python3.12/site-packages/airflow/example_dags/example_sensors.py
[2025-02-19T19:08:33.210+0000] {logging_mixin.py:190} INFO - [2025-02-19T19:08:33.210+0000] {dag.py:3239} INFO - Sync 1 DAGs
[2025-02-19T19:08:33.215+0000] {logging_mixin.py:190} INFO - [2025-02-19T19:08:33.215+0000] {dag.py:4180} INFO - Setting next_dagrun for example_sensors to None, run_after=None
[2025-02-19T19:08:33.228+0000] {processor.py:208} INFO - Processing /home/airflow/.local/lib/python3.12/site-packages/airflow/example_dags/example_sensors.py took 0.037 seconds
[2025-02-19T19:09:03.856+0000] {processor.py:186} INFO - Started process (PID=10764) to work on /home/airflow/.local/lib/python3.12/site-packages/airflow/example_dags/example_sensors.py
[2025-02-19T19:09:03.857+0000] {processor.py:914} INFO - Processing file /home/airflow/.local/lib/python3.12/site-packages/airflow/example_dags/example_sensors.py for tasks to queue
[2025-02-19T19:09:03.858+0000] {logging_mixin.py:190} INFO - [2025-02-19T19:09:03.858+0000] {dagbag.py:588} INFO - Filling up the DagBag from /home/airflow/.local/lib/python3.12/site-packages/airflow/example_dags/example_sensors.py
[2025-02-19T19:09:03.863+0000] {processor.py:925} INFO - DAG(s) 'example_sensors' retrieved from /home/airflow/.local/lib/python3.12/site-packages/airflow/example_dags/example_sensors.py
[2025-02-19T19:09:03.874+0000] {logging_mixin.py:190} INFO - [2025-02-19T19:09:03.874+0000] {dag.py:3239} INFO - Sync 1 DAGs
[2025-02-19T19:09:03.881+0000] {logging_mixin.py:190} INFO - [2025-02-19T19:09:03.880+0000] {dag.py:4180} INFO - Setting next_dagrun for example_sensors to None, run_after=None
[2025-02-19T19:09:03.893+0000] {processor.py:208} INFO - Processing /home/airflow/.local/lib/python3.12/site-packages/airflow/example_dags/example_sensors.py took 0.039 seconds
[2025-02-19T19:09:34.501+0000] {processor.py:186} INFO - Started process (PID=11063) to work on /home/airflow/.local/lib/python3.12/site-packages/airflow/example_dags/example_sensors.py
[2025-02-19T19:09:34.502+0000] {processor.py:914} INFO - Processing file /home/airflow/.local/lib/python3.12/site-packages/airflow/example_dags/example_sensors.py for tasks to queue
[2025-02-19T19:09:34.503+0000] {logging_mixin.py:190} INFO - [2025-02-19T19:09:34.503+0000] {dagbag.py:588} INFO - Filling up the DagBag from /home/airflow/.local/lib/python3.12/site-packages/airflow/example_dags/example_sensors.py
[2025-02-19T19:09:34.509+0000] {processor.py:925} INFO - DAG(s) 'example_sensors' retrieved from /home/airflow/.local/lib/python3.12/site-packages/airflow/example_dags/example_sensors.py
[2025-02-19T19:09:34.528+0000] {logging_mixin.py:190} INFO - [2025-02-19T19:09:34.528+0000] {dag.py:3239} INFO - Sync 1 DAGs
[2025-02-19T19:09:34.533+0000] {logging_mixin.py:190} INFO - [2025-02-19T19:09:34.533+0000] {dag.py:4180} INFO - Setting next_dagrun for example_sensors to None, run_after=None
[2025-02-19T19:09:34.543+0000] {processor.py:208} INFO - Processing /home/airflow/.local/lib/python3.12/site-packages/airflow/example_dags/example_sensors.py took 0.048 seconds
[2025-02-19T19:10:05.363+0000] {processor.py:186} INFO - Started process (PID=11364) to work on /home/airflow/.local/lib/python3.12/site-packages/airflow/example_dags/example_sensors.py
[2025-02-19T19:10:05.364+0000] {processor.py:914} INFO - Processing file /home/airflow/.local/lib/python3.12/site-packages/airflow/example_dags/example_sensors.py for tasks to queue
[2025-02-19T19:10:05.364+0000] {logging_mixin.py:190} INFO - [2025-02-19T19:10:05.364+0000] {dagbag.py:588} INFO - Filling up the DagBag from /home/airflow/.local/lib/python3.12/site-packages/airflow/example_dags/example_sensors.py
[2025-02-19T19:10:05.370+0000] {processor.py:925} INFO - DAG(s) 'example_sensors' retrieved from /home/airflow/.local/lib/python3.12/site-packages/airflow/example_dags/example_sensors.py
[2025-02-19T19:10:05.381+0000] {logging_mixin.py:190} INFO - [2025-02-19T19:10:05.381+0000] {dag.py:3239} INFO - Sync 1 DAGs
[2025-02-19T19:10:05.388+0000] {logging_mixin.py:190} INFO - [2025-02-19T19:10:05.388+0000] {dag.py:4180} INFO - Setting next_dagrun for example_sensors to None, run_after=None
[2025-02-19T19:10:05.400+0000] {processor.py:208} INFO - Processing /home/airflow/.local/lib/python3.12/site-packages/airflow/example_dags/example_sensors.py took 0.041 seconds
[2025-02-19T19:10:36.169+0000] {processor.py:186} INFO - Started process (PID=11684) to work on /home/airflow/.local/lib/python3.12/site-packages/airflow/example_dags/example_sensors.py
[2025-02-19T19:10:36.170+0000] {processor.py:914} INFO - Processing file /home/airflow/.local/lib/python3.12/site-packages/airflow/example_dags/example_sensors.py for tasks to queue
[2025-02-19T19:10:36.171+0000] {logging_mixin.py:190} INFO - [2025-02-19T19:10:36.171+0000] {dagbag.py:588} INFO - Filling up the DagBag from /home/airflow/.local/lib/python3.12/site-packages/airflow/example_dags/example_sensors.py
[2025-02-19T19:10:36.177+0000] {processor.py:925} INFO - DAG(s) 'example_sensors' retrieved from /home/airflow/.local/lib/python3.12/site-packages/airflow/example_dags/example_sensors.py
[2025-02-19T19:10:36.189+0000] {logging_mixin.py:190} INFO - [2025-02-19T19:10:36.188+0000] {dag.py:3239} INFO - Sync 1 DAGs
[2025-02-19T19:10:36.194+0000] {logging_mixin.py:190} INFO - [2025-02-19T19:10:36.194+0000] {dag.py:4180} INFO - Setting next_dagrun for example_sensors to None, run_after=None
[2025-02-19T19:10:36.203+0000] {processor.py:208} INFO - Processing /home/airflow/.local/lib/python3.12/site-packages/airflow/example_dags/example_sensors.py took 0.037 seconds
[2025-02-19T19:11:06.897+0000] {processor.py:186} INFO - Started process (PID=11992) to work on /home/airflow/.local/lib/python3.12/site-packages/airflow/example_dags/example_sensors.py
[2025-02-19T19:11:06.899+0000] {processor.py:914} INFO - Processing file /home/airflow/.local/lib/python3.12/site-packages/airflow/example_dags/example_sensors.py for tasks to queue
[2025-02-19T19:11:06.900+0000] {logging_mixin.py:190} INFO - [2025-02-19T19:11:06.900+0000] {dagbag.py:588} INFO - Filling up the DagBag from /home/airflow/.local/lib/python3.12/site-packages/airflow/example_dags/example_sensors.py
[2025-02-19T19:11:06.905+0000] {processor.py:925} INFO - DAG(s) 'example_sensors' retrieved from /home/airflow/.local/lib/python3.12/site-packages/airflow/example_dags/example_sensors.py
[2025-02-19T19:11:06.924+0000] {logging_mixin.py:190} INFO - [2025-02-19T19:11:06.924+0000] {dag.py:3239} INFO - Sync 1 DAGs
[2025-02-19T19:11:06.931+0000] {logging_mixin.py:190} INFO - [2025-02-19T19:11:06.931+0000] {dag.py:4180} INFO - Setting next_dagrun for example_sensors to None, run_after=None
[2025-02-19T19:11:06.948+0000] {processor.py:208} INFO - Processing /home/airflow/.local/lib/python3.12/site-packages/airflow/example_dags/example_sensors.py took 0.053 seconds
[2025-02-19T19:11:37.132+0000] {processor.py:186} INFO - Started process (PID=12290) to work on /home/airflow/.local/lib/python3.12/site-packages/airflow/example_dags/example_sensors.py
[2025-02-19T19:11:37.132+0000] {processor.py:914} INFO - Processing file /home/airflow/.local/lib/python3.12/site-packages/airflow/example_dags/example_sensors.py for tasks to queue
[2025-02-19T19:11:37.133+0000] {logging_mixin.py:190} INFO - [2025-02-19T19:11:37.133+0000] {dagbag.py:588} INFO - Filling up the DagBag from /home/airflow/.local/lib/python3.12/site-packages/airflow/example_dags/example_sensors.py
[2025-02-19T19:11:37.138+0000] {processor.py:925} INFO - DAG(s) 'example_sensors' retrieved from /home/airflow/.local/lib/python3.12/site-packages/airflow/example_dags/example_sensors.py
[2025-02-19T19:11:37.150+0000] {logging_mixin.py:190} INFO - [2025-02-19T19:11:37.150+0000] {dag.py:3239} INFO - Sync 1 DAGs
[2025-02-19T19:11:37.156+0000] {logging_mixin.py:190} INFO - [2025-02-19T19:11:37.156+0000] {dag.py:4180} INFO - Setting next_dagrun for example_sensors to None, run_after=None
[2025-02-19T19:11:37.163+0000] {processor.py:208} INFO - Processing /home/airflow/.local/lib/python3.12/site-packages/airflow/example_dags/example_sensors.py took 0.034 seconds
[2025-02-19T19:12:08.021+0000] {processor.py:186} INFO - Started process (PID=12598) to work on /home/airflow/.local/lib/python3.12/site-packages/airflow/example_dags/example_sensors.py
[2025-02-19T19:12:08.022+0000] {processor.py:914} INFO - Processing file /home/airflow/.local/lib/python3.12/site-packages/airflow/example_dags/example_sensors.py for tasks to queue
[2025-02-19T19:12:08.022+0000] {logging_mixin.py:190} INFO - [2025-02-19T19:12:08.022+0000] {dagbag.py:588} INFO - Filling up the DagBag from /home/airflow/.local/lib/python3.12/site-packages/airflow/example_dags/example_sensors.py
[2025-02-19T19:12:08.028+0000] {processor.py:925} INFO - DAG(s) 'example_sensors' retrieved from /home/airflow/.local/lib/python3.12/site-packages/airflow/example_dags/example_sensors.py
[2025-02-19T19:12:08.044+0000] {logging_mixin.py:190} INFO - [2025-02-19T19:12:08.043+0000] {dag.py:3239} INFO - Sync 1 DAGs
[2025-02-19T19:12:08.050+0000] {logging_mixin.py:190} INFO - [2025-02-19T19:12:08.050+0000] {dag.py:4180} INFO - Setting next_dagrun for example_sensors to None, run_after=None
[2025-02-19T19:12:08.061+0000] {processor.py:208} INFO - Processing /home/airflow/.local/lib/python3.12/site-packages/airflow/example_dags/example_sensors.py took 0.042 seconds
[2025-02-19T19:12:38.137+0000] {processor.py:186} INFO - Started process (PID=12894) to work on /home/airflow/.local/lib/python3.12/site-packages/airflow/example_dags/example_sensors.py
[2025-02-19T19:12:38.137+0000] {processor.py:914} INFO - Processing file /home/airflow/.local/lib/python3.12/site-packages/airflow/example_dags/example_sensors.py for tasks to queue
[2025-02-19T19:12:38.138+0000] {logging_mixin.py:190} INFO - [2025-02-19T19:12:38.138+0000] {dagbag.py:588} INFO - Filling up the DagBag from /home/airflow/.local/lib/python3.12/site-packages/airflow/example_dags/example_sensors.py
[2025-02-19T19:12:38.143+0000] {processor.py:925} INFO - DAG(s) 'example_sensors' retrieved from /home/airflow/.local/lib/python3.12/site-packages/airflow/example_dags/example_sensors.py
[2025-02-19T19:12:38.158+0000] {logging_mixin.py:190} INFO - [2025-02-19T19:12:38.158+0000] {dag.py:3239} INFO - Sync 1 DAGs
[2025-02-19T19:12:38.165+0000] {logging_mixin.py:190} INFO - [2025-02-19T19:12:38.165+0000] {dag.py:4180} INFO - Setting next_dagrun for example_sensors to None, run_after=None
[2025-02-19T19:12:38.176+0000] {processor.py:208} INFO - Processing /home/airflow/.local/lib/python3.12/site-packages/airflow/example_dags/example_sensors.py took 0.042 seconds
[2025-02-19T19:13:08.779+0000] {processor.py:186} INFO - Started process (PID=13200) to work on /home/airflow/.local/lib/python3.12/site-packages/airflow/example_dags/example_sensors.py
[2025-02-19T19:13:08.782+0000] {processor.py:914} INFO - Processing file /home/airflow/.local/lib/python3.12/site-packages/airflow/example_dags/example_sensors.py for tasks to queue
[2025-02-19T19:13:08.783+0000] {logging_mixin.py:190} INFO - [2025-02-19T19:13:08.782+0000] {dagbag.py:588} INFO - Filling up the DagBag from /home/airflow/.local/lib/python3.12/site-packages/airflow/example_dags/example_sensors.py
[2025-02-19T19:13:08.789+0000] {processor.py:925} INFO - DAG(s) 'example_sensors' retrieved from /home/airflow/.local/lib/python3.12/site-packages/airflow/example_dags/example_sensors.py
[2025-02-19T19:13:08.803+0000] {logging_mixin.py:190} INFO - [2025-02-19T19:13:08.803+0000] {dag.py:3239} INFO - Sync 1 DAGs
[2025-02-19T19:13:08.810+0000] {logging_mixin.py:190} INFO - [2025-02-19T19:13:08.810+0000] {dag.py:4180} INFO - Setting next_dagrun for example_sensors to None, run_after=None
[2025-02-19T19:13:08.817+0000] {processor.py:208} INFO - Processing /home/airflow/.local/lib/python3.12/site-packages/airflow/example_dags/example_sensors.py took 0.041 seconds
[2025-02-19T19:13:39.376+0000] {processor.py:186} INFO - Started process (PID=13496) to work on /home/airflow/.local/lib/python3.12/site-packages/airflow/example_dags/example_sensors.py
[2025-02-19T19:13:39.378+0000] {processor.py:914} INFO - Processing file /home/airflow/.local/lib/python3.12/site-packages/airflow/example_dags/example_sensors.py for tasks to queue
[2025-02-19T19:13:39.380+0000] {logging_mixin.py:190} INFO - [2025-02-19T19:13:39.379+0000] {dagbag.py:588} INFO - Filling up the DagBag from /home/airflow/.local/lib/python3.12/site-packages/airflow/example_dags/example_sensors.py
[2025-02-19T19:13:39.384+0000] {processor.py:925} INFO - DAG(s) 'example_sensors' retrieved from /home/airflow/.local/lib/python3.12/site-packages/airflow/example_dags/example_sensors.py
[2025-02-19T19:13:39.399+0000] {logging_mixin.py:190} INFO - [2025-02-19T19:13:39.399+0000] {dag.py:3239} INFO - Sync 1 DAGs
[2025-02-19T19:13:39.405+0000] {logging_mixin.py:190} INFO - [2025-02-19T19:13:39.405+0000] {dag.py:4180} INFO - Setting next_dagrun for example_sensors to None, run_after=None
[2025-02-19T19:13:39.412+0000] {processor.py:208} INFO - Processing /home/airflow/.local/lib/python3.12/site-packages/airflow/example_dags/example_sensors.py took 0.039 seconds
[2025-02-19T19:14:09.859+0000] {processor.py:186} INFO - Started process (PID=13804) to work on /home/airflow/.local/lib/python3.12/site-packages/airflow/example_dags/example_sensors.py
[2025-02-19T19:14:09.860+0000] {processor.py:914} INFO - Processing file /home/airflow/.local/lib/python3.12/site-packages/airflow/example_dags/example_sensors.py for tasks to queue
[2025-02-19T19:14:09.860+0000] {logging_mixin.py:190} INFO - [2025-02-19T19:14:09.860+0000] {dagbag.py:588} INFO - Filling up the DagBag from /home/airflow/.local/lib/python3.12/site-packages/airflow/example_dags/example_sensors.py
[2025-02-19T19:14:09.866+0000] {processor.py:925} INFO - DAG(s) 'example_sensors' retrieved from /home/airflow/.local/lib/python3.12/site-packages/airflow/example_dags/example_sensors.py
[2025-02-19T19:14:09.880+0000] {logging_mixin.py:190} INFO - [2025-02-19T19:14:09.880+0000] {dag.py:3239} INFO - Sync 1 DAGs
[2025-02-19T19:14:09.886+0000] {logging_mixin.py:190} INFO - [2025-02-19T19:14:09.886+0000] {dag.py:4180} INFO - Setting next_dagrun for example_sensors to None, run_after=None
[2025-02-19T19:14:09.895+0000] {processor.py:208} INFO - Processing /home/airflow/.local/lib/python3.12/site-packages/airflow/example_dags/example_sensors.py took 0.038 seconds
[2025-02-19T19:14:40.443+0000] {processor.py:186} INFO - Started process (PID=14126) to work on /home/airflow/.local/lib/python3.12/site-packages/airflow/example_dags/example_sensors.py
[2025-02-19T19:14:40.443+0000] {processor.py:914} INFO - Processing file /home/airflow/.local/lib/python3.12/site-packages/airflow/example_dags/example_sensors.py for tasks to queue
[2025-02-19T19:14:40.444+0000] {logging_mixin.py:190} INFO - [2025-02-19T19:14:40.444+0000] {dagbag.py:588} INFO - Filling up the DagBag from /home/airflow/.local/lib/python3.12/site-packages/airflow/example_dags/example_sensors.py
[2025-02-19T19:14:40.449+0000] {processor.py:925} INFO - DAG(s) 'example_sensors' retrieved from /home/airflow/.local/lib/python3.12/site-packages/airflow/example_dags/example_sensors.py
[2025-02-19T19:14:40.463+0000] {logging_mixin.py:190} INFO - [2025-02-19T19:14:40.463+0000] {dag.py:3239} INFO - Sync 1 DAGs
[2025-02-19T19:14:40.472+0000] {logging_mixin.py:190} INFO - [2025-02-19T19:14:40.472+0000] {dag.py:4180} INFO - Setting next_dagrun for example_sensors to None, run_after=None
[2025-02-19T19:14:40.482+0000] {processor.py:208} INFO - Processing /home/airflow/.local/lib/python3.12/site-packages/airflow/example_dags/example_sensors.py took 0.041 seconds
[2025-02-19T19:15:11.231+0000] {processor.py:186} INFO - Started process (PID=14446) to work on /home/airflow/.local/lib/python3.12/site-packages/airflow/example_dags/example_sensors.py
[2025-02-19T19:15:11.231+0000] {processor.py:914} INFO - Processing file /home/airflow/.local/lib/python3.12/site-packages/airflow/example_dags/example_sensors.py for tasks to queue
[2025-02-19T19:15:11.231+0000] {logging_mixin.py:190} INFO - [2025-02-19T19:15:11.231+0000] {dagbag.py:588} INFO - Filling up the DagBag from /home/airflow/.local/lib/python3.12/site-packages/airflow/example_dags/example_sensors.py
[2025-02-19T19:15:11.236+0000] {processor.py:925} INFO - DAG(s) 'example_sensors' retrieved from /home/airflow/.local/lib/python3.12/site-packages/airflow/example_dags/example_sensors.py
[2025-02-19T19:15:11.246+0000] {logging_mixin.py:190} INFO - [2025-02-19T19:15:11.246+0000] {dag.py:3239} INFO - Sync 1 DAGs
[2025-02-19T19:15:11.252+0000] {logging_mixin.py:190} INFO - [2025-02-19T19:15:11.252+0000] {dag.py:4180} INFO - Setting next_dagrun for example_sensors to None, run_after=None
[2025-02-19T19:15:11.269+0000] {processor.py:208} INFO - Processing /home/airflow/.local/lib/python3.12/site-packages/airflow/example_dags/example_sensors.py took 0.040 seconds
[2025-02-19T19:15:41.600+0000] {processor.py:186} INFO - Started process (PID=14742) to work on /home/airflow/.local/lib/python3.12/site-packages/airflow/example_dags/example_sensors.py
[2025-02-19T19:15:41.601+0000] {processor.py:914} INFO - Processing file /home/airflow/.local/lib/python3.12/site-packages/airflow/example_dags/example_sensors.py for tasks to queue
[2025-02-19T19:15:41.602+0000] {logging_mixin.py:190} INFO - [2025-02-19T19:15:41.602+0000] {dagbag.py:588} INFO - Filling up the DagBag from /home/airflow/.local/lib/python3.12/site-packages/airflow/example_dags/example_sensors.py
[2025-02-19T19:15:41.607+0000] {processor.py:925} INFO - DAG(s) 'example_sensors' retrieved from /home/airflow/.local/lib/python3.12/site-packages/airflow/example_dags/example_sensors.py
[2025-02-19T19:15:41.622+0000] {logging_mixin.py:190} INFO - [2025-02-19T19:15:41.622+0000] {dag.py:3239} INFO - Sync 1 DAGs
[2025-02-19T19:15:41.631+0000] {logging_mixin.py:190} INFO - [2025-02-19T19:15:41.631+0000] {dag.py:4180} INFO - Setting next_dagrun for example_sensors to None, run_after=None
[2025-02-19T19:15:41.642+0000] {processor.py:208} INFO - Processing /home/airflow/.local/lib/python3.12/site-packages/airflow/example_dags/example_sensors.py took 0.044 seconds
[2025-02-19T19:16:12.213+0000] {processor.py:186} INFO - Started process (PID=15050) to work on /home/airflow/.local/lib/python3.12/site-packages/airflow/example_dags/example_sensors.py
[2025-02-19T19:16:12.213+0000] {processor.py:914} INFO - Processing file /home/airflow/.local/lib/python3.12/site-packages/airflow/example_dags/example_sensors.py for tasks to queue
[2025-02-19T19:16:12.214+0000] {logging_mixin.py:190} INFO - [2025-02-19T19:16:12.214+0000] {dagbag.py:588} INFO - Filling up the DagBag from /home/airflow/.local/lib/python3.12/site-packages/airflow/example_dags/example_sensors.py
[2025-02-19T19:16:12.219+0000] {processor.py:925} INFO - DAG(s) 'example_sensors' retrieved from /home/airflow/.local/lib/python3.12/site-packages/airflow/example_dags/example_sensors.py
[2025-02-19T19:16:12.231+0000] {logging_mixin.py:190} INFO - [2025-02-19T19:16:12.231+0000] {dag.py:3239} INFO - Sync 1 DAGs
[2025-02-19T19:16:12.239+0000] {logging_mixin.py:190} INFO - [2025-02-19T19:16:12.239+0000] {dag.py:4180} INFO - Setting next_dagrun for example_sensors to None, run_after=None
[2025-02-19T19:16:12.252+0000] {processor.py:208} INFO - Processing /home/airflow/.local/lib/python3.12/site-packages/airflow/example_dags/example_sensors.py took 0.042 seconds
[2025-02-19T19:16:42.930+0000] {processor.py:186} INFO - Started process (PID=15344) to work on /home/airflow/.local/lib/python3.12/site-packages/airflow/example_dags/example_sensors.py
[2025-02-19T19:16:42.931+0000] {processor.py:914} INFO - Processing file /home/airflow/.local/lib/python3.12/site-packages/airflow/example_dags/example_sensors.py for tasks to queue
[2025-02-19T19:16:42.932+0000] {logging_mixin.py:190} INFO - [2025-02-19T19:16:42.931+0000] {dagbag.py:588} INFO - Filling up the DagBag from /home/airflow/.local/lib/python3.12/site-packages/airflow/example_dags/example_sensors.py
[2025-02-19T19:16:42.938+0000] {processor.py:925} INFO - DAG(s) 'example_sensors' retrieved from /home/airflow/.local/lib/python3.12/site-packages/airflow/example_dags/example_sensors.py
[2025-02-19T19:16:42.951+0000] {logging_mixin.py:190} INFO - [2025-02-19T19:16:42.950+0000] {dag.py:3239} INFO - Sync 1 DAGs
[2025-02-19T19:16:42.958+0000] {logging_mixin.py:190} INFO - [2025-02-19T19:16:42.958+0000] {dag.py:4180} INFO - Setting next_dagrun for example_sensors to None, run_after=None
[2025-02-19T19:16:42.969+0000] {processor.py:208} INFO - Processing /home/airflow/.local/lib/python3.12/site-packages/airflow/example_dags/example_sensors.py took 0.041 seconds
[2025-02-19T19:17:13.639+0000] {processor.py:186} INFO - Started process (PID=15652) to work on /home/airflow/.local/lib/python3.12/site-packages/airflow/example_dags/example_sensors.py
[2025-02-19T19:17:13.639+0000] {processor.py:914} INFO - Processing file /home/airflow/.local/lib/python3.12/site-packages/airflow/example_dags/example_sensors.py for tasks to queue
[2025-02-19T19:17:13.640+0000] {logging_mixin.py:190} INFO - [2025-02-19T19:17:13.640+0000] {dagbag.py:588} INFO - Filling up the DagBag from /home/airflow/.local/lib/python3.12/site-packages/airflow/example_dags/example_sensors.py
[2025-02-19T19:17:13.645+0000] {processor.py:925} INFO - DAG(s) 'example_sensors' retrieved from /home/airflow/.local/lib/python3.12/site-packages/airflow/example_dags/example_sensors.py
[2025-02-19T19:17:13.659+0000] {logging_mixin.py:190} INFO - [2025-02-19T19:17:13.659+0000] {dag.py:3239} INFO - Sync 1 DAGs
[2025-02-19T19:17:13.666+0000] {logging_mixin.py:190} INFO - [2025-02-19T19:17:13.666+0000] {dag.py:4180} INFO - Setting next_dagrun for example_sensors to None, run_after=None
[2025-02-19T19:17:13.676+0000] {processor.py:208} INFO - Processing /home/airflow/.local/lib/python3.12/site-packages/airflow/example_dags/example_sensors.py took 0.039 seconds
[2025-02-19T19:17:44.457+0000] {processor.py:186} INFO - Started process (PID=15948) to work on /home/airflow/.local/lib/python3.12/site-packages/airflow/example_dags/example_sensors.py
[2025-02-19T19:17:44.458+0000] {processor.py:914} INFO - Processing file /home/airflow/.local/lib/python3.12/site-packages/airflow/example_dags/example_sensors.py for tasks to queue
[2025-02-19T19:17:44.459+0000] {logging_mixin.py:190} INFO - [2025-02-19T19:17:44.459+0000] {dagbag.py:588} INFO - Filling up the DagBag from /home/airflow/.local/lib/python3.12/site-packages/airflow/example_dags/example_sensors.py
[2025-02-19T19:17:44.466+0000] {processor.py:925} INFO - DAG(s) 'example_sensors' retrieved from /home/airflow/.local/lib/python3.12/site-packages/airflow/example_dags/example_sensors.py
[2025-02-19T19:17:44.486+0000] {logging_mixin.py:190} INFO - [2025-02-19T19:17:44.486+0000] {dag.py:3239} INFO - Sync 1 DAGs
[2025-02-19T19:17:44.494+0000] {logging_mixin.py:190} INFO - [2025-02-19T19:17:44.494+0000] {dag.py:4180} INFO - Setting next_dagrun for example_sensors to None, run_after=None
[2025-02-19T19:17:44.518+0000] {processor.py:208} INFO - Processing /home/airflow/.local/lib/python3.12/site-packages/airflow/example_dags/example_sensors.py took 0.064 seconds
[2025-02-19T19:18:14.779+0000] {processor.py:186} INFO - Started process (PID=16256) to work on /home/airflow/.local/lib/python3.12/site-packages/airflow/example_dags/example_sensors.py
[2025-02-19T19:18:14.780+0000] {processor.py:914} INFO - Processing file /home/airflow/.local/lib/python3.12/site-packages/airflow/example_dags/example_sensors.py for tasks to queue
[2025-02-19T19:18:14.781+0000] {logging_mixin.py:190} INFO - [2025-02-19T19:18:14.781+0000] {dagbag.py:588} INFO - Filling up the DagBag from /home/airflow/.local/lib/python3.12/site-packages/airflow/example_dags/example_sensors.py
[2025-02-19T19:18:14.786+0000] {processor.py:925} INFO - DAG(s) 'example_sensors' retrieved from /home/airflow/.local/lib/python3.12/site-packages/airflow/example_dags/example_sensors.py
[2025-02-19T19:18:14.800+0000] {logging_mixin.py:190} INFO - [2025-02-19T19:18:14.800+0000] {dag.py:3239} INFO - Sync 1 DAGs
[2025-02-19T19:18:14.807+0000] {logging_mixin.py:190} INFO - [2025-02-19T19:18:14.807+0000] {dag.py:4180} INFO - Setting next_dagrun for example_sensors to None, run_after=None
[2025-02-19T19:18:14.814+0000] {processor.py:208} INFO - Processing /home/airflow/.local/lib/python3.12/site-packages/airflow/example_dags/example_sensors.py took 0.038 seconds
[2025-02-19T19:18:45.558+0000] {processor.py:186} INFO - Started process (PID=16552) to work on /home/airflow/.local/lib/python3.12/site-packages/airflow/example_dags/example_sensors.py
[2025-02-19T19:18:45.558+0000] {processor.py:914} INFO - Processing file /home/airflow/.local/lib/python3.12/site-packages/airflow/example_dags/example_sensors.py for tasks to queue
[2025-02-19T19:18:45.560+0000] {logging_mixin.py:190} INFO - [2025-02-19T19:18:45.559+0000] {dagbag.py:588} INFO - Filling up the DagBag from /home/airflow/.local/lib/python3.12/site-packages/airflow/example_dags/example_sensors.py
[2025-02-19T19:18:45.565+0000] {processor.py:925} INFO - DAG(s) 'example_sensors' retrieved from /home/airflow/.local/lib/python3.12/site-packages/airflow/example_dags/example_sensors.py
[2025-02-19T19:18:45.581+0000] {logging_mixin.py:190} INFO - [2025-02-19T19:18:45.581+0000] {dag.py:3239} INFO - Sync 1 DAGs
[2025-02-19T19:18:45.591+0000] {logging_mixin.py:190} INFO - [2025-02-19T19:18:45.590+0000] {dag.py:4180} INFO - Setting next_dagrun for example_sensors to None, run_after=None
[2025-02-19T19:18:45.598+0000] {processor.py:208} INFO - Processing /home/airflow/.local/lib/python3.12/site-packages/airflow/example_dags/example_sensors.py took 0.043 seconds
[2025-02-19T19:19:16.416+0000] {processor.py:186} INFO - Started process (PID=16860) to work on /home/airflow/.local/lib/python3.12/site-packages/airflow/example_dags/example_sensors.py
[2025-02-19T19:19:16.417+0000] {processor.py:914} INFO - Processing file /home/airflow/.local/lib/python3.12/site-packages/airflow/example_dags/example_sensors.py for tasks to queue
[2025-02-19T19:19:16.417+0000] {logging_mixin.py:190} INFO - [2025-02-19T19:19:16.417+0000] {dagbag.py:588} INFO - Filling up the DagBag from /home/airflow/.local/lib/python3.12/site-packages/airflow/example_dags/example_sensors.py
[2025-02-19T19:19:16.424+0000] {processor.py:925} INFO - DAG(s) 'example_sensors' retrieved from /home/airflow/.local/lib/python3.12/site-packages/airflow/example_dags/example_sensors.py
[2025-02-19T19:19:16.434+0000] {logging_mixin.py:190} INFO - [2025-02-19T19:19:16.434+0000] {dag.py:3239} INFO - Sync 1 DAGs
[2025-02-19T19:19:16.440+0000] {logging_mixin.py:190} INFO - [2025-02-19T19:19:16.440+0000] {dag.py:4180} INFO - Setting next_dagrun for example_sensors to None, run_after=None
[2025-02-19T19:19:16.453+0000] {processor.py:208} INFO - Processing /home/airflow/.local/lib/python3.12/site-packages/airflow/example_dags/example_sensors.py took 0.039 seconds
