[2025-02-19T18:33:03.630+0000] {processor.py:186} INFO - Started process (PID=246) to work on /home/airflow/.local/lib/python3.12/site-packages/airflow/example_dags/example_complex.py
[2025-02-19T18:33:03.630+0000] {processor.py:914} INFO - Processing file /home/airflow/.local/lib/python3.12/site-packages/airflow/example_dags/example_complex.py for tasks to queue
[2025-02-19T18:33:03.632+0000] {logging_mixin.py:190} INFO - [2025-02-19T18:33:03.632+0000] {dagbag.py:588} INFO - Filling up the DagBag from /home/airflow/.local/lib/python3.12/site-packages/airflow/example_dags/example_complex.py
[2025-02-19T18:33:03.638+0000] {processor.py:925} INFO - DAG(s) 'example_complex' retrieved from /home/airflow/.local/lib/python3.12/site-packages/airflow/example_dags/example_complex.py
[2025-02-19T18:33:03.657+0000] {logging_mixin.py:190} INFO - [2025-02-19T18:33:03.657+0000] {dag.py:3239} INFO - Sync 1 DAGs
[2025-02-19T18:33:03.664+0000] {logging_mixin.py:190} INFO - [2025-02-19T18:33:03.664+0000] {dag.py:4180} INFO - Setting next_dagrun for example_complex to None, run_after=None
[2025-02-19T18:33:03.672+0000] {processor.py:208} INFO - Processing /home/airflow/.local/lib/python3.12/site-packages/airflow/example_dags/example_complex.py took 0.046 seconds
[2025-02-19T18:39:56.668+0000] {processor.py:186} INFO - Started process (PID=237) to work on /home/airflow/.local/lib/python3.12/site-packages/airflow/example_dags/example_complex.py
[2025-02-19T18:39:56.670+0000] {processor.py:914} INFO - Processing file /home/airflow/.local/lib/python3.12/site-packages/airflow/example_dags/example_complex.py for tasks to queue
[2025-02-19T18:39:56.673+0000] {logging_mixin.py:190} INFO - [2025-02-19T18:39:56.673+0000] {dagbag.py:588} INFO - Filling up the DagBag from /home/airflow/.local/lib/python3.12/site-packages/airflow/example_dags/example_complex.py
[2025-02-19T18:39:56.680+0000] {processor.py:925} INFO - DAG(s) 'example_complex' retrieved from /home/airflow/.local/lib/python3.12/site-packages/airflow/example_dags/example_complex.py
[2025-02-19T18:39:56.702+0000] {logging_mixin.py:190} INFO - [2025-02-19T18:39:56.702+0000] {dag.py:3239} INFO - Sync 1 DAGs
[2025-02-19T18:39:56.710+0000] {logging_mixin.py:190} INFO - [2025-02-19T18:39:56.710+0000] {dag.py:4180} INFO - Setting next_dagrun for example_complex to None, run_after=None
[2025-02-19T18:39:56.718+0000] {processor.py:208} INFO - Processing /home/airflow/.local/lib/python3.12/site-packages/airflow/example_dags/example_complex.py took 0.054 seconds
[2025-02-19T18:40:27.390+0000] {processor.py:186} INFO - Started process (PID=534) to work on /home/airflow/.local/lib/python3.12/site-packages/airflow/example_dags/example_complex.py
[2025-02-19T18:40:27.391+0000] {processor.py:914} INFO - Processing file /home/airflow/.local/lib/python3.12/site-packages/airflow/example_dags/example_complex.py for tasks to queue
[2025-02-19T18:40:27.391+0000] {logging_mixin.py:190} INFO - [2025-02-19T18:40:27.391+0000] {dagbag.py:588} INFO - Filling up the DagBag from /home/airflow/.local/lib/python3.12/site-packages/airflow/example_dags/example_complex.py
[2025-02-19T18:40:27.396+0000] {processor.py:925} INFO - DAG(s) 'example_complex' retrieved from /home/airflow/.local/lib/python3.12/site-packages/airflow/example_dags/example_complex.py
[2025-02-19T18:40:27.408+0000] {logging_mixin.py:190} INFO - [2025-02-19T18:40:27.408+0000] {dag.py:3239} INFO - Sync 1 DAGs
[2025-02-19T18:40:27.413+0000] {logging_mixin.py:190} INFO - [2025-02-19T18:40:27.413+0000] {dag.py:4180} INFO - Setting next_dagrun for example_complex to None, run_after=None
[2025-02-19T18:40:27.419+0000] {processor.py:208} INFO - Processing /home/airflow/.local/lib/python3.12/site-packages/airflow/example_dags/example_complex.py took 0.031 seconds
[2025-02-19T18:40:58.414+0000] {processor.py:186} INFO - Started process (PID=834) to work on /home/airflow/.local/lib/python3.12/site-packages/airflow/example_dags/example_complex.py
[2025-02-19T18:40:58.417+0000] {processor.py:914} INFO - Processing file /home/airflow/.local/lib/python3.12/site-packages/airflow/example_dags/example_complex.py for tasks to queue
[2025-02-19T18:40:58.418+0000] {logging_mixin.py:190} INFO - [2025-02-19T18:40:58.418+0000] {dagbag.py:588} INFO - Filling up the DagBag from /home/airflow/.local/lib/python3.12/site-packages/airflow/example_dags/example_complex.py
[2025-02-19T18:40:58.423+0000] {processor.py:925} INFO - DAG(s) 'example_complex' retrieved from /home/airflow/.local/lib/python3.12/site-packages/airflow/example_dags/example_complex.py
[2025-02-19T18:40:58.437+0000] {logging_mixin.py:190} INFO - [2025-02-19T18:40:58.437+0000] {dag.py:3239} INFO - Sync 1 DAGs
[2025-02-19T18:40:58.443+0000] {logging_mixin.py:190} INFO - [2025-02-19T18:40:58.443+0000] {dag.py:4180} INFO - Setting next_dagrun for example_complex to None, run_after=None
[2025-02-19T18:40:58.450+0000] {processor.py:208} INFO - Processing /home/airflow/.local/lib/python3.12/site-packages/airflow/example_dags/example_complex.py took 0.039 seconds
[2025-02-19T18:41:29.055+0000] {processor.py:186} INFO - Started process (PID=1132) to work on /home/airflow/.local/lib/python3.12/site-packages/airflow/example_dags/example_complex.py
[2025-02-19T18:41:29.056+0000] {processor.py:914} INFO - Processing file /home/airflow/.local/lib/python3.12/site-packages/airflow/example_dags/example_complex.py for tasks to queue
[2025-02-19T18:41:29.057+0000] {logging_mixin.py:190} INFO - [2025-02-19T18:41:29.057+0000] {dagbag.py:588} INFO - Filling up the DagBag from /home/airflow/.local/lib/python3.12/site-packages/airflow/example_dags/example_complex.py
[2025-02-19T18:41:29.062+0000] {processor.py:925} INFO - DAG(s) 'example_complex' retrieved from /home/airflow/.local/lib/python3.12/site-packages/airflow/example_dags/example_complex.py
[2025-02-19T18:41:29.075+0000] {logging_mixin.py:190} INFO - [2025-02-19T18:41:29.075+0000] {dag.py:3239} INFO - Sync 1 DAGs
[2025-02-19T18:41:29.080+0000] {logging_mixin.py:190} INFO - [2025-02-19T18:41:29.080+0000] {dag.py:4180} INFO - Setting next_dagrun for example_complex to None, run_after=None
[2025-02-19T18:41:29.086+0000] {processor.py:208} INFO - Processing /home/airflow/.local/lib/python3.12/site-packages/airflow/example_dags/example_complex.py took 0.034 seconds
[2025-02-19T18:41:59.588+0000] {processor.py:186} INFO - Started process (PID=1426) to work on /home/airflow/.local/lib/python3.12/site-packages/airflow/example_dags/example_complex.py
[2025-02-19T18:41:59.592+0000] {processor.py:914} INFO - Processing file /home/airflow/.local/lib/python3.12/site-packages/airflow/example_dags/example_complex.py for tasks to queue
[2025-02-19T18:41:59.593+0000] {logging_mixin.py:190} INFO - [2025-02-19T18:41:59.593+0000] {dagbag.py:588} INFO - Filling up the DagBag from /home/airflow/.local/lib/python3.12/site-packages/airflow/example_dags/example_complex.py
[2025-02-19T18:41:59.599+0000] {processor.py:925} INFO - DAG(s) 'example_complex' retrieved from /home/airflow/.local/lib/python3.12/site-packages/airflow/example_dags/example_complex.py
[2025-02-19T18:41:59.612+0000] {logging_mixin.py:190} INFO - [2025-02-19T18:41:59.612+0000] {dag.py:3239} INFO - Sync 1 DAGs
[2025-02-19T18:41:59.618+0000] {logging_mixin.py:190} INFO - [2025-02-19T18:41:59.618+0000] {dag.py:4180} INFO - Setting next_dagrun for example_complex to None, run_after=None
[2025-02-19T18:41:59.624+0000] {processor.py:208} INFO - Processing /home/airflow/.local/lib/python3.12/site-packages/airflow/example_dags/example_complex.py took 0.039 seconds
[2025-02-19T18:42:29.986+0000] {processor.py:186} INFO - Started process (PID=1722) to work on /home/airflow/.local/lib/python3.12/site-packages/airflow/example_dags/example_complex.py
[2025-02-19T18:42:29.986+0000] {processor.py:914} INFO - Processing file /home/airflow/.local/lib/python3.12/site-packages/airflow/example_dags/example_complex.py for tasks to queue
[2025-02-19T18:42:29.987+0000] {logging_mixin.py:190} INFO - [2025-02-19T18:42:29.987+0000] {dagbag.py:588} INFO - Filling up the DagBag from /home/airflow/.local/lib/python3.12/site-packages/airflow/example_dags/example_complex.py
[2025-02-19T18:42:29.992+0000] {processor.py:925} INFO - DAG(s) 'example_complex' retrieved from /home/airflow/.local/lib/python3.12/site-packages/airflow/example_dags/example_complex.py
[2025-02-19T18:42:30.005+0000] {logging_mixin.py:190} INFO - [2025-02-19T18:42:30.005+0000] {dag.py:3239} INFO - Sync 1 DAGs
[2025-02-19T18:42:30.010+0000] {logging_mixin.py:190} INFO - [2025-02-19T18:42:30.010+0000] {dag.py:4180} INFO - Setting next_dagrun for example_complex to None, run_after=None
[2025-02-19T18:42:30.017+0000] {processor.py:208} INFO - Processing /home/airflow/.local/lib/python3.12/site-packages/airflow/example_dags/example_complex.py took 0.034 seconds
[2025-02-19T18:43:00.423+0000] {processor.py:186} INFO - Started process (PID=2018) to work on /home/airflow/.local/lib/python3.12/site-packages/airflow/example_dags/example_complex.py
[2025-02-19T18:43:00.423+0000] {processor.py:914} INFO - Processing file /home/airflow/.local/lib/python3.12/site-packages/airflow/example_dags/example_complex.py for tasks to queue
[2025-02-19T18:43:00.424+0000] {logging_mixin.py:190} INFO - [2025-02-19T18:43:00.424+0000] {dagbag.py:588} INFO - Filling up the DagBag from /home/airflow/.local/lib/python3.12/site-packages/airflow/example_dags/example_complex.py
[2025-02-19T18:43:00.429+0000] {processor.py:925} INFO - DAG(s) 'example_complex' retrieved from /home/airflow/.local/lib/python3.12/site-packages/airflow/example_dags/example_complex.py
[2025-02-19T18:43:00.443+0000] {logging_mixin.py:190} INFO - [2025-02-19T18:43:00.443+0000] {dag.py:3239} INFO - Sync 1 DAGs
[2025-02-19T18:43:00.448+0000] {logging_mixin.py:190} INFO - [2025-02-19T18:43:00.448+0000] {dag.py:4180} INFO - Setting next_dagrun for example_complex to None, run_after=None
[2025-02-19T18:43:00.456+0000] {processor.py:208} INFO - Processing /home/airflow/.local/lib/python3.12/site-packages/airflow/example_dags/example_complex.py took 0.036 seconds
[2025-02-19T18:43:30.846+0000] {processor.py:186} INFO - Started process (PID=2314) to work on /home/airflow/.local/lib/python3.12/site-packages/airflow/example_dags/example_complex.py
[2025-02-19T18:43:30.849+0000] {processor.py:914} INFO - Processing file /home/airflow/.local/lib/python3.12/site-packages/airflow/example_dags/example_complex.py for tasks to queue
[2025-02-19T18:43:30.850+0000] {logging_mixin.py:190} INFO - [2025-02-19T18:43:30.850+0000] {dagbag.py:588} INFO - Filling up the DagBag from /home/airflow/.local/lib/python3.12/site-packages/airflow/example_dags/example_complex.py
[2025-02-19T18:43:30.855+0000] {processor.py:925} INFO - DAG(s) 'example_complex' retrieved from /home/airflow/.local/lib/python3.12/site-packages/airflow/example_dags/example_complex.py
[2025-02-19T18:43:30.869+0000] {logging_mixin.py:190} INFO - [2025-02-19T18:43:30.868+0000] {dag.py:3239} INFO - Sync 1 DAGs
[2025-02-19T18:43:30.875+0000] {logging_mixin.py:190} INFO - [2025-02-19T18:43:30.875+0000] {dag.py:4180} INFO - Setting next_dagrun for example_complex to None, run_after=None
[2025-02-19T18:43:30.881+0000] {processor.py:208} INFO - Processing /home/airflow/.local/lib/python3.12/site-packages/airflow/example_dags/example_complex.py took 0.038 seconds
[2025-02-19T18:44:01.327+0000] {processor.py:186} INFO - Started process (PID=2610) to work on /home/airflow/.local/lib/python3.12/site-packages/airflow/example_dags/example_complex.py
[2025-02-19T18:44:01.328+0000] {processor.py:914} INFO - Processing file /home/airflow/.local/lib/python3.12/site-packages/airflow/example_dags/example_complex.py for tasks to queue
[2025-02-19T18:44:01.330+0000] {logging_mixin.py:190} INFO - [2025-02-19T18:44:01.329+0000] {dagbag.py:588} INFO - Filling up the DagBag from /home/airflow/.local/lib/python3.12/site-packages/airflow/example_dags/example_complex.py
[2025-02-19T18:44:01.336+0000] {processor.py:925} INFO - DAG(s) 'example_complex' retrieved from /home/airflow/.local/lib/python3.12/site-packages/airflow/example_dags/example_complex.py
[2025-02-19T18:44:01.350+0000] {logging_mixin.py:190} INFO - [2025-02-19T18:44:01.350+0000] {dag.py:3239} INFO - Sync 1 DAGs
[2025-02-19T18:44:01.356+0000] {logging_mixin.py:190} INFO - [2025-02-19T18:44:01.355+0000] {dag.py:4180} INFO - Setting next_dagrun for example_complex to None, run_after=None
[2025-02-19T18:44:01.364+0000] {processor.py:208} INFO - Processing /home/airflow/.local/lib/python3.12/site-packages/airflow/example_dags/example_complex.py took 0.040 seconds
[2025-02-19T18:44:31.786+0000] {processor.py:186} INFO - Started process (PID=2908) to work on /home/airflow/.local/lib/python3.12/site-packages/airflow/example_dags/example_complex.py
[2025-02-19T18:44:31.787+0000] {processor.py:914} INFO - Processing file /home/airflow/.local/lib/python3.12/site-packages/airflow/example_dags/example_complex.py for tasks to queue
[2025-02-19T18:44:31.787+0000] {logging_mixin.py:190} INFO - [2025-02-19T18:44:31.787+0000] {dagbag.py:588} INFO - Filling up the DagBag from /home/airflow/.local/lib/python3.12/site-packages/airflow/example_dags/example_complex.py
[2025-02-19T18:44:31.792+0000] {processor.py:925} INFO - DAG(s) 'example_complex' retrieved from /home/airflow/.local/lib/python3.12/site-packages/airflow/example_dags/example_complex.py
[2025-02-19T18:44:31.804+0000] {logging_mixin.py:190} INFO - [2025-02-19T18:44:31.804+0000] {dag.py:3239} INFO - Sync 1 DAGs
[2025-02-19T18:44:31.809+0000] {logging_mixin.py:190} INFO - [2025-02-19T18:44:31.808+0000] {dag.py:4180} INFO - Setting next_dagrun for example_complex to None, run_after=None
[2025-02-19T18:44:31.815+0000] {processor.py:208} INFO - Processing /home/airflow/.local/lib/python3.12/site-packages/airflow/example_dags/example_complex.py took 0.031 seconds
[2025-02-19T18:45:02.247+0000] {processor.py:186} INFO - Started process (PID=3202) to work on /home/airflow/.local/lib/python3.12/site-packages/airflow/example_dags/example_complex.py
[2025-02-19T18:45:02.250+0000] {processor.py:914} INFO - Processing file /home/airflow/.local/lib/python3.12/site-packages/airflow/example_dags/example_complex.py for tasks to queue
[2025-02-19T18:45:02.251+0000] {logging_mixin.py:190} INFO - [2025-02-19T18:45:02.251+0000] {dagbag.py:588} INFO - Filling up the DagBag from /home/airflow/.local/lib/python3.12/site-packages/airflow/example_dags/example_complex.py
[2025-02-19T18:45:02.256+0000] {processor.py:925} INFO - DAG(s) 'example_complex' retrieved from /home/airflow/.local/lib/python3.12/site-packages/airflow/example_dags/example_complex.py
[2025-02-19T18:45:02.269+0000] {logging_mixin.py:190} INFO - [2025-02-19T18:45:02.269+0000] {dag.py:3239} INFO - Sync 1 DAGs
[2025-02-19T18:45:02.275+0000] {logging_mixin.py:190} INFO - [2025-02-19T18:45:02.274+0000] {dag.py:4180} INFO - Setting next_dagrun for example_complex to None, run_after=None
[2025-02-19T18:45:02.283+0000] {processor.py:208} INFO - Processing /home/airflow/.local/lib/python3.12/site-packages/airflow/example_dags/example_complex.py took 0.038 seconds
[2025-02-19T18:45:32.727+0000] {processor.py:186} INFO - Started process (PID=3500) to work on /home/airflow/.local/lib/python3.12/site-packages/airflow/example_dags/example_complex.py
[2025-02-19T18:45:32.727+0000] {processor.py:914} INFO - Processing file /home/airflow/.local/lib/python3.12/site-packages/airflow/example_dags/example_complex.py for tasks to queue
[2025-02-19T18:45:32.728+0000] {logging_mixin.py:190} INFO - [2025-02-19T18:45:32.728+0000] {dagbag.py:588} INFO - Filling up the DagBag from /home/airflow/.local/lib/python3.12/site-packages/airflow/example_dags/example_complex.py
[2025-02-19T18:45:32.734+0000] {processor.py:925} INFO - DAG(s) 'example_complex' retrieved from /home/airflow/.local/lib/python3.12/site-packages/airflow/example_dags/example_complex.py
[2025-02-19T18:45:32.747+0000] {logging_mixin.py:190} INFO - [2025-02-19T18:45:32.747+0000] {dag.py:3239} INFO - Sync 1 DAGs
[2025-02-19T18:45:32.754+0000] {logging_mixin.py:190} INFO - [2025-02-19T18:45:32.754+0000] {dag.py:4180} INFO - Setting next_dagrun for example_complex to None, run_after=None
[2025-02-19T18:45:32.764+0000] {processor.py:208} INFO - Processing /home/airflow/.local/lib/python3.12/site-packages/airflow/example_dags/example_complex.py took 0.040 seconds
[2025-02-19T18:46:03.173+0000] {processor.py:186} INFO - Started process (PID=3794) to work on /home/airflow/.local/lib/python3.12/site-packages/airflow/example_dags/example_complex.py
[2025-02-19T18:46:03.174+0000] {processor.py:914} INFO - Processing file /home/airflow/.local/lib/python3.12/site-packages/airflow/example_dags/example_complex.py for tasks to queue
[2025-02-19T18:46:03.175+0000] {logging_mixin.py:190} INFO - [2025-02-19T18:46:03.175+0000] {dagbag.py:588} INFO - Filling up the DagBag from /home/airflow/.local/lib/python3.12/site-packages/airflow/example_dags/example_complex.py
[2025-02-19T18:46:03.180+0000] {processor.py:925} INFO - DAG(s) 'example_complex' retrieved from /home/airflow/.local/lib/python3.12/site-packages/airflow/example_dags/example_complex.py
[2025-02-19T18:46:03.192+0000] {logging_mixin.py:190} INFO - [2025-02-19T18:46:03.192+0000] {dag.py:3239} INFO - Sync 1 DAGs
[2025-02-19T18:46:03.198+0000] {logging_mixin.py:190} INFO - [2025-02-19T18:46:03.197+0000] {dag.py:4180} INFO - Setting next_dagrun for example_complex to None, run_after=None
[2025-02-19T18:46:03.206+0000] {processor.py:208} INFO - Processing /home/airflow/.local/lib/python3.12/site-packages/airflow/example_dags/example_complex.py took 0.036 seconds
[2025-02-19T18:46:33.780+0000] {processor.py:186} INFO - Started process (PID=4090) to work on /home/airflow/.local/lib/python3.12/site-packages/airflow/example_dags/example_complex.py
[2025-02-19T18:46:33.784+0000] {processor.py:914} INFO - Processing file /home/airflow/.local/lib/python3.12/site-packages/airflow/example_dags/example_complex.py for tasks to queue
[2025-02-19T18:46:33.785+0000] {logging_mixin.py:190} INFO - [2025-02-19T18:46:33.785+0000] {dagbag.py:588} INFO - Filling up the DagBag from /home/airflow/.local/lib/python3.12/site-packages/airflow/example_dags/example_complex.py
[2025-02-19T18:46:33.791+0000] {processor.py:925} INFO - DAG(s) 'example_complex' retrieved from /home/airflow/.local/lib/python3.12/site-packages/airflow/example_dags/example_complex.py
[2025-02-19T18:46:33.808+0000] {logging_mixin.py:190} INFO - [2025-02-19T18:46:33.808+0000] {dag.py:3239} INFO - Sync 1 DAGs
[2025-02-19T18:46:33.814+0000] {logging_mixin.py:190} INFO - [2025-02-19T18:46:33.814+0000] {dag.py:4180} INFO - Setting next_dagrun for example_complex to None, run_after=None
[2025-02-19T18:46:33.822+0000] {processor.py:208} INFO - Processing /home/airflow/.local/lib/python3.12/site-packages/airflow/example_dags/example_complex.py took 0.045 seconds
[2025-02-19T18:47:04.253+0000] {processor.py:186} INFO - Started process (PID=4386) to work on /home/airflow/.local/lib/python3.12/site-packages/airflow/example_dags/example_complex.py
[2025-02-19T18:47:04.255+0000] {processor.py:914} INFO - Processing file /home/airflow/.local/lib/python3.12/site-packages/airflow/example_dags/example_complex.py for tasks to queue
[2025-02-19T18:47:04.257+0000] {logging_mixin.py:190} INFO - [2025-02-19T18:47:04.256+0000] {dagbag.py:588} INFO - Filling up the DagBag from /home/airflow/.local/lib/python3.12/site-packages/airflow/example_dags/example_complex.py
[2025-02-19T18:47:04.262+0000] {processor.py:925} INFO - DAG(s) 'example_complex' retrieved from /home/airflow/.local/lib/python3.12/site-packages/airflow/example_dags/example_complex.py
[2025-02-19T18:47:04.276+0000] {logging_mixin.py:190} INFO - [2025-02-19T18:47:04.276+0000] {dag.py:3239} INFO - Sync 1 DAGs
[2025-02-19T18:47:04.282+0000] {logging_mixin.py:190} INFO - [2025-02-19T18:47:04.281+0000] {dag.py:4180} INFO - Setting next_dagrun for example_complex to None, run_after=None
[2025-02-19T18:47:04.288+0000] {processor.py:208} INFO - Processing /home/airflow/.local/lib/python3.12/site-packages/airflow/example_dags/example_complex.py took 0.038 seconds
[2025-02-19T18:47:34.607+0000] {processor.py:186} INFO - Started process (PID=4684) to work on /home/airflow/.local/lib/python3.12/site-packages/airflow/example_dags/example_complex.py
[2025-02-19T18:47:34.607+0000] {processor.py:914} INFO - Processing file /home/airflow/.local/lib/python3.12/site-packages/airflow/example_dags/example_complex.py for tasks to queue
[2025-02-19T18:47:34.608+0000] {logging_mixin.py:190} INFO - [2025-02-19T18:47:34.608+0000] {dagbag.py:588} INFO - Filling up the DagBag from /home/airflow/.local/lib/python3.12/site-packages/airflow/example_dags/example_complex.py
[2025-02-19T18:47:34.613+0000] {processor.py:925} INFO - DAG(s) 'example_complex' retrieved from /home/airflow/.local/lib/python3.12/site-packages/airflow/example_dags/example_complex.py
[2025-02-19T18:47:34.624+0000] {logging_mixin.py:190} INFO - [2025-02-19T18:47:34.624+0000] {dag.py:3239} INFO - Sync 1 DAGs
[2025-02-19T18:47:34.629+0000] {logging_mixin.py:190} INFO - [2025-02-19T18:47:34.629+0000] {dag.py:4180} INFO - Setting next_dagrun for example_complex to None, run_after=None
[2025-02-19T18:47:34.635+0000] {processor.py:208} INFO - Processing /home/airflow/.local/lib/python3.12/site-packages/airflow/example_dags/example_complex.py took 0.031 seconds
[2025-02-19T18:48:04.887+0000] {processor.py:186} INFO - Started process (PID=4978) to work on /home/airflow/.local/lib/python3.12/site-packages/airflow/example_dags/example_complex.py
[2025-02-19T18:48:04.888+0000] {processor.py:914} INFO - Processing file /home/airflow/.local/lib/python3.12/site-packages/airflow/example_dags/example_complex.py for tasks to queue
[2025-02-19T18:48:04.889+0000] {logging_mixin.py:190} INFO - [2025-02-19T18:48:04.889+0000] {dagbag.py:588} INFO - Filling up the DagBag from /home/airflow/.local/lib/python3.12/site-packages/airflow/example_dags/example_complex.py
[2025-02-19T18:48:04.894+0000] {processor.py:925} INFO - DAG(s) 'example_complex' retrieved from /home/airflow/.local/lib/python3.12/site-packages/airflow/example_dags/example_complex.py
[2025-02-19T18:48:04.907+0000] {logging_mixin.py:190} INFO - [2025-02-19T18:48:04.907+0000] {dag.py:3239} INFO - Sync 1 DAGs
[2025-02-19T18:48:04.912+0000] {logging_mixin.py:190} INFO - [2025-02-19T18:48:04.912+0000] {dag.py:4180} INFO - Setting next_dagrun for example_complex to None, run_after=None
[2025-02-19T18:48:04.919+0000] {processor.py:208} INFO - Processing /home/airflow/.local/lib/python3.12/site-packages/airflow/example_dags/example_complex.py took 0.035 seconds
[2025-02-19T18:48:35.427+0000] {processor.py:186} INFO - Started process (PID=5274) to work on /home/airflow/.local/lib/python3.12/site-packages/airflow/example_dags/example_complex.py
[2025-02-19T18:48:35.430+0000] {processor.py:914} INFO - Processing file /home/airflow/.local/lib/python3.12/site-packages/airflow/example_dags/example_complex.py for tasks to queue
[2025-02-19T18:48:35.432+0000] {logging_mixin.py:190} INFO - [2025-02-19T18:48:35.431+0000] {dagbag.py:588} INFO - Filling up the DagBag from /home/airflow/.local/lib/python3.12/site-packages/airflow/example_dags/example_complex.py
[2025-02-19T18:48:35.437+0000] {processor.py:925} INFO - DAG(s) 'example_complex' retrieved from /home/airflow/.local/lib/python3.12/site-packages/airflow/example_dags/example_complex.py
[2025-02-19T18:48:35.452+0000] {logging_mixin.py:190} INFO - [2025-02-19T18:48:35.452+0000] {dag.py:3239} INFO - Sync 1 DAGs
[2025-02-19T18:48:35.457+0000] {logging_mixin.py:190} INFO - [2025-02-19T18:48:35.457+0000] {dag.py:4180} INFO - Setting next_dagrun for example_complex to None, run_after=None
[2025-02-19T18:48:35.471+0000] {processor.py:208} INFO - Processing /home/airflow/.local/lib/python3.12/site-packages/airflow/example_dags/example_complex.py took 0.046 seconds
[2025-02-19T18:49:05.918+0000] {processor.py:186} INFO - Started process (PID=5570) to work on /home/airflow/.local/lib/python3.12/site-packages/airflow/example_dags/example_complex.py
[2025-02-19T18:49:05.919+0000] {processor.py:914} INFO - Processing file /home/airflow/.local/lib/python3.12/site-packages/airflow/example_dags/example_complex.py for tasks to queue
[2025-02-19T18:49:05.921+0000] {logging_mixin.py:190} INFO - [2025-02-19T18:49:05.920+0000] {dagbag.py:588} INFO - Filling up the DagBag from /home/airflow/.local/lib/python3.12/site-packages/airflow/example_dags/example_complex.py
[2025-02-19T18:49:05.926+0000] {processor.py:925} INFO - DAG(s) 'example_complex' retrieved from /home/airflow/.local/lib/python3.12/site-packages/airflow/example_dags/example_complex.py
[2025-02-19T18:49:05.941+0000] {logging_mixin.py:190} INFO - [2025-02-19T18:49:05.941+0000] {dag.py:3239} INFO - Sync 1 DAGs
[2025-02-19T18:49:05.946+0000] {logging_mixin.py:190} INFO - [2025-02-19T18:49:05.946+0000] {dag.py:4180} INFO - Setting next_dagrun for example_complex to None, run_after=None
[2025-02-19T18:49:05.954+0000] {processor.py:208} INFO - Processing /home/airflow/.local/lib/python3.12/site-packages/airflow/example_dags/example_complex.py took 0.039 seconds
[2025-02-19T18:49:36.438+0000] {processor.py:186} INFO - Started process (PID=5866) to work on /home/airflow/.local/lib/python3.12/site-packages/airflow/example_dags/example_complex.py
[2025-02-19T18:49:36.439+0000] {processor.py:914} INFO - Processing file /home/airflow/.local/lib/python3.12/site-packages/airflow/example_dags/example_complex.py for tasks to queue
[2025-02-19T18:49:36.440+0000] {logging_mixin.py:190} INFO - [2025-02-19T18:49:36.440+0000] {dagbag.py:588} INFO - Filling up the DagBag from /home/airflow/.local/lib/python3.12/site-packages/airflow/example_dags/example_complex.py
[2025-02-19T18:49:36.448+0000] {processor.py:925} INFO - DAG(s) 'example_complex' retrieved from /home/airflow/.local/lib/python3.12/site-packages/airflow/example_dags/example_complex.py
[2025-02-19T18:49:36.465+0000] {logging_mixin.py:190} INFO - [2025-02-19T18:49:36.465+0000] {dag.py:3239} INFO - Sync 1 DAGs
[2025-02-19T18:49:36.471+0000] {logging_mixin.py:190} INFO - [2025-02-19T18:49:36.471+0000] {dag.py:4180} INFO - Setting next_dagrun for example_complex to None, run_after=None
[2025-02-19T18:49:36.478+0000] {processor.py:208} INFO - Processing /home/airflow/.local/lib/python3.12/site-packages/airflow/example_dags/example_complex.py took 0.044 seconds
[2025-02-19T18:50:07.176+0000] {processor.py:186} INFO - Started process (PID=6162) to work on /home/airflow/.local/lib/python3.12/site-packages/airflow/example_dags/example_complex.py
[2025-02-19T18:50:07.176+0000] {processor.py:914} INFO - Processing file /home/airflow/.local/lib/python3.12/site-packages/airflow/example_dags/example_complex.py for tasks to queue
[2025-02-19T18:50:07.178+0000] {logging_mixin.py:190} INFO - [2025-02-19T18:50:07.178+0000] {dagbag.py:588} INFO - Filling up the DagBag from /home/airflow/.local/lib/python3.12/site-packages/airflow/example_dags/example_complex.py
[2025-02-19T18:50:07.186+0000] {processor.py:925} INFO - DAG(s) 'example_complex' retrieved from /home/airflow/.local/lib/python3.12/site-packages/airflow/example_dags/example_complex.py
[2025-02-19T18:50:07.204+0000] {logging_mixin.py:190} INFO - [2025-02-19T18:50:07.204+0000] {dag.py:3239} INFO - Sync 1 DAGs
[2025-02-19T18:50:07.211+0000] {logging_mixin.py:190} INFO - [2025-02-19T18:50:07.211+0000] {dag.py:4180} INFO - Setting next_dagrun for example_complex to None, run_after=None
[2025-02-19T18:50:07.223+0000] {processor.py:208} INFO - Processing /home/airflow/.local/lib/python3.12/site-packages/airflow/example_dags/example_complex.py took 0.050 seconds
[2025-02-19T18:50:38.246+0000] {processor.py:186} INFO - Started process (PID=6460) to work on /home/airflow/.local/lib/python3.12/site-packages/airflow/example_dags/example_complex.py
[2025-02-19T18:50:38.246+0000] {processor.py:914} INFO - Processing file /home/airflow/.local/lib/python3.12/site-packages/airflow/example_dags/example_complex.py for tasks to queue
[2025-02-19T18:50:38.247+0000] {logging_mixin.py:190} INFO - [2025-02-19T18:50:38.247+0000] {dagbag.py:588} INFO - Filling up the DagBag from /home/airflow/.local/lib/python3.12/site-packages/airflow/example_dags/example_complex.py
[2025-02-19T18:50:38.252+0000] {processor.py:925} INFO - DAG(s) 'example_complex' retrieved from /home/airflow/.local/lib/python3.12/site-packages/airflow/example_dags/example_complex.py
[2025-02-19T18:50:38.264+0000] {logging_mixin.py:190} INFO - [2025-02-19T18:50:38.263+0000] {dag.py:3239} INFO - Sync 1 DAGs
[2025-02-19T18:50:38.269+0000] {logging_mixin.py:190} INFO - [2025-02-19T18:50:38.268+0000] {dag.py:4180} INFO - Setting next_dagrun for example_complex to None, run_after=None
[2025-02-19T18:50:38.275+0000] {processor.py:208} INFO - Processing /home/airflow/.local/lib/python3.12/site-packages/airflow/example_dags/example_complex.py took 0.032 seconds
[2025-02-19T18:51:11.388+0000] {processor.py:186} INFO - Started process (PID=236) to work on /home/airflow/.local/lib/python3.12/site-packages/airflow/example_dags/example_complex.py
[2025-02-19T18:51:11.388+0000] {processor.py:914} INFO - Processing file /home/airflow/.local/lib/python3.12/site-packages/airflow/example_dags/example_complex.py for tasks to queue
[2025-02-19T18:51:11.390+0000] {logging_mixin.py:190} INFO - [2025-02-19T18:51:11.390+0000] {dagbag.py:588} INFO - Filling up the DagBag from /home/airflow/.local/lib/python3.12/site-packages/airflow/example_dags/example_complex.py
[2025-02-19T18:51:11.399+0000] {processor.py:925} INFO - DAG(s) 'example_complex' retrieved from /home/airflow/.local/lib/python3.12/site-packages/airflow/example_dags/example_complex.py
[2025-02-19T18:51:11.422+0000] {logging_mixin.py:190} INFO - [2025-02-19T18:51:11.422+0000] {dag.py:3239} INFO - Sync 1 DAGs
[2025-02-19T18:51:11.429+0000] {logging_mixin.py:190} INFO - [2025-02-19T18:51:11.429+0000] {dag.py:4180} INFO - Setting next_dagrun for example_complex to None, run_after=None
[2025-02-19T18:51:11.479+0000] {processor.py:208} INFO - Processing /home/airflow/.local/lib/python3.12/site-packages/airflow/example_dags/example_complex.py took 0.095 seconds
[2025-02-19T18:51:41.835+0000] {processor.py:186} INFO - Started process (PID=532) to work on /home/airflow/.local/lib/python3.12/site-packages/airflow/example_dags/example_complex.py
[2025-02-19T18:51:41.836+0000] {processor.py:914} INFO - Processing file /home/airflow/.local/lib/python3.12/site-packages/airflow/example_dags/example_complex.py for tasks to queue
[2025-02-19T18:51:41.837+0000] {logging_mixin.py:190} INFO - [2025-02-19T18:51:41.837+0000] {dagbag.py:588} INFO - Filling up the DagBag from /home/airflow/.local/lib/python3.12/site-packages/airflow/example_dags/example_complex.py
[2025-02-19T18:51:41.842+0000] {processor.py:925} INFO - DAG(s) 'example_complex' retrieved from /home/airflow/.local/lib/python3.12/site-packages/airflow/example_dags/example_complex.py
[2025-02-19T18:51:41.854+0000] {logging_mixin.py:190} INFO - [2025-02-19T18:51:41.854+0000] {dag.py:3239} INFO - Sync 1 DAGs
[2025-02-19T18:51:41.859+0000] {logging_mixin.py:190} INFO - [2025-02-19T18:51:41.859+0000] {dag.py:4180} INFO - Setting next_dagrun for example_complex to None, run_after=None
[2025-02-19T18:51:41.867+0000] {processor.py:208} INFO - Processing /home/airflow/.local/lib/python3.12/site-packages/airflow/example_dags/example_complex.py took 0.034 seconds
[2025-02-19T18:52:12.786+0000] {processor.py:186} INFO - Started process (PID=828) to work on /home/airflow/.local/lib/python3.12/site-packages/airflow/example_dags/example_complex.py
[2025-02-19T18:52:12.786+0000] {processor.py:914} INFO - Processing file /home/airflow/.local/lib/python3.12/site-packages/airflow/example_dags/example_complex.py for tasks to queue
[2025-02-19T18:52:12.787+0000] {logging_mixin.py:190} INFO - [2025-02-19T18:52:12.787+0000] {dagbag.py:588} INFO - Filling up the DagBag from /home/airflow/.local/lib/python3.12/site-packages/airflow/example_dags/example_complex.py
[2025-02-19T18:52:12.792+0000] {processor.py:925} INFO - DAG(s) 'example_complex' retrieved from /home/airflow/.local/lib/python3.12/site-packages/airflow/example_dags/example_complex.py
[2025-02-19T18:52:12.805+0000] {logging_mixin.py:190} INFO - [2025-02-19T18:52:12.805+0000] {dag.py:3239} INFO - Sync 1 DAGs
[2025-02-19T18:52:12.810+0000] {logging_mixin.py:190} INFO - [2025-02-19T18:52:12.810+0000] {dag.py:4180} INFO - Setting next_dagrun for example_complex to None, run_after=None
[2025-02-19T18:52:12.817+0000] {processor.py:208} INFO - Processing /home/airflow/.local/lib/python3.12/site-packages/airflow/example_dags/example_complex.py took 0.034 seconds
[2025-02-19T18:52:43.666+0000] {processor.py:186} INFO - Started process (PID=1124) to work on /home/airflow/.local/lib/python3.12/site-packages/airflow/example_dags/example_complex.py
[2025-02-19T18:52:43.668+0000] {processor.py:914} INFO - Processing file /home/airflow/.local/lib/python3.12/site-packages/airflow/example_dags/example_complex.py for tasks to queue
[2025-02-19T18:52:43.669+0000] {logging_mixin.py:190} INFO - [2025-02-19T18:52:43.669+0000] {dagbag.py:588} INFO - Filling up the DagBag from /home/airflow/.local/lib/python3.12/site-packages/airflow/example_dags/example_complex.py
[2025-02-19T18:52:43.674+0000] {processor.py:925} INFO - DAG(s) 'example_complex' retrieved from /home/airflow/.local/lib/python3.12/site-packages/airflow/example_dags/example_complex.py
[2025-02-19T18:52:43.688+0000] {logging_mixin.py:190} INFO - [2025-02-19T18:52:43.688+0000] {dag.py:3239} INFO - Sync 1 DAGs
[2025-02-19T18:52:43.694+0000] {logging_mixin.py:190} INFO - [2025-02-19T18:52:43.694+0000] {dag.py:4180} INFO - Setting next_dagrun for example_complex to None, run_after=None
[2025-02-19T18:52:43.706+0000] {processor.py:208} INFO - Processing /home/airflow/.local/lib/python3.12/site-packages/airflow/example_dags/example_complex.py took 0.042 seconds
[2025-02-19T18:53:14.273+0000] {processor.py:186} INFO - Started process (PID=1422) to work on /home/airflow/.local/lib/python3.12/site-packages/airflow/example_dags/example_complex.py
[2025-02-19T18:53:14.273+0000] {processor.py:914} INFO - Processing file /home/airflow/.local/lib/python3.12/site-packages/airflow/example_dags/example_complex.py for tasks to queue
[2025-02-19T18:53:14.274+0000] {logging_mixin.py:190} INFO - [2025-02-19T18:53:14.274+0000] {dagbag.py:588} INFO - Filling up the DagBag from /home/airflow/.local/lib/python3.12/site-packages/airflow/example_dags/example_complex.py
[2025-02-19T18:53:14.281+0000] {processor.py:925} INFO - DAG(s) 'example_complex' retrieved from /home/airflow/.local/lib/python3.12/site-packages/airflow/example_dags/example_complex.py
[2025-02-19T18:53:14.300+0000] {logging_mixin.py:190} INFO - [2025-02-19T18:53:14.300+0000] {dag.py:3239} INFO - Sync 1 DAGs
[2025-02-19T18:53:14.308+0000] {logging_mixin.py:190} INFO - [2025-02-19T18:53:14.307+0000] {dag.py:4180} INFO - Setting next_dagrun for example_complex to None, run_after=None
[2025-02-19T18:53:14.316+0000] {processor.py:208} INFO - Processing /home/airflow/.local/lib/python3.12/site-packages/airflow/example_dags/example_complex.py took 0.045 seconds
[2025-02-19T18:53:44.897+0000] {processor.py:186} INFO - Started process (PID=1718) to work on /home/airflow/.local/lib/python3.12/site-packages/airflow/example_dags/example_complex.py
[2025-02-19T18:53:44.899+0000] {processor.py:914} INFO - Processing file /home/airflow/.local/lib/python3.12/site-packages/airflow/example_dags/example_complex.py for tasks to queue
[2025-02-19T18:53:44.900+0000] {logging_mixin.py:190} INFO - [2025-02-19T18:53:44.900+0000] {dagbag.py:588} INFO - Filling up the DagBag from /home/airflow/.local/lib/python3.12/site-packages/airflow/example_dags/example_complex.py
[2025-02-19T18:53:44.906+0000] {processor.py:925} INFO - DAG(s) 'example_complex' retrieved from /home/airflow/.local/lib/python3.12/site-packages/airflow/example_dags/example_complex.py
[2025-02-19T18:53:44.918+0000] {logging_mixin.py:190} INFO - [2025-02-19T18:53:44.917+0000] {dag.py:3239} INFO - Sync 1 DAGs
[2025-02-19T18:53:44.922+0000] {logging_mixin.py:190} INFO - [2025-02-19T18:53:44.922+0000] {dag.py:4180} INFO - Setting next_dagrun for example_complex to None, run_after=None
[2025-02-19T18:53:44.929+0000] {processor.py:208} INFO - Processing /home/airflow/.local/lib/python3.12/site-packages/airflow/example_dags/example_complex.py took 0.035 seconds
[2025-02-19T18:54:15.641+0000] {processor.py:186} INFO - Started process (PID=2020) to work on /home/airflow/.local/lib/python3.12/site-packages/airflow/example_dags/example_complex.py
[2025-02-19T18:54:15.642+0000] {processor.py:914} INFO - Processing file /home/airflow/.local/lib/python3.12/site-packages/airflow/example_dags/example_complex.py for tasks to queue
[2025-02-19T18:54:15.643+0000] {logging_mixin.py:190} INFO - [2025-02-19T18:54:15.642+0000] {dagbag.py:588} INFO - Filling up the DagBag from /home/airflow/.local/lib/python3.12/site-packages/airflow/example_dags/example_complex.py
[2025-02-19T18:54:15.647+0000] {processor.py:925} INFO - DAG(s) 'example_complex' retrieved from /home/airflow/.local/lib/python3.12/site-packages/airflow/example_dags/example_complex.py
[2025-02-19T18:54:15.659+0000] {logging_mixin.py:190} INFO - [2025-02-19T18:54:15.659+0000] {dag.py:3239} INFO - Sync 1 DAGs
[2025-02-19T18:54:15.664+0000] {logging_mixin.py:190} INFO - [2025-02-19T18:54:15.664+0000] {dag.py:4180} INFO - Setting next_dagrun for example_complex to None, run_after=None
[2025-02-19T18:54:15.670+0000] {processor.py:208} INFO - Processing /home/airflow/.local/lib/python3.12/site-packages/airflow/example_dags/example_complex.py took 0.032 seconds
[2025-02-19T18:54:46.257+0000] {processor.py:186} INFO - Started process (PID=2314) to work on /home/airflow/.local/lib/python3.12/site-packages/airflow/example_dags/example_complex.py
[2025-02-19T18:54:46.257+0000] {processor.py:914} INFO - Processing file /home/airflow/.local/lib/python3.12/site-packages/airflow/example_dags/example_complex.py for tasks to queue
[2025-02-19T18:54:46.258+0000] {logging_mixin.py:190} INFO - [2025-02-19T18:54:46.258+0000] {dagbag.py:588} INFO - Filling up the DagBag from /home/airflow/.local/lib/python3.12/site-packages/airflow/example_dags/example_complex.py
[2025-02-19T18:54:46.263+0000] {processor.py:925} INFO - DAG(s) 'example_complex' retrieved from /home/airflow/.local/lib/python3.12/site-packages/airflow/example_dags/example_complex.py
[2025-02-19T18:54:46.276+0000] {logging_mixin.py:190} INFO - [2025-02-19T18:54:46.276+0000] {dag.py:3239} INFO - Sync 1 DAGs
[2025-02-19T18:54:46.282+0000] {logging_mixin.py:190} INFO - [2025-02-19T18:54:46.281+0000] {dag.py:4180} INFO - Setting next_dagrun for example_complex to None, run_after=None
[2025-02-19T18:54:46.289+0000] {processor.py:208} INFO - Processing /home/airflow/.local/lib/python3.12/site-packages/airflow/example_dags/example_complex.py took 0.035 seconds
[2025-02-19T18:55:16.822+0000] {processor.py:186} INFO - Started process (PID=2610) to work on /home/airflow/.local/lib/python3.12/site-packages/airflow/example_dags/example_complex.py
[2025-02-19T18:55:16.823+0000] {processor.py:914} INFO - Processing file /home/airflow/.local/lib/python3.12/site-packages/airflow/example_dags/example_complex.py for tasks to queue
[2025-02-19T18:55:16.824+0000] {logging_mixin.py:190} INFO - [2025-02-19T18:55:16.824+0000] {dagbag.py:588} INFO - Filling up the DagBag from /home/airflow/.local/lib/python3.12/site-packages/airflow/example_dags/example_complex.py
[2025-02-19T18:55:16.830+0000] {processor.py:925} INFO - DAG(s) 'example_complex' retrieved from /home/airflow/.local/lib/python3.12/site-packages/airflow/example_dags/example_complex.py
[2025-02-19T18:55:16.843+0000] {logging_mixin.py:190} INFO - [2025-02-19T18:55:16.843+0000] {dag.py:3239} INFO - Sync 1 DAGs
[2025-02-19T18:55:16.852+0000] {logging_mixin.py:190} INFO - [2025-02-19T18:55:16.852+0000] {dag.py:4180} INFO - Setting next_dagrun for example_complex to None, run_after=None
[2025-02-19T18:55:16.866+0000] {processor.py:208} INFO - Processing /home/airflow/.local/lib/python3.12/site-packages/airflow/example_dags/example_complex.py took 0.047 seconds
[2025-02-19T18:55:47.433+0000] {processor.py:186} INFO - Started process (PID=2918) to work on /home/airflow/.local/lib/python3.12/site-packages/airflow/example_dags/example_complex.py
[2025-02-19T18:55:47.434+0000] {processor.py:914} INFO - Processing file /home/airflow/.local/lib/python3.12/site-packages/airflow/example_dags/example_complex.py for tasks to queue
[2025-02-19T18:55:47.435+0000] {logging_mixin.py:190} INFO - [2025-02-19T18:55:47.435+0000] {dagbag.py:588} INFO - Filling up the DagBag from /home/airflow/.local/lib/python3.12/site-packages/airflow/example_dags/example_complex.py
[2025-02-19T18:55:47.440+0000] {processor.py:925} INFO - DAG(s) 'example_complex' retrieved from /home/airflow/.local/lib/python3.12/site-packages/airflow/example_dags/example_complex.py
[2025-02-19T18:55:47.452+0000] {logging_mixin.py:190} INFO - [2025-02-19T18:55:47.452+0000] {dag.py:3239} INFO - Sync 1 DAGs
[2025-02-19T18:55:47.459+0000] {logging_mixin.py:190} INFO - [2025-02-19T18:55:47.459+0000] {dag.py:4180} INFO - Setting next_dagrun for example_complex to None, run_after=None
[2025-02-19T18:55:47.466+0000] {processor.py:208} INFO - Processing /home/airflow/.local/lib/python3.12/site-packages/airflow/example_dags/example_complex.py took 0.035 seconds
[2025-02-19T18:56:18.490+0000] {processor.py:186} INFO - Started process (PID=3225) to work on /home/airflow/.local/lib/python3.12/site-packages/airflow/example_dags/example_complex.py
[2025-02-19T18:56:18.491+0000] {processor.py:914} INFO - Processing file /home/airflow/.local/lib/python3.12/site-packages/airflow/example_dags/example_complex.py for tasks to queue
[2025-02-19T18:56:18.492+0000] {logging_mixin.py:190} INFO - [2025-02-19T18:56:18.492+0000] {dagbag.py:588} INFO - Filling up the DagBag from /home/airflow/.local/lib/python3.12/site-packages/airflow/example_dags/example_complex.py
[2025-02-19T18:56:18.497+0000] {processor.py:925} INFO - DAG(s) 'example_complex' retrieved from /home/airflow/.local/lib/python3.12/site-packages/airflow/example_dags/example_complex.py
[2025-02-19T18:56:18.516+0000] {logging_mixin.py:190} INFO - [2025-02-19T18:56:18.516+0000] {dag.py:3239} INFO - Sync 1 DAGs
[2025-02-19T18:56:18.523+0000] {logging_mixin.py:190} INFO - [2025-02-19T18:56:18.522+0000] {dag.py:4180} INFO - Setting next_dagrun for example_complex to None, run_after=None
[2025-02-19T18:56:18.530+0000] {processor.py:208} INFO - Processing /home/airflow/.local/lib/python3.12/site-packages/airflow/example_dags/example_complex.py took 0.043 seconds
[2025-02-19T18:56:49.280+0000] {processor.py:186} INFO - Started process (PID=3519) to work on /home/airflow/.local/lib/python3.12/site-packages/airflow/example_dags/example_complex.py
[2025-02-19T18:56:49.281+0000] {processor.py:914} INFO - Processing file /home/airflow/.local/lib/python3.12/site-packages/airflow/example_dags/example_complex.py for tasks to queue
[2025-02-19T18:56:49.282+0000] {logging_mixin.py:190} INFO - [2025-02-19T18:56:49.282+0000] {dagbag.py:588} INFO - Filling up the DagBag from /home/airflow/.local/lib/python3.12/site-packages/airflow/example_dags/example_complex.py
[2025-02-19T18:56:49.288+0000] {processor.py:925} INFO - DAG(s) 'example_complex' retrieved from /home/airflow/.local/lib/python3.12/site-packages/airflow/example_dags/example_complex.py
[2025-02-19T18:56:49.305+0000] {logging_mixin.py:190} INFO - [2025-02-19T18:56:49.305+0000] {dag.py:3239} INFO - Sync 1 DAGs
[2025-02-19T18:56:49.310+0000] {logging_mixin.py:190} INFO - [2025-02-19T18:56:49.310+0000] {dag.py:4180} INFO - Setting next_dagrun for example_complex to None, run_after=None
[2025-02-19T18:56:49.319+0000] {processor.py:208} INFO - Processing /home/airflow/.local/lib/python3.12/site-packages/airflow/example_dags/example_complex.py took 0.042 seconds
[2025-02-19T18:57:19.819+0000] {processor.py:186} INFO - Started process (PID=3826) to work on /home/airflow/.local/lib/python3.12/site-packages/airflow/example_dags/example_complex.py
[2025-02-19T18:57:19.819+0000] {processor.py:914} INFO - Processing file /home/airflow/.local/lib/python3.12/site-packages/airflow/example_dags/example_complex.py for tasks to queue
[2025-02-19T18:57:19.820+0000] {logging_mixin.py:190} INFO - [2025-02-19T18:57:19.820+0000] {dagbag.py:588} INFO - Filling up the DagBag from /home/airflow/.local/lib/python3.12/site-packages/airflow/example_dags/example_complex.py
[2025-02-19T18:57:19.826+0000] {processor.py:925} INFO - DAG(s) 'example_complex' retrieved from /home/airflow/.local/lib/python3.12/site-packages/airflow/example_dags/example_complex.py
[2025-02-19T18:57:19.842+0000] {logging_mixin.py:190} INFO - [2025-02-19T18:57:19.842+0000] {dag.py:3239} INFO - Sync 1 DAGs
[2025-02-19T18:57:19.847+0000] {logging_mixin.py:190} INFO - [2025-02-19T18:57:19.847+0000] {dag.py:4180} INFO - Setting next_dagrun for example_complex to None, run_after=None
[2025-02-19T18:57:19.856+0000] {processor.py:208} INFO - Processing /home/airflow/.local/lib/python3.12/site-packages/airflow/example_dags/example_complex.py took 0.039 seconds
[2025-02-19T18:57:50.282+0000] {processor.py:186} INFO - Started process (PID=4120) to work on /home/airflow/.local/lib/python3.12/site-packages/airflow/example_dags/example_complex.py
[2025-02-19T18:57:50.283+0000] {processor.py:914} INFO - Processing file /home/airflow/.local/lib/python3.12/site-packages/airflow/example_dags/example_complex.py for tasks to queue
[2025-02-19T18:57:50.284+0000] {logging_mixin.py:190} INFO - [2025-02-19T18:57:50.284+0000] {dagbag.py:588} INFO - Filling up the DagBag from /home/airflow/.local/lib/python3.12/site-packages/airflow/example_dags/example_complex.py
[2025-02-19T18:57:50.290+0000] {processor.py:925} INFO - DAG(s) 'example_complex' retrieved from /home/airflow/.local/lib/python3.12/site-packages/airflow/example_dags/example_complex.py
[2025-02-19T18:57:50.304+0000] {logging_mixin.py:190} INFO - [2025-02-19T18:57:50.303+0000] {dag.py:3239} INFO - Sync 1 DAGs
[2025-02-19T18:57:50.309+0000] {logging_mixin.py:190} INFO - [2025-02-19T18:57:50.309+0000] {dag.py:4180} INFO - Setting next_dagrun for example_complex to None, run_after=None
[2025-02-19T18:57:50.321+0000] {processor.py:208} INFO - Processing /home/airflow/.local/lib/python3.12/site-packages/airflow/example_dags/example_complex.py took 0.041 seconds
[2025-02-19T18:58:20.959+0000] {processor.py:186} INFO - Started process (PID=4427) to work on /home/airflow/.local/lib/python3.12/site-packages/airflow/example_dags/example_complex.py
[2025-02-19T18:58:20.959+0000] {processor.py:914} INFO - Processing file /home/airflow/.local/lib/python3.12/site-packages/airflow/example_dags/example_complex.py for tasks to queue
[2025-02-19T18:58:20.960+0000] {logging_mixin.py:190} INFO - [2025-02-19T18:58:20.960+0000] {dagbag.py:588} INFO - Filling up the DagBag from /home/airflow/.local/lib/python3.12/site-packages/airflow/example_dags/example_complex.py
[2025-02-19T18:58:20.965+0000] {processor.py:925} INFO - DAG(s) 'example_complex' retrieved from /home/airflow/.local/lib/python3.12/site-packages/airflow/example_dags/example_complex.py
[2025-02-19T18:58:20.977+0000] {logging_mixin.py:190} INFO - [2025-02-19T18:58:20.977+0000] {dag.py:3239} INFO - Sync 1 DAGs
[2025-02-19T18:58:20.983+0000] {logging_mixin.py:190} INFO - [2025-02-19T18:58:20.983+0000] {dag.py:4180} INFO - Setting next_dagrun for example_complex to None, run_after=None
[2025-02-19T18:58:20.989+0000] {processor.py:208} INFO - Processing /home/airflow/.local/lib/python3.12/site-packages/airflow/example_dags/example_complex.py took 0.033 seconds
[2025-02-19T18:58:51.520+0000] {processor.py:186} INFO - Started process (PID=4721) to work on /home/airflow/.local/lib/python3.12/site-packages/airflow/example_dags/example_complex.py
[2025-02-19T18:58:51.521+0000] {processor.py:914} INFO - Processing file /home/airflow/.local/lib/python3.12/site-packages/airflow/example_dags/example_complex.py for tasks to queue
[2025-02-19T18:58:51.522+0000] {logging_mixin.py:190} INFO - [2025-02-19T18:58:51.522+0000] {dagbag.py:588} INFO - Filling up the DagBag from /home/airflow/.local/lib/python3.12/site-packages/airflow/example_dags/example_complex.py
[2025-02-19T18:58:51.527+0000] {processor.py:925} INFO - DAG(s) 'example_complex' retrieved from /home/airflow/.local/lib/python3.12/site-packages/airflow/example_dags/example_complex.py
[2025-02-19T18:58:51.543+0000] {logging_mixin.py:190} INFO - [2025-02-19T18:58:51.543+0000] {dag.py:3239} INFO - Sync 1 DAGs
[2025-02-19T18:58:51.548+0000] {logging_mixin.py:190} INFO - [2025-02-19T18:58:51.548+0000] {dag.py:4180} INFO - Setting next_dagrun for example_complex to None, run_after=None
[2025-02-19T18:58:51.555+0000] {processor.py:208} INFO - Processing /home/airflow/.local/lib/python3.12/site-packages/airflow/example_dags/example_complex.py took 0.037 seconds
[2025-02-19T18:59:22.131+0000] {processor.py:186} INFO - Started process (PID=5028) to work on /home/airflow/.local/lib/python3.12/site-packages/airflow/example_dags/example_complex.py
[2025-02-19T18:59:22.132+0000] {processor.py:914} INFO - Processing file /home/airflow/.local/lib/python3.12/site-packages/airflow/example_dags/example_complex.py for tasks to queue
[2025-02-19T18:59:22.133+0000] {logging_mixin.py:190} INFO - [2025-02-19T18:59:22.133+0000] {dagbag.py:588} INFO - Filling up the DagBag from /home/airflow/.local/lib/python3.12/site-packages/airflow/example_dags/example_complex.py
[2025-02-19T18:59:22.138+0000] {processor.py:925} INFO - DAG(s) 'example_complex' retrieved from /home/airflow/.local/lib/python3.12/site-packages/airflow/example_dags/example_complex.py
[2025-02-19T18:59:22.154+0000] {logging_mixin.py:190} INFO - [2025-02-19T18:59:22.154+0000] {dag.py:3239} INFO - Sync 1 DAGs
[2025-02-19T18:59:22.160+0000] {logging_mixin.py:190} INFO - [2025-02-19T18:59:22.159+0000] {dag.py:4180} INFO - Setting next_dagrun for example_complex to None, run_after=None
[2025-02-19T18:59:22.169+0000] {processor.py:208} INFO - Processing /home/airflow/.local/lib/python3.12/site-packages/airflow/example_dags/example_complex.py took 0.040 seconds
[2025-02-19T18:59:53.114+0000] {processor.py:186} INFO - Started process (PID=5322) to work on /home/airflow/.local/lib/python3.12/site-packages/airflow/example_dags/example_complex.py
[2025-02-19T18:59:53.115+0000] {processor.py:914} INFO - Processing file /home/airflow/.local/lib/python3.12/site-packages/airflow/example_dags/example_complex.py for tasks to queue
[2025-02-19T18:59:53.116+0000] {logging_mixin.py:190} INFO - [2025-02-19T18:59:53.116+0000] {dagbag.py:588} INFO - Filling up the DagBag from /home/airflow/.local/lib/python3.12/site-packages/airflow/example_dags/example_complex.py
[2025-02-19T18:59:53.123+0000] {processor.py:925} INFO - DAG(s) 'example_complex' retrieved from /home/airflow/.local/lib/python3.12/site-packages/airflow/example_dags/example_complex.py
[2025-02-19T18:59:53.143+0000] {logging_mixin.py:190} INFO - [2025-02-19T18:59:53.143+0000] {dag.py:3239} INFO - Sync 1 DAGs
[2025-02-19T18:59:53.149+0000] {logging_mixin.py:190} INFO - [2025-02-19T18:59:53.149+0000] {dag.py:4180} INFO - Setting next_dagrun for example_complex to None, run_after=None
[2025-02-19T18:59:53.156+0000] {processor.py:208} INFO - Processing /home/airflow/.local/lib/python3.12/site-packages/airflow/example_dags/example_complex.py took 0.044 seconds
[2025-02-19T19:00:23.238+0000] {processor.py:186} INFO - Started process (PID=5624) to work on /home/airflow/.local/lib/python3.12/site-packages/airflow/example_dags/example_complex.py
[2025-02-19T19:00:23.241+0000] {processor.py:914} INFO - Processing file /home/airflow/.local/lib/python3.12/site-packages/airflow/example_dags/example_complex.py for tasks to queue
[2025-02-19T19:00:23.242+0000] {logging_mixin.py:190} INFO - [2025-02-19T19:00:23.242+0000] {dagbag.py:588} INFO - Filling up the DagBag from /home/airflow/.local/lib/python3.12/site-packages/airflow/example_dags/example_complex.py
[2025-02-19T19:00:23.252+0000] {processor.py:925} INFO - DAG(s) 'example_complex' retrieved from /home/airflow/.local/lib/python3.12/site-packages/airflow/example_dags/example_complex.py
[2025-02-19T19:00:23.269+0000] {logging_mixin.py:190} INFO - [2025-02-19T19:00:23.269+0000] {dag.py:3239} INFO - Sync 1 DAGs
[2025-02-19T19:00:23.275+0000] {logging_mixin.py:190} INFO - [2025-02-19T19:00:23.275+0000] {dag.py:4180} INFO - Setting next_dagrun for example_complex to None, run_after=None
[2025-02-19T19:00:23.289+0000] {processor.py:208} INFO - Processing /home/airflow/.local/lib/python3.12/site-packages/airflow/example_dags/example_complex.py took 0.053 seconds
[2025-02-19T19:00:53.838+0000] {processor.py:186} INFO - Started process (PID=5921) to work on /home/airflow/.local/lib/python3.12/site-packages/airflow/example_dags/example_complex.py
[2025-02-19T19:00:53.840+0000] {processor.py:914} INFO - Processing file /home/airflow/.local/lib/python3.12/site-packages/airflow/example_dags/example_complex.py for tasks to queue
[2025-02-19T19:00:53.841+0000] {logging_mixin.py:190} INFO - [2025-02-19T19:00:53.841+0000] {dagbag.py:588} INFO - Filling up the DagBag from /home/airflow/.local/lib/python3.12/site-packages/airflow/example_dags/example_complex.py
[2025-02-19T19:00:53.846+0000] {processor.py:925} INFO - DAG(s) 'example_complex' retrieved from /home/airflow/.local/lib/python3.12/site-packages/airflow/example_dags/example_complex.py
[2025-02-19T19:00:53.863+0000] {logging_mixin.py:190} INFO - [2025-02-19T19:00:53.863+0000] {dag.py:3239} INFO - Sync 1 DAGs
[2025-02-19T19:00:53.870+0000] {logging_mixin.py:190} INFO - [2025-02-19T19:00:53.870+0000] {dag.py:4180} INFO - Setting next_dagrun for example_complex to None, run_after=None
[2025-02-19T19:00:53.880+0000] {processor.py:208} INFO - Processing /home/airflow/.local/lib/python3.12/site-packages/airflow/example_dags/example_complex.py took 0.045 seconds
[2025-02-19T19:01:24.519+0000] {processor.py:186} INFO - Started process (PID=6227) to work on /home/airflow/.local/lib/python3.12/site-packages/airflow/example_dags/example_complex.py
[2025-02-19T19:01:24.522+0000] {processor.py:914} INFO - Processing file /home/airflow/.local/lib/python3.12/site-packages/airflow/example_dags/example_complex.py for tasks to queue
[2025-02-19T19:01:24.523+0000] {logging_mixin.py:190} INFO - [2025-02-19T19:01:24.523+0000] {dagbag.py:588} INFO - Filling up the DagBag from /home/airflow/.local/lib/python3.12/site-packages/airflow/example_dags/example_complex.py
[2025-02-19T19:01:24.530+0000] {processor.py:925} INFO - DAG(s) 'example_complex' retrieved from /home/airflow/.local/lib/python3.12/site-packages/airflow/example_dags/example_complex.py
[2025-02-19T19:01:24.549+0000] {logging_mixin.py:190} INFO - [2025-02-19T19:01:24.549+0000] {dag.py:3239} INFO - Sync 1 DAGs
[2025-02-19T19:01:24.556+0000] {logging_mixin.py:190} INFO - [2025-02-19T19:01:24.556+0000] {dag.py:4180} INFO - Setting next_dagrun for example_complex to None, run_after=None
[2025-02-19T19:01:24.566+0000] {processor.py:208} INFO - Processing /home/airflow/.local/lib/python3.12/site-packages/airflow/example_dags/example_complex.py took 0.051 seconds
[2025-02-19T19:01:55.037+0000] {processor.py:186} INFO - Started process (PID=6540) to work on /home/airflow/.local/lib/python3.12/site-packages/airflow/example_dags/example_complex.py
[2025-02-19T19:01:55.038+0000] {processor.py:914} INFO - Processing file /home/airflow/.local/lib/python3.12/site-packages/airflow/example_dags/example_complex.py for tasks to queue
[2025-02-19T19:01:55.038+0000] {logging_mixin.py:190} INFO - [2025-02-19T19:01:55.038+0000] {dagbag.py:588} INFO - Filling up the DagBag from /home/airflow/.local/lib/python3.12/site-packages/airflow/example_dags/example_complex.py
[2025-02-19T19:01:55.044+0000] {processor.py:925} INFO - DAG(s) 'example_complex' retrieved from /home/airflow/.local/lib/python3.12/site-packages/airflow/example_dags/example_complex.py
[2025-02-19T19:01:55.056+0000] {logging_mixin.py:190} INFO - [2025-02-19T19:01:55.056+0000] {dag.py:3239} INFO - Sync 1 DAGs
[2025-02-19T19:01:55.062+0000] {logging_mixin.py:190} INFO - [2025-02-19T19:01:55.062+0000] {dag.py:4180} INFO - Setting next_dagrun for example_complex to None, run_after=None
[2025-02-19T19:01:55.075+0000] {processor.py:208} INFO - Processing /home/airflow/.local/lib/python3.12/site-packages/airflow/example_dags/example_complex.py took 0.041 seconds
[2025-02-19T19:02:25.680+0000] {processor.py:186} INFO - Started process (PID=6847) to work on /home/airflow/.local/lib/python3.12/site-packages/airflow/example_dags/example_complex.py
[2025-02-19T19:02:25.681+0000] {processor.py:914} INFO - Processing file /home/airflow/.local/lib/python3.12/site-packages/airflow/example_dags/example_complex.py for tasks to queue
[2025-02-19T19:02:25.681+0000] {logging_mixin.py:190} INFO - [2025-02-19T19:02:25.681+0000] {dagbag.py:588} INFO - Filling up the DagBag from /home/airflow/.local/lib/python3.12/site-packages/airflow/example_dags/example_complex.py
[2025-02-19T19:02:25.687+0000] {processor.py:925} INFO - DAG(s) 'example_complex' retrieved from /home/airflow/.local/lib/python3.12/site-packages/airflow/example_dags/example_complex.py
[2025-02-19T19:02:25.705+0000] {logging_mixin.py:190} INFO - [2025-02-19T19:02:25.705+0000] {dag.py:3239} INFO - Sync 1 DAGs
[2025-02-19T19:02:25.712+0000] {logging_mixin.py:190} INFO - [2025-02-19T19:02:25.712+0000] {dag.py:4180} INFO - Setting next_dagrun for example_complex to None, run_after=None
[2025-02-19T19:02:25.720+0000] {processor.py:208} INFO - Processing /home/airflow/.local/lib/python3.12/site-packages/airflow/example_dags/example_complex.py took 0.043 seconds
[2025-02-19T19:02:56.399+0000] {processor.py:186} INFO - Started process (PID=7143) to work on /home/airflow/.local/lib/python3.12/site-packages/airflow/example_dags/example_complex.py
[2025-02-19T19:02:56.400+0000] {processor.py:914} INFO - Processing file /home/airflow/.local/lib/python3.12/site-packages/airflow/example_dags/example_complex.py for tasks to queue
[2025-02-19T19:02:56.400+0000] {logging_mixin.py:190} INFO - [2025-02-19T19:02:56.400+0000] {dagbag.py:588} INFO - Filling up the DagBag from /home/airflow/.local/lib/python3.12/site-packages/airflow/example_dags/example_complex.py
[2025-02-19T19:02:56.405+0000] {processor.py:925} INFO - DAG(s) 'example_complex' retrieved from /home/airflow/.local/lib/python3.12/site-packages/airflow/example_dags/example_complex.py
[2025-02-19T19:02:56.422+0000] {logging_mixin.py:190} INFO - [2025-02-19T19:02:56.422+0000] {dag.py:3239} INFO - Sync 1 DAGs
[2025-02-19T19:02:56.428+0000] {logging_mixin.py:190} INFO - [2025-02-19T19:02:56.428+0000] {dag.py:4180} INFO - Setting next_dagrun for example_complex to None, run_after=None
[2025-02-19T19:02:56.439+0000] {processor.py:208} INFO - Processing /home/airflow/.local/lib/python3.12/site-packages/airflow/example_dags/example_complex.py took 0.043 seconds
[2025-02-19T19:03:27.148+0000] {processor.py:186} INFO - Started process (PID=7446) to work on /home/airflow/.local/lib/python3.12/site-packages/airflow/example_dags/example_complex.py
[2025-02-19T19:03:27.149+0000] {processor.py:914} INFO - Processing file /home/airflow/.local/lib/python3.12/site-packages/airflow/example_dags/example_complex.py for tasks to queue
[2025-02-19T19:03:27.150+0000] {logging_mixin.py:190} INFO - [2025-02-19T19:03:27.149+0000] {dagbag.py:588} INFO - Filling up the DagBag from /home/airflow/.local/lib/python3.12/site-packages/airflow/example_dags/example_complex.py
[2025-02-19T19:03:27.155+0000] {processor.py:925} INFO - DAG(s) 'example_complex' retrieved from /home/airflow/.local/lib/python3.12/site-packages/airflow/example_dags/example_complex.py
[2025-02-19T19:03:27.170+0000] {logging_mixin.py:190} INFO - [2025-02-19T19:03:27.170+0000] {dag.py:3239} INFO - Sync 1 DAGs
[2025-02-19T19:03:27.179+0000] {logging_mixin.py:190} INFO - [2025-02-19T19:03:27.179+0000] {dag.py:4180} INFO - Setting next_dagrun for example_complex to None, run_after=None
[2025-02-19T19:03:27.188+0000] {processor.py:208} INFO - Processing /home/airflow/.local/lib/python3.12/site-packages/airflow/example_dags/example_complex.py took 0.042 seconds
[2025-02-19T19:03:57.344+0000] {processor.py:186} INFO - Started process (PID=7749) to work on /home/airflow/.local/lib/python3.12/site-packages/airflow/example_dags/example_complex.py
[2025-02-19T19:03:57.344+0000] {processor.py:914} INFO - Processing file /home/airflow/.local/lib/python3.12/site-packages/airflow/example_dags/example_complex.py for tasks to queue
[2025-02-19T19:03:57.345+0000] {logging_mixin.py:190} INFO - [2025-02-19T19:03:57.344+0000] {dagbag.py:588} INFO - Filling up the DagBag from /home/airflow/.local/lib/python3.12/site-packages/airflow/example_dags/example_complex.py
[2025-02-19T19:03:57.349+0000] {processor.py:925} INFO - DAG(s) 'example_complex' retrieved from /home/airflow/.local/lib/python3.12/site-packages/airflow/example_dags/example_complex.py
[2025-02-19T19:03:57.361+0000] {logging_mixin.py:190} INFO - [2025-02-19T19:03:57.361+0000] {dag.py:3239} INFO - Sync 1 DAGs
[2025-02-19T19:03:57.366+0000] {logging_mixin.py:190} INFO - [2025-02-19T19:03:57.366+0000] {dag.py:4180} INFO - Setting next_dagrun for example_complex to None, run_after=None
[2025-02-19T19:03:57.373+0000] {processor.py:208} INFO - Processing /home/airflow/.local/lib/python3.12/site-packages/airflow/example_dags/example_complex.py took 0.031 seconds
[2025-02-19T19:04:27.612+0000] {processor.py:186} INFO - Started process (PID=8053) to work on /home/airflow/.local/lib/python3.12/site-packages/airflow/example_dags/example_complex.py
[2025-02-19T19:04:27.612+0000] {processor.py:914} INFO - Processing file /home/airflow/.local/lib/python3.12/site-packages/airflow/example_dags/example_complex.py for tasks to queue
[2025-02-19T19:04:27.612+0000] {logging_mixin.py:190} INFO - [2025-02-19T19:04:27.612+0000] {dagbag.py:588} INFO - Filling up the DagBag from /home/airflow/.local/lib/python3.12/site-packages/airflow/example_dags/example_complex.py
[2025-02-19T19:04:27.618+0000] {processor.py:925} INFO - DAG(s) 'example_complex' retrieved from /home/airflow/.local/lib/python3.12/site-packages/airflow/example_dags/example_complex.py
[2025-02-19T19:04:27.629+0000] {logging_mixin.py:190} INFO - [2025-02-19T19:04:27.629+0000] {dag.py:3239} INFO - Sync 1 DAGs
[2025-02-19T19:04:27.635+0000] {logging_mixin.py:190} INFO - [2025-02-19T19:04:27.635+0000] {dag.py:4180} INFO - Setting next_dagrun for example_complex to None, run_after=None
[2025-02-19T19:04:27.641+0000] {processor.py:208} INFO - Processing /home/airflow/.local/lib/python3.12/site-packages/airflow/example_dags/example_complex.py took 0.032 seconds
[2025-02-19T19:04:57.698+0000] {processor.py:186} INFO - Started process (PID=8367) to work on /home/airflow/.local/lib/python3.12/site-packages/airflow/example_dags/example_complex.py
[2025-02-19T19:04:57.698+0000] {processor.py:914} INFO - Processing file /home/airflow/.local/lib/python3.12/site-packages/airflow/example_dags/example_complex.py for tasks to queue
[2025-02-19T19:04:57.699+0000] {logging_mixin.py:190} INFO - [2025-02-19T19:04:57.698+0000] {dagbag.py:588} INFO - Filling up the DagBag from /home/airflow/.local/lib/python3.12/site-packages/airflow/example_dags/example_complex.py
[2025-02-19T19:04:57.705+0000] {processor.py:925} INFO - DAG(s) 'example_complex' retrieved from /home/airflow/.local/lib/python3.12/site-packages/airflow/example_dags/example_complex.py
[2025-02-19T19:04:57.721+0000] {logging_mixin.py:190} INFO - [2025-02-19T19:04:57.720+0000] {dag.py:3239} INFO - Sync 1 DAGs
[2025-02-19T19:04:57.728+0000] {logging_mixin.py:190} INFO - [2025-02-19T19:04:57.728+0000] {dag.py:4180} INFO - Setting next_dagrun for example_complex to None, run_after=None
[2025-02-19T19:04:57.739+0000] {processor.py:208} INFO - Processing /home/airflow/.local/lib/python3.12/site-packages/airflow/example_dags/example_complex.py took 0.045 seconds
[2025-02-19T19:05:28.634+0000] {processor.py:186} INFO - Started process (PID=8661) to work on /home/airflow/.local/lib/python3.12/site-packages/airflow/example_dags/example_complex.py
[2025-02-19T19:05:28.635+0000] {processor.py:914} INFO - Processing file /home/airflow/.local/lib/python3.12/site-packages/airflow/example_dags/example_complex.py for tasks to queue
[2025-02-19T19:05:28.635+0000] {logging_mixin.py:190} INFO - [2025-02-19T19:05:28.635+0000] {dagbag.py:588} INFO - Filling up the DagBag from /home/airflow/.local/lib/python3.12/site-packages/airflow/example_dags/example_complex.py
[2025-02-19T19:05:28.642+0000] {processor.py:925} INFO - DAG(s) 'example_complex' retrieved from /home/airflow/.local/lib/python3.12/site-packages/airflow/example_dags/example_complex.py
[2025-02-19T19:05:28.655+0000] {logging_mixin.py:190} INFO - [2025-02-19T19:05:28.655+0000] {dag.py:3239} INFO - Sync 1 DAGs
[2025-02-19T19:05:28.664+0000] {logging_mixin.py:190} INFO - [2025-02-19T19:05:28.664+0000] {dag.py:4180} INFO - Setting next_dagrun for example_complex to None, run_after=None
[2025-02-19T19:05:28.676+0000] {processor.py:208} INFO - Processing /home/airflow/.local/lib/python3.12/site-packages/airflow/example_dags/example_complex.py took 0.044 seconds
[2025-02-19T19:05:59.252+0000] {processor.py:186} INFO - Started process (PID=8957) to work on /home/airflow/.local/lib/python3.12/site-packages/airflow/example_dags/example_complex.py
[2025-02-19T19:05:59.253+0000] {processor.py:914} INFO - Processing file /home/airflow/.local/lib/python3.12/site-packages/airflow/example_dags/example_complex.py for tasks to queue
[2025-02-19T19:05:59.254+0000] {logging_mixin.py:190} INFO - [2025-02-19T19:05:59.253+0000] {dagbag.py:588} INFO - Filling up the DagBag from /home/airflow/.local/lib/python3.12/site-packages/airflow/example_dags/example_complex.py
[2025-02-19T19:05:59.258+0000] {processor.py:925} INFO - DAG(s) 'example_complex' retrieved from /home/airflow/.local/lib/python3.12/site-packages/airflow/example_dags/example_complex.py
[2025-02-19T19:05:59.271+0000] {logging_mixin.py:190} INFO - [2025-02-19T19:05:59.270+0000] {dag.py:3239} INFO - Sync 1 DAGs
[2025-02-19T19:05:59.276+0000] {logging_mixin.py:190} INFO - [2025-02-19T19:05:59.276+0000] {dag.py:4180} INFO - Setting next_dagrun for example_complex to None, run_after=None
[2025-02-19T19:05:59.284+0000] {processor.py:208} INFO - Processing /home/airflow/.local/lib/python3.12/site-packages/airflow/example_dags/example_complex.py took 0.034 seconds
[2025-02-19T19:06:29.957+0000] {processor.py:186} INFO - Started process (PID=9253) to work on /home/airflow/.local/lib/python3.12/site-packages/airflow/example_dags/example_complex.py
[2025-02-19T19:06:29.958+0000] {processor.py:914} INFO - Processing file /home/airflow/.local/lib/python3.12/site-packages/airflow/example_dags/example_complex.py for tasks to queue
[2025-02-19T19:06:29.959+0000] {logging_mixin.py:190} INFO - [2025-02-19T19:06:29.959+0000] {dagbag.py:588} INFO - Filling up the DagBag from /home/airflow/.local/lib/python3.12/site-packages/airflow/example_dags/example_complex.py
[2025-02-19T19:06:29.965+0000] {processor.py:925} INFO - DAG(s) 'example_complex' retrieved from /home/airflow/.local/lib/python3.12/site-packages/airflow/example_dags/example_complex.py
[2025-02-19T19:06:29.978+0000] {logging_mixin.py:190} INFO - [2025-02-19T19:06:29.978+0000] {dag.py:3239} INFO - Sync 1 DAGs
[2025-02-19T19:06:29.984+0000] {logging_mixin.py:190} INFO - [2025-02-19T19:06:29.984+0000] {dag.py:4180} INFO - Setting next_dagrun for example_complex to None, run_after=None
[2025-02-19T19:06:29.991+0000] {processor.py:208} INFO - Processing /home/airflow/.local/lib/python3.12/site-packages/airflow/example_dags/example_complex.py took 0.037 seconds
[2025-02-19T19:07:00.902+0000] {processor.py:186} INFO - Started process (PID=9549) to work on /home/airflow/.local/lib/python3.12/site-packages/airflow/example_dags/example_complex.py
[2025-02-19T19:07:00.903+0000] {processor.py:914} INFO - Processing file /home/airflow/.local/lib/python3.12/site-packages/airflow/example_dags/example_complex.py for tasks to queue
[2025-02-19T19:07:00.903+0000] {logging_mixin.py:190} INFO - [2025-02-19T19:07:00.903+0000] {dagbag.py:588} INFO - Filling up the DagBag from /home/airflow/.local/lib/python3.12/site-packages/airflow/example_dags/example_complex.py
[2025-02-19T19:07:00.909+0000] {processor.py:925} INFO - DAG(s) 'example_complex' retrieved from /home/airflow/.local/lib/python3.12/site-packages/airflow/example_dags/example_complex.py
[2025-02-19T19:07:00.923+0000] {logging_mixin.py:190} INFO - [2025-02-19T19:07:00.923+0000] {dag.py:3239} INFO - Sync 1 DAGs
[2025-02-19T19:07:00.930+0000] {logging_mixin.py:190} INFO - [2025-02-19T19:07:00.930+0000] {dag.py:4180} INFO - Setting next_dagrun for example_complex to None, run_after=None
[2025-02-19T19:07:00.939+0000] {processor.py:208} INFO - Processing /home/airflow/.local/lib/python3.12/site-packages/airflow/example_dags/example_complex.py took 0.039 seconds
[2025-02-19T19:07:31.626+0000] {processor.py:186} INFO - Started process (PID=9845) to work on /home/airflow/.local/lib/python3.12/site-packages/airflow/example_dags/example_complex.py
[2025-02-19T19:07:31.627+0000] {processor.py:914} INFO - Processing file /home/airflow/.local/lib/python3.12/site-packages/airflow/example_dags/example_complex.py for tasks to queue
[2025-02-19T19:07:31.628+0000] {logging_mixin.py:190} INFO - [2025-02-19T19:07:31.628+0000] {dagbag.py:588} INFO - Filling up the DagBag from /home/airflow/.local/lib/python3.12/site-packages/airflow/example_dags/example_complex.py
[2025-02-19T19:07:31.633+0000] {processor.py:925} INFO - DAG(s) 'example_complex' retrieved from /home/airflow/.local/lib/python3.12/site-packages/airflow/example_dags/example_complex.py
[2025-02-19T19:07:31.648+0000] {logging_mixin.py:190} INFO - [2025-02-19T19:07:31.648+0000] {dag.py:3239} INFO - Sync 1 DAGs
[2025-02-19T19:07:31.654+0000] {logging_mixin.py:190} INFO - [2025-02-19T19:07:31.654+0000] {dag.py:4180} INFO - Setting next_dagrun for example_complex to None, run_after=None
[2025-02-19T19:07:31.661+0000] {processor.py:208} INFO - Processing /home/airflow/.local/lib/python3.12/site-packages/airflow/example_dags/example_complex.py took 0.038 seconds
[2025-02-19T19:08:02.434+0000] {processor.py:186} INFO - Started process (PID=10141) to work on /home/airflow/.local/lib/python3.12/site-packages/airflow/example_dags/example_complex.py
[2025-02-19T19:08:02.436+0000] {processor.py:914} INFO - Processing file /home/airflow/.local/lib/python3.12/site-packages/airflow/example_dags/example_complex.py for tasks to queue
[2025-02-19T19:08:02.437+0000] {logging_mixin.py:190} INFO - [2025-02-19T19:08:02.436+0000] {dagbag.py:588} INFO - Filling up the DagBag from /home/airflow/.local/lib/python3.12/site-packages/airflow/example_dags/example_complex.py
[2025-02-19T19:08:02.442+0000] {processor.py:925} INFO - DAG(s) 'example_complex' retrieved from /home/airflow/.local/lib/python3.12/site-packages/airflow/example_dags/example_complex.py
[2025-02-19T19:08:02.454+0000] {logging_mixin.py:190} INFO - [2025-02-19T19:08:02.454+0000] {dag.py:3239} INFO - Sync 1 DAGs
[2025-02-19T19:08:02.460+0000] {logging_mixin.py:190} INFO - [2025-02-19T19:08:02.460+0000] {dag.py:4180} INFO - Setting next_dagrun for example_complex to None, run_after=None
[2025-02-19T19:08:02.470+0000] {processor.py:208} INFO - Processing /home/airflow/.local/lib/python3.12/site-packages/airflow/example_dags/example_complex.py took 0.038 seconds
[2025-02-19T19:08:33.090+0000] {processor.py:186} INFO - Started process (PID=10437) to work on /home/airflow/.local/lib/python3.12/site-packages/airflow/example_dags/example_complex.py
[2025-02-19T19:08:33.090+0000] {processor.py:914} INFO - Processing file /home/airflow/.local/lib/python3.12/site-packages/airflow/example_dags/example_complex.py for tasks to queue
[2025-02-19T19:08:33.091+0000] {logging_mixin.py:190} INFO - [2025-02-19T19:08:33.090+0000] {dagbag.py:588} INFO - Filling up the DagBag from /home/airflow/.local/lib/python3.12/site-packages/airflow/example_dags/example_complex.py
[2025-02-19T19:08:33.096+0000] {processor.py:925} INFO - DAG(s) 'example_complex' retrieved from /home/airflow/.local/lib/python3.12/site-packages/airflow/example_dags/example_complex.py
[2025-02-19T19:08:33.108+0000] {logging_mixin.py:190} INFO - [2025-02-19T19:08:33.108+0000] {dag.py:3239} INFO - Sync 1 DAGs
[2025-02-19T19:08:33.115+0000] {logging_mixin.py:190} INFO - [2025-02-19T19:08:33.115+0000] {dag.py:4180} INFO - Setting next_dagrun for example_complex to None, run_after=None
[2025-02-19T19:08:33.126+0000] {processor.py:208} INFO - Processing /home/airflow/.local/lib/python3.12/site-packages/airflow/example_dags/example_complex.py took 0.039 seconds
[2025-02-19T19:09:03.744+0000] {processor.py:186} INFO - Started process (PID=10744) to work on /home/airflow/.local/lib/python3.12/site-packages/airflow/example_dags/example_complex.py
[2025-02-19T19:09:03.745+0000] {processor.py:914} INFO - Processing file /home/airflow/.local/lib/python3.12/site-packages/airflow/example_dags/example_complex.py for tasks to queue
[2025-02-19T19:09:03.745+0000] {logging_mixin.py:190} INFO - [2025-02-19T19:09:03.745+0000] {dagbag.py:588} INFO - Filling up the DagBag from /home/airflow/.local/lib/python3.12/site-packages/airflow/example_dags/example_complex.py
[2025-02-19T19:09:03.754+0000] {processor.py:925} INFO - DAG(s) 'example_complex' retrieved from /home/airflow/.local/lib/python3.12/site-packages/airflow/example_dags/example_complex.py
[2025-02-19T19:09:03.766+0000] {logging_mixin.py:190} INFO - [2025-02-19T19:09:03.766+0000] {dag.py:3239} INFO - Sync 1 DAGs
[2025-02-19T19:09:03.774+0000] {logging_mixin.py:190} INFO - [2025-02-19T19:09:03.774+0000] {dag.py:4180} INFO - Setting next_dagrun for example_complex to None, run_after=None
[2025-02-19T19:09:03.788+0000] {processor.py:208} INFO - Processing /home/airflow/.local/lib/python3.12/site-packages/airflow/example_dags/example_complex.py took 0.046 seconds
[2025-02-19T19:09:34.400+0000] {processor.py:186} INFO - Started process (PID=11045) to work on /home/airflow/.local/lib/python3.12/site-packages/airflow/example_dags/example_complex.py
[2025-02-19T19:09:34.400+0000] {processor.py:914} INFO - Processing file /home/airflow/.local/lib/python3.12/site-packages/airflow/example_dags/example_complex.py for tasks to queue
[2025-02-19T19:09:34.401+0000] {logging_mixin.py:190} INFO - [2025-02-19T19:09:34.401+0000] {dagbag.py:588} INFO - Filling up the DagBag from /home/airflow/.local/lib/python3.12/site-packages/airflow/example_dags/example_complex.py
[2025-02-19T19:09:34.406+0000] {processor.py:925} INFO - DAG(s) 'example_complex' retrieved from /home/airflow/.local/lib/python3.12/site-packages/airflow/example_dags/example_complex.py
[2025-02-19T19:09:34.420+0000] {logging_mixin.py:190} INFO - [2025-02-19T19:09:34.420+0000] {dag.py:3239} INFO - Sync 1 DAGs
[2025-02-19T19:09:34.429+0000] {logging_mixin.py:190} INFO - [2025-02-19T19:09:34.429+0000] {dag.py:4180} INFO - Setting next_dagrun for example_complex to None, run_after=None
[2025-02-19T19:09:34.443+0000] {processor.py:208} INFO - Processing /home/airflow/.local/lib/python3.12/site-packages/airflow/example_dags/example_complex.py took 0.046 seconds
[2025-02-19T19:10:05.255+0000] {processor.py:186} INFO - Started process (PID=11346) to work on /home/airflow/.local/lib/python3.12/site-packages/airflow/example_dags/example_complex.py
[2025-02-19T19:10:05.256+0000] {processor.py:914} INFO - Processing file /home/airflow/.local/lib/python3.12/site-packages/airflow/example_dags/example_complex.py for tasks to queue
[2025-02-19T19:10:05.256+0000] {logging_mixin.py:190} INFO - [2025-02-19T19:10:05.256+0000] {dagbag.py:588} INFO - Filling up the DagBag from /home/airflow/.local/lib/python3.12/site-packages/airflow/example_dags/example_complex.py
[2025-02-19T19:10:05.262+0000] {processor.py:925} INFO - DAG(s) 'example_complex' retrieved from /home/airflow/.local/lib/python3.12/site-packages/airflow/example_dags/example_complex.py
[2025-02-19T19:10:05.276+0000] {logging_mixin.py:190} INFO - [2025-02-19T19:10:05.276+0000] {dag.py:3239} INFO - Sync 1 DAGs
[2025-02-19T19:10:05.283+0000] {logging_mixin.py:190} INFO - [2025-02-19T19:10:05.283+0000] {dag.py:4180} INFO - Setting next_dagrun for example_complex to None, run_after=None
[2025-02-19T19:10:05.292+0000] {processor.py:208} INFO - Processing /home/airflow/.local/lib/python3.12/site-packages/airflow/example_dags/example_complex.py took 0.039 seconds
[2025-02-19T19:10:36.057+0000] {processor.py:186} INFO - Started process (PID=11664) to work on /home/airflow/.local/lib/python3.12/site-packages/airflow/example_dags/example_complex.py
[2025-02-19T19:10:36.059+0000] {processor.py:914} INFO - Processing file /home/airflow/.local/lib/python3.12/site-packages/airflow/example_dags/example_complex.py for tasks to queue
[2025-02-19T19:10:36.060+0000] {logging_mixin.py:190} INFO - [2025-02-19T19:10:36.060+0000] {dagbag.py:588} INFO - Filling up the DagBag from /home/airflow/.local/lib/python3.12/site-packages/airflow/example_dags/example_complex.py
[2025-02-19T19:10:36.066+0000] {processor.py:925} INFO - DAG(s) 'example_complex' retrieved from /home/airflow/.local/lib/python3.12/site-packages/airflow/example_dags/example_complex.py
[2025-02-19T19:10:36.079+0000] {logging_mixin.py:190} INFO - [2025-02-19T19:10:36.079+0000] {dag.py:3239} INFO - Sync 1 DAGs
[2025-02-19T19:10:36.085+0000] {logging_mixin.py:190} INFO - [2025-02-19T19:10:36.085+0000] {dag.py:4180} INFO - Setting next_dagrun for example_complex to None, run_after=None
[2025-02-19T19:10:36.093+0000] {processor.py:208} INFO - Processing /home/airflow/.local/lib/python3.12/site-packages/airflow/example_dags/example_complex.py took 0.041 seconds
[2025-02-19T19:11:06.789+0000] {processor.py:186} INFO - Started process (PID=11972) to work on /home/airflow/.local/lib/python3.12/site-packages/airflow/example_dags/example_complex.py
[2025-02-19T19:11:06.791+0000] {processor.py:914} INFO - Processing file /home/airflow/.local/lib/python3.12/site-packages/airflow/example_dags/example_complex.py for tasks to queue
[2025-02-19T19:11:06.791+0000] {logging_mixin.py:190} INFO - [2025-02-19T19:11:06.791+0000] {dagbag.py:588} INFO - Filling up the DagBag from /home/airflow/.local/lib/python3.12/site-packages/airflow/example_dags/example_complex.py
[2025-02-19T19:11:06.797+0000] {processor.py:925} INFO - DAG(s) 'example_complex' retrieved from /home/airflow/.local/lib/python3.12/site-packages/airflow/example_dags/example_complex.py
[2025-02-19T19:11:06.815+0000] {logging_mixin.py:190} INFO - [2025-02-19T19:11:06.815+0000] {dag.py:3239} INFO - Sync 1 DAGs
[2025-02-19T19:11:06.821+0000] {logging_mixin.py:190} INFO - [2025-02-19T19:11:06.821+0000] {dag.py:4180} INFO - Setting next_dagrun for example_complex to None, run_after=None
[2025-02-19T19:11:06.829+0000] {processor.py:208} INFO - Processing /home/airflow/.local/lib/python3.12/site-packages/airflow/example_dags/example_complex.py took 0.042 seconds
[2025-02-19T19:11:36.991+0000] {processor.py:186} INFO - Started process (PID=12268) to work on /home/airflow/.local/lib/python3.12/site-packages/airflow/example_dags/example_complex.py
[2025-02-19T19:11:36.992+0000] {processor.py:914} INFO - Processing file /home/airflow/.local/lib/python3.12/site-packages/airflow/example_dags/example_complex.py for tasks to queue
[2025-02-19T19:11:36.992+0000] {logging_mixin.py:190} INFO - [2025-02-19T19:11:36.992+0000] {dagbag.py:588} INFO - Filling up the DagBag from /home/airflow/.local/lib/python3.12/site-packages/airflow/example_dags/example_complex.py
[2025-02-19T19:11:36.998+0000] {processor.py:925} INFO - DAG(s) 'example_complex' retrieved from /home/airflow/.local/lib/python3.12/site-packages/airflow/example_dags/example_complex.py
[2025-02-19T19:11:37.014+0000] {logging_mixin.py:190} INFO - [2025-02-19T19:11:37.014+0000] {dag.py:3239} INFO - Sync 1 DAGs
[2025-02-19T19:11:37.020+0000] {logging_mixin.py:190} INFO - [2025-02-19T19:11:37.020+0000] {dag.py:4180} INFO - Setting next_dagrun for example_complex to None, run_after=None
[2025-02-19T19:11:37.030+0000] {processor.py:208} INFO - Processing /home/airflow/.local/lib/python3.12/site-packages/airflow/example_dags/example_complex.py took 0.041 seconds
[2025-02-19T19:12:07.816+0000] {processor.py:186} INFO - Started process (PID=12578) to work on /home/airflow/.local/lib/python3.12/site-packages/airflow/example_dags/example_complex.py
[2025-02-19T19:12:07.817+0000] {processor.py:914} INFO - Processing file /home/airflow/.local/lib/python3.12/site-packages/airflow/example_dags/example_complex.py for tasks to queue
[2025-02-19T19:12:07.818+0000] {logging_mixin.py:190} INFO - [2025-02-19T19:12:07.818+0000] {dagbag.py:588} INFO - Filling up the DagBag from /home/airflow/.local/lib/python3.12/site-packages/airflow/example_dags/example_complex.py
[2025-02-19T19:12:07.825+0000] {processor.py:925} INFO - DAG(s) 'example_complex' retrieved from /home/airflow/.local/lib/python3.12/site-packages/airflow/example_dags/example_complex.py
[2025-02-19T19:12:07.858+0000] {logging_mixin.py:190} INFO - [2025-02-19T19:12:07.857+0000] {dag.py:3239} INFO - Sync 1 DAGs
[2025-02-19T19:12:07.872+0000] {logging_mixin.py:190} INFO - [2025-02-19T19:12:07.872+0000] {dag.py:4180} INFO - Setting next_dagrun for example_complex to None, run_after=None
[2025-02-19T19:12:07.890+0000] {processor.py:208} INFO - Processing /home/airflow/.local/lib/python3.12/site-packages/airflow/example_dags/example_complex.py took 0.078 seconds
[2025-02-19T19:12:37.978+0000] {processor.py:186} INFO - Started process (PID=12874) to work on /home/airflow/.local/lib/python3.12/site-packages/airflow/example_dags/example_complex.py
[2025-02-19T19:12:37.979+0000] {processor.py:914} INFO - Processing file /home/airflow/.local/lib/python3.12/site-packages/airflow/example_dags/example_complex.py for tasks to queue
[2025-02-19T19:12:37.979+0000] {logging_mixin.py:190} INFO - [2025-02-19T19:12:37.979+0000] {dagbag.py:588} INFO - Filling up the DagBag from /home/airflow/.local/lib/python3.12/site-packages/airflow/example_dags/example_complex.py
[2025-02-19T19:12:37.988+0000] {processor.py:925} INFO - DAG(s) 'example_complex' retrieved from /home/airflow/.local/lib/python3.12/site-packages/airflow/example_dags/example_complex.py
[2025-02-19T19:12:38.014+0000] {logging_mixin.py:190} INFO - [2025-02-19T19:12:38.013+0000] {dag.py:3239} INFO - Sync 1 DAGs
[2025-02-19T19:12:38.021+0000] {logging_mixin.py:190} INFO - [2025-02-19T19:12:38.021+0000] {dag.py:4180} INFO - Setting next_dagrun for example_complex to None, run_after=None
[2025-02-19T19:12:38.029+0000] {processor.py:208} INFO - Processing /home/airflow/.local/lib/python3.12/site-packages/airflow/example_dags/example_complex.py took 0.053 seconds
[2025-02-19T19:13:08.674+0000] {processor.py:186} INFO - Started process (PID=13180) to work on /home/airflow/.local/lib/python3.12/site-packages/airflow/example_dags/example_complex.py
[2025-02-19T19:13:08.677+0000] {processor.py:914} INFO - Processing file /home/airflow/.local/lib/python3.12/site-packages/airflow/example_dags/example_complex.py for tasks to queue
[2025-02-19T19:13:08.678+0000] {logging_mixin.py:190} INFO - [2025-02-19T19:13:08.678+0000] {dagbag.py:588} INFO - Filling up the DagBag from /home/airflow/.local/lib/python3.12/site-packages/airflow/example_dags/example_complex.py
[2025-02-19T19:13:08.683+0000] {processor.py:925} INFO - DAG(s) 'example_complex' retrieved from /home/airflow/.local/lib/python3.12/site-packages/airflow/example_dags/example_complex.py
[2025-02-19T19:13:08.700+0000] {logging_mixin.py:190} INFO - [2025-02-19T19:13:08.700+0000] {dag.py:3239} INFO - Sync 1 DAGs
[2025-02-19T19:13:08.708+0000] {logging_mixin.py:190} INFO - [2025-02-19T19:13:08.708+0000] {dag.py:4180} INFO - Setting next_dagrun for example_complex to None, run_after=None
[2025-02-19T19:13:08.715+0000] {processor.py:208} INFO - Processing /home/airflow/.local/lib/python3.12/site-packages/airflow/example_dags/example_complex.py took 0.044 seconds
[2025-02-19T19:13:39.278+0000] {processor.py:186} INFO - Started process (PID=13476) to work on /home/airflow/.local/lib/python3.12/site-packages/airflow/example_dags/example_complex.py
[2025-02-19T19:13:39.281+0000] {processor.py:914} INFO - Processing file /home/airflow/.local/lib/python3.12/site-packages/airflow/example_dags/example_complex.py for tasks to queue
[2025-02-19T19:13:39.283+0000] {logging_mixin.py:190} INFO - [2025-02-19T19:13:39.283+0000] {dagbag.py:588} INFO - Filling up the DagBag from /home/airflow/.local/lib/python3.12/site-packages/airflow/example_dags/example_complex.py
[2025-02-19T19:13:39.288+0000] {processor.py:925} INFO - DAG(s) 'example_complex' retrieved from /home/airflow/.local/lib/python3.12/site-packages/airflow/example_dags/example_complex.py
[2025-02-19T19:13:39.303+0000] {logging_mixin.py:190} INFO - [2025-02-19T19:13:39.303+0000] {dag.py:3239} INFO - Sync 1 DAGs
[2025-02-19T19:13:39.310+0000] {logging_mixin.py:190} INFO - [2025-02-19T19:13:39.309+0000] {dag.py:4180} INFO - Setting next_dagrun for example_complex to None, run_after=None
[2025-02-19T19:13:39.317+0000] {processor.py:208} INFO - Processing /home/airflow/.local/lib/python3.12/site-packages/airflow/example_dags/example_complex.py took 0.042 seconds
[2025-02-19T19:14:09.749+0000] {processor.py:186} INFO - Started process (PID=13784) to work on /home/airflow/.local/lib/python3.12/site-packages/airflow/example_dags/example_complex.py
[2025-02-19T19:14:09.749+0000] {processor.py:914} INFO - Processing file /home/airflow/.local/lib/python3.12/site-packages/airflow/example_dags/example_complex.py for tasks to queue
[2025-02-19T19:14:09.750+0000] {logging_mixin.py:190} INFO - [2025-02-19T19:14:09.750+0000] {dagbag.py:588} INFO - Filling up the DagBag from /home/airflow/.local/lib/python3.12/site-packages/airflow/example_dags/example_complex.py
[2025-02-19T19:14:09.755+0000] {processor.py:925} INFO - DAG(s) 'example_complex' retrieved from /home/airflow/.local/lib/python3.12/site-packages/airflow/example_dags/example_complex.py
[2025-02-19T19:14:09.768+0000] {logging_mixin.py:190} INFO - [2025-02-19T19:14:09.768+0000] {dag.py:3239} INFO - Sync 1 DAGs
[2025-02-19T19:14:09.774+0000] {logging_mixin.py:190} INFO - [2025-02-19T19:14:09.774+0000] {dag.py:4180} INFO - Setting next_dagrun for example_complex to None, run_after=None
[2025-02-19T19:14:09.787+0000] {processor.py:208} INFO - Processing /home/airflow/.local/lib/python3.12/site-packages/airflow/example_dags/example_complex.py took 0.041 seconds
[2025-02-19T19:14:40.345+0000] {processor.py:186} INFO - Started process (PID=14106) to work on /home/airflow/.local/lib/python3.12/site-packages/airflow/example_dags/example_complex.py
[2025-02-19T19:14:40.346+0000] {processor.py:914} INFO - Processing file /home/airflow/.local/lib/python3.12/site-packages/airflow/example_dags/example_complex.py for tasks to queue
[2025-02-19T19:14:40.346+0000] {logging_mixin.py:190} INFO - [2025-02-19T19:14:40.346+0000] {dagbag.py:588} INFO - Filling up the DagBag from /home/airflow/.local/lib/python3.12/site-packages/airflow/example_dags/example_complex.py
[2025-02-19T19:14:40.351+0000] {processor.py:925} INFO - DAG(s) 'example_complex' retrieved from /home/airflow/.local/lib/python3.12/site-packages/airflow/example_dags/example_complex.py
[2025-02-19T19:14:40.366+0000] {logging_mixin.py:190} INFO - [2025-02-19T19:14:40.366+0000] {dag.py:3239} INFO - Sync 1 DAGs
[2025-02-19T19:14:40.375+0000] {logging_mixin.py:190} INFO - [2025-02-19T19:14:40.375+0000] {dag.py:4180} INFO - Setting next_dagrun for example_complex to None, run_after=None
[2025-02-19T19:14:40.384+0000] {processor.py:208} INFO - Processing /home/airflow/.local/lib/python3.12/site-packages/airflow/example_dags/example_complex.py took 0.042 seconds
[2025-02-19T19:15:11.123+0000] {processor.py:186} INFO - Started process (PID=14424) to work on /home/airflow/.local/lib/python3.12/site-packages/airflow/example_dags/example_complex.py
[2025-02-19T19:15:11.124+0000] {processor.py:914} INFO - Processing file /home/airflow/.local/lib/python3.12/site-packages/airflow/example_dags/example_complex.py for tasks to queue
[2025-02-19T19:15:11.125+0000] {logging_mixin.py:190} INFO - [2025-02-19T19:15:11.125+0000] {dagbag.py:588} INFO - Filling up the DagBag from /home/airflow/.local/lib/python3.12/site-packages/airflow/example_dags/example_complex.py
[2025-02-19T19:15:11.132+0000] {processor.py:925} INFO - DAG(s) 'example_complex' retrieved from /home/airflow/.local/lib/python3.12/site-packages/airflow/example_dags/example_complex.py
[2025-02-19T19:15:11.148+0000] {logging_mixin.py:190} INFO - [2025-02-19T19:15:11.148+0000] {dag.py:3239} INFO - Sync 1 DAGs
[2025-02-19T19:15:11.155+0000] {logging_mixin.py:190} INFO - [2025-02-19T19:15:11.154+0000] {dag.py:4180} INFO - Setting next_dagrun for example_complex to None, run_after=None
[2025-02-19T19:15:11.167+0000] {processor.py:208} INFO - Processing /home/airflow/.local/lib/python3.12/site-packages/airflow/example_dags/example_complex.py took 0.049 seconds
[2025-02-19T19:15:41.468+0000] {processor.py:186} INFO - Started process (PID=14722) to work on /home/airflow/.local/lib/python3.12/site-packages/airflow/example_dags/example_complex.py
[2025-02-19T19:15:41.468+0000] {processor.py:914} INFO - Processing file /home/airflow/.local/lib/python3.12/site-packages/airflow/example_dags/example_complex.py for tasks to queue
[2025-02-19T19:15:41.469+0000] {logging_mixin.py:190} INFO - [2025-02-19T19:15:41.469+0000] {dagbag.py:588} INFO - Filling up the DagBag from /home/airflow/.local/lib/python3.12/site-packages/airflow/example_dags/example_complex.py
[2025-02-19T19:15:41.474+0000] {processor.py:925} INFO - DAG(s) 'example_complex' retrieved from /home/airflow/.local/lib/python3.12/site-packages/airflow/example_dags/example_complex.py
[2025-02-19T19:15:41.486+0000] {logging_mixin.py:190} INFO - [2025-02-19T19:15:41.486+0000] {dag.py:3239} INFO - Sync 1 DAGs
[2025-02-19T19:15:41.493+0000] {logging_mixin.py:190} INFO - [2025-02-19T19:15:41.493+0000] {dag.py:4180} INFO - Setting next_dagrun for example_complex to None, run_after=None
[2025-02-19T19:15:41.500+0000] {processor.py:208} INFO - Processing /home/airflow/.local/lib/python3.12/site-packages/airflow/example_dags/example_complex.py took 0.035 seconds
[2025-02-19T19:16:12.090+0000] {processor.py:186} INFO - Started process (PID=15030) to work on /home/airflow/.local/lib/python3.12/site-packages/airflow/example_dags/example_complex.py
[2025-02-19T19:16:12.091+0000] {processor.py:914} INFO - Processing file /home/airflow/.local/lib/python3.12/site-packages/airflow/example_dags/example_complex.py for tasks to queue
[2025-02-19T19:16:12.091+0000] {logging_mixin.py:190} INFO - [2025-02-19T19:16:12.091+0000] {dagbag.py:588} INFO - Filling up the DagBag from /home/airflow/.local/lib/python3.12/site-packages/airflow/example_dags/example_complex.py
[2025-02-19T19:16:12.096+0000] {processor.py:925} INFO - DAG(s) 'example_complex' retrieved from /home/airflow/.local/lib/python3.12/site-packages/airflow/example_dags/example_complex.py
[2025-02-19T19:16:12.108+0000] {logging_mixin.py:190} INFO - [2025-02-19T19:16:12.108+0000] {dag.py:3239} INFO - Sync 1 DAGs
[2025-02-19T19:16:12.113+0000] {logging_mixin.py:190} INFO - [2025-02-19T19:16:12.113+0000] {dag.py:4180} INFO - Setting next_dagrun for example_complex to None, run_after=None
[2025-02-19T19:16:12.119+0000] {processor.py:208} INFO - Processing /home/airflow/.local/lib/python3.12/site-packages/airflow/example_dags/example_complex.py took 0.031 seconds
[2025-02-19T19:16:42.830+0000] {processor.py:186} INFO - Started process (PID=15324) to work on /home/airflow/.local/lib/python3.12/site-packages/airflow/example_dags/example_complex.py
[2025-02-19T19:16:42.830+0000] {processor.py:914} INFO - Processing file /home/airflow/.local/lib/python3.12/site-packages/airflow/example_dags/example_complex.py for tasks to queue
[2025-02-19T19:16:42.831+0000] {logging_mixin.py:190} INFO - [2025-02-19T19:16:42.831+0000] {dagbag.py:588} INFO - Filling up the DagBag from /home/airflow/.local/lib/python3.12/site-packages/airflow/example_dags/example_complex.py
[2025-02-19T19:16:42.839+0000] {processor.py:925} INFO - DAG(s) 'example_complex' retrieved from /home/airflow/.local/lib/python3.12/site-packages/airflow/example_dags/example_complex.py
[2025-02-19T19:16:42.852+0000] {logging_mixin.py:190} INFO - [2025-02-19T19:16:42.852+0000] {dag.py:3239} INFO - Sync 1 DAGs
[2025-02-19T19:16:42.859+0000] {logging_mixin.py:190} INFO - [2025-02-19T19:16:42.859+0000] {dag.py:4180} INFO - Setting next_dagrun for example_complex to None, run_after=None
[2025-02-19T19:16:42.870+0000] {processor.py:208} INFO - Processing /home/airflow/.local/lib/python3.12/site-packages/airflow/example_dags/example_complex.py took 0.043 seconds
[2025-02-19T19:17:13.536+0000] {processor.py:186} INFO - Started process (PID=15632) to work on /home/airflow/.local/lib/python3.12/site-packages/airflow/example_dags/example_complex.py
[2025-02-19T19:17:13.537+0000] {processor.py:914} INFO - Processing file /home/airflow/.local/lib/python3.12/site-packages/airflow/example_dags/example_complex.py for tasks to queue
[2025-02-19T19:17:13.538+0000] {logging_mixin.py:190} INFO - [2025-02-19T19:17:13.537+0000] {dagbag.py:588} INFO - Filling up the DagBag from /home/airflow/.local/lib/python3.12/site-packages/airflow/example_dags/example_complex.py
[2025-02-19T19:17:13.543+0000] {processor.py:925} INFO - DAG(s) 'example_complex' retrieved from /home/airflow/.local/lib/python3.12/site-packages/airflow/example_dags/example_complex.py
[2025-02-19T19:17:13.555+0000] {logging_mixin.py:190} INFO - [2025-02-19T19:17:13.555+0000] {dag.py:3239} INFO - Sync 1 DAGs
[2025-02-19T19:17:13.561+0000] {logging_mixin.py:190} INFO - [2025-02-19T19:17:13.561+0000] {dag.py:4180} INFO - Setting next_dagrun for example_complex to None, run_after=None
[2025-02-19T19:17:13.573+0000] {processor.py:208} INFO - Processing /home/airflow/.local/lib/python3.12/site-packages/airflow/example_dags/example_complex.py took 0.040 seconds
[2025-02-19T19:17:44.315+0000] {processor.py:186} INFO - Started process (PID=15928) to work on /home/airflow/.local/lib/python3.12/site-packages/airflow/example_dags/example_complex.py
[2025-02-19T19:17:44.320+0000] {processor.py:914} INFO - Processing file /home/airflow/.local/lib/python3.12/site-packages/airflow/example_dags/example_complex.py for tasks to queue
[2025-02-19T19:17:44.321+0000] {logging_mixin.py:190} INFO - [2025-02-19T19:17:44.321+0000] {dagbag.py:588} INFO - Filling up the DagBag from /home/airflow/.local/lib/python3.12/site-packages/airflow/example_dags/example_complex.py
[2025-02-19T19:17:44.329+0000] {processor.py:925} INFO - DAG(s) 'example_complex' retrieved from /home/airflow/.local/lib/python3.12/site-packages/airflow/example_dags/example_complex.py
[2025-02-19T19:17:44.353+0000] {logging_mixin.py:190} INFO - [2025-02-19T19:17:44.352+0000] {dag.py:3239} INFO - Sync 1 DAGs
[2025-02-19T19:17:44.362+0000] {logging_mixin.py:190} INFO - [2025-02-19T19:17:44.362+0000] {dag.py:4180} INFO - Setting next_dagrun for example_complex to None, run_after=None
[2025-02-19T19:17:44.372+0000] {processor.py:208} INFO - Processing /home/airflow/.local/lib/python3.12/site-packages/airflow/example_dags/example_complex.py took 0.064 seconds
[2025-02-19T19:18:14.670+0000] {processor.py:186} INFO - Started process (PID=16236) to work on /home/airflow/.local/lib/python3.12/site-packages/airflow/example_dags/example_complex.py
[2025-02-19T19:18:14.671+0000] {processor.py:914} INFO - Processing file /home/airflow/.local/lib/python3.12/site-packages/airflow/example_dags/example_complex.py for tasks to queue
[2025-02-19T19:18:14.671+0000] {logging_mixin.py:190} INFO - [2025-02-19T19:18:14.671+0000] {dagbag.py:588} INFO - Filling up the DagBag from /home/airflow/.local/lib/python3.12/site-packages/airflow/example_dags/example_complex.py
[2025-02-19T19:18:14.676+0000] {processor.py:925} INFO - DAG(s) 'example_complex' retrieved from /home/airflow/.local/lib/python3.12/site-packages/airflow/example_dags/example_complex.py
[2025-02-19T19:18:14.695+0000] {logging_mixin.py:190} INFO - [2025-02-19T19:18:14.694+0000] {dag.py:3239} INFO - Sync 1 DAGs
[2025-02-19T19:18:14.701+0000] {logging_mixin.py:190} INFO - [2025-02-19T19:18:14.701+0000] {dag.py:4180} INFO - Setting next_dagrun for example_complex to None, run_after=None
[2025-02-19T19:18:14.713+0000] {processor.py:208} INFO - Processing /home/airflow/.local/lib/python3.12/site-packages/airflow/example_dags/example_complex.py took 0.046 seconds
[2025-02-19T19:18:45.451+0000] {processor.py:186} INFO - Started process (PID=16532) to work on /home/airflow/.local/lib/python3.12/site-packages/airflow/example_dags/example_complex.py
[2025-02-19T19:18:45.452+0000] {processor.py:914} INFO - Processing file /home/airflow/.local/lib/python3.12/site-packages/airflow/example_dags/example_complex.py for tasks to queue
[2025-02-19T19:18:45.452+0000] {logging_mixin.py:190} INFO - [2025-02-19T19:18:45.452+0000] {dagbag.py:588} INFO - Filling up the DagBag from /home/airflow/.local/lib/python3.12/site-packages/airflow/example_dags/example_complex.py
[2025-02-19T19:18:45.459+0000] {processor.py:925} INFO - DAG(s) 'example_complex' retrieved from /home/airflow/.local/lib/python3.12/site-packages/airflow/example_dags/example_complex.py
[2025-02-19T19:18:45.477+0000] {logging_mixin.py:190} INFO - [2025-02-19T19:18:45.477+0000] {dag.py:3239} INFO - Sync 1 DAGs
[2025-02-19T19:18:45.483+0000] {logging_mixin.py:190} INFO - [2025-02-19T19:18:45.483+0000] {dag.py:4180} INFO - Setting next_dagrun for example_complex to None, run_after=None
[2025-02-19T19:18:45.491+0000] {processor.py:208} INFO - Processing /home/airflow/.local/lib/python3.12/site-packages/airflow/example_dags/example_complex.py took 0.043 seconds
[2025-02-19T19:19:16.315+0000] {processor.py:186} INFO - Started process (PID=16840) to work on /home/airflow/.local/lib/python3.12/site-packages/airflow/example_dags/example_complex.py
[2025-02-19T19:19:16.317+0000] {processor.py:914} INFO - Processing file /home/airflow/.local/lib/python3.12/site-packages/airflow/example_dags/example_complex.py for tasks to queue
[2025-02-19T19:19:16.318+0000] {logging_mixin.py:190} INFO - [2025-02-19T19:19:16.317+0000] {dagbag.py:588} INFO - Filling up the DagBag from /home/airflow/.local/lib/python3.12/site-packages/airflow/example_dags/example_complex.py
[2025-02-19T19:19:16.323+0000] {processor.py:925} INFO - DAG(s) 'example_complex' retrieved from /home/airflow/.local/lib/python3.12/site-packages/airflow/example_dags/example_complex.py
[2025-02-19T19:19:16.335+0000] {logging_mixin.py:190} INFO - [2025-02-19T19:19:16.335+0000] {dag.py:3239} INFO - Sync 1 DAGs
[2025-02-19T19:19:16.341+0000] {logging_mixin.py:190} INFO - [2025-02-19T19:19:16.341+0000] {dag.py:4180} INFO - Setting next_dagrun for example_complex to None, run_after=None
[2025-02-19T19:19:16.357+0000] {processor.py:208} INFO - Processing /home/airflow/.local/lib/python3.12/site-packages/airflow/example_dags/example_complex.py took 0.044 seconds
