[2025-02-19T18:33:03.890+0000] {processor.py:186} INFO - Started process (PID=274) to work on /home/airflow/.local/lib/python3.12/site-packages/airflow/example_dags/tutorial_dag.py
[2025-02-19T18:33:03.892+0000] {processor.py:914} INFO - Processing file /home/airflow/.local/lib/python3.12/site-packages/airflow/example_dags/tutorial_dag.py for tasks to queue
[2025-02-19T18:33:03.893+0000] {logging_mixin.py:190} INFO - [2025-02-19T18:33:03.893+0000] {dagbag.py:588} INFO - Filling up the DagBag from /home/airflow/.local/lib/python3.12/site-packages/airflow/example_dags/tutorial_dag.py
[2025-02-19T18:33:03.898+0000] {processor.py:925} INFO - DAG(s) 'tutorial_dag' retrieved from /home/airflow/.local/lib/python3.12/site-packages/airflow/example_dags/tutorial_dag.py
[2025-02-19T18:33:03.918+0000] {logging_mixin.py:190} INFO - [2025-02-19T18:33:03.917+0000] {dag.py:3239} INFO - Sync 1 DAGs
[2025-02-19T18:33:03.933+0000] {logging_mixin.py:190} INFO - [2025-02-19T18:33:03.932+0000] {dag.py:4180} INFO - Setting next_dagrun for tutorial_dag to None, run_after=None
[2025-02-19T18:33:03.950+0000] {processor.py:208} INFO - Processing /home/airflow/.local/lib/python3.12/site-packages/airflow/example_dags/tutorial_dag.py took 0.065 seconds
[2025-02-19T18:39:56.869+0000] {processor.py:186} INFO - Started process (PID=267) to work on /home/airflow/.local/lib/python3.12/site-packages/airflow/example_dags/tutorial_dag.py
[2025-02-19T18:39:56.870+0000] {processor.py:914} INFO - Processing file /home/airflow/.local/lib/python3.12/site-packages/airflow/example_dags/tutorial_dag.py for tasks to queue
[2025-02-19T18:39:56.871+0000] {logging_mixin.py:190} INFO - [2025-02-19T18:39:56.871+0000] {dagbag.py:588} INFO - Filling up the DagBag from /home/airflow/.local/lib/python3.12/site-packages/airflow/example_dags/tutorial_dag.py
[2025-02-19T18:39:56.877+0000] {processor.py:925} INFO - DAG(s) 'tutorial_dag' retrieved from /home/airflow/.local/lib/python3.12/site-packages/airflow/example_dags/tutorial_dag.py
[2025-02-19T18:39:56.891+0000] {logging_mixin.py:190} INFO - [2025-02-19T18:39:56.891+0000] {dag.py:3239} INFO - Sync 1 DAGs
[2025-02-19T18:39:56.898+0000] {logging_mixin.py:190} INFO - [2025-02-19T18:39:56.898+0000] {dag.py:4180} INFO - Setting next_dagrun for tutorial_dag to None, run_after=None
[2025-02-19T18:39:56.905+0000] {processor.py:208} INFO - Processing /home/airflow/.local/lib/python3.12/site-packages/airflow/example_dags/tutorial_dag.py took 0.039 seconds
[2025-02-19T18:40:27.582+0000] {processor.py:186} INFO - Started process (PID=568) to work on /home/airflow/.local/lib/python3.12/site-packages/airflow/example_dags/tutorial_dag.py
[2025-02-19T18:40:27.584+0000] {processor.py:914} INFO - Processing file /home/airflow/.local/lib/python3.12/site-packages/airflow/example_dags/tutorial_dag.py for tasks to queue
[2025-02-19T18:40:27.585+0000] {logging_mixin.py:190} INFO - [2025-02-19T18:40:27.585+0000] {dagbag.py:588} INFO - Filling up the DagBag from /home/airflow/.local/lib/python3.12/site-packages/airflow/example_dags/tutorial_dag.py
[2025-02-19T18:40:27.588+0000] {processor.py:925} INFO - DAG(s) 'tutorial_dag' retrieved from /home/airflow/.local/lib/python3.12/site-packages/airflow/example_dags/tutorial_dag.py
[2025-02-19T18:40:27.600+0000] {logging_mixin.py:190} INFO - [2025-02-19T18:40:27.600+0000] {dag.py:3239} INFO - Sync 1 DAGs
[2025-02-19T18:40:27.606+0000] {logging_mixin.py:190} INFO - [2025-02-19T18:40:27.606+0000] {dag.py:4180} INFO - Setting next_dagrun for tutorial_dag to None, run_after=None
[2025-02-19T18:40:27.614+0000] {processor.py:208} INFO - Processing /home/airflow/.local/lib/python3.12/site-packages/airflow/example_dags/tutorial_dag.py took 0.035 seconds
[2025-02-19T18:40:58.566+0000] {processor.py:186} INFO - Started process (PID=864) to work on /home/airflow/.local/lib/python3.12/site-packages/airflow/example_dags/tutorial_dag.py
[2025-02-19T18:40:58.567+0000] {processor.py:914} INFO - Processing file /home/airflow/.local/lib/python3.12/site-packages/airflow/example_dags/tutorial_dag.py for tasks to queue
[2025-02-19T18:40:58.568+0000] {logging_mixin.py:190} INFO - [2025-02-19T18:40:58.568+0000] {dagbag.py:588} INFO - Filling up the DagBag from /home/airflow/.local/lib/python3.12/site-packages/airflow/example_dags/tutorial_dag.py
[2025-02-19T18:40:58.571+0000] {processor.py:925} INFO - DAG(s) 'tutorial_dag' retrieved from /home/airflow/.local/lib/python3.12/site-packages/airflow/example_dags/tutorial_dag.py
[2025-02-19T18:40:58.581+0000] {logging_mixin.py:190} INFO - [2025-02-19T18:40:58.581+0000] {dag.py:3239} INFO - Sync 1 DAGs
[2025-02-19T18:40:58.588+0000] {logging_mixin.py:190} INFO - [2025-02-19T18:40:58.588+0000] {dag.py:4180} INFO - Setting next_dagrun for tutorial_dag to None, run_after=None
[2025-02-19T18:40:58.594+0000] {processor.py:208} INFO - Processing /home/airflow/.local/lib/python3.12/site-packages/airflow/example_dags/tutorial_dag.py took 0.031 seconds
[2025-02-19T18:41:29.222+0000] {processor.py:186} INFO - Started process (PID=1162) to work on /home/airflow/.local/lib/python3.12/site-packages/airflow/example_dags/tutorial_dag.py
[2025-02-19T18:41:29.223+0000] {processor.py:914} INFO - Processing file /home/airflow/.local/lib/python3.12/site-packages/airflow/example_dags/tutorial_dag.py for tasks to queue
[2025-02-19T18:41:29.225+0000] {logging_mixin.py:190} INFO - [2025-02-19T18:41:29.224+0000] {dagbag.py:588} INFO - Filling up the DagBag from /home/airflow/.local/lib/python3.12/site-packages/airflow/example_dags/tutorial_dag.py
[2025-02-19T18:41:29.228+0000] {processor.py:925} INFO - DAG(s) 'tutorial_dag' retrieved from /home/airflow/.local/lib/python3.12/site-packages/airflow/example_dags/tutorial_dag.py
[2025-02-19T18:41:29.239+0000] {logging_mixin.py:190} INFO - [2025-02-19T18:41:29.239+0000] {dag.py:3239} INFO - Sync 1 DAGs
[2025-02-19T18:41:29.244+0000] {logging_mixin.py:190} INFO - [2025-02-19T18:41:29.244+0000] {dag.py:4180} INFO - Setting next_dagrun for tutorial_dag to None, run_after=None
[2025-02-19T18:41:29.252+0000] {processor.py:208} INFO - Processing /home/airflow/.local/lib/python3.12/site-packages/airflow/example_dags/tutorial_dag.py took 0.032 seconds
[2025-02-19T18:41:59.723+0000] {processor.py:186} INFO - Started process (PID=1456) to work on /home/airflow/.local/lib/python3.12/site-packages/airflow/example_dags/tutorial_dag.py
[2025-02-19T18:41:59.724+0000] {processor.py:914} INFO - Processing file /home/airflow/.local/lib/python3.12/site-packages/airflow/example_dags/tutorial_dag.py for tasks to queue
[2025-02-19T18:41:59.725+0000] {logging_mixin.py:190} INFO - [2025-02-19T18:41:59.725+0000] {dagbag.py:588} INFO - Filling up the DagBag from /home/airflow/.local/lib/python3.12/site-packages/airflow/example_dags/tutorial_dag.py
[2025-02-19T18:41:59.730+0000] {processor.py:925} INFO - DAG(s) 'tutorial_dag' retrieved from /home/airflow/.local/lib/python3.12/site-packages/airflow/example_dags/tutorial_dag.py
[2025-02-19T18:41:59.741+0000] {logging_mixin.py:190} INFO - [2025-02-19T18:41:59.741+0000] {dag.py:3239} INFO - Sync 1 DAGs
[2025-02-19T18:41:59.746+0000] {logging_mixin.py:190} INFO - [2025-02-19T18:41:59.746+0000] {dag.py:4180} INFO - Setting next_dagrun for tutorial_dag to None, run_after=None
[2025-02-19T18:41:59.756+0000] {processor.py:208} INFO - Processing /home/airflow/.local/lib/python3.12/site-packages/airflow/example_dags/tutorial_dag.py took 0.035 seconds
[2025-02-19T18:42:30.148+0000] {processor.py:186} INFO - Started process (PID=1754) to work on /home/airflow/.local/lib/python3.12/site-packages/airflow/example_dags/tutorial_dag.py
[2025-02-19T18:42:30.148+0000] {processor.py:914} INFO - Processing file /home/airflow/.local/lib/python3.12/site-packages/airflow/example_dags/tutorial_dag.py for tasks to queue
[2025-02-19T18:42:30.149+0000] {logging_mixin.py:190} INFO - [2025-02-19T18:42:30.149+0000] {dagbag.py:588} INFO - Filling up the DagBag from /home/airflow/.local/lib/python3.12/site-packages/airflow/example_dags/tutorial_dag.py
[2025-02-19T18:42:30.153+0000] {processor.py:925} INFO - DAG(s) 'tutorial_dag' retrieved from /home/airflow/.local/lib/python3.12/site-packages/airflow/example_dags/tutorial_dag.py
[2025-02-19T18:42:30.162+0000] {logging_mixin.py:190} INFO - [2025-02-19T18:42:30.162+0000] {dag.py:3239} INFO - Sync 1 DAGs
[2025-02-19T18:42:30.167+0000] {logging_mixin.py:190} INFO - [2025-02-19T18:42:30.167+0000] {dag.py:4180} INFO - Setting next_dagrun for tutorial_dag to None, run_after=None
[2025-02-19T18:42:30.175+0000] {processor.py:208} INFO - Processing /home/airflow/.local/lib/python3.12/site-packages/airflow/example_dags/tutorial_dag.py took 0.030 seconds
[2025-02-19T18:43:00.564+0000] {processor.py:186} INFO - Started process (PID=2050) to work on /home/airflow/.local/lib/python3.12/site-packages/airflow/example_dags/tutorial_dag.py
[2025-02-19T18:43:00.564+0000] {processor.py:914} INFO - Processing file /home/airflow/.local/lib/python3.12/site-packages/airflow/example_dags/tutorial_dag.py for tasks to queue
[2025-02-19T18:43:00.565+0000] {logging_mixin.py:190} INFO - [2025-02-19T18:43:00.565+0000] {dagbag.py:588} INFO - Filling up the DagBag from /home/airflow/.local/lib/python3.12/site-packages/airflow/example_dags/tutorial_dag.py
[2025-02-19T18:43:00.568+0000] {processor.py:925} INFO - DAG(s) 'tutorial_dag' retrieved from /home/airflow/.local/lib/python3.12/site-packages/airflow/example_dags/tutorial_dag.py
[2025-02-19T18:43:00.575+0000] {logging_mixin.py:190} INFO - [2025-02-19T18:43:00.575+0000] {dag.py:3239} INFO - Sync 1 DAGs
[2025-02-19T18:43:00.581+0000] {logging_mixin.py:190} INFO - [2025-02-19T18:43:00.580+0000] {dag.py:4180} INFO - Setting next_dagrun for tutorial_dag to None, run_after=None
[2025-02-19T18:43:00.587+0000] {processor.py:208} INFO - Processing /home/airflow/.local/lib/python3.12/site-packages/airflow/example_dags/tutorial_dag.py took 0.025 seconds
[2025-02-19T18:43:30.986+0000] {processor.py:186} INFO - Started process (PID=2344) to work on /home/airflow/.local/lib/python3.12/site-packages/airflow/example_dags/tutorial_dag.py
[2025-02-19T18:43:30.987+0000] {processor.py:914} INFO - Processing file /home/airflow/.local/lib/python3.12/site-packages/airflow/example_dags/tutorial_dag.py for tasks to queue
[2025-02-19T18:43:30.989+0000] {logging_mixin.py:190} INFO - [2025-02-19T18:43:30.989+0000] {dagbag.py:588} INFO - Filling up the DagBag from /home/airflow/.local/lib/python3.12/site-packages/airflow/example_dags/tutorial_dag.py
[2025-02-19T18:43:30.993+0000] {processor.py:925} INFO - DAG(s) 'tutorial_dag' retrieved from /home/airflow/.local/lib/python3.12/site-packages/airflow/example_dags/tutorial_dag.py
[2025-02-19T18:43:31.003+0000] {logging_mixin.py:190} INFO - [2025-02-19T18:43:31.003+0000] {dag.py:3239} INFO - Sync 1 DAGs
[2025-02-19T18:43:31.009+0000] {logging_mixin.py:190} INFO - [2025-02-19T18:43:31.009+0000] {dag.py:4180} INFO - Setting next_dagrun for tutorial_dag to None, run_after=None
[2025-02-19T18:43:31.015+0000] {processor.py:208} INFO - Processing /home/airflow/.local/lib/python3.12/site-packages/airflow/example_dags/tutorial_dag.py took 0.032 seconds
[2025-02-19T18:44:01.470+0000] {processor.py:186} INFO - Started process (PID=2640) to work on /home/airflow/.local/lib/python3.12/site-packages/airflow/example_dags/tutorial_dag.py
[2025-02-19T18:44:01.471+0000] {processor.py:914} INFO - Processing file /home/airflow/.local/lib/python3.12/site-packages/airflow/example_dags/tutorial_dag.py for tasks to queue
[2025-02-19T18:44:01.472+0000] {logging_mixin.py:190} INFO - [2025-02-19T18:44:01.472+0000] {dagbag.py:588} INFO - Filling up the DagBag from /home/airflow/.local/lib/python3.12/site-packages/airflow/example_dags/tutorial_dag.py
[2025-02-19T18:44:01.476+0000] {processor.py:925} INFO - DAG(s) 'tutorial_dag' retrieved from /home/airflow/.local/lib/python3.12/site-packages/airflow/example_dags/tutorial_dag.py
[2025-02-19T18:44:01.486+0000] {logging_mixin.py:190} INFO - [2025-02-19T18:44:01.486+0000] {dag.py:3239} INFO - Sync 1 DAGs
[2025-02-19T18:44:01.491+0000] {logging_mixin.py:190} INFO - [2025-02-19T18:44:01.491+0000] {dag.py:4180} INFO - Setting next_dagrun for tutorial_dag to None, run_after=None
[2025-02-19T18:44:01.498+0000] {processor.py:208} INFO - Processing /home/airflow/.local/lib/python3.12/site-packages/airflow/example_dags/tutorial_dag.py took 0.030 seconds
[2025-02-19T18:44:31.948+0000] {processor.py:186} INFO - Started process (PID=2938) to work on /home/airflow/.local/lib/python3.12/site-packages/airflow/example_dags/tutorial_dag.py
[2025-02-19T18:44:31.949+0000] {processor.py:914} INFO - Processing file /home/airflow/.local/lib/python3.12/site-packages/airflow/example_dags/tutorial_dag.py for tasks to queue
[2025-02-19T18:44:31.950+0000] {logging_mixin.py:190} INFO - [2025-02-19T18:44:31.949+0000] {dagbag.py:588} INFO - Filling up the DagBag from /home/airflow/.local/lib/python3.12/site-packages/airflow/example_dags/tutorial_dag.py
[2025-02-19T18:44:31.953+0000] {processor.py:925} INFO - DAG(s) 'tutorial_dag' retrieved from /home/airflow/.local/lib/python3.12/site-packages/airflow/example_dags/tutorial_dag.py
[2025-02-19T18:44:31.960+0000] {logging_mixin.py:190} INFO - [2025-02-19T18:44:31.960+0000] {dag.py:3239} INFO - Sync 1 DAGs
[2025-02-19T18:44:31.965+0000] {logging_mixin.py:190} INFO - [2025-02-19T18:44:31.965+0000] {dag.py:4180} INFO - Setting next_dagrun for tutorial_dag to None, run_after=None
[2025-02-19T18:44:31.972+0000] {processor.py:208} INFO - Processing /home/airflow/.local/lib/python3.12/site-packages/airflow/example_dags/tutorial_dag.py took 0.025 seconds
[2025-02-19T18:45:02.380+0000] {processor.py:186} INFO - Started process (PID=3232) to work on /home/airflow/.local/lib/python3.12/site-packages/airflow/example_dags/tutorial_dag.py
[2025-02-19T18:45:02.383+0000] {processor.py:914} INFO - Processing file /home/airflow/.local/lib/python3.12/site-packages/airflow/example_dags/tutorial_dag.py for tasks to queue
[2025-02-19T18:45:02.385+0000] {logging_mixin.py:190} INFO - [2025-02-19T18:45:02.384+0000] {dagbag.py:588} INFO - Filling up the DagBag from /home/airflow/.local/lib/python3.12/site-packages/airflow/example_dags/tutorial_dag.py
[2025-02-19T18:45:02.388+0000] {processor.py:925} INFO - DAG(s) 'tutorial_dag' retrieved from /home/airflow/.local/lib/python3.12/site-packages/airflow/example_dags/tutorial_dag.py
[2025-02-19T18:45:02.398+0000] {logging_mixin.py:190} INFO - [2025-02-19T18:45:02.398+0000] {dag.py:3239} INFO - Sync 1 DAGs
[2025-02-19T18:45:02.403+0000] {logging_mixin.py:190} INFO - [2025-02-19T18:45:02.403+0000] {dag.py:4180} INFO - Setting next_dagrun for tutorial_dag to None, run_after=None
[2025-02-19T18:45:02.411+0000] {processor.py:208} INFO - Processing /home/airflow/.local/lib/python3.12/site-packages/airflow/example_dags/tutorial_dag.py took 0.033 seconds
[2025-02-19T18:45:32.858+0000] {processor.py:186} INFO - Started process (PID=3528) to work on /home/airflow/.local/lib/python3.12/site-packages/airflow/example_dags/tutorial_dag.py
[2025-02-19T18:45:32.860+0000] {processor.py:914} INFO - Processing file /home/airflow/.local/lib/python3.12/site-packages/airflow/example_dags/tutorial_dag.py for tasks to queue
[2025-02-19T18:45:32.862+0000] {logging_mixin.py:190} INFO - [2025-02-19T18:45:32.861+0000] {dagbag.py:588} INFO - Filling up the DagBag from /home/airflow/.local/lib/python3.12/site-packages/airflow/example_dags/tutorial_dag.py
[2025-02-19T18:45:32.865+0000] {processor.py:925} INFO - DAG(s) 'tutorial_dag' retrieved from /home/airflow/.local/lib/python3.12/site-packages/airflow/example_dags/tutorial_dag.py
[2025-02-19T18:45:32.873+0000] {logging_mixin.py:190} INFO - [2025-02-19T18:45:32.873+0000] {dag.py:3239} INFO - Sync 1 DAGs
[2025-02-19T18:45:32.878+0000] {logging_mixin.py:190} INFO - [2025-02-19T18:45:32.878+0000] {dag.py:4180} INFO - Setting next_dagrun for tutorial_dag to None, run_after=None
[2025-02-19T18:45:32.885+0000] {processor.py:208} INFO - Processing /home/airflow/.local/lib/python3.12/site-packages/airflow/example_dags/tutorial_dag.py took 0.029 seconds
[2025-02-19T18:46:03.375+0000] {processor.py:186} INFO - Started process (PID=3826) to work on /home/airflow/.local/lib/python3.12/site-packages/airflow/example_dags/tutorial_dag.py
[2025-02-19T18:46:03.375+0000] {processor.py:914} INFO - Processing file /home/airflow/.local/lib/python3.12/site-packages/airflow/example_dags/tutorial_dag.py for tasks to queue
[2025-02-19T18:46:03.376+0000] {logging_mixin.py:190} INFO - [2025-02-19T18:46:03.376+0000] {dagbag.py:588} INFO - Filling up the DagBag from /home/airflow/.local/lib/python3.12/site-packages/airflow/example_dags/tutorial_dag.py
[2025-02-19T18:46:03.380+0000] {processor.py:925} INFO - DAG(s) 'tutorial_dag' retrieved from /home/airflow/.local/lib/python3.12/site-packages/airflow/example_dags/tutorial_dag.py
[2025-02-19T18:46:03.392+0000] {logging_mixin.py:190} INFO - [2025-02-19T18:46:03.392+0000] {dag.py:3239} INFO - Sync 1 DAGs
[2025-02-19T18:46:03.399+0000] {logging_mixin.py:190} INFO - [2025-02-19T18:46:03.399+0000] {dag.py:4180} INFO - Setting next_dagrun for tutorial_dag to None, run_after=None
[2025-02-19T18:46:03.409+0000] {processor.py:208} INFO - Processing /home/airflow/.local/lib/python3.12/site-packages/airflow/example_dags/tutorial_dag.py took 0.037 seconds
[2025-02-19T18:46:33.934+0000] {processor.py:186} INFO - Started process (PID=4120) to work on /home/airflow/.local/lib/python3.12/site-packages/airflow/example_dags/tutorial_dag.py
[2025-02-19T18:46:33.934+0000] {processor.py:914} INFO - Processing file /home/airflow/.local/lib/python3.12/site-packages/airflow/example_dags/tutorial_dag.py for tasks to queue
[2025-02-19T18:46:33.935+0000] {logging_mixin.py:190} INFO - [2025-02-19T18:46:33.935+0000] {dagbag.py:588} INFO - Filling up the DagBag from /home/airflow/.local/lib/python3.12/site-packages/airflow/example_dags/tutorial_dag.py
[2025-02-19T18:46:33.938+0000] {processor.py:925} INFO - DAG(s) 'tutorial_dag' retrieved from /home/airflow/.local/lib/python3.12/site-packages/airflow/example_dags/tutorial_dag.py
[2025-02-19T18:46:33.948+0000] {logging_mixin.py:190} INFO - [2025-02-19T18:46:33.948+0000] {dag.py:3239} INFO - Sync 1 DAGs
[2025-02-19T18:46:33.954+0000] {logging_mixin.py:190} INFO - [2025-02-19T18:46:33.953+0000] {dag.py:4180} INFO - Setting next_dagrun for tutorial_dag to None, run_after=None
[2025-02-19T18:46:33.961+0000] {processor.py:208} INFO - Processing /home/airflow/.local/lib/python3.12/site-packages/airflow/example_dags/tutorial_dag.py took 0.029 seconds
[2025-02-19T18:47:04.397+0000] {processor.py:186} INFO - Started process (PID=4416) to work on /home/airflow/.local/lib/python3.12/site-packages/airflow/example_dags/tutorial_dag.py
[2025-02-19T18:47:04.398+0000] {processor.py:914} INFO - Processing file /home/airflow/.local/lib/python3.12/site-packages/airflow/example_dags/tutorial_dag.py for tasks to queue
[2025-02-19T18:47:04.399+0000] {logging_mixin.py:190} INFO - [2025-02-19T18:47:04.399+0000] {dagbag.py:588} INFO - Filling up the DagBag from /home/airflow/.local/lib/python3.12/site-packages/airflow/example_dags/tutorial_dag.py
[2025-02-19T18:47:04.403+0000] {processor.py:925} INFO - DAG(s) 'tutorial_dag' retrieved from /home/airflow/.local/lib/python3.12/site-packages/airflow/example_dags/tutorial_dag.py
[2025-02-19T18:47:04.412+0000] {logging_mixin.py:190} INFO - [2025-02-19T18:47:04.412+0000] {dag.py:3239} INFO - Sync 1 DAGs
[2025-02-19T18:47:04.417+0000] {logging_mixin.py:190} INFO - [2025-02-19T18:47:04.417+0000] {dag.py:4180} INFO - Setting next_dagrun for tutorial_dag to None, run_after=None
[2025-02-19T18:47:04.424+0000] {processor.py:208} INFO - Processing /home/airflow/.local/lib/python3.12/site-packages/airflow/example_dags/tutorial_dag.py took 0.029 seconds
[2025-02-19T18:47:34.741+0000] {processor.py:186} INFO - Started process (PID=4712) to work on /home/airflow/.local/lib/python3.12/site-packages/airflow/example_dags/tutorial_dag.py
[2025-02-19T18:47:34.744+0000] {processor.py:914} INFO - Processing file /home/airflow/.local/lib/python3.12/site-packages/airflow/example_dags/tutorial_dag.py for tasks to queue
[2025-02-19T18:47:34.747+0000] {logging_mixin.py:190} INFO - [2025-02-19T18:47:34.746+0000] {dagbag.py:588} INFO - Filling up the DagBag from /home/airflow/.local/lib/python3.12/site-packages/airflow/example_dags/tutorial_dag.py
[2025-02-19T18:47:34.751+0000] {processor.py:925} INFO - DAG(s) 'tutorial_dag' retrieved from /home/airflow/.local/lib/python3.12/site-packages/airflow/example_dags/tutorial_dag.py
[2025-02-19T18:47:34.760+0000] {logging_mixin.py:190} INFO - [2025-02-19T18:47:34.759+0000] {dag.py:3239} INFO - Sync 1 DAGs
[2025-02-19T18:47:34.765+0000] {logging_mixin.py:190} INFO - [2025-02-19T18:47:34.765+0000] {dag.py:4180} INFO - Setting next_dagrun for tutorial_dag to None, run_after=None
[2025-02-19T18:47:34.771+0000] {processor.py:208} INFO - Processing /home/airflow/.local/lib/python3.12/site-packages/airflow/example_dags/tutorial_dag.py took 0.033 seconds
[2025-02-19T18:48:05.026+0000] {processor.py:186} INFO - Started process (PID=5008) to work on /home/airflow/.local/lib/python3.12/site-packages/airflow/example_dags/tutorial_dag.py
[2025-02-19T18:48:05.028+0000] {processor.py:914} INFO - Processing file /home/airflow/.local/lib/python3.12/site-packages/airflow/example_dags/tutorial_dag.py for tasks to queue
[2025-02-19T18:48:05.029+0000] {logging_mixin.py:190} INFO - [2025-02-19T18:48:05.029+0000] {dagbag.py:588} INFO - Filling up the DagBag from /home/airflow/.local/lib/python3.12/site-packages/airflow/example_dags/tutorial_dag.py
[2025-02-19T18:48:05.032+0000] {processor.py:925} INFO - DAG(s) 'tutorial_dag' retrieved from /home/airflow/.local/lib/python3.12/site-packages/airflow/example_dags/tutorial_dag.py
[2025-02-19T18:48:05.043+0000] {logging_mixin.py:190} INFO - [2025-02-19T18:48:05.042+0000] {dag.py:3239} INFO - Sync 1 DAGs
[2025-02-19T18:48:05.048+0000] {logging_mixin.py:190} INFO - [2025-02-19T18:48:05.048+0000] {dag.py:4180} INFO - Setting next_dagrun for tutorial_dag to None, run_after=None
[2025-02-19T18:48:05.054+0000] {processor.py:208} INFO - Processing /home/airflow/.local/lib/python3.12/site-packages/airflow/example_dags/tutorial_dag.py took 0.031 seconds
[2025-02-19T18:48:35.589+0000] {processor.py:186} INFO - Started process (PID=5304) to work on /home/airflow/.local/lib/python3.12/site-packages/airflow/example_dags/tutorial_dag.py
[2025-02-19T18:48:35.589+0000] {processor.py:914} INFO - Processing file /home/airflow/.local/lib/python3.12/site-packages/airflow/example_dags/tutorial_dag.py for tasks to queue
[2025-02-19T18:48:35.590+0000] {logging_mixin.py:190} INFO - [2025-02-19T18:48:35.590+0000] {dagbag.py:588} INFO - Filling up the DagBag from /home/airflow/.local/lib/python3.12/site-packages/airflow/example_dags/tutorial_dag.py
[2025-02-19T18:48:35.594+0000] {processor.py:925} INFO - DAG(s) 'tutorial_dag' retrieved from /home/airflow/.local/lib/python3.12/site-packages/airflow/example_dags/tutorial_dag.py
[2025-02-19T18:48:35.602+0000] {logging_mixin.py:190} INFO - [2025-02-19T18:48:35.602+0000] {dag.py:3239} INFO - Sync 1 DAGs
[2025-02-19T18:48:35.607+0000] {logging_mixin.py:190} INFO - [2025-02-19T18:48:35.607+0000] {dag.py:4180} INFO - Setting next_dagrun for tutorial_dag to None, run_after=None
[2025-02-19T18:48:35.617+0000] {processor.py:208} INFO - Processing /home/airflow/.local/lib/python3.12/site-packages/airflow/example_dags/tutorial_dag.py took 0.030 seconds
[2025-02-19T18:49:06.062+0000] {processor.py:186} INFO - Started process (PID=5600) to work on /home/airflow/.local/lib/python3.12/site-packages/airflow/example_dags/tutorial_dag.py
[2025-02-19T18:49:06.062+0000] {processor.py:914} INFO - Processing file /home/airflow/.local/lib/python3.12/site-packages/airflow/example_dags/tutorial_dag.py for tasks to queue
[2025-02-19T18:49:06.063+0000] {logging_mixin.py:190} INFO - [2025-02-19T18:49:06.063+0000] {dagbag.py:588} INFO - Filling up the DagBag from /home/airflow/.local/lib/python3.12/site-packages/airflow/example_dags/tutorial_dag.py
[2025-02-19T18:49:06.068+0000] {processor.py:925} INFO - DAG(s) 'tutorial_dag' retrieved from /home/airflow/.local/lib/python3.12/site-packages/airflow/example_dags/tutorial_dag.py
[2025-02-19T18:49:06.079+0000] {logging_mixin.py:190} INFO - [2025-02-19T18:49:06.078+0000] {dag.py:3239} INFO - Sync 1 DAGs
[2025-02-19T18:49:06.085+0000] {logging_mixin.py:190} INFO - [2025-02-19T18:49:06.085+0000] {dag.py:4180} INFO - Setting next_dagrun for tutorial_dag to None, run_after=None
[2025-02-19T18:49:06.091+0000] {processor.py:208} INFO - Processing /home/airflow/.local/lib/python3.12/site-packages/airflow/example_dags/tutorial_dag.py took 0.032 seconds
[2025-02-19T18:49:36.603+0000] {processor.py:186} INFO - Started process (PID=5896) to work on /home/airflow/.local/lib/python3.12/site-packages/airflow/example_dags/tutorial_dag.py
[2025-02-19T18:49:36.603+0000] {processor.py:914} INFO - Processing file /home/airflow/.local/lib/python3.12/site-packages/airflow/example_dags/tutorial_dag.py for tasks to queue
[2025-02-19T18:49:36.606+0000] {logging_mixin.py:190} INFO - [2025-02-19T18:49:36.606+0000] {dagbag.py:588} INFO - Filling up the DagBag from /home/airflow/.local/lib/python3.12/site-packages/airflow/example_dags/tutorial_dag.py
[2025-02-19T18:49:36.640+0000] {processor.py:925} INFO - DAG(s) 'tutorial_dag' retrieved from /home/airflow/.local/lib/python3.12/site-packages/airflow/example_dags/tutorial_dag.py
[2025-02-19T18:49:36.676+0000] {logging_mixin.py:190} INFO - [2025-02-19T18:49:36.676+0000] {dag.py:3239} INFO - Sync 1 DAGs
[2025-02-19T18:49:36.684+0000] {logging_mixin.py:190} INFO - [2025-02-19T18:49:36.684+0000] {dag.py:4180} INFO - Setting next_dagrun for tutorial_dag to None, run_after=None
[2025-02-19T18:49:36.691+0000] {processor.py:208} INFO - Processing /home/airflow/.local/lib/python3.12/site-packages/airflow/example_dags/tutorial_dag.py took 0.092 seconds
[2025-02-19T18:50:07.348+0000] {processor.py:186} INFO - Started process (PID=6192) to work on /home/airflow/.local/lib/python3.12/site-packages/airflow/example_dags/tutorial_dag.py
[2025-02-19T18:50:07.350+0000] {processor.py:914} INFO - Processing file /home/airflow/.local/lib/python3.12/site-packages/airflow/example_dags/tutorial_dag.py for tasks to queue
[2025-02-19T18:50:07.351+0000] {logging_mixin.py:190} INFO - [2025-02-19T18:50:07.351+0000] {dagbag.py:588} INFO - Filling up the DagBag from /home/airflow/.local/lib/python3.12/site-packages/airflow/example_dags/tutorial_dag.py
[2025-02-19T18:50:07.355+0000] {processor.py:925} INFO - DAG(s) 'tutorial_dag' retrieved from /home/airflow/.local/lib/python3.12/site-packages/airflow/example_dags/tutorial_dag.py
[2025-02-19T18:50:07.365+0000] {logging_mixin.py:190} INFO - [2025-02-19T18:50:07.365+0000] {dag.py:3239} INFO - Sync 1 DAGs
[2025-02-19T18:50:07.372+0000] {logging_mixin.py:190} INFO - [2025-02-19T18:50:07.372+0000] {dag.py:4180} INFO - Setting next_dagrun for tutorial_dag to None, run_after=None
[2025-02-19T18:50:07.387+0000] {processor.py:208} INFO - Processing /home/airflow/.local/lib/python3.12/site-packages/airflow/example_dags/tutorial_dag.py took 0.043 seconds
[2025-02-19T18:50:38.428+0000] {processor.py:186} INFO - Started process (PID=6490) to work on /home/airflow/.local/lib/python3.12/site-packages/airflow/example_dags/tutorial_dag.py
[2025-02-19T18:50:38.428+0000] {processor.py:914} INFO - Processing file /home/airflow/.local/lib/python3.12/site-packages/airflow/example_dags/tutorial_dag.py for tasks to queue
[2025-02-19T18:50:38.429+0000] {logging_mixin.py:190} INFO - [2025-02-19T18:50:38.429+0000] {dagbag.py:588} INFO - Filling up the DagBag from /home/airflow/.local/lib/python3.12/site-packages/airflow/example_dags/tutorial_dag.py
[2025-02-19T18:50:38.432+0000] {processor.py:925} INFO - DAG(s) 'tutorial_dag' retrieved from /home/airflow/.local/lib/python3.12/site-packages/airflow/example_dags/tutorial_dag.py
[2025-02-19T18:50:38.440+0000] {logging_mixin.py:190} INFO - [2025-02-19T18:50:38.440+0000] {dag.py:3239} INFO - Sync 1 DAGs
[2025-02-19T18:50:38.445+0000] {logging_mixin.py:190} INFO - [2025-02-19T18:50:38.445+0000] {dag.py:4180} INFO - Setting next_dagrun for tutorial_dag to None, run_after=None
[2025-02-19T18:50:38.451+0000] {processor.py:208} INFO - Processing /home/airflow/.local/lib/python3.12/site-packages/airflow/example_dags/tutorial_dag.py took 0.026 seconds
[2025-02-19T18:51:11.762+0000] {processor.py:186} INFO - Started process (PID=268) to work on /home/airflow/.local/lib/python3.12/site-packages/airflow/example_dags/tutorial_dag.py
[2025-02-19T18:51:11.763+0000] {processor.py:914} INFO - Processing file /home/airflow/.local/lib/python3.12/site-packages/airflow/example_dags/tutorial_dag.py for tasks to queue
[2025-02-19T18:51:11.765+0000] {logging_mixin.py:190} INFO - [2025-02-19T18:51:11.764+0000] {dagbag.py:588} INFO - Filling up the DagBag from /home/airflow/.local/lib/python3.12/site-packages/airflow/example_dags/tutorial_dag.py
[2025-02-19T18:51:11.769+0000] {processor.py:925} INFO - DAG(s) 'tutorial_dag' retrieved from /home/airflow/.local/lib/python3.12/site-packages/airflow/example_dags/tutorial_dag.py
[2025-02-19T18:51:11.782+0000] {logging_mixin.py:190} INFO - [2025-02-19T18:51:11.782+0000] {dag.py:3239} INFO - Sync 1 DAGs
[2025-02-19T18:51:11.789+0000] {logging_mixin.py:190} INFO - [2025-02-19T18:51:11.789+0000] {dag.py:4180} INFO - Setting next_dagrun for tutorial_dag to None, run_after=None
[2025-02-19T18:51:11.798+0000] {processor.py:208} INFO - Processing /home/airflow/.local/lib/python3.12/site-packages/airflow/example_dags/tutorial_dag.py took 0.038 seconds
[2025-02-19T18:51:42.042+0000] {processor.py:186} INFO - Started process (PID=564) to work on /home/airflow/.local/lib/python3.12/site-packages/airflow/example_dags/tutorial_dag.py
[2025-02-19T18:51:42.044+0000] {processor.py:914} INFO - Processing file /home/airflow/.local/lib/python3.12/site-packages/airflow/example_dags/tutorial_dag.py for tasks to queue
[2025-02-19T18:51:42.045+0000] {logging_mixin.py:190} INFO - [2025-02-19T18:51:42.045+0000] {dagbag.py:588} INFO - Filling up the DagBag from /home/airflow/.local/lib/python3.12/site-packages/airflow/example_dags/tutorial_dag.py
[2025-02-19T18:51:42.049+0000] {processor.py:925} INFO - DAG(s) 'tutorial_dag' retrieved from /home/airflow/.local/lib/python3.12/site-packages/airflow/example_dags/tutorial_dag.py
[2025-02-19T18:51:42.058+0000] {logging_mixin.py:190} INFO - [2025-02-19T18:51:42.058+0000] {dag.py:3239} INFO - Sync 1 DAGs
[2025-02-19T18:51:42.067+0000] {logging_mixin.py:190} INFO - [2025-02-19T18:51:42.067+0000] {dag.py:4180} INFO - Setting next_dagrun for tutorial_dag to None, run_after=None
[2025-02-19T18:51:42.076+0000] {processor.py:208} INFO - Processing /home/airflow/.local/lib/python3.12/site-packages/airflow/example_dags/tutorial_dag.py took 0.036 seconds
[2025-02-19T18:52:12.970+0000] {processor.py:186} INFO - Started process (PID=860) to work on /home/airflow/.local/lib/python3.12/site-packages/airflow/example_dags/tutorial_dag.py
[2025-02-19T18:52:12.970+0000] {processor.py:914} INFO - Processing file /home/airflow/.local/lib/python3.12/site-packages/airflow/example_dags/tutorial_dag.py for tasks to queue
[2025-02-19T18:52:12.971+0000] {logging_mixin.py:190} INFO - [2025-02-19T18:52:12.971+0000] {dagbag.py:588} INFO - Filling up the DagBag from /home/airflow/.local/lib/python3.12/site-packages/airflow/example_dags/tutorial_dag.py
[2025-02-19T18:52:12.974+0000] {processor.py:925} INFO - DAG(s) 'tutorial_dag' retrieved from /home/airflow/.local/lib/python3.12/site-packages/airflow/example_dags/tutorial_dag.py
[2025-02-19T18:52:12.982+0000] {logging_mixin.py:190} INFO - [2025-02-19T18:52:12.982+0000] {dag.py:3239} INFO - Sync 1 DAGs
[2025-02-19T18:52:12.987+0000] {logging_mixin.py:190} INFO - [2025-02-19T18:52:12.987+0000] {dag.py:4180} INFO - Setting next_dagrun for tutorial_dag to None, run_after=None
[2025-02-19T18:52:12.993+0000] {processor.py:208} INFO - Processing /home/airflow/.local/lib/python3.12/site-packages/airflow/example_dags/tutorial_dag.py took 0.026 seconds
[2025-02-19T18:52:43.820+0000] {processor.py:186} INFO - Started process (PID=1154) to work on /home/airflow/.local/lib/python3.12/site-packages/airflow/example_dags/tutorial_dag.py
[2025-02-19T18:52:43.821+0000] {processor.py:914} INFO - Processing file /home/airflow/.local/lib/python3.12/site-packages/airflow/example_dags/tutorial_dag.py for tasks to queue
[2025-02-19T18:52:43.822+0000] {logging_mixin.py:190} INFO - [2025-02-19T18:52:43.822+0000] {dagbag.py:588} INFO - Filling up the DagBag from /home/airflow/.local/lib/python3.12/site-packages/airflow/example_dags/tutorial_dag.py
[2025-02-19T18:52:43.826+0000] {processor.py:925} INFO - DAG(s) 'tutorial_dag' retrieved from /home/airflow/.local/lib/python3.12/site-packages/airflow/example_dags/tutorial_dag.py
[2025-02-19T18:52:43.834+0000] {logging_mixin.py:190} INFO - [2025-02-19T18:52:43.834+0000] {dag.py:3239} INFO - Sync 1 DAGs
[2025-02-19T18:52:43.840+0000] {logging_mixin.py:190} INFO - [2025-02-19T18:52:43.840+0000] {dag.py:4180} INFO - Setting next_dagrun for tutorial_dag to None, run_after=None
[2025-02-19T18:52:43.850+0000] {processor.py:208} INFO - Processing /home/airflow/.local/lib/python3.12/site-packages/airflow/example_dags/tutorial_dag.py took 0.032 seconds
[2025-02-19T18:53:14.455+0000] {processor.py:186} INFO - Started process (PID=1452) to work on /home/airflow/.local/lib/python3.12/site-packages/airflow/example_dags/tutorial_dag.py
[2025-02-19T18:53:14.455+0000] {processor.py:914} INFO - Processing file /home/airflow/.local/lib/python3.12/site-packages/airflow/example_dags/tutorial_dag.py for tasks to queue
[2025-02-19T18:53:14.456+0000] {logging_mixin.py:190} INFO - [2025-02-19T18:53:14.456+0000] {dagbag.py:588} INFO - Filling up the DagBag from /home/airflow/.local/lib/python3.12/site-packages/airflow/example_dags/tutorial_dag.py
[2025-02-19T18:53:14.460+0000] {processor.py:925} INFO - DAG(s) 'tutorial_dag' retrieved from /home/airflow/.local/lib/python3.12/site-packages/airflow/example_dags/tutorial_dag.py
[2025-02-19T18:53:14.470+0000] {logging_mixin.py:190} INFO - [2025-02-19T18:53:14.470+0000] {dag.py:3239} INFO - Sync 1 DAGs
[2025-02-19T18:53:14.476+0000] {logging_mixin.py:190} INFO - [2025-02-19T18:53:14.476+0000] {dag.py:4180} INFO - Setting next_dagrun for tutorial_dag to None, run_after=None
[2025-02-19T18:53:14.484+0000] {processor.py:208} INFO - Processing /home/airflow/.local/lib/python3.12/site-packages/airflow/example_dags/tutorial_dag.py took 0.031 seconds
[2025-02-19T18:53:45.030+0000] {processor.py:186} INFO - Started process (PID=1746) to work on /home/airflow/.local/lib/python3.12/site-packages/airflow/example_dags/tutorial_dag.py
[2025-02-19T18:53:45.031+0000] {processor.py:914} INFO - Processing file /home/airflow/.local/lib/python3.12/site-packages/airflow/example_dags/tutorial_dag.py for tasks to queue
[2025-02-19T18:53:45.032+0000] {logging_mixin.py:190} INFO - [2025-02-19T18:53:45.032+0000] {dagbag.py:588} INFO - Filling up the DagBag from /home/airflow/.local/lib/python3.12/site-packages/airflow/example_dags/tutorial_dag.py
[2025-02-19T18:53:45.036+0000] {processor.py:925} INFO - DAG(s) 'tutorial_dag' retrieved from /home/airflow/.local/lib/python3.12/site-packages/airflow/example_dags/tutorial_dag.py
[2025-02-19T18:53:45.047+0000] {logging_mixin.py:190} INFO - [2025-02-19T18:53:45.047+0000] {dag.py:3239} INFO - Sync 1 DAGs
[2025-02-19T18:53:45.054+0000] {logging_mixin.py:190} INFO - [2025-02-19T18:53:45.054+0000] {dag.py:4180} INFO - Setting next_dagrun for tutorial_dag to None, run_after=None
[2025-02-19T18:53:45.062+0000] {processor.py:208} INFO - Processing /home/airflow/.local/lib/python3.12/site-packages/airflow/example_dags/tutorial_dag.py took 0.035 seconds
[2025-02-19T18:54:15.820+0000] {processor.py:186} INFO - Started process (PID=2050) to work on /home/airflow/.local/lib/python3.12/site-packages/airflow/example_dags/tutorial_dag.py
[2025-02-19T18:54:15.821+0000] {processor.py:914} INFO - Processing file /home/airflow/.local/lib/python3.12/site-packages/airflow/example_dags/tutorial_dag.py for tasks to queue
[2025-02-19T18:54:15.821+0000] {logging_mixin.py:190} INFO - [2025-02-19T18:54:15.821+0000] {dagbag.py:588} INFO - Filling up the DagBag from /home/airflow/.local/lib/python3.12/site-packages/airflow/example_dags/tutorial_dag.py
[2025-02-19T18:54:15.825+0000] {processor.py:925} INFO - DAG(s) 'tutorial_dag' retrieved from /home/airflow/.local/lib/python3.12/site-packages/airflow/example_dags/tutorial_dag.py
[2025-02-19T18:54:15.834+0000] {logging_mixin.py:190} INFO - [2025-02-19T18:54:15.834+0000] {dag.py:3239} INFO - Sync 1 DAGs
[2025-02-19T18:54:15.840+0000] {logging_mixin.py:190} INFO - [2025-02-19T18:54:15.840+0000] {dag.py:4180} INFO - Setting next_dagrun for tutorial_dag to None, run_after=None
[2025-02-19T18:54:15.846+0000] {processor.py:208} INFO - Processing /home/airflow/.local/lib/python3.12/site-packages/airflow/example_dags/tutorial_dag.py took 0.028 seconds
[2025-02-19T18:54:46.395+0000] {processor.py:186} INFO - Started process (PID=2344) to work on /home/airflow/.local/lib/python3.12/site-packages/airflow/example_dags/tutorial_dag.py
[2025-02-19T18:54:46.395+0000] {processor.py:914} INFO - Processing file /home/airflow/.local/lib/python3.12/site-packages/airflow/example_dags/tutorial_dag.py for tasks to queue
[2025-02-19T18:54:46.397+0000] {logging_mixin.py:190} INFO - [2025-02-19T18:54:46.397+0000] {dagbag.py:588} INFO - Filling up the DagBag from /home/airflow/.local/lib/python3.12/site-packages/airflow/example_dags/tutorial_dag.py
[2025-02-19T18:54:46.401+0000] {processor.py:925} INFO - DAG(s) 'tutorial_dag' retrieved from /home/airflow/.local/lib/python3.12/site-packages/airflow/example_dags/tutorial_dag.py
[2025-02-19T18:54:46.412+0000] {logging_mixin.py:190} INFO - [2025-02-19T18:54:46.412+0000] {dag.py:3239} INFO - Sync 1 DAGs
[2025-02-19T18:54:46.417+0000] {logging_mixin.py:190} INFO - [2025-02-19T18:54:46.417+0000] {dag.py:4180} INFO - Setting next_dagrun for tutorial_dag to None, run_after=None
[2025-02-19T18:54:46.425+0000] {processor.py:208} INFO - Processing /home/airflow/.local/lib/python3.12/site-packages/airflow/example_dags/tutorial_dag.py took 0.033 seconds
[2025-02-19T18:55:16.998+0000] {processor.py:186} INFO - Started process (PID=2640) to work on /home/airflow/.local/lib/python3.12/site-packages/airflow/example_dags/tutorial_dag.py
[2025-02-19T18:55:16.998+0000] {processor.py:914} INFO - Processing file /home/airflow/.local/lib/python3.12/site-packages/airflow/example_dags/tutorial_dag.py for tasks to queue
[2025-02-19T18:55:16.999+0000] {logging_mixin.py:190} INFO - [2025-02-19T18:55:16.999+0000] {dagbag.py:588} INFO - Filling up the DagBag from /home/airflow/.local/lib/python3.12/site-packages/airflow/example_dags/tutorial_dag.py
[2025-02-19T18:55:17.003+0000] {processor.py:925} INFO - DAG(s) 'tutorial_dag' retrieved from /home/airflow/.local/lib/python3.12/site-packages/airflow/example_dags/tutorial_dag.py
[2025-02-19T18:55:17.016+0000] {logging_mixin.py:190} INFO - [2025-02-19T18:55:17.016+0000] {dag.py:3239} INFO - Sync 1 DAGs
[2025-02-19T18:55:17.027+0000] {logging_mixin.py:190} INFO - [2025-02-19T18:55:17.027+0000] {dag.py:4180} INFO - Setting next_dagrun for tutorial_dag to None, run_after=None
[2025-02-19T18:55:17.044+0000] {processor.py:208} INFO - Processing /home/airflow/.local/lib/python3.12/site-packages/airflow/example_dags/tutorial_dag.py took 0.049 seconds
[2025-02-19T18:55:47.600+0000] {processor.py:186} INFO - Started process (PID=2948) to work on /home/airflow/.local/lib/python3.12/site-packages/airflow/example_dags/tutorial_dag.py
[2025-02-19T18:55:47.600+0000] {processor.py:914} INFO - Processing file /home/airflow/.local/lib/python3.12/site-packages/airflow/example_dags/tutorial_dag.py for tasks to queue
[2025-02-19T18:55:47.602+0000] {logging_mixin.py:190} INFO - [2025-02-19T18:55:47.602+0000] {dagbag.py:588} INFO - Filling up the DagBag from /home/airflow/.local/lib/python3.12/site-packages/airflow/example_dags/tutorial_dag.py
[2025-02-19T18:55:47.608+0000] {processor.py:925} INFO - DAG(s) 'tutorial_dag' retrieved from /home/airflow/.local/lib/python3.12/site-packages/airflow/example_dags/tutorial_dag.py
[2025-02-19T18:55:47.619+0000] {logging_mixin.py:190} INFO - [2025-02-19T18:55:47.618+0000] {dag.py:3239} INFO - Sync 1 DAGs
[2025-02-19T18:55:47.624+0000] {logging_mixin.py:190} INFO - [2025-02-19T18:55:47.624+0000] {dag.py:4180} INFO - Setting next_dagrun for tutorial_dag to None, run_after=None
[2025-02-19T18:55:47.632+0000] {processor.py:208} INFO - Processing /home/airflow/.local/lib/python3.12/site-packages/airflow/example_dags/tutorial_dag.py took 0.035 seconds
[2025-02-19T18:56:18.715+0000] {processor.py:186} INFO - Started process (PID=3255) to work on /home/airflow/.local/lib/python3.12/site-packages/airflow/example_dags/tutorial_dag.py
[2025-02-19T18:56:18.715+0000] {processor.py:914} INFO - Processing file /home/airflow/.local/lib/python3.12/site-packages/airflow/example_dags/tutorial_dag.py for tasks to queue
[2025-02-19T18:56:18.717+0000] {logging_mixin.py:190} INFO - [2025-02-19T18:56:18.716+0000] {dagbag.py:588} INFO - Filling up the DagBag from /home/airflow/.local/lib/python3.12/site-packages/airflow/example_dags/tutorial_dag.py
[2025-02-19T18:56:18.722+0000] {processor.py:925} INFO - DAG(s) 'tutorial_dag' retrieved from /home/airflow/.local/lib/python3.12/site-packages/airflow/example_dags/tutorial_dag.py
[2025-02-19T18:56:18.736+0000] {logging_mixin.py:190} INFO - [2025-02-19T18:56:18.736+0000] {dag.py:3239} INFO - Sync 1 DAGs
[2025-02-19T18:56:18.743+0000] {logging_mixin.py:190} INFO - [2025-02-19T18:56:18.743+0000] {dag.py:4180} INFO - Setting next_dagrun for tutorial_dag to None, run_after=None
[2025-02-19T18:56:18.757+0000] {processor.py:208} INFO - Processing /home/airflow/.local/lib/python3.12/site-packages/airflow/example_dags/tutorial_dag.py took 0.046 seconds
[2025-02-19T18:56:49.433+0000] {processor.py:186} INFO - Started process (PID=3549) to work on /home/airflow/.local/lib/python3.12/site-packages/airflow/example_dags/tutorial_dag.py
[2025-02-19T18:56:49.434+0000] {processor.py:914} INFO - Processing file /home/airflow/.local/lib/python3.12/site-packages/airflow/example_dags/tutorial_dag.py for tasks to queue
[2025-02-19T18:56:49.435+0000] {logging_mixin.py:190} INFO - [2025-02-19T18:56:49.435+0000] {dagbag.py:588} INFO - Filling up the DagBag from /home/airflow/.local/lib/python3.12/site-packages/airflow/example_dags/tutorial_dag.py
[2025-02-19T18:56:49.441+0000] {processor.py:925} INFO - DAG(s) 'tutorial_dag' retrieved from /home/airflow/.local/lib/python3.12/site-packages/airflow/example_dags/tutorial_dag.py
[2025-02-19T18:56:49.449+0000] {logging_mixin.py:190} INFO - [2025-02-19T18:56:49.449+0000] {dag.py:3239} INFO - Sync 1 DAGs
[2025-02-19T18:56:49.457+0000] {logging_mixin.py:190} INFO - [2025-02-19T18:56:49.457+0000] {dag.py:4180} INFO - Setting next_dagrun for tutorial_dag to None, run_after=None
[2025-02-19T18:56:49.465+0000] {processor.py:208} INFO - Processing /home/airflow/.local/lib/python3.12/site-packages/airflow/example_dags/tutorial_dag.py took 0.034 seconds
[2025-02-19T18:57:19.983+0000] {processor.py:186} INFO - Started process (PID=3856) to work on /home/airflow/.local/lib/python3.12/site-packages/airflow/example_dags/tutorial_dag.py
[2025-02-19T18:57:19.983+0000] {processor.py:914} INFO - Processing file /home/airflow/.local/lib/python3.12/site-packages/airflow/example_dags/tutorial_dag.py for tasks to queue
[2025-02-19T18:57:19.984+0000] {logging_mixin.py:190} INFO - [2025-02-19T18:57:19.984+0000] {dagbag.py:588} INFO - Filling up the DagBag from /home/airflow/.local/lib/python3.12/site-packages/airflow/example_dags/tutorial_dag.py
[2025-02-19T18:57:19.988+0000] {processor.py:925} INFO - DAG(s) 'tutorial_dag' retrieved from /home/airflow/.local/lib/python3.12/site-packages/airflow/example_dags/tutorial_dag.py
[2025-02-19T18:57:19.997+0000] {logging_mixin.py:190} INFO - [2025-02-19T18:57:19.997+0000] {dag.py:3239} INFO - Sync 1 DAGs
[2025-02-19T18:57:20.004+0000] {logging_mixin.py:190} INFO - [2025-02-19T18:57:20.004+0000] {dag.py:4180} INFO - Setting next_dagrun for tutorial_dag to None, run_after=None
[2025-02-19T18:57:20.017+0000] {processor.py:208} INFO - Processing /home/airflow/.local/lib/python3.12/site-packages/airflow/example_dags/tutorial_dag.py took 0.037 seconds
[2025-02-19T18:57:50.430+0000] {processor.py:186} INFO - Started process (PID=4150) to work on /home/airflow/.local/lib/python3.12/site-packages/airflow/example_dags/tutorial_dag.py
[2025-02-19T18:57:50.430+0000] {processor.py:914} INFO - Processing file /home/airflow/.local/lib/python3.12/site-packages/airflow/example_dags/tutorial_dag.py for tasks to queue
[2025-02-19T18:57:50.431+0000] {logging_mixin.py:190} INFO - [2025-02-19T18:57:50.431+0000] {dagbag.py:588} INFO - Filling up the DagBag from /home/airflow/.local/lib/python3.12/site-packages/airflow/example_dags/tutorial_dag.py
[2025-02-19T18:57:50.435+0000] {processor.py:925} INFO - DAG(s) 'tutorial_dag' retrieved from /home/airflow/.local/lib/python3.12/site-packages/airflow/example_dags/tutorial_dag.py
[2025-02-19T18:57:50.442+0000] {logging_mixin.py:190} INFO - [2025-02-19T18:57:50.442+0000] {dag.py:3239} INFO - Sync 1 DAGs
[2025-02-19T18:57:50.448+0000] {logging_mixin.py:190} INFO - [2025-02-19T18:57:50.448+0000] {dag.py:4180} INFO - Setting next_dagrun for tutorial_dag to None, run_after=None
[2025-02-19T18:57:50.458+0000] {processor.py:208} INFO - Processing /home/airflow/.local/lib/python3.12/site-packages/airflow/example_dags/tutorial_dag.py took 0.031 seconds
[2025-02-19T18:58:21.133+0000] {processor.py:186} INFO - Started process (PID=4457) to work on /home/airflow/.local/lib/python3.12/site-packages/airflow/example_dags/tutorial_dag.py
[2025-02-19T18:58:21.133+0000] {processor.py:914} INFO - Processing file /home/airflow/.local/lib/python3.12/site-packages/airflow/example_dags/tutorial_dag.py for tasks to queue
[2025-02-19T18:58:21.134+0000] {logging_mixin.py:190} INFO - [2025-02-19T18:58:21.134+0000] {dagbag.py:588} INFO - Filling up the DagBag from /home/airflow/.local/lib/python3.12/site-packages/airflow/example_dags/tutorial_dag.py
[2025-02-19T18:58:21.137+0000] {processor.py:925} INFO - DAG(s) 'tutorial_dag' retrieved from /home/airflow/.local/lib/python3.12/site-packages/airflow/example_dags/tutorial_dag.py
[2025-02-19T18:58:21.145+0000] {logging_mixin.py:190} INFO - [2025-02-19T18:58:21.145+0000] {dag.py:3239} INFO - Sync 1 DAGs
[2025-02-19T18:58:21.151+0000] {logging_mixin.py:190} INFO - [2025-02-19T18:58:21.151+0000] {dag.py:4180} INFO - Setting next_dagrun for tutorial_dag to None, run_after=None
[2025-02-19T18:58:21.157+0000] {processor.py:208} INFO - Processing /home/airflow/.local/lib/python3.12/site-packages/airflow/example_dags/tutorial_dag.py took 0.027 seconds
[2025-02-19T18:58:51.696+0000] {processor.py:186} INFO - Started process (PID=4753) to work on /home/airflow/.local/lib/python3.12/site-packages/airflow/example_dags/tutorial_dag.py
[2025-02-19T18:58:51.696+0000] {processor.py:914} INFO - Processing file /home/airflow/.local/lib/python3.12/site-packages/airflow/example_dags/tutorial_dag.py for tasks to queue
[2025-02-19T18:58:51.697+0000] {logging_mixin.py:190} INFO - [2025-02-19T18:58:51.697+0000] {dagbag.py:588} INFO - Filling up the DagBag from /home/airflow/.local/lib/python3.12/site-packages/airflow/example_dags/tutorial_dag.py
[2025-02-19T18:58:51.700+0000] {processor.py:925} INFO - DAG(s) 'tutorial_dag' retrieved from /home/airflow/.local/lib/python3.12/site-packages/airflow/example_dags/tutorial_dag.py
[2025-02-19T18:58:51.709+0000] {logging_mixin.py:190} INFO - [2025-02-19T18:58:51.708+0000] {dag.py:3239} INFO - Sync 1 DAGs
[2025-02-19T18:58:51.714+0000] {logging_mixin.py:190} INFO - [2025-02-19T18:58:51.714+0000] {dag.py:4180} INFO - Setting next_dagrun for tutorial_dag to None, run_after=None
[2025-02-19T18:58:51.727+0000] {processor.py:208} INFO - Processing /home/airflow/.local/lib/python3.12/site-packages/airflow/example_dags/tutorial_dag.py took 0.033 seconds
[2025-02-19T18:59:22.286+0000] {processor.py:186} INFO - Started process (PID=5058) to work on /home/airflow/.local/lib/python3.12/site-packages/airflow/example_dags/tutorial_dag.py
[2025-02-19T18:59:22.286+0000] {processor.py:914} INFO - Processing file /home/airflow/.local/lib/python3.12/site-packages/airflow/example_dags/tutorial_dag.py for tasks to queue
[2025-02-19T18:59:22.287+0000] {logging_mixin.py:190} INFO - [2025-02-19T18:59:22.287+0000] {dagbag.py:588} INFO - Filling up the DagBag from /home/airflow/.local/lib/python3.12/site-packages/airflow/example_dags/tutorial_dag.py
[2025-02-19T18:59:22.290+0000] {processor.py:925} INFO - DAG(s) 'tutorial_dag' retrieved from /home/airflow/.local/lib/python3.12/site-packages/airflow/example_dags/tutorial_dag.py
[2025-02-19T18:59:22.298+0000] {logging_mixin.py:190} INFO - [2025-02-19T18:59:22.298+0000] {dag.py:3239} INFO - Sync 1 DAGs
[2025-02-19T18:59:22.303+0000] {logging_mixin.py:190} INFO - [2025-02-19T18:59:22.303+0000] {dag.py:4180} INFO - Setting next_dagrun for tutorial_dag to None, run_after=None
[2025-02-19T18:59:22.309+0000] {processor.py:208} INFO - Processing /home/airflow/.local/lib/python3.12/site-packages/airflow/example_dags/tutorial_dag.py took 0.025 seconds
[2025-02-19T18:59:53.269+0000] {processor.py:186} INFO - Started process (PID=5352) to work on /home/airflow/.local/lib/python3.12/site-packages/airflow/example_dags/tutorial_dag.py
[2025-02-19T18:59:53.271+0000] {processor.py:914} INFO - Processing file /home/airflow/.local/lib/python3.12/site-packages/airflow/example_dags/tutorial_dag.py for tasks to queue
[2025-02-19T18:59:53.273+0000] {logging_mixin.py:190} INFO - [2025-02-19T18:59:53.273+0000] {dagbag.py:588} INFO - Filling up the DagBag from /home/airflow/.local/lib/python3.12/site-packages/airflow/example_dags/tutorial_dag.py
[2025-02-19T18:59:53.278+0000] {processor.py:925} INFO - DAG(s) 'tutorial_dag' retrieved from /home/airflow/.local/lib/python3.12/site-packages/airflow/example_dags/tutorial_dag.py
[2025-02-19T18:59:53.289+0000] {logging_mixin.py:190} INFO - [2025-02-19T18:59:53.289+0000] {dag.py:3239} INFO - Sync 1 DAGs
[2025-02-19T18:59:53.295+0000] {logging_mixin.py:190} INFO - [2025-02-19T18:59:53.295+0000] {dag.py:4180} INFO - Setting next_dagrun for tutorial_dag to None, run_after=None
[2025-02-19T18:59:53.302+0000] {processor.py:208} INFO - Processing /home/airflow/.local/lib/python3.12/site-packages/airflow/example_dags/tutorial_dag.py took 0.036 seconds
[2025-02-19T19:00:23.410+0000] {processor.py:186} INFO - Started process (PID=5656) to work on /home/airflow/.local/lib/python3.12/site-packages/airflow/example_dags/tutorial_dag.py
[2025-02-19T19:00:23.410+0000] {processor.py:914} INFO - Processing file /home/airflow/.local/lib/python3.12/site-packages/airflow/example_dags/tutorial_dag.py for tasks to queue
[2025-02-19T19:00:23.411+0000] {logging_mixin.py:190} INFO - [2025-02-19T19:00:23.411+0000] {dagbag.py:588} INFO - Filling up the DagBag from /home/airflow/.local/lib/python3.12/site-packages/airflow/example_dags/tutorial_dag.py
[2025-02-19T19:00:23.414+0000] {processor.py:925} INFO - DAG(s) 'tutorial_dag' retrieved from /home/airflow/.local/lib/python3.12/site-packages/airflow/example_dags/tutorial_dag.py
[2025-02-19T19:00:23.422+0000] {logging_mixin.py:190} INFO - [2025-02-19T19:00:23.422+0000] {dag.py:3239} INFO - Sync 1 DAGs
[2025-02-19T19:00:23.427+0000] {logging_mixin.py:190} INFO - [2025-02-19T19:00:23.427+0000] {dag.py:4180} INFO - Setting next_dagrun for tutorial_dag to None, run_after=None
[2025-02-19T19:00:23.433+0000] {processor.py:208} INFO - Processing /home/airflow/.local/lib/python3.12/site-packages/airflow/example_dags/tutorial_dag.py took 0.026 seconds
[2025-02-19T19:00:54.015+0000] {processor.py:186} INFO - Started process (PID=5951) to work on /home/airflow/.local/lib/python3.12/site-packages/airflow/example_dags/tutorial_dag.py
[2025-02-19T19:00:54.017+0000] {processor.py:914} INFO - Processing file /home/airflow/.local/lib/python3.12/site-packages/airflow/example_dags/tutorial_dag.py for tasks to queue
[2025-02-19T19:00:54.019+0000] {logging_mixin.py:190} INFO - [2025-02-19T19:00:54.019+0000] {dagbag.py:588} INFO - Filling up the DagBag from /home/airflow/.local/lib/python3.12/site-packages/airflow/example_dags/tutorial_dag.py
[2025-02-19T19:00:54.027+0000] {processor.py:925} INFO - DAG(s) 'tutorial_dag' retrieved from /home/airflow/.local/lib/python3.12/site-packages/airflow/example_dags/tutorial_dag.py
[2025-02-19T19:00:54.042+0000] {logging_mixin.py:190} INFO - [2025-02-19T19:00:54.042+0000] {dag.py:3239} INFO - Sync 1 DAGs
[2025-02-19T19:00:54.052+0000] {logging_mixin.py:190} INFO - [2025-02-19T19:00:54.051+0000] {dag.py:4180} INFO - Setting next_dagrun for tutorial_dag to None, run_after=None
[2025-02-19T19:00:54.068+0000] {processor.py:208} INFO - Processing /home/airflow/.local/lib/python3.12/site-packages/airflow/example_dags/tutorial_dag.py took 0.061 seconds
[2025-02-19T19:01:24.693+0000] {processor.py:186} INFO - Started process (PID=6257) to work on /home/airflow/.local/lib/python3.12/site-packages/airflow/example_dags/tutorial_dag.py
[2025-02-19T19:01:24.694+0000] {processor.py:914} INFO - Processing file /home/airflow/.local/lib/python3.12/site-packages/airflow/example_dags/tutorial_dag.py for tasks to queue
[2025-02-19T19:01:24.695+0000] {logging_mixin.py:190} INFO - [2025-02-19T19:01:24.694+0000] {dagbag.py:588} INFO - Filling up the DagBag from /home/airflow/.local/lib/python3.12/site-packages/airflow/example_dags/tutorial_dag.py
[2025-02-19T19:01:24.698+0000] {processor.py:925} INFO - DAG(s) 'tutorial_dag' retrieved from /home/airflow/.local/lib/python3.12/site-packages/airflow/example_dags/tutorial_dag.py
[2025-02-19T19:01:24.710+0000] {logging_mixin.py:190} INFO - [2025-02-19T19:01:24.710+0000] {dag.py:3239} INFO - Sync 1 DAGs
[2025-02-19T19:01:24.716+0000] {logging_mixin.py:190} INFO - [2025-02-19T19:01:24.716+0000] {dag.py:4180} INFO - Setting next_dagrun for tutorial_dag to None, run_after=None
[2025-02-19T19:01:24.730+0000] {processor.py:208} INFO - Processing /home/airflow/.local/lib/python3.12/site-packages/airflow/example_dags/tutorial_dag.py took 0.040 seconds
[2025-02-19T19:01:55.185+0000] {processor.py:186} INFO - Started process (PID=6572) to work on /home/airflow/.local/lib/python3.12/site-packages/airflow/example_dags/tutorial_dag.py
[2025-02-19T19:01:55.185+0000] {processor.py:914} INFO - Processing file /home/airflow/.local/lib/python3.12/site-packages/airflow/example_dags/tutorial_dag.py for tasks to queue
[2025-02-19T19:01:55.186+0000] {logging_mixin.py:190} INFO - [2025-02-19T19:01:55.186+0000] {dagbag.py:588} INFO - Filling up the DagBag from /home/airflow/.local/lib/python3.12/site-packages/airflow/example_dags/tutorial_dag.py
[2025-02-19T19:01:55.189+0000] {processor.py:925} INFO - DAG(s) 'tutorial_dag' retrieved from /home/airflow/.local/lib/python3.12/site-packages/airflow/example_dags/tutorial_dag.py
[2025-02-19T19:01:55.197+0000] {logging_mixin.py:190} INFO - [2025-02-19T19:01:55.197+0000] {dag.py:3239} INFO - Sync 1 DAGs
[2025-02-19T19:01:55.202+0000] {logging_mixin.py:190} INFO - [2025-02-19T19:01:55.202+0000] {dag.py:4180} INFO - Setting next_dagrun for tutorial_dag to None, run_after=None
[2025-02-19T19:01:55.209+0000] {processor.py:208} INFO - Processing /home/airflow/.local/lib/python3.12/site-packages/airflow/example_dags/tutorial_dag.py took 0.026 seconds
[2025-02-19T19:02:25.836+0000] {processor.py:186} INFO - Started process (PID=6877) to work on /home/airflow/.local/lib/python3.12/site-packages/airflow/example_dags/tutorial_dag.py
[2025-02-19T19:02:25.837+0000] {processor.py:914} INFO - Processing file /home/airflow/.local/lib/python3.12/site-packages/airflow/example_dags/tutorial_dag.py for tasks to queue
[2025-02-19T19:02:25.837+0000] {logging_mixin.py:190} INFO - [2025-02-19T19:02:25.837+0000] {dagbag.py:588} INFO - Filling up the DagBag from /home/airflow/.local/lib/python3.12/site-packages/airflow/example_dags/tutorial_dag.py
[2025-02-19T19:02:25.841+0000] {processor.py:925} INFO - DAG(s) 'tutorial_dag' retrieved from /home/airflow/.local/lib/python3.12/site-packages/airflow/example_dags/tutorial_dag.py
[2025-02-19T19:02:25.848+0000] {logging_mixin.py:190} INFO - [2025-02-19T19:02:25.848+0000] {dag.py:3239} INFO - Sync 1 DAGs
[2025-02-19T19:02:25.854+0000] {logging_mixin.py:190} INFO - [2025-02-19T19:02:25.854+0000] {dag.py:4180} INFO - Setting next_dagrun for tutorial_dag to None, run_after=None
[2025-02-19T19:02:25.860+0000] {processor.py:208} INFO - Processing /home/airflow/.local/lib/python3.12/site-packages/airflow/example_dags/tutorial_dag.py took 0.027 seconds
[2025-02-19T19:02:56.557+0000] {processor.py:186} INFO - Started process (PID=7173) to work on /home/airflow/.local/lib/python3.12/site-packages/airflow/example_dags/tutorial_dag.py
[2025-02-19T19:02:56.558+0000] {processor.py:914} INFO - Processing file /home/airflow/.local/lib/python3.12/site-packages/airflow/example_dags/tutorial_dag.py for tasks to queue
[2025-02-19T19:02:56.558+0000] {logging_mixin.py:190} INFO - [2025-02-19T19:02:56.558+0000] {dagbag.py:588} INFO - Filling up the DagBag from /home/airflow/.local/lib/python3.12/site-packages/airflow/example_dags/tutorial_dag.py
[2025-02-19T19:02:56.561+0000] {processor.py:925} INFO - DAG(s) 'tutorial_dag' retrieved from /home/airflow/.local/lib/python3.12/site-packages/airflow/example_dags/tutorial_dag.py
[2025-02-19T19:02:56.569+0000] {logging_mixin.py:190} INFO - [2025-02-19T19:02:56.569+0000] {dag.py:3239} INFO - Sync 1 DAGs
[2025-02-19T19:02:56.574+0000] {logging_mixin.py:190} INFO - [2025-02-19T19:02:56.574+0000] {dag.py:4180} INFO - Setting next_dagrun for tutorial_dag to None, run_after=None
[2025-02-19T19:02:56.580+0000] {processor.py:208} INFO - Processing /home/airflow/.local/lib/python3.12/site-packages/airflow/example_dags/tutorial_dag.py took 0.025 seconds
[2025-02-19T19:03:27.339+0000] {processor.py:186} INFO - Started process (PID=7478) to work on /home/airflow/.local/lib/python3.12/site-packages/airflow/example_dags/tutorial_dag.py
[2025-02-19T19:03:27.339+0000] {processor.py:914} INFO - Processing file /home/airflow/.local/lib/python3.12/site-packages/airflow/example_dags/tutorial_dag.py for tasks to queue
[2025-02-19T19:03:27.339+0000] {logging_mixin.py:190} INFO - [2025-02-19T19:03:27.339+0000] {dagbag.py:588} INFO - Filling up the DagBag from /home/airflow/.local/lib/python3.12/site-packages/airflow/example_dags/tutorial_dag.py
[2025-02-19T19:03:27.342+0000] {processor.py:925} INFO - DAG(s) 'tutorial_dag' retrieved from /home/airflow/.local/lib/python3.12/site-packages/airflow/example_dags/tutorial_dag.py
[2025-02-19T19:03:27.350+0000] {logging_mixin.py:190} INFO - [2025-02-19T19:03:27.350+0000] {dag.py:3239} INFO - Sync 1 DAGs
[2025-02-19T19:03:27.355+0000] {logging_mixin.py:190} INFO - [2025-02-19T19:03:27.355+0000] {dag.py:4180} INFO - Setting next_dagrun for tutorial_dag to None, run_after=None
[2025-02-19T19:03:27.361+0000] {processor.py:208} INFO - Processing /home/airflow/.local/lib/python3.12/site-packages/airflow/example_dags/tutorial_dag.py took 0.025 seconds
[2025-02-19T19:03:57.539+0000] {processor.py:186} INFO - Started process (PID=7779) to work on /home/airflow/.local/lib/python3.12/site-packages/airflow/example_dags/tutorial_dag.py
[2025-02-19T19:03:57.540+0000] {processor.py:914} INFO - Processing file /home/airflow/.local/lib/python3.12/site-packages/airflow/example_dags/tutorial_dag.py for tasks to queue
[2025-02-19T19:03:57.540+0000] {logging_mixin.py:190} INFO - [2025-02-19T19:03:57.540+0000] {dagbag.py:588} INFO - Filling up the DagBag from /home/airflow/.local/lib/python3.12/site-packages/airflow/example_dags/tutorial_dag.py
[2025-02-19T19:03:57.545+0000] {processor.py:925} INFO - DAG(s) 'tutorial_dag' retrieved from /home/airflow/.local/lib/python3.12/site-packages/airflow/example_dags/tutorial_dag.py
[2025-02-19T19:03:57.554+0000] {logging_mixin.py:190} INFO - [2025-02-19T19:03:57.554+0000] {dag.py:3239} INFO - Sync 1 DAGs
[2025-02-19T19:03:57.561+0000] {logging_mixin.py:190} INFO - [2025-02-19T19:03:57.561+0000] {dag.py:4180} INFO - Setting next_dagrun for tutorial_dag to None, run_after=None
[2025-02-19T19:03:57.568+0000] {processor.py:208} INFO - Processing /home/airflow/.local/lib/python3.12/site-packages/airflow/example_dags/tutorial_dag.py took 0.032 seconds
[2025-02-19T19:04:27.777+0000] {processor.py:186} INFO - Started process (PID=8081) to work on /home/airflow/.local/lib/python3.12/site-packages/airflow/example_dags/tutorial_dag.py
[2025-02-19T19:04:27.777+0000] {processor.py:914} INFO - Processing file /home/airflow/.local/lib/python3.12/site-packages/airflow/example_dags/tutorial_dag.py for tasks to queue
[2025-02-19T19:04:27.778+0000] {logging_mixin.py:190} INFO - [2025-02-19T19:04:27.778+0000] {dagbag.py:588} INFO - Filling up the DagBag from /home/airflow/.local/lib/python3.12/site-packages/airflow/example_dags/tutorial_dag.py
[2025-02-19T19:04:27.781+0000] {processor.py:925} INFO - DAG(s) 'tutorial_dag' retrieved from /home/airflow/.local/lib/python3.12/site-packages/airflow/example_dags/tutorial_dag.py
[2025-02-19T19:04:27.790+0000] {logging_mixin.py:190} INFO - [2025-02-19T19:04:27.790+0000] {dag.py:3239} INFO - Sync 1 DAGs
[2025-02-19T19:04:27.799+0000] {logging_mixin.py:190} INFO - [2025-02-19T19:04:27.798+0000] {dag.py:4180} INFO - Setting next_dagrun for tutorial_dag to None, run_after=None
[2025-02-19T19:04:27.808+0000] {processor.py:208} INFO - Processing /home/airflow/.local/lib/python3.12/site-packages/airflow/example_dags/tutorial_dag.py took 0.034 seconds
[2025-02-19T19:04:57.877+0000] {processor.py:186} INFO - Started process (PID=8397) to work on /home/airflow/.local/lib/python3.12/site-packages/airflow/example_dags/tutorial_dag.py
[2025-02-19T19:04:57.878+0000] {processor.py:914} INFO - Processing file /home/airflow/.local/lib/python3.12/site-packages/airflow/example_dags/tutorial_dag.py for tasks to queue
[2025-02-19T19:04:57.878+0000] {logging_mixin.py:190} INFO - [2025-02-19T19:04:57.878+0000] {dagbag.py:588} INFO - Filling up the DagBag from /home/airflow/.local/lib/python3.12/site-packages/airflow/example_dags/tutorial_dag.py
[2025-02-19T19:04:57.881+0000] {processor.py:925} INFO - DAG(s) 'tutorial_dag' retrieved from /home/airflow/.local/lib/python3.12/site-packages/airflow/example_dags/tutorial_dag.py
[2025-02-19T19:04:57.889+0000] {logging_mixin.py:190} INFO - [2025-02-19T19:04:57.889+0000] {dag.py:3239} INFO - Sync 1 DAGs
[2025-02-19T19:04:57.894+0000] {logging_mixin.py:190} INFO - [2025-02-19T19:04:57.894+0000] {dag.py:4180} INFO - Setting next_dagrun for tutorial_dag to None, run_after=None
[2025-02-19T19:04:57.901+0000] {processor.py:208} INFO - Processing /home/airflow/.local/lib/python3.12/site-packages/airflow/example_dags/tutorial_dag.py took 0.026 seconds
[2025-02-19T19:05:28.779+0000] {processor.py:186} INFO - Started process (PID=8691) to work on /home/airflow/.local/lib/python3.12/site-packages/airflow/example_dags/tutorial_dag.py
[2025-02-19T19:05:28.780+0000] {processor.py:914} INFO - Processing file /home/airflow/.local/lib/python3.12/site-packages/airflow/example_dags/tutorial_dag.py for tasks to queue
[2025-02-19T19:05:28.780+0000] {logging_mixin.py:190} INFO - [2025-02-19T19:05:28.780+0000] {dagbag.py:588} INFO - Filling up the DagBag from /home/airflow/.local/lib/python3.12/site-packages/airflow/example_dags/tutorial_dag.py
[2025-02-19T19:05:28.783+0000] {processor.py:925} INFO - DAG(s) 'tutorial_dag' retrieved from /home/airflow/.local/lib/python3.12/site-packages/airflow/example_dags/tutorial_dag.py
[2025-02-19T19:05:28.792+0000] {logging_mixin.py:190} INFO - [2025-02-19T19:05:28.792+0000] {dag.py:3239} INFO - Sync 1 DAGs
[2025-02-19T19:05:28.798+0000] {logging_mixin.py:190} INFO - [2025-02-19T19:05:28.798+0000] {dag.py:4180} INFO - Setting next_dagrun for tutorial_dag to None, run_after=None
[2025-02-19T19:05:28.808+0000] {processor.py:208} INFO - Processing /home/airflow/.local/lib/python3.12/site-packages/airflow/example_dags/tutorial_dag.py took 0.031 seconds
[2025-02-19T19:05:59.421+0000] {processor.py:186} INFO - Started process (PID=8989) to work on /home/airflow/.local/lib/python3.12/site-packages/airflow/example_dags/tutorial_dag.py
[2025-02-19T19:05:59.422+0000] {processor.py:914} INFO - Processing file /home/airflow/.local/lib/python3.12/site-packages/airflow/example_dags/tutorial_dag.py for tasks to queue
[2025-02-19T19:05:59.422+0000] {logging_mixin.py:190} INFO - [2025-02-19T19:05:59.422+0000] {dagbag.py:588} INFO - Filling up the DagBag from /home/airflow/.local/lib/python3.12/site-packages/airflow/example_dags/tutorial_dag.py
[2025-02-19T19:05:59.425+0000] {processor.py:925} INFO - DAG(s) 'tutorial_dag' retrieved from /home/airflow/.local/lib/python3.12/site-packages/airflow/example_dags/tutorial_dag.py
[2025-02-19T19:05:59.433+0000] {logging_mixin.py:190} INFO - [2025-02-19T19:05:59.433+0000] {dag.py:3239} INFO - Sync 1 DAGs
[2025-02-19T19:05:59.438+0000] {logging_mixin.py:190} INFO - [2025-02-19T19:05:59.438+0000] {dag.py:4180} INFO - Setting next_dagrun for tutorial_dag to None, run_after=None
[2025-02-19T19:05:59.444+0000] {processor.py:208} INFO - Processing /home/airflow/.local/lib/python3.12/site-packages/airflow/example_dags/tutorial_dag.py took 0.025 seconds
[2025-02-19T19:06:30.113+0000] {processor.py:186} INFO - Started process (PID=9285) to work on /home/airflow/.local/lib/python3.12/site-packages/airflow/example_dags/tutorial_dag.py
[2025-02-19T19:06:30.114+0000] {processor.py:914} INFO - Processing file /home/airflow/.local/lib/python3.12/site-packages/airflow/example_dags/tutorial_dag.py for tasks to queue
[2025-02-19T19:06:30.114+0000] {logging_mixin.py:190} INFO - [2025-02-19T19:06:30.114+0000] {dagbag.py:588} INFO - Filling up the DagBag from /home/airflow/.local/lib/python3.12/site-packages/airflow/example_dags/tutorial_dag.py
[2025-02-19T19:06:30.117+0000] {processor.py:925} INFO - DAG(s) 'tutorial_dag' retrieved from /home/airflow/.local/lib/python3.12/site-packages/airflow/example_dags/tutorial_dag.py
[2025-02-19T19:06:30.128+0000] {logging_mixin.py:190} INFO - [2025-02-19T19:06:30.127+0000] {dag.py:3239} INFO - Sync 1 DAGs
[2025-02-19T19:06:30.136+0000] {logging_mixin.py:190} INFO - [2025-02-19T19:06:30.136+0000] {dag.py:4180} INFO - Setting next_dagrun for tutorial_dag to None, run_after=None
[2025-02-19T19:06:30.146+0000] {processor.py:208} INFO - Processing /home/airflow/.local/lib/python3.12/site-packages/airflow/example_dags/tutorial_dag.py took 0.035 seconds
[2025-02-19T19:07:01.046+0000] {processor.py:186} INFO - Started process (PID=9579) to work on /home/airflow/.local/lib/python3.12/site-packages/airflow/example_dags/tutorial_dag.py
[2025-02-19T19:07:01.048+0000] {processor.py:914} INFO - Processing file /home/airflow/.local/lib/python3.12/site-packages/airflow/example_dags/tutorial_dag.py for tasks to queue
[2025-02-19T19:07:01.048+0000] {logging_mixin.py:190} INFO - [2025-02-19T19:07:01.048+0000] {dagbag.py:588} INFO - Filling up the DagBag from /home/airflow/.local/lib/python3.12/site-packages/airflow/example_dags/tutorial_dag.py
[2025-02-19T19:07:01.052+0000] {processor.py:925} INFO - DAG(s) 'tutorial_dag' retrieved from /home/airflow/.local/lib/python3.12/site-packages/airflow/example_dags/tutorial_dag.py
[2025-02-19T19:07:01.059+0000] {logging_mixin.py:190} INFO - [2025-02-19T19:07:01.059+0000] {dag.py:3239} INFO - Sync 1 DAGs
[2025-02-19T19:07:01.065+0000] {logging_mixin.py:190} INFO - [2025-02-19T19:07:01.065+0000] {dag.py:4180} INFO - Setting next_dagrun for tutorial_dag to None, run_after=None
[2025-02-19T19:07:01.075+0000] {processor.py:208} INFO - Processing /home/airflow/.local/lib/python3.12/site-packages/airflow/example_dags/tutorial_dag.py took 0.031 seconds
[2025-02-19T19:07:31.777+0000] {processor.py:186} INFO - Started process (PID=9875) to work on /home/airflow/.local/lib/python3.12/site-packages/airflow/example_dags/tutorial_dag.py
[2025-02-19T19:07:31.777+0000] {processor.py:914} INFO - Processing file /home/airflow/.local/lib/python3.12/site-packages/airflow/example_dags/tutorial_dag.py for tasks to queue
[2025-02-19T19:07:31.778+0000] {logging_mixin.py:190} INFO - [2025-02-19T19:07:31.778+0000] {dagbag.py:588} INFO - Filling up the DagBag from /home/airflow/.local/lib/python3.12/site-packages/airflow/example_dags/tutorial_dag.py
[2025-02-19T19:07:31.783+0000] {processor.py:925} INFO - DAG(s) 'tutorial_dag' retrieved from /home/airflow/.local/lib/python3.12/site-packages/airflow/example_dags/tutorial_dag.py
[2025-02-19T19:07:31.792+0000] {logging_mixin.py:190} INFO - [2025-02-19T19:07:31.792+0000] {dag.py:3239} INFO - Sync 1 DAGs
[2025-02-19T19:07:31.798+0000] {logging_mixin.py:190} INFO - [2025-02-19T19:07:31.798+0000] {dag.py:4180} INFO - Setting next_dagrun for tutorial_dag to None, run_after=None
[2025-02-19T19:07:31.805+0000] {processor.py:208} INFO - Processing /home/airflow/.local/lib/python3.12/site-packages/airflow/example_dags/tutorial_dag.py took 0.032 seconds
[2025-02-19T19:08:02.582+0000] {processor.py:186} INFO - Started process (PID=10173) to work on /home/airflow/.local/lib/python3.12/site-packages/airflow/example_dags/tutorial_dag.py
[2025-02-19T19:08:02.583+0000] {processor.py:914} INFO - Processing file /home/airflow/.local/lib/python3.12/site-packages/airflow/example_dags/tutorial_dag.py for tasks to queue
[2025-02-19T19:08:02.583+0000] {logging_mixin.py:190} INFO - [2025-02-19T19:08:02.583+0000] {dagbag.py:588} INFO - Filling up the DagBag from /home/airflow/.local/lib/python3.12/site-packages/airflow/example_dags/tutorial_dag.py
[2025-02-19T19:08:02.586+0000] {processor.py:925} INFO - DAG(s) 'tutorial_dag' retrieved from /home/airflow/.local/lib/python3.12/site-packages/airflow/example_dags/tutorial_dag.py
[2025-02-19T19:08:02.594+0000] {logging_mixin.py:190} INFO - [2025-02-19T19:08:02.594+0000] {dag.py:3239} INFO - Sync 1 DAGs
[2025-02-19T19:08:02.599+0000] {logging_mixin.py:190} INFO - [2025-02-19T19:08:02.599+0000] {dag.py:4180} INFO - Setting next_dagrun for tutorial_dag to None, run_after=None
[2025-02-19T19:08:02.605+0000] {processor.py:208} INFO - Processing /home/airflow/.local/lib/python3.12/site-packages/airflow/example_dags/tutorial_dag.py took 0.025 seconds
[2025-02-19T19:08:33.244+0000] {processor.py:186} INFO - Started process (PID=10467) to work on /home/airflow/.local/lib/python3.12/site-packages/airflow/example_dags/tutorial_dag.py
[2025-02-19T19:08:33.244+0000] {processor.py:914} INFO - Processing file /home/airflow/.local/lib/python3.12/site-packages/airflow/example_dags/tutorial_dag.py for tasks to queue
[2025-02-19T19:08:33.245+0000] {logging_mixin.py:190} INFO - [2025-02-19T19:08:33.244+0000] {dagbag.py:588} INFO - Filling up the DagBag from /home/airflow/.local/lib/python3.12/site-packages/airflow/example_dags/tutorial_dag.py
[2025-02-19T19:08:33.248+0000] {processor.py:925} INFO - DAG(s) 'tutorial_dag' retrieved from /home/airflow/.local/lib/python3.12/site-packages/airflow/example_dags/tutorial_dag.py
[2025-02-19T19:08:33.258+0000] {logging_mixin.py:190} INFO - [2025-02-19T19:08:33.258+0000] {dag.py:3239} INFO - Sync 1 DAGs
[2025-02-19T19:08:33.265+0000] {logging_mixin.py:190} INFO - [2025-02-19T19:08:33.265+0000] {dag.py:4180} INFO - Setting next_dagrun for tutorial_dag to None, run_after=None
[2025-02-19T19:08:33.274+0000] {processor.py:208} INFO - Processing /home/airflow/.local/lib/python3.12/site-packages/airflow/example_dags/tutorial_dag.py took 0.033 seconds
[2025-02-19T19:09:03.911+0000] {processor.py:186} INFO - Started process (PID=10774) to work on /home/airflow/.local/lib/python3.12/site-packages/airflow/example_dags/tutorial_dag.py
[2025-02-19T19:09:03.913+0000] {processor.py:914} INFO - Processing file /home/airflow/.local/lib/python3.12/site-packages/airflow/example_dags/tutorial_dag.py for tasks to queue
[2025-02-19T19:09:03.913+0000] {logging_mixin.py:190} INFO - [2025-02-19T19:09:03.913+0000] {dagbag.py:588} INFO - Filling up the DagBag from /home/airflow/.local/lib/python3.12/site-packages/airflow/example_dags/tutorial_dag.py
[2025-02-19T19:09:03.917+0000] {processor.py:925} INFO - DAG(s) 'tutorial_dag' retrieved from /home/airflow/.local/lib/python3.12/site-packages/airflow/example_dags/tutorial_dag.py
[2025-02-19T19:09:03.928+0000] {logging_mixin.py:190} INFO - [2025-02-19T19:09:03.928+0000] {dag.py:3239} INFO - Sync 1 DAGs
[2025-02-19T19:09:03.939+0000] {logging_mixin.py:190} INFO - [2025-02-19T19:09:03.939+0000] {dag.py:4180} INFO - Setting next_dagrun for tutorial_dag to None, run_after=None
[2025-02-19T19:09:03.949+0000] {processor.py:208} INFO - Processing /home/airflow/.local/lib/python3.12/site-packages/airflow/example_dags/tutorial_dag.py took 0.041 seconds
[2025-02-19T19:09:34.560+0000] {processor.py:186} INFO - Started process (PID=11073) to work on /home/airflow/.local/lib/python3.12/site-packages/airflow/example_dags/tutorial_dag.py
[2025-02-19T19:09:34.560+0000] {processor.py:914} INFO - Processing file /home/airflow/.local/lib/python3.12/site-packages/airflow/example_dags/tutorial_dag.py for tasks to queue
[2025-02-19T19:09:34.561+0000] {logging_mixin.py:190} INFO - [2025-02-19T19:09:34.561+0000] {dagbag.py:588} INFO - Filling up the DagBag from /home/airflow/.local/lib/python3.12/site-packages/airflow/example_dags/tutorial_dag.py
[2025-02-19T19:09:34.564+0000] {processor.py:925} INFO - DAG(s) 'tutorial_dag' retrieved from /home/airflow/.local/lib/python3.12/site-packages/airflow/example_dags/tutorial_dag.py
[2025-02-19T19:09:34.578+0000] {logging_mixin.py:190} INFO - [2025-02-19T19:09:34.578+0000] {dag.py:3239} INFO - Sync 1 DAGs
[2025-02-19T19:09:34.585+0000] {logging_mixin.py:190} INFO - [2025-02-19T19:09:34.585+0000] {dag.py:4180} INFO - Setting next_dagrun for tutorial_dag to None, run_after=None
[2025-02-19T19:09:34.594+0000] {processor.py:208} INFO - Processing /home/airflow/.local/lib/python3.12/site-packages/airflow/example_dags/tutorial_dag.py took 0.037 seconds
[2025-02-19T19:10:05.418+0000] {processor.py:186} INFO - Started process (PID=11376) to work on /home/airflow/.local/lib/python3.12/site-packages/airflow/example_dags/tutorial_dag.py
[2025-02-19T19:10:05.418+0000] {processor.py:914} INFO - Processing file /home/airflow/.local/lib/python3.12/site-packages/airflow/example_dags/tutorial_dag.py for tasks to queue
[2025-02-19T19:10:05.419+0000] {logging_mixin.py:190} INFO - [2025-02-19T19:10:05.419+0000] {dagbag.py:588} INFO - Filling up the DagBag from /home/airflow/.local/lib/python3.12/site-packages/airflow/example_dags/tutorial_dag.py
[2025-02-19T19:10:05.424+0000] {processor.py:925} INFO - DAG(s) 'tutorial_dag' retrieved from /home/airflow/.local/lib/python3.12/site-packages/airflow/example_dags/tutorial_dag.py
[2025-02-19T19:10:05.436+0000] {logging_mixin.py:190} INFO - [2025-02-19T19:10:05.435+0000] {dag.py:3239} INFO - Sync 1 DAGs
[2025-02-19T19:10:05.446+0000] {logging_mixin.py:190} INFO - [2025-02-19T19:10:05.446+0000] {dag.py:4180} INFO - Setting next_dagrun for tutorial_dag to None, run_after=None
[2025-02-19T19:10:05.460+0000] {processor.py:208} INFO - Processing /home/airflow/.local/lib/python3.12/site-packages/airflow/example_dags/tutorial_dag.py took 0.045 seconds
[2025-02-19T19:10:36.221+0000] {processor.py:186} INFO - Started process (PID=11694) to work on /home/airflow/.local/lib/python3.12/site-packages/airflow/example_dags/tutorial_dag.py
[2025-02-19T19:10:36.222+0000] {processor.py:914} INFO - Processing file /home/airflow/.local/lib/python3.12/site-packages/airflow/example_dags/tutorial_dag.py for tasks to queue
[2025-02-19T19:10:36.223+0000] {logging_mixin.py:190} INFO - [2025-02-19T19:10:36.222+0000] {dagbag.py:588} INFO - Filling up the DagBag from /home/airflow/.local/lib/python3.12/site-packages/airflow/example_dags/tutorial_dag.py
[2025-02-19T19:10:36.226+0000] {processor.py:925} INFO - DAG(s) 'tutorial_dag' retrieved from /home/airflow/.local/lib/python3.12/site-packages/airflow/example_dags/tutorial_dag.py
[2025-02-19T19:10:36.238+0000] {logging_mixin.py:190} INFO - [2025-02-19T19:10:36.238+0000] {dag.py:3239} INFO - Sync 1 DAGs
[2025-02-19T19:10:36.252+0000] {logging_mixin.py:190} INFO - [2025-02-19T19:10:36.251+0000] {dag.py:4180} INFO - Setting next_dagrun for tutorial_dag to None, run_after=None
[2025-02-19T19:10:36.269+0000] {processor.py:208} INFO - Processing /home/airflow/.local/lib/python3.12/site-packages/airflow/example_dags/tutorial_dag.py took 0.051 seconds
[2025-02-19T19:11:06.965+0000] {processor.py:186} INFO - Started process (PID=12002) to work on /home/airflow/.local/lib/python3.12/site-packages/airflow/example_dags/tutorial_dag.py
[2025-02-19T19:11:06.966+0000] {processor.py:914} INFO - Processing file /home/airflow/.local/lib/python3.12/site-packages/airflow/example_dags/tutorial_dag.py for tasks to queue
[2025-02-19T19:11:06.967+0000] {logging_mixin.py:190} INFO - [2025-02-19T19:11:06.966+0000] {dagbag.py:588} INFO - Filling up the DagBag from /home/airflow/.local/lib/python3.12/site-packages/airflow/example_dags/tutorial_dag.py
[2025-02-19T19:11:06.971+0000] {processor.py:925} INFO - DAG(s) 'tutorial_dag' retrieved from /home/airflow/.local/lib/python3.12/site-packages/airflow/example_dags/tutorial_dag.py
[2025-02-19T19:11:06.986+0000] {logging_mixin.py:190} INFO - [2025-02-19T19:11:06.986+0000] {dag.py:3239} INFO - Sync 1 DAGs
[2025-02-19T19:11:06.997+0000] {logging_mixin.py:190} INFO - [2025-02-19T19:11:06.997+0000] {dag.py:4180} INFO - Setting next_dagrun for tutorial_dag to None, run_after=None
[2025-02-19T19:11:07.010+0000] {processor.py:208} INFO - Processing /home/airflow/.local/lib/python3.12/site-packages/airflow/example_dags/tutorial_dag.py took 0.049 seconds
[2025-02-19T19:11:37.181+0000] {processor.py:186} INFO - Started process (PID=12298) to work on /home/airflow/.local/lib/python3.12/site-packages/airflow/example_dags/tutorial_dag.py
[2025-02-19T19:11:37.182+0000] {processor.py:914} INFO - Processing file /home/airflow/.local/lib/python3.12/site-packages/airflow/example_dags/tutorial_dag.py for tasks to queue
[2025-02-19T19:11:37.183+0000] {logging_mixin.py:190} INFO - [2025-02-19T19:11:37.183+0000] {dagbag.py:588} INFO - Filling up the DagBag from /home/airflow/.local/lib/python3.12/site-packages/airflow/example_dags/tutorial_dag.py
[2025-02-19T19:11:37.187+0000] {processor.py:925} INFO - DAG(s) 'tutorial_dag' retrieved from /home/airflow/.local/lib/python3.12/site-packages/airflow/example_dags/tutorial_dag.py
[2025-02-19T19:11:37.202+0000] {logging_mixin.py:190} INFO - [2025-02-19T19:11:37.202+0000] {dag.py:3239} INFO - Sync 1 DAGs
[2025-02-19T19:11:37.208+0000] {logging_mixin.py:190} INFO - [2025-02-19T19:11:37.208+0000] {dag.py:4180} INFO - Setting next_dagrun for tutorial_dag to None, run_after=None
[2025-02-19T19:11:37.218+0000] {processor.py:208} INFO - Processing /home/airflow/.local/lib/python3.12/site-packages/airflow/example_dags/tutorial_dag.py took 0.039 seconds
[2025-02-19T19:12:08.074+0000] {processor.py:186} INFO - Started process (PID=12608) to work on /home/airflow/.local/lib/python3.12/site-packages/airflow/example_dags/tutorial_dag.py
[2025-02-19T19:12:08.074+0000] {processor.py:914} INFO - Processing file /home/airflow/.local/lib/python3.12/site-packages/airflow/example_dags/tutorial_dag.py for tasks to queue
[2025-02-19T19:12:08.074+0000] {logging_mixin.py:190} INFO - [2025-02-19T19:12:08.074+0000] {dagbag.py:588} INFO - Filling up the DagBag from /home/airflow/.local/lib/python3.12/site-packages/airflow/example_dags/tutorial_dag.py
[2025-02-19T19:12:08.078+0000] {processor.py:925} INFO - DAG(s) 'tutorial_dag' retrieved from /home/airflow/.local/lib/python3.12/site-packages/airflow/example_dags/tutorial_dag.py
[2025-02-19T19:12:08.085+0000] {logging_mixin.py:190} INFO - [2025-02-19T19:12:08.085+0000] {dag.py:3239} INFO - Sync 1 DAGs
[2025-02-19T19:12:08.090+0000] {logging_mixin.py:190} INFO - [2025-02-19T19:12:08.090+0000] {dag.py:4180} INFO - Setting next_dagrun for tutorial_dag to None, run_after=None
[2025-02-19T19:12:08.097+0000] {processor.py:208} INFO - Processing /home/airflow/.local/lib/python3.12/site-packages/airflow/example_dags/tutorial_dag.py took 0.026 seconds
[2025-02-19T19:12:38.185+0000] {processor.py:186} INFO - Started process (PID=12904) to work on /home/airflow/.local/lib/python3.12/site-packages/airflow/example_dags/tutorial_dag.py
[2025-02-19T19:12:38.186+0000] {processor.py:914} INFO - Processing file /home/airflow/.local/lib/python3.12/site-packages/airflow/example_dags/tutorial_dag.py for tasks to queue
[2025-02-19T19:12:38.187+0000] {logging_mixin.py:190} INFO - [2025-02-19T19:12:38.186+0000] {dagbag.py:588} INFO - Filling up the DagBag from /home/airflow/.local/lib/python3.12/site-packages/airflow/example_dags/tutorial_dag.py
[2025-02-19T19:12:38.191+0000] {processor.py:925} INFO - DAG(s) 'tutorial_dag' retrieved from /home/airflow/.local/lib/python3.12/site-packages/airflow/example_dags/tutorial_dag.py
[2025-02-19T19:12:38.201+0000] {logging_mixin.py:190} INFO - [2025-02-19T19:12:38.201+0000] {dag.py:3239} INFO - Sync 1 DAGs
[2025-02-19T19:12:38.208+0000] {logging_mixin.py:190} INFO - [2025-02-19T19:12:38.208+0000] {dag.py:4180} INFO - Setting next_dagrun for tutorial_dag to None, run_after=None
[2025-02-19T19:12:38.220+0000] {processor.py:208} INFO - Processing /home/airflow/.local/lib/python3.12/site-packages/airflow/example_dags/tutorial_dag.py took 0.039 seconds
[2025-02-19T19:13:08.837+0000] {processor.py:186} INFO - Started process (PID=13210) to work on /home/airflow/.local/lib/python3.12/site-packages/airflow/example_dags/tutorial_dag.py
[2025-02-19T19:13:08.837+0000] {processor.py:914} INFO - Processing file /home/airflow/.local/lib/python3.12/site-packages/airflow/example_dags/tutorial_dag.py for tasks to queue
[2025-02-19T19:13:08.839+0000] {logging_mixin.py:190} INFO - [2025-02-19T19:13:08.839+0000] {dagbag.py:588} INFO - Filling up the DagBag from /home/airflow/.local/lib/python3.12/site-packages/airflow/example_dags/tutorial_dag.py
[2025-02-19T19:13:08.842+0000] {processor.py:925} INFO - DAG(s) 'tutorial_dag' retrieved from /home/airflow/.local/lib/python3.12/site-packages/airflow/example_dags/tutorial_dag.py
[2025-02-19T19:13:08.854+0000] {logging_mixin.py:190} INFO - [2025-02-19T19:13:08.854+0000] {dag.py:3239} INFO - Sync 1 DAGs
[2025-02-19T19:13:08.860+0000] {logging_mixin.py:190} INFO - [2025-02-19T19:13:08.860+0000] {dag.py:4180} INFO - Setting next_dagrun for tutorial_dag to None, run_after=None
[2025-02-19T19:13:08.867+0000] {processor.py:208} INFO - Processing /home/airflow/.local/lib/python3.12/site-packages/airflow/example_dags/tutorial_dag.py took 0.033 seconds
[2025-02-19T19:13:39.438+0000] {processor.py:186} INFO - Started process (PID=13506) to work on /home/airflow/.local/lib/python3.12/site-packages/airflow/example_dags/tutorial_dag.py
[2025-02-19T19:13:39.439+0000] {processor.py:914} INFO - Processing file /home/airflow/.local/lib/python3.12/site-packages/airflow/example_dags/tutorial_dag.py for tasks to queue
[2025-02-19T19:13:39.440+0000] {logging_mixin.py:190} INFO - [2025-02-19T19:13:39.439+0000] {dagbag.py:588} INFO - Filling up the DagBag from /home/airflow/.local/lib/python3.12/site-packages/airflow/example_dags/tutorial_dag.py
[2025-02-19T19:13:39.444+0000] {processor.py:925} INFO - DAG(s) 'tutorial_dag' retrieved from /home/airflow/.local/lib/python3.12/site-packages/airflow/example_dags/tutorial_dag.py
[2025-02-19T19:13:39.456+0000] {logging_mixin.py:190} INFO - [2025-02-19T19:13:39.456+0000] {dag.py:3239} INFO - Sync 1 DAGs
[2025-02-19T19:13:39.463+0000] {logging_mixin.py:190} INFO - [2025-02-19T19:13:39.463+0000] {dag.py:4180} INFO - Setting next_dagrun for tutorial_dag to None, run_after=None
[2025-02-19T19:13:39.478+0000] {processor.py:208} INFO - Processing /home/airflow/.local/lib/python3.12/site-packages/airflow/example_dags/tutorial_dag.py took 0.043 seconds
[2025-02-19T19:14:09.909+0000] {processor.py:186} INFO - Started process (PID=13816) to work on /home/airflow/.local/lib/python3.12/site-packages/airflow/example_dags/tutorial_dag.py
[2025-02-19T19:14:09.909+0000] {processor.py:914} INFO - Processing file /home/airflow/.local/lib/python3.12/site-packages/airflow/example_dags/tutorial_dag.py for tasks to queue
[2025-02-19T19:14:09.909+0000] {logging_mixin.py:190} INFO - [2025-02-19T19:14:09.909+0000] {dagbag.py:588} INFO - Filling up the DagBag from /home/airflow/.local/lib/python3.12/site-packages/airflow/example_dags/tutorial_dag.py
[2025-02-19T19:14:09.913+0000] {processor.py:925} INFO - DAG(s) 'tutorial_dag' retrieved from /home/airflow/.local/lib/python3.12/site-packages/airflow/example_dags/tutorial_dag.py
[2025-02-19T19:14:09.921+0000] {logging_mixin.py:190} INFO - [2025-02-19T19:14:09.921+0000] {dag.py:3239} INFO - Sync 1 DAGs
[2025-02-19T19:14:09.927+0000] {logging_mixin.py:190} INFO - [2025-02-19T19:14:09.927+0000] {dag.py:4180} INFO - Setting next_dagrun for tutorial_dag to None, run_after=None
[2025-02-19T19:14:09.939+0000] {processor.py:208} INFO - Processing /home/airflow/.local/lib/python3.12/site-packages/airflow/example_dags/tutorial_dag.py took 0.032 seconds
[2025-02-19T19:14:40.490+0000] {processor.py:186} INFO - Started process (PID=14136) to work on /home/airflow/.local/lib/python3.12/site-packages/airflow/example_dags/tutorial_dag.py
[2025-02-19T19:14:40.491+0000] {processor.py:914} INFO - Processing file /home/airflow/.local/lib/python3.12/site-packages/airflow/example_dags/tutorial_dag.py for tasks to queue
[2025-02-19T19:14:40.491+0000] {logging_mixin.py:190} INFO - [2025-02-19T19:14:40.491+0000] {dagbag.py:588} INFO - Filling up the DagBag from /home/airflow/.local/lib/python3.12/site-packages/airflow/example_dags/tutorial_dag.py
[2025-02-19T19:14:40.494+0000] {processor.py:925} INFO - DAG(s) 'tutorial_dag' retrieved from /home/airflow/.local/lib/python3.12/site-packages/airflow/example_dags/tutorial_dag.py
[2025-02-19T19:14:40.502+0000] {logging_mixin.py:190} INFO - [2025-02-19T19:14:40.502+0000] {dag.py:3239} INFO - Sync 1 DAGs
[2025-02-19T19:14:40.507+0000] {logging_mixin.py:190} INFO - [2025-02-19T19:14:40.507+0000] {dag.py:4180} INFO - Setting next_dagrun for tutorial_dag to None, run_after=None
[2025-02-19T19:14:40.513+0000] {processor.py:208} INFO - Processing /home/airflow/.local/lib/python3.12/site-packages/airflow/example_dags/tutorial_dag.py took 0.025 seconds
[2025-02-19T19:15:11.308+0000] {processor.py:186} INFO - Started process (PID=14454) to work on /home/airflow/.local/lib/python3.12/site-packages/airflow/example_dags/tutorial_dag.py
[2025-02-19T19:15:11.309+0000] {processor.py:914} INFO - Processing file /home/airflow/.local/lib/python3.12/site-packages/airflow/example_dags/tutorial_dag.py for tasks to queue
[2025-02-19T19:15:11.310+0000] {logging_mixin.py:190} INFO - [2025-02-19T19:15:11.310+0000] {dagbag.py:588} INFO - Filling up the DagBag from /home/airflow/.local/lib/python3.12/site-packages/airflow/example_dags/tutorial_dag.py
[2025-02-19T19:15:11.313+0000] {processor.py:925} INFO - DAG(s) 'tutorial_dag' retrieved from /home/airflow/.local/lib/python3.12/site-packages/airflow/example_dags/tutorial_dag.py
[2025-02-19T19:15:11.324+0000] {logging_mixin.py:190} INFO - [2025-02-19T19:15:11.324+0000] {dag.py:3239} INFO - Sync 1 DAGs
[2025-02-19T19:15:11.336+0000] {logging_mixin.py:190} INFO - [2025-02-19T19:15:11.336+0000] {dag.py:4180} INFO - Setting next_dagrun for tutorial_dag to None, run_after=None
[2025-02-19T19:15:11.347+0000] {processor.py:208} INFO - Processing /home/airflow/.local/lib/python3.12/site-packages/airflow/example_dags/tutorial_dag.py took 0.042 seconds
[2025-02-19T19:15:41.652+0000] {processor.py:186} INFO - Started process (PID=14752) to work on /home/airflow/.local/lib/python3.12/site-packages/airflow/example_dags/tutorial_dag.py
[2025-02-19T19:15:41.652+0000] {processor.py:914} INFO - Processing file /home/airflow/.local/lib/python3.12/site-packages/airflow/example_dags/tutorial_dag.py for tasks to queue
[2025-02-19T19:15:41.653+0000] {logging_mixin.py:190} INFO - [2025-02-19T19:15:41.652+0000] {dagbag.py:588} INFO - Filling up the DagBag from /home/airflow/.local/lib/python3.12/site-packages/airflow/example_dags/tutorial_dag.py
[2025-02-19T19:15:41.656+0000] {processor.py:925} INFO - DAG(s) 'tutorial_dag' retrieved from /home/airflow/.local/lib/python3.12/site-packages/airflow/example_dags/tutorial_dag.py
[2025-02-19T19:15:41.664+0000] {logging_mixin.py:190} INFO - [2025-02-19T19:15:41.664+0000] {dag.py:3239} INFO - Sync 1 DAGs
[2025-02-19T19:15:41.670+0000] {logging_mixin.py:190} INFO - [2025-02-19T19:15:41.670+0000] {dag.py:4180} INFO - Setting next_dagrun for tutorial_dag to None, run_after=None
[2025-02-19T19:15:41.676+0000] {processor.py:208} INFO - Processing /home/airflow/.local/lib/python3.12/site-packages/airflow/example_dags/tutorial_dag.py took 0.027 seconds
[2025-02-19T19:16:12.266+0000] {processor.py:186} INFO - Started process (PID=15060) to work on /home/airflow/.local/lib/python3.12/site-packages/airflow/example_dags/tutorial_dag.py
[2025-02-19T19:16:12.266+0000] {processor.py:914} INFO - Processing file /home/airflow/.local/lib/python3.12/site-packages/airflow/example_dags/tutorial_dag.py for tasks to queue
[2025-02-19T19:16:12.266+0000] {logging_mixin.py:190} INFO - [2025-02-19T19:16:12.266+0000] {dagbag.py:588} INFO - Filling up the DagBag from /home/airflow/.local/lib/python3.12/site-packages/airflow/example_dags/tutorial_dag.py
[2025-02-19T19:16:12.270+0000] {processor.py:925} INFO - DAG(s) 'tutorial_dag' retrieved from /home/airflow/.local/lib/python3.12/site-packages/airflow/example_dags/tutorial_dag.py
[2025-02-19T19:16:12.279+0000] {logging_mixin.py:190} INFO - [2025-02-19T19:16:12.279+0000] {dag.py:3239} INFO - Sync 1 DAGs
[2025-02-19T19:16:12.285+0000] {logging_mixin.py:190} INFO - [2025-02-19T19:16:12.285+0000] {dag.py:4180} INFO - Setting next_dagrun for tutorial_dag to None, run_after=None
[2025-02-19T19:16:12.292+0000] {processor.py:208} INFO - Processing /home/airflow/.local/lib/python3.12/site-packages/airflow/example_dags/tutorial_dag.py took 0.029 seconds
[2025-02-19T19:16:42.984+0000] {processor.py:186} INFO - Started process (PID=15356) to work on /home/airflow/.local/lib/python3.12/site-packages/airflow/example_dags/tutorial_dag.py
[2025-02-19T19:16:42.985+0000] {processor.py:914} INFO - Processing file /home/airflow/.local/lib/python3.12/site-packages/airflow/example_dags/tutorial_dag.py for tasks to queue
[2025-02-19T19:16:42.985+0000] {logging_mixin.py:190} INFO - [2025-02-19T19:16:42.985+0000] {dagbag.py:588} INFO - Filling up the DagBag from /home/airflow/.local/lib/python3.12/site-packages/airflow/example_dags/tutorial_dag.py
[2025-02-19T19:16:42.990+0000] {processor.py:925} INFO - DAG(s) 'tutorial_dag' retrieved from /home/airflow/.local/lib/python3.12/site-packages/airflow/example_dags/tutorial_dag.py
[2025-02-19T19:16:43.004+0000] {logging_mixin.py:190} INFO - [2025-02-19T19:16:43.003+0000] {dag.py:3239} INFO - Sync 1 DAGs
[2025-02-19T19:16:43.009+0000] {logging_mixin.py:190} INFO - [2025-02-19T19:16:43.009+0000] {dag.py:4180} INFO - Setting next_dagrun for tutorial_dag to None, run_after=None
[2025-02-19T19:16:43.018+0000] {processor.py:208} INFO - Processing /home/airflow/.local/lib/python3.12/site-packages/airflow/example_dags/tutorial_dag.py took 0.037 seconds
[2025-02-19T19:17:13.688+0000] {processor.py:186} INFO - Started process (PID=15664) to work on /home/airflow/.local/lib/python3.12/site-packages/airflow/example_dags/tutorial_dag.py
[2025-02-19T19:17:13.689+0000] {processor.py:914} INFO - Processing file /home/airflow/.local/lib/python3.12/site-packages/airflow/example_dags/tutorial_dag.py for tasks to queue
[2025-02-19T19:17:13.689+0000] {logging_mixin.py:190} INFO - [2025-02-19T19:17:13.689+0000] {dagbag.py:588} INFO - Filling up the DagBag from /home/airflow/.local/lib/python3.12/site-packages/airflow/example_dags/tutorial_dag.py
[2025-02-19T19:17:13.692+0000] {processor.py:925} INFO - DAG(s) 'tutorial_dag' retrieved from /home/airflow/.local/lib/python3.12/site-packages/airflow/example_dags/tutorial_dag.py
[2025-02-19T19:17:13.700+0000] {logging_mixin.py:190} INFO - [2025-02-19T19:17:13.700+0000] {dag.py:3239} INFO - Sync 1 DAGs
[2025-02-19T19:17:13.705+0000] {logging_mixin.py:190} INFO - [2025-02-19T19:17:13.705+0000] {dag.py:4180} INFO - Setting next_dagrun for tutorial_dag to None, run_after=None
[2025-02-19T19:17:13.711+0000] {processor.py:208} INFO - Processing /home/airflow/.local/lib/python3.12/site-packages/airflow/example_dags/tutorial_dag.py took 0.025 seconds
[2025-02-19T19:17:44.540+0000] {processor.py:186} INFO - Started process (PID=15958) to work on /home/airflow/.local/lib/python3.12/site-packages/airflow/example_dags/tutorial_dag.py
[2025-02-19T19:17:44.540+0000] {processor.py:914} INFO - Processing file /home/airflow/.local/lib/python3.12/site-packages/airflow/example_dags/tutorial_dag.py for tasks to queue
[2025-02-19T19:17:44.542+0000] {logging_mixin.py:190} INFO - [2025-02-19T19:17:44.542+0000] {dagbag.py:588} INFO - Filling up the DagBag from /home/airflow/.local/lib/python3.12/site-packages/airflow/example_dags/tutorial_dag.py
[2025-02-19T19:17:44.547+0000] {processor.py:925} INFO - DAG(s) 'tutorial_dag' retrieved from /home/airflow/.local/lib/python3.12/site-packages/airflow/example_dags/tutorial_dag.py
[2025-02-19T19:17:44.560+0000] {logging_mixin.py:190} INFO - [2025-02-19T19:17:44.560+0000] {dag.py:3239} INFO - Sync 1 DAGs
[2025-02-19T19:17:44.566+0000] {logging_mixin.py:190} INFO - [2025-02-19T19:17:44.566+0000] {dag.py:4180} INFO - Setting next_dagrun for tutorial_dag to None, run_after=None
[2025-02-19T19:17:44.574+0000] {processor.py:208} INFO - Processing /home/airflow/.local/lib/python3.12/site-packages/airflow/example_dags/tutorial_dag.py took 0.038 seconds
[2025-02-19T19:18:14.833+0000] {processor.py:186} INFO - Started process (PID=16266) to work on /home/airflow/.local/lib/python3.12/site-packages/airflow/example_dags/tutorial_dag.py
[2025-02-19T19:18:14.834+0000] {processor.py:914} INFO - Processing file /home/airflow/.local/lib/python3.12/site-packages/airflow/example_dags/tutorial_dag.py for tasks to queue
[2025-02-19T19:18:14.835+0000] {logging_mixin.py:190} INFO - [2025-02-19T19:18:14.835+0000] {dagbag.py:588} INFO - Filling up the DagBag from /home/airflow/.local/lib/python3.12/site-packages/airflow/example_dags/tutorial_dag.py
[2025-02-19T19:18:14.838+0000] {processor.py:925} INFO - DAG(s) 'tutorial_dag' retrieved from /home/airflow/.local/lib/python3.12/site-packages/airflow/example_dags/tutorial_dag.py
[2025-02-19T19:18:14.847+0000] {logging_mixin.py:190} INFO - [2025-02-19T19:18:14.847+0000] {dag.py:3239} INFO - Sync 1 DAGs
[2025-02-19T19:18:14.853+0000] {logging_mixin.py:190} INFO - [2025-02-19T19:18:14.853+0000] {dag.py:4180} INFO - Setting next_dagrun for tutorial_dag to None, run_after=None
[2025-02-19T19:18:14.860+0000] {processor.py:208} INFO - Processing /home/airflow/.local/lib/python3.12/site-packages/airflow/example_dags/tutorial_dag.py took 0.030 seconds
[2025-02-19T19:18:45.618+0000] {processor.py:186} INFO - Started process (PID=16562) to work on /home/airflow/.local/lib/python3.12/site-packages/airflow/example_dags/tutorial_dag.py
[2025-02-19T19:18:45.619+0000] {processor.py:914} INFO - Processing file /home/airflow/.local/lib/python3.12/site-packages/airflow/example_dags/tutorial_dag.py for tasks to queue
[2025-02-19T19:18:45.620+0000] {logging_mixin.py:190} INFO - [2025-02-19T19:18:45.620+0000] {dagbag.py:588} INFO - Filling up the DagBag from /home/airflow/.local/lib/python3.12/site-packages/airflow/example_dags/tutorial_dag.py
[2025-02-19T19:18:45.625+0000] {processor.py:925} INFO - DAG(s) 'tutorial_dag' retrieved from /home/airflow/.local/lib/python3.12/site-packages/airflow/example_dags/tutorial_dag.py
[2025-02-19T19:18:45.638+0000] {logging_mixin.py:190} INFO - [2025-02-19T19:18:45.638+0000] {dag.py:3239} INFO - Sync 1 DAGs
[2025-02-19T19:18:45.647+0000] {logging_mixin.py:190} INFO - [2025-02-19T19:18:45.646+0000] {dag.py:4180} INFO - Setting next_dagrun for tutorial_dag to None, run_after=None
[2025-02-19T19:18:45.654+0000] {processor.py:208} INFO - Processing /home/airflow/.local/lib/python3.12/site-packages/airflow/example_dags/tutorial_dag.py took 0.039 seconds
[2025-02-19T19:19:16.473+0000] {processor.py:186} INFO - Started process (PID=16870) to work on /home/airflow/.local/lib/python3.12/site-packages/airflow/example_dags/tutorial_dag.py
[2025-02-19T19:19:16.473+0000] {processor.py:914} INFO - Processing file /home/airflow/.local/lib/python3.12/site-packages/airflow/example_dags/tutorial_dag.py for tasks to queue
[2025-02-19T19:19:16.474+0000] {logging_mixin.py:190} INFO - [2025-02-19T19:19:16.474+0000] {dagbag.py:588} INFO - Filling up the DagBag from /home/airflow/.local/lib/python3.12/site-packages/airflow/example_dags/tutorial_dag.py
[2025-02-19T19:19:16.478+0000] {processor.py:925} INFO - DAG(s) 'tutorial_dag' retrieved from /home/airflow/.local/lib/python3.12/site-packages/airflow/example_dags/tutorial_dag.py
[2025-02-19T19:19:16.504+0000] {logging_mixin.py:190} INFO - [2025-02-19T19:19:16.504+0000] {dag.py:3239} INFO - Sync 1 DAGs
[2025-02-19T19:19:16.512+0000] {logging_mixin.py:190} INFO - [2025-02-19T19:19:16.512+0000] {dag.py:4180} INFO - Setting next_dagrun for tutorial_dag to None, run_after=None
[2025-02-19T19:19:16.528+0000] {processor.py:208} INFO - Processing /home/airflow/.local/lib/python3.12/site-packages/airflow/example_dags/tutorial_dag.py took 0.058 seconds
