[2025-02-19T18:33:04.424+0000] {processor.py:186} INFO - Started process (PID=314) to work on /home/airflow/.local/lib/python3.12/site-packages/airflow/example_dags/tutorial.py
[2025-02-19T18:33:04.428+0000] {processor.py:914} INFO - Processing file /home/airflow/.local/lib/python3.12/site-packages/airflow/example_dags/tutorial.py for tasks to queue
[2025-02-19T18:33:04.431+0000] {logging_mixin.py:190} INFO - [2025-02-19T18:33:04.431+0000] {dagbag.py:588} INFO - Filling up the DagBag from /home/airflow/.local/lib/python3.12/site-packages/airflow/example_dags/tutorial.py
[2025-02-19T18:33:04.437+0000] {processor.py:925} INFO - DAG(s) 'tutorial' retrieved from /home/airflow/.local/lib/python3.12/site-packages/airflow/example_dags/tutorial.py
[2025-02-19T18:33:04.494+0000] {logging_mixin.py:190} INFO - [2025-02-19T18:33:04.494+0000] {dag.py:3239} INFO - Sync 1 DAGs
[2025-02-19T18:33:04.517+0000] {logging_mixin.py:190} INFO - [2025-02-19T18:33:04.517+0000] {dag.py:4180} INFO - Setting next_dagrun for tutorial to 2025-02-18 00:00:00+00:00, run_after=2025-02-19 00:00:00+00:00
[2025-02-19T18:33:04.544+0000] {processor.py:208} INFO - Processing /home/airflow/.local/lib/python3.12/site-packages/airflow/example_dags/tutorial.py took 0.123 seconds
[2025-02-19T18:39:57.128+0000] {processor.py:186} INFO - Started process (PID=307) to work on /home/airflow/.local/lib/python3.12/site-packages/airflow/example_dags/tutorial.py
[2025-02-19T18:39:57.129+0000] {processor.py:914} INFO - Processing file /home/airflow/.local/lib/python3.12/site-packages/airflow/example_dags/tutorial.py for tasks to queue
[2025-02-19T18:39:57.131+0000] {logging_mixin.py:190} INFO - [2025-02-19T18:39:57.131+0000] {dagbag.py:588} INFO - Filling up the DagBag from /home/airflow/.local/lib/python3.12/site-packages/airflow/example_dags/tutorial.py
[2025-02-19T18:39:57.137+0000] {processor.py:925} INFO - DAG(s) 'tutorial' retrieved from /home/airflow/.local/lib/python3.12/site-packages/airflow/example_dags/tutorial.py
[2025-02-19T18:39:57.153+0000] {logging_mixin.py:190} INFO - [2025-02-19T18:39:57.153+0000] {dag.py:3239} INFO - Sync 1 DAGs
[2025-02-19T18:39:57.168+0000] {logging_mixin.py:190} INFO - [2025-02-19T18:39:57.168+0000] {dag.py:4180} INFO - Setting next_dagrun for tutorial to 2025-02-18 00:00:00+00:00, run_after=2025-02-19 00:00:00+00:00
[2025-02-19T18:39:57.179+0000] {processor.py:208} INFO - Processing /home/airflow/.local/lib/python3.12/site-packages/airflow/example_dags/tutorial.py took 0.053 seconds
[2025-02-19T18:40:27.815+0000] {processor.py:186} INFO - Started process (PID=608) to work on /home/airflow/.local/lib/python3.12/site-packages/airflow/example_dags/tutorial.py
[2025-02-19T18:40:27.818+0000] {processor.py:914} INFO - Processing file /home/airflow/.local/lib/python3.12/site-packages/airflow/example_dags/tutorial.py for tasks to queue
[2025-02-19T18:40:27.819+0000] {logging_mixin.py:190} INFO - [2025-02-19T18:40:27.819+0000] {dagbag.py:588} INFO - Filling up the DagBag from /home/airflow/.local/lib/python3.12/site-packages/airflow/example_dags/tutorial.py
[2025-02-19T18:40:27.823+0000] {processor.py:925} INFO - DAG(s) 'tutorial' retrieved from /home/airflow/.local/lib/python3.12/site-packages/airflow/example_dags/tutorial.py
[2025-02-19T18:40:27.835+0000] {logging_mixin.py:190} INFO - [2025-02-19T18:40:27.835+0000] {dag.py:3239} INFO - Sync 1 DAGs
[2025-02-19T18:40:27.845+0000] {logging_mixin.py:190} INFO - [2025-02-19T18:40:27.845+0000] {dag.py:4180} INFO - Setting next_dagrun for tutorial to 2025-02-18 00:00:00+00:00, run_after=2025-02-19 00:00:00+00:00
[2025-02-19T18:40:27.855+0000] {processor.py:208} INFO - Processing /home/airflow/.local/lib/python3.12/site-packages/airflow/example_dags/tutorial.py took 0.042 seconds
[2025-02-19T18:40:58.803+0000] {processor.py:186} INFO - Started process (PID=906) to work on /home/airflow/.local/lib/python3.12/site-packages/airflow/example_dags/tutorial.py
[2025-02-19T18:40:58.804+0000] {processor.py:914} INFO - Processing file /home/airflow/.local/lib/python3.12/site-packages/airflow/example_dags/tutorial.py for tasks to queue
[2025-02-19T18:40:58.805+0000] {logging_mixin.py:190} INFO - [2025-02-19T18:40:58.805+0000] {dagbag.py:588} INFO - Filling up the DagBag from /home/airflow/.local/lib/python3.12/site-packages/airflow/example_dags/tutorial.py
[2025-02-19T18:40:58.808+0000] {processor.py:925} INFO - DAG(s) 'tutorial' retrieved from /home/airflow/.local/lib/python3.12/site-packages/airflow/example_dags/tutorial.py
[2025-02-19T18:40:58.817+0000] {logging_mixin.py:190} INFO - [2025-02-19T18:40:58.816+0000] {dag.py:3239} INFO - Sync 1 DAGs
[2025-02-19T18:40:58.826+0000] {logging_mixin.py:190} INFO - [2025-02-19T18:40:58.826+0000] {dag.py:4180} INFO - Setting next_dagrun for tutorial to 2025-02-18 00:00:00+00:00, run_after=2025-02-19 00:00:00+00:00
[2025-02-19T18:40:58.840+0000] {processor.py:208} INFO - Processing /home/airflow/.local/lib/python3.12/site-packages/airflow/example_dags/tutorial.py took 0.039 seconds
[2025-02-19T18:41:29.425+0000] {processor.py:186} INFO - Started process (PID=1200) to work on /home/airflow/.local/lib/python3.12/site-packages/airflow/example_dags/tutorial.py
[2025-02-19T18:41:29.426+0000] {processor.py:914} INFO - Processing file /home/airflow/.local/lib/python3.12/site-packages/airflow/example_dags/tutorial.py for tasks to queue
[2025-02-19T18:41:29.427+0000] {logging_mixin.py:190} INFO - [2025-02-19T18:41:29.427+0000] {dagbag.py:588} INFO - Filling up the DagBag from /home/airflow/.local/lib/python3.12/site-packages/airflow/example_dags/tutorial.py
[2025-02-19T18:41:29.432+0000] {processor.py:925} INFO - DAG(s) 'tutorial' retrieved from /home/airflow/.local/lib/python3.12/site-packages/airflow/example_dags/tutorial.py
[2025-02-19T18:41:29.443+0000] {logging_mixin.py:190} INFO - [2025-02-19T18:41:29.443+0000] {dag.py:3239} INFO - Sync 1 DAGs
[2025-02-19T18:41:29.452+0000] {logging_mixin.py:190} INFO - [2025-02-19T18:41:29.451+0000] {dag.py:4180} INFO - Setting next_dagrun for tutorial to 2025-02-18 00:00:00+00:00, run_after=2025-02-19 00:00:00+00:00
[2025-02-19T18:41:29.461+0000] {processor.py:208} INFO - Processing /home/airflow/.local/lib/python3.12/site-packages/airflow/example_dags/tutorial.py took 0.038 seconds
[2025-02-19T18:41:59.964+0000] {processor.py:186} INFO - Started process (PID=1496) to work on /home/airflow/.local/lib/python3.12/site-packages/airflow/example_dags/tutorial.py
[2025-02-19T18:41:59.964+0000] {processor.py:914} INFO - Processing file /home/airflow/.local/lib/python3.12/site-packages/airflow/example_dags/tutorial.py for tasks to queue
[2025-02-19T18:41:59.966+0000] {logging_mixin.py:190} INFO - [2025-02-19T18:41:59.965+0000] {dagbag.py:588} INFO - Filling up the DagBag from /home/airflow/.local/lib/python3.12/site-packages/airflow/example_dags/tutorial.py
[2025-02-19T18:41:59.970+0000] {processor.py:925} INFO - DAG(s) 'tutorial' retrieved from /home/airflow/.local/lib/python3.12/site-packages/airflow/example_dags/tutorial.py
[2025-02-19T18:41:59.980+0000] {logging_mixin.py:190} INFO - [2025-02-19T18:41:59.980+0000] {dag.py:3239} INFO - Sync 1 DAGs
[2025-02-19T18:41:59.989+0000] {logging_mixin.py:190} INFO - [2025-02-19T18:41:59.989+0000] {dag.py:4180} INFO - Setting next_dagrun for tutorial to 2025-02-18 00:00:00+00:00, run_after=2025-02-19 00:00:00+00:00
[2025-02-19T18:41:59.998+0000] {processor.py:208} INFO - Processing /home/airflow/.local/lib/python3.12/site-packages/airflow/example_dags/tutorial.py took 0.037 seconds
[2025-02-19T18:42:30.342+0000] {processor.py:186} INFO - Started process (PID=1792) to work on /home/airflow/.local/lib/python3.12/site-packages/airflow/example_dags/tutorial.py
[2025-02-19T18:42:30.343+0000] {processor.py:914} INFO - Processing file /home/airflow/.local/lib/python3.12/site-packages/airflow/example_dags/tutorial.py for tasks to queue
[2025-02-19T18:42:30.344+0000] {logging_mixin.py:190} INFO - [2025-02-19T18:42:30.344+0000] {dagbag.py:588} INFO - Filling up the DagBag from /home/airflow/.local/lib/python3.12/site-packages/airflow/example_dags/tutorial.py
[2025-02-19T18:42:30.349+0000] {processor.py:925} INFO - DAG(s) 'tutorial' retrieved from /home/airflow/.local/lib/python3.12/site-packages/airflow/example_dags/tutorial.py
[2025-02-19T18:42:30.360+0000] {logging_mixin.py:190} INFO - [2025-02-19T18:42:30.359+0000] {dag.py:3239} INFO - Sync 1 DAGs
[2025-02-19T18:42:30.369+0000] {logging_mixin.py:190} INFO - [2025-02-19T18:42:30.369+0000] {dag.py:4180} INFO - Setting next_dagrun for tutorial to 2025-02-18 00:00:00+00:00, run_after=2025-02-19 00:00:00+00:00
[2025-02-19T18:42:30.377+0000] {processor.py:208} INFO - Processing /home/airflow/.local/lib/python3.12/site-packages/airflow/example_dags/tutorial.py took 0.038 seconds
[2025-02-19T18:43:00.827+0000] {processor.py:186} INFO - Started process (PID=2090) to work on /home/airflow/.local/lib/python3.12/site-packages/airflow/example_dags/tutorial.py
[2025-02-19T18:43:00.827+0000] {processor.py:914} INFO - Processing file /home/airflow/.local/lib/python3.12/site-packages/airflow/example_dags/tutorial.py for tasks to queue
[2025-02-19T18:43:00.828+0000] {logging_mixin.py:190} INFO - [2025-02-19T18:43:00.828+0000] {dagbag.py:588} INFO - Filling up the DagBag from /home/airflow/.local/lib/python3.12/site-packages/airflow/example_dags/tutorial.py
[2025-02-19T18:43:00.832+0000] {processor.py:925} INFO - DAG(s) 'tutorial' retrieved from /home/airflow/.local/lib/python3.12/site-packages/airflow/example_dags/tutorial.py
[2025-02-19T18:43:00.843+0000] {logging_mixin.py:190} INFO - [2025-02-19T18:43:00.843+0000] {dag.py:3239} INFO - Sync 1 DAGs
[2025-02-19T18:43:00.852+0000] {logging_mixin.py:190} INFO - [2025-02-19T18:43:00.852+0000] {dag.py:4180} INFO - Setting next_dagrun for tutorial to 2025-02-18 00:00:00+00:00, run_after=2025-02-19 00:00:00+00:00
[2025-02-19T18:43:00.862+0000] {processor.py:208} INFO - Processing /home/airflow/.local/lib/python3.12/site-packages/airflow/example_dags/tutorial.py took 0.039 seconds
[2025-02-19T18:43:31.208+0000] {processor.py:186} INFO - Started process (PID=2386) to work on /home/airflow/.local/lib/python3.12/site-packages/airflow/example_dags/tutorial.py
[2025-02-19T18:43:31.209+0000] {processor.py:914} INFO - Processing file /home/airflow/.local/lib/python3.12/site-packages/airflow/example_dags/tutorial.py for tasks to queue
[2025-02-19T18:43:31.210+0000] {logging_mixin.py:190} INFO - [2025-02-19T18:43:31.210+0000] {dagbag.py:588} INFO - Filling up the DagBag from /home/airflow/.local/lib/python3.12/site-packages/airflow/example_dags/tutorial.py
[2025-02-19T18:43:31.213+0000] {processor.py:925} INFO - DAG(s) 'tutorial' retrieved from /home/airflow/.local/lib/python3.12/site-packages/airflow/example_dags/tutorial.py
[2025-02-19T18:43:31.223+0000] {logging_mixin.py:190} INFO - [2025-02-19T18:43:31.223+0000] {dag.py:3239} INFO - Sync 1 DAGs
[2025-02-19T18:43:31.235+0000] {logging_mixin.py:190} INFO - [2025-02-19T18:43:31.235+0000] {dag.py:4180} INFO - Setting next_dagrun for tutorial to 2025-02-18 00:00:00+00:00, run_after=2025-02-19 00:00:00+00:00
[2025-02-19T18:43:31.244+0000] {processor.py:208} INFO - Processing /home/airflow/.local/lib/python3.12/site-packages/airflow/example_dags/tutorial.py took 0.038 seconds
[2025-02-19T18:44:01.697+0000] {processor.py:186} INFO - Started process (PID=2682) to work on /home/airflow/.local/lib/python3.12/site-packages/airflow/example_dags/tutorial.py
[2025-02-19T18:44:01.697+0000] {processor.py:914} INFO - Processing file /home/airflow/.local/lib/python3.12/site-packages/airflow/example_dags/tutorial.py for tasks to queue
[2025-02-19T18:44:01.698+0000] {logging_mixin.py:190} INFO - [2025-02-19T18:44:01.698+0000] {dagbag.py:588} INFO - Filling up the DagBag from /home/airflow/.local/lib/python3.12/site-packages/airflow/example_dags/tutorial.py
[2025-02-19T18:44:01.701+0000] {processor.py:925} INFO - DAG(s) 'tutorial' retrieved from /home/airflow/.local/lib/python3.12/site-packages/airflow/example_dags/tutorial.py
[2025-02-19T18:44:01.709+0000] {logging_mixin.py:190} INFO - [2025-02-19T18:44:01.709+0000] {dag.py:3239} INFO - Sync 1 DAGs
[2025-02-19T18:44:01.717+0000] {logging_mixin.py:190} INFO - [2025-02-19T18:44:01.717+0000] {dag.py:4180} INFO - Setting next_dagrun for tutorial to 2025-02-18 00:00:00+00:00, run_after=2025-02-19 00:00:00+00:00
[2025-02-19T18:44:01.723+0000] {processor.py:208} INFO - Processing /home/airflow/.local/lib/python3.12/site-packages/airflow/example_dags/tutorial.py took 0.029 seconds
[2025-02-19T18:44:32.183+0000] {processor.py:186} INFO - Started process (PID=2976) to work on /home/airflow/.local/lib/python3.12/site-packages/airflow/example_dags/tutorial.py
[2025-02-19T18:44:32.184+0000] {processor.py:914} INFO - Processing file /home/airflow/.local/lib/python3.12/site-packages/airflow/example_dags/tutorial.py for tasks to queue
[2025-02-19T18:44:32.186+0000] {logging_mixin.py:190} INFO - [2025-02-19T18:44:32.185+0000] {dagbag.py:588} INFO - Filling up the DagBag from /home/airflow/.local/lib/python3.12/site-packages/airflow/example_dags/tutorial.py
[2025-02-19T18:44:32.189+0000] {processor.py:925} INFO - DAG(s) 'tutorial' retrieved from /home/airflow/.local/lib/python3.12/site-packages/airflow/example_dags/tutorial.py
[2025-02-19T18:44:32.197+0000] {logging_mixin.py:190} INFO - [2025-02-19T18:44:32.197+0000] {dag.py:3239} INFO - Sync 1 DAGs
[2025-02-19T18:44:32.206+0000] {logging_mixin.py:190} INFO - [2025-02-19T18:44:32.206+0000] {dag.py:4180} INFO - Setting next_dagrun for tutorial to 2025-02-18 00:00:00+00:00, run_after=2025-02-19 00:00:00+00:00
[2025-02-19T18:44:32.213+0000] {processor.py:208} INFO - Processing /home/airflow/.local/lib/python3.12/site-packages/airflow/example_dags/tutorial.py took 0.032 seconds
[2025-02-19T18:45:02.603+0000] {processor.py:186} INFO - Started process (PID=3272) to work on /home/airflow/.local/lib/python3.12/site-packages/airflow/example_dags/tutorial.py
[2025-02-19T18:45:02.607+0000] {processor.py:914} INFO - Processing file /home/airflow/.local/lib/python3.12/site-packages/airflow/example_dags/tutorial.py for tasks to queue
[2025-02-19T18:45:02.608+0000] {logging_mixin.py:190} INFO - [2025-02-19T18:45:02.608+0000] {dagbag.py:588} INFO - Filling up the DagBag from /home/airflow/.local/lib/python3.12/site-packages/airflow/example_dags/tutorial.py
[2025-02-19T18:45:02.613+0000] {processor.py:925} INFO - DAG(s) 'tutorial' retrieved from /home/airflow/.local/lib/python3.12/site-packages/airflow/example_dags/tutorial.py
[2025-02-19T18:45:02.621+0000] {logging_mixin.py:190} INFO - [2025-02-19T18:45:02.621+0000] {dag.py:3239} INFO - Sync 1 DAGs
[2025-02-19T18:45:02.630+0000] {logging_mixin.py:190} INFO - [2025-02-19T18:45:02.630+0000] {dag.py:4180} INFO - Setting next_dagrun for tutorial to 2025-02-18 00:00:00+00:00, run_after=2025-02-19 00:00:00+00:00
[2025-02-19T18:45:02.639+0000] {processor.py:208} INFO - Processing /home/airflow/.local/lib/python3.12/site-packages/airflow/example_dags/tutorial.py took 0.038 seconds
[2025-02-19T18:45:33.079+0000] {processor.py:186} INFO - Started process (PID=3568) to work on /home/airflow/.local/lib/python3.12/site-packages/airflow/example_dags/tutorial.py
[2025-02-19T18:45:33.080+0000] {processor.py:914} INFO - Processing file /home/airflow/.local/lib/python3.12/site-packages/airflow/example_dags/tutorial.py for tasks to queue
[2025-02-19T18:45:33.083+0000] {logging_mixin.py:190} INFO - [2025-02-19T18:45:33.083+0000] {dagbag.py:588} INFO - Filling up the DagBag from /home/airflow/.local/lib/python3.12/site-packages/airflow/example_dags/tutorial.py
[2025-02-19T18:45:33.087+0000] {processor.py:925} INFO - DAG(s) 'tutorial' retrieved from /home/airflow/.local/lib/python3.12/site-packages/airflow/example_dags/tutorial.py
[2025-02-19T18:45:33.095+0000] {logging_mixin.py:190} INFO - [2025-02-19T18:45:33.095+0000] {dag.py:3239} INFO - Sync 1 DAGs
[2025-02-19T18:45:33.104+0000] {logging_mixin.py:190} INFO - [2025-02-19T18:45:33.103+0000] {dag.py:4180} INFO - Setting next_dagrun for tutorial to 2025-02-18 00:00:00+00:00, run_after=2025-02-19 00:00:00+00:00
[2025-02-19T18:45:33.110+0000] {processor.py:208} INFO - Processing /home/airflow/.local/lib/python3.12/site-packages/airflow/example_dags/tutorial.py took 0.033 seconds
[2025-02-19T18:46:03.591+0000] {processor.py:186} INFO - Started process (PID=3864) to work on /home/airflow/.local/lib/python3.12/site-packages/airflow/example_dags/tutorial.py
[2025-02-19T18:46:03.592+0000] {processor.py:914} INFO - Processing file /home/airflow/.local/lib/python3.12/site-packages/airflow/example_dags/tutorial.py for tasks to queue
[2025-02-19T18:46:03.594+0000] {logging_mixin.py:190} INFO - [2025-02-19T18:46:03.594+0000] {dagbag.py:588} INFO - Filling up the DagBag from /home/airflow/.local/lib/python3.12/site-packages/airflow/example_dags/tutorial.py
[2025-02-19T18:46:03.598+0000] {processor.py:925} INFO - DAG(s) 'tutorial' retrieved from /home/airflow/.local/lib/python3.12/site-packages/airflow/example_dags/tutorial.py
[2025-02-19T18:46:03.608+0000] {logging_mixin.py:190} INFO - [2025-02-19T18:46:03.608+0000] {dag.py:3239} INFO - Sync 1 DAGs
[2025-02-19T18:46:03.619+0000] {logging_mixin.py:190} INFO - [2025-02-19T18:46:03.619+0000] {dag.py:4180} INFO - Setting next_dagrun for tutorial to 2025-02-18 00:00:00+00:00, run_after=2025-02-19 00:00:00+00:00
[2025-02-19T18:46:03.628+0000] {processor.py:208} INFO - Processing /home/airflow/.local/lib/python3.12/site-packages/airflow/example_dags/tutorial.py took 0.039 seconds
[2025-02-19T18:46:34.129+0000] {processor.py:186} INFO - Started process (PID=4160) to work on /home/airflow/.local/lib/python3.12/site-packages/airflow/example_dags/tutorial.py
[2025-02-19T18:46:34.130+0000] {processor.py:914} INFO - Processing file /home/airflow/.local/lib/python3.12/site-packages/airflow/example_dags/tutorial.py for tasks to queue
[2025-02-19T18:46:34.131+0000] {logging_mixin.py:190} INFO - [2025-02-19T18:46:34.131+0000] {dagbag.py:588} INFO - Filling up the DagBag from /home/airflow/.local/lib/python3.12/site-packages/airflow/example_dags/tutorial.py
[2025-02-19T18:46:34.135+0000] {processor.py:925} INFO - DAG(s) 'tutorial' retrieved from /home/airflow/.local/lib/python3.12/site-packages/airflow/example_dags/tutorial.py
[2025-02-19T18:46:34.143+0000] {logging_mixin.py:190} INFO - [2025-02-19T18:46:34.143+0000] {dag.py:3239} INFO - Sync 1 DAGs
[2025-02-19T18:46:34.152+0000] {logging_mixin.py:190} INFO - [2025-02-19T18:46:34.152+0000] {dag.py:4180} INFO - Setting next_dagrun for tutorial to 2025-02-18 00:00:00+00:00, run_after=2025-02-19 00:00:00+00:00
[2025-02-19T18:46:34.159+0000] {processor.py:208} INFO - Processing /home/airflow/.local/lib/python3.12/site-packages/airflow/example_dags/tutorial.py took 0.033 seconds
[2025-02-19T18:47:04.610+0000] {processor.py:186} INFO - Started process (PID=4458) to work on /home/airflow/.local/lib/python3.12/site-packages/airflow/example_dags/tutorial.py
[2025-02-19T18:47:04.611+0000] {processor.py:914} INFO - Processing file /home/airflow/.local/lib/python3.12/site-packages/airflow/example_dags/tutorial.py for tasks to queue
[2025-02-19T18:47:04.612+0000] {logging_mixin.py:190} INFO - [2025-02-19T18:47:04.611+0000] {dagbag.py:588} INFO - Filling up the DagBag from /home/airflow/.local/lib/python3.12/site-packages/airflow/example_dags/tutorial.py
[2025-02-19T18:47:04.615+0000] {processor.py:925} INFO - DAG(s) 'tutorial' retrieved from /home/airflow/.local/lib/python3.12/site-packages/airflow/example_dags/tutorial.py
[2025-02-19T18:47:04.622+0000] {logging_mixin.py:190} INFO - [2025-02-19T18:47:04.622+0000] {dag.py:3239} INFO - Sync 1 DAGs
[2025-02-19T18:47:04.631+0000] {logging_mixin.py:190} INFO - [2025-02-19T18:47:04.631+0000] {dag.py:4180} INFO - Setting next_dagrun for tutorial to 2025-02-18 00:00:00+00:00, run_after=2025-02-19 00:00:00+00:00
[2025-02-19T18:47:04.637+0000] {processor.py:208} INFO - Processing /home/airflow/.local/lib/python3.12/site-packages/airflow/example_dags/tutorial.py took 0.029 seconds
[2025-02-19T18:47:34.966+0000] {processor.py:186} INFO - Started process (PID=4752) to work on /home/airflow/.local/lib/python3.12/site-packages/airflow/example_dags/tutorial.py
[2025-02-19T18:47:34.970+0000] {processor.py:914} INFO - Processing file /home/airflow/.local/lib/python3.12/site-packages/airflow/example_dags/tutorial.py for tasks to queue
[2025-02-19T18:47:34.971+0000] {logging_mixin.py:190} INFO - [2025-02-19T18:47:34.971+0000] {dagbag.py:588} INFO - Filling up the DagBag from /home/airflow/.local/lib/python3.12/site-packages/airflow/example_dags/tutorial.py
[2025-02-19T18:47:34.976+0000] {processor.py:925} INFO - DAG(s) 'tutorial' retrieved from /home/airflow/.local/lib/python3.12/site-packages/airflow/example_dags/tutorial.py
[2025-02-19T18:47:34.984+0000] {logging_mixin.py:190} INFO - [2025-02-19T18:47:34.984+0000] {dag.py:3239} INFO - Sync 1 DAGs
[2025-02-19T18:47:34.993+0000] {logging_mixin.py:190} INFO - [2025-02-19T18:47:34.993+0000] {dag.py:4180} INFO - Setting next_dagrun for tutorial to 2025-02-18 00:00:00+00:00, run_after=2025-02-19 00:00:00+00:00
[2025-02-19T18:47:35.001+0000] {processor.py:208} INFO - Processing /home/airflow/.local/lib/python3.12/site-packages/airflow/example_dags/tutorial.py took 0.037 seconds
[2025-02-19T18:48:05.286+0000] {processor.py:186} INFO - Started process (PID=5050) to work on /home/airflow/.local/lib/python3.12/site-packages/airflow/example_dags/tutorial.py
[2025-02-19T18:48:05.287+0000] {processor.py:914} INFO - Processing file /home/airflow/.local/lib/python3.12/site-packages/airflow/example_dags/tutorial.py for tasks to queue
[2025-02-19T18:48:05.289+0000] {logging_mixin.py:190} INFO - [2025-02-19T18:48:05.289+0000] {dagbag.py:588} INFO - Filling up the DagBag from /home/airflow/.local/lib/python3.12/site-packages/airflow/example_dags/tutorial.py
[2025-02-19T18:48:05.293+0000] {processor.py:925} INFO - DAG(s) 'tutorial' retrieved from /home/airflow/.local/lib/python3.12/site-packages/airflow/example_dags/tutorial.py
[2025-02-19T18:48:05.302+0000] {logging_mixin.py:190} INFO - [2025-02-19T18:48:05.302+0000] {dag.py:3239} INFO - Sync 1 DAGs
[2025-02-19T18:48:05.311+0000] {logging_mixin.py:190} INFO - [2025-02-19T18:48:05.311+0000] {dag.py:4180} INFO - Setting next_dagrun for tutorial to 2025-02-18 00:00:00+00:00, run_after=2025-02-19 00:00:00+00:00
[2025-02-19T18:48:05.319+0000] {processor.py:208} INFO - Processing /home/airflow/.local/lib/python3.12/site-packages/airflow/example_dags/tutorial.py took 0.035 seconds
[2025-02-19T18:48:35.782+0000] {processor.py:186} INFO - Started process (PID=5344) to work on /home/airflow/.local/lib/python3.12/site-packages/airflow/example_dags/tutorial.py
[2025-02-19T18:48:35.783+0000] {processor.py:914} INFO - Processing file /home/airflow/.local/lib/python3.12/site-packages/airflow/example_dags/tutorial.py for tasks to queue
[2025-02-19T18:48:35.784+0000] {logging_mixin.py:190} INFO - [2025-02-19T18:48:35.784+0000] {dagbag.py:588} INFO - Filling up the DagBag from /home/airflow/.local/lib/python3.12/site-packages/airflow/example_dags/tutorial.py
[2025-02-19T18:48:35.788+0000] {processor.py:925} INFO - DAG(s) 'tutorial' retrieved from /home/airflow/.local/lib/python3.12/site-packages/airflow/example_dags/tutorial.py
[2025-02-19T18:48:35.799+0000] {logging_mixin.py:190} INFO - [2025-02-19T18:48:35.799+0000] {dag.py:3239} INFO - Sync 1 DAGs
[2025-02-19T18:48:35.808+0000] {logging_mixin.py:190} INFO - [2025-02-19T18:48:35.808+0000] {dag.py:4180} INFO - Setting next_dagrun for tutorial to 2025-02-18 00:00:00+00:00, run_after=2025-02-19 00:00:00+00:00
[2025-02-19T18:48:35.819+0000] {processor.py:208} INFO - Processing /home/airflow/.local/lib/python3.12/site-packages/airflow/example_dags/tutorial.py took 0.039 seconds
[2025-02-19T18:49:06.275+0000] {processor.py:186} INFO - Started process (PID=5640) to work on /home/airflow/.local/lib/python3.12/site-packages/airflow/example_dags/tutorial.py
[2025-02-19T18:49:06.275+0000] {processor.py:914} INFO - Processing file /home/airflow/.local/lib/python3.12/site-packages/airflow/example_dags/tutorial.py for tasks to queue
[2025-02-19T18:49:06.276+0000] {logging_mixin.py:190} INFO - [2025-02-19T18:49:06.276+0000] {dagbag.py:588} INFO - Filling up the DagBag from /home/airflow/.local/lib/python3.12/site-packages/airflow/example_dags/tutorial.py
[2025-02-19T18:49:06.281+0000] {processor.py:925} INFO - DAG(s) 'tutorial' retrieved from /home/airflow/.local/lib/python3.12/site-packages/airflow/example_dags/tutorial.py
[2025-02-19T18:49:06.292+0000] {logging_mixin.py:190} INFO - [2025-02-19T18:49:06.291+0000] {dag.py:3239} INFO - Sync 1 DAGs
[2025-02-19T18:49:06.302+0000] {logging_mixin.py:190} INFO - [2025-02-19T18:49:06.302+0000] {dag.py:4180} INFO - Setting next_dagrun for tutorial to 2025-02-18 00:00:00+00:00, run_after=2025-02-19 00:00:00+00:00
[2025-02-19T18:49:06.312+0000] {processor.py:208} INFO - Processing /home/airflow/.local/lib/python3.12/site-packages/airflow/example_dags/tutorial.py took 0.039 seconds
[2025-02-19T18:49:36.943+0000] {processor.py:186} INFO - Started process (PID=5938) to work on /home/airflow/.local/lib/python3.12/site-packages/airflow/example_dags/tutorial.py
[2025-02-19T18:49:36.944+0000] {processor.py:914} INFO - Processing file /home/airflow/.local/lib/python3.12/site-packages/airflow/example_dags/tutorial.py for tasks to queue
[2025-02-19T18:49:36.945+0000] {logging_mixin.py:190} INFO - [2025-02-19T18:49:36.945+0000] {dagbag.py:588} INFO - Filling up the DagBag from /home/airflow/.local/lib/python3.12/site-packages/airflow/example_dags/tutorial.py
[2025-02-19T18:49:36.948+0000] {processor.py:925} INFO - DAG(s) 'tutorial' retrieved from /home/airflow/.local/lib/python3.12/site-packages/airflow/example_dags/tutorial.py
[2025-02-19T18:49:36.961+0000] {logging_mixin.py:190} INFO - [2025-02-19T18:49:36.960+0000] {dag.py:3239} INFO - Sync 1 DAGs
[2025-02-19T18:49:36.975+0000] {logging_mixin.py:190} INFO - [2025-02-19T18:49:36.975+0000] {dag.py:4180} INFO - Setting next_dagrun for tutorial to 2025-02-18 00:00:00+00:00, run_after=2025-02-19 00:00:00+00:00
[2025-02-19T18:49:36.987+0000] {processor.py:208} INFO - Processing /home/airflow/.local/lib/python3.12/site-packages/airflow/example_dags/tutorial.py took 0.047 seconds
[2025-02-19T18:50:07.592+0000] {processor.py:186} INFO - Started process (PID=6232) to work on /home/airflow/.local/lib/python3.12/site-packages/airflow/example_dags/tutorial.py
[2025-02-19T18:50:07.593+0000] {processor.py:914} INFO - Processing file /home/airflow/.local/lib/python3.12/site-packages/airflow/example_dags/tutorial.py for tasks to queue
[2025-02-19T18:50:07.595+0000] {logging_mixin.py:190} INFO - [2025-02-19T18:50:07.595+0000] {dagbag.py:588} INFO - Filling up the DagBag from /home/airflow/.local/lib/python3.12/site-packages/airflow/example_dags/tutorial.py
[2025-02-19T18:50:07.600+0000] {processor.py:925} INFO - DAG(s) 'tutorial' retrieved from /home/airflow/.local/lib/python3.12/site-packages/airflow/example_dags/tutorial.py
[2025-02-19T18:50:07.611+0000] {logging_mixin.py:190} INFO - [2025-02-19T18:50:07.611+0000] {dag.py:3239} INFO - Sync 1 DAGs
[2025-02-19T18:50:07.623+0000] {logging_mixin.py:190} INFO - [2025-02-19T18:50:07.623+0000] {dag.py:4180} INFO - Setting next_dagrun for tutorial to 2025-02-18 00:00:00+00:00, run_after=2025-02-19 00:00:00+00:00
[2025-02-19T18:50:07.630+0000] {processor.py:208} INFO - Processing /home/airflow/.local/lib/python3.12/site-packages/airflow/example_dags/tutorial.py took 0.041 seconds
[2025-02-19T18:50:38.677+0000] {processor.py:186} INFO - Started process (PID=6528) to work on /home/airflow/.local/lib/python3.12/site-packages/airflow/example_dags/tutorial.py
[2025-02-19T18:50:38.680+0000] {processor.py:914} INFO - Processing file /home/airflow/.local/lib/python3.12/site-packages/airflow/example_dags/tutorial.py for tasks to queue
[2025-02-19T18:50:38.682+0000] {logging_mixin.py:190} INFO - [2025-02-19T18:50:38.681+0000] {dagbag.py:588} INFO - Filling up the DagBag from /home/airflow/.local/lib/python3.12/site-packages/airflow/example_dags/tutorial.py
[2025-02-19T18:50:38.686+0000] {processor.py:925} INFO - DAG(s) 'tutorial' retrieved from /home/airflow/.local/lib/python3.12/site-packages/airflow/example_dags/tutorial.py
[2025-02-19T18:50:38.699+0000] {logging_mixin.py:190} INFO - [2025-02-19T18:50:38.699+0000] {dag.py:3239} INFO - Sync 1 DAGs
[2025-02-19T18:50:38.708+0000] {logging_mixin.py:190} INFO - [2025-02-19T18:50:38.708+0000] {dag.py:4180} INFO - Setting next_dagrun for tutorial to 2025-02-18 00:00:00+00:00, run_after=2025-02-19 00:00:00+00:00
[2025-02-19T18:50:38.719+0000] {processor.py:208} INFO - Processing /home/airflow/.local/lib/python3.12/site-packages/airflow/example_dags/tutorial.py took 0.044 seconds
[2025-02-19T18:51:12.116+0000] {processor.py:186} INFO - Started process (PID=306) to work on /home/airflow/.local/lib/python3.12/site-packages/airflow/example_dags/tutorial.py
[2025-02-19T18:51:12.117+0000] {processor.py:914} INFO - Processing file /home/airflow/.local/lib/python3.12/site-packages/airflow/example_dags/tutorial.py for tasks to queue
[2025-02-19T18:51:12.120+0000] {logging_mixin.py:190} INFO - [2025-02-19T18:51:12.119+0000] {dagbag.py:588} INFO - Filling up the DagBag from /home/airflow/.local/lib/python3.12/site-packages/airflow/example_dags/tutorial.py
[2025-02-19T18:51:12.125+0000] {processor.py:925} INFO - DAG(s) 'tutorial' retrieved from /home/airflow/.local/lib/python3.12/site-packages/airflow/example_dags/tutorial.py
[2025-02-19T18:51:12.147+0000] {logging_mixin.py:190} INFO - [2025-02-19T18:51:12.146+0000] {dag.py:3239} INFO - Sync 1 DAGs
[2025-02-19T18:51:12.161+0000] {logging_mixin.py:190} INFO - [2025-02-19T18:51:12.161+0000] {dag.py:4180} INFO - Setting next_dagrun for tutorial to 2025-02-18 00:00:00+00:00, run_after=2025-02-19 00:00:00+00:00
[2025-02-19T18:51:12.183+0000] {processor.py:208} INFO - Processing /home/airflow/.local/lib/python3.12/site-packages/airflow/example_dags/tutorial.py took 0.071 seconds
[2025-02-19T18:51:42.289+0000] {processor.py:186} INFO - Started process (PID=604) to work on /home/airflow/.local/lib/python3.12/site-packages/airflow/example_dags/tutorial.py
[2025-02-19T18:51:42.290+0000] {processor.py:914} INFO - Processing file /home/airflow/.local/lib/python3.12/site-packages/airflow/example_dags/tutorial.py for tasks to queue
[2025-02-19T18:51:42.291+0000] {logging_mixin.py:190} INFO - [2025-02-19T18:51:42.291+0000] {dagbag.py:588} INFO - Filling up the DagBag from /home/airflow/.local/lib/python3.12/site-packages/airflow/example_dags/tutorial.py
[2025-02-19T18:51:42.295+0000] {processor.py:925} INFO - DAG(s) 'tutorial' retrieved from /home/airflow/.local/lib/python3.12/site-packages/airflow/example_dags/tutorial.py
[2025-02-19T18:51:42.304+0000] {logging_mixin.py:190} INFO - [2025-02-19T18:51:42.304+0000] {dag.py:3239} INFO - Sync 1 DAGs
[2025-02-19T18:51:42.313+0000] {logging_mixin.py:190} INFO - [2025-02-19T18:51:42.313+0000] {dag.py:4180} INFO - Setting next_dagrun for tutorial to 2025-02-18 00:00:00+00:00, run_after=2025-02-19 00:00:00+00:00
[2025-02-19T18:51:42.321+0000] {processor.py:208} INFO - Processing /home/airflow/.local/lib/python3.12/site-packages/airflow/example_dags/tutorial.py took 0.034 seconds
[2025-02-19T18:52:13.224+0000] {processor.py:186} INFO - Started process (PID=898) to work on /home/airflow/.local/lib/python3.12/site-packages/airflow/example_dags/tutorial.py
[2025-02-19T18:52:13.225+0000] {processor.py:914} INFO - Processing file /home/airflow/.local/lib/python3.12/site-packages/airflow/example_dags/tutorial.py for tasks to queue
[2025-02-19T18:52:13.226+0000] {logging_mixin.py:190} INFO - [2025-02-19T18:52:13.226+0000] {dagbag.py:588} INFO - Filling up the DagBag from /home/airflow/.local/lib/python3.12/site-packages/airflow/example_dags/tutorial.py
[2025-02-19T18:52:13.229+0000] {processor.py:925} INFO - DAG(s) 'tutorial' retrieved from /home/airflow/.local/lib/python3.12/site-packages/airflow/example_dags/tutorial.py
[2025-02-19T18:52:13.238+0000] {logging_mixin.py:190} INFO - [2025-02-19T18:52:13.238+0000] {dag.py:3239} INFO - Sync 1 DAGs
[2025-02-19T18:52:13.248+0000] {logging_mixin.py:190} INFO - [2025-02-19T18:52:13.248+0000] {dag.py:4180} INFO - Setting next_dagrun for tutorial to 2025-02-18 00:00:00+00:00, run_after=2025-02-19 00:00:00+00:00
[2025-02-19T18:52:13.256+0000] {processor.py:208} INFO - Processing /home/airflow/.local/lib/python3.12/site-packages/airflow/example_dags/tutorial.py took 0.035 seconds
[2025-02-19T18:52:44.012+0000] {processor.py:186} INFO - Started process (PID=1194) to work on /home/airflow/.local/lib/python3.12/site-packages/airflow/example_dags/tutorial.py
[2025-02-19T18:52:44.014+0000] {processor.py:914} INFO - Processing file /home/airflow/.local/lib/python3.12/site-packages/airflow/example_dags/tutorial.py for tasks to queue
[2025-02-19T18:52:44.018+0000] {logging_mixin.py:190} INFO - [2025-02-19T18:52:44.018+0000] {dagbag.py:588} INFO - Filling up the DagBag from /home/airflow/.local/lib/python3.12/site-packages/airflow/example_dags/tutorial.py
[2025-02-19T18:52:44.022+0000] {processor.py:925} INFO - DAG(s) 'tutorial' retrieved from /home/airflow/.local/lib/python3.12/site-packages/airflow/example_dags/tutorial.py
[2025-02-19T18:52:44.032+0000] {logging_mixin.py:190} INFO - [2025-02-19T18:52:44.032+0000] {dag.py:3239} INFO - Sync 1 DAGs
[2025-02-19T18:52:44.042+0000] {logging_mixin.py:190} INFO - [2025-02-19T18:52:44.042+0000] {dag.py:4180} INFO - Setting next_dagrun for tutorial to 2025-02-18 00:00:00+00:00, run_after=2025-02-19 00:00:00+00:00
[2025-02-19T18:52:44.049+0000] {processor.py:208} INFO - Processing /home/airflow/.local/lib/python3.12/site-packages/airflow/example_dags/tutorial.py took 0.040 seconds
[2025-02-19T18:53:14.678+0000] {processor.py:186} INFO - Started process (PID=1490) to work on /home/airflow/.local/lib/python3.12/site-packages/airflow/example_dags/tutorial.py
[2025-02-19T18:53:14.679+0000] {processor.py:914} INFO - Processing file /home/airflow/.local/lib/python3.12/site-packages/airflow/example_dags/tutorial.py for tasks to queue
[2025-02-19T18:53:14.680+0000] {logging_mixin.py:190} INFO - [2025-02-19T18:53:14.680+0000] {dagbag.py:588} INFO - Filling up the DagBag from /home/airflow/.local/lib/python3.12/site-packages/airflow/example_dags/tutorial.py
[2025-02-19T18:53:14.684+0000] {processor.py:925} INFO - DAG(s) 'tutorial' retrieved from /home/airflow/.local/lib/python3.12/site-packages/airflow/example_dags/tutorial.py
[2025-02-19T18:53:14.692+0000] {logging_mixin.py:190} INFO - [2025-02-19T18:53:14.692+0000] {dag.py:3239} INFO - Sync 1 DAGs
[2025-02-19T18:53:14.701+0000] {logging_mixin.py:190} INFO - [2025-02-19T18:53:14.701+0000] {dag.py:4180} INFO - Setting next_dagrun for tutorial to 2025-02-18 00:00:00+00:00, run_after=2025-02-19 00:00:00+00:00
[2025-02-19T18:53:14.711+0000] {processor.py:208} INFO - Processing /home/airflow/.local/lib/python3.12/site-packages/airflow/example_dags/tutorial.py took 0.035 seconds
[2025-02-19T18:53:45.259+0000] {processor.py:186} INFO - Started process (PID=1786) to work on /home/airflow/.local/lib/python3.12/site-packages/airflow/example_dags/tutorial.py
[2025-02-19T18:53:45.260+0000] {processor.py:914} INFO - Processing file /home/airflow/.local/lib/python3.12/site-packages/airflow/example_dags/tutorial.py for tasks to queue
[2025-02-19T18:53:45.261+0000] {logging_mixin.py:190} INFO - [2025-02-19T18:53:45.261+0000] {dagbag.py:588} INFO - Filling up the DagBag from /home/airflow/.local/lib/python3.12/site-packages/airflow/example_dags/tutorial.py
[2025-02-19T18:53:45.266+0000] {processor.py:925} INFO - DAG(s) 'tutorial' retrieved from /home/airflow/.local/lib/python3.12/site-packages/airflow/example_dags/tutorial.py
[2025-02-19T18:53:45.275+0000] {logging_mixin.py:190} INFO - [2025-02-19T18:53:45.275+0000] {dag.py:3239} INFO - Sync 1 DAGs
[2025-02-19T18:53:45.285+0000] {logging_mixin.py:190} INFO - [2025-02-19T18:53:45.284+0000] {dag.py:4180} INFO - Setting next_dagrun for tutorial to 2025-02-18 00:00:00+00:00, run_after=2025-02-19 00:00:00+00:00
[2025-02-19T18:53:45.293+0000] {processor.py:208} INFO - Processing /home/airflow/.local/lib/python3.12/site-packages/airflow/example_dags/tutorial.py took 0.036 seconds
[2025-02-19T18:54:16.068+0000] {processor.py:186} INFO - Started process (PID=2088) to work on /home/airflow/.local/lib/python3.12/site-packages/airflow/example_dags/tutorial.py
[2025-02-19T18:54:16.070+0000] {processor.py:914} INFO - Processing file /home/airflow/.local/lib/python3.12/site-packages/airflow/example_dags/tutorial.py for tasks to queue
[2025-02-19T18:54:16.071+0000] {logging_mixin.py:190} INFO - [2025-02-19T18:54:16.071+0000] {dagbag.py:588} INFO - Filling up the DagBag from /home/airflow/.local/lib/python3.12/site-packages/airflow/example_dags/tutorial.py
[2025-02-19T18:54:16.075+0000] {processor.py:925} INFO - DAG(s) 'tutorial' retrieved from /home/airflow/.local/lib/python3.12/site-packages/airflow/example_dags/tutorial.py
[2025-02-19T18:54:16.086+0000] {logging_mixin.py:190} INFO - [2025-02-19T18:54:16.086+0000] {dag.py:3239} INFO - Sync 1 DAGs
[2025-02-19T18:54:16.097+0000] {logging_mixin.py:190} INFO - [2025-02-19T18:54:16.097+0000] {dag.py:4180} INFO - Setting next_dagrun for tutorial to 2025-02-18 00:00:00+00:00, run_after=2025-02-19 00:00:00+00:00
[2025-02-19T18:54:16.108+0000] {processor.py:208} INFO - Processing /home/airflow/.local/lib/python3.12/site-packages/airflow/example_dags/tutorial.py took 0.043 seconds
[2025-02-19T18:54:46.639+0000] {processor.py:186} INFO - Started process (PID=2386) to work on /home/airflow/.local/lib/python3.12/site-packages/airflow/example_dags/tutorial.py
[2025-02-19T18:54:46.640+0000] {processor.py:914} INFO - Processing file /home/airflow/.local/lib/python3.12/site-packages/airflow/example_dags/tutorial.py for tasks to queue
[2025-02-19T18:54:46.641+0000] {logging_mixin.py:190} INFO - [2025-02-19T18:54:46.640+0000] {dagbag.py:588} INFO - Filling up the DagBag from /home/airflow/.local/lib/python3.12/site-packages/airflow/example_dags/tutorial.py
[2025-02-19T18:54:46.644+0000] {processor.py:925} INFO - DAG(s) 'tutorial' retrieved from /home/airflow/.local/lib/python3.12/site-packages/airflow/example_dags/tutorial.py
[2025-02-19T18:54:46.652+0000] {logging_mixin.py:190} INFO - [2025-02-19T18:54:46.652+0000] {dag.py:3239} INFO - Sync 1 DAGs
[2025-02-19T18:54:46.662+0000] {logging_mixin.py:190} INFO - [2025-02-19T18:54:46.662+0000] {dag.py:4180} INFO - Setting next_dagrun for tutorial to 2025-02-18 00:00:00+00:00, run_after=2025-02-19 00:00:00+00:00
[2025-02-19T18:54:46.670+0000] {processor.py:208} INFO - Processing /home/airflow/.local/lib/python3.12/site-packages/airflow/example_dags/tutorial.py took 0.034 seconds
[2025-02-19T18:55:17.210+0000] {processor.py:186} INFO - Started process (PID=2680) to work on /home/airflow/.local/lib/python3.12/site-packages/airflow/example_dags/tutorial.py
[2025-02-19T18:55:17.211+0000] {processor.py:914} INFO - Processing file /home/airflow/.local/lib/python3.12/site-packages/airflow/example_dags/tutorial.py for tasks to queue
[2025-02-19T18:55:17.212+0000] {logging_mixin.py:190} INFO - [2025-02-19T18:55:17.212+0000] {dagbag.py:588} INFO - Filling up the DagBag from /home/airflow/.local/lib/python3.12/site-packages/airflow/example_dags/tutorial.py
[2025-02-19T18:55:17.216+0000] {processor.py:925} INFO - DAG(s) 'tutorial' retrieved from /home/airflow/.local/lib/python3.12/site-packages/airflow/example_dags/tutorial.py
[2025-02-19T18:55:17.226+0000] {logging_mixin.py:190} INFO - [2025-02-19T18:55:17.226+0000] {dag.py:3239} INFO - Sync 1 DAGs
[2025-02-19T18:55:17.237+0000] {logging_mixin.py:190} INFO - [2025-02-19T18:55:17.237+0000] {dag.py:4180} INFO - Setting next_dagrun for tutorial to 2025-02-18 00:00:00+00:00, run_after=2025-02-19 00:00:00+00:00
[2025-02-19T18:55:17.243+0000] {processor.py:208} INFO - Processing /home/airflow/.local/lib/python3.12/site-packages/airflow/example_dags/tutorial.py took 0.036 seconds
[2025-02-19T18:55:47.832+0000] {processor.py:186} INFO - Started process (PID=2988) to work on /home/airflow/.local/lib/python3.12/site-packages/airflow/example_dags/tutorial.py
[2025-02-19T18:55:47.832+0000] {processor.py:914} INFO - Processing file /home/airflow/.local/lib/python3.12/site-packages/airflow/example_dags/tutorial.py for tasks to queue
[2025-02-19T18:55:47.833+0000] {logging_mixin.py:190} INFO - [2025-02-19T18:55:47.833+0000] {dagbag.py:588} INFO - Filling up the DagBag from /home/airflow/.local/lib/python3.12/site-packages/airflow/example_dags/tutorial.py
[2025-02-19T18:55:47.837+0000] {processor.py:925} INFO - DAG(s) 'tutorial' retrieved from /home/airflow/.local/lib/python3.12/site-packages/airflow/example_dags/tutorial.py
[2025-02-19T18:55:47.848+0000] {logging_mixin.py:190} INFO - [2025-02-19T18:55:47.848+0000] {dag.py:3239} INFO - Sync 1 DAGs
[2025-02-19T18:55:47.859+0000] {logging_mixin.py:190} INFO - [2025-02-19T18:55:47.859+0000] {dag.py:4180} INFO - Setting next_dagrun for tutorial to 2025-02-18 00:00:00+00:00, run_after=2025-02-19 00:00:00+00:00
[2025-02-19T18:55:47.868+0000] {processor.py:208} INFO - Processing /home/airflow/.local/lib/python3.12/site-packages/airflow/example_dags/tutorial.py took 0.040 seconds
[2025-02-19T18:56:18.966+0000] {processor.py:186} INFO - Started process (PID=3293) to work on /home/airflow/.local/lib/python3.12/site-packages/airflow/example_dags/tutorial.py
[2025-02-19T18:56:18.968+0000] {processor.py:914} INFO - Processing file /home/airflow/.local/lib/python3.12/site-packages/airflow/example_dags/tutorial.py for tasks to queue
[2025-02-19T18:56:18.969+0000] {logging_mixin.py:190} INFO - [2025-02-19T18:56:18.969+0000] {dagbag.py:588} INFO - Filling up the DagBag from /home/airflow/.local/lib/python3.12/site-packages/airflow/example_dags/tutorial.py
[2025-02-19T18:56:18.972+0000] {processor.py:925} INFO - DAG(s) 'tutorial' retrieved from /home/airflow/.local/lib/python3.12/site-packages/airflow/example_dags/tutorial.py
[2025-02-19T18:56:18.981+0000] {logging_mixin.py:190} INFO - [2025-02-19T18:56:18.980+0000] {dag.py:3239} INFO - Sync 1 DAGs
[2025-02-19T18:56:18.991+0000] {logging_mixin.py:190} INFO - [2025-02-19T18:56:18.991+0000] {dag.py:4180} INFO - Setting next_dagrun for tutorial to 2025-02-18 00:00:00+00:00, run_after=2025-02-19 00:00:00+00:00
[2025-02-19T18:56:19.002+0000] {processor.py:208} INFO - Processing /home/airflow/.local/lib/python3.12/site-packages/airflow/example_dags/tutorial.py took 0.039 seconds
[2025-02-19T18:56:49.688+0000] {processor.py:186} INFO - Started process (PID=3589) to work on /home/airflow/.local/lib/python3.12/site-packages/airflow/example_dags/tutorial.py
[2025-02-19T18:56:49.689+0000] {processor.py:914} INFO - Processing file /home/airflow/.local/lib/python3.12/site-packages/airflow/example_dags/tutorial.py for tasks to queue
[2025-02-19T18:56:49.690+0000] {logging_mixin.py:190} INFO - [2025-02-19T18:56:49.690+0000] {dagbag.py:588} INFO - Filling up the DagBag from /home/airflow/.local/lib/python3.12/site-packages/airflow/example_dags/tutorial.py
[2025-02-19T18:56:49.694+0000] {processor.py:925} INFO - DAG(s) 'tutorial' retrieved from /home/airflow/.local/lib/python3.12/site-packages/airflow/example_dags/tutorial.py
[2025-02-19T18:56:49.702+0000] {logging_mixin.py:190} INFO - [2025-02-19T18:56:49.701+0000] {dag.py:3239} INFO - Sync 1 DAGs
[2025-02-19T18:56:49.711+0000] {logging_mixin.py:190} INFO - [2025-02-19T18:56:49.711+0000] {dag.py:4180} INFO - Setting next_dagrun for tutorial to 2025-02-18 00:00:00+00:00, run_after=2025-02-19 00:00:00+00:00
[2025-02-19T18:56:49.720+0000] {processor.py:208} INFO - Processing /home/airflow/.local/lib/python3.12/site-packages/airflow/example_dags/tutorial.py took 0.035 seconds
[2025-02-19T18:57:20.210+0000] {processor.py:186} INFO - Started process (PID=3894) to work on /home/airflow/.local/lib/python3.12/site-packages/airflow/example_dags/tutorial.py
[2025-02-19T18:57:20.213+0000] {processor.py:914} INFO - Processing file /home/airflow/.local/lib/python3.12/site-packages/airflow/example_dags/tutorial.py for tasks to queue
[2025-02-19T18:57:20.214+0000] {logging_mixin.py:190} INFO - [2025-02-19T18:57:20.214+0000] {dagbag.py:588} INFO - Filling up the DagBag from /home/airflow/.local/lib/python3.12/site-packages/airflow/example_dags/tutorial.py
[2025-02-19T18:57:20.218+0000] {processor.py:925} INFO - DAG(s) 'tutorial' retrieved from /home/airflow/.local/lib/python3.12/site-packages/airflow/example_dags/tutorial.py
[2025-02-19T18:57:20.226+0000] {logging_mixin.py:190} INFO - [2025-02-19T18:57:20.226+0000] {dag.py:3239} INFO - Sync 1 DAGs
[2025-02-19T18:57:20.237+0000] {logging_mixin.py:190} INFO - [2025-02-19T18:57:20.236+0000] {dag.py:4180} INFO - Setting next_dagrun for tutorial to 2025-02-18 00:00:00+00:00, run_after=2025-02-19 00:00:00+00:00
[2025-02-19T18:57:20.245+0000] {processor.py:208} INFO - Processing /home/airflow/.local/lib/python3.12/site-packages/airflow/example_dags/tutorial.py took 0.037 seconds
[2025-02-19T18:57:50.627+0000] {processor.py:186} INFO - Started process (PID=4190) to work on /home/airflow/.local/lib/python3.12/site-packages/airflow/example_dags/tutorial.py
[2025-02-19T18:57:50.630+0000] {processor.py:914} INFO - Processing file /home/airflow/.local/lib/python3.12/site-packages/airflow/example_dags/tutorial.py for tasks to queue
[2025-02-19T18:57:50.631+0000] {logging_mixin.py:190} INFO - [2025-02-19T18:57:50.631+0000] {dagbag.py:588} INFO - Filling up the DagBag from /home/airflow/.local/lib/python3.12/site-packages/airflow/example_dags/tutorial.py
[2025-02-19T18:57:50.636+0000] {processor.py:925} INFO - DAG(s) 'tutorial' retrieved from /home/airflow/.local/lib/python3.12/site-packages/airflow/example_dags/tutorial.py
[2025-02-19T18:57:50.651+0000] {logging_mixin.py:190} INFO - [2025-02-19T18:57:50.650+0000] {dag.py:3239} INFO - Sync 1 DAGs
[2025-02-19T18:57:50.660+0000] {logging_mixin.py:190} INFO - [2025-02-19T18:57:50.660+0000] {dag.py:4180} INFO - Setting next_dagrun for tutorial to 2025-02-18 00:00:00+00:00, run_after=2025-02-19 00:00:00+00:00
[2025-02-19T18:57:50.666+0000] {processor.py:208} INFO - Processing /home/airflow/.local/lib/python3.12/site-packages/airflow/example_dags/tutorial.py took 0.042 seconds
[2025-02-19T18:58:21.380+0000] {processor.py:186} INFO - Started process (PID=4495) to work on /home/airflow/.local/lib/python3.12/site-packages/airflow/example_dags/tutorial.py
[2025-02-19T18:58:21.383+0000] {processor.py:914} INFO - Processing file /home/airflow/.local/lib/python3.12/site-packages/airflow/example_dags/tutorial.py for tasks to queue
[2025-02-19T18:58:21.385+0000] {logging_mixin.py:190} INFO - [2025-02-19T18:58:21.384+0000] {dagbag.py:588} INFO - Filling up the DagBag from /home/airflow/.local/lib/python3.12/site-packages/airflow/example_dags/tutorial.py
[2025-02-19T18:58:21.389+0000] {processor.py:925} INFO - DAG(s) 'tutorial' retrieved from /home/airflow/.local/lib/python3.12/site-packages/airflow/example_dags/tutorial.py
[2025-02-19T18:58:21.401+0000] {logging_mixin.py:190} INFO - [2025-02-19T18:58:21.401+0000] {dag.py:3239} INFO - Sync 1 DAGs
[2025-02-19T18:58:21.412+0000] {logging_mixin.py:190} INFO - [2025-02-19T18:58:21.412+0000] {dag.py:4180} INFO - Setting next_dagrun for tutorial to 2025-02-18 00:00:00+00:00, run_after=2025-02-19 00:00:00+00:00
[2025-02-19T18:58:21.423+0000] {processor.py:208} INFO - Processing /home/airflow/.local/lib/python3.12/site-packages/airflow/example_dags/tutorial.py took 0.045 seconds
[2025-02-19T18:58:51.905+0000] {processor.py:186} INFO - Started process (PID=4791) to work on /home/airflow/.local/lib/python3.12/site-packages/airflow/example_dags/tutorial.py
[2025-02-19T18:58:51.905+0000] {processor.py:914} INFO - Processing file /home/airflow/.local/lib/python3.12/site-packages/airflow/example_dags/tutorial.py for tasks to queue
[2025-02-19T18:58:51.906+0000] {logging_mixin.py:190} INFO - [2025-02-19T18:58:51.906+0000] {dagbag.py:588} INFO - Filling up the DagBag from /home/airflow/.local/lib/python3.12/site-packages/airflow/example_dags/tutorial.py
[2025-02-19T18:58:51.910+0000] {processor.py:925} INFO - DAG(s) 'tutorial' retrieved from /home/airflow/.local/lib/python3.12/site-packages/airflow/example_dags/tutorial.py
[2025-02-19T18:58:51.918+0000] {logging_mixin.py:190} INFO - [2025-02-19T18:58:51.918+0000] {dag.py:3239} INFO - Sync 1 DAGs
[2025-02-19T18:58:51.927+0000] {logging_mixin.py:190} INFO - [2025-02-19T18:58:51.927+0000] {dag.py:4180} INFO - Setting next_dagrun for tutorial to 2025-02-18 00:00:00+00:00, run_after=2025-02-19 00:00:00+00:00
[2025-02-19T18:58:51.933+0000] {processor.py:208} INFO - Processing /home/airflow/.local/lib/python3.12/site-packages/airflow/example_dags/tutorial.py took 0.031 seconds
[2025-02-19T18:59:22.534+0000] {processor.py:186} INFO - Started process (PID=5098) to work on /home/airflow/.local/lib/python3.12/site-packages/airflow/example_dags/tutorial.py
[2025-02-19T18:59:22.535+0000] {processor.py:914} INFO - Processing file /home/airflow/.local/lib/python3.12/site-packages/airflow/example_dags/tutorial.py for tasks to queue
[2025-02-19T18:59:22.537+0000] {logging_mixin.py:190} INFO - [2025-02-19T18:59:22.537+0000] {dagbag.py:588} INFO - Filling up the DagBag from /home/airflow/.local/lib/python3.12/site-packages/airflow/example_dags/tutorial.py
[2025-02-19T18:59:22.542+0000] {processor.py:925} INFO - DAG(s) 'tutorial' retrieved from /home/airflow/.local/lib/python3.12/site-packages/airflow/example_dags/tutorial.py
[2025-02-19T18:59:22.551+0000] {logging_mixin.py:190} INFO - [2025-02-19T18:59:22.551+0000] {dag.py:3239} INFO - Sync 1 DAGs
[2025-02-19T18:59:22.560+0000] {logging_mixin.py:190} INFO - [2025-02-19T18:59:22.560+0000] {dag.py:4180} INFO - Setting next_dagrun for tutorial to 2025-02-18 00:00:00+00:00, run_after=2025-02-19 00:00:00+00:00
[2025-02-19T18:59:22.566+0000] {processor.py:208} INFO - Processing /home/airflow/.local/lib/python3.12/site-packages/airflow/example_dags/tutorial.py took 0.035 seconds
[2025-02-19T18:59:53.542+0000] {processor.py:186} INFO - Started process (PID=5392) to work on /home/airflow/.local/lib/python3.12/site-packages/airflow/example_dags/tutorial.py
[2025-02-19T18:59:53.546+0000] {processor.py:914} INFO - Processing file /home/airflow/.local/lib/python3.12/site-packages/airflow/example_dags/tutorial.py for tasks to queue
[2025-02-19T18:59:53.548+0000] {logging_mixin.py:190} INFO - [2025-02-19T18:59:53.548+0000] {dagbag.py:588} INFO - Filling up the DagBag from /home/airflow/.local/lib/python3.12/site-packages/airflow/example_dags/tutorial.py
[2025-02-19T18:59:53.553+0000] {processor.py:925} INFO - DAG(s) 'tutorial' retrieved from /home/airflow/.local/lib/python3.12/site-packages/airflow/example_dags/tutorial.py
[2025-02-19T18:59:53.564+0000] {logging_mixin.py:190} INFO - [2025-02-19T18:59:53.564+0000] {dag.py:3239} INFO - Sync 1 DAGs
[2025-02-19T18:59:53.579+0000] {logging_mixin.py:190} INFO - [2025-02-19T18:59:53.579+0000] {dag.py:4180} INFO - Setting next_dagrun for tutorial to 2025-02-18 00:00:00+00:00, run_after=2025-02-19 00:00:00+00:00
[2025-02-19T18:59:53.587+0000] {processor.py:208} INFO - Processing /home/airflow/.local/lib/python3.12/site-packages/airflow/example_dags/tutorial.py took 0.049 seconds
[2025-02-19T19:00:23.677+0000] {processor.py:186} INFO - Started process (PID=5694) to work on /home/airflow/.local/lib/python3.12/site-packages/airflow/example_dags/tutorial.py
[2025-02-19T19:00:23.678+0000] {processor.py:914} INFO - Processing file /home/airflow/.local/lib/python3.12/site-packages/airflow/example_dags/tutorial.py for tasks to queue
[2025-02-19T19:00:23.679+0000] {logging_mixin.py:190} INFO - [2025-02-19T19:00:23.679+0000] {dagbag.py:588} INFO - Filling up the DagBag from /home/airflow/.local/lib/python3.12/site-packages/airflow/example_dags/tutorial.py
[2025-02-19T19:00:23.686+0000] {processor.py:925} INFO - DAG(s) 'tutorial' retrieved from /home/airflow/.local/lib/python3.12/site-packages/airflow/example_dags/tutorial.py
[2025-02-19T19:00:23.702+0000] {logging_mixin.py:190} INFO - [2025-02-19T19:00:23.702+0000] {dag.py:3239} INFO - Sync 1 DAGs
[2025-02-19T19:00:23.713+0000] {logging_mixin.py:190} INFO - [2025-02-19T19:00:23.713+0000] {dag.py:4180} INFO - Setting next_dagrun for tutorial to 2025-02-18 00:00:00+00:00, run_after=2025-02-19 00:00:00+00:00
[2025-02-19T19:00:23.720+0000] {processor.py:208} INFO - Processing /home/airflow/.local/lib/python3.12/site-packages/airflow/example_dags/tutorial.py took 0.046 seconds
[2025-02-19T19:00:54.280+0000] {processor.py:186} INFO - Started process (PID=5991) to work on /home/airflow/.local/lib/python3.12/site-packages/airflow/example_dags/tutorial.py
[2025-02-19T19:00:54.281+0000] {processor.py:914} INFO - Processing file /home/airflow/.local/lib/python3.12/site-packages/airflow/example_dags/tutorial.py for tasks to queue
[2025-02-19T19:00:54.282+0000] {logging_mixin.py:190} INFO - [2025-02-19T19:00:54.282+0000] {dagbag.py:588} INFO - Filling up the DagBag from /home/airflow/.local/lib/python3.12/site-packages/airflow/example_dags/tutorial.py
[2025-02-19T19:00:54.287+0000] {processor.py:925} INFO - DAG(s) 'tutorial' retrieved from /home/airflow/.local/lib/python3.12/site-packages/airflow/example_dags/tutorial.py
[2025-02-19T19:00:54.302+0000] {logging_mixin.py:190} INFO - [2025-02-19T19:00:54.302+0000] {dag.py:3239} INFO - Sync 1 DAGs
[2025-02-19T19:00:54.311+0000] {logging_mixin.py:190} INFO - [2025-02-19T19:00:54.311+0000] {dag.py:4180} INFO - Setting next_dagrun for tutorial to 2025-02-18 00:00:00+00:00, run_after=2025-02-19 00:00:00+00:00
[2025-02-19T19:00:54.321+0000] {processor.py:208} INFO - Processing /home/airflow/.local/lib/python3.12/site-packages/airflow/example_dags/tutorial.py took 0.043 seconds
[2025-02-19T19:01:24.903+0000] {processor.py:186} INFO - Started process (PID=6297) to work on /home/airflow/.local/lib/python3.12/site-packages/airflow/example_dags/tutorial.py
[2025-02-19T19:01:24.905+0000] {processor.py:914} INFO - Processing file /home/airflow/.local/lib/python3.12/site-packages/airflow/example_dags/tutorial.py for tasks to queue
[2025-02-19T19:01:24.907+0000] {logging_mixin.py:190} INFO - [2025-02-19T19:01:24.906+0000] {dagbag.py:588} INFO - Filling up the DagBag from /home/airflow/.local/lib/python3.12/site-packages/airflow/example_dags/tutorial.py
[2025-02-19T19:01:24.913+0000] {processor.py:925} INFO - DAG(s) 'tutorial' retrieved from /home/airflow/.local/lib/python3.12/site-packages/airflow/example_dags/tutorial.py
[2025-02-19T19:01:24.923+0000] {logging_mixin.py:190} INFO - [2025-02-19T19:01:24.923+0000] {dag.py:3239} INFO - Sync 1 DAGs
[2025-02-19T19:01:24.935+0000] {logging_mixin.py:190} INFO - [2025-02-19T19:01:24.935+0000] {dag.py:4180} INFO - Setting next_dagrun for tutorial to 2025-02-18 00:00:00+00:00, run_after=2025-02-19 00:00:00+00:00
[2025-02-19T19:01:24.942+0000] {processor.py:208} INFO - Processing /home/airflow/.local/lib/python3.12/site-packages/airflow/example_dags/tutorial.py took 0.041 seconds
[2025-02-19T19:01:55.448+0000] {processor.py:186} INFO - Started process (PID=6610) to work on /home/airflow/.local/lib/python3.12/site-packages/airflow/example_dags/tutorial.py
[2025-02-19T19:01:55.449+0000] {processor.py:914} INFO - Processing file /home/airflow/.local/lib/python3.12/site-packages/airflow/example_dags/tutorial.py for tasks to queue
[2025-02-19T19:01:55.449+0000] {logging_mixin.py:190} INFO - [2025-02-19T19:01:55.449+0000] {dagbag.py:588} INFO - Filling up the DagBag from /home/airflow/.local/lib/python3.12/site-packages/airflow/example_dags/tutorial.py
[2025-02-19T19:01:55.456+0000] {processor.py:925} INFO - DAG(s) 'tutorial' retrieved from /home/airflow/.local/lib/python3.12/site-packages/airflow/example_dags/tutorial.py
[2025-02-19T19:01:55.466+0000] {logging_mixin.py:190} INFO - [2025-02-19T19:01:55.466+0000] {dag.py:3239} INFO - Sync 1 DAGs
[2025-02-19T19:01:55.476+0000] {logging_mixin.py:190} INFO - [2025-02-19T19:01:55.476+0000] {dag.py:4180} INFO - Setting next_dagrun for tutorial to 2025-02-18 00:00:00+00:00, run_after=2025-02-19 00:00:00+00:00
[2025-02-19T19:01:55.486+0000] {processor.py:208} INFO - Processing /home/airflow/.local/lib/python3.12/site-packages/airflow/example_dags/tutorial.py took 0.041 seconds
[2025-02-19T19:02:26.077+0000] {processor.py:186} INFO - Started process (PID=6915) to work on /home/airflow/.local/lib/python3.12/site-packages/airflow/example_dags/tutorial.py
[2025-02-19T19:02:26.077+0000] {processor.py:914} INFO - Processing file /home/airflow/.local/lib/python3.12/site-packages/airflow/example_dags/tutorial.py for tasks to queue
[2025-02-19T19:02:26.078+0000] {logging_mixin.py:190} INFO - [2025-02-19T19:02:26.078+0000] {dagbag.py:588} INFO - Filling up the DagBag from /home/airflow/.local/lib/python3.12/site-packages/airflow/example_dags/tutorial.py
[2025-02-19T19:02:26.084+0000] {processor.py:925} INFO - DAG(s) 'tutorial' retrieved from /home/airflow/.local/lib/python3.12/site-packages/airflow/example_dags/tutorial.py
[2025-02-19T19:02:26.098+0000] {logging_mixin.py:190} INFO - [2025-02-19T19:02:26.098+0000] {dag.py:3239} INFO - Sync 1 DAGs
[2025-02-19T19:02:26.110+0000] {logging_mixin.py:190} INFO - [2025-02-19T19:02:26.109+0000] {dag.py:4180} INFO - Setting next_dagrun for tutorial to 2025-02-18 00:00:00+00:00, run_after=2025-02-19 00:00:00+00:00
[2025-02-19T19:02:26.119+0000] {processor.py:208} INFO - Processing /home/airflow/.local/lib/python3.12/site-packages/airflow/example_dags/tutorial.py took 0.045 seconds
[2025-02-19T19:02:56.806+0000] {processor.py:186} INFO - Started process (PID=7213) to work on /home/airflow/.local/lib/python3.12/site-packages/airflow/example_dags/tutorial.py
[2025-02-19T19:02:56.806+0000] {processor.py:914} INFO - Processing file /home/airflow/.local/lib/python3.12/site-packages/airflow/example_dags/tutorial.py for tasks to queue
[2025-02-19T19:02:56.807+0000] {logging_mixin.py:190} INFO - [2025-02-19T19:02:56.806+0000] {dagbag.py:588} INFO - Filling up the DagBag from /home/airflow/.local/lib/python3.12/site-packages/airflow/example_dags/tutorial.py
[2025-02-19T19:02:56.810+0000] {processor.py:925} INFO - DAG(s) 'tutorial' retrieved from /home/airflow/.local/lib/python3.12/site-packages/airflow/example_dags/tutorial.py
[2025-02-19T19:02:56.818+0000] {logging_mixin.py:190} INFO - [2025-02-19T19:02:56.818+0000] {dag.py:3239} INFO - Sync 1 DAGs
[2025-02-19T19:02:56.826+0000] {logging_mixin.py:190} INFO - [2025-02-19T19:02:56.826+0000] {dag.py:4180} INFO - Setting next_dagrun for tutorial to 2025-02-18 00:00:00+00:00, run_after=2025-02-19 00:00:00+00:00
[2025-02-19T19:02:56.832+0000] {processor.py:208} INFO - Processing /home/airflow/.local/lib/python3.12/site-packages/airflow/example_dags/tutorial.py took 0.030 seconds
[2025-02-19T19:03:27.564+0000] {processor.py:186} INFO - Started process (PID=7516) to work on /home/airflow/.local/lib/python3.12/site-packages/airflow/example_dags/tutorial.py
[2025-02-19T19:03:27.565+0000] {processor.py:914} INFO - Processing file /home/airflow/.local/lib/python3.12/site-packages/airflow/example_dags/tutorial.py for tasks to queue
[2025-02-19T19:03:27.565+0000] {logging_mixin.py:190} INFO - [2025-02-19T19:03:27.565+0000] {dagbag.py:588} INFO - Filling up the DagBag from /home/airflow/.local/lib/python3.12/site-packages/airflow/example_dags/tutorial.py
[2025-02-19T19:03:27.569+0000] {processor.py:925} INFO - DAG(s) 'tutorial' retrieved from /home/airflow/.local/lib/python3.12/site-packages/airflow/example_dags/tutorial.py
[2025-02-19T19:03:27.580+0000] {logging_mixin.py:190} INFO - [2025-02-19T19:03:27.580+0000] {dag.py:3239} INFO - Sync 1 DAGs
[2025-02-19T19:03:27.589+0000] {logging_mixin.py:190} INFO - [2025-02-19T19:03:27.589+0000] {dag.py:4180} INFO - Setting next_dagrun for tutorial to 2025-02-18 00:00:00+00:00, run_after=2025-02-19 00:00:00+00:00
[2025-02-19T19:03:27.599+0000] {processor.py:208} INFO - Processing /home/airflow/.local/lib/python3.12/site-packages/airflow/example_dags/tutorial.py took 0.038 seconds
[2025-02-19T19:03:57.789+0000] {processor.py:186} INFO - Started process (PID=7817) to work on /home/airflow/.local/lib/python3.12/site-packages/airflow/example_dags/tutorial.py
[2025-02-19T19:03:57.790+0000] {processor.py:914} INFO - Processing file /home/airflow/.local/lib/python3.12/site-packages/airflow/example_dags/tutorial.py for tasks to queue
[2025-02-19T19:03:57.792+0000] {logging_mixin.py:190} INFO - [2025-02-19T19:03:57.792+0000] {dagbag.py:588} INFO - Filling up the DagBag from /home/airflow/.local/lib/python3.12/site-packages/airflow/example_dags/tutorial.py
[2025-02-19T19:03:57.796+0000] {processor.py:925} INFO - DAG(s) 'tutorial' retrieved from /home/airflow/.local/lib/python3.12/site-packages/airflow/example_dags/tutorial.py
[2025-02-19T19:03:57.807+0000] {logging_mixin.py:190} INFO - [2025-02-19T19:03:57.807+0000] {dag.py:3239} INFO - Sync 1 DAGs
[2025-02-19T19:03:57.816+0000] {logging_mixin.py:190} INFO - [2025-02-19T19:03:57.816+0000] {dag.py:4180} INFO - Setting next_dagrun for tutorial to 2025-02-18 00:00:00+00:00, run_after=2025-02-19 00:00:00+00:00
[2025-02-19T19:03:57.827+0000] {processor.py:208} INFO - Processing /home/airflow/.local/lib/python3.12/site-packages/airflow/example_dags/tutorial.py took 0.041 seconds
[2025-02-19T19:04:28.045+0000] {processor.py:186} INFO - Started process (PID=8121) to work on /home/airflow/.local/lib/python3.12/site-packages/airflow/example_dags/tutorial.py
[2025-02-19T19:04:28.045+0000] {processor.py:914} INFO - Processing file /home/airflow/.local/lib/python3.12/site-packages/airflow/example_dags/tutorial.py for tasks to queue
[2025-02-19T19:04:28.046+0000] {logging_mixin.py:190} INFO - [2025-02-19T19:04:28.046+0000] {dagbag.py:588} INFO - Filling up the DagBag from /home/airflow/.local/lib/python3.12/site-packages/airflow/example_dags/tutorial.py
[2025-02-19T19:04:28.050+0000] {processor.py:925} INFO - DAG(s) 'tutorial' retrieved from /home/airflow/.local/lib/python3.12/site-packages/airflow/example_dags/tutorial.py
[2025-02-19T19:04:28.060+0000] {logging_mixin.py:190} INFO - [2025-02-19T19:04:28.060+0000] {dag.py:3239} INFO - Sync 1 DAGs
[2025-02-19T19:04:28.072+0000] {logging_mixin.py:190} INFO - [2025-02-19T19:04:28.072+0000] {dag.py:4180} INFO - Setting next_dagrun for tutorial to 2025-02-18 00:00:00+00:00, run_after=2025-02-19 00:00:00+00:00
[2025-02-19T19:04:28.082+0000] {processor.py:208} INFO - Processing /home/airflow/.local/lib/python3.12/site-packages/airflow/example_dags/tutorial.py took 0.040 seconds
[2025-02-19T19:04:58.120+0000] {processor.py:186} INFO - Started process (PID=8435) to work on /home/airflow/.local/lib/python3.12/site-packages/airflow/example_dags/tutorial.py
[2025-02-19T19:04:58.120+0000] {processor.py:914} INFO - Processing file /home/airflow/.local/lib/python3.12/site-packages/airflow/example_dags/tutorial.py for tasks to queue
[2025-02-19T19:04:58.121+0000] {logging_mixin.py:190} INFO - [2025-02-19T19:04:58.120+0000] {dagbag.py:588} INFO - Filling up the DagBag from /home/airflow/.local/lib/python3.12/site-packages/airflow/example_dags/tutorial.py
[2025-02-19T19:04:58.124+0000] {processor.py:925} INFO - DAG(s) 'tutorial' retrieved from /home/airflow/.local/lib/python3.12/site-packages/airflow/example_dags/tutorial.py
[2025-02-19T19:04:58.138+0000] {logging_mixin.py:190} INFO - [2025-02-19T19:04:58.138+0000] {dag.py:3239} INFO - Sync 1 DAGs
[2025-02-19T19:04:58.147+0000] {logging_mixin.py:190} INFO - [2025-02-19T19:04:58.147+0000] {dag.py:4180} INFO - Setting next_dagrun for tutorial to 2025-02-18 00:00:00+00:00, run_after=2025-02-19 00:00:00+00:00
[2025-02-19T19:04:58.155+0000] {processor.py:208} INFO - Processing /home/airflow/.local/lib/python3.12/site-packages/airflow/example_dags/tutorial.py took 0.037 seconds
[2025-02-19T19:05:28.981+0000] {processor.py:186} INFO - Started process (PID=8731) to work on /home/airflow/.local/lib/python3.12/site-packages/airflow/example_dags/tutorial.py
[2025-02-19T19:05:28.982+0000] {processor.py:914} INFO - Processing file /home/airflow/.local/lib/python3.12/site-packages/airflow/example_dags/tutorial.py for tasks to queue
[2025-02-19T19:05:28.983+0000] {logging_mixin.py:190} INFO - [2025-02-19T19:05:28.983+0000] {dagbag.py:588} INFO - Filling up the DagBag from /home/airflow/.local/lib/python3.12/site-packages/airflow/example_dags/tutorial.py
[2025-02-19T19:05:28.987+0000] {processor.py:925} INFO - DAG(s) 'tutorial' retrieved from /home/airflow/.local/lib/python3.12/site-packages/airflow/example_dags/tutorial.py
[2025-02-19T19:05:28.997+0000] {logging_mixin.py:190} INFO - [2025-02-19T19:05:28.996+0000] {dag.py:3239} INFO - Sync 1 DAGs
[2025-02-19T19:05:29.006+0000] {logging_mixin.py:190} INFO - [2025-02-19T19:05:29.006+0000] {dag.py:4180} INFO - Setting next_dagrun for tutorial to 2025-02-18 00:00:00+00:00, run_after=2025-02-19 00:00:00+00:00
[2025-02-19T19:05:29.019+0000] {processor.py:208} INFO - Processing /home/airflow/.local/lib/python3.12/site-packages/airflow/example_dags/tutorial.py took 0.040 seconds
[2025-02-19T19:05:59.638+0000] {processor.py:186} INFO - Started process (PID=9027) to work on /home/airflow/.local/lib/python3.12/site-packages/airflow/example_dags/tutorial.py
[2025-02-19T19:05:59.641+0000] {processor.py:914} INFO - Processing file /home/airflow/.local/lib/python3.12/site-packages/airflow/example_dags/tutorial.py for tasks to queue
[2025-02-19T19:05:59.642+0000] {logging_mixin.py:190} INFO - [2025-02-19T19:05:59.642+0000] {dagbag.py:588} INFO - Filling up the DagBag from /home/airflow/.local/lib/python3.12/site-packages/airflow/example_dags/tutorial.py
[2025-02-19T19:05:59.646+0000] {processor.py:925} INFO - DAG(s) 'tutorial' retrieved from /home/airflow/.local/lib/python3.12/site-packages/airflow/example_dags/tutorial.py
[2025-02-19T19:05:59.654+0000] {logging_mixin.py:190} INFO - [2025-02-19T19:05:59.654+0000] {dag.py:3239} INFO - Sync 1 DAGs
[2025-02-19T19:05:59.666+0000] {logging_mixin.py:190} INFO - [2025-02-19T19:05:59.666+0000] {dag.py:4180} INFO - Setting next_dagrun for tutorial to 2025-02-18 00:00:00+00:00, run_after=2025-02-19 00:00:00+00:00
[2025-02-19T19:05:59.676+0000] {processor.py:208} INFO - Processing /home/airflow/.local/lib/python3.12/site-packages/airflow/example_dags/tutorial.py took 0.041 seconds
[2025-02-19T19:06:30.359+0000] {processor.py:186} INFO - Started process (PID=9323) to work on /home/airflow/.local/lib/python3.12/site-packages/airflow/example_dags/tutorial.py
[2025-02-19T19:06:30.360+0000] {processor.py:914} INFO - Processing file /home/airflow/.local/lib/python3.12/site-packages/airflow/example_dags/tutorial.py for tasks to queue
[2025-02-19T19:06:30.360+0000] {logging_mixin.py:190} INFO - [2025-02-19T19:06:30.360+0000] {dagbag.py:588} INFO - Filling up the DagBag from /home/airflow/.local/lib/python3.12/site-packages/airflow/example_dags/tutorial.py
[2025-02-19T19:06:30.365+0000] {processor.py:925} INFO - DAG(s) 'tutorial' retrieved from /home/airflow/.local/lib/python3.12/site-packages/airflow/example_dags/tutorial.py
[2025-02-19T19:06:30.374+0000] {logging_mixin.py:190} INFO - [2025-02-19T19:06:30.374+0000] {dag.py:3239} INFO - Sync 1 DAGs
[2025-02-19T19:06:30.384+0000] {logging_mixin.py:190} INFO - [2025-02-19T19:06:30.384+0000] {dag.py:4180} INFO - Setting next_dagrun for tutorial to 2025-02-18 00:00:00+00:00, run_after=2025-02-19 00:00:00+00:00
[2025-02-19T19:06:30.395+0000] {processor.py:208} INFO - Processing /home/airflow/.local/lib/python3.12/site-packages/airflow/example_dags/tutorial.py took 0.040 seconds
[2025-02-19T19:07:01.233+0000] {processor.py:186} INFO - Started process (PID=9619) to work on /home/airflow/.local/lib/python3.12/site-packages/airflow/example_dags/tutorial.py
[2025-02-19T19:07:01.234+0000] {processor.py:914} INFO - Processing file /home/airflow/.local/lib/python3.12/site-packages/airflow/example_dags/tutorial.py for tasks to queue
[2025-02-19T19:07:01.235+0000] {logging_mixin.py:190} INFO - [2025-02-19T19:07:01.235+0000] {dagbag.py:588} INFO - Filling up the DagBag from /home/airflow/.local/lib/python3.12/site-packages/airflow/example_dags/tutorial.py
[2025-02-19T19:07:01.239+0000] {processor.py:925} INFO - DAG(s) 'tutorial' retrieved from /home/airflow/.local/lib/python3.12/site-packages/airflow/example_dags/tutorial.py
[2025-02-19T19:07:01.248+0000] {logging_mixin.py:190} INFO - [2025-02-19T19:07:01.248+0000] {dag.py:3239} INFO - Sync 1 DAGs
[2025-02-19T19:07:01.256+0000] {logging_mixin.py:190} INFO - [2025-02-19T19:07:01.256+0000] {dag.py:4180} INFO - Setting next_dagrun for tutorial to 2025-02-18 00:00:00+00:00, run_after=2025-02-19 00:00:00+00:00
[2025-02-19T19:07:01.263+0000] {processor.py:208} INFO - Processing /home/airflow/.local/lib/python3.12/site-packages/airflow/example_dags/tutorial.py took 0.032 seconds
[2025-02-19T19:07:32.021+0000] {processor.py:186} INFO - Started process (PID=9915) to work on /home/airflow/.local/lib/python3.12/site-packages/airflow/example_dags/tutorial.py
[2025-02-19T19:07:32.022+0000] {processor.py:914} INFO - Processing file /home/airflow/.local/lib/python3.12/site-packages/airflow/example_dags/tutorial.py for tasks to queue
[2025-02-19T19:07:32.023+0000] {logging_mixin.py:190} INFO - [2025-02-19T19:07:32.023+0000] {dagbag.py:588} INFO - Filling up the DagBag from /home/airflow/.local/lib/python3.12/site-packages/airflow/example_dags/tutorial.py
[2025-02-19T19:07:32.030+0000] {processor.py:925} INFO - DAG(s) 'tutorial' retrieved from /home/airflow/.local/lib/python3.12/site-packages/airflow/example_dags/tutorial.py
[2025-02-19T19:07:32.040+0000] {logging_mixin.py:190} INFO - [2025-02-19T19:07:32.040+0000] {dag.py:3239} INFO - Sync 1 DAGs
[2025-02-19T19:07:32.050+0000] {logging_mixin.py:190} INFO - [2025-02-19T19:07:32.050+0000] {dag.py:4180} INFO - Setting next_dagrun for tutorial to 2025-02-18 00:00:00+00:00, run_after=2025-02-19 00:00:00+00:00
[2025-02-19T19:07:32.059+0000] {processor.py:208} INFO - Processing /home/airflow/.local/lib/python3.12/site-packages/airflow/example_dags/tutorial.py took 0.041 seconds
[2025-02-19T19:08:02.821+0000] {processor.py:186} INFO - Started process (PID=10211) to work on /home/airflow/.local/lib/python3.12/site-packages/airflow/example_dags/tutorial.py
[2025-02-19T19:08:02.822+0000] {processor.py:914} INFO - Processing file /home/airflow/.local/lib/python3.12/site-packages/airflow/example_dags/tutorial.py for tasks to queue
[2025-02-19T19:08:02.822+0000] {logging_mixin.py:190} INFO - [2025-02-19T19:08:02.822+0000] {dagbag.py:588} INFO - Filling up the DagBag from /home/airflow/.local/lib/python3.12/site-packages/airflow/example_dags/tutorial.py
[2025-02-19T19:08:02.827+0000] {processor.py:925} INFO - DAG(s) 'tutorial' retrieved from /home/airflow/.local/lib/python3.12/site-packages/airflow/example_dags/tutorial.py
[2025-02-19T19:08:02.836+0000] {logging_mixin.py:190} INFO - [2025-02-19T19:08:02.835+0000] {dag.py:3239} INFO - Sync 1 DAGs
[2025-02-19T19:08:02.844+0000] {logging_mixin.py:190} INFO - [2025-02-19T19:08:02.844+0000] {dag.py:4180} INFO - Setting next_dagrun for tutorial to 2025-02-18 00:00:00+00:00, run_after=2025-02-19 00:00:00+00:00
[2025-02-19T19:08:02.853+0000] {processor.py:208} INFO - Processing /home/airflow/.local/lib/python3.12/site-packages/airflow/example_dags/tutorial.py took 0.034 seconds
[2025-02-19T19:08:33.444+0000] {processor.py:186} INFO - Started process (PID=10507) to work on /home/airflow/.local/lib/python3.12/site-packages/airflow/example_dags/tutorial.py
[2025-02-19T19:08:33.446+0000] {processor.py:914} INFO - Processing file /home/airflow/.local/lib/python3.12/site-packages/airflow/example_dags/tutorial.py for tasks to queue
[2025-02-19T19:08:33.446+0000] {logging_mixin.py:190} INFO - [2025-02-19T19:08:33.446+0000] {dagbag.py:588} INFO - Filling up the DagBag from /home/airflow/.local/lib/python3.12/site-packages/airflow/example_dags/tutorial.py
[2025-02-19T19:08:33.450+0000] {processor.py:925} INFO - DAG(s) 'tutorial' retrieved from /home/airflow/.local/lib/python3.12/site-packages/airflow/example_dags/tutorial.py
[2025-02-19T19:08:33.459+0000] {logging_mixin.py:190} INFO - [2025-02-19T19:08:33.459+0000] {dag.py:3239} INFO - Sync 1 DAGs
[2025-02-19T19:08:33.468+0000] {logging_mixin.py:190} INFO - [2025-02-19T19:08:33.468+0000] {dag.py:4180} INFO - Setting next_dagrun for tutorial to 2025-02-18 00:00:00+00:00, run_after=2025-02-19 00:00:00+00:00
[2025-02-19T19:08:33.475+0000] {processor.py:208} INFO - Processing /home/airflow/.local/lib/python3.12/site-packages/airflow/example_dags/tutorial.py took 0.034 seconds
[2025-02-19T19:09:04.150+0000] {processor.py:186} INFO - Started process (PID=10815) to work on /home/airflow/.local/lib/python3.12/site-packages/airflow/example_dags/tutorial.py
[2025-02-19T19:09:04.151+0000] {processor.py:914} INFO - Processing file /home/airflow/.local/lib/python3.12/site-packages/airflow/example_dags/tutorial.py for tasks to queue
[2025-02-19T19:09:04.152+0000] {logging_mixin.py:190} INFO - [2025-02-19T19:09:04.152+0000] {dagbag.py:588} INFO - Filling up the DagBag from /home/airflow/.local/lib/python3.12/site-packages/airflow/example_dags/tutorial.py
[2025-02-19T19:09:04.156+0000] {processor.py:925} INFO - DAG(s) 'tutorial' retrieved from /home/airflow/.local/lib/python3.12/site-packages/airflow/example_dags/tutorial.py
[2025-02-19T19:09:04.170+0000] {logging_mixin.py:190} INFO - [2025-02-19T19:09:04.169+0000] {dag.py:3239} INFO - Sync 1 DAGs
[2025-02-19T19:09:04.181+0000] {logging_mixin.py:190} INFO - [2025-02-19T19:09:04.180+0000] {dag.py:4180} INFO - Setting next_dagrun for tutorial to 2025-02-18 00:00:00+00:00, run_after=2025-02-19 00:00:00+00:00
[2025-02-19T19:09:04.189+0000] {processor.py:208} INFO - Processing /home/airflow/.local/lib/python3.12/site-packages/airflow/example_dags/tutorial.py took 0.042 seconds
[2025-02-19T19:09:34.822+0000] {processor.py:186} INFO - Started process (PID=11113) to work on /home/airflow/.local/lib/python3.12/site-packages/airflow/example_dags/tutorial.py
[2025-02-19T19:09:34.824+0000] {processor.py:914} INFO - Processing file /home/airflow/.local/lib/python3.12/site-packages/airflow/example_dags/tutorial.py for tasks to queue
[2025-02-19T19:09:34.824+0000] {logging_mixin.py:190} INFO - [2025-02-19T19:09:34.824+0000] {dagbag.py:588} INFO - Filling up the DagBag from /home/airflow/.local/lib/python3.12/site-packages/airflow/example_dags/tutorial.py
[2025-02-19T19:09:34.830+0000] {processor.py:925} INFO - DAG(s) 'tutorial' retrieved from /home/airflow/.local/lib/python3.12/site-packages/airflow/example_dags/tutorial.py
[2025-02-19T19:09:34.838+0000] {logging_mixin.py:190} INFO - [2025-02-19T19:09:34.838+0000] {dag.py:3239} INFO - Sync 1 DAGs
[2025-02-19T19:09:34.848+0000] {logging_mixin.py:190} INFO - [2025-02-19T19:09:34.848+0000] {dag.py:4180} INFO - Setting next_dagrun for tutorial to 2025-02-18 00:00:00+00:00, run_after=2025-02-19 00:00:00+00:00
[2025-02-19T19:09:34.859+0000] {processor.py:208} INFO - Processing /home/airflow/.local/lib/python3.12/site-packages/airflow/example_dags/tutorial.py took 0.039 seconds
[2025-02-19T19:10:05.686+0000] {processor.py:186} INFO - Started process (PID=11414) to work on /home/airflow/.local/lib/python3.12/site-packages/airflow/example_dags/tutorial.py
[2025-02-19T19:10:05.687+0000] {processor.py:914} INFO - Processing file /home/airflow/.local/lib/python3.12/site-packages/airflow/example_dags/tutorial.py for tasks to queue
[2025-02-19T19:10:05.688+0000] {logging_mixin.py:190} INFO - [2025-02-19T19:10:05.688+0000] {dagbag.py:588} INFO - Filling up the DagBag from /home/airflow/.local/lib/python3.12/site-packages/airflow/example_dags/tutorial.py
[2025-02-19T19:10:05.693+0000] {processor.py:925} INFO - DAG(s) 'tutorial' retrieved from /home/airflow/.local/lib/python3.12/site-packages/airflow/example_dags/tutorial.py
[2025-02-19T19:10:05.706+0000] {logging_mixin.py:190} INFO - [2025-02-19T19:10:05.705+0000] {dag.py:3239} INFO - Sync 1 DAGs
[2025-02-19T19:10:05.715+0000] {logging_mixin.py:190} INFO - [2025-02-19T19:10:05.715+0000] {dag.py:4180} INFO - Setting next_dagrun for tutorial to 2025-02-18 00:00:00+00:00, run_after=2025-02-19 00:00:00+00:00
[2025-02-19T19:10:05.725+0000] {processor.py:208} INFO - Processing /home/airflow/.local/lib/python3.12/site-packages/airflow/example_dags/tutorial.py took 0.042 seconds
[2025-02-19T19:10:36.510+0000] {processor.py:186} INFO - Started process (PID=11734) to work on /home/airflow/.local/lib/python3.12/site-packages/airflow/example_dags/tutorial.py
[2025-02-19T19:10:36.511+0000] {processor.py:914} INFO - Processing file /home/airflow/.local/lib/python3.12/site-packages/airflow/example_dags/tutorial.py for tasks to queue
[2025-02-19T19:10:36.511+0000] {logging_mixin.py:190} INFO - [2025-02-19T19:10:36.511+0000] {dagbag.py:588} INFO - Filling up the DagBag from /home/airflow/.local/lib/python3.12/site-packages/airflow/example_dags/tutorial.py
[2025-02-19T19:10:36.516+0000] {processor.py:925} INFO - DAG(s) 'tutorial' retrieved from /home/airflow/.local/lib/python3.12/site-packages/airflow/example_dags/tutorial.py
[2025-02-19T19:10:36.526+0000] {logging_mixin.py:190} INFO - [2025-02-19T19:10:36.526+0000] {dag.py:3239} INFO - Sync 1 DAGs
[2025-02-19T19:10:36.536+0000] {logging_mixin.py:190} INFO - [2025-02-19T19:10:36.536+0000] {dag.py:4180} INFO - Setting next_dagrun for tutorial to 2025-02-18 00:00:00+00:00, run_after=2025-02-19 00:00:00+00:00
[2025-02-19T19:10:36.553+0000] {processor.py:208} INFO - Processing /home/airflow/.local/lib/python3.12/site-packages/airflow/example_dags/tutorial.py took 0.045 seconds
[2025-02-19T19:11:07.275+0000] {processor.py:186} INFO - Started process (PID=12044) to work on /home/airflow/.local/lib/python3.12/site-packages/airflow/example_dags/tutorial.py
[2025-02-19T19:11:07.275+0000] {processor.py:914} INFO - Processing file /home/airflow/.local/lib/python3.12/site-packages/airflow/example_dags/tutorial.py for tasks to queue
[2025-02-19T19:11:07.276+0000] {logging_mixin.py:190} INFO - [2025-02-19T19:11:07.275+0000] {dagbag.py:588} INFO - Filling up the DagBag from /home/airflow/.local/lib/python3.12/site-packages/airflow/example_dags/tutorial.py
[2025-02-19T19:11:07.280+0000] {processor.py:925} INFO - DAG(s) 'tutorial' retrieved from /home/airflow/.local/lib/python3.12/site-packages/airflow/example_dags/tutorial.py
[2025-02-19T19:11:07.293+0000] {logging_mixin.py:190} INFO - [2025-02-19T19:11:07.293+0000] {dag.py:3239} INFO - Sync 1 DAGs
[2025-02-19T19:11:07.309+0000] {logging_mixin.py:190} INFO - [2025-02-19T19:11:07.309+0000] {dag.py:4180} INFO - Setting next_dagrun for tutorial to 2025-02-18 00:00:00+00:00, run_after=2025-02-19 00:00:00+00:00
[2025-02-19T19:11:07.321+0000] {processor.py:208} INFO - Processing /home/airflow/.local/lib/python3.12/site-packages/airflow/example_dags/tutorial.py took 0.050 seconds
[2025-02-19T19:11:37.441+0000] {processor.py:186} INFO - Started process (PID=12338) to work on /home/airflow/.local/lib/python3.12/site-packages/airflow/example_dags/tutorial.py
[2025-02-19T19:11:37.441+0000] {processor.py:914} INFO - Processing file /home/airflow/.local/lib/python3.12/site-packages/airflow/example_dags/tutorial.py for tasks to queue
[2025-02-19T19:11:37.442+0000] {logging_mixin.py:190} INFO - [2025-02-19T19:11:37.441+0000] {dagbag.py:588} INFO - Filling up the DagBag from /home/airflow/.local/lib/python3.12/site-packages/airflow/example_dags/tutorial.py
[2025-02-19T19:11:37.446+0000] {processor.py:925} INFO - DAG(s) 'tutorial' retrieved from /home/airflow/.local/lib/python3.12/site-packages/airflow/example_dags/tutorial.py
[2025-02-19T19:11:37.457+0000] {logging_mixin.py:190} INFO - [2025-02-19T19:11:37.457+0000] {dag.py:3239} INFO - Sync 1 DAGs
[2025-02-19T19:11:37.470+0000] {logging_mixin.py:190} INFO - [2025-02-19T19:11:37.470+0000] {dag.py:4180} INFO - Setting next_dagrun for tutorial to 2025-02-18 00:00:00+00:00, run_after=2025-02-19 00:00:00+00:00
[2025-02-19T19:11:37.482+0000] {processor.py:208} INFO - Processing /home/airflow/.local/lib/python3.12/site-packages/airflow/example_dags/tutorial.py took 0.044 seconds
[2025-02-19T19:12:08.331+0000] {processor.py:186} INFO - Started process (PID=12648) to work on /home/airflow/.local/lib/python3.12/site-packages/airflow/example_dags/tutorial.py
[2025-02-19T19:12:08.332+0000] {processor.py:914} INFO - Processing file /home/airflow/.local/lib/python3.12/site-packages/airflow/example_dags/tutorial.py for tasks to queue
[2025-02-19T19:12:08.332+0000] {logging_mixin.py:190} INFO - [2025-02-19T19:12:08.332+0000] {dagbag.py:588} INFO - Filling up the DagBag from /home/airflow/.local/lib/python3.12/site-packages/airflow/example_dags/tutorial.py
[2025-02-19T19:12:08.336+0000] {processor.py:925} INFO - DAG(s) 'tutorial' retrieved from /home/airflow/.local/lib/python3.12/site-packages/airflow/example_dags/tutorial.py
[2025-02-19T19:12:08.344+0000] {logging_mixin.py:190} INFO - [2025-02-19T19:12:08.344+0000] {dag.py:3239} INFO - Sync 1 DAGs
[2025-02-19T19:12:08.354+0000] {logging_mixin.py:190} INFO - [2025-02-19T19:12:08.354+0000] {dag.py:4180} INFO - Setting next_dagrun for tutorial to 2025-02-18 00:00:00+00:00, run_after=2025-02-19 00:00:00+00:00
[2025-02-19T19:12:08.361+0000] {processor.py:208} INFO - Processing /home/airflow/.local/lib/python3.12/site-packages/airflow/example_dags/tutorial.py took 0.033 seconds
[2025-02-19T19:12:38.398+0000] {processor.py:186} INFO - Started process (PID=12942) to work on /home/airflow/.local/lib/python3.12/site-packages/airflow/example_dags/tutorial.py
[2025-02-19T19:12:38.401+0000] {processor.py:914} INFO - Processing file /home/airflow/.local/lib/python3.12/site-packages/airflow/example_dags/tutorial.py for tasks to queue
[2025-02-19T19:12:38.401+0000] {logging_mixin.py:190} INFO - [2025-02-19T19:12:38.401+0000] {dagbag.py:588} INFO - Filling up the DagBag from /home/airflow/.local/lib/python3.12/site-packages/airflow/example_dags/tutorial.py
[2025-02-19T19:12:38.406+0000] {processor.py:925} INFO - DAG(s) 'tutorial' retrieved from /home/airflow/.local/lib/python3.12/site-packages/airflow/example_dags/tutorial.py
[2025-02-19T19:12:38.413+0000] {logging_mixin.py:190} INFO - [2025-02-19T19:12:38.413+0000] {dag.py:3239} INFO - Sync 1 DAGs
[2025-02-19T19:12:38.426+0000] {logging_mixin.py:190} INFO - [2025-02-19T19:12:38.426+0000] {dag.py:4180} INFO - Setting next_dagrun for tutorial to 2025-02-18 00:00:00+00:00, run_after=2025-02-19 00:00:00+00:00
[2025-02-19T19:12:38.438+0000] {processor.py:208} INFO - Processing /home/airflow/.local/lib/python3.12/site-packages/airflow/example_dags/tutorial.py took 0.043 seconds
[2025-02-19T19:13:09.069+0000] {processor.py:186} INFO - Started process (PID=13250) to work on /home/airflow/.local/lib/python3.12/site-packages/airflow/example_dags/tutorial.py
[2025-02-19T19:13:09.070+0000] {processor.py:914} INFO - Processing file /home/airflow/.local/lib/python3.12/site-packages/airflow/example_dags/tutorial.py for tasks to queue
[2025-02-19T19:13:09.071+0000] {logging_mixin.py:190} INFO - [2025-02-19T19:13:09.071+0000] {dagbag.py:588} INFO - Filling up the DagBag from /home/airflow/.local/lib/python3.12/site-packages/airflow/example_dags/tutorial.py
[2025-02-19T19:13:09.076+0000] {processor.py:925} INFO - DAG(s) 'tutorial' retrieved from /home/airflow/.local/lib/python3.12/site-packages/airflow/example_dags/tutorial.py
[2025-02-19T19:13:09.091+0000] {logging_mixin.py:190} INFO - [2025-02-19T19:13:09.091+0000] {dag.py:3239} INFO - Sync 1 DAGs
[2025-02-19T19:13:09.104+0000] {logging_mixin.py:190} INFO - [2025-02-19T19:13:09.104+0000] {dag.py:4180} INFO - Setting next_dagrun for tutorial to 2025-02-18 00:00:00+00:00, run_after=2025-02-19 00:00:00+00:00
[2025-02-19T19:13:09.116+0000] {processor.py:208} INFO - Processing /home/airflow/.local/lib/python3.12/site-packages/airflow/example_dags/tutorial.py took 0.049 seconds
[2025-02-19T19:13:39.697+0000] {processor.py:186} INFO - Started process (PID=13548) to work on /home/airflow/.local/lib/python3.12/site-packages/airflow/example_dags/tutorial.py
[2025-02-19T19:13:39.697+0000] {processor.py:914} INFO - Processing file /home/airflow/.local/lib/python3.12/site-packages/airflow/example_dags/tutorial.py for tasks to queue
[2025-02-19T19:13:39.698+0000] {logging_mixin.py:190} INFO - [2025-02-19T19:13:39.698+0000] {dagbag.py:588} INFO - Filling up the DagBag from /home/airflow/.local/lib/python3.12/site-packages/airflow/example_dags/tutorial.py
[2025-02-19T19:13:39.703+0000] {processor.py:925} INFO - DAG(s) 'tutorial' retrieved from /home/airflow/.local/lib/python3.12/site-packages/airflow/example_dags/tutorial.py
[2025-02-19T19:13:39.718+0000] {logging_mixin.py:190} INFO - [2025-02-19T19:13:39.718+0000] {dag.py:3239} INFO - Sync 1 DAGs
[2025-02-19T19:13:39.731+0000] {logging_mixin.py:190} INFO - [2025-02-19T19:13:39.731+0000] {dag.py:4180} INFO - Setting next_dagrun for tutorial to 2025-02-18 00:00:00+00:00, run_after=2025-02-19 00:00:00+00:00
[2025-02-19T19:13:39.737+0000] {processor.py:208} INFO - Processing /home/airflow/.local/lib/python3.12/site-packages/airflow/example_dags/tutorial.py took 0.043 seconds
[2025-02-19T19:14:10.110+0000] {processor.py:186} INFO - Started process (PID=13854) to work on /home/airflow/.local/lib/python3.12/site-packages/airflow/example_dags/tutorial.py
[2025-02-19T19:14:10.111+0000] {processor.py:914} INFO - Processing file /home/airflow/.local/lib/python3.12/site-packages/airflow/example_dags/tutorial.py for tasks to queue
[2025-02-19T19:14:10.112+0000] {logging_mixin.py:190} INFO - [2025-02-19T19:14:10.112+0000] {dagbag.py:588} INFO - Filling up the DagBag from /home/airflow/.local/lib/python3.12/site-packages/airflow/example_dags/tutorial.py
[2025-02-19T19:14:10.116+0000] {processor.py:925} INFO - DAG(s) 'tutorial' retrieved from /home/airflow/.local/lib/python3.12/site-packages/airflow/example_dags/tutorial.py
[2025-02-19T19:14:10.126+0000] {logging_mixin.py:190} INFO - [2025-02-19T19:14:10.125+0000] {dag.py:3239} INFO - Sync 1 DAGs
[2025-02-19T19:14:10.136+0000] {logging_mixin.py:190} INFO - [2025-02-19T19:14:10.136+0000] {dag.py:4180} INFO - Setting next_dagrun for tutorial to 2025-02-18 00:00:00+00:00, run_after=2025-02-19 00:00:00+00:00
[2025-02-19T19:14:10.143+0000] {processor.py:208} INFO - Processing /home/airflow/.local/lib/python3.12/site-packages/airflow/example_dags/tutorial.py took 0.036 seconds
[2025-02-19T19:14:40.714+0000] {processor.py:186} INFO - Started process (PID=14174) to work on /home/airflow/.local/lib/python3.12/site-packages/airflow/example_dags/tutorial.py
[2025-02-19T19:14:40.715+0000] {processor.py:914} INFO - Processing file /home/airflow/.local/lib/python3.12/site-packages/airflow/example_dags/tutorial.py for tasks to queue
[2025-02-19T19:14:40.715+0000] {logging_mixin.py:190} INFO - [2025-02-19T19:14:40.715+0000] {dagbag.py:588} INFO - Filling up the DagBag from /home/airflow/.local/lib/python3.12/site-packages/airflow/example_dags/tutorial.py
[2025-02-19T19:14:40.720+0000] {processor.py:925} INFO - DAG(s) 'tutorial' retrieved from /home/airflow/.local/lib/python3.12/site-packages/airflow/example_dags/tutorial.py
[2025-02-19T19:14:40.728+0000] {logging_mixin.py:190} INFO - [2025-02-19T19:14:40.728+0000] {dag.py:3239} INFO - Sync 1 DAGs
[2025-02-19T19:14:40.738+0000] {logging_mixin.py:190} INFO - [2025-02-19T19:14:40.738+0000] {dag.py:4180} INFO - Setting next_dagrun for tutorial to 2025-02-18 00:00:00+00:00, run_after=2025-02-19 00:00:00+00:00
[2025-02-19T19:14:40.749+0000] {processor.py:208} INFO - Processing /home/airflow/.local/lib/python3.12/site-packages/airflow/example_dags/tutorial.py took 0.038 seconds
[2025-02-19T19:15:11.570+0000] {processor.py:186} INFO - Started process (PID=14494) to work on /home/airflow/.local/lib/python3.12/site-packages/airflow/example_dags/tutorial.py
[2025-02-19T19:15:11.571+0000] {processor.py:914} INFO - Processing file /home/airflow/.local/lib/python3.12/site-packages/airflow/example_dags/tutorial.py for tasks to queue
[2025-02-19T19:15:11.572+0000] {logging_mixin.py:190} INFO - [2025-02-19T19:15:11.571+0000] {dagbag.py:588} INFO - Filling up the DagBag from /home/airflow/.local/lib/python3.12/site-packages/airflow/example_dags/tutorial.py
[2025-02-19T19:15:11.575+0000] {processor.py:925} INFO - DAG(s) 'tutorial' retrieved from /home/airflow/.local/lib/python3.12/site-packages/airflow/example_dags/tutorial.py
[2025-02-19T19:15:11.589+0000] {logging_mixin.py:190} INFO - [2025-02-19T19:15:11.589+0000] {dag.py:3239} INFO - Sync 1 DAGs
[2025-02-19T19:15:11.598+0000] {logging_mixin.py:190} INFO - [2025-02-19T19:15:11.598+0000] {dag.py:4180} INFO - Setting next_dagrun for tutorial to 2025-02-18 00:00:00+00:00, run_after=2025-02-19 00:00:00+00:00
[2025-02-19T19:15:11.608+0000] {processor.py:208} INFO - Processing /home/airflow/.local/lib/python3.12/site-packages/airflow/example_dags/tutorial.py took 0.040 seconds
[2025-02-19T19:15:41.912+0000] {processor.py:186} INFO - Started process (PID=14790) to work on /home/airflow/.local/lib/python3.12/site-packages/airflow/example_dags/tutorial.py
[2025-02-19T19:15:41.914+0000] {processor.py:914} INFO - Processing file /home/airflow/.local/lib/python3.12/site-packages/airflow/example_dags/tutorial.py for tasks to queue
[2025-02-19T19:15:41.914+0000] {logging_mixin.py:190} INFO - [2025-02-19T19:15:41.914+0000] {dagbag.py:588} INFO - Filling up the DagBag from /home/airflow/.local/lib/python3.12/site-packages/airflow/example_dags/tutorial.py
[2025-02-19T19:15:41.919+0000] {processor.py:925} INFO - DAG(s) 'tutorial' retrieved from /home/airflow/.local/lib/python3.12/site-packages/airflow/example_dags/tutorial.py
[2025-02-19T19:15:41.927+0000] {logging_mixin.py:190} INFO - [2025-02-19T19:15:41.927+0000] {dag.py:3239} INFO - Sync 1 DAGs
[2025-02-19T19:15:41.937+0000] {logging_mixin.py:190} INFO - [2025-02-19T19:15:41.937+0000] {dag.py:4180} INFO - Setting next_dagrun for tutorial to 2025-02-18 00:00:00+00:00, run_after=2025-02-19 00:00:00+00:00
[2025-02-19T19:15:41.947+0000] {processor.py:208} INFO - Processing /home/airflow/.local/lib/python3.12/site-packages/airflow/example_dags/tutorial.py took 0.039 seconds
[2025-02-19T19:16:12.514+0000] {processor.py:186} INFO - Started process (PID=15098) to work on /home/airflow/.local/lib/python3.12/site-packages/airflow/example_dags/tutorial.py
[2025-02-19T19:16:12.514+0000] {processor.py:914} INFO - Processing file /home/airflow/.local/lib/python3.12/site-packages/airflow/example_dags/tutorial.py for tasks to queue
[2025-02-19T19:16:12.515+0000] {logging_mixin.py:190} INFO - [2025-02-19T19:16:12.515+0000] {dagbag.py:588} INFO - Filling up the DagBag from /home/airflow/.local/lib/python3.12/site-packages/airflow/example_dags/tutorial.py
[2025-02-19T19:16:12.519+0000] {processor.py:925} INFO - DAG(s) 'tutorial' retrieved from /home/airflow/.local/lib/python3.12/site-packages/airflow/example_dags/tutorial.py
[2025-02-19T19:16:12.532+0000] {logging_mixin.py:190} INFO - [2025-02-19T19:16:12.531+0000] {dag.py:3239} INFO - Sync 1 DAGs
[2025-02-19T19:16:12.544+0000] {logging_mixin.py:190} INFO - [2025-02-19T19:16:12.544+0000] {dag.py:4180} INFO - Setting next_dagrun for tutorial to 2025-02-18 00:00:00+00:00, run_after=2025-02-19 00:00:00+00:00
[2025-02-19T19:16:12.553+0000] {processor.py:208} INFO - Processing /home/airflow/.local/lib/python3.12/site-packages/airflow/example_dags/tutorial.py took 0.042 seconds
[2025-02-19T19:16:43.346+0000] {processor.py:186} INFO - Started process (PID=15394) to work on /home/airflow/.local/lib/python3.12/site-packages/airflow/example_dags/tutorial.py
[2025-02-19T19:16:43.347+0000] {processor.py:914} INFO - Processing file /home/airflow/.local/lib/python3.12/site-packages/airflow/example_dags/tutorial.py for tasks to queue
[2025-02-19T19:16:43.348+0000] {logging_mixin.py:190} INFO - [2025-02-19T19:16:43.348+0000] {dagbag.py:588} INFO - Filling up the DagBag from /home/airflow/.local/lib/python3.12/site-packages/airflow/example_dags/tutorial.py
[2025-02-19T19:16:43.355+0000] {processor.py:925} INFO - DAG(s) 'tutorial' retrieved from /home/airflow/.local/lib/python3.12/site-packages/airflow/example_dags/tutorial.py
[2025-02-19T19:16:43.368+0000] {logging_mixin.py:190} INFO - [2025-02-19T19:16:43.368+0000] {dag.py:3239} INFO - Sync 1 DAGs
[2025-02-19T19:16:43.379+0000] {logging_mixin.py:190} INFO - [2025-02-19T19:16:43.379+0000] {dag.py:4180} INFO - Setting next_dagrun for tutorial to 2025-02-18 00:00:00+00:00, run_after=2025-02-19 00:00:00+00:00
[2025-02-19T19:16:43.387+0000] {processor.py:208} INFO - Processing /home/airflow/.local/lib/python3.12/site-packages/airflow/example_dags/tutorial.py took 0.044 seconds
[2025-02-19T19:17:13.932+0000] {processor.py:186} INFO - Started process (PID=15702) to work on /home/airflow/.local/lib/python3.12/site-packages/airflow/example_dags/tutorial.py
[2025-02-19T19:17:13.933+0000] {processor.py:914} INFO - Processing file /home/airflow/.local/lib/python3.12/site-packages/airflow/example_dags/tutorial.py for tasks to queue
[2025-02-19T19:17:13.934+0000] {logging_mixin.py:190} INFO - [2025-02-19T19:17:13.934+0000] {dagbag.py:588} INFO - Filling up the DagBag from /home/airflow/.local/lib/python3.12/site-packages/airflow/example_dags/tutorial.py
[2025-02-19T19:17:13.939+0000] {processor.py:925} INFO - DAG(s) 'tutorial' retrieved from /home/airflow/.local/lib/python3.12/site-packages/airflow/example_dags/tutorial.py
[2025-02-19T19:17:13.948+0000] {logging_mixin.py:190} INFO - [2025-02-19T19:17:13.948+0000] {dag.py:3239} INFO - Sync 1 DAGs
[2025-02-19T19:17:13.959+0000] {logging_mixin.py:190} INFO - [2025-02-19T19:17:13.959+0000] {dag.py:4180} INFO - Setting next_dagrun for tutorial to 2025-02-18 00:00:00+00:00, run_after=2025-02-19 00:00:00+00:00
[2025-02-19T19:17:13.967+0000] {processor.py:208} INFO - Processing /home/airflow/.local/lib/python3.12/site-packages/airflow/example_dags/tutorial.py took 0.038 seconds
[2025-02-19T19:17:44.780+0000] {processor.py:186} INFO - Started process (PID=15998) to work on /home/airflow/.local/lib/python3.12/site-packages/airflow/example_dags/tutorial.py
[2025-02-19T19:17:44.781+0000] {processor.py:914} INFO - Processing file /home/airflow/.local/lib/python3.12/site-packages/airflow/example_dags/tutorial.py for tasks to queue
[2025-02-19T19:17:44.781+0000] {logging_mixin.py:190} INFO - [2025-02-19T19:17:44.781+0000] {dagbag.py:588} INFO - Filling up the DagBag from /home/airflow/.local/lib/python3.12/site-packages/airflow/example_dags/tutorial.py
[2025-02-19T19:17:44.785+0000] {processor.py:925} INFO - DAG(s) 'tutorial' retrieved from /home/airflow/.local/lib/python3.12/site-packages/airflow/example_dags/tutorial.py
[2025-02-19T19:17:44.799+0000] {logging_mixin.py:190} INFO - [2025-02-19T19:17:44.798+0000] {dag.py:3239} INFO - Sync 1 DAGs
[2025-02-19T19:17:44.808+0000] {logging_mixin.py:190} INFO - [2025-02-19T19:17:44.808+0000] {dag.py:4180} INFO - Setting next_dagrun for tutorial to 2025-02-18 00:00:00+00:00, run_after=2025-02-19 00:00:00+00:00
[2025-02-19T19:17:44.816+0000] {processor.py:208} INFO - Processing /home/airflow/.local/lib/python3.12/site-packages/airflow/example_dags/tutorial.py took 0.039 seconds
[2025-02-19T19:18:15.141+0000] {processor.py:186} INFO - Started process (PID=16308) to work on /home/airflow/.local/lib/python3.12/site-packages/airflow/example_dags/tutorial.py
[2025-02-19T19:18:15.142+0000] {processor.py:914} INFO - Processing file /home/airflow/.local/lib/python3.12/site-packages/airflow/example_dags/tutorial.py for tasks to queue
[2025-02-19T19:18:15.142+0000] {logging_mixin.py:190} INFO - [2025-02-19T19:18:15.142+0000] {dagbag.py:588} INFO - Filling up the DagBag from /home/airflow/.local/lib/python3.12/site-packages/airflow/example_dags/tutorial.py
[2025-02-19T19:18:15.147+0000] {processor.py:925} INFO - DAG(s) 'tutorial' retrieved from /home/airflow/.local/lib/python3.12/site-packages/airflow/example_dags/tutorial.py
[2025-02-19T19:18:15.161+0000] {logging_mixin.py:190} INFO - [2025-02-19T19:18:15.161+0000] {dag.py:3239} INFO - Sync 1 DAGs
[2025-02-19T19:18:15.172+0000] {logging_mixin.py:190} INFO - [2025-02-19T19:18:15.172+0000] {dag.py:4180} INFO - Setting next_dagrun for tutorial to 2025-02-18 00:00:00+00:00, run_after=2025-02-19 00:00:00+00:00
[2025-02-19T19:18:15.184+0000] {processor.py:208} INFO - Processing /home/airflow/.local/lib/python3.12/site-packages/airflow/example_dags/tutorial.py took 0.046 seconds
[2025-02-19T19:18:45.885+0000] {processor.py:186} INFO - Started process (PID=16604) to work on /home/airflow/.local/lib/python3.12/site-packages/airflow/example_dags/tutorial.py
[2025-02-19T19:18:45.885+0000] {processor.py:914} INFO - Processing file /home/airflow/.local/lib/python3.12/site-packages/airflow/example_dags/tutorial.py for tasks to queue
[2025-02-19T19:18:45.886+0000] {logging_mixin.py:190} INFO - [2025-02-19T19:18:45.886+0000] {dagbag.py:588} INFO - Filling up the DagBag from /home/airflow/.local/lib/python3.12/site-packages/airflow/example_dags/tutorial.py
[2025-02-19T19:18:45.891+0000] {processor.py:925} INFO - DAG(s) 'tutorial' retrieved from /home/airflow/.local/lib/python3.12/site-packages/airflow/example_dags/tutorial.py
[2025-02-19T19:18:45.904+0000] {logging_mixin.py:190} INFO - [2025-02-19T19:18:45.904+0000] {dag.py:3239} INFO - Sync 1 DAGs
[2025-02-19T19:18:45.917+0000] {logging_mixin.py:190} INFO - [2025-02-19T19:18:45.917+0000] {dag.py:4180} INFO - Setting next_dagrun for tutorial to 2025-02-18 00:00:00+00:00, run_after=2025-02-19 00:00:00+00:00
[2025-02-19T19:18:45.929+0000] {processor.py:208} INFO - Processing /home/airflow/.local/lib/python3.12/site-packages/airflow/example_dags/tutorial.py took 0.047 seconds
[2025-02-19T19:19:16.756+0000] {processor.py:186} INFO - Started process (PID=16910) to work on /home/airflow/.local/lib/python3.12/site-packages/airflow/example_dags/tutorial.py
[2025-02-19T19:19:16.758+0000] {processor.py:914} INFO - Processing file /home/airflow/.local/lib/python3.12/site-packages/airflow/example_dags/tutorial.py for tasks to queue
[2025-02-19T19:19:16.759+0000] {logging_mixin.py:190} INFO - [2025-02-19T19:19:16.759+0000] {dagbag.py:588} INFO - Filling up the DagBag from /home/airflow/.local/lib/python3.12/site-packages/airflow/example_dags/tutorial.py
[2025-02-19T19:19:16.763+0000] {processor.py:925} INFO - DAG(s) 'tutorial' retrieved from /home/airflow/.local/lib/python3.12/site-packages/airflow/example_dags/tutorial.py
[2025-02-19T19:19:16.772+0000] {logging_mixin.py:190} INFO - [2025-02-19T19:19:16.772+0000] {dag.py:3239} INFO - Sync 1 DAGs
[2025-02-19T19:19:16.781+0000] {logging_mixin.py:190} INFO - [2025-02-19T19:19:16.781+0000] {dag.py:4180} INFO - Setting next_dagrun for tutorial to 2025-02-18 00:00:00+00:00, run_after=2025-02-19 00:00:00+00:00
[2025-02-19T19:19:16.788+0000] {processor.py:208} INFO - Processing /home/airflow/.local/lib/python3.12/site-packages/airflow/example_dags/tutorial.py took 0.035 seconds
