[2026-04-12T11:17:03.718+0000] {local_task_job_runner.py:123} INFO - ::group::Pre task execution logs
[2026-04-12T11:17:03.729+0000] {taskinstance.py:2614} INFO - Dependencies all met for dep_context=non-requeueable deps ti=<TaskInstance: dag_yfinance.fetch_stock_data manual__2026-04-12T11:17:01.555689+00:00 [queued]>
[2026-04-12T11:17:03.733+0000] {taskinstance.py:2614} INFO - Dependencies all met for dep_context=requeueable deps ti=<TaskInstance: dag_yfinance.fetch_stock_data manual__2026-04-12T11:17:01.555689+00:00 [queued]>
[2026-04-12T11:17:03.734+0000] {taskinstance.py:2867} INFO - Starting attempt 1 of 6
[2026-04-12T11:17:03.741+0000] {taskinstance.py:2890} INFO - Executing <Task(PythonOperator): fetch_stock_data> on 2026-04-12 11:17:01.555689+00:00
[2026-04-12T11:17:03.751+0000] {logging_mixin.py:190} WARNING - /home/***/.local/lib/python3.12/site-packages/***/task/task_runner/standard_task_runner.py:70 DeprecationWarning: This process (pid=2872) is multi-threaded, use of fork() may lead to deadlocks in the child.
[2026-04-12T11:17:03.750+0000] {standard_task_runner.py:104} INFO - Running: ['***', 'tasks', 'run', 'dag_yfinance', 'fetch_stock_data', 'manual__2026-04-12T11:17:01.555689+00:00', '--job-id', '6', '--raw', '--subdir', 'DAGS_FOLDER/DAG1.py', '--cfg-path', '/tmp/tmp3yrno2zs']
[2026-04-12T11:17:03.752+0000] {standard_task_runner.py:105} INFO - Job 6: Subtask fetch_stock_data
[2026-04-12T11:17:03.752+0000] {standard_task_runner.py:72} INFO - Started process 2873 to run task
[2026-04-12T11:17:03.793+0000] {task_command.py:467} INFO - Running <TaskInstance: dag_yfinance.fetch_stock_data manual__2026-04-12T11:17:01.555689+00:00 [running]> on host b242adf36561
[2026-04-12T11:17:03.841+0000] {taskinstance.py:3134} INFO - Exporting env vars: AIRFLOW_CTX_DAG_OWNER='admin' AIRFLOW_CTX_DAG_ID='dag_yfinance' AIRFLOW_CTX_TASK_ID='fetch_stock_data' AIRFLOW_CTX_EXECUTION_DATE='2026-04-12T11:17:01.555689+00:00' AIRFLOW_CTX_TRY_NUMBER='1' AIRFLOW_CTX_DAG_RUN_ID='manual__2026-04-12T11:17:01.555689+00:00'
[2026-04-12T11:17:03.843+0000] {logging_mixin.py:190} INFO - Task instance is in running state
[2026-04-12T11:17:03.843+0000] {logging_mixin.py:190} INFO -  Previous state of the Task instance: queued
[2026-04-12T11:17:03.843+0000] {logging_mixin.py:190} INFO - Current task name:fetch_stock_data state:running start_date:2026-04-12 11:17:03.729653+00:00
[2026-04-12T11:17:03.843+0000] {logging_mixin.py:190} INFO - Dag name:dag_yfinance and current dag run status:running
[2026-04-12T11:17:03.844+0000] {taskinstance.py:732} INFO - ::endgroup::
[2026-04-12T11:17:04.728+0000] {taskinstance.py:3313} ERROR - Task failed with exception
Traceback (most recent call last):
  File "/home/airflow/.local/lib/python3.12/site-packages/airflow/models/taskinstance.py", line 768, in _execute_task
    result = _execute_callable(context=context, **execute_callable_kwargs)
             ^^^^^^^^^^^^^^^^^^^^^^^^^^^^^^^^^^^^^^^^^^^^^^^^^^^^^^^^^^^^^
  File "/home/airflow/.local/lib/python3.12/site-packages/airflow/models/taskinstance.py", line 734, in _execute_callable
    return ExecutionCallableRunner(
           ^^^^^^^^^^^^^^^^^^^^^^^^
  File "/home/airflow/.local/lib/python3.12/site-packages/airflow/utils/operator_helpers.py", line 252, in run
    return self.func(*args, **kwargs)
           ^^^^^^^^^^^^^^^^^^^^^^^^^^
  File "/home/airflow/.local/lib/python3.12/site-packages/airflow/models/baseoperator.py", line 424, in wrapper
    return func(self, *args, **kwargs)
           ^^^^^^^^^^^^^^^^^^^^^^^^^^^
  File "/home/airflow/.local/lib/python3.12/site-packages/airflow/operators/python.py", line 238, in execute
    return_value = self.execute_callable()
                   ^^^^^^^^^^^^^^^^^^^^^^^
  File "/home/airflow/.local/lib/python3.12/site-packages/airflow/operators/python.py", line 256, in execute_callable
    return runner.run(*self.op_args, **self.op_kwargs)
           ^^^^^^^^^^^^^^^^^^^^^^^^^^^^^^^^^^^^^^^^^^^
  File "/home/airflow/.local/lib/python3.12/site-packages/airflow/utils/operator_helpers.py", line 252, in run
    return self.func(*args, **kwargs)
           ^^^^^^^^^^^^^^^^^^^^^^^^^^
  File "/opt/airflow/dags/DAG1.py", line 10, in get_stock_data
    data = stock.history(period="1d", interval="1m", prepost=True)
           ^^^^^^^^^^^^^^^^^^^^^^^^^^^^^^^^^^^^^^^^^^^^^^^^^^^^^^^
  File "/home/airflow/.local/lib/python3.12/site-packages/yfinance/utils.py", line 104, in wrapper
    result = func(*args, **kwargs)
             ^^^^^^^^^^^^^^^^^^^^^
  File "/home/airflow/.local/lib/python3.12/site-packages/yfinance/base.py", line 80, in history
    return self._lazy_load_price_history().history(*args, **kwargs)
           ^^^^^^^^^^^^^^^^^^^^^^^^^^^^^^^^^^^^^^^^^^^^^^^^^^^^^^^^
  File "/home/airflow/.local/lib/python3.12/site-packages/yfinance/utils.py", line 104, in wrapper
    result = func(*args, **kwargs)
             ^^^^^^^^^^^^^^^^^^^^^
  File "/home/airflow/.local/lib/python3.12/site-packages/yfinance/scrapers/history.py", line 175, in history
    data = get_fn(
           ^^^^^^^
  File "/home/airflow/.local/lib/python3.12/site-packages/yfinance/utils.py", line 104, in wrapper
    result = func(*args, **kwargs)
             ^^^^^^^^^^^^^^^^^^^^^
  File "/home/airflow/.local/lib/python3.12/site-packages/yfinance/data.py", line 347, in get
    return self._make_request(url, request_method = self._session.get, user_agent_headers=user_agent_headers, params=params, proxy=proxy, timeout=timeout)
           ^^^^^^^^^^^^^^^^^^^^^^^^^^^^^^^^^^^^^^^^^^^^^^^^^^^^^^^^^^^^^^^^^^^^^^^^^^^^^^^^^^^^^^^^^^^^^^^^^^^^^^^^^^^^^^^^^^^^^^^^^^^^^^^^^^^^^^^^^^^^^^^
  File "/home/airflow/.local/lib/python3.12/site-packages/yfinance/utils.py", line 104, in wrapper
    result = func(*args, **kwargs)
             ^^^^^^^^^^^^^^^^^^^^^
  File "/home/airflow/.local/lib/python3.12/site-packages/yfinance/data.py", line 409, in _make_request
    raise YFRateLimitError()
yfinance.exceptions.YFRateLimitError: Too Many Requests. Rate limited. Try after a while.
[2026-04-12T11:17:04.738+0000] {logging_mixin.py:190} INFO - Task instance in failure state
[2026-04-12T11:17:04.738+0000] {logging_mixin.py:190} INFO - Task start:2026-04-12 11:17:03.729653+00:00 end:2026-04-12 11:17:04.738123+00:00 duration:1.00847
[2026-04-12T11:17:04.738+0000] {logging_mixin.py:190} INFO - Task:<Task(PythonOperator): fetch_stock_data> dag:<DAG: dag_yfinance> dagrun:<DagRun dag_yfinance @ 2026-04-12 11:17:01.555689+00:00: manual__2026-04-12T11:17:01.555689+00:00, state:running, queued_at: 2026-04-12 11:17:01.587697+00:00. externally triggered: True>
[2026-04-12T11:17:04.739+0000] {logging_mixin.py:190} INFO - Failure caused by Too Many Requests. Rate limited. Try after a while.
[2026-04-12T11:17:04.739+0000] {taskinstance.py:1226} INFO - Marking task as UP_FOR_RETRY. dag_id=dag_yfinance, task_id=fetch_stock_data, run_id=manual__2026-04-12T11:17:01.555689+00:00, execution_date=20260412T111701, start_date=20260412T111703, end_date=20260412T111704
[2026-04-12T11:17:04.756+0000] {taskinstance.py:341} INFO - ::group::Post task execution logs
[2026-04-12T11:17:04.756+0000] {standard_task_runner.py:124} ERROR - Failed to execute job 6 for task fetch_stock_data (Too Many Requests. Rate limited. Try after a while.; 2873)
Traceback (most recent call last):
  File "/home/airflow/.local/lib/python3.12/site-packages/airflow/task/task_runner/standard_task_runner.py", line 117, in _start_by_fork
    ret = args.func(args, dag=self.dag)
          ^^^^^^^^^^^^^^^^^^^^^^^^^^^^^
  File "/home/airflow/.local/lib/python3.12/site-packages/airflow/cli/cli_config.py", line 49, in command
    return func(*args, **kwargs)
           ^^^^^^^^^^^^^^^^^^^^^
  File "/home/airflow/.local/lib/python3.12/site-packages/airflow/utils/cli.py", line 116, in wrapper
    return f(*args, **kwargs)
           ^^^^^^^^^^^^^^^^^^
  File "/home/airflow/.local/lib/python3.12/site-packages/airflow/cli/commands/task_command.py", line 483, in task_run
    task_return_code = _run_task_by_selected_method(args, _dag, ti)
                       ^^^^^^^^^^^^^^^^^^^^^^^^^^^^^^^^^^^^^^^^^^^^
  File "/home/airflow/.local/lib/python3.12/site-packages/airflow/cli/commands/task_command.py", line 256, in _run_task_by_selected_method
    return _run_raw_task(args, ti)
           ^^^^^^^^^^^^^^^^^^^^^^^
  File "/home/airflow/.local/lib/python3.12/site-packages/airflow/cli/commands/task_command.py", line 341, in _run_raw_task
    return ti._run_raw_task(
           ^^^^^^^^^^^^^^^^^
  File "/home/airflow/.local/lib/python3.12/site-packages/airflow/utils/session.py", line 97, in wrapper
    return func(*args, session=session, **kwargs)
           ^^^^^^^^^^^^^^^^^^^^^^^^^^^^^^^^^^^^^^
  File "/home/airflow/.local/lib/python3.12/site-packages/airflow/models/taskinstance.py", line 3006, in _run_raw_task
    return _run_raw_task(
           ^^^^^^^^^^^^^^
  File "/home/airflow/.local/lib/python3.12/site-packages/airflow/models/taskinstance.py", line 274, in _run_raw_task
    TaskInstance._execute_task_with_callbacks(
  File "/home/airflow/.local/lib/python3.12/site-packages/airflow/models/taskinstance.py", line 3161, in _execute_task_with_callbacks
    result = self._execute_task(context, task_orig)
             ^^^^^^^^^^^^^^^^^^^^^^^^^^^^^^^^^^^^^^
  File "/home/airflow/.local/lib/python3.12/site-packages/airflow/models/taskinstance.py", line 3185, in _execute_task
    return _execute_task(self, context, task_orig)
           ^^^^^^^^^^^^^^^^^^^^^^^^^^^^^^^^^^^^^^^
  File "/home/airflow/.local/lib/python3.12/site-packages/airflow/models/taskinstance.py", line 768, in _execute_task
    result = _execute_callable(context=context, **execute_callable_kwargs)
             ^^^^^^^^^^^^^^^^^^^^^^^^^^^^^^^^^^^^^^^^^^^^^^^^^^^^^^^^^^^^^
  File "/home/airflow/.local/lib/python3.12/site-packages/airflow/models/taskinstance.py", line 734, in _execute_callable
    return ExecutionCallableRunner(
           ^^^^^^^^^^^^^^^^^^^^^^^^
  File "/home/airflow/.local/lib/python3.12/site-packages/airflow/utils/operator_helpers.py", line 252, in run
    return self.func(*args, **kwargs)
           ^^^^^^^^^^^^^^^^^^^^^^^^^^
  File "/home/airflow/.local/lib/python3.12/site-packages/airflow/models/baseoperator.py", line 424, in wrapper
    return func(self, *args, **kwargs)
           ^^^^^^^^^^^^^^^^^^^^^^^^^^^
  File "/home/airflow/.local/lib/python3.12/site-packages/airflow/operators/python.py", line 238, in execute
    return_value = self.execute_callable()
                   ^^^^^^^^^^^^^^^^^^^^^^^
  File "/home/airflow/.local/lib/python3.12/site-packages/airflow/operators/python.py", line 256, in execute_callable
    return runner.run(*self.op_args, **self.op_kwargs)
           ^^^^^^^^^^^^^^^^^^^^^^^^^^^^^^^^^^^^^^^^^^^
  File "/home/airflow/.local/lib/python3.12/site-packages/airflow/utils/operator_helpers.py", line 252, in run
    return self.func(*args, **kwargs)
           ^^^^^^^^^^^^^^^^^^^^^^^^^^
  File "/opt/airflow/dags/DAG1.py", line 10, in get_stock_data
    data = stock.history(period="1d", interval="1m", prepost=True)
           ^^^^^^^^^^^^^^^^^^^^^^^^^^^^^^^^^^^^^^^^^^^^^^^^^^^^^^^
  File "/home/airflow/.local/lib/python3.12/site-packages/yfinance/utils.py", line 104, in wrapper
    result = func(*args, **kwargs)
             ^^^^^^^^^^^^^^^^^^^^^
  File "/home/airflow/.local/lib/python3.12/site-packages/yfinance/base.py", line 80, in history
    return self._lazy_load_price_history().history(*args, **kwargs)
           ^^^^^^^^^^^^^^^^^^^^^^^^^^^^^^^^^^^^^^^^^^^^^^^^^^^^^^^^
  File "/home/airflow/.local/lib/python3.12/site-packages/yfinance/utils.py", line 104, in wrapper
    result = func(*args, **kwargs)
             ^^^^^^^^^^^^^^^^^^^^^
  File "/home/airflow/.local/lib/python3.12/site-packages/yfinance/scrapers/history.py", line 175, in history
    data = get_fn(
           ^^^^^^^
  File "/home/airflow/.local/lib/python3.12/site-packages/yfinance/utils.py", line 104, in wrapper
    result = func(*args, **kwargs)
             ^^^^^^^^^^^^^^^^^^^^^
  File "/home/airflow/.local/lib/python3.12/site-packages/yfinance/data.py", line 347, in get
    return self._make_request(url, request_method = self._session.get, user_agent_headers=user_agent_headers, params=params, proxy=proxy, timeout=timeout)
           ^^^^^^^^^^^^^^^^^^^^^^^^^^^^^^^^^^^^^^^^^^^^^^^^^^^^^^^^^^^^^^^^^^^^^^^^^^^^^^^^^^^^^^^^^^^^^^^^^^^^^^^^^^^^^^^^^^^^^^^^^^^^^^^^^^^^^^^^^^^^^^^
  File "/home/airflow/.local/lib/python3.12/site-packages/yfinance/utils.py", line 104, in wrapper
    result = func(*args, **kwargs)
             ^^^^^^^^^^^^^^^^^^^^^
  File "/home/airflow/.local/lib/python3.12/site-packages/yfinance/data.py", line 409, in _make_request
    raise YFRateLimitError()
yfinance.exceptions.YFRateLimitError: Too Many Requests. Rate limited. Try after a while.
[2026-04-12T11:17:04.803+0000] {local_task_job_runner.py:266} INFO - Task exited with return code 1
[2026-04-12T11:17:04.817+0000] {taskinstance.py:3901} INFO - 0 downstream tasks scheduled from follow-on schedule check
[2026-04-12T11:17:04.818+0000] {local_task_job_runner.py:245} INFO - ::endgroup::
