[2026-04-12T11:12:28.375+0000] {processor.py:186} INFO - Started process (PID=192) to work on /opt/airflow/dags/DAG1.py
[2026-04-12T11:12:28.377+0000] {processor.py:914} INFO - Processing file /opt/airflow/dags/DAG1.py for tasks to queue
[2026-04-12T11:12:28.381+0000] {logging_mixin.py:190} INFO - [2026-04-12T11:12:28.380+0000] {dagbag.py:588} INFO - Filling up the DagBag from /opt/airflow/dags/DAG1.py
[2026-04-12T11:12:28.720+0000] {processor.py:925} INFO - DAG(s) 'dag_yfinance' retrieved from /opt/airflow/dags/DAG1.py
[2026-04-12T11:12:28.834+0000] {logging_mixin.py:190} INFO - [2026-04-12T11:12:28.833+0000] {override.py:1912} INFO - Created Permission View: can edit on DAG:dag_yfinance
[2026-04-12T11:12:28.848+0000] {logging_mixin.py:190} INFO - [2026-04-12T11:12:28.847+0000] {override.py:1912} INFO - Created Permission View: can delete on DAG:dag_yfinance
[2026-04-12T11:12:28.857+0000] {logging_mixin.py:190} INFO - [2026-04-12T11:12:28.856+0000] {override.py:1912} INFO - Created Permission View: can read on DAG:dag_yfinance
[2026-04-12T11:12:28.863+0000] {logging_mixin.py:190} INFO - [2026-04-12T11:12:28.863+0000] {override.py:1912} INFO - Created Permission View: can delete on DAG Run:dag_yfinance
[2026-04-12T11:12:28.870+0000] {logging_mixin.py:190} INFO - [2026-04-12T11:12:28.870+0000] {override.py:1912} INFO - Created Permission View: can create on DAG Run:dag_yfinance
[2026-04-12T11:12:28.876+0000] {logging_mixin.py:190} INFO - [2026-04-12T11:12:28.875+0000] {override.py:1912} INFO - Created Permission View: can read on DAG Run:dag_yfinance
[2026-04-12T11:12:28.880+0000] {logging_mixin.py:190} INFO - [2026-04-12T11:12:28.880+0000] {override.py:1912} INFO - Created Permission View: menu access on DAG Run:dag_yfinance
[2026-04-12T11:12:28.880+0000] {logging_mixin.py:190} INFO - [2026-04-12T11:12:28.880+0000] {dag.py:3239} INFO - Sync 1 DAGs
[2026-04-12T11:12:28.894+0000] {logging_mixin.py:190} INFO - [2026-04-12T11:12:28.894+0000] {dag.py:3262} INFO - Creating ORM DAG for dag_yfinance
[2026-04-12T11:12:28.909+0000] {logging_mixin.py:190} INFO - [2026-04-12T11:12:28.909+0000] {dag.py:4180} INFO - Setting next_dagrun for dag_yfinance to 2026-04-12 11:11:00+00:00, run_after=2026-04-12 11:12:00+00:00
[2026-04-12T11:12:28.927+0000] {processor.py:208} INFO - Processing /opt/airflow/dags/DAG1.py took 0.558 seconds
[2026-04-12T11:12:59.105+0000] {processor.py:186} INFO - Started process (PID=488) to work on /opt/airflow/dags/DAG1.py
[2026-04-12T11:12:59.107+0000] {processor.py:914} INFO - Processing file /opt/airflow/dags/DAG1.py for tasks to queue
[2026-04-12T11:12:59.112+0000] {logging_mixin.py:190} INFO - [2026-04-12T11:12:59.111+0000] {dagbag.py:588} INFO - Filling up the DagBag from /opt/airflow/dags/DAG1.py
[2026-04-12T11:12:59.329+0000] {processor.py:925} INFO - DAG(s) 'dag_yfinance' retrieved from /opt/airflow/dags/DAG1.py
[2026-04-12T11:12:59.348+0000] {logging_mixin.py:190} INFO - [2026-04-12T11:12:59.348+0000] {dag.py:3239} INFO - Sync 1 DAGs
[2026-04-12T11:12:59.367+0000] {logging_mixin.py:190} INFO - [2026-04-12T11:12:59.367+0000] {dag.py:4180} INFO - Setting next_dagrun for dag_yfinance to 2026-04-12 11:11:00+00:00, run_after=2026-04-12 11:12:00+00:00
[2026-04-12T11:12:59.379+0000] {processor.py:208} INFO - Processing /opt/airflow/dags/DAG1.py took 0.286 seconds
[2026-04-12T11:13:29.481+0000] {processor.py:186} INFO - Started process (PID=788) to work on /opt/airflow/dags/DAG1.py
[2026-04-12T11:13:29.483+0000] {processor.py:914} INFO - Processing file /opt/airflow/dags/DAG1.py for tasks to queue
[2026-04-12T11:13:29.486+0000] {logging_mixin.py:190} INFO - [2026-04-12T11:13:29.485+0000] {dagbag.py:588} INFO - Filling up the DagBag from /opt/airflow/dags/DAG1.py
[2026-04-12T11:13:29.645+0000] {processor.py:925} INFO - DAG(s) 'dag_yfinance' retrieved from /opt/airflow/dags/DAG1.py
[2026-04-12T11:13:29.666+0000] {logging_mixin.py:190} INFO - [2026-04-12T11:13:29.666+0000] {dag.py:3239} INFO - Sync 1 DAGs
[2026-04-12T11:13:29.688+0000] {logging_mixin.py:190} INFO - [2026-04-12T11:13:29.688+0000] {dag.py:4180} INFO - Setting next_dagrun for dag_yfinance to 2026-04-12 11:12:00+00:00, run_after=2026-04-12 11:13:00+00:00
[2026-04-12T11:13:29.710+0000] {processor.py:208} INFO - Processing /opt/airflow/dags/DAG1.py took 0.233 seconds
[2026-04-12T11:14:00.335+0000] {processor.py:186} INFO - Started process (PID=1080) to work on /opt/airflow/dags/DAG1.py
[2026-04-12T11:14:00.337+0000] {processor.py:914} INFO - Processing file /opt/airflow/dags/DAG1.py for tasks to queue
[2026-04-12T11:14:00.340+0000] {logging_mixin.py:190} INFO - [2026-04-12T11:14:00.339+0000] {dagbag.py:588} INFO - Filling up the DagBag from /opt/airflow/dags/DAG1.py
[2026-04-12T11:14:00.528+0000] {processor.py:925} INFO - DAG(s) 'dag_yfinance' retrieved from /opt/airflow/dags/DAG1.py
[2026-04-12T11:14:00.543+0000] {logging_mixin.py:190} INFO - [2026-04-12T11:14:00.543+0000] {dag.py:3239} INFO - Sync 1 DAGs
[2026-04-12T11:14:00.560+0000] {logging_mixin.py:190} INFO - [2026-04-12T11:14:00.560+0000] {dag.py:4180} INFO - Setting next_dagrun for dag_yfinance to 2026-04-12 11:13:00+00:00, run_after=2026-04-12 11:14:00+00:00
[2026-04-12T11:14:00.570+0000] {processor.py:208} INFO - Processing /opt/airflow/dags/DAG1.py took 0.249 seconds
[2026-04-12T11:14:30.793+0000] {processor.py:186} INFO - Started process (PID=1376) to work on /opt/airflow/dags/DAG1.py
[2026-04-12T11:14:30.795+0000] {processor.py:914} INFO - Processing file /opt/airflow/dags/DAG1.py for tasks to queue
[2026-04-12T11:14:30.798+0000] {logging_mixin.py:190} INFO - [2026-04-12T11:14:30.797+0000] {dagbag.py:588} INFO - Filling up the DagBag from /opt/airflow/dags/DAG1.py
[2026-04-12T11:14:31.022+0000] {processor.py:925} INFO - DAG(s) 'dag_yfinance' retrieved from /opt/airflow/dags/DAG1.py
[2026-04-12T11:14:31.059+0000] {logging_mixin.py:190} INFO - [2026-04-12T11:14:31.059+0000] {dag.py:3239} INFO - Sync 1 DAGs
[2026-04-12T11:14:31.083+0000] {logging_mixin.py:190} INFO - [2026-04-12T11:14:31.082+0000] {dag.py:4180} INFO - Setting next_dagrun for dag_yfinance to 2026-04-12 11:13:00+00:00, run_after=2026-04-12 11:14:00+00:00
[2026-04-12T11:14:31.099+0000] {processor.py:208} INFO - Processing /opt/airflow/dags/DAG1.py took 0.317 seconds
[2026-04-12T11:15:01.381+0000] {processor.py:186} INFO - Started process (PID=1679) to work on /opt/airflow/dags/DAG1.py
[2026-04-12T11:15:01.383+0000] {processor.py:914} INFO - Processing file /opt/airflow/dags/DAG1.py for tasks to queue
[2026-04-12T11:15:01.391+0000] {logging_mixin.py:190} INFO - [2026-04-12T11:15:01.388+0000] {dagbag.py:588} INFO - Filling up the DagBag from /opt/airflow/dags/DAG1.py
[2026-04-12T11:15:01.585+0000] {processor.py:925} INFO - DAG(s) 'dag_yfinance' retrieved from /opt/airflow/dags/DAG1.py
[2026-04-12T11:15:01.611+0000] {logging_mixin.py:190} INFO - [2026-04-12T11:15:01.611+0000] {dag.py:3239} INFO - Sync 1 DAGs
[2026-04-12T11:15:01.632+0000] {logging_mixin.py:190} INFO - [2026-04-12T11:15:01.631+0000] {dag.py:4180} INFO - Setting next_dagrun for dag_yfinance to 2026-04-12 11:14:00+00:00, run_after=2026-04-12 11:15:00+00:00
[2026-04-12T11:15:01.643+0000] {processor.py:208} INFO - Processing /opt/airflow/dags/DAG1.py took 0.275 seconds
[2026-04-12T11:15:31.847+0000] {processor.py:186} INFO - Started process (PID=1975) to work on /opt/airflow/dags/DAG1.py
[2026-04-12T11:15:31.849+0000] {processor.py:914} INFO - Processing file /opt/airflow/dags/DAG1.py for tasks to queue
[2026-04-12T11:15:31.856+0000] {logging_mixin.py:190} INFO - [2026-04-12T11:15:31.855+0000] {dagbag.py:588} INFO - Filling up the DagBag from /opt/airflow/dags/DAG1.py
[2026-04-12T11:15:32.039+0000] {processor.py:925} INFO - DAG(s) 'dag_yfinance' retrieved from /opt/airflow/dags/DAG1.py
[2026-04-12T11:15:32.068+0000] {logging_mixin.py:190} INFO - [2026-04-12T11:15:32.067+0000] {dag.py:3239} INFO - Sync 1 DAGs
[2026-04-12T11:15:32.086+0000] {logging_mixin.py:190} INFO - [2026-04-12T11:15:32.086+0000] {dag.py:4180} INFO - Setting next_dagrun for dag_yfinance to 2026-04-12 11:14:00+00:00, run_after=2026-04-12 11:15:00+00:00
[2026-04-12T11:15:32.098+0000] {processor.py:208} INFO - Processing /opt/airflow/dags/DAG1.py took 0.262 seconds
[2026-04-12T11:16:02.801+0000] {processor.py:186} INFO - Started process (PID=2271) to work on /opt/airflow/dags/DAG1.py
[2026-04-12T11:16:02.805+0000] {processor.py:914} INFO - Processing file /opt/airflow/dags/DAG1.py for tasks to queue
[2026-04-12T11:16:02.821+0000] {logging_mixin.py:190} INFO - [2026-04-12T11:16:02.814+0000] {dagbag.py:588} INFO - Filling up the DagBag from /opt/airflow/dags/DAG1.py
[2026-04-12T11:16:03.056+0000] {processor.py:925} INFO - DAG(s) 'dag_yfinance' retrieved from /opt/airflow/dags/DAG1.py
[2026-04-12T11:16:03.093+0000] {logging_mixin.py:190} INFO - [2026-04-12T11:16:03.092+0000] {dag.py:3239} INFO - Sync 1 DAGs
[2026-04-12T11:16:03.114+0000] {logging_mixin.py:190} INFO - [2026-04-12T11:16:03.114+0000] {dag.py:4180} INFO - Setting next_dagrun for dag_yfinance to 2026-04-12 11:15:00+00:00, run_after=2026-04-12 11:16:00+00:00
[2026-04-12T11:16:03.130+0000] {processor.py:208} INFO - Processing /opt/airflow/dags/DAG1.py took 0.341 seconds
[2026-04-12T11:16:33.566+0000] {processor.py:186} INFO - Started process (PID=2567) to work on /opt/airflow/dags/DAG1.py
[2026-04-12T11:16:33.568+0000] {processor.py:914} INFO - Processing file /opt/airflow/dags/DAG1.py for tasks to queue
[2026-04-12T11:16:33.571+0000] {logging_mixin.py:190} INFO - [2026-04-12T11:16:33.571+0000] {dagbag.py:588} INFO - Filling up the DagBag from /opt/airflow/dags/DAG1.py
[2026-04-12T11:16:33.730+0000] {processor.py:925} INFO - DAG(s) 'dag_yfinance' retrieved from /opt/airflow/dags/DAG1.py
[2026-04-12T11:16:33.745+0000] {logging_mixin.py:190} INFO - [2026-04-12T11:16:33.744+0000] {dag.py:3239} INFO - Sync 1 DAGs
[2026-04-12T11:16:33.762+0000] {logging_mixin.py:190} INFO - [2026-04-12T11:16:33.762+0000] {dag.py:4180} INFO - Setting next_dagrun for dag_yfinance to 2026-04-12 11:15:00+00:00, run_after=2026-04-12 11:16:00+00:00
[2026-04-12T11:16:33.775+0000] {processor.py:208} INFO - Processing /opt/airflow/dags/DAG1.py took 0.216 seconds
[2026-04-12T11:17:03.891+0000] {processor.py:186} INFO - Started process (PID=2875) to work on /opt/airflow/dags/DAG1.py
[2026-04-12T11:17:03.892+0000] {processor.py:914} INFO - Processing file /opt/airflow/dags/DAG1.py for tasks to queue
[2026-04-12T11:17:03.894+0000] {logging_mixin.py:190} INFO - [2026-04-12T11:17:03.894+0000] {dagbag.py:588} INFO - Filling up the DagBag from /opt/airflow/dags/DAG1.py
[2026-04-12T11:17:04.034+0000] {processor.py:925} INFO - DAG(s) 'dag_yfinance' retrieved from /opt/airflow/dags/DAG1.py
[2026-04-12T11:17:04.048+0000] {logging_mixin.py:190} INFO - [2026-04-12T11:17:04.048+0000] {dag.py:3239} INFO - Sync 1 DAGs
[2026-04-12T11:17:04.067+0000] {logging_mixin.py:190} INFO - [2026-04-12T11:17:04.067+0000] {dag.py:4180} INFO - Setting next_dagrun for dag_yfinance to 2026-04-12 11:17:00+00:00, run_after=2026-04-12 11:18:00+00:00
[2026-04-12T11:17:04.078+0000] {processor.py:208} INFO - Processing /opt/airflow/dags/DAG1.py took 0.195 seconds
[2026-04-12T11:17:34.602+0000] {processor.py:186} INFO - Started process (PID=3171) to work on /opt/airflow/dags/DAG1.py
[2026-04-12T11:17:34.604+0000] {processor.py:914} INFO - Processing file /opt/airflow/dags/DAG1.py for tasks to queue
[2026-04-12T11:17:34.607+0000] {logging_mixin.py:190} INFO - [2026-04-12T11:17:34.606+0000] {dagbag.py:588} INFO - Filling up the DagBag from /opt/airflow/dags/DAG1.py
[2026-04-12T11:17:34.756+0000] {processor.py:925} INFO - DAG(s) 'dag_yfinance' retrieved from /opt/airflow/dags/DAG1.py
[2026-04-12T11:17:34.780+0000] {logging_mixin.py:190} INFO - [2026-04-12T11:17:34.780+0000] {dag.py:3239} INFO - Sync 1 DAGs
[2026-04-12T11:17:34.805+0000] {logging_mixin.py:190} INFO - [2026-04-12T11:17:34.805+0000] {dag.py:4180} INFO - Setting next_dagrun for dag_yfinance to 2026-04-12 11:17:00+00:00, run_after=2026-04-12 11:18:00+00:00
[2026-04-12T11:17:34.821+0000] {processor.py:208} INFO - Processing /opt/airflow/dags/DAG1.py took 0.227 seconds
[2026-04-12T11:18:05.504+0000] {processor.py:186} INFO - Started process (PID=3470) to work on /opt/airflow/dags/DAG1.py
[2026-04-12T11:18:05.508+0000] {processor.py:914} INFO - Processing file /opt/airflow/dags/DAG1.py for tasks to queue
[2026-04-12T11:18:05.511+0000] {logging_mixin.py:190} INFO - [2026-04-12T11:18:05.510+0000] {dagbag.py:588} INFO - Filling up the DagBag from /opt/airflow/dags/DAG1.py
[2026-04-12T11:18:05.651+0000] {processor.py:925} INFO - DAG(s) 'dag_yfinance' retrieved from /opt/airflow/dags/DAG1.py
[2026-04-12T11:18:05.671+0000] {logging_mixin.py:190} INFO - [2026-04-12T11:18:05.671+0000] {dag.py:3239} INFO - Sync 1 DAGs
[2026-04-12T11:18:05.694+0000] {logging_mixin.py:190} INFO - [2026-04-12T11:18:05.694+0000] {dag.py:4180} INFO - Setting next_dagrun for dag_yfinance to 2026-04-12 11:18:00+00:00, run_after=2026-04-12 11:19:00+00:00
[2026-04-12T11:18:05.714+0000] {processor.py:208} INFO - Processing /opt/airflow/dags/DAG1.py took 0.217 seconds
[2026-04-12T11:18:07.748+0000] {processor.py:186} INFO - Started process (PID=3543) to work on /opt/airflow/dags/DAG1.py
[2026-04-12T11:18:07.749+0000] {processor.py:914} INFO - Processing file /opt/airflow/dags/DAG1.py for tasks to queue
[2026-04-12T11:18:07.753+0000] {logging_mixin.py:190} INFO - [2026-04-12T11:18:07.752+0000] {dagbag.py:588} INFO - Filling up the DagBag from /opt/airflow/dags/DAG1.py
[2026-04-12T11:18:08.006+0000] {processor.py:925} INFO - DAG(s) 'dag_yfinance' retrieved from /opt/airflow/dags/DAG1.py
[2026-04-12T11:18:08.041+0000] {logging_mixin.py:190} INFO - [2026-04-12T11:18:08.041+0000] {dag.py:3239} INFO - Sync 1 DAGs
[2026-04-12T11:18:08.081+0000] {logging_mixin.py:190} INFO - [2026-04-12T11:18:08.081+0000] {dag.py:4180} INFO - Setting next_dagrun for dag_yfinance to 2026-04-12 11:18:00+00:00, run_after=2026-04-12 11:19:00+00:00
[2026-04-12T11:18:08.110+0000] {processor.py:208} INFO - Processing /opt/airflow/dags/DAG1.py took 0.369 seconds
[2026-04-12T11:18:38.189+0000] {processor.py:186} INFO - Started process (PID=3819) to work on /opt/airflow/dags/DAG1.py
[2026-04-12T11:18:38.193+0000] {processor.py:914} INFO - Processing file /opt/airflow/dags/DAG1.py for tasks to queue
[2026-04-12T11:18:38.195+0000] {logging_mixin.py:190} INFO - [2026-04-12T11:18:38.195+0000] {dagbag.py:588} INFO - Filling up the DagBag from /opt/airflow/dags/DAG1.py
[2026-04-12T11:18:38.358+0000] {processor.py:925} INFO - DAG(s) 'dag_yfinance' retrieved from /opt/airflow/dags/DAG1.py
[2026-04-12T11:18:38.393+0000] {logging_mixin.py:190} INFO - [2026-04-12T11:18:38.392+0000] {dag.py:3239} INFO - Sync 1 DAGs
[2026-04-12T11:18:38.429+0000] {logging_mixin.py:190} INFO - [2026-04-12T11:18:38.429+0000] {dag.py:4180} INFO - Setting next_dagrun for dag_yfinance to 2026-04-12 11:18:00+00:00, run_after=2026-04-12 11:19:00+00:00
[2026-04-12T11:18:38.451+0000] {processor.py:208} INFO - Processing /opt/airflow/dags/DAG1.py took 0.270 seconds
[2026-04-12T11:19:08.637+0000] {processor.py:186} INFO - Started process (PID=4130) to work on /opt/airflow/dags/DAG1.py
[2026-04-12T11:19:08.638+0000] {processor.py:914} INFO - Processing file /opt/airflow/dags/DAG1.py for tasks to queue
[2026-04-12T11:19:08.640+0000] {logging_mixin.py:190} INFO - [2026-04-12T11:19:08.640+0000] {dagbag.py:588} INFO - Filling up the DagBag from /opt/airflow/dags/DAG1.py
[2026-04-12T11:19:08.785+0000] {processor.py:925} INFO - DAG(s) 'dag_yfinance' retrieved from /opt/airflow/dags/DAG1.py
[2026-04-12T11:19:08.805+0000] {logging_mixin.py:190} INFO - [2026-04-12T11:19:08.805+0000] {dag.py:3239} INFO - Sync 1 DAGs
[2026-04-12T11:19:08.824+0000] {logging_mixin.py:190} INFO - [2026-04-12T11:19:08.824+0000] {dag.py:4180} INFO - Setting next_dagrun for dag_yfinance to 2026-04-12 11:19:00+00:00, run_after=2026-04-12 11:20:00+00:00
[2026-04-12T11:19:08.836+0000] {processor.py:208} INFO - Processing /opt/airflow/dags/DAG1.py took 0.205 seconds
[2026-04-12T11:19:39.487+0000] {processor.py:186} INFO - Started process (PID=4426) to work on /opt/airflow/dags/DAG1.py
[2026-04-12T11:19:39.489+0000] {processor.py:914} INFO - Processing file /opt/airflow/dags/DAG1.py for tasks to queue
[2026-04-12T11:19:39.492+0000] {logging_mixin.py:190} INFO - [2026-04-12T11:19:39.492+0000] {dagbag.py:588} INFO - Filling up the DagBag from /opt/airflow/dags/DAG1.py
[2026-04-12T11:19:39.622+0000] {processor.py:925} INFO - DAG(s) 'dag_yfinance' retrieved from /opt/airflow/dags/DAG1.py
[2026-04-12T11:19:39.643+0000] {logging_mixin.py:190} INFO - [2026-04-12T11:19:39.643+0000] {dag.py:3239} INFO - Sync 1 DAGs
[2026-04-12T11:19:39.668+0000] {logging_mixin.py:190} INFO - [2026-04-12T11:19:39.668+0000] {dag.py:4180} INFO - Setting next_dagrun for dag_yfinance to 2026-04-12 11:19:00+00:00, run_after=2026-04-12 11:20:00+00:00
[2026-04-12T11:19:39.686+0000] {processor.py:208} INFO - Processing /opt/airflow/dags/DAG1.py took 0.205 seconds
[2026-04-12T11:20:10.401+0000] {processor.py:186} INFO - Started process (PID=4722) to work on /opt/airflow/dags/DAG1.py
[2026-04-12T11:20:10.403+0000] {processor.py:914} INFO - Processing file /opt/airflow/dags/DAG1.py for tasks to queue
[2026-04-12T11:20:10.405+0000] {logging_mixin.py:190} INFO - [2026-04-12T11:20:10.405+0000] {dagbag.py:588} INFO - Filling up the DagBag from /opt/airflow/dags/DAG1.py
[2026-04-12T11:20:10.539+0000] {processor.py:925} INFO - DAG(s) 'dag_yfinance' retrieved from /opt/airflow/dags/DAG1.py
[2026-04-12T11:20:10.557+0000] {logging_mixin.py:190} INFO - [2026-04-12T11:20:10.557+0000] {dag.py:3239} INFO - Sync 1 DAGs
[2026-04-12T11:20:10.580+0000] {logging_mixin.py:190} INFO - [2026-04-12T11:20:10.580+0000] {dag.py:4180} INFO - Setting next_dagrun for dag_yfinance to 2026-04-12 11:19:00+00:00, run_after=2026-04-12 11:20:00+00:00
[2026-04-12T11:20:10.593+0000] {processor.py:208} INFO - Processing /opt/airflow/dags/DAG1.py took 0.198 seconds
[2026-04-12T11:20:41.541+0000] {processor.py:186} INFO - Started process (PID=5018) to work on /opt/airflow/dags/DAG1.py
[2026-04-12T11:20:41.549+0000] {processor.py:914} INFO - Processing file /opt/airflow/dags/DAG1.py for tasks to queue
[2026-04-12T11:20:41.573+0000] {logging_mixin.py:190} INFO - [2026-04-12T11:20:41.566+0000] {dagbag.py:588} INFO - Filling up the DagBag from /opt/airflow/dags/DAG1.py
[2026-04-12T11:20:42.172+0000] {processor.py:925} INFO - DAG(s) 'dag_yfinance' retrieved from /opt/airflow/dags/DAG1.py
[2026-04-12T11:20:42.262+0000] {logging_mixin.py:190} INFO - [2026-04-12T11:20:42.261+0000] {dag.py:3239} INFO - Sync 1 DAGs
[2026-04-12T11:20:42.432+0000] {logging_mixin.py:190} INFO - [2026-04-12T11:20:42.424+0000] {dag.py:4180} INFO - Setting next_dagrun for dag_yfinance to 2026-04-12 11:19:00+00:00, run_after=2026-04-12 11:20:00+00:00
[2026-04-12T11:20:42.779+0000] {processor.py:208} INFO - Processing /opt/airflow/dags/DAG1.py took 1.274 seconds
[2026-04-12T11:21:12.974+0000] {processor.py:186} INFO - Started process (PID=5314) to work on /opt/airflow/dags/DAG1.py
[2026-04-12T11:21:12.976+0000] {processor.py:914} INFO - Processing file /opt/airflow/dags/DAG1.py for tasks to queue
[2026-04-12T11:21:12.978+0000] {logging_mixin.py:190} INFO - [2026-04-12T11:21:12.978+0000] {dagbag.py:588} INFO - Filling up the DagBag from /opt/airflow/dags/DAG1.py
[2026-04-12T11:21:13.115+0000] {processor.py:925} INFO - DAG(s) 'dag_yfinance' retrieved from /opt/airflow/dags/DAG1.py
[2026-04-12T11:21:13.141+0000] {logging_mixin.py:190} INFO - [2026-04-12T11:21:13.140+0000] {dag.py:3239} INFO - Sync 1 DAGs
[2026-04-12T11:21:13.159+0000] {logging_mixin.py:190} INFO - [2026-04-12T11:21:13.159+0000] {dag.py:4180} INFO - Setting next_dagrun for dag_yfinance to 2026-04-12 11:20:00+00:00, run_after=2026-04-12 11:21:00+00:00
[2026-04-12T11:21:13.174+0000] {processor.py:208} INFO - Processing /opt/airflow/dags/DAG1.py took 0.205 seconds
[2026-04-12T11:21:43.631+0000] {processor.py:186} INFO - Started process (PID=5610) to work on /opt/airflow/dags/DAG1.py
[2026-04-12T11:21:43.637+0000] {processor.py:914} INFO - Processing file /opt/airflow/dags/DAG1.py for tasks to queue
[2026-04-12T11:21:43.644+0000] {logging_mixin.py:190} INFO - [2026-04-12T11:21:43.643+0000] {dagbag.py:588} INFO - Filling up the DagBag from /opt/airflow/dags/DAG1.py
[2026-04-12T11:21:43.798+0000] {processor.py:925} INFO - DAG(s) 'dag_yfinance' retrieved from /opt/airflow/dags/DAG1.py
[2026-04-12T11:21:43.816+0000] {logging_mixin.py:190} INFO - [2026-04-12T11:21:43.816+0000] {dag.py:3239} INFO - Sync 1 DAGs
[2026-04-12T11:21:43.834+0000] {logging_mixin.py:190} INFO - [2026-04-12T11:21:43.834+0000] {dag.py:4180} INFO - Setting next_dagrun for dag_yfinance to 2026-04-12 11:20:00+00:00, run_after=2026-04-12 11:21:00+00:00
[2026-04-12T11:21:43.847+0000] {processor.py:208} INFO - Processing /opt/airflow/dags/DAG1.py took 0.223 seconds
[2026-04-12T11:22:13.942+0000] {processor.py:186} INFO - Started process (PID=5914) to work on /opt/airflow/dags/DAG1.py
[2026-04-12T11:22:13.945+0000] {processor.py:914} INFO - Processing file /opt/airflow/dags/DAG1.py for tasks to queue
[2026-04-12T11:22:13.947+0000] {logging_mixin.py:190} INFO - [2026-04-12T11:22:13.947+0000] {dagbag.py:588} INFO - Filling up the DagBag from /opt/airflow/dags/DAG1.py
[2026-04-12T11:22:14.057+0000] {processor.py:925} INFO - DAG(s) 'dag_yfinance' retrieved from /opt/airflow/dags/DAG1.py
[2026-04-12T11:22:14.070+0000] {logging_mixin.py:190} INFO - [2026-04-12T11:22:14.070+0000] {dag.py:3239} INFO - Sync 1 DAGs
[2026-04-12T11:22:14.085+0000] {logging_mixin.py:190} INFO - [2026-04-12T11:22:14.085+0000] {dag.py:4180} INFO - Setting next_dagrun for dag_yfinance to 2026-04-12 11:21:00+00:00, run_after=2026-04-12 11:22:00+00:00
[2026-04-12T11:22:14.095+0000] {processor.py:208} INFO - Processing /opt/airflow/dags/DAG1.py took 0.158 seconds
[2026-04-12T11:22:44.183+0000] {processor.py:186} INFO - Started process (PID=6209) to work on /opt/airflow/dags/DAG1.py
[2026-04-12T11:22:44.185+0000] {processor.py:914} INFO - Processing file /opt/airflow/dags/DAG1.py for tasks to queue
[2026-04-12T11:22:44.187+0000] {logging_mixin.py:190} INFO - [2026-04-12T11:22:44.187+0000] {dagbag.py:588} INFO - Filling up the DagBag from /opt/airflow/dags/DAG1.py
[2026-04-12T11:22:44.305+0000] {processor.py:925} INFO - DAG(s) 'dag_yfinance' retrieved from /opt/airflow/dags/DAG1.py
[2026-04-12T11:22:44.318+0000] {logging_mixin.py:190} INFO - [2026-04-12T11:22:44.318+0000] {dag.py:3239} INFO - Sync 1 DAGs
[2026-04-12T11:22:44.333+0000] {logging_mixin.py:190} INFO - [2026-04-12T11:22:44.333+0000] {dag.py:4180} INFO - Setting next_dagrun for dag_yfinance to 2026-04-12 11:21:00+00:00, run_after=2026-04-12 11:22:00+00:00
[2026-04-12T11:22:44.343+0000] {processor.py:208} INFO - Processing /opt/airflow/dags/DAG1.py took 0.165 seconds
[2026-04-12T11:23:15.112+0000] {processor.py:186} INFO - Started process (PID=6497) to work on /opt/airflow/dags/DAG1.py
[2026-04-12T11:23:15.113+0000] {processor.py:914} INFO - Processing file /opt/airflow/dags/DAG1.py for tasks to queue
[2026-04-12T11:23:15.117+0000] {logging_mixin.py:190} INFO - [2026-04-12T11:23:15.117+0000] {dagbag.py:588} INFO - Filling up the DagBag from /opt/airflow/dags/DAG1.py
[2026-04-12T11:23:15.264+0000] {processor.py:925} INFO - DAG(s) 'dag_yfinance' retrieved from /opt/airflow/dags/DAG1.py
[2026-04-12T11:23:15.283+0000] {logging_mixin.py:190} INFO - [2026-04-12T11:23:15.283+0000] {dag.py:3239} INFO - Sync 1 DAGs
[2026-04-12T11:23:15.302+0000] {logging_mixin.py:190} INFO - [2026-04-12T11:23:15.302+0000] {dag.py:4180} INFO - Setting next_dagrun for dag_yfinance to 2026-04-12 11:22:00+00:00, run_after=2026-04-12 11:23:00+00:00
[2026-04-12T11:23:15.314+0000] {processor.py:208} INFO - Processing /opt/airflow/dags/DAG1.py took 0.210 seconds
[2026-04-12T11:23:45.814+0000] {processor.py:186} INFO - Started process (PID=6793) to work on /opt/airflow/dags/DAG1.py
[2026-04-12T11:23:45.816+0000] {processor.py:914} INFO - Processing file /opt/airflow/dags/DAG1.py for tasks to queue
[2026-04-12T11:23:45.817+0000] {logging_mixin.py:190} INFO - [2026-04-12T11:23:45.817+0000] {dagbag.py:588} INFO - Filling up the DagBag from /opt/airflow/dags/DAG1.py
[2026-04-12T11:23:45.948+0000] {processor.py:925} INFO - DAG(s) 'dag_yfinance' retrieved from /opt/airflow/dags/DAG1.py
[2026-04-12T11:23:45.970+0000] {logging_mixin.py:190} INFO - [2026-04-12T11:23:45.969+0000] {dag.py:3239} INFO - Sync 1 DAGs
[2026-04-12T11:23:45.987+0000] {logging_mixin.py:190} INFO - [2026-04-12T11:23:45.986+0000] {dag.py:4180} INFO - Setting next_dagrun for dag_yfinance to 2026-04-12 11:22:00+00:00, run_after=2026-04-12 11:23:00+00:00
[2026-04-12T11:23:45.997+0000] {processor.py:208} INFO - Processing /opt/airflow/dags/DAG1.py took 0.187 seconds
[2026-04-12T11:24:16.127+0000] {processor.py:186} INFO - Started process (PID=7089) to work on /opt/airflow/dags/DAG1.py
[2026-04-12T11:24:16.129+0000] {processor.py:914} INFO - Processing file /opt/airflow/dags/DAG1.py for tasks to queue
[2026-04-12T11:24:16.131+0000] {logging_mixin.py:190} INFO - [2026-04-12T11:24:16.131+0000] {dagbag.py:588} INFO - Filling up the DagBag from /opt/airflow/dags/DAG1.py
[2026-04-12T11:24:16.258+0000] {processor.py:925} INFO - DAG(s) 'dag_yfinance' retrieved from /opt/airflow/dags/DAG1.py
[2026-04-12T11:24:16.274+0000] {logging_mixin.py:190} INFO - [2026-04-12T11:24:16.274+0000] {dag.py:3239} INFO - Sync 1 DAGs
[2026-04-12T11:24:16.291+0000] {logging_mixin.py:190} INFO - [2026-04-12T11:24:16.291+0000] {dag.py:4180} INFO - Setting next_dagrun for dag_yfinance to 2026-04-12 11:23:00+00:00, run_after=2026-04-12 11:24:00+00:00
[2026-04-12T11:24:16.301+0000] {processor.py:208} INFO - Processing /opt/airflow/dags/DAG1.py took 0.180 seconds
[2026-04-12T11:24:47.216+0000] {processor.py:186} INFO - Started process (PID=7385) to work on /opt/airflow/dags/DAG1.py
[2026-04-12T11:24:47.218+0000] {processor.py:914} INFO - Processing file /opt/airflow/dags/DAG1.py for tasks to queue
[2026-04-12T11:24:47.220+0000] {logging_mixin.py:190} INFO - [2026-04-12T11:24:47.220+0000] {dagbag.py:588} INFO - Filling up the DagBag from /opt/airflow/dags/DAG1.py
[2026-04-12T11:24:47.352+0000] {processor.py:925} INFO - DAG(s) 'dag_yfinance' retrieved from /opt/airflow/dags/DAG1.py
[2026-04-12T11:24:47.371+0000] {logging_mixin.py:190} INFO - [2026-04-12T11:24:47.371+0000] {dag.py:3239} INFO - Sync 1 DAGs
[2026-04-12T11:24:47.390+0000] {logging_mixin.py:190} INFO - [2026-04-12T11:24:47.390+0000] {dag.py:4180} INFO - Setting next_dagrun for dag_yfinance to 2026-04-12 11:23:00+00:00, run_after=2026-04-12 11:24:00+00:00
[2026-04-12T11:24:47.402+0000] {processor.py:208} INFO - Processing /opt/airflow/dags/DAG1.py took 0.192 seconds
[2026-04-12T11:25:17.468+0000] {processor.py:186} INFO - Started process (PID=7686) to work on /opt/airflow/dags/DAG1.py
[2026-04-12T11:25:17.469+0000] {processor.py:914} INFO - Processing file /opt/airflow/dags/DAG1.py for tasks to queue
[2026-04-12T11:25:17.471+0000] {logging_mixin.py:190} INFO - [2026-04-12T11:25:17.470+0000] {dagbag.py:588} INFO - Filling up the DagBag from /opt/airflow/dags/DAG1.py
[2026-04-12T11:25:17.596+0000] {processor.py:925} INFO - DAG(s) 'dag_yfinance' retrieved from /opt/airflow/dags/DAG1.py
[2026-04-12T11:25:17.615+0000] {logging_mixin.py:190} INFO - [2026-04-12T11:25:17.615+0000] {dag.py:3239} INFO - Sync 1 DAGs
[2026-04-12T11:25:17.634+0000] {logging_mixin.py:190} INFO - [2026-04-12T11:25:17.634+0000] {dag.py:4180} INFO - Setting next_dagrun for dag_yfinance to 2026-04-12 11:24:00+00:00, run_after=2026-04-12 11:25:00+00:00
[2026-04-12T11:25:17.646+0000] {processor.py:208} INFO - Processing /opt/airflow/dags/DAG1.py took 0.183 seconds
[2026-04-12T11:25:47.674+0000] {processor.py:186} INFO - Started process (PID=7986) to work on /opt/airflow/dags/DAG1.py
[2026-04-12T11:25:47.676+0000] {processor.py:914} INFO - Processing file /opt/airflow/dags/DAG1.py for tasks to queue
[2026-04-12T11:25:47.679+0000] {logging_mixin.py:190} INFO - [2026-04-12T11:25:47.678+0000] {dagbag.py:588} INFO - Filling up the DagBag from /opt/airflow/dags/DAG1.py
[2026-04-12T11:25:47.821+0000] {processor.py:925} INFO - DAG(s) 'dag_yfinance' retrieved from /opt/airflow/dags/DAG1.py
[2026-04-12T11:25:47.840+0000] {logging_mixin.py:190} INFO - [2026-04-12T11:25:47.839+0000] {dag.py:3239} INFO - Sync 1 DAGs
[2026-04-12T11:25:47.858+0000] {logging_mixin.py:190} INFO - [2026-04-12T11:25:47.858+0000] {dag.py:4180} INFO - Setting next_dagrun for dag_yfinance to 2026-04-12 11:24:00+00:00, run_after=2026-04-12 11:25:00+00:00
[2026-04-12T11:25:47.871+0000] {processor.py:208} INFO - Processing /opt/airflow/dags/DAG1.py took 0.201 seconds
[2026-04-12T11:27:08.674+0000] {processor.py:186} INFO - Started process (PID=8102) to work on /opt/airflow/dags/DAG1.py
[2026-04-12T11:27:08.675+0000] {processor.py:914} INFO - Processing file /opt/airflow/dags/DAG1.py for tasks to queue
[2026-04-12T11:27:08.678+0000] {logging_mixin.py:190} INFO - [2026-04-12T11:27:08.678+0000] {dagbag.py:588} INFO - Filling up the DagBag from /opt/airflow/dags/DAG1.py
[2026-04-12T11:27:08.835+0000] {processor.py:925} INFO - DAG(s) 'dag_yfinance' retrieved from /opt/airflow/dags/DAG1.py
[2026-04-12T11:27:08.856+0000] {logging_mixin.py:190} INFO - [2026-04-12T11:27:08.856+0000] {dag.py:3239} INFO - Sync 1 DAGs
[2026-04-12T11:27:08.876+0000] {logging_mixin.py:190} INFO - [2026-04-12T11:27:08.876+0000] {dag.py:4180} INFO - Setting next_dagrun for dag_yfinance to 2026-04-12 11:26:00+00:00, run_after=2026-04-12 11:27:00+00:00
[2026-04-12T11:27:08.893+0000] {processor.py:208} INFO - Processing /opt/airflow/dags/DAG1.py took 0.227 seconds
[2026-04-12T11:29:44.501+0000] {processor.py:186} INFO - Started process (PID=8398) to work on /opt/airflow/dags/DAG1.py
[2026-04-12T11:29:44.505+0000] {processor.py:914} INFO - Processing file /opt/airflow/dags/DAG1.py for tasks to queue
[2026-04-12T11:29:44.518+0000] {logging_mixin.py:190} INFO - [2026-04-12T11:29:44.517+0000] {dagbag.py:588} INFO - Filling up the DagBag from /opt/airflow/dags/DAG1.py
[2026-04-12T11:29:44.743+0000] {processor.py:925} INFO - DAG(s) 'dag_yfinance' retrieved from /opt/airflow/dags/DAG1.py
[2026-04-12T11:29:44.770+0000] {logging_mixin.py:190} INFO - [2026-04-12T11:29:44.770+0000] {dag.py:3239} INFO - Sync 1 DAGs
[2026-04-12T11:29:44.793+0000] {logging_mixin.py:190} INFO - [2026-04-12T11:29:44.793+0000] {dag.py:4180} INFO - Setting next_dagrun for dag_yfinance to 2026-04-12 11:28:00+00:00, run_after=2026-04-12 11:29:00+00:00
[2026-04-12T11:29:44.817+0000] {processor.py:208} INFO - Processing /opt/airflow/dags/DAG1.py took 0.346 seconds
[2026-04-12T11:30:14.907+0000] {processor.py:186} INFO - Started process (PID=8699) to work on /opt/airflow/dags/DAG1.py
[2026-04-12T11:30:14.908+0000] {processor.py:914} INFO - Processing file /opt/airflow/dags/DAG1.py for tasks to queue
[2026-04-12T11:30:14.910+0000] {logging_mixin.py:190} INFO - [2026-04-12T11:30:14.909+0000] {dagbag.py:588} INFO - Filling up the DagBag from /opt/airflow/dags/DAG1.py
[2026-04-12T11:30:15.042+0000] {processor.py:925} INFO - DAG(s) 'dag_yfinance' retrieved from /opt/airflow/dags/DAG1.py
[2026-04-12T11:30:15.058+0000] {logging_mixin.py:190} INFO - [2026-04-12T11:30:15.058+0000] {dag.py:3239} INFO - Sync 1 DAGs
[2026-04-12T11:30:15.075+0000] {logging_mixin.py:190} INFO - [2026-04-12T11:30:15.075+0000] {dag.py:4180} INFO - Setting next_dagrun for dag_yfinance to 2026-04-12 11:29:00+00:00, run_after=2026-04-12 11:30:00+00:00
[2026-04-12T11:30:15.090+0000] {processor.py:208} INFO - Processing /opt/airflow/dags/DAG1.py took 0.195 seconds
[2026-04-12T11:30:45.227+0000] {processor.py:186} INFO - Started process (PID=8990) to work on /opt/airflow/dags/DAG1.py
[2026-04-12T11:30:45.229+0000] {processor.py:914} INFO - Processing file /opt/airflow/dags/DAG1.py for tasks to queue
[2026-04-12T11:30:45.235+0000] {logging_mixin.py:190} INFO - [2026-04-12T11:30:45.235+0000] {dagbag.py:588} INFO - Filling up the DagBag from /opt/airflow/dags/DAG1.py
[2026-04-12T11:30:45.435+0000] {processor.py:925} INFO - DAG(s) 'dag_yfinance' retrieved from /opt/airflow/dags/DAG1.py
[2026-04-12T11:30:45.459+0000] {logging_mixin.py:190} INFO - [2026-04-12T11:30:45.458+0000] {dag.py:3239} INFO - Sync 1 DAGs
[2026-04-12T11:30:45.481+0000] {logging_mixin.py:190} INFO - [2026-04-12T11:30:45.481+0000] {dag.py:4180} INFO - Setting next_dagrun for dag_yfinance to 2026-04-12 11:29:00+00:00, run_after=2026-04-12 11:30:00+00:00
[2026-04-12T11:30:45.493+0000] {processor.py:208} INFO - Processing /opt/airflow/dags/DAG1.py took 0.284 seconds
[2026-04-12T11:31:15.566+0000] {processor.py:186} INFO - Started process (PID=9285) to work on /opt/airflow/dags/DAG1.py
[2026-04-12T11:31:15.568+0000] {processor.py:914} INFO - Processing file /opt/airflow/dags/DAG1.py for tasks to queue
[2026-04-12T11:31:15.573+0000] {logging_mixin.py:190} INFO - [2026-04-12T11:31:15.573+0000] {dagbag.py:588} INFO - Filling up the DagBag from /opt/airflow/dags/DAG1.py
[2026-04-12T11:31:15.746+0000] {processor.py:925} INFO - DAG(s) 'dag_yfinance' retrieved from /opt/airflow/dags/DAG1.py
[2026-04-12T11:31:15.763+0000] {logging_mixin.py:190} INFO - [2026-04-12T11:31:15.763+0000] {dag.py:3239} INFO - Sync 1 DAGs
[2026-04-12T11:31:15.784+0000] {logging_mixin.py:190} INFO - [2026-04-12T11:31:15.784+0000] {dag.py:4180} INFO - Setting next_dagrun for dag_yfinance to 2026-04-12 11:30:00+00:00, run_after=2026-04-12 11:31:00+00:00
[2026-04-12T11:31:15.803+0000] {processor.py:208} INFO - Processing /opt/airflow/dags/DAG1.py took 0.252 seconds
[2026-04-12T11:31:46.043+0000] {processor.py:186} INFO - Started process (PID=9591) to work on /opt/airflow/dags/DAG1.py
[2026-04-12T11:31:46.045+0000] {processor.py:914} INFO - Processing file /opt/airflow/dags/DAG1.py for tasks to queue
[2026-04-12T11:31:46.046+0000] {logging_mixin.py:190} INFO - [2026-04-12T11:31:46.046+0000] {dagbag.py:588} INFO - Filling up the DagBag from /opt/airflow/dags/DAG1.py
[2026-04-12T11:31:46.167+0000] {processor.py:925} INFO - DAG(s) 'dag_yfinance' retrieved from /opt/airflow/dags/DAG1.py
[2026-04-12T11:31:46.181+0000] {logging_mixin.py:190} INFO - [2026-04-12T11:31:46.181+0000] {dag.py:3239} INFO - Sync 1 DAGs
[2026-04-12T11:31:46.208+0000] {logging_mixin.py:190} INFO - [2026-04-12T11:31:46.208+0000] {dag.py:4180} INFO - Setting next_dagrun for dag_yfinance to 2026-04-12 11:30:00+00:00, run_after=2026-04-12 11:31:00+00:00
[2026-04-12T11:31:46.223+0000] {processor.py:208} INFO - Processing /opt/airflow/dags/DAG1.py took 0.187 seconds
[2026-04-12T11:32:17.033+0000] {processor.py:186} INFO - Started process (PID=9877) to work on /opt/airflow/dags/DAG1.py
[2026-04-12T11:32:17.034+0000] {processor.py:914} INFO - Processing file /opt/airflow/dags/DAG1.py for tasks to queue
[2026-04-12T11:32:17.038+0000] {logging_mixin.py:190} INFO - [2026-04-12T11:32:17.038+0000] {dagbag.py:588} INFO - Filling up the DagBag from /opt/airflow/dags/DAG1.py
[2026-04-12T11:32:17.238+0000] {processor.py:925} INFO - DAG(s) 'dag_yfinance' retrieved from /opt/airflow/dags/DAG1.py
[2026-04-12T11:32:17.268+0000] {logging_mixin.py:190} INFO - [2026-04-12T11:32:17.268+0000] {dag.py:3239} INFO - Sync 1 DAGs
[2026-04-12T11:32:17.289+0000] {logging_mixin.py:190} INFO - [2026-04-12T11:32:17.289+0000] {dag.py:4180} INFO - Setting next_dagrun for dag_yfinance to 2026-04-12 11:31:00+00:00, run_after=2026-04-12 11:32:00+00:00
[2026-04-12T11:32:17.305+0000] {processor.py:208} INFO - Processing /opt/airflow/dags/DAG1.py took 0.287 seconds
[2026-04-12T11:32:48.202+0000] {processor.py:186} INFO - Started process (PID=10173) to work on /opt/airflow/dags/DAG1.py
[2026-04-12T11:32:48.205+0000] {processor.py:914} INFO - Processing file /opt/airflow/dags/DAG1.py for tasks to queue
[2026-04-12T11:32:48.209+0000] {logging_mixin.py:190} INFO - [2026-04-12T11:32:48.209+0000] {dagbag.py:588} INFO - Filling up the DagBag from /opt/airflow/dags/DAG1.py
[2026-04-12T11:32:48.365+0000] {processor.py:925} INFO - DAG(s) 'dag_yfinance' retrieved from /opt/airflow/dags/DAG1.py
[2026-04-12T11:32:48.388+0000] {logging_mixin.py:190} INFO - [2026-04-12T11:32:48.388+0000] {dag.py:3239} INFO - Sync 1 DAGs
[2026-04-12T11:32:48.411+0000] {logging_mixin.py:190} INFO - [2026-04-12T11:32:48.411+0000] {dag.py:4180} INFO - Setting next_dagrun for dag_yfinance to 2026-04-12 11:31:00+00:00, run_after=2026-04-12 11:32:00+00:00
[2026-04-12T11:32:48.430+0000] {processor.py:208} INFO - Processing /opt/airflow/dags/DAG1.py took 0.239 seconds
[2026-04-12T11:33:19.138+0000] {processor.py:186} INFO - Started process (PID=10469) to work on /opt/airflow/dags/DAG1.py
[2026-04-12T11:33:19.140+0000] {processor.py:914} INFO - Processing file /opt/airflow/dags/DAG1.py for tasks to queue
[2026-04-12T11:33:19.144+0000] {logging_mixin.py:190} INFO - [2026-04-12T11:33:19.144+0000] {dagbag.py:588} INFO - Filling up the DagBag from /opt/airflow/dags/DAG1.py
[2026-04-12T11:33:19.328+0000] {processor.py:925} INFO - DAG(s) 'dag_yfinance' retrieved from /opt/airflow/dags/DAG1.py
[2026-04-12T11:33:19.354+0000] {logging_mixin.py:190} INFO - [2026-04-12T11:33:19.354+0000] {dag.py:3239} INFO - Sync 1 DAGs
[2026-04-12T11:33:19.383+0000] {logging_mixin.py:190} INFO - [2026-04-12T11:33:19.382+0000] {dag.py:4180} INFO - Setting next_dagrun for dag_yfinance to 2026-04-12 11:32:00+00:00, run_after=2026-04-12 11:33:00+00:00
[2026-04-12T11:33:19.402+0000] {processor.py:208} INFO - Processing /opt/airflow/dags/DAG1.py took 0.272 seconds
[2026-04-12T11:33:49.968+0000] {processor.py:186} INFO - Started process (PID=10764) to work on /opt/airflow/dags/DAG1.py
[2026-04-12T11:33:49.969+0000] {processor.py:914} INFO - Processing file /opt/airflow/dags/DAG1.py for tasks to queue
[2026-04-12T11:33:49.973+0000] {logging_mixin.py:190} INFO - [2026-04-12T11:33:49.972+0000] {dagbag.py:588} INFO - Filling up the DagBag from /opt/airflow/dags/DAG1.py
[2026-04-12T11:33:50.133+0000] {processor.py:925} INFO - DAG(s) 'dag_yfinance' retrieved from /opt/airflow/dags/DAG1.py
[2026-04-12T11:33:50.157+0000] {logging_mixin.py:190} INFO - [2026-04-12T11:33:50.157+0000] {dag.py:3239} INFO - Sync 1 DAGs
[2026-04-12T11:33:50.178+0000] {logging_mixin.py:190} INFO - [2026-04-12T11:33:50.178+0000] {dag.py:4180} INFO - Setting next_dagrun for dag_yfinance to 2026-04-12 11:32:00+00:00, run_after=2026-04-12 11:33:00+00:00
[2026-04-12T11:33:50.199+0000] {processor.py:208} INFO - Processing /opt/airflow/dags/DAG1.py took 0.239 seconds
[2026-04-12T11:34:20.925+0000] {processor.py:186} INFO - Started process (PID=11060) to work on /opt/airflow/dags/DAG1.py
[2026-04-12T11:34:20.927+0000] {processor.py:914} INFO - Processing file /opt/airflow/dags/DAG1.py for tasks to queue
[2026-04-12T11:34:20.929+0000] {logging_mixin.py:190} INFO - [2026-04-12T11:34:20.928+0000] {dagbag.py:588} INFO - Filling up the DagBag from /opt/airflow/dags/DAG1.py
[2026-04-12T11:34:21.064+0000] {processor.py:925} INFO - DAG(s) 'dag_yfinance' retrieved from /opt/airflow/dags/DAG1.py
[2026-04-12T11:34:21.083+0000] {logging_mixin.py:190} INFO - [2026-04-12T11:34:21.082+0000] {dag.py:3239} INFO - Sync 1 DAGs
[2026-04-12T11:34:21.321+0000] {logging_mixin.py:190} INFO - [2026-04-12T11:34:21.321+0000] {dag.py:4180} INFO - Setting next_dagrun for dag_yfinance to 2026-04-12 11:33:00+00:00, run_after=2026-04-12 11:34:00+00:00
[2026-04-12T11:34:21.342+0000] {processor.py:208} INFO - Processing /opt/airflow/dags/DAG1.py took 0.423 seconds
[2026-04-12T11:34:51.981+0000] {processor.py:186} INFO - Started process (PID=11356) to work on /opt/airflow/dags/DAG1.py
[2026-04-12T11:34:51.983+0000] {processor.py:914} INFO - Processing file /opt/airflow/dags/DAG1.py for tasks to queue
[2026-04-12T11:34:51.986+0000] {logging_mixin.py:190} INFO - [2026-04-12T11:34:51.985+0000] {dagbag.py:588} INFO - Filling up the DagBag from /opt/airflow/dags/DAG1.py
[2026-04-12T11:34:52.118+0000] {processor.py:925} INFO - DAG(s) 'dag_yfinance' retrieved from /opt/airflow/dags/DAG1.py
[2026-04-12T11:34:52.147+0000] {logging_mixin.py:190} INFO - [2026-04-12T11:34:52.147+0000] {dag.py:3239} INFO - Sync 1 DAGs
[2026-04-12T11:34:52.171+0000] {logging_mixin.py:190} INFO - [2026-04-12T11:34:52.171+0000] {dag.py:4180} INFO - Setting next_dagrun for dag_yfinance to 2026-04-12 11:33:00+00:00, run_after=2026-04-12 11:34:00+00:00
[2026-04-12T11:34:52.187+0000] {processor.py:208} INFO - Processing /opt/airflow/dags/DAG1.py took 0.213 seconds
