[2025-02-19T19:19:01.934+0000] {local_task_job_runner.py:123} INFO - ::group::Pre task execution logs
[2025-02-19T19:19:01.940+0000] {taskinstance.py:2614} INFO - Dependencies all met for dep_context=non-requeueable deps ti=<TaskInstance: dag_yfinance.create_postgres_table scheduled__2025-02-19T19:18:00+00:00 [queued]>
[2025-02-19T19:19:01.944+0000] {taskinstance.py:2614} INFO - Dependencies all met for dep_context=requeueable deps ti=<TaskInstance: dag_yfinance.create_postgres_table scheduled__2025-02-19T19:18:00+00:00 [queued]>
[2025-02-19T19:19:01.944+0000] {taskinstance.py:2867} INFO - Starting attempt 1 of 6
[2025-02-19T19:19:01.948+0000] {taskinstance.py:2890} INFO - Executing <Task(SQLExecuteQueryOperator): create_postgres_table> on 2025-02-19 19:18:00+00:00
[2025-02-19T19:19:01.952+0000] {logging_mixin.py:190} WARNING - /home/***/.local/lib/python3.12/site-packages/***/task/task_runner/standard_task_runner.py:70 DeprecationWarning: This process (pid=16768) is multi-threaded, use of fork() may lead to deadlocks in the child.
[2025-02-19T19:19:01.953+0000] {standard_task_runner.py:72} INFO - Started process 16769 to run task
[2025-02-19T19:19:01.952+0000] {standard_task_runner.py:104} INFO - Running: ['***', 'tasks', 'run', 'dag_yfinance', 'create_postgres_table', 'scheduled__2025-02-19T19:18:00+00:00', '--job-id', '108', '--raw', '--subdir', 'DAGS_FOLDER/DAG1.py', '--cfg-path', '/tmp/tmpn03mj7bo']
[2025-02-19T19:19:01.953+0000] {standard_task_runner.py:105} INFO - Job 108: Subtask create_postgres_table
[2025-02-19T19:19:01.992+0000] {task_command.py:467} INFO - Running <TaskInstance: dag_yfinance.create_postgres_table scheduled__2025-02-19T19:18:00+00:00 [running]> on host 07747019ad3d
[2025-02-19T19:19:02.028+0000] {taskinstance.py:3134} INFO - Exporting env vars: AIRFLOW_CTX_DAG_OWNER='admin' AIRFLOW_CTX_DAG_ID='dag_yfinance' AIRFLOW_CTX_TASK_ID='create_postgres_table' AIRFLOW_CTX_EXECUTION_DATE='2025-02-19T19:18:00+00:00' AIRFLOW_CTX_TRY_NUMBER='1' AIRFLOW_CTX_DAG_RUN_ID='scheduled__2025-02-19T19:18:00+00:00'
[2025-02-19T19:19:02.029+0000] {logging_mixin.py:190} INFO - Task instance is in running state
[2025-02-19T19:19:02.029+0000] {logging_mixin.py:190} INFO -  Previous state of the Task instance: queued
[2025-02-19T19:19:02.029+0000] {logging_mixin.py:190} INFO - Current task name:create_postgres_table state:running start_date:2025-02-19 19:19:01.941116+00:00
[2025-02-19T19:19:02.029+0000] {logging_mixin.py:190} INFO - Dag name:dag_yfinance and current dag run status:running
[2025-02-19T19:19:02.029+0000] {taskinstance.py:732} INFO - ::endgroup::
[2025-02-19T19:19:02.029+0000] {sql.py:295} INFO - Executing: 
            create table if not exists stock_data (
                dt timestamp,
                stock_symbol character varying,
                open_price double precision,
                close_price double precision,
                primary key (dt, stock_symbol)
            )
        
[2025-02-19T19:19:02.032+0000] {base.py:84} INFO - Retrieving connection 'postgres_localhost'
[2025-02-19T19:19:02.036+0000] {base.py:84} INFO - Retrieving connection 'postgres_localhost'
[2025-02-19T19:19:02.040+0000] {sql.py:511} INFO - Running statement: 
            create table if not exists stock_data (
                dt timestamp,
                stock_symbol character varying,
                open_price double precision,
                close_price double precision,
                primary key (dt, stock_symbol)
            )
        , parameters: None
[2025-02-19T19:19:02.041+0000] {logging_mixin.py:190} WARNING - /home/***/.local/lib/python3.12/site-packages/***/providers/common/sql/hooks/sql.py:470 DeprecationWarning: Import of fetch_all_handler from the '***.providers.common.sql.hooks' module is deprecated and will
be removed in the future. Please import it from '***.providers.common.sql.hooks.handlers'.
[2025-02-19T19:19:02.042+0000] {logging_mixin.py:190} WARNING - /home/***/.local/lib/python3.12/site-packages/***/providers/common/sql/hooks/sql.py:471 DeprecationWarning: Import of return_single_query_results from the '***.providers.common.sql.hooks' module is deprecated and will
be removed in the future. Please import it from '***.providers.common.sql.hooks.handlers'.
[2025-02-19T19:19:02.043+0000] {logging_mixin.py:190} WARNING - /home/***/.local/lib/python3.12/site-packages/***/providers/common/sql/hooks/sql.py:486 DeprecationWarning: Import of return_single_query_results from the '***.providers.common.sql.hooks' module is deprecated and will
be removed in the future. Please import it from '***.providers.common.sql.hooks.handlers'.
[2025-02-19T19:19:02.044+0000] {logging_mixin.py:190} WARNING - /home/***/.local/lib/python3.12/site-packages/***/providers/common/sql/operators/sql.py:311 DeprecationWarning: Import of return_single_query_results from the '***.providers.common.sql.hooks' module is deprecated and will
be removed in the future. Please import it from '***.providers.common.sql.hooks.handlers'.
[2025-02-19T19:19:02.047+0000] {taskinstance.py:341} INFO - ::group::Post task execution logs
[2025-02-19T19:19:02.047+0000] {taskinstance.py:353} INFO - Marking task as SUCCESS. dag_id=dag_yfinance, task_id=create_postgres_table, run_id=scheduled__2025-02-19T19:18:00+00:00, execution_date=20250219T191800, start_date=20250219T191901, end_date=20250219T191902
[2025-02-19T19:19:02.054+0000] {logging_mixin.py:190} INFO - Task instance in success state
[2025-02-19T19:19:02.054+0000] {logging_mixin.py:190} INFO -  Previous state of the Task instance: running
[2025-02-19T19:19:02.054+0000] {logging_mixin.py:190} INFO - Dag name:dag_yfinance queued_at:2025-02-19 19:19:00.235815+00:00
[2025-02-19T19:19:02.054+0000] {logging_mixin.py:190} INFO - Task hostname:07747019ad3d operator:SQLExecuteQueryOperator
[2025-02-19T19:19:02.060+0000] {local_task_job_runner.py:266} INFO - Task exited with return code 0
[2025-02-19T19:19:02.071+0000] {taskinstance.py:3901} INFO - 1 downstream tasks scheduled from follow-on schedule check
[2025-02-19T19:19:02.072+0000] {local_task_job_runner.py:245} INFO - ::endgroup::
